INFO  @ Mon, 11 Sep 2023 18:14:49: Parameters: /home/alessandro.vinceti/miniconda3/envs/mageckenv/bin/mageck mle -k /group/iorio/Alessandro/David_Adams_analysis/results/Mel202/Mel202_count_norm.tsv -d /group/iorio/Alessandro/David_Adams_analysis/results/Mel202/design_matrix.tsv -n Mel202 
INFO  @ Mon, 11 Sep 2023 18:14:51: Cannot parse design matrix as a string; try to parse it as a file name ... 
INFO  @ Mon, 11 Sep 2023 18:14:51: Design matrix: 
INFO  @ Mon, 11 Sep 2023 18:14:51: [[1. 0.] 
INFO  @ Mon, 11 Sep 2023 18:14:51:  [1. 1.] 
INFO  @ Mon, 11 Sep 2023 18:14:51:  [1. 1.] 
INFO  @ Mon, 11 Sep 2023 18:14:51:  [1. 1.]] 
INFO  @ Mon, 11 Sep 2023 18:14:51: Beta labels:baseline,Mel202 
INFO  @ Mon, 11 Sep 2023 18:14:51: Included samples:Plasmid,Mel202_c909R1,Mel202_c909R2,Mel202_c909R3 
INFO  @ Mon, 11 Sep 2023 18:14:51: Loaded samples:Plasmid;Mel202_c909R1;Mel202_c909R2;Mel202_c909R3 
INFO  @ Mon, 11 Sep 2023 18:14:51: Sample index: 0;1;2;3 
INFO  @ Mon, 11 Sep 2023 18:14:52: Loaded 18006 genes. 
DEBUG @ Mon, 11 Sep 2023 18:14:52: Initial (total) size factor: 0.9999999999999869 1.0000000000000038 0.9999999999999893 1.0000000000000202 
DEBUG @ Mon, 11 Sep 2023 18:14:52: Median factor: 1.0059031132989387 1.0133929797344172 1.0104164513008527 1.0065004006948999 
INFO  @ Mon, 11 Sep 2023 18:14:52: Final size factor: 1.0059031132989387 1.0133929797344172 1.0104164513008527 1.0065004006948999 
INFO  @ Mon, 11 Sep 2023 18:14:52: size factor: 0.9941315289505578,0.9867840215965112,0.9896909325977006,0.9935415816124743 
INFO  @ Mon, 11 Sep 2023 18:14:52: Thread 0 started. 
INFO  @ Mon, 11 Sep 2023 18:14:52: Thread 0: total 1 instances. 
INFO  @ Mon, 11 Sep 2023 18:14:52: Thread 0 completed. 
INFO  @ Mon, 11 Sep 2023 18:14:52: All threads completed. 
INFO  @ Mon, 11 Sep 2023 18:14:52: Modeling the mean and variance ... 
INFO  @ Mon, 11 Sep 2023 18:14:52: Run the algorithm for the second time ... 
INFO  @ Mon, 11 Sep 2023 18:14:53: Thread 0 started. 
INFO  @ Mon, 11 Sep 2023 18:14:53: Thread 0: total 18006 instances. 
INFO  @ Mon, 11 Sep 2023 18:14:53: Thread 0: Calculating A1CF (1) ...  
INFO  @ Mon, 11 Sep 2023 18:14:55: Thread 0: Calculating ARNT2 (1001) ...  
INFO  @ Mon, 11 Sep 2023 18:14:58: Thread 0: Calculating C2orf44 (2001) ...  
INFO  @ Mon, 11 Sep 2023 18:15:01: Thread 0: Calculating CERS6 (3001) ...  
INFO  @ Mon, 11 Sep 2023 18:15:04: Thread 0: Calculating DBH (4001) ...  
INFO  @ Mon, 11 Sep 2023 18:15:07: Thread 0: Calculating ERCC6L2 (5001) ...  
INFO  @ Mon, 11 Sep 2023 18:15:10: Thread 0: Calculating GANC (6001) ...  
INFO  @ Mon, 11 Sep 2023 18:15:12: Thread 0: Calculating HMBS (7001) ...  
INFO  @ Mon, 11 Sep 2023 18:15:15: Thread 0: Calculating KIAA1147 (8001) ...  
INFO  @ Mon, 11 Sep 2023 18:15:18: Thread 0: Calculating MAGOH (9001) ...  
INFO  @ Mon, 11 Sep 2023 18:15:21: Thread 0: Calculating NANOS3 (10001) ...  
INFO  @ Mon, 11 Sep 2023 18:15:24: Thread 0: Calculating PAXIP1 (11001) ...  
INFO  @ Mon, 11 Sep 2023 18:15:27: Thread 0: Calculating PRG4 (12001) ...  
INFO  @ Mon, 11 Sep 2023 18:15:29: Thread 0: Calculating RNF151 (13001) ...  
INFO  @ Mon, 11 Sep 2023 18:15:32: Thread 0: Calculating SLC25A11 (14001) ...  
INFO  @ Mon, 11 Sep 2023 18:15:35: Thread 0: Calculating SUMO4 (15001) ...  
INFO  @ Mon, 11 Sep 2023 18:15:38: Thread 0: Calculating TNKS2 (16001) ...  
INFO  @ Mon, 11 Sep 2023 18:15:41: Thread 0: Calculating WDHD1 (17001) ...  
INFO  @ Mon, 11 Sep 2023 18:15:44: Thread 0: Calculating ZYG11A (18001) ...  
INFO  @ Mon, 11 Sep 2023 18:15:44: Thread 0 completed. 
INFO  @ Mon, 11 Sep 2023 18:15:44: All threads completed. 
INFO  @ Mon, 11 Sep 2023 18:15:46: Permuting groups of gene with 1 sgRNAs per gene. Group progress: 1/22 
INFO  @ Mon, 11 Sep 2023 18:15:46: Start permuting 2 rounds ... 
INFO  @ Mon, 11 Sep 2023 18:15:47: Collecting 90025 sgRNAs from 18006 genes. 
INFO  @ Mon, 11 Sep 2023 18:15:48: Permuting round 0 ... 
INFO  @ Mon, 11 Sep 2023 18:15:48: Thread 0 started. 
INFO  @ Mon, 11 Sep 2023 18:15:48: Thread 0: total 18006 instances. 
INFO  @ Mon, 11 Sep 2023 18:15:48: Thread 0: Calculating A1CF (1) ...  
INFO  @ Mon, 11 Sep 2023 18:15:50: Thread 0: Calculating ARNT2 (1001) ...  
INFO  @ Mon, 11 Sep 2023 18:15:52: Thread 0: Calculating C2orf44 (2001) ...  
INFO  @ Mon, 11 Sep 2023 18:15:53: Thread 0: Calculating CERS6 (3001) ...  
INFO  @ Mon, 11 Sep 2023 18:15:55: Thread 0: Calculating DBH (4001) ...  
INFO  @ Mon, 11 Sep 2023 18:15:57: Thread 0: Calculating ERCC6L2 (5001) ...  
INFO  @ Mon, 11 Sep 2023 18:15:59: Thread 0: Calculating GANC (6001) ...  
INFO  @ Mon, 11 Sep 2023 18:16:01: Thread 0: Calculating HMBS (7001) ...  
INFO  @ Mon, 11 Sep 2023 18:16:03: Thread 0: Calculating KIAA1147 (8001) ...  
INFO  @ Mon, 11 Sep 2023 18:16:04: Thread 0: Calculating MAGOH (9001) ...  
INFO  @ Mon, 11 Sep 2023 18:16:06: Thread 0: Calculating NANOS3 (10001) ...  
INFO  @ Mon, 11 Sep 2023 18:16:08: Thread 0: Calculating PAXIP1 (11001) ...  
INFO  @ Mon, 11 Sep 2023 18:16:10: Thread 0: Calculating PRG4 (12001) ...  
INFO  @ Mon, 11 Sep 2023 18:16:12: Thread 0: Calculating RNF151 (13001) ...  
INFO  @ Mon, 11 Sep 2023 18:16:14: Thread 0: Calculating SLC25A11 (14001) ...  
INFO  @ Mon, 11 Sep 2023 18:16:15: Thread 0: Calculating SUMO4 (15001) ...  
INFO  @ Mon, 11 Sep 2023 18:16:17: Thread 0: Calculating TNKS2 (16001) ...  
INFO  @ Mon, 11 Sep 2023 18:16:19: Thread 0: Calculating WDHD1 (17001) ...  
INFO  @ Mon, 11 Sep 2023 18:16:21: Thread 0: Calculating ZYG11A (18001) ...  
INFO  @ Mon, 11 Sep 2023 18:16:21: Thread 0 completed. 
INFO  @ Mon, 11 Sep 2023 18:16:21: All threads completed. 
INFO  @ Mon, 11 Sep 2023 18:16:24: Permuting round 1 ... 
INFO  @ Mon, 11 Sep 2023 18:16:24: Thread 0 started. 
INFO  @ Mon, 11 Sep 2023 18:16:24: Thread 0: total 18006 instances. 
INFO  @ Mon, 11 Sep 2023 18:16:24: Thread 0: Calculating A1CF (1) ...  
INFO  @ Mon, 11 Sep 2023 18:16:26: Thread 0: Calculating ARNT2 (1001) ...  
INFO  @ Mon, 11 Sep 2023 18:16:28: Thread 0: Calculating C2orf44 (2001) ...  
INFO  @ Mon, 11 Sep 2023 18:16:30: Thread 0: Calculating CERS6 (3001) ...  
INFO  @ Mon, 11 Sep 2023 18:16:32: Thread 0: Calculating DBH (4001) ...  
INFO  @ Mon, 11 Sep 2023 18:16:34: Thread 0: Calculating ERCC6L2 (5001) ...  
INFO  @ Mon, 11 Sep 2023 18:16:36: Thread 0: Calculating GANC (6001) ...  
INFO  @ Mon, 11 Sep 2023 18:16:38: Thread 0: Calculating HMBS (7001) ...  
INFO  @ Mon, 11 Sep 2023 18:16:40: Thread 0: Calculating KIAA1147 (8001) ...  
INFO  @ Mon, 11 Sep 2023 18:16:41: Thread 0: Calculating MAGOH (9001) ...  
INFO  @ Mon, 11 Sep 2023 18:16:43: Thread 0: Calculating NANOS3 (10001) ...  
INFO  @ Mon, 11 Sep 2023 18:16:45: Thread 0: Calculating PAXIP1 (11001) ...  
INFO  @ Mon, 11 Sep 2023 18:16:47: Thread 0: Calculating PRG4 (12001) ...  
INFO  @ Mon, 11 Sep 2023 18:16:49: Thread 0: Calculating RNF151 (13001) ...  
INFO  @ Mon, 11 Sep 2023 18:16:51: Thread 0: Calculating SLC25A11 (14001) ...  
INFO  @ Mon, 11 Sep 2023 18:16:53: Thread 0: Calculating SUMO4 (15001) ...  
INFO  @ Mon, 11 Sep 2023 18:16:54: Thread 0: Calculating TNKS2 (16001) ...  
INFO  @ Mon, 11 Sep 2023 18:16:57: Thread 0: Calculating WDHD1 (17001) ...  
INFO  @ Mon, 11 Sep 2023 18:16:58: Thread 0: Calculating ZYG11A (18001) ...  
INFO  @ Mon, 11 Sep 2023 18:16:58: Thread 0 completed. 
INFO  @ Mon, 11 Sep 2023 18:16:58: All threads completed. 
INFO  @ Mon, 11 Sep 2023 18:17:02: Assigning p values... 
INFO  @ Mon, 11 Sep 2023 18:17:02: Permuting groups of gene with 2 sgRNAs per gene. Group progress: 2/22 
INFO  @ Mon, 11 Sep 2023 18:17:02: Start permuting 2 rounds ... 
INFO  @ Mon, 11 Sep 2023 18:17:02: Collecting 90025 sgRNAs from 18006 genes. 
INFO  @ Mon, 11 Sep 2023 18:17:03: Permuting round 0 ... 
INFO  @ Mon, 11 Sep 2023 18:17:03: Thread 0 started. 
INFO  @ Mon, 11 Sep 2023 18:17:03: Thread 0: total 18006 instances. 
INFO  @ Mon, 11 Sep 2023 18:17:03: Thread 0: Calculating A1CF (1) ...  
INFO  @ Mon, 11 Sep 2023 18:17:06: Thread 0: Calculating ARNT2 (1001) ...  
INFO  @ Mon, 11 Sep 2023 18:17:08: Thread 0: Calculating C2orf44 (2001) ...  
INFO  @ Mon, 11 Sep 2023 18:17:11: Thread 0: Calculating CERS6 (3001) ...  
INFO  @ Mon, 11 Sep 2023 18:17:13: Thread 0: Calculating DBH (4001) ...  
INFO  @ Mon, 11 Sep 2023 18:17:16: Thread 0: Calculating ERCC6L2 (5001) ...  
INFO  @ Mon, 11 Sep 2023 18:17:18: Thread 0: Calculating GANC (6001) ...  
INFO  @ Mon, 11 Sep 2023 18:17:21: Thread 0: Calculating HMBS (7001) ...  
INFO  @ Mon, 11 Sep 2023 18:17:23: Thread 0: Calculating KIAA1147 (8001) ...  
INFO  @ Mon, 11 Sep 2023 18:17:26: Thread 0: Calculating MAGOH (9001) ...  
INFO  @ Mon, 11 Sep 2023 18:17:28: Thread 0: Calculating NANOS3 (10001) ...  
INFO  @ Mon, 11 Sep 2023 18:17:31: Thread 0: Calculating PAXIP1 (11001) ...  
INFO  @ Mon, 11 Sep 2023 18:17:33: Thread 0: Calculating PRG4 (12001) ...  
INFO  @ Mon, 11 Sep 2023 18:17:36: Thread 0: Calculating RNF151 (13001) ...  
INFO  @ Mon, 11 Sep 2023 18:17:38: Thread 0: Calculating SLC25A11 (14001) ...  
INFO  @ Mon, 11 Sep 2023 18:17:41: Thread 0: Calculating SUMO4 (15001) ...  
INFO  @ Mon, 11 Sep 2023 18:17:43: Thread 0: Calculating TNKS2 (16001) ...  
INFO  @ Mon, 11 Sep 2023 18:17:46: Thread 0: Calculating WDHD1 (17001) ...  
INFO  @ Mon, 11 Sep 2023 18:17:49: Thread 0: Calculating ZYG11A (18001) ...  
INFO  @ Mon, 11 Sep 2023 18:17:49: Thread 0 completed. 
INFO  @ Mon, 11 Sep 2023 18:17:49: All threads completed. 
INFO  @ Mon, 11 Sep 2023 18:17:52: Permuting round 1 ... 
INFO  @ Mon, 11 Sep 2023 18:17:52: Thread 0 started. 
INFO  @ Mon, 11 Sep 2023 18:17:52: Thread 0: total 18006 instances. 
INFO  @ Mon, 11 Sep 2023 18:17:52: Thread 0: Calculating A1CF (1) ...  
INFO  @ Mon, 11 Sep 2023 18:17:54: Thread 0: Calculating ARNT2 (1001) ...  
INFO  @ Mon, 11 Sep 2023 18:17:57: Thread 0: Calculating C2orf44 (2001) ...  
INFO  @ Mon, 11 Sep 2023 18:18:00: Thread 0: Calculating CERS6 (3001) ...  
INFO  @ Mon, 11 Sep 2023 18:18:02: Thread 0: Calculating DBH (4001) ...  
INFO  @ Mon, 11 Sep 2023 18:18:05: Thread 0: Calculating ERCC6L2 (5001) ...  
INFO  @ Mon, 11 Sep 2023 18:18:07: Thread 0: Calculating GANC (6001) ...  
INFO  @ Mon, 11 Sep 2023 18:18:10: Thread 0: Calculating HMBS (7001) ...  
INFO  @ Mon, 11 Sep 2023 18:18:12: Thread 0: Calculating KIAA1147 (8001) ...  
INFO  @ Mon, 11 Sep 2023 18:18:15: Thread 0: Calculating MAGOH (9001) ...  
INFO  @ Mon, 11 Sep 2023 18:18:17: Thread 0: Calculating NANOS3 (10001) ...  
INFO  @ Mon, 11 Sep 2023 18:18:20: Thread 0: Calculating PAXIP1 (11001) ...  
INFO  @ Mon, 11 Sep 2023 18:18:23: Thread 0: Calculating PRG4 (12001) ...  
INFO  @ Mon, 11 Sep 2023 18:18:25: Thread 0: Calculating RNF151 (13001) ...  
INFO  @ Mon, 11 Sep 2023 18:18:28: Thread 0: Calculating SLC25A11 (14001) ...  
INFO  @ Mon, 11 Sep 2023 18:18:30: Thread 0: Calculating SUMO4 (15001) ...  
INFO  @ Mon, 11 Sep 2023 18:18:33: Thread 0: Calculating TNKS2 (16001) ...  
INFO  @ Mon, 11 Sep 2023 18:18:35: Thread 0: Calculating WDHD1 (17001) ...  
INFO  @ Mon, 11 Sep 2023 18:18:38: Thread 0: Calculating ZYG11A (18001) ...  
INFO  @ Mon, 11 Sep 2023 18:18:38: Thread 0 completed. 
INFO  @ Mon, 11 Sep 2023 18:18:38: All threads completed. 
INFO  @ Mon, 11 Sep 2023 18:18:41: Assigning p values... 
INFO  @ Mon, 11 Sep 2023 18:18:41: Permuting groups of gene with 3 sgRNAs per gene. Group progress: 3/22 
INFO  @ Mon, 11 Sep 2023 18:18:41: Start permuting 2 rounds ... 
INFO  @ Mon, 11 Sep 2023 18:18:41: Collecting 90025 sgRNAs from 18006 genes. 
INFO  @ Mon, 11 Sep 2023 18:18:42: Permuting round 0 ... 
INFO  @ Mon, 11 Sep 2023 18:18:43: Thread 0 started. 
INFO  @ Mon, 11 Sep 2023 18:18:43: Thread 0: total 18006 instances. 
INFO  @ Mon, 11 Sep 2023 18:18:43: Thread 0: Calculating A1CF (1) ...  
INFO  @ Mon, 11 Sep 2023 18:18:45: Thread 0: Calculating ARNT2 (1001) ...  
INFO  @ Mon, 11 Sep 2023 18:18:48: Thread 0: Calculating C2orf44 (2001) ...  
INFO  @ Mon, 11 Sep 2023 18:18:51: Thread 0: Calculating CERS6 (3001) ...  
INFO  @ Mon, 11 Sep 2023 18:18:54: Thread 0: Calculating DBH (4001) ...  
INFO  @ Mon, 11 Sep 2023 18:18:57: Thread 0: Calculating ERCC6L2 (5001) ...  
INFO  @ Mon, 11 Sep 2023 18:18:59: Thread 0: Calculating GANC (6001) ...  
INFO  @ Mon, 11 Sep 2023 18:19:02: Thread 0: Calculating HMBS (7001) ...  
INFO  @ Mon, 11 Sep 2023 18:19:05: Thread 0: Calculating KIAA1147 (8001) ...  
INFO  @ Mon, 11 Sep 2023 18:19:08: Thread 0: Calculating MAGOH (9001) ...  
INFO  @ Mon, 11 Sep 2023 18:19:11: Thread 0: Calculating NANOS3 (10001) ...  
INFO  @ Mon, 11 Sep 2023 18:19:14: Thread 0: Calculating PAXIP1 (11001) ...  
INFO  @ Mon, 11 Sep 2023 18:19:16: Thread 0: Calculating PRG4 (12001) ...  
INFO  @ Mon, 11 Sep 2023 18:19:19: Thread 0: Calculating RNF151 (13001) ...  
INFO  @ Mon, 11 Sep 2023 18:19:22: Thread 0: Calculating SLC25A11 (14001) ...  
INFO  @ Mon, 11 Sep 2023 18:19:25: Thread 0: Calculating SUMO4 (15001) ...  
INFO  @ Mon, 11 Sep 2023 18:19:27: Thread 0: Calculating TNKS2 (16001) ...  
INFO  @ Mon, 11 Sep 2023 18:19:30: Thread 0: Calculating WDHD1 (17001) ...  
INFO  @ Mon, 11 Sep 2023 18:19:33: Thread 0: Calculating ZYG11A (18001) ...  
INFO  @ Mon, 11 Sep 2023 18:19:33: Thread 0 completed. 
INFO  @ Mon, 11 Sep 2023 18:19:33: All threads completed. 
INFO  @ Mon, 11 Sep 2023 18:19:36: Permuting round 1 ... 
INFO  @ Mon, 11 Sep 2023 18:19:36: Thread 0 started. 
INFO  @ Mon, 11 Sep 2023 18:19:36: Thread 0: total 18006 instances. 
INFO  @ Mon, 11 Sep 2023 18:19:36: Thread 0: Calculating A1CF (1) ...  
INFO  @ Mon, 11 Sep 2023 18:19:39: Thread 0: Calculating ARNT2 (1001) ...  
INFO  @ Mon, 11 Sep 2023 18:19:42: Thread 0: Calculating C2orf44 (2001) ...  
INFO  @ Mon, 11 Sep 2023 18:19:45: Thread 0: Calculating CERS6 (3001) ...  
INFO  @ Mon, 11 Sep 2023 18:19:48: Thread 0: Calculating DBH (4001) ...  
INFO  @ Mon, 11 Sep 2023 18:19:50: Thread 0: Calculating ERCC6L2 (5001) ...  
INFO  @ Mon, 11 Sep 2023 18:19:53: Thread 0: Calculating GANC (6001) ...  
INFO  @ Mon, 11 Sep 2023 18:19:56: Thread 0: Calculating HMBS (7001) ...  
INFO  @ Mon, 11 Sep 2023 18:19:59: Thread 0: Calculating KIAA1147 (8001) ...  
INFO  @ Mon, 11 Sep 2023 18:20:02: Thread 0: Calculating MAGOH (9001) ...  
INFO  @ Mon, 11 Sep 2023 18:20:05: Thread 0: Calculating NANOS3 (10001) ...  
INFO  @ Mon, 11 Sep 2023 18:20:08: Thread 0: Calculating PAXIP1 (11001) ...  
INFO  @ Mon, 11 Sep 2023 18:20:10: Thread 0: Calculating PRG4 (12001) ...  
INFO  @ Mon, 11 Sep 2023 18:20:13: Thread 0: Calculating RNF151 (13001) ...  
INFO  @ Mon, 11 Sep 2023 18:20:16: Thread 0: Calculating SLC25A11 (14001) ...  
INFO  @ Mon, 11 Sep 2023 18:20:19: Thread 0: Calculating SUMO4 (15001) ...  
INFO  @ Mon, 11 Sep 2023 18:20:21: Thread 0: Calculating TNKS2 (16001) ...  
INFO  @ Mon, 11 Sep 2023 18:20:24: Thread 0: Calculating WDHD1 (17001) ...  
INFO  @ Mon, 11 Sep 2023 18:20:27: Thread 0: Calculating ZYG11A (18001) ...  
INFO  @ Mon, 11 Sep 2023 18:20:27: Thread 0 completed. 
INFO  @ Mon, 11 Sep 2023 18:20:27: All threads completed. 
INFO  @ Mon, 11 Sep 2023 18:20:30: Assigning p values... 
INFO  @ Mon, 11 Sep 2023 18:20:30: Permuting groups of gene with 4 sgRNAs per gene. Group progress: 4/22 
INFO  @ Mon, 11 Sep 2023 18:20:30: Start permuting 2 rounds ... 
INFO  @ Mon, 11 Sep 2023 18:20:31: Collecting 90025 sgRNAs from 18006 genes. 
INFO  @ Mon, 11 Sep 2023 18:20:32: Permuting round 0 ... 
INFO  @ Mon, 11 Sep 2023 18:20:32: Thread 0 started. 
INFO  @ Mon, 11 Sep 2023 18:20:32: Thread 0: total 18006 instances. 
INFO  @ Mon, 11 Sep 2023 18:20:32: Thread 0: Calculating A1CF (1) ...  
INFO  @ Mon, 11 Sep 2023 18:20:35: Thread 0: Calculating ARNT2 (1001) ...  
INFO  @ Mon, 11 Sep 2023 18:20:38: Thread 0: Calculating C2orf44 (2001) ...  
INFO  @ Mon, 11 Sep 2023 18:20:41: Thread 0: Calculating CERS6 (3001) ...  
INFO  @ Mon, 11 Sep 2023 18:20:44: Thread 0: Calculating DBH (4001) ...  
INFO  @ Mon, 11 Sep 2023 18:20:47: Thread 0: Calculating ERCC6L2 (5001) ...  
INFO  @ Mon, 11 Sep 2023 18:20:50: Thread 0: Calculating GANC (6001) ...  
INFO  @ Mon, 11 Sep 2023 18:20:53: Thread 0: Calculating HMBS (7001) ...  
INFO  @ Mon, 11 Sep 2023 18:20:55: Thread 0: Calculating KIAA1147 (8001) ...  
INFO  @ Mon, 11 Sep 2023 18:20:58: Thread 0: Calculating MAGOH (9001) ...  
INFO  @ Mon, 11 Sep 2023 18:21:01: Thread 0: Calculating NANOS3 (10001) ...  
INFO  @ Mon, 11 Sep 2023 18:21:04: Thread 0: Calculating PAXIP1 (11001) ...  
INFO  @ Mon, 11 Sep 2023 18:21:07: Thread 0: Calculating PRG4 (12001) ...  
INFO  @ Mon, 11 Sep 2023 18:21:10: Thread 0: Calculating RNF151 (13001) ...  
INFO  @ Mon, 11 Sep 2023 18:21:13: Thread 0: Calculating SLC25A11 (14001) ...  
INFO  @ Mon, 11 Sep 2023 18:21:16: Thread 0: Calculating SUMO4 (15001) ...  
INFO  @ Mon, 11 Sep 2023 18:21:19: Thread 0: Calculating TNKS2 (16001) ...  
INFO  @ Mon, 11 Sep 2023 18:21:22: Thread 0: Calculating WDHD1 (17001) ...  
INFO  @ Mon, 11 Sep 2023 18:21:25: Thread 0: Calculating ZYG11A (18001) ...  
INFO  @ Mon, 11 Sep 2023 18:21:25: Thread 0 completed. 
INFO  @ Mon, 11 Sep 2023 18:21:25: All threads completed. 
INFO  @ Mon, 11 Sep 2023 18:21:28: Permuting round 1 ... 
INFO  @ Mon, 11 Sep 2023 18:21:28: Thread 0 started. 
INFO  @ Mon, 11 Sep 2023 18:21:28: Thread 0: total 18006 instances. 
INFO  @ Mon, 11 Sep 2023 18:21:28: Thread 0: Calculating A1CF (1) ...  
INFO  @ Mon, 11 Sep 2023 18:21:31: Thread 0: Calculating ARNT2 (1001) ...  
INFO  @ Mon, 11 Sep 2023 18:21:34: Thread 0: Calculating C2orf44 (2001) ...  
INFO  @ Mon, 11 Sep 2023 18:21:37: Thread 0: Calculating CERS6 (3001) ...  
INFO  @ Mon, 11 Sep 2023 18:21:40: Thread 0: Calculating DBH (4001) ...  
INFO  @ Mon, 11 Sep 2023 18:21:43: Thread 0: Calculating ERCC6L2 (5001) ...  
INFO  @ Mon, 11 Sep 2023 18:21:46: Thread 0: Calculating GANC (6001) ...  
INFO  @ Mon, 11 Sep 2023 18:21:49: Thread 0: Calculating HMBS (7001) ...  
INFO  @ Mon, 11 Sep 2023 18:21:52: Thread 0: Calculating KIAA1147 (8001) ...  
INFO  @ Mon, 11 Sep 2023 18:21:55: Thread 0: Calculating MAGOH (9001) ...  
INFO  @ Mon, 11 Sep 2023 18:21:58: Thread 0: Calculating NANOS3 (10001) ...  
INFO  @ Mon, 11 Sep 2023 18:22:01: Thread 0: Calculating PAXIP1 (11001) ...  
INFO  @ Mon, 11 Sep 2023 18:22:04: Thread 0: Calculating PRG4 (12001) ...  
INFO  @ Mon, 11 Sep 2023 18:22:07: Thread 0: Calculating RNF151 (13001) ...  
INFO  @ Mon, 11 Sep 2023 18:22:10: Thread 0: Calculating SLC25A11 (14001) ...  
INFO  @ Mon, 11 Sep 2023 18:22:13: Thread 0: Calculating SUMO4 (15001) ...  
INFO  @ Mon, 11 Sep 2023 18:22:16: Thread 0: Calculating TNKS2 (16001) ...  
INFO  @ Mon, 11 Sep 2023 18:22:19: Thread 0: Calculating WDHD1 (17001) ...  
INFO  @ Mon, 11 Sep 2023 18:22:22: Thread 0: Calculating ZYG11A (18001) ...  
INFO  @ Mon, 11 Sep 2023 18:22:22: Thread 0 completed. 
INFO  @ Mon, 11 Sep 2023 18:22:22: All threads completed. 
INFO  @ Mon, 11 Sep 2023 18:22:25: Assigning p values... 
INFO  @ Mon, 11 Sep 2023 18:22:26: Permuting groups of gene with 5 sgRNAs per gene. Group progress: 5/22 
INFO  @ Mon, 11 Sep 2023 18:22:26: Start permuting 2 rounds ... 
INFO  @ Mon, 11 Sep 2023 18:22:26: Collecting 90025 sgRNAs from 18006 genes. 
INFO  @ Mon, 11 Sep 2023 18:22:27: Permuting round 0 ... 
INFO  @ Mon, 11 Sep 2023 18:22:27: Thread 0 started. 
INFO  @ Mon, 11 Sep 2023 18:22:27: Thread 0: total 18006 instances. 
INFO  @ Mon, 11 Sep 2023 18:22:27: Thread 0: Calculating A1CF (1) ...  
INFO  @ Mon, 11 Sep 2023 18:22:30: Thread 0: Calculating ARNT2 (1001) ...  
INFO  @ Mon, 11 Sep 2023 18:22:34: Thread 0: Calculating C2orf44 (2001) ...  
INFO  @ Mon, 11 Sep 2023 18:22:37: Thread 0: Calculating CERS6 (3001) ...  
INFO  @ Mon, 11 Sep 2023 18:22:40: Thread 0: Calculating DBH (4001) ...  
INFO  @ Mon, 11 Sep 2023 18:22:43: Thread 0: Calculating ERCC6L2 (5001) ...  
INFO  @ Mon, 11 Sep 2023 18:22:46: Thread 0: Calculating GANC (6001) ...  
INFO  @ Mon, 11 Sep 2023 18:22:49: Thread 0: Calculating HMBS (7001) ...  
INFO  @ Mon, 11 Sep 2023 18:22:52: Thread 0: Calculating KIAA1147 (8001) ...  
INFO  @ Mon, 11 Sep 2023 18:22:55: Thread 0: Calculating MAGOH (9001) ...  
INFO  @ Mon, 11 Sep 2023 18:22:58: Thread 0: Calculating NANOS3 (10001) ...  
INFO  @ Mon, 11 Sep 2023 18:23:01: Thread 0: Calculating PAXIP1 (11001) ...  
INFO  @ Mon, 11 Sep 2023 18:23:05: Thread 0: Calculating PRG4 (12001) ...  
INFO  @ Mon, 11 Sep 2023 18:23:08: Thread 0: Calculating RNF151 (13001) ...  
INFO  @ Mon, 11 Sep 2023 18:23:11: Thread 0: Calculating SLC25A11 (14001) ...  
INFO  @ Mon, 11 Sep 2023 18:23:14: Thread 0: Calculating SUMO4 (15001) ...  
INFO  @ Mon, 11 Sep 2023 18:23:17: Thread 0: Calculating TNKS2 (16001) ...  
INFO  @ Mon, 11 Sep 2023 18:23:20: Thread 0: Calculating WDHD1 (17001) ...  
INFO  @ Mon, 11 Sep 2023 18:23:23: Thread 0: Calculating ZYG11A (18001) ...  
INFO  @ Mon, 11 Sep 2023 18:23:23: Thread 0 completed. 
INFO  @ Mon, 11 Sep 2023 18:23:23: All threads completed. 
INFO  @ Mon, 11 Sep 2023 18:23:26: Permuting round 1 ... 
INFO  @ Mon, 11 Sep 2023 18:23:27: Thread 0 started. 
INFO  @ Mon, 11 Sep 2023 18:23:27: Thread 0: total 18006 instances. 
INFO  @ Mon, 11 Sep 2023 18:23:27: Thread 0: Calculating A1CF (1) ...  
INFO  @ Mon, 11 Sep 2023 18:23:30: Thread 0: Calculating ARNT2 (1001) ...  
INFO  @ Mon, 11 Sep 2023 18:23:33: Thread 0: Calculating C2orf44 (2001) ...  
INFO  @ Mon, 11 Sep 2023 18:23:36: Thread 0: Calculating CERS6 (3001) ...  
INFO  @ Mon, 11 Sep 2023 18:23:39: Thread 0: Calculating DBH (4001) ...  
INFO  @ Mon, 11 Sep 2023 18:23:42: Thread 0: Calculating ERCC6L2 (5001) ...  
INFO  @ Mon, 11 Sep 2023 18:23:46: Thread 0: Calculating GANC (6001) ...  
INFO  @ Mon, 11 Sep 2023 18:23:49: Thread 0: Calculating HMBS (7001) ...  
INFO  @ Mon, 11 Sep 2023 18:23:52: Thread 0: Calculating KIAA1147 (8001) ...  
INFO  @ Mon, 11 Sep 2023 18:23:55: Thread 0: Calculating MAGOH (9001) ...  
INFO  @ Mon, 11 Sep 2023 18:23:58: Thread 0: Calculating NANOS3 (10001) ...  
INFO  @ Mon, 11 Sep 2023 18:24:01: Thread 0: Calculating PAXIP1 (11001) ...  
INFO  @ Mon, 11 Sep 2023 18:24:05: Thread 0: Calculating PRG4 (12001) ...  
INFO  @ Mon, 11 Sep 2023 18:24:08: Thread 0: Calculating RNF151 (13001) ...  
INFO  @ Mon, 11 Sep 2023 18:24:11: Thread 0: Calculating SLC25A11 (14001) ...  
INFO  @ Mon, 11 Sep 2023 18:24:14: Thread 0: Calculating SUMO4 (15001) ...  
INFO  @ Mon, 11 Sep 2023 18:24:17: Thread 0: Calculating TNKS2 (16001) ...  
INFO  @ Mon, 11 Sep 2023 18:24:21: Thread 0: Calculating WDHD1 (17001) ...  
INFO  @ Mon, 11 Sep 2023 18:24:24: Thread 0: Calculating ZYG11A (18001) ...  
INFO  @ Mon, 11 Sep 2023 18:24:24: Thread 0 completed. 
INFO  @ Mon, 11 Sep 2023 18:24:24: All threads completed. 
INFO  @ Mon, 11 Sep 2023 18:24:27: Assigning p values... 
INFO  @ Mon, 11 Sep 2023 18:24:28: Permuting groups of gene with 6 sgRNAs per gene. Group progress: 6/22 
INFO  @ Mon, 11 Sep 2023 18:24:28: Start permuting 2 rounds ... 
INFO  @ Mon, 11 Sep 2023 18:24:28: Collecting 90025 sgRNAs from 18006 genes. 
INFO  @ Mon, 11 Sep 2023 18:24:30: Permuting round 0 ... 
INFO  @ Mon, 11 Sep 2023 18:24:30: Thread 0 started. 
INFO  @ Mon, 11 Sep 2023 18:24:30: Thread 0: total 18006 instances. 
INFO  @ Mon, 11 Sep 2023 18:24:30: Thread 0: Calculating A1CF (1) ...  
INFO  @ Mon, 11 Sep 2023 18:24:33: Thread 0: Calculating ARNT2 (1001) ...  
INFO  @ Mon, 11 Sep 2023 18:24:36: Thread 0: Calculating C2orf44 (2001) ...  
INFO  @ Mon, 11 Sep 2023 18:24:40: Thread 0: Calculating CERS6 (3001) ...  
INFO  @ Mon, 11 Sep 2023 18:24:43: Thread 0: Calculating DBH (4001) ...  
INFO  @ Mon, 11 Sep 2023 18:24:46: Thread 0: Calculating ERCC6L2 (5001) ...  
INFO  @ Mon, 11 Sep 2023 18:24:49: Thread 0: Calculating GANC (6001) ...  
INFO  @ Mon, 11 Sep 2023 18:24:53: Thread 0: Calculating HMBS (7001) ...  
INFO  @ Mon, 11 Sep 2023 18:24:56: Thread 0: Calculating KIAA1147 (8001) ...  
INFO  @ Mon, 11 Sep 2023 18:24:59: Thread 0: Calculating MAGOH (9001) ...  
INFO  @ Mon, 11 Sep 2023 18:25:02: Thread 0: Calculating NANOS3 (10001) ...  
INFO  @ Mon, 11 Sep 2023 18:25:06: Thread 0: Calculating PAXIP1 (11001) ...  
INFO  @ Mon, 11 Sep 2023 18:25:09: Thread 0: Calculating PRG4 (12001) ...  
INFO  @ Mon, 11 Sep 2023 18:25:12: Thread 0: Calculating RNF151 (13001) ...  
INFO  @ Mon, 11 Sep 2023 18:25:16: Thread 0: Calculating SLC25A11 (14001) ...  
INFO  @ Mon, 11 Sep 2023 18:25:19: Thread 0: Calculating SUMO4 (15001) ...  
INFO  @ Mon, 11 Sep 2023 18:25:22: Thread 0: Calculating TNKS2 (16001) ...  
INFO  @ Mon, 11 Sep 2023 18:25:26: Thread 0: Calculating WDHD1 (17001) ...  
INFO  @ Mon, 11 Sep 2023 18:25:29: Thread 0: Calculating ZYG11A (18001) ...  
INFO  @ Mon, 11 Sep 2023 18:25:29: Thread 0 completed. 
INFO  @ Mon, 11 Sep 2023 18:25:29: All threads completed. 
INFO  @ Mon, 11 Sep 2023 18:25:32: Permuting round 1 ... 
INFO  @ Mon, 11 Sep 2023 18:25:33: Thread 0 started. 
INFO  @ Mon, 11 Sep 2023 18:25:33: Thread 0: total 18006 instances. 
INFO  @ Mon, 11 Sep 2023 18:25:33: Thread 0: Calculating A1CF (1) ...  
INFO  @ Mon, 11 Sep 2023 18:25:36: Thread 0: Calculating ARNT2 (1001) ...  
INFO  @ Mon, 11 Sep 2023 18:25:39: Thread 0: Calculating C2orf44 (2001) ...  
INFO  @ Mon, 11 Sep 2023 18:25:43: Thread 0: Calculating CERS6 (3001) ...  
INFO  @ Mon, 11 Sep 2023 18:25:46: Thread 0: Calculating DBH (4001) ...  
INFO  @ Mon, 11 Sep 2023 18:25:49: Thread 0: Calculating ERCC6L2 (5001) ...  
INFO  @ Mon, 11 Sep 2023 18:25:52: Thread 0: Calculating GANC (6001) ...  
INFO  @ Mon, 11 Sep 2023 18:25:56: Thread 0: Calculating HMBS (7001) ...  
INFO  @ Mon, 11 Sep 2023 18:25:59: Thread 0: Calculating KIAA1147 (8001) ...  
INFO  @ Mon, 11 Sep 2023 18:26:02: Thread 0: Calculating MAGOH (9001) ...  
INFO  @ Mon, 11 Sep 2023 18:26:05: Thread 0: Calculating NANOS3 (10001) ...  
INFO  @ Mon, 11 Sep 2023 18:26:09: Thread 0: Calculating PAXIP1 (11001) ...  
INFO  @ Mon, 11 Sep 2023 18:26:12: Thread 0: Calculating PRG4 (12001) ...  
INFO  @ Mon, 11 Sep 2023 18:26:15: Thread 0: Calculating RNF151 (13001) ...  
INFO  @ Mon, 11 Sep 2023 18:26:19: Thread 0: Calculating SLC25A11 (14001) ...  
INFO  @ Mon, 11 Sep 2023 18:26:22: Thread 0: Calculating SUMO4 (15001) ...  
INFO  @ Mon, 11 Sep 2023 18:26:26: Thread 0: Calculating TNKS2 (16001) ...  
INFO  @ Mon, 11 Sep 2023 18:26:29: Thread 0: Calculating WDHD1 (17001) ...  
INFO  @ Mon, 11 Sep 2023 18:26:32: Thread 0: Calculating ZYG11A (18001) ...  
INFO  @ Mon, 11 Sep 2023 18:26:32: Thread 0 completed. 
INFO  @ Mon, 11 Sep 2023 18:26:32: All threads completed. 
INFO  @ Mon, 11 Sep 2023 18:26:36: Assigning p values... 
INFO  @ Mon, 11 Sep 2023 18:26:36: Permuting groups of gene with 7 sgRNAs per gene. Group progress: 7/22 
INFO  @ Mon, 11 Sep 2023 18:26:36: Start permuting 2 rounds ... 
INFO  @ Mon, 11 Sep 2023 18:26:36: Collecting 90025 sgRNAs from 18006 genes. 
INFO  @ Mon, 11 Sep 2023 18:26:37: Permuting round 0 ... 
INFO  @ Mon, 11 Sep 2023 18:26:37: Thread 0 started. 
INFO  @ Mon, 11 Sep 2023 18:26:37: Thread 0: total 18006 instances. 
INFO  @ Mon, 11 Sep 2023 18:26:37: Thread 0: Calculating A1CF (1) ...  
INFO  @ Mon, 11 Sep 2023 18:26:41: Thread 0: Calculating ARNT2 (1001) ...  
INFO  @ Mon, 11 Sep 2023 18:26:44: Thread 0: Calculating C2orf44 (2001) ...  
INFO  @ Mon, 11 Sep 2023 18:26:48: Thread 0: Calculating CERS6 (3001) ...  
INFO  @ Mon, 11 Sep 2023 18:26:51: Thread 0: Calculating DBH (4001) ...  
INFO  @ Mon, 11 Sep 2023 18:26:54: Thread 0: Calculating ERCC6L2 (5001) ...  
INFO  @ Mon, 11 Sep 2023 18:26:58: Thread 0: Calculating GANC (6001) ...  
INFO  @ Mon, 11 Sep 2023 18:27:01: Thread 0: Calculating HMBS (7001) ...  
INFO  @ Mon, 11 Sep 2023 18:27:04: Thread 0: Calculating KIAA1147 (8001) ...  
INFO  @ Mon, 11 Sep 2023 18:27:08: Thread 0: Calculating MAGOH (9001) ...  
INFO  @ Mon, 11 Sep 2023 18:27:11: Thread 0: Calculating NANOS3 (10001) ...  
INFO  @ Mon, 11 Sep 2023 18:27:14: Thread 0: Calculating PAXIP1 (11001) ...  
INFO  @ Mon, 11 Sep 2023 18:27:18: Thread 0: Calculating PRG4 (12001) ...  
INFO  @ Mon, 11 Sep 2023 18:27:21: Thread 0: Calculating RNF151 (13001) ...  
INFO  @ Mon, 11 Sep 2023 18:27:24: Thread 0: Calculating SLC25A11 (14001) ...  
INFO  @ Mon, 11 Sep 2023 18:27:28: Thread 0: Calculating SUMO4 (15001) ...  
INFO  @ Mon, 11 Sep 2023 18:27:31: Thread 0: Calculating TNKS2 (16001) ...  
INFO  @ Mon, 11 Sep 2023 18:27:35: Thread 0: Calculating WDHD1 (17001) ...  
INFO  @ Mon, 11 Sep 2023 18:27:38: Thread 0: Calculating ZYG11A (18001) ...  
INFO  @ Mon, 11 Sep 2023 18:27:38: Thread 0 completed. 
INFO  @ Mon, 11 Sep 2023 18:27:38: All threads completed. 
INFO  @ Mon, 11 Sep 2023 18:27:42: Permuting round 1 ... 
INFO  @ Mon, 11 Sep 2023 18:27:42: Thread 0 started. 
INFO  @ Mon, 11 Sep 2023 18:27:42: Thread 0: total 18006 instances. 
INFO  @ Mon, 11 Sep 2023 18:27:42: Thread 0: Calculating A1CF (1) ...  
INFO  @ Mon, 11 Sep 2023 18:27:45: Thread 0: Calculating ARNT2 (1001) ...  
INFO  @ Mon, 11 Sep 2023 18:27:49: Thread 0: Calculating C2orf44 (2001) ...  
INFO  @ Mon, 11 Sep 2023 18:27:52: Thread 0: Calculating CERS6 (3001) ...  
INFO  @ Mon, 11 Sep 2023 18:27:56: Thread 0: Calculating DBH (4001) ...  
INFO  @ Mon, 11 Sep 2023 18:27:59: Thread 0: Calculating ERCC6L2 (5001) ...  
INFO  @ Mon, 11 Sep 2023 18:28:03: Thread 0: Calculating GANC (6001) ...  
INFO  @ Mon, 11 Sep 2023 18:28:06: Thread 0: Calculating HMBS (7001) ...  
INFO  @ Mon, 11 Sep 2023 18:28:09: Thread 0: Calculating KIAA1147 (8001) ...  
INFO  @ Mon, 11 Sep 2023 18:28:13: Thread 0: Calculating MAGOH (9001) ...  
INFO  @ Mon, 11 Sep 2023 18:28:16: Thread 0: Calculating NANOS3 (10001) ...  
INFO  @ Mon, 11 Sep 2023 18:28:19: Thread 0: Calculating PAXIP1 (11001) ...  
INFO  @ Mon, 11 Sep 2023 18:28:23: Thread 0: Calculating PRG4 (12001) ...  
INFO  @ Mon, 11 Sep 2023 18:28:26: Thread 0: Calculating RNF151 (13001) ...  
INFO  @ Mon, 11 Sep 2023 18:28:29: Thread 0: Calculating SLC25A11 (14001) ...  
INFO  @ Mon, 11 Sep 2023 18:28:33: Thread 0: Calculating SUMO4 (15001) ...  
INFO  @ Mon, 11 Sep 2023 18:28:36: Thread 0: Calculating TNKS2 (16001) ...  
INFO  @ Mon, 11 Sep 2023 18:28:39: Thread 0: Calculating WDHD1 (17001) ...  
INFO  @ Mon, 11 Sep 2023 18:28:43: Thread 0: Calculating ZYG11A (18001) ...  
INFO  @ Mon, 11 Sep 2023 18:28:43: Thread 0 completed. 
INFO  @ Mon, 11 Sep 2023 18:28:43: All threads completed. 
INFO  @ Mon, 11 Sep 2023 18:28:47: Assigning p values... 
INFO  @ Mon, 11 Sep 2023 18:28:47: Permuting groups of gene with 8 sgRNAs per gene. Group progress: 8/22 
INFO  @ Mon, 11 Sep 2023 18:28:47: Start permuting 2 rounds ... 
INFO  @ Mon, 11 Sep 2023 18:28:47: Collecting 90025 sgRNAs from 18006 genes. 
INFO  @ Mon, 11 Sep 2023 18:28:48: Permuting round 0 ... 
INFO  @ Mon, 11 Sep 2023 18:28:48: Thread 0 started. 
INFO  @ Mon, 11 Sep 2023 18:28:48: Thread 0: total 18006 instances. 
INFO  @ Mon, 11 Sep 2023 18:28:48: Thread 0: Calculating A1CF (1) ...  
INFO  @ Mon, 11 Sep 2023 18:28:52: Thread 0: Calculating ARNT2 (1001) ...  
INFO  @ Mon, 11 Sep 2023 18:28:56: Thread 0: Calculating C2orf44 (2001) ...  
INFO  @ Mon, 11 Sep 2023 18:28:59: Thread 0: Calculating CERS6 (3001) ...  
INFO  @ Mon, 11 Sep 2023 18:29:03: Thread 0: Calculating DBH (4001) ...  
INFO  @ Mon, 11 Sep 2023 18:29:06: Thread 0: Calculating ERCC6L2 (5001) ...  
INFO  @ Mon, 11 Sep 2023 18:29:09: Thread 0: Calculating GANC (6001) ...  
INFO  @ Mon, 11 Sep 2023 18:29:13: Thread 0: Calculating HMBS (7001) ...  
INFO  @ Mon, 11 Sep 2023 18:29:17: Thread 0: Calculating KIAA1147 (8001) ...  
INFO  @ Mon, 11 Sep 2023 18:29:20: Thread 0: Calculating MAGOH (9001) ...  
INFO  @ Mon, 11 Sep 2023 18:29:24: Thread 0: Calculating NANOS3 (10001) ...  
INFO  @ Mon, 11 Sep 2023 18:29:27: Thread 0: Calculating PAXIP1 (11001) ...  
INFO  @ Mon, 11 Sep 2023 18:29:30: Thread 0: Calculating PRG4 (12001) ...  
INFO  @ Mon, 11 Sep 2023 18:29:34: Thread 0: Calculating RNF151 (13001) ...  
INFO  @ Mon, 11 Sep 2023 18:29:37: Thread 0: Calculating SLC25A11 (14001) ...  
INFO  @ Mon, 11 Sep 2023 18:29:41: Thread 0: Calculating SUMO4 (15001) ...  
INFO  @ Mon, 11 Sep 2023 18:29:44: Thread 0: Calculating TNKS2 (16001) ...  
INFO  @ Mon, 11 Sep 2023 18:29:48: Thread 0: Calculating WDHD1 (17001) ...  
INFO  @ Mon, 11 Sep 2023 18:29:51: Thread 0: Calculating ZYG11A (18001) ...  
INFO  @ Mon, 11 Sep 2023 18:29:51: Thread 0 completed. 
INFO  @ Mon, 11 Sep 2023 18:29:51: All threads completed. 
INFO  @ Mon, 11 Sep 2023 18:29:55: Permuting round 1 ... 
INFO  @ Mon, 11 Sep 2023 18:29:55: Thread 0 started. 
INFO  @ Mon, 11 Sep 2023 18:29:55: Thread 0: total 18006 instances. 
INFO  @ Mon, 11 Sep 2023 18:29:55: Thread 0: Calculating A1CF (1) ...  
INFO  @ Mon, 11 Sep 2023 18:29:59: Thread 0: Calculating ARNT2 (1001) ...  
INFO  @ Mon, 11 Sep 2023 18:30:02: Thread 0: Calculating C2orf44 (2001) ...  
INFO  @ Mon, 11 Sep 2023 18:30:05: Thread 0: Calculating CERS6 (3001) ...  
INFO  @ Mon, 11 Sep 2023 18:30:09: Thread 0: Calculating DBH (4001) ...  
INFO  @ Mon, 11 Sep 2023 18:30:12: Thread 0: Calculating ERCC6L2 (5001) ...  
INFO  @ Mon, 11 Sep 2023 18:30:16: Thread 0: Calculating GANC (6001) ...  
INFO  @ Mon, 11 Sep 2023 18:30:19: Thread 0: Calculating HMBS (7001) ...  
INFO  @ Mon, 11 Sep 2023 18:30:23: Thread 0: Calculating KIAA1147 (8001) ...  
INFO  @ Mon, 11 Sep 2023 18:30:26: Thread 0: Calculating MAGOH (9001) ...  
INFO  @ Mon, 11 Sep 2023 18:30:30: Thread 0: Calculating NANOS3 (10001) ...  
INFO  @ Mon, 11 Sep 2023 18:30:33: Thread 0: Calculating PAXIP1 (11001) ...  
INFO  @ Mon, 11 Sep 2023 18:30:37: Thread 0: Calculating PRG4 (12001) ...  
INFO  @ Mon, 11 Sep 2023 18:30:40: Thread 0: Calculating RNF151 (13001) ...  
INFO  @ Mon, 11 Sep 2023 18:30:44: Thread 0: Calculating SLC25A11 (14001) ...  
INFO  @ Mon, 11 Sep 2023 18:30:47: Thread 0: Calculating SUMO4 (15001) ...  
INFO  @ Mon, 11 Sep 2023 18:30:51: Thread 0: Calculating TNKS2 (16001) ...  
INFO  @ Mon, 11 Sep 2023 18:30:54: Thread 0: Calculating WDHD1 (17001) ...  
INFO  @ Mon, 11 Sep 2023 18:30:58: Thread 0: Calculating ZYG11A (18001) ...  
INFO  @ Mon, 11 Sep 2023 18:30:58: Thread 0 completed. 
INFO  @ Mon, 11 Sep 2023 18:30:58: All threads completed. 
INFO  @ Mon, 11 Sep 2023 18:31:01: Assigning p values... 
INFO  @ Mon, 11 Sep 2023 18:31:01: Permuting groups of gene with 9 sgRNAs per gene. Group progress: 9/22 
INFO  @ Mon, 11 Sep 2023 18:31:01: Start permuting 2 rounds ... 
INFO  @ Mon, 11 Sep 2023 18:31:02: Collecting 90025 sgRNAs from 18006 genes. 
INFO  @ Mon, 11 Sep 2023 18:31:03: Permuting round 0 ... 
INFO  @ Mon, 11 Sep 2023 18:31:03: Thread 0 started. 
INFO  @ Mon, 11 Sep 2023 18:31:03: Thread 0: total 18006 instances. 
INFO  @ Mon, 11 Sep 2023 18:31:03: Thread 0: Calculating A1CF (1) ...  
INFO  @ Mon, 11 Sep 2023 18:31:07: Thread 0: Calculating ARNT2 (1001) ...  
INFO  @ Mon, 11 Sep 2023 18:31:10: Thread 0: Calculating C2orf44 (2001) ...  
INFO  @ Mon, 11 Sep 2023 18:31:14: Thread 0: Calculating CERS6 (3001) ...  
INFO  @ Mon, 11 Sep 2023 18:31:18: Thread 0: Calculating DBH (4001) ...  
INFO  @ Mon, 11 Sep 2023 18:31:21: Thread 0: Calculating ERCC6L2 (5001) ...  
INFO  @ Mon, 11 Sep 2023 18:31:25: Thread 0: Calculating GANC (6001) ...  
INFO  @ Mon, 11 Sep 2023 18:31:28: Thread 0: Calculating HMBS (7001) ...  
INFO  @ Mon, 11 Sep 2023 18:31:32: Thread 0: Calculating KIAA1147 (8001) ...  
INFO  @ Mon, 11 Sep 2023 18:31:36: Thread 0: Calculating MAGOH (9001) ...  
INFO  @ Mon, 11 Sep 2023 18:31:39: Thread 0: Calculating NANOS3 (10001) ...  
INFO  @ Mon, 11 Sep 2023 18:31:43: Thread 0: Calculating PAXIP1 (11001) ...  
INFO  @ Mon, 11 Sep 2023 18:31:47: Thread 0: Calculating PRG4 (12001) ...  
INFO  @ Mon, 11 Sep 2023 18:31:50: Thread 0: Calculating RNF151 (13001) ...  
INFO  @ Mon, 11 Sep 2023 18:31:54: Thread 0: Calculating SLC25A11 (14001) ...  
INFO  @ Mon, 11 Sep 2023 18:31:57: Thread 0: Calculating SUMO4 (15001) ...  
INFO  @ Mon, 11 Sep 2023 18:32:01: Thread 0: Calculating TNKS2 (16001) ...  
INFO  @ Mon, 11 Sep 2023 18:32:05: Thread 0: Calculating WDHD1 (17001) ...  
INFO  @ Mon, 11 Sep 2023 18:32:08: Thread 0: Calculating ZYG11A (18001) ...  
INFO  @ Mon, 11 Sep 2023 18:32:08: Thread 0 completed. 
INFO  @ Mon, 11 Sep 2023 18:32:08: All threads completed. 
INFO  @ Mon, 11 Sep 2023 18:32:12: Permuting round 1 ... 
INFO  @ Mon, 11 Sep 2023 18:32:12: Thread 0 started. 
INFO  @ Mon, 11 Sep 2023 18:32:12: Thread 0: total 18006 instances. 
INFO  @ Mon, 11 Sep 2023 18:32:12: Thread 0: Calculating A1CF (1) ...  
INFO  @ Mon, 11 Sep 2023 18:32:16: Thread 0: Calculating ARNT2 (1001) ...  
INFO  @ Mon, 11 Sep 2023 18:32:19: Thread 0: Calculating C2orf44 (2001) ...  
INFO  @ Mon, 11 Sep 2023 18:32:23: Thread 0: Calculating CERS6 (3001) ...  
INFO  @ Mon, 11 Sep 2023 18:32:27: Thread 0: Calculating DBH (4001) ...  
INFO  @ Mon, 11 Sep 2023 18:32:30: Thread 0: Calculating ERCC6L2 (5001) ...  
INFO  @ Mon, 11 Sep 2023 18:32:34: Thread 0: Calculating GANC (6001) ...  
INFO  @ Mon, 11 Sep 2023 18:32:37: Thread 0: Calculating HMBS (7001) ...  
INFO  @ Mon, 11 Sep 2023 18:32:41: Thread 0: Calculating KIAA1147 (8001) ...  
INFO  @ Mon, 11 Sep 2023 18:32:45: Thread 0: Calculating MAGOH (9001) ...  
INFO  @ Mon, 11 Sep 2023 18:32:48: Thread 0: Calculating NANOS3 (10001) ...  
INFO  @ Mon, 11 Sep 2023 18:32:52: Thread 0: Calculating PAXIP1 (11001) ...  
INFO  @ Mon, 11 Sep 2023 18:32:56: Thread 0: Calculating PRG4 (12001) ...  
INFO  @ Mon, 11 Sep 2023 18:32:59: Thread 0: Calculating RNF151 (13001) ...  
INFO  @ Mon, 11 Sep 2023 18:33:03: Thread 0: Calculating SLC25A11 (14001) ...  
INFO  @ Mon, 11 Sep 2023 18:33:07: Thread 0: Calculating SUMO4 (15001) ...  
INFO  @ Mon, 11 Sep 2023 18:33:10: Thread 0: Calculating TNKS2 (16001) ...  
INFO  @ Mon, 11 Sep 2023 18:33:14: Thread 0: Calculating WDHD1 (17001) ...  
INFO  @ Mon, 11 Sep 2023 18:33:18: Thread 0: Calculating ZYG11A (18001) ...  
INFO  @ Mon, 11 Sep 2023 18:33:18: Thread 0 completed. 
INFO  @ Mon, 11 Sep 2023 18:33:18: All threads completed. 
INFO  @ Mon, 11 Sep 2023 18:33:21: Assigning p values... 
INFO  @ Mon, 11 Sep 2023 18:33:21: Permuting groups of gene with 10 sgRNAs per gene. Group progress: 10/22 
INFO  @ Mon, 11 Sep 2023 18:33:21: Start permuting 2 rounds ... 
INFO  @ Mon, 11 Sep 2023 18:33:22: Collecting 90025 sgRNAs from 18006 genes. 
INFO  @ Mon, 11 Sep 2023 18:33:23: Permuting round 0 ... 
INFO  @ Mon, 11 Sep 2023 18:33:23: Thread 0 started. 
INFO  @ Mon, 11 Sep 2023 18:33:23: Thread 0: total 18006 instances. 
INFO  @ Mon, 11 Sep 2023 18:33:23: Thread 0: Calculating A1CF (1) ...  
INFO  @ Mon, 11 Sep 2023 18:33:27: Thread 0: Calculating ARNT2 (1001) ...  
INFO  @ Mon, 11 Sep 2023 18:33:31: Thread 0: Calculating C2orf44 (2001) ...  
INFO  @ Mon, 11 Sep 2023 18:33:34: Thread 0: Calculating CERS6 (3001) ...  
INFO  @ Mon, 11 Sep 2023 18:33:38: Thread 0: Calculating DBH (4001) ...  
INFO  @ Mon, 11 Sep 2023 18:33:42: Thread 0: Calculating ERCC6L2 (5001) ...  
INFO  @ Mon, 11 Sep 2023 18:33:46: Thread 0: Calculating GANC (6001) ...  
INFO  @ Mon, 11 Sep 2023 18:33:50: Thread 0: Calculating HMBS (7001) ...  
INFO  @ Mon, 11 Sep 2023 18:33:53: Thread 0: Calculating KIAA1147 (8001) ...  
INFO  @ Mon, 11 Sep 2023 18:33:57: Thread 0: Calculating MAGOH (9001) ...  
INFO  @ Mon, 11 Sep 2023 18:34:01: Thread 0: Calculating NANOS3 (10001) ...  
INFO  @ Mon, 11 Sep 2023 18:34:04: Thread 0: Calculating PAXIP1 (11001) ...  
INFO  @ Mon, 11 Sep 2023 18:34:08: Thread 0: Calculating PRG4 (12001) ...  
INFO  @ Mon, 11 Sep 2023 18:34:12: Thread 0: Calculating RNF151 (13001) ...  
INFO  @ Mon, 11 Sep 2023 18:34:15: Thread 0: Calculating SLC25A11 (14001) ...  
INFO  @ Mon, 11 Sep 2023 18:34:19: Thread 0: Calculating SUMO4 (15001) ...  
INFO  @ Mon, 11 Sep 2023 18:34:23: Thread 0: Calculating TNKS2 (16001) ...  
INFO  @ Mon, 11 Sep 2023 18:34:27: Thread 0: Calculating WDHD1 (17001) ...  
INFO  @ Mon, 11 Sep 2023 18:34:30: Thread 0: Calculating ZYG11A (18001) ...  
INFO  @ Mon, 11 Sep 2023 18:34:30: Thread 0 completed. 
INFO  @ Mon, 11 Sep 2023 18:34:30: All threads completed. 
INFO  @ Mon, 11 Sep 2023 18:34:34: Permuting round 1 ... 
INFO  @ Mon, 11 Sep 2023 18:34:34: Thread 0 started. 
INFO  @ Mon, 11 Sep 2023 18:34:34: Thread 0: total 18006 instances. 
INFO  @ Mon, 11 Sep 2023 18:34:34: Thread 0: Calculating A1CF (1) ...  
INFO  @ Mon, 11 Sep 2023 18:34:38: Thread 0: Calculating ARNT2 (1001) ...  
INFO  @ Mon, 11 Sep 2023 18:34:42: Thread 0: Calculating C2orf44 (2001) ...  
INFO  @ Mon, 11 Sep 2023 18:34:46: Thread 0: Calculating CERS6 (3001) ...  
INFO  @ Mon, 11 Sep 2023 18:34:49: Thread 0: Calculating DBH (4001) ...  
INFO  @ Mon, 11 Sep 2023 18:34:53: Thread 0: Calculating ERCC6L2 (5001) ...  
INFO  @ Mon, 11 Sep 2023 18:34:57: Thread 0: Calculating GANC (6001) ...  
INFO  @ Mon, 11 Sep 2023 18:35:01: Thread 0: Calculating HMBS (7001) ...  
INFO  @ Mon, 11 Sep 2023 18:35:05: Thread 0: Calculating KIAA1147 (8001) ...  
INFO  @ Mon, 11 Sep 2023 18:35:08: Thread 0: Calculating MAGOH (9001) ...  
INFO  @ Mon, 11 Sep 2023 18:35:12: Thread 0: Calculating NANOS3 (10001) ...  
INFO  @ Mon, 11 Sep 2023 18:35:16: Thread 0: Calculating PAXIP1 (11001) ...  
INFO  @ Mon, 11 Sep 2023 18:35:20: Thread 0: Calculating PRG4 (12001) ...  
INFO  @ Mon, 11 Sep 2023 18:35:23: Thread 0: Calculating RNF151 (13001) ...  
INFO  @ Mon, 11 Sep 2023 18:35:27: Thread 0: Calculating SLC25A11 (14001) ...  
INFO  @ Mon, 11 Sep 2023 18:35:31: Thread 0: Calculating SUMO4 (15001) ...  
INFO  @ Mon, 11 Sep 2023 18:35:35: Thread 0: Calculating TNKS2 (16001) ...  
INFO  @ Mon, 11 Sep 2023 18:35:38: Thread 0: Calculating WDHD1 (17001) ...  
INFO  @ Mon, 11 Sep 2023 18:35:42: Thread 0: Calculating ZYG11A (18001) ...  
INFO  @ Mon, 11 Sep 2023 18:35:42: Thread 0 completed. 
INFO  @ Mon, 11 Sep 2023 18:35:42: All threads completed. 
INFO  @ Mon, 11 Sep 2023 18:35:46: Assigning p values... 
INFO  @ Mon, 11 Sep 2023 18:35:46: Permuting groups of gene with 11 sgRNAs per gene. Group progress: 11/22 
INFO  @ Mon, 11 Sep 2023 18:35:46: Start permuting 2 rounds ... 
INFO  @ Mon, 11 Sep 2023 18:35:46: Collecting 90025 sgRNAs from 18006 genes. 
INFO  @ Mon, 11 Sep 2023 18:35:47: Permuting round 0 ... 
INFO  @ Mon, 11 Sep 2023 18:35:48: Thread 0 started. 
INFO  @ Mon, 11 Sep 2023 18:35:48: Thread 0: total 18006 instances. 
INFO  @ Mon, 11 Sep 2023 18:35:48: Thread 0: Calculating A1CF (1) ...  
INFO  @ Mon, 11 Sep 2023 18:35:51: Thread 0: Calculating ARNT2 (1001) ...  
INFO  @ Mon, 11 Sep 2023 18:35:55: Thread 0: Calculating C2orf44 (2001) ...  
INFO  @ Mon, 11 Sep 2023 18:35:59: Thread 0: Calculating CERS6 (3001) ...  
INFO  @ Mon, 11 Sep 2023 18:36:03: Thread 0: Calculating DBH (4001) ...  
INFO  @ Mon, 11 Sep 2023 18:36:06: Thread 0: Calculating ERCC6L2 (5001) ...  
INFO  @ Mon, 11 Sep 2023 18:36:10: Thread 0: Calculating GANC (6001) ...  
INFO  @ Mon, 11 Sep 2023 18:36:14: Thread 0: Calculating HMBS (7001) ...  
INFO  @ Mon, 11 Sep 2023 18:36:17: Thread 0: Calculating KIAA1147 (8001) ...  
INFO  @ Mon, 11 Sep 2023 18:36:21: Thread 0: Calculating MAGOH (9001) ...  
INFO  @ Mon, 11 Sep 2023 18:36:25: Thread 0: Calculating NANOS3 (10001) ...  
INFO  @ Mon, 11 Sep 2023 18:36:29: Thread 0: Calculating PAXIP1 (11001) ...  
INFO  @ Mon, 11 Sep 2023 18:36:33: Thread 0: Calculating PRG4 (12001) ...  
INFO  @ Mon, 11 Sep 2023 18:36:37: Thread 0: Calculating RNF151 (13001) ...  
INFO  @ Mon, 11 Sep 2023 18:36:40: Thread 0: Calculating SLC25A11 (14001) ...  
INFO  @ Mon, 11 Sep 2023 18:36:44: Thread 0: Calculating SUMO4 (15001) ...  
INFO  @ Mon, 11 Sep 2023 18:36:48: Thread 0: Calculating TNKS2 (16001) ...  
INFO  @ Mon, 11 Sep 2023 18:36:51: Thread 0: Calculating WDHD1 (17001) ...  
INFO  @ Mon, 11 Sep 2023 18:36:55: Thread 0: Calculating ZYG11A (18001) ...  
INFO  @ Mon, 11 Sep 2023 18:36:55: Thread 0 completed. 
INFO  @ Mon, 11 Sep 2023 18:36:55: All threads completed. 
INFO  @ Mon, 11 Sep 2023 18:36:59: Permuting round 1 ... 
INFO  @ Mon, 11 Sep 2023 18:36:59: Thread 0 started. 
INFO  @ Mon, 11 Sep 2023 18:36:59: Thread 0: total 18006 instances. 
INFO  @ Mon, 11 Sep 2023 18:36:59: Thread 0: Calculating A1CF (1) ...  
INFO  @ Mon, 11 Sep 2023 18:37:03: Thread 0: Calculating ARNT2 (1001) ...  
INFO  @ Mon, 11 Sep 2023 18:37:07: Thread 0: Calculating C2orf44 (2001) ...  
INFO  @ Mon, 11 Sep 2023 18:37:11: Thread 0: Calculating CERS6 (3001) ...  
INFO  @ Mon, 11 Sep 2023 18:37:15: Thread 0: Calculating DBH (4001) ...  
INFO  @ Mon, 11 Sep 2023 18:37:18: Thread 0: Calculating ERCC6L2 (5001) ...  
INFO  @ Mon, 11 Sep 2023 18:37:22: Thread 0: Calculating GANC (6001) ...  
INFO  @ Mon, 11 Sep 2023 18:37:26: Thread 0: Calculating HMBS (7001) ...  
INFO  @ Mon, 11 Sep 2023 18:37:30: Thread 0: Calculating KIAA1147 (8001) ...  
INFO  @ Mon, 11 Sep 2023 18:37:34: Thread 0: Calculating MAGOH (9001) ...  
INFO  @ Mon, 11 Sep 2023 18:37:38: Thread 0: Calculating NANOS3 (10001) ...  
INFO  @ Mon, 11 Sep 2023 18:37:42: Thread 0: Calculating PAXIP1 (11001) ...  
INFO  @ Mon, 11 Sep 2023 18:37:46: Thread 0: Calculating PRG4 (12001) ...  
INFO  @ Mon, 11 Sep 2023 18:37:50: Thread 0: Calculating RNF151 (13001) ...  
INFO  @ Mon, 11 Sep 2023 18:37:53: Thread 0: Calculating SLC25A11 (14001) ...  
INFO  @ Mon, 11 Sep 2023 18:37:57: Thread 0: Calculating SUMO4 (15001) ...  
INFO  @ Mon, 11 Sep 2023 18:38:01: Thread 0: Calculating TNKS2 (16001) ...  
INFO  @ Mon, 11 Sep 2023 18:38:05: Thread 0: Calculating WDHD1 (17001) ...  
INFO  @ Mon, 11 Sep 2023 18:38:09: Thread 0: Calculating ZYG11A (18001) ...  
INFO  @ Mon, 11 Sep 2023 18:38:09: Thread 0 completed. 
INFO  @ Mon, 11 Sep 2023 18:38:09: All threads completed. 
INFO  @ Mon, 11 Sep 2023 18:38:13: Assigning p values... 
INFO  @ Mon, 11 Sep 2023 18:38:13: Permuting groups of gene with 12 sgRNAs per gene. Group progress: 12/22 
INFO  @ Mon, 11 Sep 2023 18:38:13: Start permuting 2 rounds ... 
INFO  @ Mon, 11 Sep 2023 18:38:13: Collecting 90025 sgRNAs from 18006 genes. 
INFO  @ Mon, 11 Sep 2023 18:38:14: Permuting round 0 ... 
INFO  @ Mon, 11 Sep 2023 18:38:15: Thread 0 started. 
INFO  @ Mon, 11 Sep 2023 18:38:15: Thread 0: total 18006 instances. 
INFO  @ Mon, 11 Sep 2023 18:38:15: Thread 0: Calculating A1CF (1) ...  
INFO  @ Mon, 11 Sep 2023 18:38:19: Thread 0: Calculating ARNT2 (1001) ...  
INFO  @ Mon, 11 Sep 2023 18:38:23: Thread 0: Calculating C2orf44 (2001) ...  
INFO  @ Mon, 11 Sep 2023 18:38:26: Thread 0: Calculating CERS6 (3001) ...  
INFO  @ Mon, 11 Sep 2023 18:38:30: Thread 0: Calculating DBH (4001) ...  
INFO  @ Mon, 11 Sep 2023 18:38:34: Thread 0: Calculating ERCC6L2 (5001) ...  
INFO  @ Mon, 11 Sep 2023 18:38:38: Thread 0: Calculating GANC (6001) ...  
INFO  @ Mon, 11 Sep 2023 18:38:42: Thread 0: Calculating HMBS (7001) ...  
INFO  @ Mon, 11 Sep 2023 18:38:46: Thread 0: Calculating KIAA1147 (8001) ...  
INFO  @ Mon, 11 Sep 2023 18:38:50: Thread 0: Calculating MAGOH (9001) ...  
INFO  @ Mon, 11 Sep 2023 18:38:54: Thread 0: Calculating NANOS3 (10001) ...  
INFO  @ Mon, 11 Sep 2023 18:38:58: Thread 0: Calculating PAXIP1 (11001) ...  
INFO  @ Mon, 11 Sep 2023 18:39:01: Thread 0: Calculating PRG4 (12001) ...  
INFO  @ Mon, 11 Sep 2023 18:39:05: Thread 0: Calculating RNF151 (13001) ...  
INFO  @ Mon, 11 Sep 2023 18:39:10: Thread 0: Calculating SLC25A11 (14001) ...  
INFO  @ Mon, 11 Sep 2023 18:39:13: Thread 0: Calculating SUMO4 (15001) ...  
INFO  @ Mon, 11 Sep 2023 18:39:17: Thread 0: Calculating TNKS2 (16001) ...  
INFO  @ Mon, 11 Sep 2023 18:39:21: Thread 0: Calculating WDHD1 (17001) ...  
INFO  @ Mon, 11 Sep 2023 18:39:25: Thread 0: Calculating ZYG11A (18001) ...  
INFO  @ Mon, 11 Sep 2023 18:39:25: Thread 0 completed. 
INFO  @ Mon, 11 Sep 2023 18:39:25: All threads completed. 
INFO  @ Mon, 11 Sep 2023 18:39:29: Permuting round 1 ... 
INFO  @ Mon, 11 Sep 2023 18:39:29: Thread 0 started. 
INFO  @ Mon, 11 Sep 2023 18:39:29: Thread 0: total 18006 instances. 
INFO  @ Mon, 11 Sep 2023 18:39:29: Thread 0: Calculating A1CF (1) ...  
INFO  @ Mon, 11 Sep 2023 18:39:33: Thread 0: Calculating ARNT2 (1001) ...  
INFO  @ Mon, 11 Sep 2023 18:39:37: Thread 0: Calculating C2orf44 (2001) ...  
INFO  @ Mon, 11 Sep 2023 18:39:41: Thread 0: Calculating CERS6 (3001) ...  
INFO  @ Mon, 11 Sep 2023 18:39:45: Thread 0: Calculating DBH (4001) ...  
INFO  @ Mon, 11 Sep 2023 18:39:49: Thread 0: Calculating ERCC6L2 (5001) ...  
INFO  @ Mon, 11 Sep 2023 18:39:53: Thread 0: Calculating GANC (6001) ...  
INFO  @ Mon, 11 Sep 2023 18:39:57: Thread 0: Calculating HMBS (7001) ...  
INFO  @ Mon, 11 Sep 2023 18:40:01: Thread 0: Calculating KIAA1147 (8001) ...  
INFO  @ Mon, 11 Sep 2023 18:40:05: Thread 0: Calculating MAGOH (9001) ...  
INFO  @ Mon, 11 Sep 2023 18:40:09: Thread 0: Calculating NANOS3 (10001) ...  
INFO  @ Mon, 11 Sep 2023 18:40:12: Thread 0: Calculating PAXIP1 (11001) ...  
INFO  @ Mon, 11 Sep 2023 18:40:16: Thread 0: Calculating PRG4 (12001) ...  
INFO  @ Mon, 11 Sep 2023 18:40:20: Thread 0: Calculating RNF151 (13001) ...  
INFO  @ Mon, 11 Sep 2023 18:40:25: Thread 0: Calculating SLC25A11 (14001) ...  
INFO  @ Mon, 11 Sep 2023 18:40:28: Thread 0: Calculating SUMO4 (15001) ...  
INFO  @ Mon, 11 Sep 2023 18:40:32: Thread 0: Calculating TNKS2 (16001) ...  
INFO  @ Mon, 11 Sep 2023 18:40:36: Thread 0: Calculating WDHD1 (17001) ...  
INFO  @ Mon, 11 Sep 2023 18:40:40: Thread 0: Calculating ZYG11A (18001) ...  
INFO  @ Mon, 11 Sep 2023 18:40:40: Thread 0 completed. 
INFO  @ Mon, 11 Sep 2023 18:40:40: All threads completed. 
INFO  @ Mon, 11 Sep 2023 18:40:44: Assigning p values... 
INFO  @ Mon, 11 Sep 2023 18:40:44: Permuting groups of gene with 13 sgRNAs per gene. Group progress: 13/22 
INFO  @ Mon, 11 Sep 2023 18:40:44: Start permuting 2 rounds ... 
INFO  @ Mon, 11 Sep 2023 18:40:44: Collecting 90025 sgRNAs from 18006 genes. 
INFO  @ Mon, 11 Sep 2023 18:40:45: Permuting round 0 ... 
INFO  @ Mon, 11 Sep 2023 18:40:46: Thread 0 started. 
INFO  @ Mon, 11 Sep 2023 18:40:46: Thread 0: total 18006 instances. 
INFO  @ Mon, 11 Sep 2023 18:40:46: Thread 0: Calculating A1CF (1) ...  
INFO  @ Mon, 11 Sep 2023 18:40:50: Thread 0: Calculating ARNT2 (1001) ...  
INFO  @ Mon, 11 Sep 2023 18:40:54: Thread 0: Calculating C2orf44 (2001) ...  
INFO  @ Mon, 11 Sep 2023 18:40:58: Thread 0: Calculating CERS6 (3001) ...  
INFO  @ Mon, 11 Sep 2023 18:41:03: Thread 0: Calculating DBH (4001) ...  
INFO  @ Mon, 11 Sep 2023 18:41:07: Thread 0: Calculating ERCC6L2 (5001) ...  
INFO  @ Mon, 11 Sep 2023 18:41:11: Thread 0: Calculating GANC (6001) ...  
INFO  @ Mon, 11 Sep 2023 18:41:15: Thread 0: Calculating HMBS (7001) ...  
INFO  @ Mon, 11 Sep 2023 18:41:19: Thread 0: Calculating KIAA1147 (8001) ...  
INFO  @ Mon, 11 Sep 2023 18:41:24: Thread 0: Calculating MAGOH (9001) ...  
INFO  @ Mon, 11 Sep 2023 18:41:28: Thread 0: Calculating NANOS3 (10001) ...  
INFO  @ Mon, 11 Sep 2023 18:41:32: Thread 0: Calculating PAXIP1 (11001) ...  
INFO  @ Mon, 11 Sep 2023 18:41:36: Thread 0: Calculating PRG4 (12001) ...  
INFO  @ Mon, 11 Sep 2023 18:41:41: Thread 0: Calculating RNF151 (13001) ...  
INFO  @ Mon, 11 Sep 2023 18:41:45: Thread 0: Calculating SLC25A11 (14001) ...  
INFO  @ Mon, 11 Sep 2023 18:41:49: Thread 0: Calculating SUMO4 (15001) ...  
INFO  @ Mon, 11 Sep 2023 18:41:53: Thread 0: Calculating TNKS2 (16001) ...  
INFO  @ Mon, 11 Sep 2023 18:41:57: Thread 0: Calculating WDHD1 (17001) ...  
INFO  @ Mon, 11 Sep 2023 18:42:01: Thread 0: Calculating ZYG11A (18001) ...  
INFO  @ Mon, 11 Sep 2023 18:42:01: Thread 0 completed. 
INFO  @ Mon, 11 Sep 2023 18:42:01: All threads completed. 
INFO  @ Mon, 11 Sep 2023 18:42:05: Permuting round 1 ... 
INFO  @ Mon, 11 Sep 2023 18:42:05: Thread 0 started. 
INFO  @ Mon, 11 Sep 2023 18:42:05: Thread 0: total 18006 instances. 
INFO  @ Mon, 11 Sep 2023 18:42:05: Thread 0: Calculating A1CF (1) ...  
INFO  @ Mon, 11 Sep 2023 18:42:09: Thread 0: Calculating ARNT2 (1001) ...  
INFO  @ Mon, 11 Sep 2023 18:42:14: Thread 0: Calculating C2orf44 (2001) ...  
INFO  @ Mon, 11 Sep 2023 18:42:18: Thread 0: Calculating CERS6 (3001) ...  
INFO  @ Mon, 11 Sep 2023 18:42:22: Thread 0: Calculating DBH (4001) ...  
INFO  @ Mon, 11 Sep 2023 18:42:26: Thread 0: Calculating ERCC6L2 (5001) ...  
INFO  @ Mon, 11 Sep 2023 18:42:30: Thread 0: Calculating GANC (6001) ...  
INFO  @ Mon, 11 Sep 2023 18:42:35: Thread 0: Calculating HMBS (7001) ...  
INFO  @ Mon, 11 Sep 2023 18:42:39: Thread 0: Calculating KIAA1147 (8001) ...  
INFO  @ Mon, 11 Sep 2023 18:42:43: Thread 0: Calculating MAGOH (9001) ...  
INFO  @ Mon, 11 Sep 2023 18:42:47: Thread 0: Calculating NANOS3 (10001) ...  
INFO  @ Mon, 11 Sep 2023 18:42:51: Thread 0: Calculating PAXIP1 (11001) ...  
INFO  @ Mon, 11 Sep 2023 18:42:55: Thread 0: Calculating PRG4 (12001) ...  
INFO  @ Mon, 11 Sep 2023 18:43:00: Thread 0: Calculating RNF151 (13001) ...  
INFO  @ Mon, 11 Sep 2023 18:43:04: Thread 0: Calculating SLC25A11 (14001) ...  
INFO  @ Mon, 11 Sep 2023 18:43:08: Thread 0: Calculating SUMO4 (15001) ...  
INFO  @ Mon, 11 Sep 2023 18:43:12: Thread 0: Calculating TNKS2 (16001) ...  
INFO  @ Mon, 11 Sep 2023 18:43:16: Thread 0: Calculating WDHD1 (17001) ...  
INFO  @ Mon, 11 Sep 2023 18:43:20: Thread 0: Calculating ZYG11A (18001) ...  
INFO  @ Mon, 11 Sep 2023 18:43:20: Thread 0 completed. 
INFO  @ Mon, 11 Sep 2023 18:43:20: All threads completed. 
INFO  @ Mon, 11 Sep 2023 18:43:24: Assigning p values... 
INFO  @ Mon, 11 Sep 2023 18:43:24: Permuting groups of gene with 14 sgRNAs per gene. Group progress: 14/22 
INFO  @ Mon, 11 Sep 2023 18:43:24: Start permuting 2 rounds ... 
INFO  @ Mon, 11 Sep 2023 18:43:24: Collecting 90025 sgRNAs from 18006 genes. 
INFO  @ Mon, 11 Sep 2023 18:43:25: Permuting round 0 ... 
INFO  @ Mon, 11 Sep 2023 18:43:26: Thread 0 started. 
INFO  @ Mon, 11 Sep 2023 18:43:26: Thread 0: total 18006 instances. 
INFO  @ Mon, 11 Sep 2023 18:43:26: Thread 0: Calculating A1CF (1) ...  
INFO  @ Mon, 11 Sep 2023 18:43:30: Thread 0: Calculating ARNT2 (1001) ...  
INFO  @ Mon, 11 Sep 2023 18:43:35: Thread 0: Calculating C2orf44 (2001) ...  
INFO  @ Mon, 11 Sep 2023 18:43:39: Thread 0: Calculating CERS6 (3001) ...  
INFO  @ Mon, 11 Sep 2023 18:43:43: Thread 0: Calculating DBH (4001) ...  
INFO  @ Mon, 11 Sep 2023 18:43:48: Thread 0: Calculating ERCC6L2 (5001) ...  
INFO  @ Mon, 11 Sep 2023 18:43:52: Thread 0: Calculating GANC (6001) ...  
INFO  @ Mon, 11 Sep 2023 18:43:56: Thread 0: Calculating HMBS (7001) ...  
INFO  @ Mon, 11 Sep 2023 18:44:00: Thread 0: Calculating KIAA1147 (8001) ...  
INFO  @ Mon, 11 Sep 2023 18:44:05: Thread 0: Calculating MAGOH (9001) ...  
INFO  @ Mon, 11 Sep 2023 18:44:09: Thread 0: Calculating NANOS3 (10001) ...  
INFO  @ Mon, 11 Sep 2023 18:44:14: Thread 0: Calculating PAXIP1 (11001) ...  
INFO  @ Mon, 11 Sep 2023 18:44:18: Thread 0: Calculating PRG4 (12001) ...  
INFO  @ Mon, 11 Sep 2023 18:44:22: Thread 0: Calculating RNF151 (13001) ...  
INFO  @ Mon, 11 Sep 2023 18:44:26: Thread 0: Calculating SLC25A11 (14001) ...  
INFO  @ Mon, 11 Sep 2023 18:44:31: Thread 0: Calculating SUMO4 (15001) ...  
INFO  @ Mon, 11 Sep 2023 18:44:35: Thread 0: Calculating TNKS2 (16001) ...  
INFO  @ Mon, 11 Sep 2023 18:44:39: Thread 0: Calculating WDHD1 (17001) ...  
INFO  @ Mon, 11 Sep 2023 18:44:44: Thread 0: Calculating ZYG11A (18001) ...  
INFO  @ Mon, 11 Sep 2023 18:44:44: Thread 0 completed. 
INFO  @ Mon, 11 Sep 2023 18:44:44: All threads completed. 
INFO  @ Mon, 11 Sep 2023 18:44:47: Permuting round 1 ... 
INFO  @ Mon, 11 Sep 2023 18:44:47: Thread 0 started. 
INFO  @ Mon, 11 Sep 2023 18:44:47: Thread 0: total 18006 instances. 
INFO  @ Mon, 11 Sep 2023 18:44:48: Thread 0: Calculating A1CF (1) ...  
INFO  @ Mon, 11 Sep 2023 18:44:52: Thread 0: Calculating ARNT2 (1001) ...  
INFO  @ Mon, 11 Sep 2023 18:44:56: Thread 0: Calculating C2orf44 (2001) ...  
INFO  @ Mon, 11 Sep 2023 18:45:01: Thread 0: Calculating CERS6 (3001) ...  
INFO  @ Mon, 11 Sep 2023 18:45:05: Thread 0: Calculating DBH (4001) ...  
INFO  @ Mon, 11 Sep 2023 18:45:09: Thread 0: Calculating ERCC6L2 (5001) ...  
INFO  @ Mon, 11 Sep 2023 18:45:14: Thread 0: Calculating GANC (6001) ...  
INFO  @ Mon, 11 Sep 2023 18:45:18: Thread 0: Calculating HMBS (7001) ...  
INFO  @ Mon, 11 Sep 2023 18:45:22: Thread 0: Calculating KIAA1147 (8001) ...  
INFO  @ Mon, 11 Sep 2023 18:45:27: Thread 0: Calculating MAGOH (9001) ...  
INFO  @ Mon, 11 Sep 2023 18:45:31: Thread 0: Calculating NANOS3 (10001) ...  
INFO  @ Mon, 11 Sep 2023 18:45:36: Thread 0: Calculating PAXIP1 (11001) ...  
INFO  @ Mon, 11 Sep 2023 18:45:40: Thread 0: Calculating PRG4 (12001) ...  
INFO  @ Mon, 11 Sep 2023 18:45:44: Thread 0: Calculating RNF151 (13001) ...  
INFO  @ Mon, 11 Sep 2023 18:45:49: Thread 0: Calculating SLC25A11 (14001) ...  
INFO  @ Mon, 11 Sep 2023 18:45:53: Thread 0: Calculating SUMO4 (15001) ...  
INFO  @ Mon, 11 Sep 2023 18:45:57: Thread 0: Calculating TNKS2 (16001) ...  
INFO  @ Mon, 11 Sep 2023 18:46:02: Thread 0: Calculating WDHD1 (17001) ...  
INFO  @ Mon, 11 Sep 2023 18:46:06: Thread 0: Calculating ZYG11A (18001) ...  
INFO  @ Mon, 11 Sep 2023 18:46:06: Thread 0 completed. 
INFO  @ Mon, 11 Sep 2023 18:46:06: All threads completed. 
INFO  @ Mon, 11 Sep 2023 18:46:10: Assigning p values... 
INFO  @ Mon, 11 Sep 2023 18:46:10: Permuting groups of gene with 15 sgRNAs per gene. Group progress: 15/22 
INFO  @ Mon, 11 Sep 2023 18:46:10: Start permuting 2 rounds ... 
INFO  @ Mon, 11 Sep 2023 18:46:10: Collecting 90025 sgRNAs from 18006 genes. 
INFO  @ Mon, 11 Sep 2023 18:46:11: Permuting round 0 ... 
INFO  @ Mon, 11 Sep 2023 18:46:12: Thread 0 started. 
INFO  @ Mon, 11 Sep 2023 18:46:12: Thread 0: total 18006 instances. 
INFO  @ Mon, 11 Sep 2023 18:46:12: Thread 0: Calculating A1CF (1) ...  
INFO  @ Mon, 11 Sep 2023 18:46:16: Thread 0: Calculating ARNT2 (1001) ...  
INFO  @ Mon, 11 Sep 2023 18:46:20: Thread 0: Calculating C2orf44 (2001) ...  
INFO  @ Mon, 11 Sep 2023 18:46:25: Thread 0: Calculating CERS6 (3001) ...  
INFO  @ Mon, 11 Sep 2023 18:46:29: Thread 0: Calculating DBH (4001) ...  
INFO  @ Mon, 11 Sep 2023 18:46:33: Thread 0: Calculating ERCC6L2 (5001) ...  
INFO  @ Mon, 11 Sep 2023 18:46:38: Thread 0: Calculating GANC (6001) ...  
INFO  @ Mon, 11 Sep 2023 18:46:42: Thread 0: Calculating HMBS (7001) ...  
INFO  @ Mon, 11 Sep 2023 18:46:46: Thread 0: Calculating KIAA1147 (8001) ...  
INFO  @ Mon, 11 Sep 2023 18:46:51: Thread 0: Calculating MAGOH (9001) ...  
INFO  @ Mon, 11 Sep 2023 18:46:55: Thread 0: Calculating NANOS3 (10001) ...  
INFO  @ Mon, 11 Sep 2023 18:46:59: Thread 0: Calculating PAXIP1 (11001) ...  
INFO  @ Mon, 11 Sep 2023 18:47:03: Thread 0: Calculating PRG4 (12001) ...  
INFO  @ Mon, 11 Sep 2023 18:47:08: Thread 0: Calculating RNF151 (13001) ...  
INFO  @ Mon, 11 Sep 2023 18:47:12: Thread 0: Calculating SLC25A11 (14001) ...  
INFO  @ Mon, 11 Sep 2023 18:47:16: Thread 0: Calculating SUMO4 (15001) ...  
INFO  @ Mon, 11 Sep 2023 18:47:21: Thread 0: Calculating TNKS2 (16001) ...  
INFO  @ Mon, 11 Sep 2023 18:47:25: Thread 0: Calculating WDHD1 (17001) ...  
INFO  @ Mon, 11 Sep 2023 18:47:30: Thread 0: Calculating ZYG11A (18001) ...  
INFO  @ Mon, 11 Sep 2023 18:47:30: Thread 0 completed. 
INFO  @ Mon, 11 Sep 2023 18:47:30: All threads completed. 
INFO  @ Mon, 11 Sep 2023 18:47:33: Permuting round 1 ... 
INFO  @ Mon, 11 Sep 2023 18:47:34: Thread 0 started. 
INFO  @ Mon, 11 Sep 2023 18:47:34: Thread 0: total 18006 instances. 
INFO  @ Mon, 11 Sep 2023 18:47:34: Thread 0: Calculating A1CF (1) ...  
INFO  @ Mon, 11 Sep 2023 18:47:38: Thread 0: Calculating ARNT2 (1001) ...  
INFO  @ Mon, 11 Sep 2023 18:47:43: Thread 0: Calculating C2orf44 (2001) ...  
INFO  @ Mon, 11 Sep 2023 18:47:47: Thread 0: Calculating CERS6 (3001) ...  
INFO  @ Mon, 11 Sep 2023 18:47:51: Thread 0: Calculating DBH (4001) ...  
INFO  @ Mon, 11 Sep 2023 18:47:56: Thread 0: Calculating ERCC6L2 (5001) ...  
INFO  @ Mon, 11 Sep 2023 18:48:00: Thread 0: Calculating GANC (6001) ...  
INFO  @ Mon, 11 Sep 2023 18:48:04: Thread 0: Calculating HMBS (7001) ...  
INFO  @ Mon, 11 Sep 2023 18:48:09: Thread 0: Calculating KIAA1147 (8001) ...  
INFO  @ Mon, 11 Sep 2023 18:48:13: Thread 0: Calculating MAGOH (9001) ...  
INFO  @ Mon, 11 Sep 2023 18:48:17: Thread 0: Calculating NANOS3 (10001) ...  
INFO  @ Mon, 11 Sep 2023 18:48:22: Thread 0: Calculating PAXIP1 (11001) ...  
INFO  @ Mon, 11 Sep 2023 18:48:26: Thread 0: Calculating PRG4 (12001) ...  
INFO  @ Mon, 11 Sep 2023 18:48:30: Thread 0: Calculating RNF151 (13001) ...  
INFO  @ Mon, 11 Sep 2023 18:48:35: Thread 0: Calculating SLC25A11 (14001) ...  
INFO  @ Mon, 11 Sep 2023 18:48:39: Thread 0: Calculating SUMO4 (15001) ...  
INFO  @ Mon, 11 Sep 2023 18:48:43: Thread 0: Calculating TNKS2 (16001) ...  
INFO  @ Mon, 11 Sep 2023 18:48:48: Thread 0: Calculating WDHD1 (17001) ...  
INFO  @ Mon, 11 Sep 2023 18:48:53: Thread 0: Calculating ZYG11A (18001) ...  
INFO  @ Mon, 11 Sep 2023 18:48:53: Thread 0 completed. 
INFO  @ Mon, 11 Sep 2023 18:48:53: All threads completed. 
INFO  @ Mon, 11 Sep 2023 18:48:56: Assigning p values... 
INFO  @ Mon, 11 Sep 2023 18:48:56: Permuting groups of gene with 16 sgRNAs per gene. Group progress: 16/22 
INFO  @ Mon, 11 Sep 2023 18:48:56: Start permuting 2 rounds ... 
INFO  @ Mon, 11 Sep 2023 18:48:57: Collecting 90025 sgRNAs from 18006 genes. 
INFO  @ Mon, 11 Sep 2023 18:48:58: Permuting round 0 ... 
INFO  @ Mon, 11 Sep 2023 18:48:58: Thread 0 started. 
INFO  @ Mon, 11 Sep 2023 18:48:58: Thread 0: total 18006 instances. 
INFO  @ Mon, 11 Sep 2023 18:48:58: Thread 0: Calculating A1CF (1) ...  
INFO  @ Mon, 11 Sep 2023 18:49:03: Thread 0: Calculating ARNT2 (1001) ...  
INFO  @ Mon, 11 Sep 2023 18:49:07: Thread 0: Calculating C2orf44 (2001) ...  
INFO  @ Mon, 11 Sep 2023 18:49:12: Thread 0: Calculating CERS6 (3001) ...  
INFO  @ Mon, 11 Sep 2023 18:49:16: Thread 0: Calculating DBH (4001) ...  
INFO  @ Mon, 11 Sep 2023 18:49:21: Thread 0: Calculating ERCC6L2 (5001) ...  
INFO  @ Mon, 11 Sep 2023 18:49:25: Thread 0: Calculating GANC (6001) ...  
INFO  @ Mon, 11 Sep 2023 18:49:30: Thread 0: Calculating HMBS (7001) ...  
INFO  @ Mon, 11 Sep 2023 18:49:34: Thread 0: Calculating KIAA1147 (8001) ...  
INFO  @ Mon, 11 Sep 2023 18:49:39: Thread 0: Calculating MAGOH (9001) ...  
INFO  @ Mon, 11 Sep 2023 18:49:43: Thread 0: Calculating NANOS3 (10001) ...  
INFO  @ Mon, 11 Sep 2023 18:49:48: Thread 0: Calculating PAXIP1 (11001) ...  
INFO  @ Mon, 11 Sep 2023 18:49:52: Thread 0: Calculating PRG4 (12001) ...  
INFO  @ Mon, 11 Sep 2023 18:49:57: Thread 0: Calculating RNF151 (13001) ...  
INFO  @ Mon, 11 Sep 2023 18:50:01: Thread 0: Calculating SLC25A11 (14001) ...  
INFO  @ Mon, 11 Sep 2023 18:50:06: Thread 0: Calculating SUMO4 (15001) ...  
INFO  @ Mon, 11 Sep 2023 18:50:11: Thread 0: Calculating TNKS2 (16001) ...  
INFO  @ Mon, 11 Sep 2023 18:50:15: Thread 0: Calculating WDHD1 (17001) ...  
INFO  @ Mon, 11 Sep 2023 18:50:20: Thread 0: Calculating ZYG11A (18001) ...  
INFO  @ Mon, 11 Sep 2023 18:50:20: Thread 0 completed. 
INFO  @ Mon, 11 Sep 2023 18:50:20: All threads completed. 
INFO  @ Mon, 11 Sep 2023 18:50:23: Permuting round 1 ... 
INFO  @ Mon, 11 Sep 2023 18:50:24: Thread 0 started. 
INFO  @ Mon, 11 Sep 2023 18:50:24: Thread 0: total 18006 instances. 
INFO  @ Mon, 11 Sep 2023 18:50:24: Thread 0: Calculating A1CF (1) ...  
INFO  @ Mon, 11 Sep 2023 18:50:28: Thread 0: Calculating ARNT2 (1001) ...  
INFO  @ Mon, 11 Sep 2023 18:50:33: Thread 0: Calculating C2orf44 (2001) ...  
INFO  @ Mon, 11 Sep 2023 18:50:38: Thread 0: Calculating CERS6 (3001) ...  
INFO  @ Mon, 11 Sep 2023 18:50:42: Thread 0: Calculating DBH (4001) ...  
INFO  @ Mon, 11 Sep 2023 18:50:47: Thread 0: Calculating ERCC6L2 (5001) ...  
INFO  @ Mon, 11 Sep 2023 18:50:51: Thread 0: Calculating GANC (6001) ...  
INFO  @ Mon, 11 Sep 2023 18:50:56: Thread 0: Calculating HMBS (7001) ...  
INFO  @ Mon, 11 Sep 2023 18:51:01: Thread 0: Calculating KIAA1147 (8001) ...  
INFO  @ Mon, 11 Sep 2023 18:51:05: Thread 0: Calculating MAGOH (9001) ...  
INFO  @ Mon, 11 Sep 2023 18:51:10: Thread 0: Calculating NANOS3 (10001) ...  
INFO  @ Mon, 11 Sep 2023 18:51:14: Thread 0: Calculating PAXIP1 (11001) ...  
INFO  @ Mon, 11 Sep 2023 18:51:19: Thread 0: Calculating PRG4 (12001) ...  
INFO  @ Mon, 11 Sep 2023 18:51:24: Thread 0: Calculating RNF151 (13001) ...  
INFO  @ Mon, 11 Sep 2023 18:51:28: Thread 0: Calculating SLC25A11 (14001) ...  
INFO  @ Mon, 11 Sep 2023 18:51:33: Thread 0: Calculating SUMO4 (15001) ...  
INFO  @ Mon, 11 Sep 2023 18:51:38: Thread 0: Calculating TNKS2 (16001) ...  
INFO  @ Mon, 11 Sep 2023 18:51:42: Thread 0: Calculating WDHD1 (17001) ...  
INFO  @ Mon, 11 Sep 2023 18:51:47: Thread 0: Calculating ZYG11A (18001) ...  
INFO  @ Mon, 11 Sep 2023 18:51:47: Thread 0 completed. 
INFO  @ Mon, 11 Sep 2023 18:51:47: All threads completed. 
INFO  @ Mon, 11 Sep 2023 18:51:50: Assigning p values... 
INFO  @ Mon, 11 Sep 2023 18:51:51: Permuting groups of gene with 17 sgRNAs per gene. Group progress: 17/22 
INFO  @ Mon, 11 Sep 2023 18:51:51: Start permuting 2 rounds ... 
INFO  @ Mon, 11 Sep 2023 18:51:51: Collecting 90025 sgRNAs from 18006 genes. 
INFO  @ Mon, 11 Sep 2023 18:51:52: Permuting round 0 ... 
INFO  @ Mon, 11 Sep 2023 18:51:52: Thread 0 started. 
INFO  @ Mon, 11 Sep 2023 18:51:52: Thread 0: total 18006 instances. 
INFO  @ Mon, 11 Sep 2023 18:51:52: Thread 0: Calculating A1CF (1) ...  
INFO  @ Mon, 11 Sep 2023 18:51:57: Thread 0: Calculating ARNT2 (1001) ...  
INFO  @ Mon, 11 Sep 2023 18:52:02: Thread 0: Calculating C2orf44 (2001) ...  
INFO  @ Mon, 11 Sep 2023 18:52:07: Thread 0: Calculating CERS6 (3001) ...  
INFO  @ Mon, 11 Sep 2023 18:52:12: Thread 0: Calculating DBH (4001) ...  
INFO  @ Mon, 11 Sep 2023 18:52:16: Thread 0: Calculating ERCC6L2 (5001) ...  
INFO  @ Mon, 11 Sep 2023 18:52:21: Thread 0: Calculating GANC (6001) ...  
INFO  @ Mon, 11 Sep 2023 18:52:26: Thread 0: Calculating HMBS (7001) ...  
INFO  @ Mon, 11 Sep 2023 18:52:31: Thread 0: Calculating KIAA1147 (8001) ...  
INFO  @ Mon, 11 Sep 2023 18:52:36: Thread 0: Calculating MAGOH (9001) ...  
INFO  @ Mon, 11 Sep 2023 18:52:41: Thread 0: Calculating NANOS3 (10001) ...  
INFO  @ Mon, 11 Sep 2023 18:52:45: Thread 0: Calculating PAXIP1 (11001) ...  
INFO  @ Mon, 11 Sep 2023 18:52:50: Thread 0: Calculating PRG4 (12001) ...  
INFO  @ Mon, 11 Sep 2023 18:52:55: Thread 0: Calculating RNF151 (13001) ...  
INFO  @ Mon, 11 Sep 2023 18:53:00: Thread 0: Calculating SLC25A11 (14001) ...  
INFO  @ Mon, 11 Sep 2023 18:53:04: Thread 0: Calculating SUMO4 (15001) ...  
INFO  @ Mon, 11 Sep 2023 18:53:09: Thread 0: Calculating TNKS2 (16001) ...  
INFO  @ Mon, 11 Sep 2023 18:53:14: Thread 0: Calculating WDHD1 (17001) ...  
INFO  @ Mon, 11 Sep 2023 18:53:19: Thread 0: Calculating ZYG11A (18001) ...  
INFO  @ Mon, 11 Sep 2023 18:53:19: Thread 0 completed. 
INFO  @ Mon, 11 Sep 2023 18:53:19: All threads completed. 
INFO  @ Mon, 11 Sep 2023 18:53:22: Permuting round 1 ... 
INFO  @ Mon, 11 Sep 2023 18:53:23: Thread 0 started. 
INFO  @ Mon, 11 Sep 2023 18:53:23: Thread 0: total 18006 instances. 
INFO  @ Mon, 11 Sep 2023 18:53:23: Thread 0: Calculating A1CF (1) ...  
INFO  @ Mon, 11 Sep 2023 18:53:28: Thread 0: Calculating ARNT2 (1001) ...  
INFO  @ Mon, 11 Sep 2023 18:53:33: Thread 0: Calculating C2orf44 (2001) ...  
INFO  @ Mon, 11 Sep 2023 18:53:38: Thread 0: Calculating CERS6 (3001) ...  
INFO  @ Mon, 11 Sep 2023 18:53:42: Thread 0: Calculating DBH (4001) ...  
INFO  @ Mon, 11 Sep 2023 18:53:47: Thread 0: Calculating ERCC6L2 (5001) ...  
INFO  @ Mon, 11 Sep 2023 18:53:52: Thread 0: Calculating GANC (6001) ...  
INFO  @ Mon, 11 Sep 2023 18:53:57: Thread 0: Calculating HMBS (7001) ...  
INFO  @ Mon, 11 Sep 2023 18:54:02: Thread 0: Calculating KIAA1147 (8001) ...  
INFO  @ Mon, 11 Sep 2023 18:54:07: Thread 0: Calculating MAGOH (9001) ...  
INFO  @ Mon, 11 Sep 2023 18:54:12: Thread 0: Calculating NANOS3 (10001) ...  
INFO  @ Mon, 11 Sep 2023 18:54:17: Thread 0: Calculating PAXIP1 (11001) ...  
INFO  @ Mon, 11 Sep 2023 18:54:22: Thread 0: Calculating PRG4 (12001) ...  
INFO  @ Mon, 11 Sep 2023 18:54:27: Thread 0: Calculating RNF151 (13001) ...  
INFO  @ Mon, 11 Sep 2023 18:54:31: Thread 0: Calculating SLC25A11 (14001) ...  
INFO  @ Mon, 11 Sep 2023 18:54:36: Thread 0: Calculating SUMO4 (15001) ...  
INFO  @ Mon, 11 Sep 2023 18:54:41: Thread 0: Calculating TNKS2 (16001) ...  
INFO  @ Mon, 11 Sep 2023 18:54:46: Thread 0: Calculating WDHD1 (17001) ...  
INFO  @ Mon, 11 Sep 2023 18:54:51: Thread 0: Calculating ZYG11A (18001) ...  
INFO  @ Mon, 11 Sep 2023 18:54:51: Thread 0 completed. 
INFO  @ Mon, 11 Sep 2023 18:54:51: All threads completed. 
INFO  @ Mon, 11 Sep 2023 18:54:55: Assigning p values... 
INFO  @ Mon, 11 Sep 2023 18:54:55: Permuting groups of gene with 18 sgRNAs per gene. Group progress: 18/22 
INFO  @ Mon, 11 Sep 2023 18:54:55: Start permuting 2 rounds ... 
INFO  @ Mon, 11 Sep 2023 18:54:55: Collecting 90025 sgRNAs from 18006 genes. 
INFO  @ Mon, 11 Sep 2023 18:54:56: Permuting round 0 ... 
INFO  @ Mon, 11 Sep 2023 18:54:57: Thread 0 started. 
INFO  @ Mon, 11 Sep 2023 18:54:57: Thread 0: total 18006 instances. 
INFO  @ Mon, 11 Sep 2023 18:54:57: Thread 0: Calculating A1CF (1) ...  
INFO  @ Mon, 11 Sep 2023 18:55:02: Thread 0: Calculating ARNT2 (1001) ...  
INFO  @ Mon, 11 Sep 2023 18:55:06: Thread 0: Calculating C2orf44 (2001) ...  
INFO  @ Mon, 11 Sep 2023 18:55:11: Thread 0: Calculating CERS6 (3001) ...  
INFO  @ Mon, 11 Sep 2023 18:55:16: Thread 0: Calculating DBH (4001) ...  
INFO  @ Mon, 11 Sep 2023 18:55:21: Thread 0: Calculating ERCC6L2 (5001) ...  
INFO  @ Mon, 11 Sep 2023 18:55:26: Thread 0: Calculating GANC (6001) ...  
INFO  @ Mon, 11 Sep 2023 18:55:30: Thread 0: Calculating HMBS (7001) ...  
INFO  @ Mon, 11 Sep 2023 18:55:35: Thread 0: Calculating KIAA1147 (8001) ...  
INFO  @ Mon, 11 Sep 2023 18:55:40: Thread 0: Calculating MAGOH (9001) ...  
INFO  @ Mon, 11 Sep 2023 18:55:45: Thread 0: Calculating NANOS3 (10001) ...  
INFO  @ Mon, 11 Sep 2023 18:55:50: Thread 0: Calculating PAXIP1 (11001) ...  
INFO  @ Mon, 11 Sep 2023 18:55:54: Thread 0: Calculating PRG4 (12001) ...  
INFO  @ Mon, 11 Sep 2023 18:55:59: Thread 0: Calculating RNF151 (13001) ...  
INFO  @ Mon, 11 Sep 2023 18:56:04: Thread 0: Calculating SLC25A11 (14001) ...  
INFO  @ Mon, 11 Sep 2023 18:56:09: Thread 0: Calculating SUMO4 (15001) ...  
INFO  @ Mon, 11 Sep 2023 18:56:14: Thread 0: Calculating TNKS2 (16001) ...  
INFO  @ Mon, 11 Sep 2023 18:56:19: Thread 0: Calculating WDHD1 (17001) ...  
INFO  @ Mon, 11 Sep 2023 18:56:23: Thread 0: Calculating ZYG11A (18001) ...  
INFO  @ Mon, 11 Sep 2023 18:56:23: Thread 0 completed. 
INFO  @ Mon, 11 Sep 2023 18:56:23: All threads completed. 
INFO  @ Mon, 11 Sep 2023 18:56:27: Permuting round 1 ... 
INFO  @ Mon, 11 Sep 2023 18:56:27: Thread 0 started. 
INFO  @ Mon, 11 Sep 2023 18:56:27: Thread 0: total 18006 instances. 
INFO  @ Mon, 11 Sep 2023 18:56:28: Thread 0: Calculating A1CF (1) ...  
INFO  @ Mon, 11 Sep 2023 18:56:33: Thread 0: Calculating ARNT2 (1001) ...  
INFO  @ Mon, 11 Sep 2023 18:56:38: Thread 0: Calculating C2orf44 (2001) ...  
INFO  @ Mon, 11 Sep 2023 18:56:43: Thread 0: Calculating CERS6 (3001) ...  
INFO  @ Mon, 11 Sep 2023 18:56:48: Thread 0: Calculating DBH (4001) ...  
INFO  @ Mon, 11 Sep 2023 18:56:53: Thread 0: Calculating ERCC6L2 (5001) ...  
INFO  @ Mon, 11 Sep 2023 18:56:58: Thread 0: Calculating GANC (6001) ...  
INFO  @ Mon, 11 Sep 2023 18:57:03: Thread 0: Calculating HMBS (7001) ...  
INFO  @ Mon, 11 Sep 2023 18:57:08: Thread 0: Calculating KIAA1147 (8001) ...  
INFO  @ Mon, 11 Sep 2023 18:57:13: Thread 0: Calculating MAGOH (9001) ...  
INFO  @ Mon, 11 Sep 2023 18:57:18: Thread 0: Calculating NANOS3 (10001) ...  
INFO  @ Mon, 11 Sep 2023 18:57:23: Thread 0: Calculating PAXIP1 (11001) ...  
INFO  @ Mon, 11 Sep 2023 18:57:28: Thread 0: Calculating PRG4 (12001) ...  
INFO  @ Mon, 11 Sep 2023 18:57:33: Thread 0: Calculating RNF151 (13001) ...  
INFO  @ Mon, 11 Sep 2023 18:57:38: Thread 0: Calculating SLC25A11 (14001) ...  
INFO  @ Mon, 11 Sep 2023 18:57:43: Thread 0: Calculating SUMO4 (15001) ...  
INFO  @ Mon, 11 Sep 2023 18:57:48: Thread 0: Calculating TNKS2 (16001) ...  
INFO  @ Mon, 11 Sep 2023 18:57:54: Thread 0: Calculating WDHD1 (17001) ...  
INFO  @ Mon, 11 Sep 2023 18:57:59: Thread 0: Calculating ZYG11A (18001) ...  
INFO  @ Mon, 11 Sep 2023 18:57:59: Thread 0 completed. 
INFO  @ Mon, 11 Sep 2023 18:57:59: All threads completed. 
INFO  @ Mon, 11 Sep 2023 18:58:03: Assigning p values... 
INFO  @ Mon, 11 Sep 2023 18:58:03: Permuting groups of gene with 19 sgRNAs per gene. Group progress: 19/22 
INFO  @ Mon, 11 Sep 2023 18:58:03: Start permuting 2 rounds ... 
INFO  @ Mon, 11 Sep 2023 18:58:03: Collecting 90025 sgRNAs from 18006 genes. 
INFO  @ Mon, 11 Sep 2023 18:58:04: Permuting round 0 ... 
INFO  @ Mon, 11 Sep 2023 18:58:04: Thread 0 started. 
INFO  @ Mon, 11 Sep 2023 18:58:05: Thread 0: total 18006 instances. 
INFO  @ Mon, 11 Sep 2023 18:58:05: Thread 0: Calculating A1CF (1) ...  
INFO  @ Mon, 11 Sep 2023 18:58:10: Thread 0: Calculating ARNT2 (1001) ...  
INFO  @ Mon, 11 Sep 2023 18:58:15: Thread 0: Calculating C2orf44 (2001) ...  
INFO  @ Mon, 11 Sep 2023 18:58:20: Thread 0: Calculating CERS6 (3001) ...  
INFO  @ Mon, 11 Sep 2023 18:58:25: Thread 0: Calculating DBH (4001) ...  
INFO  @ Mon, 11 Sep 2023 18:58:30: Thread 0: Calculating ERCC6L2 (5001) ...  
INFO  @ Mon, 11 Sep 2023 18:58:35: Thread 0: Calculating GANC (6001) ...  
INFO  @ Mon, 11 Sep 2023 18:58:40: Thread 0: Calculating HMBS (7001) ...  
INFO  @ Mon, 11 Sep 2023 18:58:45: Thread 0: Calculating KIAA1147 (8001) ...  
INFO  @ Mon, 11 Sep 2023 18:58:50: Thread 0: Calculating MAGOH (9001) ...  
INFO  @ Mon, 11 Sep 2023 18:58:55: Thread 0: Calculating NANOS3 (10001) ...  
INFO  @ Mon, 11 Sep 2023 18:59:00: Thread 0: Calculating PAXIP1 (11001) ...  
INFO  @ Mon, 11 Sep 2023 18:59:05: Thread 0: Calculating PRG4 (12001) ...  
INFO  @ Mon, 11 Sep 2023 18:59:10: Thread 0: Calculating RNF151 (13001) ...  
INFO  @ Mon, 11 Sep 2023 18:59:15: Thread 0: Calculating SLC25A11 (14001) ...  
INFO  @ Mon, 11 Sep 2023 18:59:20: Thread 0: Calculating SUMO4 (15001) ...  
INFO  @ Mon, 11 Sep 2023 18:59:25: Thread 0: Calculating TNKS2 (16001) ...  
INFO  @ Mon, 11 Sep 2023 18:59:30: Thread 0: Calculating WDHD1 (17001) ...  
INFO  @ Mon, 11 Sep 2023 18:59:35: Thread 0: Calculating ZYG11A (18001) ...  
INFO  @ Mon, 11 Sep 2023 18:59:35: Thread 0 completed. 
INFO  @ Mon, 11 Sep 2023 18:59:35: All threads completed. 
INFO  @ Mon, 11 Sep 2023 18:59:39: Permuting round 1 ... 
INFO  @ Mon, 11 Sep 2023 18:59:39: Thread 0 started. 
INFO  @ Mon, 11 Sep 2023 18:59:39: Thread 0: total 18006 instances. 
INFO  @ Mon, 11 Sep 2023 18:59:39: Thread 0: Calculating A1CF (1) ...  
INFO  @ Mon, 11 Sep 2023 18:59:45: Thread 0: Calculating ARNT2 (1001) ...  
INFO  @ Mon, 11 Sep 2023 18:59:50: Thread 0: Calculating C2orf44 (2001) ...  
INFO  @ Mon, 11 Sep 2023 18:59:55: Thread 0: Calculating CERS6 (3001) ...  
INFO  @ Mon, 11 Sep 2023 19:00:00: Thread 0: Calculating DBH (4001) ...  
INFO  @ Mon, 11 Sep 2023 19:00:05: Thread 0: Calculating ERCC6L2 (5001) ...  
INFO  @ Mon, 11 Sep 2023 19:00:10: Thread 0: Calculating GANC (6001) ...  
INFO  @ Mon, 11 Sep 2023 19:00:15: Thread 0: Calculating HMBS (7001) ...  
INFO  @ Mon, 11 Sep 2023 19:00:20: Thread 0: Calculating KIAA1147 (8001) ...  
INFO  @ Mon, 11 Sep 2023 19:00:25: Thread 0: Calculating MAGOH (9001) ...  
INFO  @ Mon, 11 Sep 2023 19:00:30: Thread 0: Calculating NANOS3 (10001) ...  
INFO  @ Mon, 11 Sep 2023 19:00:36: Thread 0: Calculating PAXIP1 (11001) ...  
INFO  @ Mon, 11 Sep 2023 19:00:41: Thread 0: Calculating PRG4 (12001) ...  
INFO  @ Mon, 11 Sep 2023 19:00:46: Thread 0: Calculating RNF151 (13001) ...  
INFO  @ Mon, 11 Sep 2023 19:00:51: Thread 0: Calculating SLC25A11 (14001) ...  
INFO  @ Mon, 11 Sep 2023 19:00:56: Thread 0: Calculating SUMO4 (15001) ...  
INFO  @ Mon, 11 Sep 2023 19:01:01: Thread 0: Calculating TNKS2 (16001) ...  
INFO  @ Mon, 11 Sep 2023 19:01:06: Thread 0: Calculating WDHD1 (17001) ...  
INFO  @ Mon, 11 Sep 2023 19:01:12: Thread 0: Calculating ZYG11A (18001) ...  
INFO  @ Mon, 11 Sep 2023 19:01:12: Thread 0 completed. 
INFO  @ Mon, 11 Sep 2023 19:01:12: All threads completed. 
INFO  @ Mon, 11 Sep 2023 19:01:15: Assigning p values... 
INFO  @ Mon, 11 Sep 2023 19:01:16: Permuting groups of gene with 22 sgRNAs per gene. Group progress: 20/22 
INFO  @ Mon, 11 Sep 2023 19:01:16: Start permuting 2 rounds ... 
INFO  @ Mon, 11 Sep 2023 19:01:16: Collecting 90025 sgRNAs from 18006 genes. 
INFO  @ Mon, 11 Sep 2023 19:01:17: Permuting round 0 ... 
INFO  @ Mon, 11 Sep 2023 19:01:17: Thread 0 started. 
INFO  @ Mon, 11 Sep 2023 19:01:17: Thread 0: total 18006 instances. 
INFO  @ Mon, 11 Sep 2023 19:01:17: Thread 0: Calculating A1CF (1) ...  
INFO  @ Mon, 11 Sep 2023 19:01:23: Thread 0: Calculating ARNT2 (1001) ...  
INFO  @ Mon, 11 Sep 2023 19:01:29: Thread 0: Calculating C2orf44 (2001) ...  
INFO  @ Mon, 11 Sep 2023 19:01:35: Thread 0: Calculating CERS6 (3001) ...  
INFO  @ Mon, 11 Sep 2023 19:01:41: Thread 0: Calculating DBH (4001) ...  
INFO  @ Mon, 11 Sep 2023 19:01:46: Thread 0: Calculating ERCC6L2 (5001) ...  
INFO  @ Mon, 11 Sep 2023 19:01:52: Thread 0: Calculating GANC (6001) ...  
INFO  @ Mon, 11 Sep 2023 19:01:58: Thread 0: Calculating HMBS (7001) ...  
INFO  @ Mon, 11 Sep 2023 19:02:04: Thread 0: Calculating KIAA1147 (8001) ...  
INFO  @ Mon, 11 Sep 2023 19:02:10: Thread 0: Calculating MAGOH (9001) ...  
INFO  @ Mon, 11 Sep 2023 19:02:16: Thread 0: Calculating NANOS3 (10001) ...  
INFO  @ Mon, 11 Sep 2023 19:02:21: Thread 0: Calculating PAXIP1 (11001) ...  
INFO  @ Mon, 11 Sep 2023 19:02:27: Thread 0: Calculating PRG4 (12001) ...  
INFO  @ Mon, 11 Sep 2023 19:02:33: Thread 0: Calculating RNF151 (13001) ...  
INFO  @ Mon, 11 Sep 2023 19:02:39: Thread 0: Calculating SLC25A11 (14001) ...  
INFO  @ Mon, 11 Sep 2023 19:02:44: Thread 0: Calculating SUMO4 (15001) ...  
INFO  @ Mon, 11 Sep 2023 19:02:50: Thread 0: Calculating TNKS2 (16001) ...  
INFO  @ Mon, 11 Sep 2023 19:02:56: Thread 0: Calculating WDHD1 (17001) ...  
INFO  @ Mon, 11 Sep 2023 19:03:02: Thread 0: Calculating ZYG11A (18001) ...  
INFO  @ Mon, 11 Sep 2023 19:03:02: Thread 0 completed. 
INFO  @ Mon, 11 Sep 2023 19:03:02: All threads completed. 
INFO  @ Mon, 11 Sep 2023 19:03:05: Permuting round 1 ... 
INFO  @ Mon, 11 Sep 2023 19:03:06: Thread 0 started. 
INFO  @ Mon, 11 Sep 2023 19:03:06: Thread 0: total 18006 instances. 
INFO  @ Mon, 11 Sep 2023 19:03:06: Thread 0: Calculating A1CF (1) ...  
INFO  @ Mon, 11 Sep 2023 19:03:12: Thread 0: Calculating ARNT2 (1001) ...  
INFO  @ Mon, 11 Sep 2023 19:03:18: Thread 0: Calculating C2orf44 (2001) ...  
INFO  @ Mon, 11 Sep 2023 19:03:24: Thread 0: Calculating CERS6 (3001) ...  
INFO  @ Mon, 11 Sep 2023 19:03:30: Thread 0: Calculating DBH (4001) ...  
INFO  @ Mon, 11 Sep 2023 19:03:35: Thread 0: Calculating ERCC6L2 (5001) ...  
INFO  @ Mon, 11 Sep 2023 19:03:41: Thread 0: Calculating GANC (6001) ...  
INFO  @ Mon, 11 Sep 2023 19:03:47: Thread 0: Calculating HMBS (7001) ...  
INFO  @ Mon, 11 Sep 2023 19:03:53: Thread 0: Calculating KIAA1147 (8001) ...  
INFO  @ Mon, 11 Sep 2023 19:03:59: Thread 0: Calculating MAGOH (9001) ...  
INFO  @ Mon, 11 Sep 2023 19:04:04: Thread 0: Calculating NANOS3 (10001) ...  
INFO  @ Mon, 11 Sep 2023 19:04:10: Thread 0: Calculating PAXIP1 (11001) ...  
INFO  @ Mon, 11 Sep 2023 19:04:16: Thread 0: Calculating PRG4 (12001) ...  
INFO  @ Mon, 11 Sep 2023 19:04:22: Thread 0: Calculating RNF151 (13001) ...  
INFO  @ Mon, 11 Sep 2023 19:04:27: Thread 0: Calculating SLC25A11 (14001) ...  
INFO  @ Mon, 11 Sep 2023 19:04:33: Thread 0: Calculating SUMO4 (15001) ...  
INFO  @ Mon, 11 Sep 2023 19:04:39: Thread 0: Calculating TNKS2 (16001) ...  
INFO  @ Mon, 11 Sep 2023 19:04:44: Thread 0: Calculating WDHD1 (17001) ...  
INFO  @ Mon, 11 Sep 2023 19:04:50: Thread 0: Calculating ZYG11A (18001) ...  
INFO  @ Mon, 11 Sep 2023 19:04:50: Thread 0 completed. 
INFO  @ Mon, 11 Sep 2023 19:04:50: All threads completed. 
INFO  @ Mon, 11 Sep 2023 19:04:54: Assigning p values... 
INFO  @ Mon, 11 Sep 2023 19:04:54: Permuting groups of gene with 23 sgRNAs per gene. Group progress: 21/22 
INFO  @ Mon, 11 Sep 2023 19:04:54: Start permuting 2 rounds ... 
INFO  @ Mon, 11 Sep 2023 19:04:55: Collecting 90025 sgRNAs from 18006 genes. 
INFO  @ Mon, 11 Sep 2023 19:04:56: Permuting round 0 ... 
INFO  @ Mon, 11 Sep 2023 19:04:56: Thread 0 started. 
INFO  @ Mon, 11 Sep 2023 19:04:56: Thread 0: total 18006 instances. 
INFO  @ Mon, 11 Sep 2023 19:04:56: Thread 0: Calculating A1CF (1) ...  
INFO  @ Mon, 11 Sep 2023 19:05:02: Thread 0: Calculating ARNT2 (1001) ...  
INFO  @ Mon, 11 Sep 2023 19:05:08: Thread 0: Calculating C2orf44 (2001) ...  
INFO  @ Mon, 11 Sep 2023 19:05:14: Thread 0: Calculating CERS6 (3001) ...  
INFO  @ Mon, 11 Sep 2023 19:05:20: Thread 0: Calculating DBH (4001) ...  
INFO  @ Mon, 11 Sep 2023 19:05:26: Thread 0: Calculating ERCC6L2 (5001) ...  
INFO  @ Mon, 11 Sep 2023 19:05:32: Thread 0: Calculating GANC (6001) ...  
INFO  @ Mon, 11 Sep 2023 19:05:38: Thread 0: Calculating HMBS (7001) ...  
INFO  @ Mon, 11 Sep 2023 19:05:44: Thread 0: Calculating KIAA1147 (8001) ...  
INFO  @ Mon, 11 Sep 2023 19:05:50: Thread 0: Calculating MAGOH (9001) ...  
INFO  @ Mon, 11 Sep 2023 19:05:55: Thread 0: Calculating NANOS3 (10001) ...  
INFO  @ Mon, 11 Sep 2023 19:06:01: Thread 0: Calculating PAXIP1 (11001) ...  
INFO  @ Mon, 11 Sep 2023 19:06:07: Thread 0: Calculating PRG4 (12001) ...  
INFO  @ Mon, 11 Sep 2023 19:06:13: Thread 0: Calculating RNF151 (13001) ...  
INFO  @ Mon, 11 Sep 2023 19:06:19: Thread 0: Calculating SLC25A11 (14001) ...  
INFO  @ Mon, 11 Sep 2023 19:06:25: Thread 0: Calculating SUMO4 (15001) ...  
INFO  @ Mon, 11 Sep 2023 19:06:31: Thread 0: Calculating TNKS2 (16001) ...  
INFO  @ Mon, 11 Sep 2023 19:06:37: Thread 0: Calculating WDHD1 (17001) ...  
INFO  @ Mon, 11 Sep 2023 19:06:43: Thread 0: Calculating ZYG11A (18001) ...  
INFO  @ Mon, 11 Sep 2023 19:06:43: Thread 0 completed. 
INFO  @ Mon, 11 Sep 2023 19:06:43: All threads completed. 
INFO  @ Mon, 11 Sep 2023 19:06:47: Permuting round 1 ... 
INFO  @ Mon, 11 Sep 2023 19:06:48: Thread 0 started. 
INFO  @ Mon, 11 Sep 2023 19:06:48: Thread 0: total 18006 instances. 
INFO  @ Mon, 11 Sep 2023 19:06:48: Thread 0: Calculating A1CF (1) ...  
INFO  @ Mon, 11 Sep 2023 19:06:54: Thread 0: Calculating ARNT2 (1001) ...  
INFO  @ Mon, 11 Sep 2023 19:07:00: Thread 0: Calculating C2orf44 (2001) ...  
INFO  @ Mon, 11 Sep 2023 19:07:06: Thread 0: Calculating CERS6 (3001) ...  
INFO  @ Mon, 11 Sep 2023 19:07:12: Thread 0: Calculating DBH (4001) ...  
INFO  @ Mon, 11 Sep 2023 19:07:18: Thread 0: Calculating ERCC6L2 (5001) ...  
INFO  @ Mon, 11 Sep 2023 19:07:24: Thread 0: Calculating GANC (6001) ...  
INFO  @ Mon, 11 Sep 2023 19:07:30: Thread 0: Calculating HMBS (7001) ...  
INFO  @ Mon, 11 Sep 2023 19:07:36: Thread 0: Calculating KIAA1147 (8001) ...  
INFO  @ Mon, 11 Sep 2023 19:07:41: Thread 0: Calculating MAGOH (9001) ...  
INFO  @ Mon, 11 Sep 2023 19:07:47: Thread 0: Calculating NANOS3 (10001) ...  
INFO  @ Mon, 11 Sep 2023 19:07:53: Thread 0: Calculating PAXIP1 (11001) ...  
INFO  @ Mon, 11 Sep 2023 19:07:59: Thread 0: Calculating PRG4 (12001) ...  
INFO  @ Mon, 11 Sep 2023 19:08:05: Thread 0: Calculating RNF151 (13001) ...  
INFO  @ Mon, 11 Sep 2023 19:08:11: Thread 0: Calculating SLC25A11 (14001) ...  
INFO  @ Mon, 11 Sep 2023 19:08:17: Thread 0: Calculating SUMO4 (15001) ...  
INFO  @ Mon, 11 Sep 2023 19:08:23: Thread 0: Calculating TNKS2 (16001) ...  
INFO  @ Mon, 11 Sep 2023 19:08:29: Thread 0: Calculating WDHD1 (17001) ...  
INFO  @ Mon, 11 Sep 2023 19:08:35: Thread 0: Calculating ZYG11A (18001) ...  
INFO  @ Mon, 11 Sep 2023 19:08:35: Thread 0 completed. 
INFO  @ Mon, 11 Sep 2023 19:08:35: All threads completed. 
INFO  @ Mon, 11 Sep 2023 19:08:39: Assigning p values... 
INFO  @ Mon, 11 Sep 2023 19:08:39: Permuting groups of gene with 26 sgRNAs per gene. Group progress: 22/22 
INFO  @ Mon, 11 Sep 2023 19:08:39: Start permuting 2 rounds ... 
INFO  @ Mon, 11 Sep 2023 19:08:39: Collecting 90025 sgRNAs from 18006 genes. 
INFO  @ Mon, 11 Sep 2023 19:08:40: Permuting round 0 ... 
INFO  @ Mon, 11 Sep 2023 19:08:41: Thread 0 started. 
INFO  @ Mon, 11 Sep 2023 19:08:41: Thread 0: total 18006 instances. 
INFO  @ Mon, 11 Sep 2023 19:08:41: Thread 0: Calculating A1CF (1) ...  
INFO  @ Mon, 11 Sep 2023 19:08:48: Thread 0: Calculating ARNT2 (1001) ...  
INFO  @ Mon, 11 Sep 2023 19:08:54: Thread 0: Calculating C2orf44 (2001) ...  
INFO  @ Mon, 11 Sep 2023 19:09:01: Thread 0: Calculating CERS6 (3001) ...  
INFO  @ Mon, 11 Sep 2023 19:09:07: Thread 0: Calculating DBH (4001) ...  
INFO  @ Mon, 11 Sep 2023 19:09:14: Thread 0: Calculating ERCC6L2 (5001) ...  
INFO  @ Mon, 11 Sep 2023 19:09:20: Thread 0: Calculating GANC (6001) ...  
INFO  @ Mon, 11 Sep 2023 19:09:27: Thread 0: Calculating HMBS (7001) ...  
INFO  @ Mon, 11 Sep 2023 19:09:33: Thread 0: Calculating KIAA1147 (8001) ...  
INFO  @ Mon, 11 Sep 2023 19:09:40: Thread 0: Calculating MAGOH (9001) ...  
INFO  @ Mon, 11 Sep 2023 19:09:46: Thread 0: Calculating NANOS3 (10001) ...  
INFO  @ Mon, 11 Sep 2023 19:09:53: Thread 0: Calculating PAXIP1 (11001) ...  
INFO  @ Mon, 11 Sep 2023 19:10:00: Thread 0: Calculating PRG4 (12001) ...  
INFO  @ Mon, 11 Sep 2023 19:10:06: Thread 0: Calculating RNF151 (13001) ...  
INFO  @ Mon, 11 Sep 2023 19:10:13: Thread 0: Calculating SLC25A11 (14001) ...  
INFO  @ Mon, 11 Sep 2023 19:10:19: Thread 0: Calculating SUMO4 (15001) ...  
INFO  @ Mon, 11 Sep 2023 19:10:26: Thread 0: Calculating TNKS2 (16001) ...  
INFO  @ Mon, 11 Sep 2023 19:10:32: Thread 0: Calculating WDHD1 (17001) ...  
INFO  @ Mon, 11 Sep 2023 19:10:39: Thread 0: Calculating ZYG11A (18001) ...  
INFO  @ Mon, 11 Sep 2023 19:10:39: Thread 0 completed. 
INFO  @ Mon, 11 Sep 2023 19:10:39: All threads completed. 
INFO  @ Mon, 11 Sep 2023 19:10:43: Permuting round 1 ... 
INFO  @ Mon, 11 Sep 2023 19:10:43: Thread 0 started. 
INFO  @ Mon, 11 Sep 2023 19:10:43: Thread 0: total 18006 instances. 
INFO  @ Mon, 11 Sep 2023 19:10:43: Thread 0: Calculating A1CF (1) ...  
INFO  @ Mon, 11 Sep 2023 19:10:50: Thread 0: Calculating ARNT2 (1001) ...  
INFO  @ Mon, 11 Sep 2023 19:10:56: Thread 0: Calculating C2orf44 (2001) ...  
INFO  @ Mon, 11 Sep 2023 19:11:03: Thread 0: Calculating CERS6 (3001) ...  
INFO  @ Mon, 11 Sep 2023 19:11:10: Thread 0: Calculating DBH (4001) ...  
INFO  @ Mon, 11 Sep 2023 19:11:16: Thread 0: Calculating ERCC6L2 (5001) ...  
INFO  @ Mon, 11 Sep 2023 19:11:23: Thread 0: Calculating GANC (6001) ...  
INFO  @ Mon, 11 Sep 2023 19:11:29: Thread 0: Calculating HMBS (7001) ...  
INFO  @ Mon, 11 Sep 2023 19:11:36: Thread 0: Calculating KIAA1147 (8001) ...  
INFO  @ Mon, 11 Sep 2023 19:11:42: Thread 0: Calculating MAGOH (9001) ...  
INFO  @ Mon, 11 Sep 2023 19:11:49: Thread 0: Calculating NANOS3 (10001) ...  
INFO  @ Mon, 11 Sep 2023 19:11:56: Thread 0: Calculating PAXIP1 (11001) ...  
INFO  @ Mon, 11 Sep 2023 19:12:02: Thread 0: Calculating PRG4 (12001) ...  
INFO  @ Mon, 11 Sep 2023 19:12:09: Thread 0: Calculating RNF151 (13001) ...  
INFO  @ Mon, 11 Sep 2023 19:12:15: Thread 0: Calculating SLC25A11 (14001) ...  
INFO  @ Mon, 11 Sep 2023 19:12:22: Thread 0: Calculating SUMO4 (15001) ...  
INFO  @ Mon, 11 Sep 2023 19:12:28: Thread 0: Calculating TNKS2 (16001) ...  
INFO  @ Mon, 11 Sep 2023 19:12:35: Thread 0: Calculating WDHD1 (17001) ...  
INFO  @ Mon, 11 Sep 2023 19:12:41: Thread 0: Calculating ZYG11A (18001) ...  
INFO  @ Mon, 11 Sep 2023 19:12:41: Thread 0 completed. 
INFO  @ Mon, 11 Sep 2023 19:12:41: All threads completed. 
INFO  @ Mon, 11 Sep 2023 19:12:45: Assigning p values... 
INFO  @ Mon, 11 Sep 2023 19:12:46: Writing gene results to Mel202.gene_summary.txt 
INFO  @ Mon, 11 Sep 2023 19:12:46: Writing sgRNA results to Mel202.sgrna_summary.txt 
