INFO  @ Wed, 22 Feb 2023 15:21:48: Parameters: /home/alessandro.vinceti/miniconda3/envs/mageckenv/bin/mageck mle -k /group/iorio/Alessandro/David_Adams_analysis/results/Mel285/Mel285_count_norm.tsv -d /group/iorio/Alessandro/David_Adams_analysis/results/Mel285/design_matrix.tsv -n Mel285 
INFO  @ Wed, 22 Feb 2023 15:21:50: Cannot parse design matrix as a string; try to parse it as a file name ... 
INFO  @ Wed, 22 Feb 2023 15:21:50: Design matrix: 
INFO  @ Wed, 22 Feb 2023 15:21:50: [[1. 0.] 
INFO  @ Wed, 22 Feb 2023 15:21:50:  [1. 1.] 
INFO  @ Wed, 22 Feb 2023 15:21:50:  [1. 1.] 
INFO  @ Wed, 22 Feb 2023 15:21:50:  [1. 1.]] 
INFO  @ Wed, 22 Feb 2023 15:21:50: Beta labels:baseline,Mel285 
INFO  @ Wed, 22 Feb 2023 15:21:50: Included samples:Plasmid,Mel285_R5,Mel285_R6,Mel285_R7 
INFO  @ Wed, 22 Feb 2023 15:21:50: Loaded samples:Plasmid;Mel285_R5;Mel285_R6;Mel285_R7 
INFO  @ Wed, 22 Feb 2023 15:21:50: Sample index: 0;1;2;3 
INFO  @ Wed, 22 Feb 2023 15:21:51: Loaded 18006 genes. 
DEBUG @ Wed, 22 Feb 2023 15:21:51: Initial (total) size factor: 0.9999999999999751 1.0000000000000147 1.0000000000000038 1.0000000000000069 
DEBUG @ Wed, 22 Feb 2023 15:21:51: Median factor: 0.9677228104991822 1.032888872147884 1.0162833644246276 1.0231926590301317 
INFO  @ Wed, 22 Feb 2023 15:21:51: Final size factor: 0.9677228104991822 1.032888872147884 1.0162833644246276 1.0231926590301317 
INFO  @ Wed, 22 Feb 2023 15:21:51: size factor: 1.0333537549705667,0.9681583633682762,0.9839775352085522,0.977333047862056 
INFO  @ Wed, 22 Feb 2023 15:21:52: Thread 0 started. 
INFO  @ Wed, 22 Feb 2023 15:21:52: Thread 0: total 1 instances. 
INFO  @ Wed, 22 Feb 2023 15:21:52: Thread 0 completed. 
INFO  @ Wed, 22 Feb 2023 15:21:52: All threads completed. 
INFO  @ Wed, 22 Feb 2023 15:21:52: Modeling the mean and variance ... 
INFO  @ Wed, 22 Feb 2023 15:21:52: Run the algorithm for the second time ... 
INFO  @ Wed, 22 Feb 2023 15:21:52: Thread 0 started. 
INFO  @ Wed, 22 Feb 2023 15:21:52: Thread 0: total 18006 instances. 
INFO  @ Wed, 22 Feb 2023 15:21:52: Thread 0: Calculating A1CF (1) ...  
INFO  @ Wed, 22 Feb 2023 15:21:55: Thread 0: Calculating ARNT2 (1001) ...  
INFO  @ Wed, 22 Feb 2023 15:21:59: Thread 0: Calculating C2orf44 (2001) ...  
INFO  @ Wed, 22 Feb 2023 15:22:03: Thread 0: Calculating CERS6 (3001) ...  
INFO  @ Wed, 22 Feb 2023 15:22:07: Thread 0: Calculating DBH (4001) ...  
INFO  @ Wed, 22 Feb 2023 15:22:11: Thread 0: Calculating ERCC6L2 (5001) ...  
INFO  @ Wed, 22 Feb 2023 15:22:14: Thread 0: Calculating GANC (6001) ...  
INFO  @ Wed, 22 Feb 2023 15:22:18: Thread 0: Calculating HMBS (7001) ...  
INFO  @ Wed, 22 Feb 2023 15:22:22: Thread 0: Calculating KIAA1147 (8001) ...  
INFO  @ Wed, 22 Feb 2023 15:22:25: Thread 0: Calculating MAGOH (9001) ...  
INFO  @ Wed, 22 Feb 2023 15:22:29: Thread 0: Calculating NANOS3 (10001) ...  
INFO  @ Wed, 22 Feb 2023 15:22:33: Thread 0: Calculating PAXIP1 (11001) ...  
INFO  @ Wed, 22 Feb 2023 15:22:36: Thread 0: Calculating PRG4 (12001) ...  
INFO  @ Wed, 22 Feb 2023 15:22:40: Thread 0: Calculating RNF151 (13001) ...  
INFO  @ Wed, 22 Feb 2023 15:22:44: Thread 0: Calculating SLC25A11 (14001) ...  
INFO  @ Wed, 22 Feb 2023 15:22:47: Thread 0: Calculating SUMO4 (15001) ...  
INFO  @ Wed, 22 Feb 2023 15:22:51: Thread 0: Calculating TNKS2 (16001) ...  
INFO  @ Wed, 22 Feb 2023 15:22:54: Thread 0: Calculating WDHD1 (17001) ...  
INFO  @ Wed, 22 Feb 2023 15:22:58: Thread 0: Calculating ZYG11A (18001) ...  
INFO  @ Wed, 22 Feb 2023 15:22:58: Thread 0 completed. 
INFO  @ Wed, 22 Feb 2023 15:22:58: All threads completed. 
INFO  @ Wed, 22 Feb 2023 15:23:00: Permuting groups of gene with 1 sgRNAs per gene. Group progress: 1/22 
INFO  @ Wed, 22 Feb 2023 15:23:00: Start permuting 2 rounds ... 
INFO  @ Wed, 22 Feb 2023 15:23:01: Collecting 90025 sgRNAs from 18006 genes. 
INFO  @ Wed, 22 Feb 2023 15:23:02: Permuting round 0 ... 
INFO  @ Wed, 22 Feb 2023 15:23:02: Thread 0 started. 
INFO  @ Wed, 22 Feb 2023 15:23:02: Thread 0: total 18006 instances. 
INFO  @ Wed, 22 Feb 2023 15:23:02: Thread 0: Calculating A1CF (1) ...  
INFO  @ Wed, 22 Feb 2023 15:23:04: Thread 0: Calculating ARNT2 (1001) ...  
INFO  @ Wed, 22 Feb 2023 15:23:06: Thread 0: Calculating C2orf44 (2001) ...  
INFO  @ Wed, 22 Feb 2023 15:23:09: Thread 0: Calculating CERS6 (3001) ...  
INFO  @ Wed, 22 Feb 2023 15:23:11: Thread 0: Calculating DBH (4001) ...  
INFO  @ Wed, 22 Feb 2023 15:23:13: Thread 0: Calculating ERCC6L2 (5001) ...  
INFO  @ Wed, 22 Feb 2023 15:23:15: Thread 0: Calculating GANC (6001) ...  
INFO  @ Wed, 22 Feb 2023 15:23:17: Thread 0: Calculating HMBS (7001) ...  
INFO  @ Wed, 22 Feb 2023 15:23:19: Thread 0: Calculating KIAA1147 (8001) ...  
INFO  @ Wed, 22 Feb 2023 15:23:21: Thread 0: Calculating MAGOH (9001) ...  
INFO  @ Wed, 22 Feb 2023 15:23:23: Thread 0: Calculating NANOS3 (10001) ...  
INFO  @ Wed, 22 Feb 2023 15:23:25: Thread 0: Calculating PAXIP1 (11001) ...  
INFO  @ Wed, 22 Feb 2023 15:23:28: Thread 0: Calculating PRG4 (12001) ...  
INFO  @ Wed, 22 Feb 2023 15:23:30: Thread 0: Calculating RNF151 (13001) ...  
INFO  @ Wed, 22 Feb 2023 15:23:32: Thread 0: Calculating SLC25A11 (14001) ...  
INFO  @ Wed, 22 Feb 2023 15:23:34: Thread 0: Calculating SUMO4 (15001) ...  
INFO  @ Wed, 22 Feb 2023 15:23:36: Thread 0: Calculating TNKS2 (16001) ...  
INFO  @ Wed, 22 Feb 2023 15:23:38: Thread 0: Calculating WDHD1 (17001) ...  
INFO  @ Wed, 22 Feb 2023 15:23:41: Thread 0: Calculating ZYG11A (18001) ...  
INFO  @ Wed, 22 Feb 2023 15:23:41: Thread 0 completed. 
INFO  @ Wed, 22 Feb 2023 15:23:41: All threads completed. 
INFO  @ Wed, 22 Feb 2023 15:23:43: Permuting round 1 ... 
INFO  @ Wed, 22 Feb 2023 15:23:43: Thread 0 started. 
INFO  @ Wed, 22 Feb 2023 15:23:43: Thread 0: total 18006 instances. 
INFO  @ Wed, 22 Feb 2023 15:23:43: Thread 0: Calculating A1CF (1) ...  
INFO  @ Wed, 22 Feb 2023 15:23:46: Thread 0: Calculating ARNT2 (1001) ...  
INFO  @ Wed, 22 Feb 2023 15:23:48: Thread 0: Calculating C2orf44 (2001) ...  
INFO  @ Wed, 22 Feb 2023 15:23:50: Thread 0: Calculating CERS6 (3001) ...  
INFO  @ Wed, 22 Feb 2023 15:23:52: Thread 0: Calculating DBH (4001) ...  
INFO  @ Wed, 22 Feb 2023 15:23:54: Thread 0: Calculating ERCC6L2 (5001) ...  
INFO  @ Wed, 22 Feb 2023 15:23:56: Thread 0: Calculating GANC (6001) ...  
INFO  @ Wed, 22 Feb 2023 15:23:58: Thread 0: Calculating HMBS (7001) ...  
INFO  @ Wed, 22 Feb 2023 15:24:01: Thread 0: Calculating KIAA1147 (8001) ...  
INFO  @ Wed, 22 Feb 2023 15:24:03: Thread 0: Calculating MAGOH (9001) ...  
INFO  @ Wed, 22 Feb 2023 15:24:05: Thread 0: Calculating NANOS3 (10001) ...  
INFO  @ Wed, 22 Feb 2023 15:24:07: Thread 0: Calculating PAXIP1 (11001) ...  
INFO  @ Wed, 22 Feb 2023 15:24:09: Thread 0: Calculating PRG4 (12001) ...  
INFO  @ Wed, 22 Feb 2023 15:24:11: Thread 0: Calculating RNF151 (13001) ...  
INFO  @ Wed, 22 Feb 2023 15:24:13: Thread 0: Calculating SLC25A11 (14001) ...  
INFO  @ Wed, 22 Feb 2023 15:24:15: Thread 0: Calculating SUMO4 (15001) ...  
INFO  @ Wed, 22 Feb 2023 15:24:18: Thread 0: Calculating TNKS2 (16001) ...  
INFO  @ Wed, 22 Feb 2023 15:24:20: Thread 0: Calculating WDHD1 (17001) ...  
INFO  @ Wed, 22 Feb 2023 15:24:22: Thread 0: Calculating ZYG11A (18001) ...  
INFO  @ Wed, 22 Feb 2023 15:24:22: Thread 0 completed. 
INFO  @ Wed, 22 Feb 2023 15:24:22: All threads completed. 
INFO  @ Wed, 22 Feb 2023 15:24:25: Assigning p values... 
INFO  @ Wed, 22 Feb 2023 15:24:25: Permuting groups of gene with 2 sgRNAs per gene. Group progress: 2/22 
INFO  @ Wed, 22 Feb 2023 15:24:25: Start permuting 2 rounds ... 
INFO  @ Wed, 22 Feb 2023 15:24:25: Collecting 90025 sgRNAs from 18006 genes. 
INFO  @ Wed, 22 Feb 2023 15:24:26: Permuting round 0 ... 
INFO  @ Wed, 22 Feb 2023 15:24:26: Thread 0 started. 
INFO  @ Wed, 22 Feb 2023 15:24:26: Thread 0: total 18006 instances. 
INFO  @ Wed, 22 Feb 2023 15:24:26: Thread 0: Calculating A1CF (1) ...  
INFO  @ Wed, 22 Feb 2023 15:24:29: Thread 0: Calculating ARNT2 (1001) ...  
INFO  @ Wed, 22 Feb 2023 15:24:32: Thread 0: Calculating C2orf44 (2001) ...  
INFO  @ Wed, 22 Feb 2023 15:24:35: Thread 0: Calculating CERS6 (3001) ...  
INFO  @ Wed, 22 Feb 2023 15:24:38: Thread 0: Calculating DBH (4001) ...  
INFO  @ Wed, 22 Feb 2023 15:24:41: Thread 0: Calculating ERCC6L2 (5001) ...  
INFO  @ Wed, 22 Feb 2023 15:24:43: Thread 0: Calculating GANC (6001) ...  
INFO  @ Wed, 22 Feb 2023 15:24:46: Thread 0: Calculating HMBS (7001) ...  
INFO  @ Wed, 22 Feb 2023 15:24:49: Thread 0: Calculating KIAA1147 (8001) ...  
INFO  @ Wed, 22 Feb 2023 15:24:52: Thread 0: Calculating MAGOH (9001) ...  
INFO  @ Wed, 22 Feb 2023 15:24:54: Thread 0: Calculating NANOS3 (10001) ...  
INFO  @ Wed, 22 Feb 2023 15:24:57: Thread 0: Calculating PAXIP1 (11001) ...  
INFO  @ Wed, 22 Feb 2023 15:25:00: Thread 0: Calculating PRG4 (12001) ...  
INFO  @ Wed, 22 Feb 2023 15:25:03: Thread 0: Calculating RNF151 (13001) ...  
INFO  @ Wed, 22 Feb 2023 15:25:06: Thread 0: Calculating SLC25A11 (14001) ...  
INFO  @ Wed, 22 Feb 2023 15:25:09: Thread 0: Calculating SUMO4 (15001) ...  
INFO  @ Wed, 22 Feb 2023 15:25:12: Thread 0: Calculating TNKS2 (16001) ...  
INFO  @ Wed, 22 Feb 2023 15:25:14: Thread 0: Calculating WDHD1 (17001) ...  
INFO  @ Wed, 22 Feb 2023 15:25:17: Thread 0: Calculating ZYG11A (18001) ...  
INFO  @ Wed, 22 Feb 2023 15:25:17: Thread 0 completed. 
INFO  @ Wed, 22 Feb 2023 15:25:17: All threads completed. 
INFO  @ Wed, 22 Feb 2023 15:25:20: Permuting round 1 ... 
INFO  @ Wed, 22 Feb 2023 15:25:20: Thread 0 started. 
INFO  @ Wed, 22 Feb 2023 15:25:20: Thread 0: total 18006 instances. 
INFO  @ Wed, 22 Feb 2023 15:25:20: Thread 0: Calculating A1CF (1) ...  
INFO  @ Wed, 22 Feb 2023 15:25:23: Thread 0: Calculating ARNT2 (1001) ...  
INFO  @ Wed, 22 Feb 2023 15:25:26: Thread 0: Calculating C2orf44 (2001) ...  
INFO  @ Wed, 22 Feb 2023 15:25:29: Thread 0: Calculating CERS6 (3001) ...  
INFO  @ Wed, 22 Feb 2023 15:25:31: Thread 0: Calculating DBH (4001) ...  
INFO  @ Wed, 22 Feb 2023 15:25:34: Thread 0: Calculating ERCC6L2 (5001) ...  
INFO  @ Wed, 22 Feb 2023 15:25:37: Thread 0: Calculating GANC (6001) ...  
INFO  @ Wed, 22 Feb 2023 15:25:40: Thread 0: Calculating HMBS (7001) ...  
INFO  @ Wed, 22 Feb 2023 15:25:43: Thread 0: Calculating KIAA1147 (8001) ...  
INFO  @ Wed, 22 Feb 2023 15:25:45: Thread 0: Calculating MAGOH (9001) ...  
INFO  @ Wed, 22 Feb 2023 15:25:48: Thread 0: Calculating NANOS3 (10001) ...  
INFO  @ Wed, 22 Feb 2023 15:25:51: Thread 0: Calculating PAXIP1 (11001) ...  
INFO  @ Wed, 22 Feb 2023 15:25:54: Thread 0: Calculating PRG4 (12001) ...  
INFO  @ Wed, 22 Feb 2023 15:25:57: Thread 0: Calculating RNF151 (13001) ...  
INFO  @ Wed, 22 Feb 2023 15:26:00: Thread 0: Calculating SLC25A11 (14001) ...  
INFO  @ Wed, 22 Feb 2023 15:26:03: Thread 0: Calculating SUMO4 (15001) ...  
INFO  @ Wed, 22 Feb 2023 15:26:05: Thread 0: Calculating TNKS2 (16001) ...  
INFO  @ Wed, 22 Feb 2023 15:26:08: Thread 0: Calculating WDHD1 (17001) ...  
INFO  @ Wed, 22 Feb 2023 15:26:11: Thread 0: Calculating ZYG11A (18001) ...  
INFO  @ Wed, 22 Feb 2023 15:26:11: Thread 0 completed. 
INFO  @ Wed, 22 Feb 2023 15:26:11: All threads completed. 
INFO  @ Wed, 22 Feb 2023 15:26:14: Assigning p values... 
INFO  @ Wed, 22 Feb 2023 15:26:14: Permuting groups of gene with 3 sgRNAs per gene. Group progress: 3/22 
INFO  @ Wed, 22 Feb 2023 15:26:14: Start permuting 2 rounds ... 
INFO  @ Wed, 22 Feb 2023 15:26:14: Collecting 90025 sgRNAs from 18006 genes. 
INFO  @ Wed, 22 Feb 2023 15:26:15: Permuting round 0 ... 
INFO  @ Wed, 22 Feb 2023 15:26:15: Thread 0 started. 
INFO  @ Wed, 22 Feb 2023 15:26:15: Thread 0: total 18006 instances. 
INFO  @ Wed, 22 Feb 2023 15:26:15: Thread 0: Calculating A1CF (1) ...  
INFO  @ Wed, 22 Feb 2023 15:26:19: Thread 0: Calculating ARNT2 (1001) ...  
INFO  @ Wed, 22 Feb 2023 15:26:22: Thread 0: Calculating C2orf44 (2001) ...  
INFO  @ Wed, 22 Feb 2023 15:26:26: Thread 0: Calculating CERS6 (3001) ...  
INFO  @ Wed, 22 Feb 2023 15:26:30: Thread 0: Calculating DBH (4001) ...  
INFO  @ Wed, 22 Feb 2023 15:26:33: Thread 0: Calculating ERCC6L2 (5001) ...  
INFO  @ Wed, 22 Feb 2023 15:26:37: Thread 0: Calculating GANC (6001) ...  
INFO  @ Wed, 22 Feb 2023 15:26:40: Thread 0: Calculating HMBS (7001) ...  
INFO  @ Wed, 22 Feb 2023 15:26:44: Thread 0: Calculating KIAA1147 (8001) ...  
INFO  @ Wed, 22 Feb 2023 15:26:48: Thread 0: Calculating MAGOH (9001) ...  
INFO  @ Wed, 22 Feb 2023 15:26:51: Thread 0: Calculating NANOS3 (10001) ...  
INFO  @ Wed, 22 Feb 2023 15:26:55: Thread 0: Calculating PAXIP1 (11001) ...  
INFO  @ Wed, 22 Feb 2023 15:26:58: Thread 0: Calculating PRG4 (12001) ...  
INFO  @ Wed, 22 Feb 2023 15:27:02: Thread 0: Calculating RNF151 (13001) ...  
INFO  @ Wed, 22 Feb 2023 15:27:05: Thread 0: Calculating SLC25A11 (14001) ...  
INFO  @ Wed, 22 Feb 2023 15:27:09: Thread 0: Calculating SUMO4 (15001) ...  
INFO  @ Wed, 22 Feb 2023 15:27:12: Thread 0: Calculating TNKS2 (16001) ...  
INFO  @ Wed, 22 Feb 2023 15:27:16: Thread 0: Calculating WDHD1 (17001) ...  
INFO  @ Wed, 22 Feb 2023 15:27:19: Thread 0: Calculating ZYG11A (18001) ...  
INFO  @ Wed, 22 Feb 2023 15:27:20: Thread 0 completed. 
INFO  @ Wed, 22 Feb 2023 15:27:20: All threads completed. 
INFO  @ Wed, 22 Feb 2023 15:27:22: Permuting round 1 ... 
INFO  @ Wed, 22 Feb 2023 15:27:22: Thread 0 started. 
INFO  @ Wed, 22 Feb 2023 15:27:22: Thread 0: total 18006 instances. 
INFO  @ Wed, 22 Feb 2023 15:27:22: Thread 0: Calculating A1CF (1) ...  
INFO  @ Wed, 22 Feb 2023 15:27:26: Thread 0: Calculating ARNT2 (1001) ...  
INFO  @ Wed, 22 Feb 2023 15:27:30: Thread 0: Calculating C2orf44 (2001) ...  
INFO  @ Wed, 22 Feb 2023 15:27:33: Thread 0: Calculating CERS6 (3001) ...  
INFO  @ Wed, 22 Feb 2023 15:27:37: Thread 0: Calculating DBH (4001) ...  
INFO  @ Wed, 22 Feb 2023 15:27:40: Thread 0: Calculating ERCC6L2 (5001) ...  
INFO  @ Wed, 22 Feb 2023 15:27:44: Thread 0: Calculating GANC (6001) ...  
INFO  @ Wed, 22 Feb 2023 15:27:48: Thread 0: Calculating HMBS (7001) ...  
INFO  @ Wed, 22 Feb 2023 15:27:51: Thread 0: Calculating KIAA1147 (8001) ...  
INFO  @ Wed, 22 Feb 2023 15:27:55: Thread 0: Calculating MAGOH (9001) ...  
INFO  @ Wed, 22 Feb 2023 15:27:58: Thread 0: Calculating NANOS3 (10001) ...  
INFO  @ Wed, 22 Feb 2023 15:28:02: Thread 0: Calculating PAXIP1 (11001) ...  
INFO  @ Wed, 22 Feb 2023 15:28:05: Thread 0: Calculating PRG4 (12001) ...  
INFO  @ Wed, 22 Feb 2023 15:28:09: Thread 0: Calculating RNF151 (13001) ...  
INFO  @ Wed, 22 Feb 2023 15:28:12: Thread 0: Calculating SLC25A11 (14001) ...  
INFO  @ Wed, 22 Feb 2023 15:28:16: Thread 0: Calculating SUMO4 (15001) ...  
INFO  @ Wed, 22 Feb 2023 15:28:20: Thread 0: Calculating TNKS2 (16001) ...  
INFO  @ Wed, 22 Feb 2023 15:28:23: Thread 0: Calculating WDHD1 (17001) ...  
INFO  @ Wed, 22 Feb 2023 15:28:27: Thread 0: Calculating ZYG11A (18001) ...  
INFO  @ Wed, 22 Feb 2023 15:28:27: Thread 0 completed. 
INFO  @ Wed, 22 Feb 2023 15:28:27: All threads completed. 
INFO  @ Wed, 22 Feb 2023 15:28:29: Assigning p values... 
INFO  @ Wed, 22 Feb 2023 15:28:30: Permuting groups of gene with 4 sgRNAs per gene. Group progress: 4/22 
INFO  @ Wed, 22 Feb 2023 15:28:30: Start permuting 2 rounds ... 
INFO  @ Wed, 22 Feb 2023 15:28:30: Collecting 90025 sgRNAs from 18006 genes. 
INFO  @ Wed, 22 Feb 2023 15:28:31: Permuting round 0 ... 
INFO  @ Wed, 22 Feb 2023 15:28:31: Thread 0 started. 
INFO  @ Wed, 22 Feb 2023 15:28:31: Thread 0: total 18006 instances. 
INFO  @ Wed, 22 Feb 2023 15:28:31: Thread 0: Calculating A1CF (1) ...  
INFO  @ Wed, 22 Feb 2023 15:28:35: Thread 0: Calculating ARNT2 (1001) ...  
INFO  @ Wed, 22 Feb 2023 15:28:39: Thread 0: Calculating C2orf44 (2001) ...  
INFO  @ Wed, 22 Feb 2023 15:28:42: Thread 0: Calculating CERS6 (3001) ...  
INFO  @ Wed, 22 Feb 2023 15:28:46: Thread 0: Calculating DBH (4001) ...  
INFO  @ Wed, 22 Feb 2023 15:28:50: Thread 0: Calculating ERCC6L2 (5001) ...  
INFO  @ Wed, 22 Feb 2023 15:28:54: Thread 0: Calculating GANC (6001) ...  
INFO  @ Wed, 22 Feb 2023 15:28:57: Thread 0: Calculating HMBS (7001) ...  
INFO  @ Wed, 22 Feb 2023 15:29:01: Thread 0: Calculating KIAA1147 (8001) ...  
INFO  @ Wed, 22 Feb 2023 15:29:05: Thread 0: Calculating MAGOH (9001) ...  
INFO  @ Wed, 22 Feb 2023 15:29:09: Thread 0: Calculating NANOS3 (10001) ...  
INFO  @ Wed, 22 Feb 2023 15:29:13: Thread 0: Calculating PAXIP1 (11001) ...  
INFO  @ Wed, 22 Feb 2023 15:29:16: Thread 0: Calculating PRG4 (12001) ...  
INFO  @ Wed, 22 Feb 2023 15:29:20: Thread 0: Calculating RNF151 (13001) ...  
INFO  @ Wed, 22 Feb 2023 15:29:24: Thread 0: Calculating SLC25A11 (14001) ...  
INFO  @ Wed, 22 Feb 2023 15:29:28: Thread 0: Calculating SUMO4 (15001) ...  
INFO  @ Wed, 22 Feb 2023 15:29:31: Thread 0: Calculating TNKS2 (16001) ...  
INFO  @ Wed, 22 Feb 2023 15:29:35: Thread 0: Calculating WDHD1 (17001) ...  
INFO  @ Wed, 22 Feb 2023 15:29:39: Thread 0: Calculating ZYG11A (18001) ...  
INFO  @ Wed, 22 Feb 2023 15:29:39: Thread 0 completed. 
INFO  @ Wed, 22 Feb 2023 15:29:39: All threads completed. 
INFO  @ Wed, 22 Feb 2023 15:29:42: Permuting round 1 ... 
INFO  @ Wed, 22 Feb 2023 15:29:42: Thread 0 started. 
INFO  @ Wed, 22 Feb 2023 15:29:42: Thread 0: total 18006 instances. 
INFO  @ Wed, 22 Feb 2023 15:29:42: Thread 0: Calculating A1CF (1) ...  
INFO  @ Wed, 22 Feb 2023 15:29:46: Thread 0: Calculating ARNT2 (1001) ...  
INFO  @ Wed, 22 Feb 2023 15:29:50: Thread 0: Calculating C2orf44 (2001) ...  
INFO  @ Wed, 22 Feb 2023 15:29:53: Thread 0: Calculating CERS6 (3001) ...  
INFO  @ Wed, 22 Feb 2023 15:29:57: Thread 0: Calculating DBH (4001) ...  
INFO  @ Wed, 22 Feb 2023 15:30:01: Thread 0: Calculating ERCC6L2 (5001) ...  
INFO  @ Wed, 22 Feb 2023 15:30:05: Thread 0: Calculating GANC (6001) ...  
INFO  @ Wed, 22 Feb 2023 15:30:08: Thread 0: Calculating HMBS (7001) ...  
INFO  @ Wed, 22 Feb 2023 15:30:12: Thread 0: Calculating KIAA1147 (8001) ...  
INFO  @ Wed, 22 Feb 2023 15:30:16: Thread 0: Calculating MAGOH (9001) ...  
INFO  @ Wed, 22 Feb 2023 15:30:20: Thread 0: Calculating NANOS3 (10001) ...  
INFO  @ Wed, 22 Feb 2023 15:30:24: Thread 0: Calculating PAXIP1 (11001) ...  
INFO  @ Wed, 22 Feb 2023 15:30:28: Thread 0: Calculating PRG4 (12001) ...  
INFO  @ Wed, 22 Feb 2023 15:30:31: Thread 0: Calculating RNF151 (13001) ...  
INFO  @ Wed, 22 Feb 2023 15:30:35: Thread 0: Calculating SLC25A11 (14001) ...  
INFO  @ Wed, 22 Feb 2023 15:30:39: Thread 0: Calculating SUMO4 (15001) ...  
INFO  @ Wed, 22 Feb 2023 15:30:43: Thread 0: Calculating TNKS2 (16001) ...  
INFO  @ Wed, 22 Feb 2023 15:30:46: Thread 0: Calculating WDHD1 (17001) ...  
INFO  @ Wed, 22 Feb 2023 15:30:50: Thread 0: Calculating ZYG11A (18001) ...  
INFO  @ Wed, 22 Feb 2023 15:30:50: Thread 0 completed. 
INFO  @ Wed, 22 Feb 2023 15:30:50: All threads completed. 
INFO  @ Wed, 22 Feb 2023 15:30:53: Assigning p values... 
INFO  @ Wed, 22 Feb 2023 15:30:53: Permuting groups of gene with 5 sgRNAs per gene. Group progress: 5/22 
INFO  @ Wed, 22 Feb 2023 15:30:53: Start permuting 2 rounds ... 
INFO  @ Wed, 22 Feb 2023 15:30:54: Collecting 90025 sgRNAs from 18006 genes. 
INFO  @ Wed, 22 Feb 2023 15:30:55: Permuting round 0 ... 
INFO  @ Wed, 22 Feb 2023 15:30:55: Thread 0 started. 
INFO  @ Wed, 22 Feb 2023 15:30:55: Thread 0: total 18006 instances. 
INFO  @ Wed, 22 Feb 2023 15:30:55: Thread 0: Calculating A1CF (1) ...  
INFO  @ Wed, 22 Feb 2023 15:30:59: Thread 0: Calculating ARNT2 (1001) ...  
INFO  @ Wed, 22 Feb 2023 15:31:03: Thread 0: Calculating C2orf44 (2001) ...  
INFO  @ Wed, 22 Feb 2023 15:31:07: Thread 0: Calculating CERS6 (3001) ...  
INFO  @ Wed, 22 Feb 2023 15:31:11: Thread 0: Calculating DBH (4001) ...  
INFO  @ Wed, 22 Feb 2023 15:31:15: Thread 0: Calculating ERCC6L2 (5001) ...  
INFO  @ Wed, 22 Feb 2023 15:31:19: Thread 0: Calculating GANC (6001) ...  
INFO  @ Wed, 22 Feb 2023 15:31:23: Thread 0: Calculating HMBS (7001) ...  
INFO  @ Wed, 22 Feb 2023 15:31:26: Thread 0: Calculating KIAA1147 (8001) ...  
INFO  @ Wed, 22 Feb 2023 15:31:30: Thread 0: Calculating MAGOH (9001) ...  
INFO  @ Wed, 22 Feb 2023 15:31:34: Thread 0: Calculating NANOS3 (10001) ...  
INFO  @ Wed, 22 Feb 2023 15:31:38: Thread 0: Calculating PAXIP1 (11001) ...  
INFO  @ Wed, 22 Feb 2023 15:31:42: Thread 0: Calculating PRG4 (12001) ...  
INFO  @ Wed, 22 Feb 2023 15:31:46: Thread 0: Calculating RNF151 (13001) ...  
INFO  @ Wed, 22 Feb 2023 15:31:50: Thread 0: Calculating SLC25A11 (14001) ...  
INFO  @ Wed, 22 Feb 2023 15:31:54: Thread 0: Calculating SUMO4 (15001) ...  
INFO  @ Wed, 22 Feb 2023 15:31:58: Thread 0: Calculating TNKS2 (16001) ...  
INFO  @ Wed, 22 Feb 2023 15:32:02: Thread 0: Calculating WDHD1 (17001) ...  
INFO  @ Wed, 22 Feb 2023 15:32:06: Thread 0: Calculating ZYG11A (18001) ...  
INFO  @ Wed, 22 Feb 2023 15:32:06: Thread 0 completed. 
INFO  @ Wed, 22 Feb 2023 15:32:06: All threads completed. 
INFO  @ Wed, 22 Feb 2023 15:32:08: Permuting round 1 ... 
INFO  @ Wed, 22 Feb 2023 15:32:09: Thread 0 started. 
INFO  @ Wed, 22 Feb 2023 15:32:09: Thread 0: total 18006 instances. 
INFO  @ Wed, 22 Feb 2023 15:32:09: Thread 0: Calculating A1CF (1) ...  
INFO  @ Wed, 22 Feb 2023 15:32:13: Thread 0: Calculating ARNT2 (1001) ...  
INFO  @ Wed, 22 Feb 2023 15:32:17: Thread 0: Calculating C2orf44 (2001) ...  
INFO  @ Wed, 22 Feb 2023 15:32:21: Thread 0: Calculating CERS6 (3001) ...  
INFO  @ Wed, 22 Feb 2023 15:32:25: Thread 0: Calculating DBH (4001) ...  
INFO  @ Wed, 22 Feb 2023 15:32:28: Thread 0: Calculating ERCC6L2 (5001) ...  
INFO  @ Wed, 22 Feb 2023 15:32:32: Thread 0: Calculating GANC (6001) ...  
INFO  @ Wed, 22 Feb 2023 15:32:36: Thread 0: Calculating HMBS (7001) ...  
INFO  @ Wed, 22 Feb 2023 15:32:40: Thread 0: Calculating KIAA1147 (8001) ...  
INFO  @ Wed, 22 Feb 2023 15:32:44: Thread 0: Calculating MAGOH (9001) ...  
INFO  @ Wed, 22 Feb 2023 15:32:48: Thread 0: Calculating NANOS3 (10001) ...  
INFO  @ Wed, 22 Feb 2023 15:32:52: Thread 0: Calculating PAXIP1 (11001) ...  
INFO  @ Wed, 22 Feb 2023 15:32:56: Thread 0: Calculating PRG4 (12001) ...  
INFO  @ Wed, 22 Feb 2023 15:33:00: Thread 0: Calculating RNF151 (13001) ...  
INFO  @ Wed, 22 Feb 2023 15:33:04: Thread 0: Calculating SLC25A11 (14001) ...  
INFO  @ Wed, 22 Feb 2023 15:33:08: Thread 0: Calculating SUMO4 (15001) ...  
INFO  @ Wed, 22 Feb 2023 15:33:12: Thread 0: Calculating TNKS2 (16001) ...  
INFO  @ Wed, 22 Feb 2023 15:33:16: Thread 0: Calculating WDHD1 (17001) ...  
INFO  @ Wed, 22 Feb 2023 15:33:20: Thread 0: Calculating ZYG11A (18001) ...  
INFO  @ Wed, 22 Feb 2023 15:33:20: Thread 0 completed. 
INFO  @ Wed, 22 Feb 2023 15:33:20: All threads completed. 
INFO  @ Wed, 22 Feb 2023 15:33:22: Assigning p values... 
INFO  @ Wed, 22 Feb 2023 15:33:24: Permuting groups of gene with 6 sgRNAs per gene. Group progress: 6/22 
INFO  @ Wed, 22 Feb 2023 15:33:24: Start permuting 2 rounds ... 
INFO  @ Wed, 22 Feb 2023 15:33:24: Collecting 90025 sgRNAs from 18006 genes. 
INFO  @ Wed, 22 Feb 2023 15:33:25: Permuting round 0 ... 
INFO  @ Wed, 22 Feb 2023 15:33:25: Thread 0 started. 
INFO  @ Wed, 22 Feb 2023 15:33:25: Thread 0: total 18006 instances. 
INFO  @ Wed, 22 Feb 2023 15:33:25: Thread 0: Calculating A1CF (1) ...  
INFO  @ Wed, 22 Feb 2023 15:33:30: Thread 0: Calculating ARNT2 (1001) ...  
INFO  @ Wed, 22 Feb 2023 15:33:34: Thread 0: Calculating C2orf44 (2001) ...  
INFO  @ Wed, 22 Feb 2023 15:33:38: Thread 0: Calculating CERS6 (3001) ...  
INFO  @ Wed, 22 Feb 2023 15:33:42: Thread 0: Calculating DBH (4001) ...  
INFO  @ Wed, 22 Feb 2023 15:33:46: Thread 0: Calculating ERCC6L2 (5001) ...  
INFO  @ Wed, 22 Feb 2023 15:33:50: Thread 0: Calculating GANC (6001) ...  
INFO  @ Wed, 22 Feb 2023 15:33:54: Thread 0: Calculating HMBS (7001) ...  
INFO  @ Wed, 22 Feb 2023 15:33:58: Thread 0: Calculating KIAA1147 (8001) ...  
INFO  @ Wed, 22 Feb 2023 15:34:02: Thread 0: Calculating MAGOH (9001) ...  
INFO  @ Wed, 22 Feb 2023 15:34:06: Thread 0: Calculating NANOS3 (10001) ...  
INFO  @ Wed, 22 Feb 2023 15:34:10: Thread 0: Calculating PAXIP1 (11001) ...  
INFO  @ Wed, 22 Feb 2023 15:34:14: Thread 0: Calculating PRG4 (12001) ...  
INFO  @ Wed, 22 Feb 2023 15:34:18: Thread 0: Calculating RNF151 (13001) ...  
INFO  @ Wed, 22 Feb 2023 15:34:23: Thread 0: Calculating SLC25A11 (14001) ...  
INFO  @ Wed, 22 Feb 2023 15:34:27: Thread 0: Calculating SUMO4 (15001) ...  
INFO  @ Wed, 22 Feb 2023 15:34:31: Thread 0: Calculating TNKS2 (16001) ...  
INFO  @ Wed, 22 Feb 2023 15:34:35: Thread 0: Calculating WDHD1 (17001) ...  
INFO  @ Wed, 22 Feb 2023 15:34:39: Thread 0: Calculating ZYG11A (18001) ...  
INFO  @ Wed, 22 Feb 2023 15:34:39: Thread 0 completed. 
INFO  @ Wed, 22 Feb 2023 15:34:39: All threads completed. 
INFO  @ Wed, 22 Feb 2023 15:34:42: Permuting round 1 ... 
INFO  @ Wed, 22 Feb 2023 15:34:42: Thread 0 started. 
INFO  @ Wed, 22 Feb 2023 15:34:42: Thread 0: total 18006 instances. 
INFO  @ Wed, 22 Feb 2023 15:34:42: Thread 0: Calculating A1CF (1) ...  
INFO  @ Wed, 22 Feb 2023 15:34:47: Thread 0: Calculating ARNT2 (1001) ...  
INFO  @ Wed, 22 Feb 2023 15:34:51: Thread 0: Calculating C2orf44 (2001) ...  
INFO  @ Wed, 22 Feb 2023 15:34:55: Thread 0: Calculating CERS6 (3001) ...  
INFO  @ Wed, 22 Feb 2023 15:34:59: Thread 0: Calculating DBH (4001) ...  
INFO  @ Wed, 22 Feb 2023 15:35:03: Thread 0: Calculating ERCC6L2 (5001) ...  
INFO  @ Wed, 22 Feb 2023 15:35:07: Thread 0: Calculating GANC (6001) ...  
INFO  @ Wed, 22 Feb 2023 15:35:11: Thread 0: Calculating HMBS (7001) ...  
INFO  @ Wed, 22 Feb 2023 15:35:15: Thread 0: Calculating KIAA1147 (8001) ...  
INFO  @ Wed, 22 Feb 2023 15:35:19: Thread 0: Calculating MAGOH (9001) ...  
INFO  @ Wed, 22 Feb 2023 15:35:23: Thread 0: Calculating NANOS3 (10001) ...  
INFO  @ Wed, 22 Feb 2023 15:35:28: Thread 0: Calculating PAXIP1 (11001) ...  
INFO  @ Wed, 22 Feb 2023 15:35:32: Thread 0: Calculating PRG4 (12001) ...  
INFO  @ Wed, 22 Feb 2023 15:35:36: Thread 0: Calculating RNF151 (13001) ...  
INFO  @ Wed, 22 Feb 2023 15:35:40: Thread 0: Calculating SLC25A11 (14001) ...  
INFO  @ Wed, 22 Feb 2023 15:35:44: Thread 0: Calculating SUMO4 (15001) ...  
INFO  @ Wed, 22 Feb 2023 15:35:48: Thread 0: Calculating TNKS2 (16001) ...  
INFO  @ Wed, 22 Feb 2023 15:35:52: Thread 0: Calculating WDHD1 (17001) ...  
INFO  @ Wed, 22 Feb 2023 15:35:57: Thread 0: Calculating ZYG11A (18001) ...  
INFO  @ Wed, 22 Feb 2023 15:35:57: Thread 0 completed. 
INFO  @ Wed, 22 Feb 2023 15:35:57: All threads completed. 
INFO  @ Wed, 22 Feb 2023 15:36:00: Assigning p values... 
INFO  @ Wed, 22 Feb 2023 15:36:00: Permuting groups of gene with 7 sgRNAs per gene. Group progress: 7/22 
INFO  @ Wed, 22 Feb 2023 15:36:00: Start permuting 2 rounds ... 
INFO  @ Wed, 22 Feb 2023 15:36:00: Collecting 90025 sgRNAs from 18006 genes. 
INFO  @ Wed, 22 Feb 2023 15:36:01: Permuting round 0 ... 
INFO  @ Wed, 22 Feb 2023 15:36:02: Thread 0 started. 
INFO  @ Wed, 22 Feb 2023 15:36:02: Thread 0: total 18006 instances. 
INFO  @ Wed, 22 Feb 2023 15:36:02: Thread 0: Calculating A1CF (1) ...  
INFO  @ Wed, 22 Feb 2023 15:36:06: Thread 0: Calculating ARNT2 (1001) ...  
INFO  @ Wed, 22 Feb 2023 15:36:10: Thread 0: Calculating C2orf44 (2001) ...  
INFO  @ Wed, 22 Feb 2023 15:36:14: Thread 0: Calculating CERS6 (3001) ...  
INFO  @ Wed, 22 Feb 2023 15:36:19: Thread 0: Calculating DBH (4001) ...  
INFO  @ Wed, 22 Feb 2023 15:36:23: Thread 0: Calculating ERCC6L2 (5001) ...  
INFO  @ Wed, 22 Feb 2023 15:36:27: Thread 0: Calculating GANC (6001) ...  
INFO  @ Wed, 22 Feb 2023 15:36:31: Thread 0: Calculating HMBS (7001) ...  
INFO  @ Wed, 22 Feb 2023 15:36:36: Thread 0: Calculating KIAA1147 (8001) ...  
INFO  @ Wed, 22 Feb 2023 15:36:40: Thread 0: Calculating MAGOH (9001) ...  
INFO  @ Wed, 22 Feb 2023 15:36:44: Thread 0: Calculating NANOS3 (10001) ...  
INFO  @ Wed, 22 Feb 2023 15:36:48: Thread 0: Calculating PAXIP1 (11001) ...  
INFO  @ Wed, 22 Feb 2023 15:36:52: Thread 0: Calculating PRG4 (12001) ...  
INFO  @ Wed, 22 Feb 2023 15:36:57: Thread 0: Calculating RNF151 (13001) ...  
INFO  @ Wed, 22 Feb 2023 15:37:01: Thread 0: Calculating SLC25A11 (14001) ...  
INFO  @ Wed, 22 Feb 2023 15:37:05: Thread 0: Calculating SUMO4 (15001) ...  
INFO  @ Wed, 22 Feb 2023 15:37:09: Thread 0: Calculating TNKS2 (16001) ...  
INFO  @ Wed, 22 Feb 2023 15:37:13: Thread 0: Calculating WDHD1 (17001) ...  
INFO  @ Wed, 22 Feb 2023 15:37:18: Thread 0: Calculating ZYG11A (18001) ...  
INFO  @ Wed, 22 Feb 2023 15:37:18: Thread 0 completed. 
INFO  @ Wed, 22 Feb 2023 15:37:18: All threads completed. 
INFO  @ Wed, 22 Feb 2023 15:37:21: Permuting round 1 ... 
INFO  @ Wed, 22 Feb 2023 15:37:21: Thread 0 started. 
INFO  @ Wed, 22 Feb 2023 15:37:21: Thread 0: total 18006 instances. 
INFO  @ Wed, 22 Feb 2023 15:37:21: Thread 0: Calculating A1CF (1) ...  
INFO  @ Wed, 22 Feb 2023 15:37:25: Thread 0: Calculating ARNT2 (1001) ...  
INFO  @ Wed, 22 Feb 2023 15:37:30: Thread 0: Calculating C2orf44 (2001) ...  
INFO  @ Wed, 22 Feb 2023 15:37:34: Thread 0: Calculating CERS6 (3001) ...  
INFO  @ Wed, 22 Feb 2023 15:37:38: Thread 0: Calculating DBH (4001) ...  
INFO  @ Wed, 22 Feb 2023 15:37:43: Thread 0: Calculating ERCC6L2 (5001) ...  
INFO  @ Wed, 22 Feb 2023 15:37:47: Thread 0: Calculating GANC (6001) ...  
INFO  @ Wed, 22 Feb 2023 15:37:51: Thread 0: Calculating HMBS (7001) ...  
INFO  @ Wed, 22 Feb 2023 15:37:55: Thread 0: Calculating KIAA1147 (8001) ...  
INFO  @ Wed, 22 Feb 2023 15:37:59: Thread 0: Calculating MAGOH (9001) ...  
INFO  @ Wed, 22 Feb 2023 15:38:04: Thread 0: Calculating NANOS3 (10001) ...  
INFO  @ Wed, 22 Feb 2023 15:38:08: Thread 0: Calculating PAXIP1 (11001) ...  
INFO  @ Wed, 22 Feb 2023 15:38:12: Thread 0: Calculating PRG4 (12001) ...  
INFO  @ Wed, 22 Feb 2023 15:38:16: Thread 0: Calculating RNF151 (13001) ...  
INFO  @ Wed, 22 Feb 2023 15:38:21: Thread 0: Calculating SLC25A11 (14001) ...  
INFO  @ Wed, 22 Feb 2023 15:38:25: Thread 0: Calculating SUMO4 (15001) ...  
INFO  @ Wed, 22 Feb 2023 15:38:29: Thread 0: Calculating TNKS2 (16001) ...  
INFO  @ Wed, 22 Feb 2023 15:38:33: Thread 0: Calculating WDHD1 (17001) ...  
INFO  @ Wed, 22 Feb 2023 15:38:37: Thread 0: Calculating ZYG11A (18001) ...  
INFO  @ Wed, 22 Feb 2023 15:38:37: Thread 0 completed. 
INFO  @ Wed, 22 Feb 2023 15:38:37: All threads completed. 
INFO  @ Wed, 22 Feb 2023 15:38:41: Assigning p values... 
INFO  @ Wed, 22 Feb 2023 15:38:41: Permuting groups of gene with 8 sgRNAs per gene. Group progress: 8/22 
INFO  @ Wed, 22 Feb 2023 15:38:41: Start permuting 2 rounds ... 
INFO  @ Wed, 22 Feb 2023 15:38:41: Collecting 90025 sgRNAs from 18006 genes. 
INFO  @ Wed, 22 Feb 2023 15:38:42: Permuting round 0 ... 
INFO  @ Wed, 22 Feb 2023 15:38:43: Thread 0 started. 
INFO  @ Wed, 22 Feb 2023 15:38:43: Thread 0: total 18006 instances. 
INFO  @ Wed, 22 Feb 2023 15:38:43: Thread 0: Calculating A1CF (1) ...  
INFO  @ Wed, 22 Feb 2023 15:38:47: Thread 0: Calculating ARNT2 (1001) ...  
INFO  @ Wed, 22 Feb 2023 15:38:51: Thread 0: Calculating C2orf44 (2001) ...  
INFO  @ Wed, 22 Feb 2023 15:38:56: Thread 0: Calculating CERS6 (3001) ...  
INFO  @ Wed, 22 Feb 2023 15:39:00: Thread 0: Calculating DBH (4001) ...  
INFO  @ Wed, 22 Feb 2023 15:39:04: Thread 0: Calculating ERCC6L2 (5001) ...  
INFO  @ Wed, 22 Feb 2023 15:39:09: Thread 0: Calculating GANC (6001) ...  
INFO  @ Wed, 22 Feb 2023 15:39:13: Thread 0: Calculating HMBS (7001) ...  
INFO  @ Wed, 22 Feb 2023 15:39:18: Thread 0: Calculating KIAA1147 (8001) ...  
INFO  @ Wed, 22 Feb 2023 15:39:22: Thread 0: Calculating MAGOH (9001) ...  
INFO  @ Wed, 22 Feb 2023 15:39:26: Thread 0: Calculating NANOS3 (10001) ...  
INFO  @ Wed, 22 Feb 2023 15:39:31: Thread 0: Calculating PAXIP1 (11001) ...  
INFO  @ Wed, 22 Feb 2023 15:39:35: Thread 0: Calculating PRG4 (12001) ...  
INFO  @ Wed, 22 Feb 2023 15:39:39: Thread 0: Calculating RNF151 (13001) ...  
INFO  @ Wed, 22 Feb 2023 15:39:44: Thread 0: Calculating SLC25A11 (14001) ...  
INFO  @ Wed, 22 Feb 2023 15:39:48: Thread 0: Calculating SUMO4 (15001) ...  
INFO  @ Wed, 22 Feb 2023 15:39:52: Thread 0: Calculating TNKS2 (16001) ...  
INFO  @ Wed, 22 Feb 2023 15:39:57: Thread 0: Calculating WDHD1 (17001) ...  
INFO  @ Wed, 22 Feb 2023 15:40:01: Thread 0: Calculating ZYG11A (18001) ...  
INFO  @ Wed, 22 Feb 2023 15:40:01: Thread 0 completed. 
INFO  @ Wed, 22 Feb 2023 15:40:01: All threads completed. 
INFO  @ Wed, 22 Feb 2023 15:40:04: Permuting round 1 ... 
INFO  @ Wed, 22 Feb 2023 15:40:04: Thread 0 started. 
INFO  @ Wed, 22 Feb 2023 15:40:04: Thread 0: total 18006 instances. 
INFO  @ Wed, 22 Feb 2023 15:40:04: Thread 0: Calculating A1CF (1) ...  
INFO  @ Wed, 22 Feb 2023 15:40:09: Thread 0: Calculating ARNT2 (1001) ...  
INFO  @ Wed, 22 Feb 2023 15:40:13: Thread 0: Calculating C2orf44 (2001) ...  
INFO  @ Wed, 22 Feb 2023 15:40:17: Thread 0: Calculating CERS6 (3001) ...  
INFO  @ Wed, 22 Feb 2023 15:40:22: Thread 0: Calculating DBH (4001) ...  
INFO  @ Wed, 22 Feb 2023 15:40:26: Thread 0: Calculating ERCC6L2 (5001) ...  
INFO  @ Wed, 22 Feb 2023 15:40:31: Thread 0: Calculating GANC (6001) ...  
INFO  @ Wed, 22 Feb 2023 15:40:35: Thread 0: Calculating HMBS (7001) ...  
INFO  @ Wed, 22 Feb 2023 15:40:40: Thread 0: Calculating KIAA1147 (8001) ...  
INFO  @ Wed, 22 Feb 2023 15:40:44: Thread 0: Calculating MAGOH (9001) ...  
INFO  @ Wed, 22 Feb 2023 15:40:48: Thread 0: Calculating NANOS3 (10001) ...  
INFO  @ Wed, 22 Feb 2023 15:40:53: Thread 0: Calculating PAXIP1 (11001) ...  
INFO  @ Wed, 22 Feb 2023 15:40:57: Thread 0: Calculating PRG4 (12001) ...  
INFO  @ Wed, 22 Feb 2023 15:41:01: Thread 0: Calculating RNF151 (13001) ...  
INFO  @ Wed, 22 Feb 2023 15:41:06: Thread 0: Calculating SLC25A11 (14001) ...  
INFO  @ Wed, 22 Feb 2023 15:41:10: Thread 0: Calculating SUMO4 (15001) ...  
INFO  @ Wed, 22 Feb 2023 15:41:14: Thread 0: Calculating TNKS2 (16001) ...  
INFO  @ Wed, 22 Feb 2023 15:41:19: Thread 0: Calculating WDHD1 (17001) ...  
INFO  @ Wed, 22 Feb 2023 15:41:23: Thread 0: Calculating ZYG11A (18001) ...  
INFO  @ Wed, 22 Feb 2023 15:41:23: Thread 0 completed. 
INFO  @ Wed, 22 Feb 2023 15:41:23: All threads completed. 
INFO  @ Wed, 22 Feb 2023 15:41:27: Assigning p values... 
INFO  @ Wed, 22 Feb 2023 15:41:27: Permuting groups of gene with 9 sgRNAs per gene. Group progress: 9/22 
INFO  @ Wed, 22 Feb 2023 15:41:27: Start permuting 2 rounds ... 
INFO  @ Wed, 22 Feb 2023 15:41:27: Collecting 90025 sgRNAs from 18006 genes. 
INFO  @ Wed, 22 Feb 2023 15:41:28: Permuting round 0 ... 
INFO  @ Wed, 22 Feb 2023 15:41:29: Thread 0 started. 
INFO  @ Wed, 22 Feb 2023 15:41:29: Thread 0: total 18006 instances. 
INFO  @ Wed, 22 Feb 2023 15:41:29: Thread 0: Calculating A1CF (1) ...  
INFO  @ Wed, 22 Feb 2023 15:41:33: Thread 0: Calculating ARNT2 (1001) ...  
INFO  @ Wed, 22 Feb 2023 15:41:38: Thread 0: Calculating C2orf44 (2001) ...  
INFO  @ Wed, 22 Feb 2023 15:41:42: Thread 0: Calculating CERS6 (3001) ...  
INFO  @ Wed, 22 Feb 2023 15:41:47: Thread 0: Calculating DBH (4001) ...  
INFO  @ Wed, 22 Feb 2023 15:41:51: Thread 0: Calculating ERCC6L2 (5001) ...  
INFO  @ Wed, 22 Feb 2023 15:41:56: Thread 0: Calculating GANC (6001) ...  
INFO  @ Wed, 22 Feb 2023 15:42:00: Thread 0: Calculating HMBS (7001) ...  
INFO  @ Wed, 22 Feb 2023 15:42:05: Thread 0: Calculating KIAA1147 (8001) ...  
INFO  @ Wed, 22 Feb 2023 15:42:09: Thread 0: Calculating MAGOH (9001) ...  
INFO  @ Wed, 22 Feb 2023 15:42:13: Thread 0: Calculating NANOS3 (10001) ...  
INFO  @ Wed, 22 Feb 2023 15:42:18: Thread 0: Calculating PAXIP1 (11001) ...  
INFO  @ Wed, 22 Feb 2023 15:42:23: Thread 0: Calculating PRG4 (12001) ...  
INFO  @ Wed, 22 Feb 2023 15:42:27: Thread 0: Calculating RNF151 (13001) ...  
INFO  @ Wed, 22 Feb 2023 15:42:32: Thread 0: Calculating SLC25A11 (14001) ...  
INFO  @ Wed, 22 Feb 2023 15:42:36: Thread 0: Calculating SUMO4 (15001) ...  
INFO  @ Wed, 22 Feb 2023 15:42:41: Thread 0: Calculating TNKS2 (16001) ...  
INFO  @ Wed, 22 Feb 2023 15:42:45: Thread 0: Calculating WDHD1 (17001) ...  
INFO  @ Wed, 22 Feb 2023 15:42:50: Thread 0: Calculating ZYG11A (18001) ...  
INFO  @ Wed, 22 Feb 2023 15:42:50: Thread 0 completed. 
INFO  @ Wed, 22 Feb 2023 15:42:50: All threads completed. 
INFO  @ Wed, 22 Feb 2023 15:42:53: Permuting round 1 ... 
INFO  @ Wed, 22 Feb 2023 15:42:53: Thread 0 started. 
INFO  @ Wed, 22 Feb 2023 15:42:53: Thread 0: total 18006 instances. 
INFO  @ Wed, 22 Feb 2023 15:42:53: Thread 0: Calculating A1CF (1) ...  
INFO  @ Wed, 22 Feb 2023 15:42:58: Thread 0: Calculating ARNT2 (1001) ...  
INFO  @ Wed, 22 Feb 2023 15:43:02: Thread 0: Calculating C2orf44 (2001) ...  
INFO  @ Wed, 22 Feb 2023 15:43:07: Thread 0: Calculating CERS6 (3001) ...  
INFO  @ Wed, 22 Feb 2023 15:43:11: Thread 0: Calculating DBH (4001) ...  
INFO  @ Wed, 22 Feb 2023 15:43:16: Thread 0: Calculating ERCC6L2 (5001) ...  
INFO  @ Wed, 22 Feb 2023 15:43:20: Thread 0: Calculating GANC (6001) ...  
INFO  @ Wed, 22 Feb 2023 15:43:25: Thread 0: Calculating HMBS (7001) ...  
INFO  @ Wed, 22 Feb 2023 15:43:29: Thread 0: Calculating KIAA1147 (8001) ...  
INFO  @ Wed, 22 Feb 2023 15:43:34: Thread 0: Calculating MAGOH (9001) ...  
INFO  @ Wed, 22 Feb 2023 15:43:38: Thread 0: Calculating NANOS3 (10001) ...  
INFO  @ Wed, 22 Feb 2023 15:43:43: Thread 0: Calculating PAXIP1 (11001) ...  
INFO  @ Wed, 22 Feb 2023 15:43:47: Thread 0: Calculating PRG4 (12001) ...  
INFO  @ Wed, 22 Feb 2023 15:43:52: Thread 0: Calculating RNF151 (13001) ...  
INFO  @ Wed, 22 Feb 2023 15:43:57: Thread 0: Calculating SLC25A11 (14001) ...  
INFO  @ Wed, 22 Feb 2023 15:44:01: Thread 0: Calculating SUMO4 (15001) ...  
INFO  @ Wed, 22 Feb 2023 15:44:05: Thread 0: Calculating TNKS2 (16001) ...  
INFO  @ Wed, 22 Feb 2023 15:44:10: Thread 0: Calculating WDHD1 (17001) ...  
INFO  @ Wed, 22 Feb 2023 15:44:14: Thread 0: Calculating ZYG11A (18001) ...  
INFO  @ Wed, 22 Feb 2023 15:44:15: Thread 0 completed. 
INFO  @ Wed, 22 Feb 2023 15:44:15: All threads completed. 
INFO  @ Wed, 22 Feb 2023 15:44:18: Assigning p values... 
INFO  @ Wed, 22 Feb 2023 15:44:18: Permuting groups of gene with 10 sgRNAs per gene. Group progress: 10/22 
INFO  @ Wed, 22 Feb 2023 15:44:18: Start permuting 2 rounds ... 
INFO  @ Wed, 22 Feb 2023 15:44:18: Collecting 90025 sgRNAs from 18006 genes. 
INFO  @ Wed, 22 Feb 2023 15:44:19: Permuting round 0 ... 
INFO  @ Wed, 22 Feb 2023 15:44:20: Thread 0 started. 
INFO  @ Wed, 22 Feb 2023 15:44:20: Thread 0: total 18006 instances. 
INFO  @ Wed, 22 Feb 2023 15:44:20: Thread 0: Calculating A1CF (1) ...  
INFO  @ Wed, 22 Feb 2023 15:44:24: Thread 0: Calculating ARNT2 (1001) ...  
INFO  @ Wed, 22 Feb 2023 15:44:29: Thread 0: Calculating C2orf44 (2001) ...  
INFO  @ Wed, 22 Feb 2023 15:44:34: Thread 0: Calculating CERS6 (3001) ...  
INFO  @ Wed, 22 Feb 2023 15:44:38: Thread 0: Calculating DBH (4001) ...  
INFO  @ Wed, 22 Feb 2023 15:44:43: Thread 0: Calculating ERCC6L2 (5001) ...  
INFO  @ Wed, 22 Feb 2023 15:44:47: Thread 0: Calculating GANC (6001) ...  
INFO  @ Wed, 22 Feb 2023 15:44:52: Thread 0: Calculating HMBS (7001) ...  
INFO  @ Wed, 22 Feb 2023 15:44:57: Thread 0: Calculating KIAA1147 (8001) ...  
INFO  @ Wed, 22 Feb 2023 15:45:01: Thread 0: Calculating MAGOH (9001) ...  
INFO  @ Wed, 22 Feb 2023 15:45:06: Thread 0: Calculating NANOS3 (10001) ...  
INFO  @ Wed, 22 Feb 2023 15:45:11: Thread 0: Calculating PAXIP1 (11001) ...  
INFO  @ Wed, 22 Feb 2023 15:45:15: Thread 0: Calculating PRG4 (12001) ...  
INFO  @ Wed, 22 Feb 2023 15:45:20: Thread 0: Calculating RNF151 (13001) ...  
INFO  @ Wed, 22 Feb 2023 15:45:24: Thread 0: Calculating SLC25A11 (14001) ...  
INFO  @ Wed, 22 Feb 2023 15:45:29: Thread 0: Calculating SUMO4 (15001) ...  
INFO  @ Wed, 22 Feb 2023 15:45:33: Thread 0: Calculating TNKS2 (16001) ...  
INFO  @ Wed, 22 Feb 2023 15:45:38: Thread 0: Calculating WDHD1 (17001) ...  
INFO  @ Wed, 22 Feb 2023 15:45:43: Thread 0: Calculating ZYG11A (18001) ...  
INFO  @ Wed, 22 Feb 2023 15:45:43: Thread 0 completed. 
INFO  @ Wed, 22 Feb 2023 15:45:43: All threads completed. 
INFO  @ Wed, 22 Feb 2023 15:45:46: Permuting round 1 ... 
INFO  @ Wed, 22 Feb 2023 15:45:46: Thread 0 started. 
INFO  @ Wed, 22 Feb 2023 15:45:46: Thread 0: total 18006 instances. 
INFO  @ Wed, 22 Feb 2023 15:45:46: Thread 0: Calculating A1CF (1) ...  
INFO  @ Wed, 22 Feb 2023 15:45:51: Thread 0: Calculating ARNT2 (1001) ...  
INFO  @ Wed, 22 Feb 2023 15:45:56: Thread 0: Calculating C2orf44 (2001) ...  
INFO  @ Wed, 22 Feb 2023 15:46:00: Thread 0: Calculating CERS6 (3001) ...  
INFO  @ Wed, 22 Feb 2023 15:46:05: Thread 0: Calculating DBH (4001) ...  
INFO  @ Wed, 22 Feb 2023 15:46:09: Thread 0: Calculating ERCC6L2 (5001) ...  
INFO  @ Wed, 22 Feb 2023 15:46:14: Thread 0: Calculating GANC (6001) ...  
INFO  @ Wed, 22 Feb 2023 15:46:19: Thread 0: Calculating HMBS (7001) ...  
INFO  @ Wed, 22 Feb 2023 15:46:23: Thread 0: Calculating KIAA1147 (8001) ...  
INFO  @ Wed, 22 Feb 2023 15:46:28: Thread 0: Calculating MAGOH (9001) ...  
INFO  @ Wed, 22 Feb 2023 15:46:33: Thread 0: Calculating NANOS3 (10001) ...  
INFO  @ Wed, 22 Feb 2023 15:46:37: Thread 0: Calculating PAXIP1 (11001) ...  
INFO  @ Wed, 22 Feb 2023 15:46:42: Thread 0: Calculating PRG4 (12001) ...  
INFO  @ Wed, 22 Feb 2023 15:46:46: Thread 0: Calculating RNF151 (13001) ...  
INFO  @ Wed, 22 Feb 2023 15:46:51: Thread 0: Calculating SLC25A11 (14001) ...  
INFO  @ Wed, 22 Feb 2023 15:46:56: Thread 0: Calculating SUMO4 (15001) ...  
INFO  @ Wed, 22 Feb 2023 15:47:00: Thread 0: Calculating TNKS2 (16001) ...  
INFO  @ Wed, 22 Feb 2023 15:47:05: Thread 0: Calculating WDHD1 (17001) ...  
INFO  @ Wed, 22 Feb 2023 15:47:09: Thread 0: Calculating ZYG11A (18001) ...  
INFO  @ Wed, 22 Feb 2023 15:47:09: Thread 0 completed. 
INFO  @ Wed, 22 Feb 2023 15:47:09: All threads completed. 
INFO  @ Wed, 22 Feb 2023 15:47:13: Assigning p values... 
INFO  @ Wed, 22 Feb 2023 15:47:13: Permuting groups of gene with 11 sgRNAs per gene. Group progress: 11/22 
INFO  @ Wed, 22 Feb 2023 15:47:13: Start permuting 2 rounds ... 
INFO  @ Wed, 22 Feb 2023 15:47:13: Collecting 90025 sgRNAs from 18006 genes. 
INFO  @ Wed, 22 Feb 2023 15:47:14: Permuting round 0 ... 
INFO  @ Wed, 22 Feb 2023 15:47:15: Thread 0 started. 
INFO  @ Wed, 22 Feb 2023 15:47:15: Thread 0: total 18006 instances. 
INFO  @ Wed, 22 Feb 2023 15:47:15: Thread 0: Calculating A1CF (1) ...  
INFO  @ Wed, 22 Feb 2023 15:47:20: Thread 0: Calculating ARNT2 (1001) ...  
INFO  @ Wed, 22 Feb 2023 15:47:24: Thread 0: Calculating C2orf44 (2001) ...  
INFO  @ Wed, 22 Feb 2023 15:47:29: Thread 0: Calculating CERS6 (3001) ...  
INFO  @ Wed, 22 Feb 2023 15:47:34: Thread 0: Calculating DBH (4001) ...  
INFO  @ Wed, 22 Feb 2023 15:47:38: Thread 0: Calculating ERCC6L2 (5001) ...  
INFO  @ Wed, 22 Feb 2023 15:47:43: Thread 0: Calculating GANC (6001) ...  
INFO  @ Wed, 22 Feb 2023 15:47:48: Thread 0: Calculating HMBS (7001) ...  
INFO  @ Wed, 22 Feb 2023 15:47:52: Thread 0: Calculating KIAA1147 (8001) ...  
INFO  @ Wed, 22 Feb 2023 15:47:57: Thread 0: Calculating MAGOH (9001) ...  
INFO  @ Wed, 22 Feb 2023 15:48:02: Thread 0: Calculating NANOS3 (10001) ...  
INFO  @ Wed, 22 Feb 2023 15:48:07: Thread 0: Calculating PAXIP1 (11001) ...  
INFO  @ Wed, 22 Feb 2023 15:48:11: Thread 0: Calculating PRG4 (12001) ...  
INFO  @ Wed, 22 Feb 2023 15:48:16: Thread 0: Calculating RNF151 (13001) ...  
INFO  @ Wed, 22 Feb 2023 15:48:21: Thread 0: Calculating SLC25A11 (14001) ...  
INFO  @ Wed, 22 Feb 2023 15:48:26: Thread 0: Calculating SUMO4 (15001) ...  
INFO  @ Wed, 22 Feb 2023 15:48:30: Thread 0: Calculating TNKS2 (16001) ...  
INFO  @ Wed, 22 Feb 2023 15:48:35: Thread 0: Calculating WDHD1 (17001) ...  
INFO  @ Wed, 22 Feb 2023 15:48:40: Thread 0: Calculating ZYG11A (18001) ...  
INFO  @ Wed, 22 Feb 2023 15:48:40: Thread 0 completed. 
INFO  @ Wed, 22 Feb 2023 15:48:40: All threads completed. 
INFO  @ Wed, 22 Feb 2023 15:48:43: Permuting round 1 ... 
INFO  @ Wed, 22 Feb 2023 15:48:43: Thread 0 started. 
INFO  @ Wed, 22 Feb 2023 15:48:43: Thread 0: total 18006 instances. 
INFO  @ Wed, 22 Feb 2023 15:48:43: Thread 0: Calculating A1CF (1) ...  
INFO  @ Wed, 22 Feb 2023 15:48:48: Thread 0: Calculating ARNT2 (1001) ...  
INFO  @ Wed, 22 Feb 2023 15:48:53: Thread 0: Calculating C2orf44 (2001) ...  
INFO  @ Wed, 22 Feb 2023 15:48:58: Thread 0: Calculating CERS6 (3001) ...  
INFO  @ Wed, 22 Feb 2023 15:49:02: Thread 0: Calculating DBH (4001) ...  
INFO  @ Wed, 22 Feb 2023 15:49:07: Thread 0: Calculating ERCC6L2 (5001) ...  
INFO  @ Wed, 22 Feb 2023 15:49:12: Thread 0: Calculating GANC (6001) ...  
INFO  @ Wed, 22 Feb 2023 15:49:16: Thread 0: Calculating HMBS (7001) ...  
INFO  @ Wed, 22 Feb 2023 15:49:21: Thread 0: Calculating KIAA1147 (8001) ...  
INFO  @ Wed, 22 Feb 2023 15:49:26: Thread 0: Calculating MAGOH (9001) ...  
INFO  @ Wed, 22 Feb 2023 15:49:31: Thread 0: Calculating NANOS3 (10001) ...  
INFO  @ Wed, 22 Feb 2023 15:49:36: Thread 0: Calculating PAXIP1 (11001) ...  
INFO  @ Wed, 22 Feb 2023 15:49:40: Thread 0: Calculating PRG4 (12001) ...  
INFO  @ Wed, 22 Feb 2023 15:49:45: Thread 0: Calculating RNF151 (13001) ...  
INFO  @ Wed, 22 Feb 2023 15:49:50: Thread 0: Calculating SLC25A11 (14001) ...  
INFO  @ Wed, 22 Feb 2023 15:49:54: Thread 0: Calculating SUMO4 (15001) ...  
INFO  @ Wed, 22 Feb 2023 15:49:59: Thread 0: Calculating TNKS2 (16001) ...  
INFO  @ Wed, 22 Feb 2023 15:50:04: Thread 0: Calculating WDHD1 (17001) ...  
INFO  @ Wed, 22 Feb 2023 15:50:09: Thread 0: Calculating ZYG11A (18001) ...  
INFO  @ Wed, 22 Feb 2023 15:50:09: Thread 0 completed. 
INFO  @ Wed, 22 Feb 2023 15:50:09: All threads completed. 
INFO  @ Wed, 22 Feb 2023 15:50:12: Assigning p values... 
INFO  @ Wed, 22 Feb 2023 15:50:12: Permuting groups of gene with 12 sgRNAs per gene. Group progress: 12/22 
INFO  @ Wed, 22 Feb 2023 15:50:12: Start permuting 2 rounds ... 
INFO  @ Wed, 22 Feb 2023 15:50:12: Collecting 90025 sgRNAs from 18006 genes. 
INFO  @ Wed, 22 Feb 2023 15:50:14: Permuting round 0 ... 
INFO  @ Wed, 22 Feb 2023 15:50:14: Thread 0 started. 
INFO  @ Wed, 22 Feb 2023 15:50:14: Thread 0: total 18006 instances. 
INFO  @ Wed, 22 Feb 2023 15:50:14: Thread 0: Calculating A1CF (1) ...  
INFO  @ Wed, 22 Feb 2023 15:50:19: Thread 0: Calculating ARNT2 (1001) ...  
INFO  @ Wed, 22 Feb 2023 15:50:24: Thread 0: Calculating C2orf44 (2001) ...  
INFO  @ Wed, 22 Feb 2023 15:50:29: Thread 0: Calculating CERS6 (3001) ...  
INFO  @ Wed, 22 Feb 2023 15:50:34: Thread 0: Calculating DBH (4001) ...  
INFO  @ Wed, 22 Feb 2023 15:50:38: Thread 0: Calculating ERCC6L2 (5001) ...  
INFO  @ Wed, 22 Feb 2023 15:50:43: Thread 0: Calculating GANC (6001) ...  
INFO  @ Wed, 22 Feb 2023 15:50:48: Thread 0: Calculating HMBS (7001) ...  
INFO  @ Wed, 22 Feb 2023 15:50:53: Thread 0: Calculating KIAA1147 (8001) ...  
INFO  @ Wed, 22 Feb 2023 15:50:58: Thread 0: Calculating MAGOH (9001) ...  
INFO  @ Wed, 22 Feb 2023 15:51:02: Thread 0: Calculating NANOS3 (10001) ...  
INFO  @ Wed, 22 Feb 2023 15:51:07: Thread 0: Calculating PAXIP1 (11001) ...  
INFO  @ Wed, 22 Feb 2023 15:51:12: Thread 0: Calculating PRG4 (12001) ...  
INFO  @ Wed, 22 Feb 2023 15:51:17: Thread 0: Calculating RNF151 (13001) ...  
INFO  @ Wed, 22 Feb 2023 15:51:22: Thread 0: Calculating SLC25A11 (14001) ...  
INFO  @ Wed, 22 Feb 2023 15:51:27: Thread 0: Calculating SUMO4 (15001) ...  
INFO  @ Wed, 22 Feb 2023 15:51:32: Thread 0: Calculating TNKS2 (16001) ...  
INFO  @ Wed, 22 Feb 2023 15:51:37: Thread 0: Calculating WDHD1 (17001) ...  
INFO  @ Wed, 22 Feb 2023 15:51:41: Thread 0: Calculating ZYG11A (18001) ...  
INFO  @ Wed, 22 Feb 2023 15:51:41: Thread 0 completed. 
INFO  @ Wed, 22 Feb 2023 15:51:41: All threads completed. 
INFO  @ Wed, 22 Feb 2023 15:51:45: Permuting round 1 ... 
INFO  @ Wed, 22 Feb 2023 15:51:45: Thread 0 started. 
INFO  @ Wed, 22 Feb 2023 15:51:45: Thread 0: total 18006 instances. 
INFO  @ Wed, 22 Feb 2023 15:51:45: Thread 0: Calculating A1CF (1) ...  
INFO  @ Wed, 22 Feb 2023 15:51:50: Thread 0: Calculating ARNT2 (1001) ...  
INFO  @ Wed, 22 Feb 2023 15:51:55: Thread 0: Calculating C2orf44 (2001) ...  
INFO  @ Wed, 22 Feb 2023 15:52:00: Thread 0: Calculating CERS6 (3001) ...  
INFO  @ Wed, 22 Feb 2023 15:52:05: Thread 0: Calculating DBH (4001) ...  
INFO  @ Wed, 22 Feb 2023 15:52:09: Thread 0: Calculating ERCC6L2 (5001) ...  
INFO  @ Wed, 22 Feb 2023 15:52:14: Thread 0: Calculating GANC (6001) ...  
INFO  @ Wed, 22 Feb 2023 15:52:19: Thread 0: Calculating HMBS (7001) ...  
INFO  @ Wed, 22 Feb 2023 15:52:24: Thread 0: Calculating KIAA1147 (8001) ...  
INFO  @ Wed, 22 Feb 2023 15:52:29: Thread 0: Calculating MAGOH (9001) ...  
INFO  @ Wed, 22 Feb 2023 15:52:34: Thread 0: Calculating NANOS3 (10001) ...  
INFO  @ Wed, 22 Feb 2023 15:52:39: Thread 0: Calculating PAXIP1 (11001) ...  
INFO  @ Wed, 22 Feb 2023 15:52:43: Thread 0: Calculating PRG4 (12001) ...  
INFO  @ Wed, 22 Feb 2023 15:52:48: Thread 0: Calculating RNF151 (13001) ...  
INFO  @ Wed, 22 Feb 2023 15:52:54: Thread 0: Calculating SLC25A11 (14001) ...  
INFO  @ Wed, 22 Feb 2023 15:52:58: Thread 0: Calculating SUMO4 (15001) ...  
INFO  @ Wed, 22 Feb 2023 15:53:03: Thread 0: Calculating TNKS2 (16001) ...  
INFO  @ Wed, 22 Feb 2023 15:53:08: Thread 0: Calculating WDHD1 (17001) ...  
INFO  @ Wed, 22 Feb 2023 15:53:13: Thread 0: Calculating ZYG11A (18001) ...  
INFO  @ Wed, 22 Feb 2023 15:53:13: Thread 0 completed. 
INFO  @ Wed, 22 Feb 2023 15:53:13: All threads completed. 
INFO  @ Wed, 22 Feb 2023 15:53:16: Assigning p values... 
INFO  @ Wed, 22 Feb 2023 15:53:17: Permuting groups of gene with 13 sgRNAs per gene. Group progress: 13/22 
INFO  @ Wed, 22 Feb 2023 15:53:17: Start permuting 2 rounds ... 
INFO  @ Wed, 22 Feb 2023 15:53:17: Collecting 90025 sgRNAs from 18006 genes. 
INFO  @ Wed, 22 Feb 2023 15:53:18: Permuting round 0 ... 
INFO  @ Wed, 22 Feb 2023 15:53:18: Thread 0 started. 
INFO  @ Wed, 22 Feb 2023 15:53:18: Thread 0: total 18006 instances. 
INFO  @ Wed, 22 Feb 2023 15:53:18: Thread 0: Calculating A1CF (1) ...  
INFO  @ Wed, 22 Feb 2023 15:53:24: Thread 0: Calculating ARNT2 (1001) ...  
INFO  @ Wed, 22 Feb 2023 15:53:29: Thread 0: Calculating C2orf44 (2001) ...  
INFO  @ Wed, 22 Feb 2023 15:53:34: Thread 0: Calculating CERS6 (3001) ...  
INFO  @ Wed, 22 Feb 2023 15:53:38: Thread 0: Calculating DBH (4001) ...  
INFO  @ Wed, 22 Feb 2023 15:53:43: Thread 0: Calculating ERCC6L2 (5001) ...  
INFO  @ Wed, 22 Feb 2023 15:53:48: Thread 0: Calculating GANC (6001) ...  
INFO  @ Wed, 22 Feb 2023 15:53:53: Thread 0: Calculating HMBS (7001) ...  
INFO  @ Wed, 22 Feb 2023 15:53:59: Thread 0: Calculating KIAA1147 (8001) ...  
INFO  @ Wed, 22 Feb 2023 15:54:04: Thread 0: Calculating MAGOH (9001) ...  
INFO  @ Wed, 22 Feb 2023 15:54:08: Thread 0: Calculating NANOS3 (10001) ...  
INFO  @ Wed, 22 Feb 2023 15:54:13: Thread 0: Calculating PAXIP1 (11001) ...  
INFO  @ Wed, 22 Feb 2023 15:54:18: Thread 0: Calculating PRG4 (12001) ...  
INFO  @ Wed, 22 Feb 2023 15:54:23: Thread 0: Calculating RNF151 (13001) ...  
INFO  @ Wed, 22 Feb 2023 15:54:28: Thread 0: Calculating SLC25A11 (14001) ...  
INFO  @ Wed, 22 Feb 2023 15:54:33: Thread 0: Calculating SUMO4 (15001) ...  
INFO  @ Wed, 22 Feb 2023 15:54:38: Thread 0: Calculating TNKS2 (16001) ...  
INFO  @ Wed, 22 Feb 2023 15:54:43: Thread 0: Calculating WDHD1 (17001) ...  
INFO  @ Wed, 22 Feb 2023 15:54:48: Thread 0: Calculating ZYG11A (18001) ...  
INFO  @ Wed, 22 Feb 2023 15:54:48: Thread 0 completed. 
INFO  @ Wed, 22 Feb 2023 15:54:48: All threads completed. 
INFO  @ Wed, 22 Feb 2023 15:54:52: Permuting round 1 ... 
INFO  @ Wed, 22 Feb 2023 15:54:52: Thread 0 started. 
INFO  @ Wed, 22 Feb 2023 15:54:52: Thread 0: total 18006 instances. 
INFO  @ Wed, 22 Feb 2023 15:54:52: Thread 0: Calculating A1CF (1) ...  
INFO  @ Wed, 22 Feb 2023 15:54:57: Thread 0: Calculating ARNT2 (1001) ...  
INFO  @ Wed, 22 Feb 2023 15:55:02: Thread 0: Calculating C2orf44 (2001) ...  
INFO  @ Wed, 22 Feb 2023 15:55:07: Thread 0: Calculating CERS6 (3001) ...  
INFO  @ Wed, 22 Feb 2023 15:55:12: Thread 0: Calculating DBH (4001) ...  
INFO  @ Wed, 22 Feb 2023 15:55:17: Thread 0: Calculating ERCC6L2 (5001) ...  
INFO  @ Wed, 22 Feb 2023 15:55:22: Thread 0: Calculating GANC (6001) ...  
INFO  @ Wed, 22 Feb 2023 15:55:28: Thread 0: Calculating HMBS (7001) ...  
INFO  @ Wed, 22 Feb 2023 15:55:33: Thread 0: Calculating KIAA1147 (8001) ...  
INFO  @ Wed, 22 Feb 2023 15:55:38: Thread 0: Calculating MAGOH (9001) ...  
INFO  @ Wed, 22 Feb 2023 15:55:43: Thread 0: Calculating NANOS3 (10001) ...  
INFO  @ Wed, 22 Feb 2023 15:55:48: Thread 0: Calculating PAXIP1 (11001) ...  
INFO  @ Wed, 22 Feb 2023 15:55:53: Thread 0: Calculating PRG4 (12001) ...  
INFO  @ Wed, 22 Feb 2023 15:55:58: Thread 0: Calculating RNF151 (13001) ...  
INFO  @ Wed, 22 Feb 2023 15:56:03: Thread 0: Calculating SLC25A11 (14001) ...  
INFO  @ Wed, 22 Feb 2023 15:56:08: Thread 0: Calculating SUMO4 (15001) ...  
INFO  @ Wed, 22 Feb 2023 15:56:13: Thread 0: Calculating TNKS2 (16001) ...  
INFO  @ Wed, 22 Feb 2023 15:56:18: Thread 0: Calculating WDHD1 (17001) ...  
INFO  @ Wed, 22 Feb 2023 15:56:23: Thread 0: Calculating ZYG11A (18001) ...  
INFO  @ Wed, 22 Feb 2023 15:56:23: Thread 0 completed. 
INFO  @ Wed, 22 Feb 2023 15:56:23: All threads completed. 
INFO  @ Wed, 22 Feb 2023 15:56:26: Assigning p values... 
INFO  @ Wed, 22 Feb 2023 15:56:26: Permuting groups of gene with 14 sgRNAs per gene. Group progress: 14/22 
INFO  @ Wed, 22 Feb 2023 15:56:26: Start permuting 2 rounds ... 
INFO  @ Wed, 22 Feb 2023 15:56:27: Collecting 90025 sgRNAs from 18006 genes. 
INFO  @ Wed, 22 Feb 2023 15:56:28: Permuting round 0 ... 
INFO  @ Wed, 22 Feb 2023 15:56:28: Thread 0 started. 
INFO  @ Wed, 22 Feb 2023 15:56:28: Thread 0: total 18006 instances. 
INFO  @ Wed, 22 Feb 2023 15:56:28: Thread 0: Calculating A1CF (1) ...  
INFO  @ Wed, 22 Feb 2023 15:56:33: Thread 0: Calculating ARNT2 (1001) ...  
INFO  @ Wed, 22 Feb 2023 15:56:39: Thread 0: Calculating C2orf44 (2001) ...  
INFO  @ Wed, 22 Feb 2023 15:56:44: Thread 0: Calculating CERS6 (3001) ...  
INFO  @ Wed, 22 Feb 2023 15:56:49: Thread 0: Calculating DBH (4001) ...  
INFO  @ Wed, 22 Feb 2023 15:56:54: Thread 0: Calculating ERCC6L2 (5001) ...  
INFO  @ Wed, 22 Feb 2023 15:56:59: Thread 0: Calculating GANC (6001) ...  
INFO  @ Wed, 22 Feb 2023 15:57:04: Thread 0: Calculating HMBS (7001) ...  
INFO  @ Wed, 22 Feb 2023 15:57:09: Thread 0: Calculating KIAA1147 (8001) ...  
INFO  @ Wed, 22 Feb 2023 15:57:15: Thread 0: Calculating MAGOH (9001) ...  
INFO  @ Wed, 22 Feb 2023 15:57:20: Thread 0: Calculating NANOS3 (10001) ...  
INFO  @ Wed, 22 Feb 2023 15:57:25: Thread 0: Calculating PAXIP1 (11001) ...  
INFO  @ Wed, 22 Feb 2023 15:57:30: Thread 0: Calculating PRG4 (12001) ...  
INFO  @ Wed, 22 Feb 2023 15:57:35: Thread 0: Calculating RNF151 (13001) ...  
INFO  @ Wed, 22 Feb 2023 15:57:40: Thread 0: Calculating SLC25A11 (14001) ...  
INFO  @ Wed, 22 Feb 2023 15:57:46: Thread 0: Calculating SUMO4 (15001) ...  
INFO  @ Wed, 22 Feb 2023 15:57:51: Thread 0: Calculating TNKS2 (16001) ...  
INFO  @ Wed, 22 Feb 2023 15:57:56: Thread 0: Calculating WDHD1 (17001) ...  
INFO  @ Wed, 22 Feb 2023 15:58:01: Thread 0: Calculating ZYG11A (18001) ...  
INFO  @ Wed, 22 Feb 2023 15:58:01: Thread 0 completed. 
INFO  @ Wed, 22 Feb 2023 15:58:01: All threads completed. 
INFO  @ Wed, 22 Feb 2023 15:58:04: Permuting round 1 ... 
INFO  @ Wed, 22 Feb 2023 15:58:05: Thread 0 started. 
INFO  @ Wed, 22 Feb 2023 15:58:05: Thread 0: total 18006 instances. 
INFO  @ Wed, 22 Feb 2023 15:58:05: Thread 0: Calculating A1CF (1) ...  
INFO  @ Wed, 22 Feb 2023 15:58:10: Thread 0: Calculating ARNT2 (1001) ...  
INFO  @ Wed, 22 Feb 2023 15:58:15: Thread 0: Calculating C2orf44 (2001) ...  
INFO  @ Wed, 22 Feb 2023 15:58:20: Thread 0: Calculating CERS6 (3001) ...  
INFO  @ Wed, 22 Feb 2023 15:58:26: Thread 0: Calculating DBH (4001) ...  
INFO  @ Wed, 22 Feb 2023 15:58:31: Thread 0: Calculating ERCC6L2 (5001) ...  
INFO  @ Wed, 22 Feb 2023 15:58:36: Thread 0: Calculating GANC (6001) ...  
INFO  @ Wed, 22 Feb 2023 15:58:41: Thread 0: Calculating HMBS (7001) ...  
INFO  @ Wed, 22 Feb 2023 15:58:46: Thread 0: Calculating KIAA1147 (8001) ...  
INFO  @ Wed, 22 Feb 2023 15:58:52: Thread 0: Calculating MAGOH (9001) ...  
INFO  @ Wed, 22 Feb 2023 15:58:57: Thread 0: Calculating NANOS3 (10001) ...  
INFO  @ Wed, 22 Feb 2023 15:59:02: Thread 0: Calculating PAXIP1 (11001) ...  
INFO  @ Wed, 22 Feb 2023 15:59:07: Thread 0: Calculating PRG4 (12001) ...  
INFO  @ Wed, 22 Feb 2023 15:59:12: Thread 0: Calculating RNF151 (13001) ...  
INFO  @ Wed, 22 Feb 2023 15:59:17: Thread 0: Calculating SLC25A11 (14001) ...  
INFO  @ Wed, 22 Feb 2023 15:59:23: Thread 0: Calculating SUMO4 (15001) ...  
INFO  @ Wed, 22 Feb 2023 15:59:28: Thread 0: Calculating TNKS2 (16001) ...  
INFO  @ Wed, 22 Feb 2023 15:59:33: Thread 0: Calculating WDHD1 (17001) ...  
INFO  @ Wed, 22 Feb 2023 15:59:38: Thread 0: Calculating ZYG11A (18001) ...  
INFO  @ Wed, 22 Feb 2023 15:59:38: Thread 0 completed. 
INFO  @ Wed, 22 Feb 2023 15:59:38: All threads completed. 
INFO  @ Wed, 22 Feb 2023 15:59:42: Assigning p values... 
INFO  @ Wed, 22 Feb 2023 15:59:42: Permuting groups of gene with 15 sgRNAs per gene. Group progress: 15/22 
INFO  @ Wed, 22 Feb 2023 15:59:42: Start permuting 2 rounds ... 
INFO  @ Wed, 22 Feb 2023 15:59:42: Collecting 90025 sgRNAs from 18006 genes. 
INFO  @ Wed, 22 Feb 2023 15:59:43: Permuting round 0 ... 
INFO  @ Wed, 22 Feb 2023 15:59:44: Thread 0 started. 
INFO  @ Wed, 22 Feb 2023 15:59:44: Thread 0: total 18006 instances. 
INFO  @ Wed, 22 Feb 2023 15:59:44: Thread 0: Calculating A1CF (1) ...  
INFO  @ Wed, 22 Feb 2023 15:59:49: Thread 0: Calculating ARNT2 (1001) ...  
INFO  @ Wed, 22 Feb 2023 15:59:54: Thread 0: Calculating C2orf44 (2001) ...  
INFO  @ Wed, 22 Feb 2023 16:00:00: Thread 0: Calculating CERS6 (3001) ...  
INFO  @ Wed, 22 Feb 2023 16:00:05: Thread 0: Calculating DBH (4001) ...  
INFO  @ Wed, 22 Feb 2023 16:00:10: Thread 0: Calculating ERCC6L2 (5001) ...  
INFO  @ Wed, 22 Feb 2023 16:00:15: Thread 0: Calculating GANC (6001) ...  
INFO  @ Wed, 22 Feb 2023 16:00:21: Thread 0: Calculating HMBS (7001) ...  
INFO  @ Wed, 22 Feb 2023 16:00:26: Thread 0: Calculating KIAA1147 (8001) ...  
INFO  @ Wed, 22 Feb 2023 16:00:31: Thread 0: Calculating MAGOH (9001) ...  
INFO  @ Wed, 22 Feb 2023 16:00:36: Thread 0: Calculating NANOS3 (10001) ...  
INFO  @ Wed, 22 Feb 2023 16:00:42: Thread 0: Calculating PAXIP1 (11001) ...  
INFO  @ Wed, 22 Feb 2023 16:00:47: Thread 0: Calculating PRG4 (12001) ...  
INFO  @ Wed, 22 Feb 2023 16:00:52: Thread 0: Calculating RNF151 (13001) ...  
INFO  @ Wed, 22 Feb 2023 16:00:57: Thread 0: Calculating SLC25A11 (14001) ...  
INFO  @ Wed, 22 Feb 2023 16:01:03: Thread 0: Calculating SUMO4 (15001) ...  
INFO  @ Wed, 22 Feb 2023 16:01:08: Thread 0: Calculating TNKS2 (16001) ...  
INFO  @ Wed, 22 Feb 2023 16:01:13: Thread 0: Calculating WDHD1 (17001) ...  
INFO  @ Wed, 22 Feb 2023 16:01:19: Thread 0: Calculating ZYG11A (18001) ...  
INFO  @ Wed, 22 Feb 2023 16:01:19: Thread 0 completed. 
INFO  @ Wed, 22 Feb 2023 16:01:19: All threads completed. 
INFO  @ Wed, 22 Feb 2023 16:01:22: Permuting round 1 ... 
INFO  @ Wed, 22 Feb 2023 16:01:23: Thread 0 started. 
INFO  @ Wed, 22 Feb 2023 16:01:23: Thread 0: total 18006 instances. 
INFO  @ Wed, 22 Feb 2023 16:01:23: Thread 0: Calculating A1CF (1) ...  
INFO  @ Wed, 22 Feb 2023 16:01:28: Thread 0: Calculating ARNT2 (1001) ...  
INFO  @ Wed, 22 Feb 2023 16:01:33: Thread 0: Calculating C2orf44 (2001) ...  
INFO  @ Wed, 22 Feb 2023 16:01:39: Thread 0: Calculating CERS6 (3001) ...  
INFO  @ Wed, 22 Feb 2023 16:01:44: Thread 0: Calculating DBH (4001) ...  
INFO  @ Wed, 22 Feb 2023 16:01:49: Thread 0: Calculating ERCC6L2 (5001) ...  
INFO  @ Wed, 22 Feb 2023 16:01:54: Thread 0: Calculating GANC (6001) ...  
INFO  @ Wed, 22 Feb 2023 16:02:00: Thread 0: Calculating HMBS (7001) ...  
INFO  @ Wed, 22 Feb 2023 16:02:05: Thread 0: Calculating KIAA1147 (8001) ...  
INFO  @ Wed, 22 Feb 2023 16:02:10: Thread 0: Calculating MAGOH (9001) ...  
INFO  @ Wed, 22 Feb 2023 16:02:16: Thread 0: Calculating NANOS3 (10001) ...  
INFO  @ Wed, 22 Feb 2023 16:02:21: Thread 0: Calculating PAXIP1 (11001) ...  
INFO  @ Wed, 22 Feb 2023 16:02:26: Thread 0: Calculating PRG4 (12001) ...  
INFO  @ Wed, 22 Feb 2023 16:02:31: Thread 0: Calculating RNF151 (13001) ...  
INFO  @ Wed, 22 Feb 2023 16:02:37: Thread 0: Calculating SLC25A11 (14001) ...  
INFO  @ Wed, 22 Feb 2023 16:02:42: Thread 0: Calculating SUMO4 (15001) ...  
INFO  @ Wed, 22 Feb 2023 16:02:47: Thread 0: Calculating TNKS2 (16001) ...  
INFO  @ Wed, 22 Feb 2023 16:02:53: Thread 0: Calculating WDHD1 (17001) ...  
INFO  @ Wed, 22 Feb 2023 16:02:58: Thread 0: Calculating ZYG11A (18001) ...  
INFO  @ Wed, 22 Feb 2023 16:02:58: Thread 0 completed. 
INFO  @ Wed, 22 Feb 2023 16:02:58: All threads completed. 
INFO  @ Wed, 22 Feb 2023 16:03:02: Assigning p values... 
INFO  @ Wed, 22 Feb 2023 16:03:02: Permuting groups of gene with 16 sgRNAs per gene. Group progress: 16/22 
INFO  @ Wed, 22 Feb 2023 16:03:02: Start permuting 2 rounds ... 
INFO  @ Wed, 22 Feb 2023 16:03:02: Collecting 90025 sgRNAs from 18006 genes. 
INFO  @ Wed, 22 Feb 2023 16:03:03: Permuting round 0 ... 
INFO  @ Wed, 22 Feb 2023 16:03:04: Thread 0 started. 
INFO  @ Wed, 22 Feb 2023 16:03:04: Thread 0: total 18006 instances. 
INFO  @ Wed, 22 Feb 2023 16:03:04: Thread 0: Calculating A1CF (1) ...  
INFO  @ Wed, 22 Feb 2023 16:03:10: Thread 0: Calculating ARNT2 (1001) ...  
INFO  @ Wed, 22 Feb 2023 16:03:15: Thread 0: Calculating C2orf44 (2001) ...  
INFO  @ Wed, 22 Feb 2023 16:03:20: Thread 0: Calculating CERS6 (3001) ...  
INFO  @ Wed, 22 Feb 2023 16:03:26: Thread 0: Calculating DBH (4001) ...  
INFO  @ Wed, 22 Feb 2023 16:03:31: Thread 0: Calculating ERCC6L2 (5001) ...  
INFO  @ Wed, 22 Feb 2023 16:03:37: Thread 0: Calculating GANC (6001) ...  
INFO  @ Wed, 22 Feb 2023 16:03:42: Thread 0: Calculating HMBS (7001) ...  
INFO  @ Wed, 22 Feb 2023 16:03:47: Thread 0: Calculating KIAA1147 (8001) ...  
INFO  @ Wed, 22 Feb 2023 16:03:53: Thread 0: Calculating MAGOH (9001) ...  
INFO  @ Wed, 22 Feb 2023 16:03:58: Thread 0: Calculating NANOS3 (10001) ...  
INFO  @ Wed, 22 Feb 2023 16:04:04: Thread 0: Calculating PAXIP1 (11001) ...  
INFO  @ Wed, 22 Feb 2023 16:04:09: Thread 0: Calculating PRG4 (12001) ...  
INFO  @ Wed, 22 Feb 2023 16:04:15: Thread 0: Calculating RNF151 (13001) ...  
INFO  @ Wed, 22 Feb 2023 16:04:20: Thread 0: Calculating SLC25A11 (14001) ...  
INFO  @ Wed, 22 Feb 2023 16:04:26: Thread 0: Calculating SUMO4 (15001) ...  
INFO  @ Wed, 22 Feb 2023 16:04:31: Thread 0: Calculating TNKS2 (16001) ...  
INFO  @ Wed, 22 Feb 2023 16:04:37: Thread 0: Calculating WDHD1 (17001) ...  
INFO  @ Wed, 22 Feb 2023 16:04:42: Thread 0: Calculating ZYG11A (18001) ...  
INFO  @ Wed, 22 Feb 2023 16:04:42: Thread 0 completed. 
INFO  @ Wed, 22 Feb 2023 16:04:42: All threads completed. 
INFO  @ Wed, 22 Feb 2023 16:04:45: Permuting round 1 ... 
INFO  @ Wed, 22 Feb 2023 16:04:46: Thread 0 started. 
INFO  @ Wed, 22 Feb 2023 16:04:46: Thread 0: total 18006 instances. 
INFO  @ Wed, 22 Feb 2023 16:04:46: Thread 0: Calculating A1CF (1) ...  
INFO  @ Wed, 22 Feb 2023 16:04:52: Thread 0: Calculating ARNT2 (1001) ...  
INFO  @ Wed, 22 Feb 2023 16:04:57: Thread 0: Calculating C2orf44 (2001) ...  
INFO  @ Wed, 22 Feb 2023 16:05:03: Thread 0: Calculating CERS6 (3001) ...  
INFO  @ Wed, 22 Feb 2023 16:05:08: Thread 0: Calculating DBH (4001) ...  
INFO  @ Wed, 22 Feb 2023 16:05:14: Thread 0: Calculating ERCC6L2 (5001) ...  
INFO  @ Wed, 22 Feb 2023 16:05:19: Thread 0: Calculating GANC (6001) ...  
INFO  @ Wed, 22 Feb 2023 16:05:25: Thread 0: Calculating HMBS (7001) ...  
INFO  @ Wed, 22 Feb 2023 16:05:30: Thread 0: Calculating KIAA1147 (8001) ...  
INFO  @ Wed, 22 Feb 2023 16:05:36: Thread 0: Calculating MAGOH (9001) ...  
INFO  @ Wed, 22 Feb 2023 16:05:41: Thread 0: Calculating NANOS3 (10001) ...  
INFO  @ Wed, 22 Feb 2023 16:05:47: Thread 0: Calculating PAXIP1 (11001) ...  
INFO  @ Wed, 22 Feb 2023 16:05:52: Thread 0: Calculating PRG4 (12001) ...  
INFO  @ Wed, 22 Feb 2023 16:05:58: Thread 0: Calculating RNF151 (13001) ...  
INFO  @ Wed, 22 Feb 2023 16:06:03: Thread 0: Calculating SLC25A11 (14001) ...  
INFO  @ Wed, 22 Feb 2023 16:06:09: Thread 0: Calculating SUMO4 (15001) ...  
INFO  @ Wed, 22 Feb 2023 16:06:15: Thread 0: Calculating TNKS2 (16001) ...  
INFO  @ Wed, 22 Feb 2023 16:06:20: Thread 0: Calculating WDHD1 (17001) ...  
INFO  @ Wed, 22 Feb 2023 16:06:26: Thread 0: Calculating ZYG11A (18001) ...  
INFO  @ Wed, 22 Feb 2023 16:06:26: Thread 0 completed. 
INFO  @ Wed, 22 Feb 2023 16:06:26: All threads completed. 
INFO  @ Wed, 22 Feb 2023 16:06:29: Assigning p values... 
INFO  @ Wed, 22 Feb 2023 16:06:30: Permuting groups of gene with 17 sgRNAs per gene. Group progress: 17/22 
INFO  @ Wed, 22 Feb 2023 16:06:30: Start permuting 2 rounds ... 
INFO  @ Wed, 22 Feb 2023 16:06:30: Collecting 90025 sgRNAs from 18006 genes. 
INFO  @ Wed, 22 Feb 2023 16:06:31: Permuting round 0 ... 
INFO  @ Wed, 22 Feb 2023 16:06:32: Thread 0 started. 
INFO  @ Wed, 22 Feb 2023 16:06:32: Thread 0: total 18006 instances. 
INFO  @ Wed, 22 Feb 2023 16:06:32: Thread 0: Calculating A1CF (1) ...  
INFO  @ Wed, 22 Feb 2023 16:06:37: Thread 0: Calculating ARNT2 (1001) ...  
INFO  @ Wed, 22 Feb 2023 16:06:43: Thread 0: Calculating C2orf44 (2001) ...  
INFO  @ Wed, 22 Feb 2023 16:06:48: Thread 0: Calculating CERS6 (3001) ...  
INFO  @ Wed, 22 Feb 2023 16:06:54: Thread 0: Calculating DBH (4001) ...  
INFO  @ Wed, 22 Feb 2023 16:07:00: Thread 0: Calculating ERCC6L2 (5001) ...  
INFO  @ Wed, 22 Feb 2023 16:07:05: Thread 0: Calculating GANC (6001) ...  
INFO  @ Wed, 22 Feb 2023 16:07:11: Thread 0: Calculating HMBS (7001) ...  
INFO  @ Wed, 22 Feb 2023 16:07:17: Thread 0: Calculating KIAA1147 (8001) ...  
INFO  @ Wed, 22 Feb 2023 16:07:22: Thread 0: Calculating MAGOH (9001) ...  
INFO  @ Wed, 22 Feb 2023 16:07:28: Thread 0: Calculating NANOS3 (10001) ...  
INFO  @ Wed, 22 Feb 2023 16:07:34: Thread 0: Calculating PAXIP1 (11001) ...  
INFO  @ Wed, 22 Feb 2023 16:07:39: Thread 0: Calculating PRG4 (12001) ...  
INFO  @ Wed, 22 Feb 2023 16:07:45: Thread 0: Calculating RNF151 (13001) ...  
INFO  @ Wed, 22 Feb 2023 16:07:50: Thread 0: Calculating SLC25A11 (14001) ...  
INFO  @ Wed, 22 Feb 2023 16:07:56: Thread 0: Calculating SUMO4 (15001) ...  
INFO  @ Wed, 22 Feb 2023 16:08:02: Thread 0: Calculating TNKS2 (16001) ...  
INFO  @ Wed, 22 Feb 2023 16:08:07: Thread 0: Calculating WDHD1 (17001) ...  
INFO  @ Wed, 22 Feb 2023 16:08:13: Thread 0: Calculating ZYG11A (18001) ...  
INFO  @ Wed, 22 Feb 2023 16:08:13: Thread 0 completed. 
INFO  @ Wed, 22 Feb 2023 16:08:13: All threads completed. 
INFO  @ Wed, 22 Feb 2023 16:08:16: Permuting round 1 ... 
INFO  @ Wed, 22 Feb 2023 16:08:17: Thread 0 started. 
INFO  @ Wed, 22 Feb 2023 16:08:17: Thread 0: total 18006 instances. 
INFO  @ Wed, 22 Feb 2023 16:08:17: Thread 0: Calculating A1CF (1) ...  
INFO  @ Wed, 22 Feb 2023 16:08:23: Thread 0: Calculating ARNT2 (1001) ...  
INFO  @ Wed, 22 Feb 2023 16:08:28: Thread 0: Calculating C2orf44 (2001) ...  
INFO  @ Wed, 22 Feb 2023 16:08:34: Thread 0: Calculating CERS6 (3001) ...  
INFO  @ Wed, 22 Feb 2023 16:08:40: Thread 0: Calculating DBH (4001) ...  
INFO  @ Wed, 22 Feb 2023 16:08:45: Thread 0: Calculating ERCC6L2 (5001) ...  
INFO  @ Wed, 22 Feb 2023 16:08:51: Thread 0: Calculating GANC (6001) ...  
INFO  @ Wed, 22 Feb 2023 16:08:57: Thread 0: Calculating HMBS (7001) ...  
INFO  @ Wed, 22 Feb 2023 16:09:03: Thread 0: Calculating KIAA1147 (8001) ...  
INFO  @ Wed, 22 Feb 2023 16:09:09: Thread 0: Calculating MAGOH (9001) ...  
INFO  @ Wed, 22 Feb 2023 16:09:14: Thread 0: Calculating NANOS3 (10001) ...  
INFO  @ Wed, 22 Feb 2023 16:09:20: Thread 0: Calculating PAXIP1 (11001) ...  
INFO  @ Wed, 22 Feb 2023 16:09:26: Thread 0: Calculating PRG4 (12001) ...  
INFO  @ Wed, 22 Feb 2023 16:09:31: Thread 0: Calculating RNF151 (13001) ...  
INFO  @ Wed, 22 Feb 2023 16:09:37: Thread 0: Calculating SLC25A11 (14001) ...  
INFO  @ Wed, 22 Feb 2023 16:09:43: Thread 0: Calculating SUMO4 (15001) ...  
INFO  @ Wed, 22 Feb 2023 16:09:48: Thread 0: Calculating TNKS2 (16001) ...  
INFO  @ Wed, 22 Feb 2023 16:09:54: Thread 0: Calculating WDHD1 (17001) ...  
INFO  @ Wed, 22 Feb 2023 16:10:00: Thread 0: Calculating ZYG11A (18001) ...  
INFO  @ Wed, 22 Feb 2023 16:10:00: Thread 0 completed. 
INFO  @ Wed, 22 Feb 2023 16:10:00: All threads completed. 
INFO  @ Wed, 22 Feb 2023 16:10:03: Assigning p values... 
INFO  @ Wed, 22 Feb 2023 16:10:03: Permuting groups of gene with 18 sgRNAs per gene. Group progress: 18/22 
INFO  @ Wed, 22 Feb 2023 16:10:03: Start permuting 2 rounds ... 
INFO  @ Wed, 22 Feb 2023 16:10:04: Collecting 90025 sgRNAs from 18006 genes. 
INFO  @ Wed, 22 Feb 2023 16:10:05: Permuting round 0 ... 
INFO  @ Wed, 22 Feb 2023 16:10:06: Thread 0 started. 
INFO  @ Wed, 22 Feb 2023 16:10:06: Thread 0: total 18006 instances. 
INFO  @ Wed, 22 Feb 2023 16:10:06: Thread 0: Calculating A1CF (1) ...  
INFO  @ Wed, 22 Feb 2023 16:10:12: Thread 0: Calculating ARNT2 (1001) ...  
INFO  @ Wed, 22 Feb 2023 16:10:17: Thread 0: Calculating C2orf44 (2001) ...  
INFO  @ Wed, 22 Feb 2023 16:10:23: Thread 0: Calculating CERS6 (3001) ...  
INFO  @ Wed, 22 Feb 2023 16:10:29: Thread 0: Calculating DBH (4001) ...  
INFO  @ Wed, 22 Feb 2023 16:10:35: Thread 0: Calculating ERCC6L2 (5001) ...  
INFO  @ Wed, 22 Feb 2023 16:10:41: Thread 0: Calculating GANC (6001) ...  
INFO  @ Wed, 22 Feb 2023 16:10:47: Thread 0: Calculating HMBS (7001) ...  
INFO  @ Wed, 22 Feb 2023 16:10:52: Thread 0: Calculating KIAA1147 (8001) ...  
INFO  @ Wed, 22 Feb 2023 16:10:58: Thread 0: Calculating MAGOH (9001) ...  
INFO  @ Wed, 22 Feb 2023 16:11:04: Thread 0: Calculating NANOS3 (10001) ...  
INFO  @ Wed, 22 Feb 2023 16:11:10: Thread 0: Calculating PAXIP1 (11001) ...  
INFO  @ Wed, 22 Feb 2023 16:11:16: Thread 0: Calculating PRG4 (12001) ...  
INFO  @ Wed, 22 Feb 2023 16:11:21: Thread 0: Calculating RNF151 (13001) ...  
INFO  @ Wed, 22 Feb 2023 16:11:27: Thread 0: Calculating SLC25A11 (14001) ...  
INFO  @ Wed, 22 Feb 2023 16:11:33: Thread 0: Calculating SUMO4 (15001) ...  
INFO  @ Wed, 22 Feb 2023 16:11:39: Thread 0: Calculating TNKS2 (16001) ...  
INFO  @ Wed, 22 Feb 2023 16:11:45: Thread 0: Calculating WDHD1 (17001) ...  
INFO  @ Wed, 22 Feb 2023 16:11:51: Thread 0: Calculating ZYG11A (18001) ...  
INFO  @ Wed, 22 Feb 2023 16:11:51: Thread 0 completed. 
INFO  @ Wed, 22 Feb 2023 16:11:51: All threads completed. 
INFO  @ Wed, 22 Feb 2023 16:11:54: Permuting round 1 ... 
INFO  @ Wed, 22 Feb 2023 16:11:55: Thread 0 started. 
INFO  @ Wed, 22 Feb 2023 16:11:55: Thread 0: total 18006 instances. 
INFO  @ Wed, 22 Feb 2023 16:11:55: Thread 0: Calculating A1CF (1) ...  
INFO  @ Wed, 22 Feb 2023 16:12:01: Thread 0: Calculating ARNT2 (1001) ...  
INFO  @ Wed, 22 Feb 2023 16:12:07: Thread 0: Calculating C2orf44 (2001) ...  
INFO  @ Wed, 22 Feb 2023 16:12:13: Thread 0: Calculating CERS6 (3001) ...  
INFO  @ Wed, 22 Feb 2023 16:12:19: Thread 0: Calculating DBH (4001) ...  
INFO  @ Wed, 22 Feb 2023 16:12:25: Thread 0: Calculating ERCC6L2 (5001) ...  
INFO  @ Wed, 22 Feb 2023 16:12:32: Thread 0: Calculating GANC (6001) ...  
INFO  @ Wed, 22 Feb 2023 16:12:38: Thread 0: Calculating HMBS (7001) ...  
INFO  @ Wed, 22 Feb 2023 16:12:44: Thread 0: Calculating KIAA1147 (8001) ...  
INFO  @ Wed, 22 Feb 2023 16:12:50: Thread 0: Calculating MAGOH (9001) ...  
INFO  @ Wed, 22 Feb 2023 16:12:56: Thread 0: Calculating NANOS3 (10001) ...  
INFO  @ Wed, 22 Feb 2023 16:13:02: Thread 0: Calculating PAXIP1 (11001) ...  
INFO  @ Wed, 22 Feb 2023 16:13:08: Thread 0: Calculating PRG4 (12001) ...  
INFO  @ Wed, 22 Feb 2023 16:13:14: Thread 0: Calculating RNF151 (13001) ...  
INFO  @ Wed, 22 Feb 2023 16:13:20: Thread 0: Calculating SLC25A11 (14001) ...  
INFO  @ Wed, 22 Feb 2023 16:13:26: Thread 0: Calculating SUMO4 (15001) ...  
INFO  @ Wed, 22 Feb 2023 16:13:32: Thread 0: Calculating TNKS2 (16001) ...  
INFO  @ Wed, 22 Feb 2023 16:13:39: Thread 0: Calculating WDHD1 (17001) ...  
INFO  @ Wed, 22 Feb 2023 16:13:45: Thread 0: Calculating ZYG11A (18001) ...  
INFO  @ Wed, 22 Feb 2023 16:13:45: Thread 0 completed. 
INFO  @ Wed, 22 Feb 2023 16:13:45: All threads completed. 
INFO  @ Wed, 22 Feb 2023 16:13:49: Assigning p values... 
INFO  @ Wed, 22 Feb 2023 16:13:49: Permuting groups of gene with 19 sgRNAs per gene. Group progress: 19/22 
INFO  @ Wed, 22 Feb 2023 16:13:49: Start permuting 2 rounds ... 
INFO  @ Wed, 22 Feb 2023 16:13:49: Collecting 90025 sgRNAs from 18006 genes. 
INFO  @ Wed, 22 Feb 2023 16:13:50: Permuting round 0 ... 
INFO  @ Wed, 22 Feb 2023 16:13:51: Thread 0 started. 
INFO  @ Wed, 22 Feb 2023 16:13:51: Thread 0: total 18006 instances. 
INFO  @ Wed, 22 Feb 2023 16:13:51: Thread 0: Calculating A1CF (1) ...  
INFO  @ Wed, 22 Feb 2023 16:13:57: Thread 0: Calculating ARNT2 (1001) ...  
INFO  @ Wed, 22 Feb 2023 16:14:03: Thread 0: Calculating C2orf44 (2001) ...  
INFO  @ Wed, 22 Feb 2023 16:14:09: Thread 0: Calculating CERS6 (3001) ...  
INFO  @ Wed, 22 Feb 2023 16:14:15: Thread 0: Calculating DBH (4001) ...  
INFO  @ Wed, 22 Feb 2023 16:14:21: Thread 0: Calculating ERCC6L2 (5001) ...  
INFO  @ Wed, 22 Feb 2023 16:14:27: Thread 0: Calculating GANC (6001) ...  
INFO  @ Wed, 22 Feb 2023 16:14:33: Thread 0: Calculating HMBS (7001) ...  
INFO  @ Wed, 22 Feb 2023 16:14:39: Thread 0: Calculating KIAA1147 (8001) ...  
INFO  @ Wed, 22 Feb 2023 16:14:45: Thread 0: Calculating MAGOH (9001) ...  
INFO  @ Wed, 22 Feb 2023 16:14:51: Thread 0: Calculating NANOS3 (10001) ...  
INFO  @ Wed, 22 Feb 2023 16:14:57: Thread 0: Calculating PAXIP1 (11001) ...  
INFO  @ Wed, 22 Feb 2023 16:15:03: Thread 0: Calculating PRG4 (12001) ...  
INFO  @ Wed, 22 Feb 2023 16:15:09: Thread 0: Calculating RNF151 (13001) ...  
INFO  @ Wed, 22 Feb 2023 16:15:16: Thread 0: Calculating SLC25A11 (14001) ...  
INFO  @ Wed, 22 Feb 2023 16:15:22: Thread 0: Calculating SUMO4 (15001) ...  
INFO  @ Wed, 22 Feb 2023 16:15:28: Thread 0: Calculating TNKS2 (16001) ...  
INFO  @ Wed, 22 Feb 2023 16:15:34: Thread 0: Calculating WDHD1 (17001) ...  
INFO  @ Wed, 22 Feb 2023 16:15:40: Thread 0: Calculating ZYG11A (18001) ...  
INFO  @ Wed, 22 Feb 2023 16:15:40: Thread 0 completed. 
INFO  @ Wed, 22 Feb 2023 16:15:40: All threads completed. 
INFO  @ Wed, 22 Feb 2023 16:15:43: Permuting round 1 ... 
INFO  @ Wed, 22 Feb 2023 16:15:44: Thread 0 started. 
INFO  @ Wed, 22 Feb 2023 16:15:44: Thread 0: total 18006 instances. 
INFO  @ Wed, 22 Feb 2023 16:15:44: Thread 0: Calculating A1CF (1) ...  
INFO  @ Wed, 22 Feb 2023 16:15:50: Thread 0: Calculating ARNT2 (1001) ...  
INFO  @ Wed, 22 Feb 2023 16:15:56: Thread 0: Calculating C2orf44 (2001) ...  
INFO  @ Wed, 22 Feb 2023 16:16:03: Thread 0: Calculating CERS6 (3001) ...  
INFO  @ Wed, 22 Feb 2023 16:16:09: Thread 0: Calculating DBH (4001) ...  
INFO  @ Wed, 22 Feb 2023 16:16:15: Thread 0: Calculating ERCC6L2 (5001) ...  
INFO  @ Wed, 22 Feb 2023 16:16:21: Thread 0: Calculating GANC (6001) ...  
INFO  @ Wed, 22 Feb 2023 16:16:27: Thread 0: Calculating HMBS (7001) ...  
INFO  @ Wed, 22 Feb 2023 16:16:33: Thread 0: Calculating KIAA1147 (8001) ...  
INFO  @ Wed, 22 Feb 2023 16:16:39: Thread 0: Calculating MAGOH (9001) ...  
INFO  @ Wed, 22 Feb 2023 16:16:46: Thread 0: Calculating NANOS3 (10001) ...  
INFO  @ Wed, 22 Feb 2023 16:16:52: Thread 0: Calculating PAXIP1 (11001) ...  
INFO  @ Wed, 22 Feb 2023 16:16:58: Thread 0: Calculating PRG4 (12001) ...  
INFO  @ Wed, 22 Feb 2023 16:17:04: Thread 0: Calculating RNF151 (13001) ...  
INFO  @ Wed, 22 Feb 2023 16:17:10: Thread 0: Calculating SLC25A11 (14001) ...  
INFO  @ Wed, 22 Feb 2023 16:17:17: Thread 0: Calculating SUMO4 (15001) ...  
INFO  @ Wed, 22 Feb 2023 16:17:23: Thread 0: Calculating TNKS2 (16001) ...  
INFO  @ Wed, 22 Feb 2023 16:17:29: Thread 0: Calculating WDHD1 (17001) ...  
INFO  @ Wed, 22 Feb 2023 16:17:35: Thread 0: Calculating ZYG11A (18001) ...  
INFO  @ Wed, 22 Feb 2023 16:17:35: Thread 0 completed. 
INFO  @ Wed, 22 Feb 2023 16:17:35: All threads completed. 
INFO  @ Wed, 22 Feb 2023 16:17:39: Assigning p values... 
INFO  @ Wed, 22 Feb 2023 16:17:39: Permuting groups of gene with 22 sgRNAs per gene. Group progress: 20/22 
INFO  @ Wed, 22 Feb 2023 16:17:39: Start permuting 2 rounds ... 
INFO  @ Wed, 22 Feb 2023 16:17:39: Collecting 90025 sgRNAs from 18006 genes. 
INFO  @ Wed, 22 Feb 2023 16:17:41: Permuting round 0 ... 
INFO  @ Wed, 22 Feb 2023 16:17:41: Thread 0 started. 
INFO  @ Wed, 22 Feb 2023 16:17:41: Thread 0: total 18006 instances. 
INFO  @ Wed, 22 Feb 2023 16:17:41: Thread 0: Calculating A1CF (1) ...  
INFO  @ Wed, 22 Feb 2023 16:17:48: Thread 0: Calculating ARNT2 (1001) ...  
INFO  @ Wed, 22 Feb 2023 16:17:55: Thread 0: Calculating C2orf44 (2001) ...  
INFO  @ Wed, 22 Feb 2023 16:18:02: Thread 0: Calculating CERS6 (3001) ...  
INFO  @ Wed, 22 Feb 2023 16:18:09: Thread 0: Calculating DBH (4001) ...  
INFO  @ Wed, 22 Feb 2023 16:18:16: Thread 0: Calculating ERCC6L2 (5001) ...  
INFO  @ Wed, 22 Feb 2023 16:18:23: Thread 0: Calculating GANC (6001) ...  
INFO  @ Wed, 22 Feb 2023 16:18:30: Thread 0: Calculating HMBS (7001) ...  
INFO  @ Wed, 22 Feb 2023 16:18:37: Thread 0: Calculating KIAA1147 (8001) ...  
INFO  @ Wed, 22 Feb 2023 16:18:44: Thread 0: Calculating MAGOH (9001) ...  
INFO  @ Wed, 22 Feb 2023 16:18:51: Thread 0: Calculating NANOS3 (10001) ...  
INFO  @ Wed, 22 Feb 2023 16:18:58: Thread 0: Calculating PAXIP1 (11001) ...  
INFO  @ Wed, 22 Feb 2023 16:19:05: Thread 0: Calculating PRG4 (12001) ...  
INFO  @ Wed, 22 Feb 2023 16:19:11: Thread 0: Calculating RNF151 (13001) ...  
INFO  @ Wed, 22 Feb 2023 16:19:18: Thread 0: Calculating SLC25A11 (14001) ...  
INFO  @ Wed, 22 Feb 2023 16:19:25: Thread 0: Calculating SUMO4 (15001) ...  
INFO  @ Wed, 22 Feb 2023 16:19:32: Thread 0: Calculating TNKS2 (16001) ...  
INFO  @ Wed, 22 Feb 2023 16:19:39: Thread 0: Calculating WDHD1 (17001) ...  
INFO  @ Wed, 22 Feb 2023 16:19:46: Thread 0: Calculating ZYG11A (18001) ...  
INFO  @ Wed, 22 Feb 2023 16:19:46: Thread 0 completed. 
INFO  @ Wed, 22 Feb 2023 16:19:46: All threads completed. 
INFO  @ Wed, 22 Feb 2023 16:19:50: Permuting round 1 ... 
INFO  @ Wed, 22 Feb 2023 16:19:50: Thread 0 started. 
INFO  @ Wed, 22 Feb 2023 16:19:50: Thread 0: total 18006 instances. 
INFO  @ Wed, 22 Feb 2023 16:19:50: Thread 0: Calculating A1CF (1) ...  
INFO  @ Wed, 22 Feb 2023 16:19:58: Thread 0: Calculating ARNT2 (1001) ...  
INFO  @ Wed, 22 Feb 2023 16:20:05: Thread 0: Calculating C2orf44 (2001) ...  
INFO  @ Wed, 22 Feb 2023 16:20:12: Thread 0: Calculating CERS6 (3001) ...  
INFO  @ Wed, 22 Feb 2023 16:20:19: Thread 0: Calculating DBH (4001) ...  
INFO  @ Wed, 22 Feb 2023 16:20:26: Thread 0: Calculating ERCC6L2 (5001) ...  
INFO  @ Wed, 22 Feb 2023 16:20:33: Thread 0: Calculating GANC (6001) ...  
INFO  @ Wed, 22 Feb 2023 16:20:40: Thread 0: Calculating HMBS (7001) ...  
INFO  @ Wed, 22 Feb 2023 16:20:47: Thread 0: Calculating KIAA1147 (8001) ...  
INFO  @ Wed, 22 Feb 2023 16:20:54: Thread 0: Calculating MAGOH (9001) ...  
INFO  @ Wed, 22 Feb 2023 16:21:01: Thread 0: Calculating NANOS3 (10001) ...  
INFO  @ Wed, 22 Feb 2023 16:21:08: Thread 0: Calculating PAXIP1 (11001) ...  
INFO  @ Wed, 22 Feb 2023 16:21:15: Thread 0: Calculating PRG4 (12001) ...  
INFO  @ Wed, 22 Feb 2023 16:21:22: Thread 0: Calculating RNF151 (13001) ...  
INFO  @ Wed, 22 Feb 2023 16:21:29: Thread 0: Calculating SLC25A11 (14001) ...  
INFO  @ Wed, 22 Feb 2023 16:21:36: Thread 0: Calculating SUMO4 (15001) ...  
INFO  @ Wed, 22 Feb 2023 16:21:43: Thread 0: Calculating TNKS2 (16001) ...  
INFO  @ Wed, 22 Feb 2023 16:21:50: Thread 0: Calculating WDHD1 (17001) ...  
INFO  @ Wed, 22 Feb 2023 16:21:57: Thread 0: Calculating ZYG11A (18001) ...  
INFO  @ Wed, 22 Feb 2023 16:21:57: Thread 0 completed. 
INFO  @ Wed, 22 Feb 2023 16:21:57: All threads completed. 
INFO  @ Wed, 22 Feb 2023 16:22:01: Assigning p values... 
INFO  @ Wed, 22 Feb 2023 16:22:01: Permuting groups of gene with 23 sgRNAs per gene. Group progress: 21/22 
INFO  @ Wed, 22 Feb 2023 16:22:01: Start permuting 2 rounds ... 
INFO  @ Wed, 22 Feb 2023 16:22:02: Collecting 90025 sgRNAs from 18006 genes. 
INFO  @ Wed, 22 Feb 2023 16:22:03: Permuting round 0 ... 
INFO  @ Wed, 22 Feb 2023 16:22:04: Thread 0 started. 
INFO  @ Wed, 22 Feb 2023 16:22:04: Thread 0: total 18006 instances. 
INFO  @ Wed, 22 Feb 2023 16:22:04: Thread 0: Calculating A1CF (1) ...  
INFO  @ Wed, 22 Feb 2023 16:22:11: Thread 0: Calculating ARNT2 (1001) ...  
INFO  @ Wed, 22 Feb 2023 16:22:18: Thread 0: Calculating C2orf44 (2001) ...  
INFO  @ Wed, 22 Feb 2023 16:22:24: Thread 0: Calculating CERS6 (3001) ...  
INFO  @ Wed, 22 Feb 2023 16:22:31: Thread 0: Calculating DBH (4001) ...  
INFO  @ Wed, 22 Feb 2023 16:22:38: Thread 0: Calculating ERCC6L2 (5001) ...  
INFO  @ Wed, 22 Feb 2023 16:22:45: Thread 0: Calculating GANC (6001) ...  
INFO  @ Wed, 22 Feb 2023 16:22:52: Thread 0: Calculating HMBS (7001) ...  
INFO  @ Wed, 22 Feb 2023 16:22:59: Thread 0: Calculating KIAA1147 (8001) ...  
INFO  @ Wed, 22 Feb 2023 16:23:06: Thread 0: Calculating MAGOH (9001) ...  
INFO  @ Wed, 22 Feb 2023 16:23:13: Thread 0: Calculating NANOS3 (10001) ...  
INFO  @ Wed, 22 Feb 2023 16:23:20: Thread 0: Calculating PAXIP1 (11001) ...  
INFO  @ Wed, 22 Feb 2023 16:23:27: Thread 0: Calculating PRG4 (12001) ...  
INFO  @ Wed, 22 Feb 2023 16:23:34: Thread 0: Calculating RNF151 (13001) ...  
INFO  @ Wed, 22 Feb 2023 16:23:41: Thread 0: Calculating SLC25A11 (14001) ...  
INFO  @ Wed, 22 Feb 2023 16:23:48: Thread 0: Calculating SUMO4 (15001) ...  
INFO  @ Wed, 22 Feb 2023 16:23:55: Thread 0: Calculating TNKS2 (16001) ...  
INFO  @ Wed, 22 Feb 2023 16:24:02: Thread 0: Calculating WDHD1 (17001) ...  
INFO  @ Wed, 22 Feb 2023 16:24:09: Thread 0: Calculating ZYG11A (18001) ...  
INFO  @ Wed, 22 Feb 2023 16:24:09: Thread 0 completed. 
INFO  @ Wed, 22 Feb 2023 16:24:09: All threads completed. 
INFO  @ Wed, 22 Feb 2023 16:24:13: Permuting round 1 ... 
INFO  @ Wed, 22 Feb 2023 16:24:14: Thread 0 started. 
INFO  @ Wed, 22 Feb 2023 16:24:14: Thread 0: total 18006 instances. 
INFO  @ Wed, 22 Feb 2023 16:24:14: Thread 0: Calculating A1CF (1) ...  
INFO  @ Wed, 22 Feb 2023 16:24:21: Thread 0: Calculating ARNT2 (1001) ...  
INFO  @ Wed, 22 Feb 2023 16:24:28: Thread 0: Calculating C2orf44 (2001) ...  
INFO  @ Wed, 22 Feb 2023 16:24:36: Thread 0: Calculating CERS6 (3001) ...  
INFO  @ Wed, 22 Feb 2023 16:24:43: Thread 0: Calculating DBH (4001) ...  
INFO  @ Wed, 22 Feb 2023 16:24:50: Thread 0: Calculating ERCC6L2 (5001) ...  
INFO  @ Wed, 22 Feb 2023 16:24:57: Thread 0: Calculating GANC (6001) ...  
INFO  @ Wed, 22 Feb 2023 16:25:04: Thread 0: Calculating HMBS (7001) ...  
INFO  @ Wed, 22 Feb 2023 16:25:11: Thread 0: Calculating KIAA1147 (8001) ...  
INFO  @ Wed, 22 Feb 2023 16:25:18: Thread 0: Calculating MAGOH (9001) ...  
INFO  @ Wed, 22 Feb 2023 16:25:25: Thread 0: Calculating NANOS3 (10001) ...  
INFO  @ Wed, 22 Feb 2023 16:25:33: Thread 0: Calculating PAXIP1 (11001) ...  
INFO  @ Wed, 22 Feb 2023 16:25:40: Thread 0: Calculating PRG4 (12001) ...  
INFO  @ Wed, 22 Feb 2023 16:25:47: Thread 0: Calculating RNF151 (13001) ...  
INFO  @ Wed, 22 Feb 2023 16:25:54: Thread 0: Calculating SLC25A11 (14001) ...  
INFO  @ Wed, 22 Feb 2023 16:26:01: Thread 0: Calculating SUMO4 (15001) ...  
INFO  @ Wed, 22 Feb 2023 16:26:08: Thread 0: Calculating TNKS2 (16001) ...  
INFO  @ Wed, 22 Feb 2023 16:26:15: Thread 0: Calculating WDHD1 (17001) ...  
INFO  @ Wed, 22 Feb 2023 16:26:22: Thread 0: Calculating ZYG11A (18001) ...  
INFO  @ Wed, 22 Feb 2023 16:26:23: Thread 0 completed. 
INFO  @ Wed, 22 Feb 2023 16:26:23: All threads completed. 
INFO  @ Wed, 22 Feb 2023 16:26:27: Assigning p values... 
INFO  @ Wed, 22 Feb 2023 16:26:27: Permuting groups of gene with 26 sgRNAs per gene. Group progress: 22/22 
INFO  @ Wed, 22 Feb 2023 16:26:27: Start permuting 2 rounds ... 
INFO  @ Wed, 22 Feb 2023 16:26:27: Collecting 90025 sgRNAs from 18006 genes. 
INFO  @ Wed, 22 Feb 2023 16:26:28: Permuting round 0 ... 
INFO  @ Wed, 22 Feb 2023 16:26:29: Thread 0 started. 
INFO  @ Wed, 22 Feb 2023 16:26:29: Thread 0: total 18006 instances. 
INFO  @ Wed, 22 Feb 2023 16:26:29: Thread 0: Calculating A1CF (1) ...  
INFO  @ Wed, 22 Feb 2023 16:26:37: Thread 0: Calculating ARNT2 (1001) ...  
INFO  @ Wed, 22 Feb 2023 16:26:45: Thread 0: Calculating C2orf44 (2001) ...  
INFO  @ Wed, 22 Feb 2023 16:26:54: Thread 0: Calculating CERS6 (3001) ...  
INFO  @ Wed, 22 Feb 2023 16:27:02: Thread 0: Calculating DBH (4001) ...  
INFO  @ Wed, 22 Feb 2023 16:27:10: Thread 0: Calculating ERCC6L2 (5001) ...  
INFO  @ Wed, 22 Feb 2023 16:27:18: Thread 0: Calculating GANC (6001) ...  
INFO  @ Wed, 22 Feb 2023 16:27:26: Thread 0: Calculating HMBS (7001) ...  
INFO  @ Wed, 22 Feb 2023 16:27:34: Thread 0: Calculating KIAA1147 (8001) ...  
INFO  @ Wed, 22 Feb 2023 16:27:42: Thread 0: Calculating MAGOH (9001) ...  
INFO  @ Wed, 22 Feb 2023 16:27:51: Thread 0: Calculating NANOS3 (10001) ...  
INFO  @ Wed, 22 Feb 2023 16:27:59: Thread 0: Calculating PAXIP1 (11001) ...  
INFO  @ Wed, 22 Feb 2023 16:28:07: Thread 0: Calculating PRG4 (12001) ...  
INFO  @ Wed, 22 Feb 2023 16:28:15: Thread 0: Calculating RNF151 (13001) ...  
INFO  @ Wed, 22 Feb 2023 16:28:23: Thread 0: Calculating SLC25A11 (14001) ...  
INFO  @ Wed, 22 Feb 2023 16:28:31: Thread 0: Calculating SUMO4 (15001) ...  
INFO  @ Wed, 22 Feb 2023 16:28:40: Thread 0: Calculating TNKS2 (16001) ...  
INFO  @ Wed, 22 Feb 2023 16:28:48: Thread 0: Calculating WDHD1 (17001) ...  
INFO  @ Wed, 22 Feb 2023 16:28:56: Thread 0: Calculating ZYG11A (18001) ...  
INFO  @ Wed, 22 Feb 2023 16:28:56: Thread 0 completed. 
INFO  @ Wed, 22 Feb 2023 16:28:56: All threads completed. 
INFO  @ Wed, 22 Feb 2023 16:29:00: Permuting round 1 ... 
INFO  @ Wed, 22 Feb 2023 16:29:01: Thread 0 started. 
INFO  @ Wed, 22 Feb 2023 16:29:01: Thread 0: total 18006 instances. 
INFO  @ Wed, 22 Feb 2023 16:29:01: Thread 0: Calculating A1CF (1) ...  
INFO  @ Wed, 22 Feb 2023 16:29:09: Thread 0: Calculating ARNT2 (1001) ...  
INFO  @ Wed, 22 Feb 2023 16:29:18: Thread 0: Calculating C2orf44 (2001) ...  
INFO  @ Wed, 22 Feb 2023 16:29:26: Thread 0: Calculating CERS6 (3001) ...  
INFO  @ Wed, 22 Feb 2023 16:29:34: Thread 0: Calculating DBH (4001) ...  
INFO  @ Wed, 22 Feb 2023 16:29:43: Thread 0: Calculating ERCC6L2 (5001) ...  
INFO  @ Wed, 22 Feb 2023 16:29:51: Thread 0: Calculating GANC (6001) ...  
INFO  @ Wed, 22 Feb 2023 16:29:59: Thread 0: Calculating HMBS (7001) ...  
INFO  @ Wed, 22 Feb 2023 16:30:08: Thread 0: Calculating KIAA1147 (8001) ...  
INFO  @ Wed, 22 Feb 2023 16:30:16: Thread 0: Calculating MAGOH (9001) ...  
INFO  @ Wed, 22 Feb 2023 16:30:24: Thread 0: Calculating NANOS3 (10001) ...  
INFO  @ Wed, 22 Feb 2023 16:30:33: Thread 0: Calculating PAXIP1 (11001) ...  
INFO  @ Wed, 22 Feb 2023 16:30:41: Thread 0: Calculating PRG4 (12001) ...  
INFO  @ Wed, 22 Feb 2023 16:30:50: Thread 0: Calculating RNF151 (13001) ...  
INFO  @ Wed, 22 Feb 2023 16:30:58: Thread 0: Calculating SLC25A11 (14001) ...  
INFO  @ Wed, 22 Feb 2023 16:31:06: Thread 0: Calculating SUMO4 (15001) ...  
INFO  @ Wed, 22 Feb 2023 16:31:14: Thread 0: Calculating TNKS2 (16001) ...  
INFO  @ Wed, 22 Feb 2023 16:31:23: Thread 0: Calculating WDHD1 (17001) ...  
INFO  @ Wed, 22 Feb 2023 16:31:31: Thread 0: Calculating ZYG11A (18001) ...  
INFO  @ Wed, 22 Feb 2023 16:31:31: Thread 0 completed. 
INFO  @ Wed, 22 Feb 2023 16:31:31: All threads completed. 
INFO  @ Wed, 22 Feb 2023 16:31:35: Assigning p values... 
INFO  @ Wed, 22 Feb 2023 16:31:36: Writing gene results to Mel285.gene_summary.txt 
INFO  @ Wed, 22 Feb 2023 16:31:36: Writing sgRNA results to Mel285.sgrna_summary.txt 
