INFO  @ Wed, 22 Feb 2023 15:26:07: Parameters: /home/alessandro.vinceti/miniconda3/envs/mageckenv/bin/mageck mle -k /group/iorio/Alessandro/David_Adams_analysis/results/OMM1/OMM1_count_norm.tsv -d /group/iorio/Alessandro/David_Adams_analysis/results/OMM1/design_matrix.tsv -n OMM1 
INFO  @ Wed, 22 Feb 2023 15:26:12: Cannot parse design matrix as a string; try to parse it as a file name ... 
INFO  @ Wed, 22 Feb 2023 15:26:12: Design matrix: 
INFO  @ Wed, 22 Feb 2023 15:26:12: [[1. 0.] 
INFO  @ Wed, 22 Feb 2023 15:26:12:  [1. 1.] 
INFO  @ Wed, 22 Feb 2023 15:26:12:  [1. 1.] 
INFO  @ Wed, 22 Feb 2023 15:26:12:  [1. 1.]] 
INFO  @ Wed, 22 Feb 2023 15:26:12: Beta labels:baseline,OMM1 
INFO  @ Wed, 22 Feb 2023 15:26:12: Included samples:Plasmid,OMM1_c909R1,OMM1_c909R2,OMM1_c909R3 
INFO  @ Wed, 22 Feb 2023 15:26:12: Loaded samples:Plasmid;OMM1_c909R1;OMM1_c909R2;OMM1_c909R3 
INFO  @ Wed, 22 Feb 2023 15:26:12: Sample index: 0;1;2;3 
INFO  @ Wed, 22 Feb 2023 15:26:12: Loaded 18006 genes. 
DEBUG @ Wed, 22 Feb 2023 15:26:13: Initial (total) size factor: 0.999999999999985 1.0000000000000093 0.9999999999999981 1.0000000000000073 
DEBUG @ Wed, 22 Feb 2023 15:26:13: Median factor: 1.0088428491402257 1.0084529978647196 1.0111815552510452 1.0088771682618443 
INFO  @ Wed, 22 Feb 2023 15:26:13: Final size factor: 1.0088428491402257 1.0084529978647196 1.0111815552510452 1.0088771682618443 
INFO  @ Wed, 22 Feb 2023 15:26:13: size factor: 0.9912346614264432,0.9916178563774237,0.9889420893874303,0.9912009424525501 
INFO  @ Wed, 22 Feb 2023 15:26:13: Thread 0 started. 
INFO  @ Wed, 22 Feb 2023 15:26:13: Thread 0: total 1 instances. 
INFO  @ Wed, 22 Feb 2023 15:26:13: Thread 0 completed. 
INFO  @ Wed, 22 Feb 2023 15:26:13: All threads completed. 
INFO  @ Wed, 22 Feb 2023 15:26:13: Modeling the mean and variance ... 
INFO  @ Wed, 22 Feb 2023 15:26:13: Run the algorithm for the second time ... 
INFO  @ Wed, 22 Feb 2023 15:26:13: Thread 0 started. 
INFO  @ Wed, 22 Feb 2023 15:26:13: Thread 0: total 18006 instances. 
INFO  @ Wed, 22 Feb 2023 15:26:13: Thread 0: Calculating A1CF (1) ...  
INFO  @ Wed, 22 Feb 2023 15:26:17: Thread 0: Calculating ARNT2 (1001) ...  
INFO  @ Wed, 22 Feb 2023 15:26:20: Thread 0: Calculating C2orf44 (2001) ...  
INFO  @ Wed, 22 Feb 2023 15:26:24: Thread 0: Calculating CERS6 (3001) ...  
INFO  @ Wed, 22 Feb 2023 15:26:27: Thread 0: Calculating DBH (4001) ...  
INFO  @ Wed, 22 Feb 2023 15:26:31: Thread 0: Calculating ERCC6L2 (5001) ...  
INFO  @ Wed, 22 Feb 2023 15:26:34: Thread 0: Calculating GANC (6001) ...  
INFO  @ Wed, 22 Feb 2023 15:26:38: Thread 0: Calculating HMBS (7001) ...  
INFO  @ Wed, 22 Feb 2023 15:26:41: Thread 0: Calculating KIAA1147 (8001) ...  
INFO  @ Wed, 22 Feb 2023 15:26:45: Thread 0: Calculating MAGOH (9001) ...  
INFO  @ Wed, 22 Feb 2023 15:26:48: Thread 0: Calculating NANOS3 (10001) ...  
INFO  @ Wed, 22 Feb 2023 15:26:52: Thread 0: Calculating PAXIP1 (11001) ...  
INFO  @ Wed, 22 Feb 2023 15:26:55: Thread 0: Calculating PRG4 (12001) ...  
INFO  @ Wed, 22 Feb 2023 15:26:59: Thread 0: Calculating RNF151 (13001) ...  
INFO  @ Wed, 22 Feb 2023 15:27:02: Thread 0: Calculating SLC25A11 (14001) ...  
INFO  @ Wed, 22 Feb 2023 15:27:06: Thread 0: Calculating SUMO4 (15001) ...  
INFO  @ Wed, 22 Feb 2023 15:27:09: Thread 0: Calculating TNKS2 (16001) ...  
INFO  @ Wed, 22 Feb 2023 15:27:13: Thread 0: Calculating WDHD1 (17001) ...  
INFO  @ Wed, 22 Feb 2023 15:27:16: Thread 0: Calculating ZYG11A (18001) ...  
INFO  @ Wed, 22 Feb 2023 15:27:16: Thread 0 completed. 
INFO  @ Wed, 22 Feb 2023 15:27:16: All threads completed. 
INFO  @ Wed, 22 Feb 2023 15:27:19: Permuting groups of gene with 1 sgRNAs per gene. Group progress: 1/22 
INFO  @ Wed, 22 Feb 2023 15:27:19: Start permuting 2 rounds ... 
INFO  @ Wed, 22 Feb 2023 15:27:19: Collecting 90025 sgRNAs from 18006 genes. 
INFO  @ Wed, 22 Feb 2023 15:27:20: Permuting round 0 ... 
INFO  @ Wed, 22 Feb 2023 15:27:20: Thread 0 started. 
INFO  @ Wed, 22 Feb 2023 15:27:20: Thread 0: total 18006 instances. 
INFO  @ Wed, 22 Feb 2023 15:27:20: Thread 0: Calculating A1CF (1) ...  
INFO  @ Wed, 22 Feb 2023 15:27:22: Thread 0: Calculating ARNT2 (1001) ...  
INFO  @ Wed, 22 Feb 2023 15:27:25: Thread 0: Calculating C2orf44 (2001) ...  
INFO  @ Wed, 22 Feb 2023 15:27:27: Thread 0: Calculating CERS6 (3001) ...  
INFO  @ Wed, 22 Feb 2023 15:27:29: Thread 0: Calculating DBH (4001) ...  
INFO  @ Wed, 22 Feb 2023 15:27:31: Thread 0: Calculating ERCC6L2 (5001) ...  
INFO  @ Wed, 22 Feb 2023 15:27:33: Thread 0: Calculating GANC (6001) ...  
INFO  @ Wed, 22 Feb 2023 15:27:35: Thread 0: Calculating HMBS (7001) ...  
INFO  @ Wed, 22 Feb 2023 15:27:37: Thread 0: Calculating KIAA1147 (8001) ...  
INFO  @ Wed, 22 Feb 2023 15:27:39: Thread 0: Calculating MAGOH (9001) ...  
INFO  @ Wed, 22 Feb 2023 15:27:41: Thread 0: Calculating NANOS3 (10001) ...  
INFO  @ Wed, 22 Feb 2023 15:27:43: Thread 0: Calculating PAXIP1 (11001) ...  
INFO  @ Wed, 22 Feb 2023 15:27:46: Thread 0: Calculating PRG4 (12001) ...  
INFO  @ Wed, 22 Feb 2023 15:27:48: Thread 0: Calculating RNF151 (13001) ...  
INFO  @ Wed, 22 Feb 2023 15:27:50: Thread 0: Calculating SLC25A11 (14001) ...  
INFO  @ Wed, 22 Feb 2023 15:27:52: Thread 0: Calculating SUMO4 (15001) ...  
INFO  @ Wed, 22 Feb 2023 15:27:54: Thread 0: Calculating TNKS2 (16001) ...  
INFO  @ Wed, 22 Feb 2023 15:27:56: Thread 0: Calculating WDHD1 (17001) ...  
INFO  @ Wed, 22 Feb 2023 15:27:58: Thread 0: Calculating ZYG11A (18001) ...  
INFO  @ Wed, 22 Feb 2023 15:27:58: Thread 0 completed. 
INFO  @ Wed, 22 Feb 2023 15:27:58: All threads completed. 
INFO  @ Wed, 22 Feb 2023 15:28:01: Permuting round 1 ... 
INFO  @ Wed, 22 Feb 2023 15:28:01: Thread 0 started. 
INFO  @ Wed, 22 Feb 2023 15:28:01: Thread 0: total 18006 instances. 
INFO  @ Wed, 22 Feb 2023 15:28:01: Thread 0: Calculating A1CF (1) ...  
INFO  @ Wed, 22 Feb 2023 15:28:04: Thread 0: Calculating ARNT2 (1001) ...  
INFO  @ Wed, 22 Feb 2023 15:28:06: Thread 0: Calculating C2orf44 (2001) ...  
INFO  @ Wed, 22 Feb 2023 15:28:08: Thread 0: Calculating CERS6 (3001) ...  
INFO  @ Wed, 22 Feb 2023 15:28:10: Thread 0: Calculating DBH (4001) ...  
INFO  @ Wed, 22 Feb 2023 15:28:12: Thread 0: Calculating ERCC6L2 (5001) ...  
INFO  @ Wed, 22 Feb 2023 15:28:14: Thread 0: Calculating GANC (6001) ...  
INFO  @ Wed, 22 Feb 2023 15:28:16: Thread 0: Calculating HMBS (7001) ...  
INFO  @ Wed, 22 Feb 2023 15:28:18: Thread 0: Calculating KIAA1147 (8001) ...  
INFO  @ Wed, 22 Feb 2023 15:28:21: Thread 0: Calculating MAGOH (9001) ...  
INFO  @ Wed, 22 Feb 2023 15:28:23: Thread 0: Calculating NANOS3 (10001) ...  
INFO  @ Wed, 22 Feb 2023 15:28:25: Thread 0: Calculating PAXIP1 (11001) ...  
INFO  @ Wed, 22 Feb 2023 15:28:27: Thread 0: Calculating PRG4 (12001) ...  
INFO  @ Wed, 22 Feb 2023 15:28:29: Thread 0: Calculating RNF151 (13001) ...  
INFO  @ Wed, 22 Feb 2023 15:28:31: Thread 0: Calculating SLC25A11 (14001) ...  
INFO  @ Wed, 22 Feb 2023 15:28:33: Thread 0: Calculating SUMO4 (15001) ...  
INFO  @ Wed, 22 Feb 2023 15:28:35: Thread 0: Calculating TNKS2 (16001) ...  
INFO  @ Wed, 22 Feb 2023 15:28:38: Thread 0: Calculating WDHD1 (17001) ...  
INFO  @ Wed, 22 Feb 2023 15:28:40: Thread 0: Calculating ZYG11A (18001) ...  
INFO  @ Wed, 22 Feb 2023 15:28:40: Thread 0 completed. 
INFO  @ Wed, 22 Feb 2023 15:28:40: All threads completed. 
INFO  @ Wed, 22 Feb 2023 15:28:43: Assigning p values... 
INFO  @ Wed, 22 Feb 2023 15:28:43: Permuting groups of gene with 2 sgRNAs per gene. Group progress: 2/22 
INFO  @ Wed, 22 Feb 2023 15:28:43: Start permuting 2 rounds ... 
INFO  @ Wed, 22 Feb 2023 15:28:43: Collecting 90025 sgRNAs from 18006 genes. 
INFO  @ Wed, 22 Feb 2023 15:28:44: Permuting round 0 ... 
INFO  @ Wed, 22 Feb 2023 15:28:44: Thread 0 started. 
INFO  @ Wed, 22 Feb 2023 15:28:44: Thread 0: total 18006 instances. 
INFO  @ Wed, 22 Feb 2023 15:28:44: Thread 0: Calculating A1CF (1) ...  
INFO  @ Wed, 22 Feb 2023 15:28:47: Thread 0: Calculating ARNT2 (1001) ...  
INFO  @ Wed, 22 Feb 2023 15:28:50: Thread 0: Calculating C2orf44 (2001) ...  
INFO  @ Wed, 22 Feb 2023 15:28:53: Thread 0: Calculating CERS6 (3001) ...  
INFO  @ Wed, 22 Feb 2023 15:28:56: Thread 0: Calculating DBH (4001) ...  
INFO  @ Wed, 22 Feb 2023 15:28:58: Thread 0: Calculating ERCC6L2 (5001) ...  
INFO  @ Wed, 22 Feb 2023 15:29:01: Thread 0: Calculating GANC (6001) ...  
INFO  @ Wed, 22 Feb 2023 15:29:04: Thread 0: Calculating HMBS (7001) ...  
INFO  @ Wed, 22 Feb 2023 15:29:07: Thread 0: Calculating KIAA1147 (8001) ...  
INFO  @ Wed, 22 Feb 2023 15:29:10: Thread 0: Calculating MAGOH (9001) ...  
INFO  @ Wed, 22 Feb 2023 15:29:12: Thread 0: Calculating NANOS3 (10001) ...  
INFO  @ Wed, 22 Feb 2023 15:29:15: Thread 0: Calculating PAXIP1 (11001) ...  
INFO  @ Wed, 22 Feb 2023 15:29:18: Thread 0: Calculating PRG4 (12001) ...  
INFO  @ Wed, 22 Feb 2023 15:29:21: Thread 0: Calculating RNF151 (13001) ...  
INFO  @ Wed, 22 Feb 2023 15:29:24: Thread 0: Calculating SLC25A11 (14001) ...  
INFO  @ Wed, 22 Feb 2023 15:29:27: Thread 0: Calculating SUMO4 (15001) ...  
INFO  @ Wed, 22 Feb 2023 15:29:30: Thread 0: Calculating TNKS2 (16001) ...  
INFO  @ Wed, 22 Feb 2023 15:29:32: Thread 0: Calculating WDHD1 (17001) ...  
INFO  @ Wed, 22 Feb 2023 15:29:35: Thread 0: Calculating ZYG11A (18001) ...  
INFO  @ Wed, 22 Feb 2023 15:29:35: Thread 0 completed. 
INFO  @ Wed, 22 Feb 2023 15:29:35: All threads completed. 
INFO  @ Wed, 22 Feb 2023 15:29:38: Permuting round 1 ... 
INFO  @ Wed, 22 Feb 2023 15:29:38: Thread 0 started. 
INFO  @ Wed, 22 Feb 2023 15:29:38: Thread 0: total 18006 instances. 
INFO  @ Wed, 22 Feb 2023 15:29:38: Thread 0: Calculating A1CF (1) ...  
INFO  @ Wed, 22 Feb 2023 15:29:41: Thread 0: Calculating ARNT2 (1001) ...  
INFO  @ Wed, 22 Feb 2023 15:29:44: Thread 0: Calculating C2orf44 (2001) ...  
INFO  @ Wed, 22 Feb 2023 15:29:47: Thread 0: Calculating CERS6 (3001) ...  
INFO  @ Wed, 22 Feb 2023 15:29:49: Thread 0: Calculating DBH (4001) ...  
INFO  @ Wed, 22 Feb 2023 15:29:52: Thread 0: Calculating ERCC6L2 (5001) ...  
INFO  @ Wed, 22 Feb 2023 15:29:55: Thread 0: Calculating GANC (6001) ...  
INFO  @ Wed, 22 Feb 2023 15:29:58: Thread 0: Calculating HMBS (7001) ...  
INFO  @ Wed, 22 Feb 2023 15:30:01: Thread 0: Calculating KIAA1147 (8001) ...  
INFO  @ Wed, 22 Feb 2023 15:30:04: Thread 0: Calculating MAGOH (9001) ...  
INFO  @ Wed, 22 Feb 2023 15:30:06: Thread 0: Calculating NANOS3 (10001) ...  
INFO  @ Wed, 22 Feb 2023 15:30:09: Thread 0: Calculating PAXIP1 (11001) ...  
INFO  @ Wed, 22 Feb 2023 15:30:12: Thread 0: Calculating PRG4 (12001) ...  
INFO  @ Wed, 22 Feb 2023 15:30:15: Thread 0: Calculating RNF151 (13001) ...  
INFO  @ Wed, 22 Feb 2023 15:30:18: Thread 0: Calculating SLC25A11 (14001) ...  
INFO  @ Wed, 22 Feb 2023 15:30:21: Thread 0: Calculating SUMO4 (15001) ...  
INFO  @ Wed, 22 Feb 2023 15:30:24: Thread 0: Calculating TNKS2 (16001) ...  
INFO  @ Wed, 22 Feb 2023 15:30:26: Thread 0: Calculating WDHD1 (17001) ...  
INFO  @ Wed, 22 Feb 2023 15:30:29: Thread 0: Calculating ZYG11A (18001) ...  
INFO  @ Wed, 22 Feb 2023 15:30:29: Thread 0 completed. 
INFO  @ Wed, 22 Feb 2023 15:30:29: All threads completed. 
INFO  @ Wed, 22 Feb 2023 15:30:32: Assigning p values... 
INFO  @ Wed, 22 Feb 2023 15:30:32: Permuting groups of gene with 3 sgRNAs per gene. Group progress: 3/22 
INFO  @ Wed, 22 Feb 2023 15:30:32: Start permuting 2 rounds ... 
INFO  @ Wed, 22 Feb 2023 15:30:32: Collecting 90025 sgRNAs from 18006 genes. 
INFO  @ Wed, 22 Feb 2023 15:30:33: Permuting round 0 ... 
INFO  @ Wed, 22 Feb 2023 15:30:34: Thread 0 started. 
INFO  @ Wed, 22 Feb 2023 15:30:34: Thread 0: total 18006 instances. 
INFO  @ Wed, 22 Feb 2023 15:30:34: Thread 0: Calculating A1CF (1) ...  
INFO  @ Wed, 22 Feb 2023 15:30:37: Thread 0: Calculating ARNT2 (1001) ...  
INFO  @ Wed, 22 Feb 2023 15:30:41: Thread 0: Calculating C2orf44 (2001) ...  
INFO  @ Wed, 22 Feb 2023 15:30:44: Thread 0: Calculating CERS6 (3001) ...  
INFO  @ Wed, 22 Feb 2023 15:30:48: Thread 0: Calculating DBH (4001) ...  
INFO  @ Wed, 22 Feb 2023 15:30:51: Thread 0: Calculating ERCC6L2 (5001) ...  
INFO  @ Wed, 22 Feb 2023 15:30:55: Thread 0: Calculating GANC (6001) ...  
INFO  @ Wed, 22 Feb 2023 15:30:58: Thread 0: Calculating HMBS (7001) ...  
INFO  @ Wed, 22 Feb 2023 15:31:02: Thread 0: Calculating KIAA1147 (8001) ...  
INFO  @ Wed, 22 Feb 2023 15:31:06: Thread 0: Calculating MAGOH (9001) ...  
INFO  @ Wed, 22 Feb 2023 15:31:09: Thread 0: Calculating NANOS3 (10001) ...  
INFO  @ Wed, 22 Feb 2023 15:31:13: Thread 0: Calculating PAXIP1 (11001) ...  
INFO  @ Wed, 22 Feb 2023 15:31:16: Thread 0: Calculating PRG4 (12001) ...  
INFO  @ Wed, 22 Feb 2023 15:31:20: Thread 0: Calculating RNF151 (13001) ...  
INFO  @ Wed, 22 Feb 2023 15:31:23: Thread 0: Calculating SLC25A11 (14001) ...  
INFO  @ Wed, 22 Feb 2023 15:31:27: Thread 0: Calculating SUMO4 (15001) ...  
INFO  @ Wed, 22 Feb 2023 15:31:30: Thread 0: Calculating TNKS2 (16001) ...  
INFO  @ Wed, 22 Feb 2023 15:31:34: Thread 0: Calculating WDHD1 (17001) ...  
INFO  @ Wed, 22 Feb 2023 15:31:37: Thread 0: Calculating ZYG11A (18001) ...  
INFO  @ Wed, 22 Feb 2023 15:31:37: Thread 0 completed. 
INFO  @ Wed, 22 Feb 2023 15:31:37: All threads completed. 
INFO  @ Wed, 22 Feb 2023 15:31:40: Permuting round 1 ... 
INFO  @ Wed, 22 Feb 2023 15:31:40: Thread 0 started. 
INFO  @ Wed, 22 Feb 2023 15:31:40: Thread 0: total 18006 instances. 
INFO  @ Wed, 22 Feb 2023 15:31:40: Thread 0: Calculating A1CF (1) ...  
INFO  @ Wed, 22 Feb 2023 15:31:44: Thread 0: Calculating ARNT2 (1001) ...  
INFO  @ Wed, 22 Feb 2023 15:31:47: Thread 0: Calculating C2orf44 (2001) ...  
INFO  @ Wed, 22 Feb 2023 15:31:51: Thread 0: Calculating CERS6 (3001) ...  
INFO  @ Wed, 22 Feb 2023 15:31:54: Thread 0: Calculating DBH (4001) ...  
INFO  @ Wed, 22 Feb 2023 15:31:58: Thread 0: Calculating ERCC6L2 (5001) ...  
INFO  @ Wed, 22 Feb 2023 15:32:01: Thread 0: Calculating GANC (6001) ...  
INFO  @ Wed, 22 Feb 2023 15:32:05: Thread 0: Calculating HMBS (7001) ...  
INFO  @ Wed, 22 Feb 2023 15:32:09: Thread 0: Calculating KIAA1147 (8001) ...  
INFO  @ Wed, 22 Feb 2023 15:32:12: Thread 0: Calculating MAGOH (9001) ...  
INFO  @ Wed, 22 Feb 2023 15:32:16: Thread 0: Calculating NANOS3 (10001) ...  
INFO  @ Wed, 22 Feb 2023 15:32:19: Thread 0: Calculating PAXIP1 (11001) ...  
INFO  @ Wed, 22 Feb 2023 15:32:23: Thread 0: Calculating PRG4 (12001) ...  
INFO  @ Wed, 22 Feb 2023 15:32:26: Thread 0: Calculating RNF151 (13001) ...  
INFO  @ Wed, 22 Feb 2023 15:32:30: Thread 0: Calculating SLC25A11 (14001) ...  
INFO  @ Wed, 22 Feb 2023 15:32:33: Thread 0: Calculating SUMO4 (15001) ...  
INFO  @ Wed, 22 Feb 2023 15:32:37: Thread 0: Calculating TNKS2 (16001) ...  
INFO  @ Wed, 22 Feb 2023 15:32:40: Thread 0: Calculating WDHD1 (17001) ...  
INFO  @ Wed, 22 Feb 2023 15:32:44: Thread 0: Calculating ZYG11A (18001) ...  
INFO  @ Wed, 22 Feb 2023 15:32:44: Thread 0 completed. 
INFO  @ Wed, 22 Feb 2023 15:32:44: All threads completed. 
INFO  @ Wed, 22 Feb 2023 15:32:47: Assigning p values... 
INFO  @ Wed, 22 Feb 2023 15:32:47: Permuting groups of gene with 4 sgRNAs per gene. Group progress: 4/22 
INFO  @ Wed, 22 Feb 2023 15:32:47: Start permuting 2 rounds ... 
INFO  @ Wed, 22 Feb 2023 15:32:47: Collecting 90025 sgRNAs from 18006 genes. 
INFO  @ Wed, 22 Feb 2023 15:32:48: Permuting round 0 ... 
INFO  @ Wed, 22 Feb 2023 15:32:49: Thread 0 started. 
INFO  @ Wed, 22 Feb 2023 15:32:49: Thread 0: total 18006 instances. 
INFO  @ Wed, 22 Feb 2023 15:32:49: Thread 0: Calculating A1CF (1) ...  
INFO  @ Wed, 22 Feb 2023 15:32:52: Thread 0: Calculating ARNT2 (1001) ...  
INFO  @ Wed, 22 Feb 2023 15:32:56: Thread 0: Calculating C2orf44 (2001) ...  
INFO  @ Wed, 22 Feb 2023 15:33:00: Thread 0: Calculating CERS6 (3001) ...  
INFO  @ Wed, 22 Feb 2023 15:33:04: Thread 0: Calculating DBH (4001) ...  
INFO  @ Wed, 22 Feb 2023 15:33:07: Thread 0: Calculating ERCC6L2 (5001) ...  
INFO  @ Wed, 22 Feb 2023 15:33:11: Thread 0: Calculating GANC (6001) ...  
INFO  @ Wed, 22 Feb 2023 15:33:15: Thread 0: Calculating HMBS (7001) ...  
INFO  @ Wed, 22 Feb 2023 15:33:19: Thread 0: Calculating KIAA1147 (8001) ...  
INFO  @ Wed, 22 Feb 2023 15:33:22: Thread 0: Calculating MAGOH (9001) ...  
INFO  @ Wed, 22 Feb 2023 15:33:26: Thread 0: Calculating NANOS3 (10001) ...  
INFO  @ Wed, 22 Feb 2023 15:33:30: Thread 0: Calculating PAXIP1 (11001) ...  
INFO  @ Wed, 22 Feb 2023 15:33:34: Thread 0: Calculating PRG4 (12001) ...  
INFO  @ Wed, 22 Feb 2023 15:33:37: Thread 0: Calculating RNF151 (13001) ...  
INFO  @ Wed, 22 Feb 2023 15:33:41: Thread 0: Calculating SLC25A11 (14001) ...  
INFO  @ Wed, 22 Feb 2023 15:33:45: Thread 0: Calculating SUMO4 (15001) ...  
INFO  @ Wed, 22 Feb 2023 15:33:49: Thread 0: Calculating TNKS2 (16001) ...  
INFO  @ Wed, 22 Feb 2023 15:33:52: Thread 0: Calculating WDHD1 (17001) ...  
INFO  @ Wed, 22 Feb 2023 15:33:56: Thread 0: Calculating ZYG11A (18001) ...  
INFO  @ Wed, 22 Feb 2023 15:33:56: Thread 0 completed. 
INFO  @ Wed, 22 Feb 2023 15:33:56: All threads completed. 
INFO  @ Wed, 22 Feb 2023 15:33:59: Permuting round 1 ... 
INFO  @ Wed, 22 Feb 2023 15:33:59: Thread 0 started. 
INFO  @ Wed, 22 Feb 2023 15:33:59: Thread 0: total 18006 instances. 
INFO  @ Wed, 22 Feb 2023 15:33:59: Thread 0: Calculating A1CF (1) ...  
INFO  @ Wed, 22 Feb 2023 15:34:03: Thread 0: Calculating ARNT2 (1001) ...  
INFO  @ Wed, 22 Feb 2023 15:34:07: Thread 0: Calculating C2orf44 (2001) ...  
INFO  @ Wed, 22 Feb 2023 15:34:10: Thread 0: Calculating CERS6 (3001) ...  
INFO  @ Wed, 22 Feb 2023 15:34:14: Thread 0: Calculating DBH (4001) ...  
INFO  @ Wed, 22 Feb 2023 15:34:18: Thread 0: Calculating ERCC6L2 (5001) ...  
INFO  @ Wed, 22 Feb 2023 15:34:22: Thread 0: Calculating GANC (6001) ...  
INFO  @ Wed, 22 Feb 2023 15:34:25: Thread 0: Calculating HMBS (7001) ...  
INFO  @ Wed, 22 Feb 2023 15:34:29: Thread 0: Calculating KIAA1147 (8001) ...  
INFO  @ Wed, 22 Feb 2023 15:34:33: Thread 0: Calculating MAGOH (9001) ...  
INFO  @ Wed, 22 Feb 2023 15:34:37: Thread 0: Calculating NANOS3 (10001) ...  
INFO  @ Wed, 22 Feb 2023 15:34:41: Thread 0: Calculating PAXIP1 (11001) ...  
INFO  @ Wed, 22 Feb 2023 15:34:44: Thread 0: Calculating PRG4 (12001) ...  
INFO  @ Wed, 22 Feb 2023 15:34:48: Thread 0: Calculating RNF151 (13001) ...  
INFO  @ Wed, 22 Feb 2023 15:34:52: Thread 0: Calculating SLC25A11 (14001) ...  
INFO  @ Wed, 22 Feb 2023 15:34:56: Thread 0: Calculating SUMO4 (15001) ...  
INFO  @ Wed, 22 Feb 2023 15:34:59: Thread 0: Calculating TNKS2 (16001) ...  
INFO  @ Wed, 22 Feb 2023 15:35:03: Thread 0: Calculating WDHD1 (17001) ...  
INFO  @ Wed, 22 Feb 2023 15:35:07: Thread 0: Calculating ZYG11A (18001) ...  
INFO  @ Wed, 22 Feb 2023 15:35:07: Thread 0 completed. 
INFO  @ Wed, 22 Feb 2023 15:35:07: All threads completed. 
INFO  @ Wed, 22 Feb 2023 15:35:10: Assigning p values... 
INFO  @ Wed, 22 Feb 2023 15:35:10: Permuting groups of gene with 5 sgRNAs per gene. Group progress: 5/22 
INFO  @ Wed, 22 Feb 2023 15:35:10: Start permuting 2 rounds ... 
INFO  @ Wed, 22 Feb 2023 15:35:10: Collecting 90025 sgRNAs from 18006 genes. 
INFO  @ Wed, 22 Feb 2023 15:35:11: Permuting round 0 ... 
INFO  @ Wed, 22 Feb 2023 15:35:12: Thread 0 started. 
INFO  @ Wed, 22 Feb 2023 15:35:12: Thread 0: total 18006 instances. 
INFO  @ Wed, 22 Feb 2023 15:35:12: Thread 0: Calculating A1CF (1) ...  
INFO  @ Wed, 22 Feb 2023 15:35:16: Thread 0: Calculating ARNT2 (1001) ...  
INFO  @ Wed, 22 Feb 2023 15:35:20: Thread 0: Calculating C2orf44 (2001) ...  
INFO  @ Wed, 22 Feb 2023 15:35:23: Thread 0: Calculating CERS6 (3001) ...  
INFO  @ Wed, 22 Feb 2023 15:35:27: Thread 0: Calculating DBH (4001) ...  
INFO  @ Wed, 22 Feb 2023 15:35:31: Thread 0: Calculating ERCC6L2 (5001) ...  
INFO  @ Wed, 22 Feb 2023 15:35:35: Thread 0: Calculating GANC (6001) ...  
INFO  @ Wed, 22 Feb 2023 15:35:39: Thread 0: Calculating HMBS (7001) ...  
INFO  @ Wed, 22 Feb 2023 15:35:43: Thread 0: Calculating KIAA1147 (8001) ...  
INFO  @ Wed, 22 Feb 2023 15:35:47: Thread 0: Calculating MAGOH (9001) ...  
INFO  @ Wed, 22 Feb 2023 15:35:51: Thread 0: Calculating NANOS3 (10001) ...  
INFO  @ Wed, 22 Feb 2023 15:35:55: Thread 0: Calculating PAXIP1 (11001) ...  
INFO  @ Wed, 22 Feb 2023 15:35:58: Thread 0: Calculating PRG4 (12001) ...  
INFO  @ Wed, 22 Feb 2023 15:36:02: Thread 0: Calculating RNF151 (13001) ...  
INFO  @ Wed, 22 Feb 2023 15:36:06: Thread 0: Calculating SLC25A11 (14001) ...  
INFO  @ Wed, 22 Feb 2023 15:36:10: Thread 0: Calculating SUMO4 (15001) ...  
INFO  @ Wed, 22 Feb 2023 15:36:14: Thread 0: Calculating TNKS2 (16001) ...  
INFO  @ Wed, 22 Feb 2023 15:36:18: Thread 0: Calculating WDHD1 (17001) ...  
INFO  @ Wed, 22 Feb 2023 15:36:22: Thread 0: Calculating ZYG11A (18001) ...  
INFO  @ Wed, 22 Feb 2023 15:36:22: Thread 0 completed. 
INFO  @ Wed, 22 Feb 2023 15:36:22: All threads completed. 
INFO  @ Wed, 22 Feb 2023 15:36:25: Permuting round 1 ... 
INFO  @ Wed, 22 Feb 2023 15:36:25: Thread 0 started. 
INFO  @ Wed, 22 Feb 2023 15:36:25: Thread 0: total 18006 instances. 
INFO  @ Wed, 22 Feb 2023 15:36:25: Thread 0: Calculating A1CF (1) ...  
INFO  @ Wed, 22 Feb 2023 15:36:29: Thread 0: Calculating ARNT2 (1001) ...  
INFO  @ Wed, 22 Feb 2023 15:36:33: Thread 0: Calculating C2orf44 (2001) ...  
INFO  @ Wed, 22 Feb 2023 15:36:37: Thread 0: Calculating CERS6 (3001) ...  
INFO  @ Wed, 22 Feb 2023 15:36:41: Thread 0: Calculating DBH (4001) ...  
INFO  @ Wed, 22 Feb 2023 15:36:45: Thread 0: Calculating ERCC6L2 (5001) ...  
INFO  @ Wed, 22 Feb 2023 15:36:49: Thread 0: Calculating GANC (6001) ...  
INFO  @ Wed, 22 Feb 2023 15:36:53: Thread 0: Calculating HMBS (7001) ...  
INFO  @ Wed, 22 Feb 2023 15:36:57: Thread 0: Calculating KIAA1147 (8001) ...  
INFO  @ Wed, 22 Feb 2023 15:37:01: Thread 0: Calculating MAGOH (9001) ...  
INFO  @ Wed, 22 Feb 2023 15:37:04: Thread 0: Calculating NANOS3 (10001) ...  
INFO  @ Wed, 22 Feb 2023 15:37:08: Thread 0: Calculating PAXIP1 (11001) ...  
INFO  @ Wed, 22 Feb 2023 15:37:12: Thread 0: Calculating PRG4 (12001) ...  
INFO  @ Wed, 22 Feb 2023 15:37:16: Thread 0: Calculating RNF151 (13001) ...  
INFO  @ Wed, 22 Feb 2023 15:37:20: Thread 0: Calculating SLC25A11 (14001) ...  
INFO  @ Wed, 22 Feb 2023 15:37:24: Thread 0: Calculating SUMO4 (15001) ...  
INFO  @ Wed, 22 Feb 2023 15:37:28: Thread 0: Calculating TNKS2 (16001) ...  
INFO  @ Wed, 22 Feb 2023 15:37:32: Thread 0: Calculating WDHD1 (17001) ...  
INFO  @ Wed, 22 Feb 2023 15:37:36: Thread 0: Calculating ZYG11A (18001) ...  
INFO  @ Wed, 22 Feb 2023 15:37:36: Thread 0 completed. 
INFO  @ Wed, 22 Feb 2023 15:37:36: All threads completed. 
INFO  @ Wed, 22 Feb 2023 15:37:39: Assigning p values... 
INFO  @ Wed, 22 Feb 2023 15:37:40: Permuting groups of gene with 6 sgRNAs per gene. Group progress: 6/22 
INFO  @ Wed, 22 Feb 2023 15:37:40: Start permuting 2 rounds ... 
INFO  @ Wed, 22 Feb 2023 15:37:40: Collecting 90025 sgRNAs from 18006 genes. 
INFO  @ Wed, 22 Feb 2023 15:37:42: Permuting round 0 ... 
INFO  @ Wed, 22 Feb 2023 15:37:42: Thread 0 started. 
INFO  @ Wed, 22 Feb 2023 15:37:42: Thread 0: total 18006 instances. 
INFO  @ Wed, 22 Feb 2023 15:37:42: Thread 0: Calculating A1CF (1) ...  
INFO  @ Wed, 22 Feb 2023 15:37:46: Thread 0: Calculating ARNT2 (1001) ...  
INFO  @ Wed, 22 Feb 2023 15:37:50: Thread 0: Calculating C2orf44 (2001) ...  
INFO  @ Wed, 22 Feb 2023 15:37:54: Thread 0: Calculating CERS6 (3001) ...  
INFO  @ Wed, 22 Feb 2023 15:37:58: Thread 0: Calculating DBH (4001) ...  
INFO  @ Wed, 22 Feb 2023 15:38:02: Thread 0: Calculating ERCC6L2 (5001) ...  
INFO  @ Wed, 22 Feb 2023 15:38:06: Thread 0: Calculating GANC (6001) ...  
INFO  @ Wed, 22 Feb 2023 15:38:10: Thread 0: Calculating HMBS (7001) ...  
INFO  @ Wed, 22 Feb 2023 15:38:14: Thread 0: Calculating KIAA1147 (8001) ...  
INFO  @ Wed, 22 Feb 2023 15:38:18: Thread 0: Calculating MAGOH (9001) ...  
INFO  @ Wed, 22 Feb 2023 15:38:23: Thread 0: Calculating NANOS3 (10001) ...  
INFO  @ Wed, 22 Feb 2023 15:38:27: Thread 0: Calculating PAXIP1 (11001) ...  
INFO  @ Wed, 22 Feb 2023 15:38:31: Thread 0: Calculating PRG4 (12001) ...  
INFO  @ Wed, 22 Feb 2023 15:38:35: Thread 0: Calculating RNF151 (13001) ...  
INFO  @ Wed, 22 Feb 2023 15:38:39: Thread 0: Calculating SLC25A11 (14001) ...  
INFO  @ Wed, 22 Feb 2023 15:38:43: Thread 0: Calculating SUMO4 (15001) ...  
INFO  @ Wed, 22 Feb 2023 15:38:47: Thread 0: Calculating TNKS2 (16001) ...  
INFO  @ Wed, 22 Feb 2023 15:38:51: Thread 0: Calculating WDHD1 (17001) ...  
INFO  @ Wed, 22 Feb 2023 15:38:55: Thread 0: Calculating ZYG11A (18001) ...  
INFO  @ Wed, 22 Feb 2023 15:38:55: Thread 0 completed. 
INFO  @ Wed, 22 Feb 2023 15:38:55: All threads completed. 
INFO  @ Wed, 22 Feb 2023 15:38:58: Permuting round 1 ... 
INFO  @ Wed, 22 Feb 2023 15:38:59: Thread 0 started. 
INFO  @ Wed, 22 Feb 2023 15:38:59: Thread 0: total 18006 instances. 
INFO  @ Wed, 22 Feb 2023 15:38:59: Thread 0: Calculating A1CF (1) ...  
INFO  @ Wed, 22 Feb 2023 15:39:03: Thread 0: Calculating ARNT2 (1001) ...  
INFO  @ Wed, 22 Feb 2023 15:39:07: Thread 0: Calculating C2orf44 (2001) ...  
INFO  @ Wed, 22 Feb 2023 15:39:11: Thread 0: Calculating CERS6 (3001) ...  
INFO  @ Wed, 22 Feb 2023 15:39:15: Thread 0: Calculating DBH (4001) ...  
INFO  @ Wed, 22 Feb 2023 15:39:19: Thread 0: Calculating ERCC6L2 (5001) ...  
INFO  @ Wed, 22 Feb 2023 15:39:23: Thread 0: Calculating GANC (6001) ...  
INFO  @ Wed, 22 Feb 2023 15:39:27: Thread 0: Calculating HMBS (7001) ...  
INFO  @ Wed, 22 Feb 2023 15:39:32: Thread 0: Calculating KIAA1147 (8001) ...  
INFO  @ Wed, 22 Feb 2023 15:39:36: Thread 0: Calculating MAGOH (9001) ...  
INFO  @ Wed, 22 Feb 2023 15:39:40: Thread 0: Calculating NANOS3 (10001) ...  
INFO  @ Wed, 22 Feb 2023 15:39:44: Thread 0: Calculating PAXIP1 (11001) ...  
INFO  @ Wed, 22 Feb 2023 15:39:48: Thread 0: Calculating PRG4 (12001) ...  
INFO  @ Wed, 22 Feb 2023 15:39:52: Thread 0: Calculating RNF151 (13001) ...  
INFO  @ Wed, 22 Feb 2023 15:39:56: Thread 0: Calculating SLC25A11 (14001) ...  
INFO  @ Wed, 22 Feb 2023 15:40:00: Thread 0: Calculating SUMO4 (15001) ...  
INFO  @ Wed, 22 Feb 2023 15:40:05: Thread 0: Calculating TNKS2 (16001) ...  
INFO  @ Wed, 22 Feb 2023 15:40:09: Thread 0: Calculating WDHD1 (17001) ...  
INFO  @ Wed, 22 Feb 2023 15:40:13: Thread 0: Calculating ZYG11A (18001) ...  
INFO  @ Wed, 22 Feb 2023 15:40:13: Thread 0 completed. 
INFO  @ Wed, 22 Feb 2023 15:40:13: All threads completed. 
INFO  @ Wed, 22 Feb 2023 15:40:16: Assigning p values... 
INFO  @ Wed, 22 Feb 2023 15:40:16: Permuting groups of gene with 7 sgRNAs per gene. Group progress: 7/22 
INFO  @ Wed, 22 Feb 2023 15:40:16: Start permuting 2 rounds ... 
INFO  @ Wed, 22 Feb 2023 15:40:16: Collecting 90025 sgRNAs from 18006 genes. 
INFO  @ Wed, 22 Feb 2023 15:40:17: Permuting round 0 ... 
INFO  @ Wed, 22 Feb 2023 15:40:18: Thread 0 started. 
INFO  @ Wed, 22 Feb 2023 15:40:18: Thread 0: total 18006 instances. 
INFO  @ Wed, 22 Feb 2023 15:40:18: Thread 0: Calculating A1CF (1) ...  
INFO  @ Wed, 22 Feb 2023 15:40:22: Thread 0: Calculating ARNT2 (1001) ...  
INFO  @ Wed, 22 Feb 2023 15:40:26: Thread 0: Calculating C2orf44 (2001) ...  
INFO  @ Wed, 22 Feb 2023 15:40:30: Thread 0: Calculating CERS6 (3001) ...  
INFO  @ Wed, 22 Feb 2023 15:40:34: Thread 0: Calculating DBH (4001) ...  
INFO  @ Wed, 22 Feb 2023 15:40:39: Thread 0: Calculating ERCC6L2 (5001) ...  
INFO  @ Wed, 22 Feb 2023 15:40:43: Thread 0: Calculating GANC (6001) ...  
INFO  @ Wed, 22 Feb 2023 15:40:47: Thread 0: Calculating HMBS (7001) ...  
INFO  @ Wed, 22 Feb 2023 15:40:51: Thread 0: Calculating KIAA1147 (8001) ...  
INFO  @ Wed, 22 Feb 2023 15:40:56: Thread 0: Calculating MAGOH (9001) ...  
INFO  @ Wed, 22 Feb 2023 15:41:00: Thread 0: Calculating NANOS3 (10001) ...  
INFO  @ Wed, 22 Feb 2023 15:41:04: Thread 0: Calculating PAXIP1 (11001) ...  
INFO  @ Wed, 22 Feb 2023 15:41:08: Thread 0: Calculating PRG4 (12001) ...  
INFO  @ Wed, 22 Feb 2023 15:41:12: Thread 0: Calculating RNF151 (13001) ...  
INFO  @ Wed, 22 Feb 2023 15:41:17: Thread 0: Calculating SLC25A11 (14001) ...  
INFO  @ Wed, 22 Feb 2023 15:41:21: Thread 0: Calculating SUMO4 (15001) ...  
INFO  @ Wed, 22 Feb 2023 15:41:25: Thread 0: Calculating TNKS2 (16001) ...  
INFO  @ Wed, 22 Feb 2023 15:41:29: Thread 0: Calculating WDHD1 (17001) ...  
INFO  @ Wed, 22 Feb 2023 15:41:33: Thread 0: Calculating ZYG11A (18001) ...  
INFO  @ Wed, 22 Feb 2023 15:41:33: Thread 0 completed. 
INFO  @ Wed, 22 Feb 2023 15:41:33: All threads completed. 
INFO  @ Wed, 22 Feb 2023 15:41:36: Permuting round 1 ... 
INFO  @ Wed, 22 Feb 2023 15:41:37: Thread 0 started. 
INFO  @ Wed, 22 Feb 2023 15:41:37: Thread 0: total 18006 instances. 
INFO  @ Wed, 22 Feb 2023 15:41:37: Thread 0: Calculating A1CF (1) ...  
INFO  @ Wed, 22 Feb 2023 15:41:41: Thread 0: Calculating ARNT2 (1001) ...  
INFO  @ Wed, 22 Feb 2023 15:41:45: Thread 0: Calculating C2orf44 (2001) ...  
INFO  @ Wed, 22 Feb 2023 15:41:49: Thread 0: Calculating CERS6 (3001) ...  
INFO  @ Wed, 22 Feb 2023 15:41:54: Thread 0: Calculating DBH (4001) ...  
INFO  @ Wed, 22 Feb 2023 15:41:58: Thread 0: Calculating ERCC6L2 (5001) ...  
INFO  @ Wed, 22 Feb 2023 15:42:02: Thread 0: Calculating GANC (6001) ...  
INFO  @ Wed, 22 Feb 2023 15:42:07: Thread 0: Calculating HMBS (7001) ...  
INFO  @ Wed, 22 Feb 2023 15:42:11: Thread 0: Calculating KIAA1147 (8001) ...  
INFO  @ Wed, 22 Feb 2023 15:42:15: Thread 0: Calculating MAGOH (9001) ...  
INFO  @ Wed, 22 Feb 2023 15:42:19: Thread 0: Calculating NANOS3 (10001) ...  
INFO  @ Wed, 22 Feb 2023 15:42:23: Thread 0: Calculating PAXIP1 (11001) ...  
INFO  @ Wed, 22 Feb 2023 15:42:28: Thread 0: Calculating PRG4 (12001) ...  
INFO  @ Wed, 22 Feb 2023 15:42:32: Thread 0: Calculating RNF151 (13001) ...  
INFO  @ Wed, 22 Feb 2023 15:42:36: Thread 0: Calculating SLC25A11 (14001) ...  
INFO  @ Wed, 22 Feb 2023 15:42:40: Thread 0: Calculating SUMO4 (15001) ...  
INFO  @ Wed, 22 Feb 2023 15:42:44: Thread 0: Calculating TNKS2 (16001) ...  
INFO  @ Wed, 22 Feb 2023 15:42:49: Thread 0: Calculating WDHD1 (17001) ...  
INFO  @ Wed, 22 Feb 2023 15:42:53: Thread 0: Calculating ZYG11A (18001) ...  
INFO  @ Wed, 22 Feb 2023 15:42:53: Thread 0 completed. 
INFO  @ Wed, 22 Feb 2023 15:42:53: All threads completed. 
INFO  @ Wed, 22 Feb 2023 15:42:56: Assigning p values... 
INFO  @ Wed, 22 Feb 2023 15:42:56: Permuting groups of gene with 8 sgRNAs per gene. Group progress: 8/22 
INFO  @ Wed, 22 Feb 2023 15:42:56: Start permuting 2 rounds ... 
INFO  @ Wed, 22 Feb 2023 15:42:57: Collecting 90025 sgRNAs from 18006 genes. 
INFO  @ Wed, 22 Feb 2023 15:42:58: Permuting round 0 ... 
INFO  @ Wed, 22 Feb 2023 15:42:58: Thread 0 started. 
INFO  @ Wed, 22 Feb 2023 15:42:58: Thread 0: total 18006 instances. 
INFO  @ Wed, 22 Feb 2023 15:42:58: Thread 0: Calculating A1CF (1) ...  
INFO  @ Wed, 22 Feb 2023 15:43:03: Thread 0: Calculating ARNT2 (1001) ...  
INFO  @ Wed, 22 Feb 2023 15:43:07: Thread 0: Calculating C2orf44 (2001) ...  
INFO  @ Wed, 22 Feb 2023 15:43:11: Thread 0: Calculating CERS6 (3001) ...  
INFO  @ Wed, 22 Feb 2023 15:43:15: Thread 0: Calculating DBH (4001) ...  
INFO  @ Wed, 22 Feb 2023 15:43:20: Thread 0: Calculating ERCC6L2 (5001) ...  
INFO  @ Wed, 22 Feb 2023 15:43:24: Thread 0: Calculating GANC (6001) ...  
INFO  @ Wed, 22 Feb 2023 15:43:28: Thread 0: Calculating HMBS (7001) ...  
INFO  @ Wed, 22 Feb 2023 15:43:33: Thread 0: Calculating KIAA1147 (8001) ...  
INFO  @ Wed, 22 Feb 2023 15:43:37: Thread 0: Calculating MAGOH (9001) ...  
INFO  @ Wed, 22 Feb 2023 15:43:42: Thread 0: Calculating NANOS3 (10001) ...  
INFO  @ Wed, 22 Feb 2023 15:43:46: Thread 0: Calculating PAXIP1 (11001) ...  
INFO  @ Wed, 22 Feb 2023 15:43:50: Thread 0: Calculating PRG4 (12001) ...  
INFO  @ Wed, 22 Feb 2023 15:43:54: Thread 0: Calculating RNF151 (13001) ...  
INFO  @ Wed, 22 Feb 2023 15:43:59: Thread 0: Calculating SLC25A11 (14001) ...  
INFO  @ Wed, 22 Feb 2023 15:44:03: Thread 0: Calculating SUMO4 (15001) ...  
INFO  @ Wed, 22 Feb 2023 15:44:07: Thread 0: Calculating TNKS2 (16001) ...  
INFO  @ Wed, 22 Feb 2023 15:44:12: Thread 0: Calculating WDHD1 (17001) ...  
INFO  @ Wed, 22 Feb 2023 15:44:16: Thread 0: Calculating ZYG11A (18001) ...  
INFO  @ Wed, 22 Feb 2023 15:44:16: Thread 0 completed. 
INFO  @ Wed, 22 Feb 2023 15:44:16: All threads completed. 
INFO  @ Wed, 22 Feb 2023 15:44:19: Permuting round 1 ... 
INFO  @ Wed, 22 Feb 2023 15:44:20: Thread 0 started. 
INFO  @ Wed, 22 Feb 2023 15:44:20: Thread 0: total 18006 instances. 
INFO  @ Wed, 22 Feb 2023 15:44:20: Thread 0: Calculating A1CF (1) ...  
INFO  @ Wed, 22 Feb 2023 15:44:24: Thread 0: Calculating ARNT2 (1001) ...  
INFO  @ Wed, 22 Feb 2023 15:44:28: Thread 0: Calculating C2orf44 (2001) ...  
INFO  @ Wed, 22 Feb 2023 15:44:33: Thread 0: Calculating CERS6 (3001) ...  
INFO  @ Wed, 22 Feb 2023 15:44:37: Thread 0: Calculating DBH (4001) ...  
INFO  @ Wed, 22 Feb 2023 15:44:41: Thread 0: Calculating ERCC6L2 (5001) ...  
INFO  @ Wed, 22 Feb 2023 15:44:46: Thread 0: Calculating GANC (6001) ...  
INFO  @ Wed, 22 Feb 2023 15:44:50: Thread 0: Calculating HMBS (7001) ...  
INFO  @ Wed, 22 Feb 2023 15:44:55: Thread 0: Calculating KIAA1147 (8001) ...  
INFO  @ Wed, 22 Feb 2023 15:44:59: Thread 0: Calculating MAGOH (9001) ...  
INFO  @ Wed, 22 Feb 2023 15:45:03: Thread 0: Calculating NANOS3 (10001) ...  
INFO  @ Wed, 22 Feb 2023 15:45:08: Thread 0: Calculating PAXIP1 (11001) ...  
INFO  @ Wed, 22 Feb 2023 15:45:12: Thread 0: Calculating PRG4 (12001) ...  
INFO  @ Wed, 22 Feb 2023 15:45:16: Thread 0: Calculating RNF151 (13001) ...  
INFO  @ Wed, 22 Feb 2023 15:45:21: Thread 0: Calculating SLC25A11 (14001) ...  
INFO  @ Wed, 22 Feb 2023 15:45:25: Thread 0: Calculating SUMO4 (15001) ...  
INFO  @ Wed, 22 Feb 2023 15:45:29: Thread 0: Calculating TNKS2 (16001) ...  
INFO  @ Wed, 22 Feb 2023 15:45:34: Thread 0: Calculating WDHD1 (17001) ...  
INFO  @ Wed, 22 Feb 2023 15:45:38: Thread 0: Calculating ZYG11A (18001) ...  
INFO  @ Wed, 22 Feb 2023 15:45:38: Thread 0 completed. 
INFO  @ Wed, 22 Feb 2023 15:45:38: All threads completed. 
INFO  @ Wed, 22 Feb 2023 15:45:42: Assigning p values... 
INFO  @ Wed, 22 Feb 2023 15:45:42: Permuting groups of gene with 9 sgRNAs per gene. Group progress: 9/22 
INFO  @ Wed, 22 Feb 2023 15:45:42: Start permuting 2 rounds ... 
INFO  @ Wed, 22 Feb 2023 15:45:42: Collecting 90025 sgRNAs from 18006 genes. 
INFO  @ Wed, 22 Feb 2023 15:45:43: Permuting round 0 ... 
INFO  @ Wed, 22 Feb 2023 15:45:44: Thread 0 started. 
INFO  @ Wed, 22 Feb 2023 15:45:44: Thread 0: total 18006 instances. 
INFO  @ Wed, 22 Feb 2023 15:45:44: Thread 0: Calculating A1CF (1) ...  
INFO  @ Wed, 22 Feb 2023 15:45:48: Thread 0: Calculating ARNT2 (1001) ...  
INFO  @ Wed, 22 Feb 2023 15:45:53: Thread 0: Calculating C2orf44 (2001) ...  
INFO  @ Wed, 22 Feb 2023 15:45:57: Thread 0: Calculating CERS6 (3001) ...  
INFO  @ Wed, 22 Feb 2023 15:46:02: Thread 0: Calculating DBH (4001) ...  
INFO  @ Wed, 22 Feb 2023 15:46:06: Thread 0: Calculating ERCC6L2 (5001) ...  
INFO  @ Wed, 22 Feb 2023 15:46:10: Thread 0: Calculating GANC (6001) ...  
INFO  @ Wed, 22 Feb 2023 15:46:15: Thread 0: Calculating HMBS (7001) ...  
INFO  @ Wed, 22 Feb 2023 15:46:19: Thread 0: Calculating KIAA1147 (8001) ...  
INFO  @ Wed, 22 Feb 2023 15:46:24: Thread 0: Calculating MAGOH (9001) ...  
INFO  @ Wed, 22 Feb 2023 15:46:28: Thread 0: Calculating NANOS3 (10001) ...  
INFO  @ Wed, 22 Feb 2023 15:46:33: Thread 0: Calculating PAXIP1 (11001) ...  
INFO  @ Wed, 22 Feb 2023 15:46:37: Thread 0: Calculating PRG4 (12001) ...  
INFO  @ Wed, 22 Feb 2023 15:46:42: Thread 0: Calculating RNF151 (13001) ...  
INFO  @ Wed, 22 Feb 2023 15:46:46: Thread 0: Calculating SLC25A11 (14001) ...  
INFO  @ Wed, 22 Feb 2023 15:46:51: Thread 0: Calculating SUMO4 (15001) ...  
INFO  @ Wed, 22 Feb 2023 15:46:55: Thread 0: Calculating TNKS2 (16001) ...  
INFO  @ Wed, 22 Feb 2023 15:47:00: Thread 0: Calculating WDHD1 (17001) ...  
INFO  @ Wed, 22 Feb 2023 15:47:04: Thread 0: Calculating ZYG11A (18001) ...  
INFO  @ Wed, 22 Feb 2023 15:47:04: Thread 0 completed. 
INFO  @ Wed, 22 Feb 2023 15:47:04: All threads completed. 
INFO  @ Wed, 22 Feb 2023 15:47:08: Permuting round 1 ... 
INFO  @ Wed, 22 Feb 2023 15:47:08: Thread 0 started. 
INFO  @ Wed, 22 Feb 2023 15:47:08: Thread 0: total 18006 instances. 
INFO  @ Wed, 22 Feb 2023 15:47:08: Thread 0: Calculating A1CF (1) ...  
INFO  @ Wed, 22 Feb 2023 15:47:12: Thread 0: Calculating ARNT2 (1001) ...  
INFO  @ Wed, 22 Feb 2023 15:47:17: Thread 0: Calculating C2orf44 (2001) ...  
INFO  @ Wed, 22 Feb 2023 15:47:21: Thread 0: Calculating CERS6 (3001) ...  
INFO  @ Wed, 22 Feb 2023 15:47:26: Thread 0: Calculating DBH (4001) ...  
INFO  @ Wed, 22 Feb 2023 15:47:30: Thread 0: Calculating ERCC6L2 (5001) ...  
INFO  @ Wed, 22 Feb 2023 15:47:35: Thread 0: Calculating GANC (6001) ...  
INFO  @ Wed, 22 Feb 2023 15:47:39: Thread 0: Calculating HMBS (7001) ...  
INFO  @ Wed, 22 Feb 2023 15:47:44: Thread 0: Calculating KIAA1147 (8001) ...  
INFO  @ Wed, 22 Feb 2023 15:47:48: Thread 0: Calculating MAGOH (9001) ...  
INFO  @ Wed, 22 Feb 2023 15:47:53: Thread 0: Calculating NANOS3 (10001) ...  
INFO  @ Wed, 22 Feb 2023 15:47:57: Thread 0: Calculating PAXIP1 (11001) ...  
INFO  @ Wed, 22 Feb 2023 15:48:02: Thread 0: Calculating PRG4 (12001) ...  
INFO  @ Wed, 22 Feb 2023 15:48:06: Thread 0: Calculating RNF151 (13001) ...  
INFO  @ Wed, 22 Feb 2023 15:48:11: Thread 0: Calculating SLC25A11 (14001) ...  
INFO  @ Wed, 22 Feb 2023 15:48:16: Thread 0: Calculating SUMO4 (15001) ...  
INFO  @ Wed, 22 Feb 2023 15:48:20: Thread 0: Calculating TNKS2 (16001) ...  
INFO  @ Wed, 22 Feb 2023 15:48:25: Thread 0: Calculating WDHD1 (17001) ...  
INFO  @ Wed, 22 Feb 2023 15:48:29: Thread 0: Calculating ZYG11A (18001) ...  
INFO  @ Wed, 22 Feb 2023 15:48:29: Thread 0 completed. 
INFO  @ Wed, 22 Feb 2023 15:48:29: All threads completed. 
INFO  @ Wed, 22 Feb 2023 15:48:32: Assigning p values... 
INFO  @ Wed, 22 Feb 2023 15:48:33: Permuting groups of gene with 10 sgRNAs per gene. Group progress: 10/22 
INFO  @ Wed, 22 Feb 2023 15:48:33: Start permuting 2 rounds ... 
INFO  @ Wed, 22 Feb 2023 15:48:33: Collecting 90025 sgRNAs from 18006 genes. 
INFO  @ Wed, 22 Feb 2023 15:48:34: Permuting round 0 ... 
INFO  @ Wed, 22 Feb 2023 15:48:34: Thread 0 started. 
INFO  @ Wed, 22 Feb 2023 15:48:34: Thread 0: total 18006 instances. 
INFO  @ Wed, 22 Feb 2023 15:48:34: Thread 0: Calculating A1CF (1) ...  
INFO  @ Wed, 22 Feb 2023 15:48:39: Thread 0: Calculating ARNT2 (1001) ...  
INFO  @ Wed, 22 Feb 2023 15:48:44: Thread 0: Calculating C2orf44 (2001) ...  
INFO  @ Wed, 22 Feb 2023 15:48:48: Thread 0: Calculating CERS6 (3001) ...  
INFO  @ Wed, 22 Feb 2023 15:48:53: Thread 0: Calculating DBH (4001) ...  
INFO  @ Wed, 22 Feb 2023 15:48:57: Thread 0: Calculating ERCC6L2 (5001) ...  
INFO  @ Wed, 22 Feb 2023 15:49:02: Thread 0: Calculating GANC (6001) ...  
INFO  @ Wed, 22 Feb 2023 15:49:07: Thread 0: Calculating HMBS (7001) ...  
INFO  @ Wed, 22 Feb 2023 15:49:11: Thread 0: Calculating KIAA1147 (8001) ...  
INFO  @ Wed, 22 Feb 2023 15:49:16: Thread 0: Calculating MAGOH (9001) ...  
INFO  @ Wed, 22 Feb 2023 15:49:21: Thread 0: Calculating NANOS3 (10001) ...  
INFO  @ Wed, 22 Feb 2023 15:49:25: Thread 0: Calculating PAXIP1 (11001) ...  
INFO  @ Wed, 22 Feb 2023 15:49:30: Thread 0: Calculating PRG4 (12001) ...  
INFO  @ Wed, 22 Feb 2023 15:49:34: Thread 0: Calculating RNF151 (13001) ...  
INFO  @ Wed, 22 Feb 2023 15:49:39: Thread 0: Calculating SLC25A11 (14001) ...  
INFO  @ Wed, 22 Feb 2023 15:49:44: Thread 0: Calculating SUMO4 (15001) ...  
INFO  @ Wed, 22 Feb 2023 15:49:48: Thread 0: Calculating TNKS2 (16001) ...  
INFO  @ Wed, 22 Feb 2023 15:49:53: Thread 0: Calculating WDHD1 (17001) ...  
INFO  @ Wed, 22 Feb 2023 15:49:57: Thread 0: Calculating ZYG11A (18001) ...  
INFO  @ Wed, 22 Feb 2023 15:49:57: Thread 0 completed. 
INFO  @ Wed, 22 Feb 2023 15:49:57: All threads completed. 
INFO  @ Wed, 22 Feb 2023 15:50:01: Permuting round 1 ... 
INFO  @ Wed, 22 Feb 2023 15:50:01: Thread 0 started. 
INFO  @ Wed, 22 Feb 2023 15:50:01: Thread 0: total 18006 instances. 
INFO  @ Wed, 22 Feb 2023 15:50:01: Thread 0: Calculating A1CF (1) ...  
INFO  @ Wed, 22 Feb 2023 15:50:06: Thread 0: Calculating ARNT2 (1001) ...  
INFO  @ Wed, 22 Feb 2023 15:50:10: Thread 0: Calculating C2orf44 (2001) ...  
INFO  @ Wed, 22 Feb 2023 15:50:15: Thread 0: Calculating CERS6 (3001) ...  
INFO  @ Wed, 22 Feb 2023 15:50:19: Thread 0: Calculating DBH (4001) ...  
INFO  @ Wed, 22 Feb 2023 15:50:24: Thread 0: Calculating ERCC6L2 (5001) ...  
INFO  @ Wed, 22 Feb 2023 15:50:29: Thread 0: Calculating GANC (6001) ...  
INFO  @ Wed, 22 Feb 2023 15:50:34: Thread 0: Calculating HMBS (7001) ...  
INFO  @ Wed, 22 Feb 2023 15:50:38: Thread 0: Calculating KIAA1147 (8001) ...  
INFO  @ Wed, 22 Feb 2023 15:50:43: Thread 0: Calculating MAGOH (9001) ...  
INFO  @ Wed, 22 Feb 2023 15:50:47: Thread 0: Calculating NANOS3 (10001) ...  
INFO  @ Wed, 22 Feb 2023 15:50:52: Thread 0: Calculating PAXIP1 (11001) ...  
INFO  @ Wed, 22 Feb 2023 15:50:57: Thread 0: Calculating PRG4 (12001) ...  
INFO  @ Wed, 22 Feb 2023 15:51:01: Thread 0: Calculating RNF151 (13001) ...  
INFO  @ Wed, 22 Feb 2023 15:51:06: Thread 0: Calculating SLC25A11 (14001) ...  
INFO  @ Wed, 22 Feb 2023 15:51:11: Thread 0: Calculating SUMO4 (15001) ...  
INFO  @ Wed, 22 Feb 2023 15:51:15: Thread 0: Calculating TNKS2 (16001) ...  
INFO  @ Wed, 22 Feb 2023 15:51:20: Thread 0: Calculating WDHD1 (17001) ...  
INFO  @ Wed, 22 Feb 2023 15:51:24: Thread 0: Calculating ZYG11A (18001) ...  
INFO  @ Wed, 22 Feb 2023 15:51:24: Thread 0 completed. 
INFO  @ Wed, 22 Feb 2023 15:51:24: All threads completed. 
INFO  @ Wed, 22 Feb 2023 15:51:28: Assigning p values... 
INFO  @ Wed, 22 Feb 2023 15:51:28: Permuting groups of gene with 11 sgRNAs per gene. Group progress: 11/22 
INFO  @ Wed, 22 Feb 2023 15:51:28: Start permuting 2 rounds ... 
INFO  @ Wed, 22 Feb 2023 15:51:28: Collecting 90025 sgRNAs from 18006 genes. 
INFO  @ Wed, 22 Feb 2023 15:51:29: Permuting round 0 ... 
INFO  @ Wed, 22 Feb 2023 15:51:30: Thread 0 started. 
INFO  @ Wed, 22 Feb 2023 15:51:30: Thread 0: total 18006 instances. 
INFO  @ Wed, 22 Feb 2023 15:51:30: Thread 0: Calculating A1CF (1) ...  
INFO  @ Wed, 22 Feb 2023 15:51:35: Thread 0: Calculating ARNT2 (1001) ...  
INFO  @ Wed, 22 Feb 2023 15:51:40: Thread 0: Calculating C2orf44 (2001) ...  
INFO  @ Wed, 22 Feb 2023 15:51:44: Thread 0: Calculating CERS6 (3001) ...  
INFO  @ Wed, 22 Feb 2023 15:51:49: Thread 0: Calculating DBH (4001) ...  
INFO  @ Wed, 22 Feb 2023 15:51:54: Thread 0: Calculating ERCC6L2 (5001) ...  
INFO  @ Wed, 22 Feb 2023 15:51:58: Thread 0: Calculating GANC (6001) ...  
INFO  @ Wed, 22 Feb 2023 15:52:03: Thread 0: Calculating HMBS (7001) ...  
INFO  @ Wed, 22 Feb 2023 15:52:08: Thread 0: Calculating KIAA1147 (8001) ...  
INFO  @ Wed, 22 Feb 2023 15:52:13: Thread 0: Calculating MAGOH (9001) ...  
INFO  @ Wed, 22 Feb 2023 15:52:17: Thread 0: Calculating NANOS3 (10001) ...  
INFO  @ Wed, 22 Feb 2023 15:52:22: Thread 0: Calculating PAXIP1 (11001) ...  
INFO  @ Wed, 22 Feb 2023 15:52:27: Thread 0: Calculating PRG4 (12001) ...  
INFO  @ Wed, 22 Feb 2023 15:52:32: Thread 0: Calculating RNF151 (13001) ...  
INFO  @ Wed, 22 Feb 2023 15:52:36: Thread 0: Calculating SLC25A11 (14001) ...  
INFO  @ Wed, 22 Feb 2023 15:52:41: Thread 0: Calculating SUMO4 (15001) ...  
INFO  @ Wed, 22 Feb 2023 15:52:46: Thread 0: Calculating TNKS2 (16001) ...  
INFO  @ Wed, 22 Feb 2023 15:52:50: Thread 0: Calculating WDHD1 (17001) ...  
INFO  @ Wed, 22 Feb 2023 15:52:55: Thread 0: Calculating ZYG11A (18001) ...  
INFO  @ Wed, 22 Feb 2023 15:52:55: Thread 0 completed. 
INFO  @ Wed, 22 Feb 2023 15:52:55: All threads completed. 
INFO  @ Wed, 22 Feb 2023 15:52:58: Permuting round 1 ... 
INFO  @ Wed, 22 Feb 2023 15:52:59: Thread 0 started. 
INFO  @ Wed, 22 Feb 2023 15:52:59: Thread 0: total 18006 instances. 
INFO  @ Wed, 22 Feb 2023 15:52:59: Thread 0: Calculating A1CF (1) ...  
INFO  @ Wed, 22 Feb 2023 15:53:04: Thread 0: Calculating ARNT2 (1001) ...  
INFO  @ Wed, 22 Feb 2023 15:53:08: Thread 0: Calculating C2orf44 (2001) ...  
INFO  @ Wed, 22 Feb 2023 15:53:13: Thread 0: Calculating CERS6 (3001) ...  
INFO  @ Wed, 22 Feb 2023 15:53:18: Thread 0: Calculating DBH (4001) ...  
INFO  @ Wed, 22 Feb 2023 15:53:23: Thread 0: Calculating ERCC6L2 (5001) ...  
INFO  @ Wed, 22 Feb 2023 15:53:27: Thread 0: Calculating GANC (6001) ...  
INFO  @ Wed, 22 Feb 2023 15:53:32: Thread 0: Calculating HMBS (7001) ...  
INFO  @ Wed, 22 Feb 2023 15:53:37: Thread 0: Calculating KIAA1147 (8001) ...  
INFO  @ Wed, 22 Feb 2023 15:53:42: Thread 0: Calculating MAGOH (9001) ...  
INFO  @ Wed, 22 Feb 2023 15:53:47: Thread 0: Calculating NANOS3 (10001) ...  
INFO  @ Wed, 22 Feb 2023 15:53:51: Thread 0: Calculating PAXIP1 (11001) ...  
INFO  @ Wed, 22 Feb 2023 15:53:56: Thread 0: Calculating PRG4 (12001) ...  
INFO  @ Wed, 22 Feb 2023 15:54:01: Thread 0: Calculating RNF151 (13001) ...  
INFO  @ Wed, 22 Feb 2023 15:54:06: Thread 0: Calculating SLC25A11 (14001) ...  
INFO  @ Wed, 22 Feb 2023 15:54:10: Thread 0: Calculating SUMO4 (15001) ...  
INFO  @ Wed, 22 Feb 2023 15:54:15: Thread 0: Calculating TNKS2 (16001) ...  
INFO  @ Wed, 22 Feb 2023 15:54:20: Thread 0: Calculating WDHD1 (17001) ...  
INFO  @ Wed, 22 Feb 2023 15:54:25: Thread 0: Calculating ZYG11A (18001) ...  
INFO  @ Wed, 22 Feb 2023 15:54:25: Thread 0 completed. 
INFO  @ Wed, 22 Feb 2023 15:54:25: All threads completed. 
INFO  @ Wed, 22 Feb 2023 15:54:28: Assigning p values... 
INFO  @ Wed, 22 Feb 2023 15:54:28: Permuting groups of gene with 12 sgRNAs per gene. Group progress: 12/22 
INFO  @ Wed, 22 Feb 2023 15:54:28: Start permuting 2 rounds ... 
INFO  @ Wed, 22 Feb 2023 15:54:29: Collecting 90025 sgRNAs from 18006 genes. 
INFO  @ Wed, 22 Feb 2023 15:54:30: Permuting round 0 ... 
INFO  @ Wed, 22 Feb 2023 15:54:30: Thread 0 started. 
INFO  @ Wed, 22 Feb 2023 15:54:30: Thread 0: total 18006 instances. 
INFO  @ Wed, 22 Feb 2023 15:54:30: Thread 0: Calculating A1CF (1) ...  
INFO  @ Wed, 22 Feb 2023 15:54:35: Thread 0: Calculating ARNT2 (1001) ...  
INFO  @ Wed, 22 Feb 2023 15:54:40: Thread 0: Calculating C2orf44 (2001) ...  
INFO  @ Wed, 22 Feb 2023 15:54:45: Thread 0: Calculating CERS6 (3001) ...  
INFO  @ Wed, 22 Feb 2023 15:54:50: Thread 0: Calculating DBH (4001) ...  
INFO  @ Wed, 22 Feb 2023 15:54:54: Thread 0: Calculating ERCC6L2 (5001) ...  
INFO  @ Wed, 22 Feb 2023 15:54:59: Thread 0: Calculating GANC (6001) ...  
INFO  @ Wed, 22 Feb 2023 15:55:04: Thread 0: Calculating HMBS (7001) ...  
INFO  @ Wed, 22 Feb 2023 15:55:09: Thread 0: Calculating KIAA1147 (8001) ...  
INFO  @ Wed, 22 Feb 2023 15:55:14: Thread 0: Calculating MAGOH (9001) ...  
INFO  @ Wed, 22 Feb 2023 15:55:19: Thread 0: Calculating NANOS3 (10001) ...  
INFO  @ Wed, 22 Feb 2023 15:55:23: Thread 0: Calculating PAXIP1 (11001) ...  
INFO  @ Wed, 22 Feb 2023 15:55:28: Thread 0: Calculating PRG4 (12001) ...  
INFO  @ Wed, 22 Feb 2023 15:55:33: Thread 0: Calculating RNF151 (13001) ...  
INFO  @ Wed, 22 Feb 2023 15:55:38: Thread 0: Calculating SLC25A11 (14001) ...  
INFO  @ Wed, 22 Feb 2023 15:55:43: Thread 0: Calculating SUMO4 (15001) ...  
INFO  @ Wed, 22 Feb 2023 15:55:48: Thread 0: Calculating TNKS2 (16001) ...  
INFO  @ Wed, 22 Feb 2023 15:55:53: Thread 0: Calculating WDHD1 (17001) ...  
INFO  @ Wed, 22 Feb 2023 15:55:57: Thread 0: Calculating ZYG11A (18001) ...  
INFO  @ Wed, 22 Feb 2023 15:55:58: Thread 0 completed. 
INFO  @ Wed, 22 Feb 2023 15:55:58: All threads completed. 
INFO  @ Wed, 22 Feb 2023 15:56:01: Permuting round 1 ... 
INFO  @ Wed, 22 Feb 2023 15:56:01: Thread 0 started. 
INFO  @ Wed, 22 Feb 2023 15:56:01: Thread 0: total 18006 instances. 
INFO  @ Wed, 22 Feb 2023 15:56:01: Thread 0: Calculating A1CF (1) ...  
INFO  @ Wed, 22 Feb 2023 15:56:06: Thread 0: Calculating ARNT2 (1001) ...  
INFO  @ Wed, 22 Feb 2023 15:56:11: Thread 0: Calculating C2orf44 (2001) ...  
INFO  @ Wed, 22 Feb 2023 15:56:16: Thread 0: Calculating CERS6 (3001) ...  
INFO  @ Wed, 22 Feb 2023 15:56:21: Thread 0: Calculating DBH (4001) ...  
INFO  @ Wed, 22 Feb 2023 15:56:26: Thread 0: Calculating ERCC6L2 (5001) ...  
INFO  @ Wed, 22 Feb 2023 15:56:31: Thread 0: Calculating GANC (6001) ...  
INFO  @ Wed, 22 Feb 2023 15:56:36: Thread 0: Calculating HMBS (7001) ...  
INFO  @ Wed, 22 Feb 2023 15:56:40: Thread 0: Calculating KIAA1147 (8001) ...  
INFO  @ Wed, 22 Feb 2023 15:56:45: Thread 0: Calculating MAGOH (9001) ...  
INFO  @ Wed, 22 Feb 2023 15:56:50: Thread 0: Calculating NANOS3 (10001) ...  
INFO  @ Wed, 22 Feb 2023 15:56:55: Thread 0: Calculating PAXIP1 (11001) ...  
INFO  @ Wed, 22 Feb 2023 15:57:00: Thread 0: Calculating PRG4 (12001) ...  
INFO  @ Wed, 22 Feb 2023 15:57:05: Thread 0: Calculating RNF151 (13001) ...  
INFO  @ Wed, 22 Feb 2023 15:57:10: Thread 0: Calculating SLC25A11 (14001) ...  
INFO  @ Wed, 22 Feb 2023 15:57:15: Thread 0: Calculating SUMO4 (15001) ...  
INFO  @ Wed, 22 Feb 2023 15:57:19: Thread 0: Calculating TNKS2 (16001) ...  
INFO  @ Wed, 22 Feb 2023 15:57:24: Thread 0: Calculating WDHD1 (17001) ...  
INFO  @ Wed, 22 Feb 2023 15:57:29: Thread 0: Calculating ZYG11A (18001) ...  
INFO  @ Wed, 22 Feb 2023 15:57:29: Thread 0 completed. 
INFO  @ Wed, 22 Feb 2023 15:57:29: All threads completed. 
INFO  @ Wed, 22 Feb 2023 15:57:33: Assigning p values... 
INFO  @ Wed, 22 Feb 2023 15:57:33: Permuting groups of gene with 13 sgRNAs per gene. Group progress: 13/22 
INFO  @ Wed, 22 Feb 2023 15:57:33: Start permuting 2 rounds ... 
INFO  @ Wed, 22 Feb 2023 15:57:33: Collecting 90025 sgRNAs from 18006 genes. 
INFO  @ Wed, 22 Feb 2023 15:57:34: Permuting round 0 ... 
INFO  @ Wed, 22 Feb 2023 15:57:35: Thread 0 started. 
INFO  @ Wed, 22 Feb 2023 15:57:35: Thread 0: total 18006 instances. 
INFO  @ Wed, 22 Feb 2023 15:57:35: Thread 0: Calculating A1CF (1) ...  
INFO  @ Wed, 22 Feb 2023 15:57:40: Thread 0: Calculating ARNT2 (1001) ...  
INFO  @ Wed, 22 Feb 2023 15:57:45: Thread 0: Calculating C2orf44 (2001) ...  
INFO  @ Wed, 22 Feb 2023 15:57:50: Thread 0: Calculating CERS6 (3001) ...  
INFO  @ Wed, 22 Feb 2023 15:57:55: Thread 0: Calculating DBH (4001) ...  
INFO  @ Wed, 22 Feb 2023 15:58:00: Thread 0: Calculating ERCC6L2 (5001) ...  
INFO  @ Wed, 22 Feb 2023 15:58:05: Thread 0: Calculating GANC (6001) ...  
INFO  @ Wed, 22 Feb 2023 15:58:10: Thread 0: Calculating HMBS (7001) ...  
INFO  @ Wed, 22 Feb 2023 15:58:15: Thread 0: Calculating KIAA1147 (8001) ...  
INFO  @ Wed, 22 Feb 2023 15:58:20: Thread 0: Calculating MAGOH (9001) ...  
INFO  @ Wed, 22 Feb 2023 15:58:25: Thread 0: Calculating NANOS3 (10001) ...  
INFO  @ Wed, 22 Feb 2023 15:58:30: Thread 0: Calculating PAXIP1 (11001) ...  
INFO  @ Wed, 22 Feb 2023 15:58:35: Thread 0: Calculating PRG4 (12001) ...  
INFO  @ Wed, 22 Feb 2023 15:58:40: Thread 0: Calculating RNF151 (13001) ...  
INFO  @ Wed, 22 Feb 2023 15:58:45: Thread 0: Calculating SLC25A11 (14001) ...  
INFO  @ Wed, 22 Feb 2023 15:58:50: Thread 0: Calculating SUMO4 (15001) ...  
INFO  @ Wed, 22 Feb 2023 15:58:55: Thread 0: Calculating TNKS2 (16001) ...  
INFO  @ Wed, 22 Feb 2023 15:59:00: Thread 0: Calculating WDHD1 (17001) ...  
INFO  @ Wed, 22 Feb 2023 15:59:05: Thread 0: Calculating ZYG11A (18001) ...  
INFO  @ Wed, 22 Feb 2023 15:59:05: Thread 0 completed. 
INFO  @ Wed, 22 Feb 2023 15:59:05: All threads completed. 
INFO  @ Wed, 22 Feb 2023 15:59:08: Permuting round 1 ... 
INFO  @ Wed, 22 Feb 2023 15:59:09: Thread 0 started. 
INFO  @ Wed, 22 Feb 2023 15:59:09: Thread 0: total 18006 instances. 
INFO  @ Wed, 22 Feb 2023 15:59:09: Thread 0: Calculating A1CF (1) ...  
INFO  @ Wed, 22 Feb 2023 15:59:14: Thread 0: Calculating ARNT2 (1001) ...  
INFO  @ Wed, 22 Feb 2023 15:59:19: Thread 0: Calculating C2orf44 (2001) ...  
INFO  @ Wed, 22 Feb 2023 15:59:24: Thread 0: Calculating CERS6 (3001) ...  
INFO  @ Wed, 22 Feb 2023 15:59:29: Thread 0: Calculating DBH (4001) ...  
INFO  @ Wed, 22 Feb 2023 15:59:34: Thread 0: Calculating ERCC6L2 (5001) ...  
INFO  @ Wed, 22 Feb 2023 15:59:39: Thread 0: Calculating GANC (6001) ...  
INFO  @ Wed, 22 Feb 2023 15:59:45: Thread 0: Calculating HMBS (7001) ...  
INFO  @ Wed, 22 Feb 2023 15:59:50: Thread 0: Calculating KIAA1147 (8001) ...  
INFO  @ Wed, 22 Feb 2023 15:59:55: Thread 0: Calculating MAGOH (9001) ...  
INFO  @ Wed, 22 Feb 2023 16:00:00: Thread 0: Calculating NANOS3 (10001) ...  
INFO  @ Wed, 22 Feb 2023 16:00:05: Thread 0: Calculating PAXIP1 (11001) ...  
INFO  @ Wed, 22 Feb 2023 16:00:10: Thread 0: Calculating PRG4 (12001) ...  
INFO  @ Wed, 22 Feb 2023 16:00:15: Thread 0: Calculating RNF151 (13001) ...  
INFO  @ Wed, 22 Feb 2023 16:00:20: Thread 0: Calculating SLC25A11 (14001) ...  
INFO  @ Wed, 22 Feb 2023 16:00:25: Thread 0: Calculating SUMO4 (15001) ...  
INFO  @ Wed, 22 Feb 2023 16:00:30: Thread 0: Calculating TNKS2 (16001) ...  
INFO  @ Wed, 22 Feb 2023 16:00:35: Thread 0: Calculating WDHD1 (17001) ...  
INFO  @ Wed, 22 Feb 2023 16:00:40: Thread 0: Calculating ZYG11A (18001) ...  
INFO  @ Wed, 22 Feb 2023 16:00:40: Thread 0 completed. 
INFO  @ Wed, 22 Feb 2023 16:00:40: All threads completed. 
INFO  @ Wed, 22 Feb 2023 16:00:44: Assigning p values... 
INFO  @ Wed, 22 Feb 2023 16:00:44: Permuting groups of gene with 14 sgRNAs per gene. Group progress: 14/22 
INFO  @ Wed, 22 Feb 2023 16:00:44: Start permuting 2 rounds ... 
INFO  @ Wed, 22 Feb 2023 16:00:44: Collecting 90025 sgRNAs from 18006 genes. 
INFO  @ Wed, 22 Feb 2023 16:00:45: Permuting round 0 ... 
INFO  @ Wed, 22 Feb 2023 16:00:46: Thread 0 started. 
INFO  @ Wed, 22 Feb 2023 16:00:46: Thread 0: total 18006 instances. 
INFO  @ Wed, 22 Feb 2023 16:00:46: Thread 0: Calculating A1CF (1) ...  
INFO  @ Wed, 22 Feb 2023 16:00:51: Thread 0: Calculating ARNT2 (1001) ...  
INFO  @ Wed, 22 Feb 2023 16:00:56: Thread 0: Calculating C2orf44 (2001) ...  
INFO  @ Wed, 22 Feb 2023 16:01:01: Thread 0: Calculating CERS6 (3001) ...  
INFO  @ Wed, 22 Feb 2023 16:01:07: Thread 0: Calculating DBH (4001) ...  
INFO  @ Wed, 22 Feb 2023 16:01:12: Thread 0: Calculating ERCC6L2 (5001) ...  
INFO  @ Wed, 22 Feb 2023 16:01:17: Thread 0: Calculating GANC (6001) ...  
INFO  @ Wed, 22 Feb 2023 16:01:22: Thread 0: Calculating HMBS (7001) ...  
INFO  @ Wed, 22 Feb 2023 16:01:27: Thread 0: Calculating KIAA1147 (8001) ...  
INFO  @ Wed, 22 Feb 2023 16:01:32: Thread 0: Calculating MAGOH (9001) ...  
INFO  @ Wed, 22 Feb 2023 16:01:38: Thread 0: Calculating NANOS3 (10001) ...  
INFO  @ Wed, 22 Feb 2023 16:01:43: Thread 0: Calculating PAXIP1 (11001) ...  
INFO  @ Wed, 22 Feb 2023 16:01:48: Thread 0: Calculating PRG4 (12001) ...  
INFO  @ Wed, 22 Feb 2023 16:01:53: Thread 0: Calculating RNF151 (13001) ...  
INFO  @ Wed, 22 Feb 2023 16:01:59: Thread 0: Calculating SLC25A11 (14001) ...  
INFO  @ Wed, 22 Feb 2023 16:02:04: Thread 0: Calculating SUMO4 (15001) ...  
INFO  @ Wed, 22 Feb 2023 16:02:09: Thread 0: Calculating TNKS2 (16001) ...  
INFO  @ Wed, 22 Feb 2023 16:02:14: Thread 0: Calculating WDHD1 (17001) ...  
INFO  @ Wed, 22 Feb 2023 16:02:19: Thread 0: Calculating ZYG11A (18001) ...  
INFO  @ Wed, 22 Feb 2023 16:02:19: Thread 0 completed. 
INFO  @ Wed, 22 Feb 2023 16:02:19: All threads completed. 
INFO  @ Wed, 22 Feb 2023 16:02:23: Permuting round 1 ... 
INFO  @ Wed, 22 Feb 2023 16:02:23: Thread 0 started. 
INFO  @ Wed, 22 Feb 2023 16:02:23: Thread 0: total 18006 instances. 
INFO  @ Wed, 22 Feb 2023 16:02:23: Thread 0: Calculating A1CF (1) ...  
INFO  @ Wed, 22 Feb 2023 16:02:28: Thread 0: Calculating ARNT2 (1001) ...  
INFO  @ Wed, 22 Feb 2023 16:02:34: Thread 0: Calculating C2orf44 (2001) ...  
INFO  @ Wed, 22 Feb 2023 16:02:39: Thread 0: Calculating CERS6 (3001) ...  
INFO  @ Wed, 22 Feb 2023 16:02:44: Thread 0: Calculating DBH (4001) ...  
INFO  @ Wed, 22 Feb 2023 16:02:49: Thread 0: Calculating ERCC6L2 (5001) ...  
INFO  @ Wed, 22 Feb 2023 16:02:54: Thread 0: Calculating GANC (6001) ...  
INFO  @ Wed, 22 Feb 2023 16:03:00: Thread 0: Calculating HMBS (7001) ...  
INFO  @ Wed, 22 Feb 2023 16:03:05: Thread 0: Calculating KIAA1147 (8001) ...  
INFO  @ Wed, 22 Feb 2023 16:03:10: Thread 0: Calculating MAGOH (9001) ...  
INFO  @ Wed, 22 Feb 2023 16:03:15: Thread 0: Calculating NANOS3 (10001) ...  
INFO  @ Wed, 22 Feb 2023 16:03:21: Thread 0: Calculating PAXIP1 (11001) ...  
INFO  @ Wed, 22 Feb 2023 16:03:26: Thread 0: Calculating PRG4 (12001) ...  
INFO  @ Wed, 22 Feb 2023 16:03:31: Thread 0: Calculating RNF151 (13001) ...  
INFO  @ Wed, 22 Feb 2023 16:03:36: Thread 0: Calculating SLC25A11 (14001) ...  
INFO  @ Wed, 22 Feb 2023 16:03:42: Thread 0: Calculating SUMO4 (15001) ...  
INFO  @ Wed, 22 Feb 2023 16:03:47: Thread 0: Calculating TNKS2 (16001) ...  
INFO  @ Wed, 22 Feb 2023 16:03:52: Thread 0: Calculating WDHD1 (17001) ...  
INFO  @ Wed, 22 Feb 2023 16:03:57: Thread 0: Calculating ZYG11A (18001) ...  
INFO  @ Wed, 22 Feb 2023 16:03:57: Thread 0 completed. 
INFO  @ Wed, 22 Feb 2023 16:03:57: All threads completed. 
INFO  @ Wed, 22 Feb 2023 16:04:01: Assigning p values... 
INFO  @ Wed, 22 Feb 2023 16:04:01: Permuting groups of gene with 15 sgRNAs per gene. Group progress: 15/22 
INFO  @ Wed, 22 Feb 2023 16:04:01: Start permuting 2 rounds ... 
INFO  @ Wed, 22 Feb 2023 16:04:01: Collecting 90025 sgRNAs from 18006 genes. 
INFO  @ Wed, 22 Feb 2023 16:04:02: Permuting round 0 ... 
INFO  @ Wed, 22 Feb 2023 16:04:03: Thread 0 started. 
INFO  @ Wed, 22 Feb 2023 16:04:03: Thread 0: total 18006 instances. 
INFO  @ Wed, 22 Feb 2023 16:04:03: Thread 0: Calculating A1CF (1) ...  
INFO  @ Wed, 22 Feb 2023 16:04:08: Thread 0: Calculating ARNT2 (1001) ...  
INFO  @ Wed, 22 Feb 2023 16:04:14: Thread 0: Calculating C2orf44 (2001) ...  
INFO  @ Wed, 22 Feb 2023 16:04:19: Thread 0: Calculating CERS6 (3001) ...  
INFO  @ Wed, 22 Feb 2023 16:04:24: Thread 0: Calculating DBH (4001) ...  
INFO  @ Wed, 22 Feb 2023 16:04:30: Thread 0: Calculating ERCC6L2 (5001) ...  
INFO  @ Wed, 22 Feb 2023 16:04:35: Thread 0: Calculating GANC (6001) ...  
INFO  @ Wed, 22 Feb 2023 16:04:40: Thread 0: Calculating HMBS (7001) ...  
INFO  @ Wed, 22 Feb 2023 16:04:45: Thread 0: Calculating KIAA1147 (8001) ...  
INFO  @ Wed, 22 Feb 2023 16:04:51: Thread 0: Calculating MAGOH (9001) ...  
INFO  @ Wed, 22 Feb 2023 16:04:56: Thread 0: Calculating NANOS3 (10001) ...  
INFO  @ Wed, 22 Feb 2023 16:05:01: Thread 0: Calculating PAXIP1 (11001) ...  
INFO  @ Wed, 22 Feb 2023 16:05:06: Thread 0: Calculating PRG4 (12001) ...  
INFO  @ Wed, 22 Feb 2023 16:05:12: Thread 0: Calculating RNF151 (13001) ...  
INFO  @ Wed, 22 Feb 2023 16:05:17: Thread 0: Calculating SLC25A11 (14001) ...  
INFO  @ Wed, 22 Feb 2023 16:05:22: Thread 0: Calculating SUMO4 (15001) ...  
INFO  @ Wed, 22 Feb 2023 16:05:28: Thread 0: Calculating TNKS2 (16001) ...  
INFO  @ Wed, 22 Feb 2023 16:05:33: Thread 0: Calculating WDHD1 (17001) ...  
INFO  @ Wed, 22 Feb 2023 16:05:38: Thread 0: Calculating ZYG11A (18001) ...  
INFO  @ Wed, 22 Feb 2023 16:05:38: Thread 0 completed. 
INFO  @ Wed, 22 Feb 2023 16:05:38: All threads completed. 
INFO  @ Wed, 22 Feb 2023 16:05:42: Permuting round 1 ... 
INFO  @ Wed, 22 Feb 2023 16:05:42: Thread 0 started. 
INFO  @ Wed, 22 Feb 2023 16:05:42: Thread 0: total 18006 instances. 
INFO  @ Wed, 22 Feb 2023 16:05:42: Thread 0: Calculating A1CF (1) ...  
INFO  @ Wed, 22 Feb 2023 16:05:48: Thread 0: Calculating ARNT2 (1001) ...  
INFO  @ Wed, 22 Feb 2023 16:05:53: Thread 0: Calculating C2orf44 (2001) ...  
INFO  @ Wed, 22 Feb 2023 16:05:58: Thread 0: Calculating CERS6 (3001) ...  
INFO  @ Wed, 22 Feb 2023 16:06:04: Thread 0: Calculating DBH (4001) ...  
INFO  @ Wed, 22 Feb 2023 16:06:09: Thread 0: Calculating ERCC6L2 (5001) ...  
INFO  @ Wed, 22 Feb 2023 16:06:14: Thread 0: Calculating GANC (6001) ...  
INFO  @ Wed, 22 Feb 2023 16:06:20: Thread 0: Calculating HMBS (7001) ...  
INFO  @ Wed, 22 Feb 2023 16:06:25: Thread 0: Calculating KIAA1147 (8001) ...  
INFO  @ Wed, 22 Feb 2023 16:06:30: Thread 0: Calculating MAGOH (9001) ...  
INFO  @ Wed, 22 Feb 2023 16:06:36: Thread 0: Calculating NANOS3 (10001) ...  
INFO  @ Wed, 22 Feb 2023 16:06:41: Thread 0: Calculating PAXIP1 (11001) ...  
INFO  @ Wed, 22 Feb 2023 16:06:46: Thread 0: Calculating PRG4 (12001) ...  
INFO  @ Wed, 22 Feb 2023 16:06:52: Thread 0: Calculating RNF151 (13001) ...  
INFO  @ Wed, 22 Feb 2023 16:06:57: Thread 0: Calculating SLC25A11 (14001) ...  
INFO  @ Wed, 22 Feb 2023 16:07:02: Thread 0: Calculating SUMO4 (15001) ...  
INFO  @ Wed, 22 Feb 2023 16:07:08: Thread 0: Calculating TNKS2 (16001) ...  
INFO  @ Wed, 22 Feb 2023 16:07:13: Thread 0: Calculating WDHD1 (17001) ...  
INFO  @ Wed, 22 Feb 2023 16:07:19: Thread 0: Calculating ZYG11A (18001) ...  
INFO  @ Wed, 22 Feb 2023 16:07:19: Thread 0 completed. 
INFO  @ Wed, 22 Feb 2023 16:07:19: All threads completed. 
INFO  @ Wed, 22 Feb 2023 16:07:23: Assigning p values... 
INFO  @ Wed, 22 Feb 2023 16:07:23: Permuting groups of gene with 16 sgRNAs per gene. Group progress: 16/22 
INFO  @ Wed, 22 Feb 2023 16:07:23: Start permuting 2 rounds ... 
INFO  @ Wed, 22 Feb 2023 16:07:23: Collecting 90025 sgRNAs from 18006 genes. 
INFO  @ Wed, 22 Feb 2023 16:07:24: Permuting round 0 ... 
INFO  @ Wed, 22 Feb 2023 16:07:25: Thread 0 started. 
INFO  @ Wed, 22 Feb 2023 16:07:25: Thread 0: total 18006 instances. 
INFO  @ Wed, 22 Feb 2023 16:07:25: Thread 0: Calculating A1CF (1) ...  
INFO  @ Wed, 22 Feb 2023 16:07:30: Thread 0: Calculating ARNT2 (1001) ...  
INFO  @ Wed, 22 Feb 2023 16:07:36: Thread 0: Calculating C2orf44 (2001) ...  
INFO  @ Wed, 22 Feb 2023 16:07:41: Thread 0: Calculating CERS6 (3001) ...  
INFO  @ Wed, 22 Feb 2023 16:07:47: Thread 0: Calculating DBH (4001) ...  
INFO  @ Wed, 22 Feb 2023 16:07:52: Thread 0: Calculating ERCC6L2 (5001) ...  
INFO  @ Wed, 22 Feb 2023 16:07:58: Thread 0: Calculating GANC (6001) ...  
INFO  @ Wed, 22 Feb 2023 16:08:03: Thread 0: Calculating HMBS (7001) ...  
INFO  @ Wed, 22 Feb 2023 16:08:09: Thread 0: Calculating KIAA1147 (8001) ...  
INFO  @ Wed, 22 Feb 2023 16:08:14: Thread 0: Calculating MAGOH (9001) ...  
INFO  @ Wed, 22 Feb 2023 16:08:20: Thread 0: Calculating NANOS3 (10001) ...  
INFO  @ Wed, 22 Feb 2023 16:08:25: Thread 0: Calculating PAXIP1 (11001) ...  
INFO  @ Wed, 22 Feb 2023 16:08:31: Thread 0: Calculating PRG4 (12001) ...  
INFO  @ Wed, 22 Feb 2023 16:08:36: Thread 0: Calculating RNF151 (13001) ...  
INFO  @ Wed, 22 Feb 2023 16:08:41: Thread 0: Calculating SLC25A11 (14001) ...  
INFO  @ Wed, 22 Feb 2023 16:08:47: Thread 0: Calculating SUMO4 (15001) ...  
INFO  @ Wed, 22 Feb 2023 16:08:53: Thread 0: Calculating TNKS2 (16001) ...  
INFO  @ Wed, 22 Feb 2023 16:08:58: Thread 0: Calculating WDHD1 (17001) ...  
INFO  @ Wed, 22 Feb 2023 16:09:04: Thread 0: Calculating ZYG11A (18001) ...  
INFO  @ Wed, 22 Feb 2023 16:09:04: Thread 0 completed. 
INFO  @ Wed, 22 Feb 2023 16:09:04: All threads completed. 
INFO  @ Wed, 22 Feb 2023 16:09:07: Permuting round 1 ... 
INFO  @ Wed, 22 Feb 2023 16:09:08: Thread 0 started. 
INFO  @ Wed, 22 Feb 2023 16:09:08: Thread 0: total 18006 instances. 
INFO  @ Wed, 22 Feb 2023 16:09:08: Thread 0: Calculating A1CF (1) ...  
INFO  @ Wed, 22 Feb 2023 16:09:13: Thread 0: Calculating ARNT2 (1001) ...  
INFO  @ Wed, 22 Feb 2023 16:09:19: Thread 0: Calculating C2orf44 (2001) ...  
INFO  @ Wed, 22 Feb 2023 16:09:24: Thread 0: Calculating CERS6 (3001) ...  
INFO  @ Wed, 22 Feb 2023 16:09:30: Thread 0: Calculating DBH (4001) ...  
INFO  @ Wed, 22 Feb 2023 16:09:35: Thread 0: Calculating ERCC6L2 (5001) ...  
INFO  @ Wed, 22 Feb 2023 16:09:41: Thread 0: Calculating GANC (6001) ...  
INFO  @ Wed, 22 Feb 2023 16:09:46: Thread 0: Calculating HMBS (7001) ...  
INFO  @ Wed, 22 Feb 2023 16:09:52: Thread 0: Calculating KIAA1147 (8001) ...  
INFO  @ Wed, 22 Feb 2023 16:09:57: Thread 0: Calculating MAGOH (9001) ...  
INFO  @ Wed, 22 Feb 2023 16:10:03: Thread 0: Calculating NANOS3 (10001) ...  
INFO  @ Wed, 22 Feb 2023 16:10:08: Thread 0: Calculating PAXIP1 (11001) ...  
INFO  @ Wed, 22 Feb 2023 16:10:14: Thread 0: Calculating PRG4 (12001) ...  
INFO  @ Wed, 22 Feb 2023 16:10:19: Thread 0: Calculating RNF151 (13001) ...  
INFO  @ Wed, 22 Feb 2023 16:10:25: Thread 0: Calculating SLC25A11 (14001) ...  
INFO  @ Wed, 22 Feb 2023 16:10:30: Thread 0: Calculating SUMO4 (15001) ...  
INFO  @ Wed, 22 Feb 2023 16:10:36: Thread 0: Calculating TNKS2 (16001) ...  
INFO  @ Wed, 22 Feb 2023 16:10:41: Thread 0: Calculating WDHD1 (17001) ...  
INFO  @ Wed, 22 Feb 2023 16:10:47: Thread 0: Calculating ZYG11A (18001) ...  
INFO  @ Wed, 22 Feb 2023 16:10:47: Thread 0 completed. 
INFO  @ Wed, 22 Feb 2023 16:10:47: All threads completed. 
INFO  @ Wed, 22 Feb 2023 16:10:51: Assigning p values... 
INFO  @ Wed, 22 Feb 2023 16:10:51: Permuting groups of gene with 17 sgRNAs per gene. Group progress: 17/22 
INFO  @ Wed, 22 Feb 2023 16:10:51: Start permuting 2 rounds ... 
INFO  @ Wed, 22 Feb 2023 16:10:51: Collecting 90025 sgRNAs from 18006 genes. 
INFO  @ Wed, 22 Feb 2023 16:10:52: Permuting round 0 ... 
INFO  @ Wed, 22 Feb 2023 16:10:53: Thread 0 started. 
INFO  @ Wed, 22 Feb 2023 16:10:53: Thread 0: total 18006 instances. 
INFO  @ Wed, 22 Feb 2023 16:10:53: Thread 0: Calculating A1CF (1) ...  
INFO  @ Wed, 22 Feb 2023 16:10:58: Thread 0: Calculating ARNT2 (1001) ...  
INFO  @ Wed, 22 Feb 2023 16:11:04: Thread 0: Calculating C2orf44 (2001) ...  
INFO  @ Wed, 22 Feb 2023 16:11:10: Thread 0: Calculating CERS6 (3001) ...  
INFO  @ Wed, 22 Feb 2023 16:11:16: Thread 0: Calculating DBH (4001) ...  
INFO  @ Wed, 22 Feb 2023 16:11:21: Thread 0: Calculating ERCC6L2 (5001) ...  
INFO  @ Wed, 22 Feb 2023 16:11:27: Thread 0: Calculating GANC (6001) ...  
INFO  @ Wed, 22 Feb 2023 16:11:33: Thread 0: Calculating HMBS (7001) ...  
INFO  @ Wed, 22 Feb 2023 16:11:38: Thread 0: Calculating KIAA1147 (8001) ...  
INFO  @ Wed, 22 Feb 2023 16:11:44: Thread 0: Calculating MAGOH (9001) ...  
INFO  @ Wed, 22 Feb 2023 16:11:50: Thread 0: Calculating NANOS3 (10001) ...  
INFO  @ Wed, 22 Feb 2023 16:11:56: Thread 0: Calculating PAXIP1 (11001) ...  
INFO  @ Wed, 22 Feb 2023 16:12:01: Thread 0: Calculating PRG4 (12001) ...  
INFO  @ Wed, 22 Feb 2023 16:12:07: Thread 0: Calculating RNF151 (13001) ...  
INFO  @ Wed, 22 Feb 2023 16:12:13: Thread 0: Calculating SLC25A11 (14001) ...  
INFO  @ Wed, 22 Feb 2023 16:12:18: Thread 0: Calculating SUMO4 (15001) ...  
INFO  @ Wed, 22 Feb 2023 16:12:24: Thread 0: Calculating TNKS2 (16001) ...  
INFO  @ Wed, 22 Feb 2023 16:12:30: Thread 0: Calculating WDHD1 (17001) ...  
INFO  @ Wed, 22 Feb 2023 16:12:35: Thread 0: Calculating ZYG11A (18001) ...  
INFO  @ Wed, 22 Feb 2023 16:12:35: Thread 0 completed. 
INFO  @ Wed, 22 Feb 2023 16:12:35: All threads completed. 
INFO  @ Wed, 22 Feb 2023 16:12:39: Permuting round 1 ... 
INFO  @ Wed, 22 Feb 2023 16:12:40: Thread 0 started. 
INFO  @ Wed, 22 Feb 2023 16:12:40: Thread 0: total 18006 instances. 
INFO  @ Wed, 22 Feb 2023 16:12:40: Thread 0: Calculating A1CF (1) ...  
INFO  @ Wed, 22 Feb 2023 16:12:45: Thread 0: Calculating ARNT2 (1001) ...  
INFO  @ Wed, 22 Feb 2023 16:12:51: Thread 0: Calculating C2orf44 (2001) ...  
INFO  @ Wed, 22 Feb 2023 16:12:57: Thread 0: Calculating CERS6 (3001) ...  
INFO  @ Wed, 22 Feb 2023 16:13:03: Thread 0: Calculating DBH (4001) ...  
INFO  @ Wed, 22 Feb 2023 16:13:08: Thread 0: Calculating ERCC6L2 (5001) ...  
INFO  @ Wed, 22 Feb 2023 16:13:14: Thread 0: Calculating GANC (6001) ...  
INFO  @ Wed, 22 Feb 2023 16:13:20: Thread 0: Calculating HMBS (7001) ...  
INFO  @ Wed, 22 Feb 2023 16:13:25: Thread 0: Calculating KIAA1147 (8001) ...  
INFO  @ Wed, 22 Feb 2023 16:13:31: Thread 0: Calculating MAGOH (9001) ...  
INFO  @ Wed, 22 Feb 2023 16:13:37: Thread 0: Calculating NANOS3 (10001) ...  
INFO  @ Wed, 22 Feb 2023 16:13:43: Thread 0: Calculating PAXIP1 (11001) ...  
INFO  @ Wed, 22 Feb 2023 16:13:49: Thread 0: Calculating PRG4 (12001) ...  
INFO  @ Wed, 22 Feb 2023 16:13:55: Thread 0: Calculating RNF151 (13001) ...  
INFO  @ Wed, 22 Feb 2023 16:14:00: Thread 0: Calculating SLC25A11 (14001) ...  
INFO  @ Wed, 22 Feb 2023 16:14:06: Thread 0: Calculating SUMO4 (15001) ...  
INFO  @ Wed, 22 Feb 2023 16:14:12: Thread 0: Calculating TNKS2 (16001) ...  
INFO  @ Wed, 22 Feb 2023 16:14:18: Thread 0: Calculating WDHD1 (17001) ...  
INFO  @ Wed, 22 Feb 2023 16:14:23: Thread 0: Calculating ZYG11A (18001) ...  
INFO  @ Wed, 22 Feb 2023 16:14:23: Thread 0 completed. 
INFO  @ Wed, 22 Feb 2023 16:14:23: All threads completed. 
INFO  @ Wed, 22 Feb 2023 16:14:27: Assigning p values... 
INFO  @ Wed, 22 Feb 2023 16:14:27: Permuting groups of gene with 18 sgRNAs per gene. Group progress: 18/22 
INFO  @ Wed, 22 Feb 2023 16:14:27: Start permuting 2 rounds ... 
INFO  @ Wed, 22 Feb 2023 16:14:28: Collecting 90025 sgRNAs from 18006 genes. 
INFO  @ Wed, 22 Feb 2023 16:14:29: Permuting round 0 ... 
INFO  @ Wed, 22 Feb 2023 16:14:29: Thread 0 started. 
INFO  @ Wed, 22 Feb 2023 16:14:29: Thread 0: total 18006 instances. 
INFO  @ Wed, 22 Feb 2023 16:14:29: Thread 0: Calculating A1CF (1) ...  
INFO  @ Wed, 22 Feb 2023 16:14:35: Thread 0: Calculating ARNT2 (1001) ...  
INFO  @ Wed, 22 Feb 2023 16:14:41: Thread 0: Calculating C2orf44 (2001) ...  
INFO  @ Wed, 22 Feb 2023 16:14:47: Thread 0: Calculating CERS6 (3001) ...  
INFO  @ Wed, 22 Feb 2023 16:14:53: Thread 0: Calculating DBH (4001) ...  
INFO  @ Wed, 22 Feb 2023 16:14:59: Thread 0: Calculating ERCC6L2 (5001) ...  
INFO  @ Wed, 22 Feb 2023 16:15:05: Thread 0: Calculating GANC (6001) ...  
INFO  @ Wed, 22 Feb 2023 16:15:11: Thread 0: Calculating HMBS (7001) ...  
INFO  @ Wed, 22 Feb 2023 16:15:17: Thread 0: Calculating KIAA1147 (8001) ...  
INFO  @ Wed, 22 Feb 2023 16:15:23: Thread 0: Calculating MAGOH (9001) ...  
INFO  @ Wed, 22 Feb 2023 16:15:28: Thread 0: Calculating NANOS3 (10001) ...  
INFO  @ Wed, 22 Feb 2023 16:15:34: Thread 0: Calculating PAXIP1 (11001) ...  
INFO  @ Wed, 22 Feb 2023 16:15:40: Thread 0: Calculating PRG4 (12001) ...  
INFO  @ Wed, 22 Feb 2023 16:15:46: Thread 0: Calculating RNF151 (13001) ...  
INFO  @ Wed, 22 Feb 2023 16:15:52: Thread 0: Calculating SLC25A11 (14001) ...  
INFO  @ Wed, 22 Feb 2023 16:15:58: Thread 0: Calculating SUMO4 (15001) ...  
INFO  @ Wed, 22 Feb 2023 16:16:04: Thread 0: Calculating TNKS2 (16001) ...  
INFO  @ Wed, 22 Feb 2023 16:16:10: Thread 0: Calculating WDHD1 (17001) ...  
INFO  @ Wed, 22 Feb 2023 16:16:16: Thread 0: Calculating ZYG11A (18001) ...  
INFO  @ Wed, 22 Feb 2023 16:16:16: Thread 0 completed. 
INFO  @ Wed, 22 Feb 2023 16:16:16: All threads completed. 
INFO  @ Wed, 22 Feb 2023 16:16:20: Permuting round 1 ... 
INFO  @ Wed, 22 Feb 2023 16:16:20: Thread 0 started. 
INFO  @ Wed, 22 Feb 2023 16:16:20: Thread 0: total 18006 instances. 
INFO  @ Wed, 22 Feb 2023 16:16:20: Thread 0: Calculating A1CF (1) ...  
INFO  @ Wed, 22 Feb 2023 16:16:26: Thread 0: Calculating ARNT2 (1001) ...  
INFO  @ Wed, 22 Feb 2023 16:16:32: Thread 0: Calculating C2orf44 (2001) ...  
INFO  @ Wed, 22 Feb 2023 16:16:39: Thread 0: Calculating CERS6 (3001) ...  
INFO  @ Wed, 22 Feb 2023 16:16:45: Thread 0: Calculating DBH (4001) ...  
INFO  @ Wed, 22 Feb 2023 16:16:51: Thread 0: Calculating ERCC6L2 (5001) ...  
INFO  @ Wed, 22 Feb 2023 16:16:57: Thread 0: Calculating GANC (6001) ...  
INFO  @ Wed, 22 Feb 2023 16:17:03: Thread 0: Calculating HMBS (7001) ...  
INFO  @ Wed, 22 Feb 2023 16:17:09: Thread 0: Calculating KIAA1147 (8001) ...  
INFO  @ Wed, 22 Feb 2023 16:17:15: Thread 0: Calculating MAGOH (9001) ...  
INFO  @ Wed, 22 Feb 2023 16:17:21: Thread 0: Calculating NANOS3 (10001) ...  
INFO  @ Wed, 22 Feb 2023 16:17:28: Thread 0: Calculating PAXIP1 (11001) ...  
INFO  @ Wed, 22 Feb 2023 16:17:34: Thread 0: Calculating PRG4 (12001) ...  
INFO  @ Wed, 22 Feb 2023 16:17:40: Thread 0: Calculating RNF151 (13001) ...  
INFO  @ Wed, 22 Feb 2023 16:17:46: Thread 0: Calculating SLC25A11 (14001) ...  
INFO  @ Wed, 22 Feb 2023 16:17:52: Thread 0: Calculating SUMO4 (15001) ...  
INFO  @ Wed, 22 Feb 2023 16:17:58: Thread 0: Calculating TNKS2 (16001) ...  
INFO  @ Wed, 22 Feb 2023 16:18:05: Thread 0: Calculating WDHD1 (17001) ...  
INFO  @ Wed, 22 Feb 2023 16:18:11: Thread 0: Calculating ZYG11A (18001) ...  
INFO  @ Wed, 22 Feb 2023 16:18:11: Thread 0 completed. 
INFO  @ Wed, 22 Feb 2023 16:18:11: All threads completed. 
INFO  @ Wed, 22 Feb 2023 16:18:15: Assigning p values... 
INFO  @ Wed, 22 Feb 2023 16:18:15: Permuting groups of gene with 19 sgRNAs per gene. Group progress: 19/22 
INFO  @ Wed, 22 Feb 2023 16:18:15: Start permuting 2 rounds ... 
INFO  @ Wed, 22 Feb 2023 16:18:15: Collecting 90025 sgRNAs from 18006 genes. 
INFO  @ Wed, 22 Feb 2023 16:18:16: Permuting round 0 ... 
INFO  @ Wed, 22 Feb 2023 16:18:17: Thread 0 started. 
INFO  @ Wed, 22 Feb 2023 16:18:17: Thread 0: total 18006 instances. 
INFO  @ Wed, 22 Feb 2023 16:18:17: Thread 0: Calculating A1CF (1) ...  
INFO  @ Wed, 22 Feb 2023 16:18:23: Thread 0: Calculating ARNT2 (1001) ...  
INFO  @ Wed, 22 Feb 2023 16:18:29: Thread 0: Calculating C2orf44 (2001) ...  
INFO  @ Wed, 22 Feb 2023 16:18:35: Thread 0: Calculating CERS6 (3001) ...  
INFO  @ Wed, 22 Feb 2023 16:18:42: Thread 0: Calculating DBH (4001) ...  
INFO  @ Wed, 22 Feb 2023 16:18:48: Thread 0: Calculating ERCC6L2 (5001) ...  
INFO  @ Wed, 22 Feb 2023 16:18:54: Thread 0: Calculating GANC (6001) ...  
INFO  @ Wed, 22 Feb 2023 16:19:00: Thread 0: Calculating HMBS (7001) ...  
INFO  @ Wed, 22 Feb 2023 16:19:06: Thread 0: Calculating KIAA1147 (8001) ...  
INFO  @ Wed, 22 Feb 2023 16:19:12: Thread 0: Calculating MAGOH (9001) ...  
INFO  @ Wed, 22 Feb 2023 16:19:18: Thread 0: Calculating NANOS3 (10001) ...  
INFO  @ Wed, 22 Feb 2023 16:19:24: Thread 0: Calculating PAXIP1 (11001) ...  
INFO  @ Wed, 22 Feb 2023 16:19:31: Thread 0: Calculating PRG4 (12001) ...  
INFO  @ Wed, 22 Feb 2023 16:19:37: Thread 0: Calculating RNF151 (13001) ...  
INFO  @ Wed, 22 Feb 2023 16:19:43: Thread 0: Calculating SLC25A11 (14001) ...  
INFO  @ Wed, 22 Feb 2023 16:19:49: Thread 0: Calculating SUMO4 (15001) ...  
INFO  @ Wed, 22 Feb 2023 16:19:55: Thread 0: Calculating TNKS2 (16001) ...  
INFO  @ Wed, 22 Feb 2023 16:20:02: Thread 0: Calculating WDHD1 (17001) ...  
INFO  @ Wed, 22 Feb 2023 16:20:08: Thread 0: Calculating ZYG11A (18001) ...  
INFO  @ Wed, 22 Feb 2023 16:20:08: Thread 0 completed. 
INFO  @ Wed, 22 Feb 2023 16:20:08: All threads completed. 
INFO  @ Wed, 22 Feb 2023 16:20:11: Permuting round 1 ... 
INFO  @ Wed, 22 Feb 2023 16:20:12: Thread 0 started. 
INFO  @ Wed, 22 Feb 2023 16:20:12: Thread 0: total 18006 instances. 
INFO  @ Wed, 22 Feb 2023 16:20:12: Thread 0: Calculating A1CF (1) ...  
INFO  @ Wed, 22 Feb 2023 16:20:18: Thread 0: Calculating ARNT2 (1001) ...  
INFO  @ Wed, 22 Feb 2023 16:20:25: Thread 0: Calculating C2orf44 (2001) ...  
INFO  @ Wed, 22 Feb 2023 16:20:31: Thread 0: Calculating CERS6 (3001) ...  
INFO  @ Wed, 22 Feb 2023 16:20:37: Thread 0: Calculating DBH (4001) ...  
INFO  @ Wed, 22 Feb 2023 16:20:43: Thread 0: Calculating ERCC6L2 (5001) ...  
INFO  @ Wed, 22 Feb 2023 16:20:50: Thread 0: Calculating GANC (6001) ...  
INFO  @ Wed, 22 Feb 2023 16:20:56: Thread 0: Calculating HMBS (7001) ...  
INFO  @ Wed, 22 Feb 2023 16:21:02: Thread 0: Calculating KIAA1147 (8001) ...  
INFO  @ Wed, 22 Feb 2023 16:21:08: Thread 0: Calculating MAGOH (9001) ...  
INFO  @ Wed, 22 Feb 2023 16:21:15: Thread 0: Calculating NANOS3 (10001) ...  
INFO  @ Wed, 22 Feb 2023 16:21:21: Thread 0: Calculating PAXIP1 (11001) ...  
INFO  @ Wed, 22 Feb 2023 16:21:27: Thread 0: Calculating PRG4 (12001) ...  
INFO  @ Wed, 22 Feb 2023 16:21:33: Thread 0: Calculating RNF151 (13001) ...  
INFO  @ Wed, 22 Feb 2023 16:21:40: Thread 0: Calculating SLC25A11 (14001) ...  
INFO  @ Wed, 22 Feb 2023 16:21:46: Thread 0: Calculating SUMO4 (15001) ...  
INFO  @ Wed, 22 Feb 2023 16:21:53: Thread 0: Calculating TNKS2 (16001) ...  
INFO  @ Wed, 22 Feb 2023 16:21:59: Thread 0: Calculating WDHD1 (17001) ...  
INFO  @ Wed, 22 Feb 2023 16:22:05: Thread 0: Calculating ZYG11A (18001) ...  
INFO  @ Wed, 22 Feb 2023 16:22:05: Thread 0 completed. 
INFO  @ Wed, 22 Feb 2023 16:22:05: All threads completed. 
INFO  @ Wed, 22 Feb 2023 16:22:09: Assigning p values... 
INFO  @ Wed, 22 Feb 2023 16:22:09: Permuting groups of gene with 22 sgRNAs per gene. Group progress: 20/22 
INFO  @ Wed, 22 Feb 2023 16:22:09: Start permuting 2 rounds ... 
INFO  @ Wed, 22 Feb 2023 16:22:09: Collecting 90025 sgRNAs from 18006 genes. 
INFO  @ Wed, 22 Feb 2023 16:22:10: Permuting round 0 ... 
INFO  @ Wed, 22 Feb 2023 16:22:11: Thread 0 started. 
INFO  @ Wed, 22 Feb 2023 16:22:11: Thread 0: total 18006 instances. 
INFO  @ Wed, 22 Feb 2023 16:22:11: Thread 0: Calculating A1CF (1) ...  
INFO  @ Wed, 22 Feb 2023 16:22:18: Thread 0: Calculating ARNT2 (1001) ...  
INFO  @ Wed, 22 Feb 2023 16:22:25: Thread 0: Calculating C2orf44 (2001) ...  
INFO  @ Wed, 22 Feb 2023 16:22:32: Thread 0: Calculating CERS6 (3001) ...  
INFO  @ Wed, 22 Feb 2023 16:22:39: Thread 0: Calculating DBH (4001) ...  
INFO  @ Wed, 22 Feb 2023 16:22:46: Thread 0: Calculating ERCC6L2 (5001) ...  
INFO  @ Wed, 22 Feb 2023 16:22:53: Thread 0: Calculating GANC (6001) ...  
INFO  @ Wed, 22 Feb 2023 16:23:00: Thread 0: Calculating HMBS (7001) ...  
INFO  @ Wed, 22 Feb 2023 16:23:07: Thread 0: Calculating KIAA1147 (8001) ...  
INFO  @ Wed, 22 Feb 2023 16:23:15: Thread 0: Calculating MAGOH (9001) ...  
INFO  @ Wed, 22 Feb 2023 16:23:22: Thread 0: Calculating NANOS3 (10001) ...  
INFO  @ Wed, 22 Feb 2023 16:23:29: Thread 0: Calculating PAXIP1 (11001) ...  
INFO  @ Wed, 22 Feb 2023 16:23:36: Thread 0: Calculating PRG4 (12001) ...  
INFO  @ Wed, 22 Feb 2023 16:23:43: Thread 0: Calculating RNF151 (13001) ...  
INFO  @ Wed, 22 Feb 2023 16:23:50: Thread 0: Calculating SLC25A11 (14001) ...  
INFO  @ Wed, 22 Feb 2023 16:23:57: Thread 0: Calculating SUMO4 (15001) ...  
INFO  @ Wed, 22 Feb 2023 16:24:04: Thread 0: Calculating TNKS2 (16001) ...  
INFO  @ Wed, 22 Feb 2023 16:24:11: Thread 0: Calculating WDHD1 (17001) ...  
INFO  @ Wed, 22 Feb 2023 16:24:18: Thread 0: Calculating ZYG11A (18001) ...  
INFO  @ Wed, 22 Feb 2023 16:24:18: Thread 0 completed. 
INFO  @ Wed, 22 Feb 2023 16:24:18: All threads completed. 
INFO  @ Wed, 22 Feb 2023 16:24:22: Permuting round 1 ... 
INFO  @ Wed, 22 Feb 2023 16:24:23: Thread 0 started. 
INFO  @ Wed, 22 Feb 2023 16:24:23: Thread 0: total 18006 instances. 
INFO  @ Wed, 22 Feb 2023 16:24:23: Thread 0: Calculating A1CF (1) ...  
INFO  @ Wed, 22 Feb 2023 16:24:30: Thread 0: Calculating ARNT2 (1001) ...  
INFO  @ Wed, 22 Feb 2023 16:24:37: Thread 0: Calculating C2orf44 (2001) ...  
INFO  @ Wed, 22 Feb 2023 16:24:44: Thread 0: Calculating CERS6 (3001) ...  
INFO  @ Wed, 22 Feb 2023 16:24:52: Thread 0: Calculating DBH (4001) ...  
INFO  @ Wed, 22 Feb 2023 16:24:59: Thread 0: Calculating ERCC6L2 (5001) ...  
INFO  @ Wed, 22 Feb 2023 16:25:06: Thread 0: Calculating GANC (6001) ...  
INFO  @ Wed, 22 Feb 2023 16:25:13: Thread 0: Calculating HMBS (7001) ...  
INFO  @ Wed, 22 Feb 2023 16:25:20: Thread 0: Calculating KIAA1147 (8001) ...  
INFO  @ Wed, 22 Feb 2023 16:25:27: Thread 0: Calculating MAGOH (9001) ...  
INFO  @ Wed, 22 Feb 2023 16:25:35: Thread 0: Calculating NANOS3 (10001) ...  
INFO  @ Wed, 22 Feb 2023 16:25:42: Thread 0: Calculating PAXIP1 (11001) ...  
INFO  @ Wed, 22 Feb 2023 16:25:49: Thread 0: Calculating PRG4 (12001) ...  
INFO  @ Wed, 22 Feb 2023 16:25:56: Thread 0: Calculating RNF151 (13001) ...  
INFO  @ Wed, 22 Feb 2023 16:26:03: Thread 0: Calculating SLC25A11 (14001) ...  
INFO  @ Wed, 22 Feb 2023 16:26:10: Thread 0: Calculating SUMO4 (15001) ...  
INFO  @ Wed, 22 Feb 2023 16:26:17: Thread 0: Calculating TNKS2 (16001) ...  
INFO  @ Wed, 22 Feb 2023 16:26:24: Thread 0: Calculating WDHD1 (17001) ...  
INFO  @ Wed, 22 Feb 2023 16:26:31: Thread 0: Calculating ZYG11A (18001) ...  
INFO  @ Wed, 22 Feb 2023 16:26:32: Thread 0 completed. 
INFO  @ Wed, 22 Feb 2023 16:26:32: All threads completed. 
INFO  @ Wed, 22 Feb 2023 16:26:36: Assigning p values... 
INFO  @ Wed, 22 Feb 2023 16:26:36: Permuting groups of gene with 23 sgRNAs per gene. Group progress: 21/22 
INFO  @ Wed, 22 Feb 2023 16:26:36: Start permuting 2 rounds ... 
INFO  @ Wed, 22 Feb 2023 16:26:36: Collecting 90025 sgRNAs from 18006 genes. 
INFO  @ Wed, 22 Feb 2023 16:26:37: Permuting round 0 ... 
INFO  @ Wed, 22 Feb 2023 16:26:38: Thread 0 started. 
INFO  @ Wed, 22 Feb 2023 16:26:38: Thread 0: total 18006 instances. 
INFO  @ Wed, 22 Feb 2023 16:26:38: Thread 0: Calculating A1CF (1) ...  
INFO  @ Wed, 22 Feb 2023 16:26:45: Thread 0: Calculating ARNT2 (1001) ...  
INFO  @ Wed, 22 Feb 2023 16:26:52: Thread 0: Calculating C2orf44 (2001) ...  
INFO  @ Wed, 22 Feb 2023 16:26:59: Thread 0: Calculating CERS6 (3001) ...  
INFO  @ Wed, 22 Feb 2023 16:27:07: Thread 0: Calculating DBH (4001) ...  
INFO  @ Wed, 22 Feb 2023 16:27:14: Thread 0: Calculating ERCC6L2 (5001) ...  
INFO  @ Wed, 22 Feb 2023 16:27:21: Thread 0: Calculating GANC (6001) ...  
INFO  @ Wed, 22 Feb 2023 16:27:28: Thread 0: Calculating HMBS (7001) ...  
INFO  @ Wed, 22 Feb 2023 16:27:35: Thread 0: Calculating KIAA1147 (8001) ...  
INFO  @ Wed, 22 Feb 2023 16:27:42: Thread 0: Calculating MAGOH (9001) ...  
INFO  @ Wed, 22 Feb 2023 16:27:50: Thread 0: Calculating NANOS3 (10001) ...  
INFO  @ Wed, 22 Feb 2023 16:27:57: Thread 0: Calculating PAXIP1 (11001) ...  
INFO  @ Wed, 22 Feb 2023 16:28:04: Thread 0: Calculating PRG4 (12001) ...  
INFO  @ Wed, 22 Feb 2023 16:28:11: Thread 0: Calculating RNF151 (13001) ...  
INFO  @ Wed, 22 Feb 2023 16:28:18: Thread 0: Calculating SLC25A11 (14001) ...  
INFO  @ Wed, 22 Feb 2023 16:28:25: Thread 0: Calculating SUMO4 (15001) ...  
INFO  @ Wed, 22 Feb 2023 16:28:33: Thread 0: Calculating TNKS2 (16001) ...  
INFO  @ Wed, 22 Feb 2023 16:28:40: Thread 0: Calculating WDHD1 (17001) ...  
INFO  @ Wed, 22 Feb 2023 16:28:47: Thread 0: Calculating ZYG11A (18001) ...  
INFO  @ Wed, 22 Feb 2023 16:28:47: Thread 0 completed. 
INFO  @ Wed, 22 Feb 2023 16:28:47: All threads completed. 
INFO  @ Wed, 22 Feb 2023 16:28:51: Permuting round 1 ... 
INFO  @ Wed, 22 Feb 2023 16:28:52: Thread 0 started. 
INFO  @ Wed, 22 Feb 2023 16:28:52: Thread 0: total 18006 instances. 
INFO  @ Wed, 22 Feb 2023 16:28:52: Thread 0: Calculating A1CF (1) ...  
INFO  @ Wed, 22 Feb 2023 16:28:59: Thread 0: Calculating ARNT2 (1001) ...  
INFO  @ Wed, 22 Feb 2023 16:29:06: Thread 0: Calculating C2orf44 (2001) ...  
INFO  @ Wed, 22 Feb 2023 16:29:14: Thread 0: Calculating CERS6 (3001) ...  
INFO  @ Wed, 22 Feb 2023 16:29:21: Thread 0: Calculating DBH (4001) ...  
INFO  @ Wed, 22 Feb 2023 16:29:28: Thread 0: Calculating ERCC6L2 (5001) ...  
INFO  @ Wed, 22 Feb 2023 16:29:35: Thread 0: Calculating GANC (6001) ...  
INFO  @ Wed, 22 Feb 2023 16:29:43: Thread 0: Calculating HMBS (7001) ...  
INFO  @ Wed, 22 Feb 2023 16:29:50: Thread 0: Calculating KIAA1147 (8001) ...  
INFO  @ Wed, 22 Feb 2023 16:29:57: Thread 0: Calculating MAGOH (9001) ...  
INFO  @ Wed, 22 Feb 2023 16:30:04: Thread 0: Calculating NANOS3 (10001) ...  
INFO  @ Wed, 22 Feb 2023 16:30:12: Thread 0: Calculating PAXIP1 (11001) ...  
INFO  @ Wed, 22 Feb 2023 16:30:19: Thread 0: Calculating PRG4 (12001) ...  
INFO  @ Wed, 22 Feb 2023 16:30:26: Thread 0: Calculating RNF151 (13001) ...  
INFO  @ Wed, 22 Feb 2023 16:30:33: Thread 0: Calculating SLC25A11 (14001) ...  
INFO  @ Wed, 22 Feb 2023 16:30:41: Thread 0: Calculating SUMO4 (15001) ...  
INFO  @ Wed, 22 Feb 2023 16:30:48: Thread 0: Calculating TNKS2 (16001) ...  
INFO  @ Wed, 22 Feb 2023 16:30:55: Thread 0: Calculating WDHD1 (17001) ...  
INFO  @ Wed, 22 Feb 2023 16:31:03: Thread 0: Calculating ZYG11A (18001) ...  
INFO  @ Wed, 22 Feb 2023 16:31:03: Thread 0 completed. 
INFO  @ Wed, 22 Feb 2023 16:31:03: All threads completed. 
INFO  @ Wed, 22 Feb 2023 16:31:07: Assigning p values... 
INFO  @ Wed, 22 Feb 2023 16:31:07: Permuting groups of gene with 26 sgRNAs per gene. Group progress: 22/22 
INFO  @ Wed, 22 Feb 2023 16:31:07: Start permuting 2 rounds ... 
INFO  @ Wed, 22 Feb 2023 16:31:07: Collecting 90025 sgRNAs from 18006 genes. 
INFO  @ Wed, 22 Feb 2023 16:31:08: Permuting round 0 ... 
INFO  @ Wed, 22 Feb 2023 16:31:09: Thread 0 started. 
INFO  @ Wed, 22 Feb 2023 16:31:09: Thread 0: total 18006 instances. 
INFO  @ Wed, 22 Feb 2023 16:31:09: Thread 0: Calculating A1CF (1) ...  
INFO  @ Wed, 22 Feb 2023 16:31:18: Thread 0: Calculating ARNT2 (1001) ...  
INFO  @ Wed, 22 Feb 2023 16:31:26: Thread 0: Calculating C2orf44 (2001) ...  
INFO  @ Wed, 22 Feb 2023 16:31:34: Thread 0: Calculating CERS6 (3001) ...  
INFO  @ Wed, 22 Feb 2023 16:31:43: Thread 0: Calculating DBH (4001) ...  
INFO  @ Wed, 22 Feb 2023 16:31:51: Thread 0: Calculating ERCC6L2 (5001) ...  
INFO  @ Wed, 22 Feb 2023 16:31:59: Thread 0: Calculating GANC (6001) ...  
INFO  @ Wed, 22 Feb 2023 16:32:08: Thread 0: Calculating HMBS (7001) ...  
INFO  @ Wed, 22 Feb 2023 16:32:16: Thread 0: Calculating KIAA1147 (8001) ...  
INFO  @ Wed, 22 Feb 2023 16:32:24: Thread 0: Calculating MAGOH (9001) ...  
INFO  @ Wed, 22 Feb 2023 16:32:33: Thread 0: Calculating NANOS3 (10001) ...  
INFO  @ Wed, 22 Feb 2023 16:32:41: Thread 0: Calculating PAXIP1 (11001) ...  
INFO  @ Wed, 22 Feb 2023 16:32:50: Thread 0: Calculating PRG4 (12001) ...  
INFO  @ Wed, 22 Feb 2023 16:32:58: Thread 0: Calculating RNF151 (13001) ...  
INFO  @ Wed, 22 Feb 2023 16:33:06: Thread 0: Calculating SLC25A11 (14001) ...  
INFO  @ Wed, 22 Feb 2023 16:33:14: Thread 0: Calculating SUMO4 (15001) ...  
INFO  @ Wed, 22 Feb 2023 16:33:23: Thread 0: Calculating TNKS2 (16001) ...  
INFO  @ Wed, 22 Feb 2023 16:33:31: Thread 0: Calculating WDHD1 (17001) ...  
INFO  @ Wed, 22 Feb 2023 16:33:39: Thread 0: Calculating ZYG11A (18001) ...  
INFO  @ Wed, 22 Feb 2023 16:33:39: Thread 0 completed. 
INFO  @ Wed, 22 Feb 2023 16:33:39: All threads completed. 
INFO  @ Wed, 22 Feb 2023 16:33:43: Permuting round 1 ... 
INFO  @ Wed, 22 Feb 2023 16:33:44: Thread 0 started. 
INFO  @ Wed, 22 Feb 2023 16:33:44: Thread 0: total 18006 instances. 
INFO  @ Wed, 22 Feb 2023 16:33:44: Thread 0: Calculating A1CF (1) ...  
INFO  @ Wed, 22 Feb 2023 16:33:53: Thread 0: Calculating ARNT2 (1001) ...  
INFO  @ Wed, 22 Feb 2023 16:34:01: Thread 0: Calculating C2orf44 (2001) ...  
INFO  @ Wed, 22 Feb 2023 16:34:10: Thread 0: Calculating CERS6 (3001) ...  
INFO  @ Wed, 22 Feb 2023 16:34:18: Thread 0: Calculating DBH (4001) ...  
INFO  @ Wed, 22 Feb 2023 16:34:26: Thread 0: Calculating ERCC6L2 (5001) ...  
INFO  @ Wed, 22 Feb 2023 16:34:35: Thread 0: Calculating GANC (6001) ...  
INFO  @ Wed, 22 Feb 2023 16:34:43: Thread 0: Calculating HMBS (7001) ...  
INFO  @ Wed, 22 Feb 2023 16:34:51: Thread 0: Calculating KIAA1147 (8001) ...  
INFO  @ Wed, 22 Feb 2023 16:35:00: Thread 0: Calculating MAGOH (9001) ...  
INFO  @ Wed, 22 Feb 2023 16:35:08: Thread 0: Calculating NANOS3 (10001) ...  
INFO  @ Wed, 22 Feb 2023 16:35:17: Thread 0: Calculating PAXIP1 (11001) ...  
INFO  @ Wed, 22 Feb 2023 16:35:25: Thread 0: Calculating PRG4 (12001) ...  
INFO  @ Wed, 22 Feb 2023 16:35:34: Thread 0: Calculating RNF151 (13001) ...  
INFO  @ Wed, 22 Feb 2023 16:35:42: Thread 0: Calculating SLC25A11 (14001) ...  
INFO  @ Wed, 22 Feb 2023 16:35:51: Thread 0: Calculating SUMO4 (15001) ...  
INFO  @ Wed, 22 Feb 2023 16:35:59: Thread 0: Calculating TNKS2 (16001) ...  
INFO  @ Wed, 22 Feb 2023 16:36:07: Thread 0: Calculating WDHD1 (17001) ...  
INFO  @ Wed, 22 Feb 2023 16:36:16: Thread 0: Calculating ZYG11A (18001) ...  
INFO  @ Wed, 22 Feb 2023 16:36:16: Thread 0 completed. 
INFO  @ Wed, 22 Feb 2023 16:36:16: All threads completed. 
INFO  @ Wed, 22 Feb 2023 16:36:20: Assigning p values... 
INFO  @ Wed, 22 Feb 2023 16:36:21: Writing gene results to OMM1.gene_summary.txt 
INFO  @ Wed, 22 Feb 2023 16:36:21: Writing sgRNA results to OMM1.sgrna_summary.txt 
