INFO  @ Wed, 22 Feb 2023 16:33:02: Parameters: /home/alessandro.vinceti/miniconda3/envs/mageckenv/bin/mageck mle -k /group/iorio/Alessandro/David_Adams_analysis/results/Mel270/Mel270_count_norm.tsv -d /group/iorio/Alessandro/David_Adams_analysis/results/Mel270/design_matrix.tsv -n Mel270 
INFO  @ Wed, 22 Feb 2023 16:33:04: Cannot parse design matrix as a string; try to parse it as a file name ... 
INFO  @ Wed, 22 Feb 2023 16:33:04: Design matrix: 
INFO  @ Wed, 22 Feb 2023 16:33:04: [[1. 0.] 
INFO  @ Wed, 22 Feb 2023 16:33:04:  [1. 1.] 
INFO  @ Wed, 22 Feb 2023 16:33:04:  [1. 1.] 
INFO  @ Wed, 22 Feb 2023 16:33:04:  [1. 1.]] 
INFO  @ Wed, 22 Feb 2023 16:33:04: Beta labels:baseline,Mel270 
INFO  @ Wed, 22 Feb 2023 16:33:04: Included samples:Plasmid,Mel270_c909R1,Mel270_c909R2,Mel270_c909R3 
INFO  @ Wed, 22 Feb 2023 16:33:04: Loaded samples:Plasmid;Mel270_c909R1;Mel270_c909R2;Mel270_c909R3 
INFO  @ Wed, 22 Feb 2023 16:33:04: Sample index: 0;1;2;3 
INFO  @ Wed, 22 Feb 2023 16:33:04: Loaded 18006 genes. 
DEBUG @ Wed, 22 Feb 2023 16:33:04: Initial (total) size factor: 0.9999999999999877 1.0000000000000262 0.9999999999999961 0.9999999999999897 
DEBUG @ Wed, 22 Feb 2023 16:33:05: Median factor: 1.0057663283555074 1.008302409740166 1.01994980446964 1.0094710021837596 
INFO  @ Wed, 22 Feb 2023 16:33:05: Final size factor: 1.0057663283555074 1.008302409740166 1.01994980446964 1.0094710021837596 
INFO  @ Wed, 22 Feb 2023 16:33:05: size factor: 0.9942667315529088,0.9917659526943851,0.9804404056138688,0.990617856121403 
INFO  @ Wed, 22 Feb 2023 16:33:05: Thread 0 started. 
INFO  @ Wed, 22 Feb 2023 16:33:05: Thread 0: total 1 instances. 
INFO  @ Wed, 22 Feb 2023 16:33:05: Thread 0 completed. 
INFO  @ Wed, 22 Feb 2023 16:33:05: All threads completed. 
INFO  @ Wed, 22 Feb 2023 16:33:05: Modeling the mean and variance ... 
INFO  @ Wed, 22 Feb 2023 16:33:05: Run the algorithm for the second time ... 
INFO  @ Wed, 22 Feb 2023 16:33:05: Thread 0 started. 
INFO  @ Wed, 22 Feb 2023 16:33:05: Thread 0: total 18006 instances. 
INFO  @ Wed, 22 Feb 2023 16:33:05: Thread 0: Calculating A1CF (1) ...  
INFO  @ Wed, 22 Feb 2023 16:33:08: Thread 0: Calculating ARNT2 (1001) ...  
INFO  @ Wed, 22 Feb 2023 16:33:12: Thread 0: Calculating C2orf44 (2001) ...  
INFO  @ Wed, 22 Feb 2023 16:33:15: Thread 0: Calculating CERS6 (3001) ...  
INFO  @ Wed, 22 Feb 2023 16:33:19: Thread 0: Calculating DBH (4001) ...  
INFO  @ Wed, 22 Feb 2023 16:33:23: Thread 0: Calculating ERCC6L2 (5001) ...  
INFO  @ Wed, 22 Feb 2023 16:33:26: Thread 0: Calculating GANC (6001) ...  
INFO  @ Wed, 22 Feb 2023 16:33:30: Thread 0: Calculating HMBS (7001) ...  
INFO  @ Wed, 22 Feb 2023 16:33:33: Thread 0: Calculating KIAA1147 (8001) ...  
INFO  @ Wed, 22 Feb 2023 16:33:37: Thread 0: Calculating MAGOH (9001) ...  
INFO  @ Wed, 22 Feb 2023 16:33:40: Thread 0: Calculating NANOS3 (10001) ...  
INFO  @ Wed, 22 Feb 2023 16:33:44: Thread 0: Calculating PAXIP1 (11001) ...  
INFO  @ Wed, 22 Feb 2023 16:33:48: Thread 0: Calculating PRG4 (12001) ...  
INFO  @ Wed, 22 Feb 2023 16:33:51: Thread 0: Calculating RNF151 (13001) ...  
INFO  @ Wed, 22 Feb 2023 16:33:55: Thread 0: Calculating SLC25A11 (14001) ...  
INFO  @ Wed, 22 Feb 2023 16:33:58: Thread 0: Calculating SUMO4 (15001) ...  
INFO  @ Wed, 22 Feb 2023 16:34:02: Thread 0: Calculating TNKS2 (16001) ...  
INFO  @ Wed, 22 Feb 2023 16:34:05: Thread 0: Calculating WDHD1 (17001) ...  
INFO  @ Wed, 22 Feb 2023 16:34:09: Thread 0: Calculating ZYG11A (18001) ...  
INFO  @ Wed, 22 Feb 2023 16:34:09: Thread 0 completed. 
INFO  @ Wed, 22 Feb 2023 16:34:09: All threads completed. 
INFO  @ Wed, 22 Feb 2023 16:34:11: Permuting groups of gene with 1 sgRNAs per gene. Group progress: 1/22 
INFO  @ Wed, 22 Feb 2023 16:34:11: Start permuting 2 rounds ... 
INFO  @ Wed, 22 Feb 2023 16:34:12: Collecting 90025 sgRNAs from 18006 genes. 
INFO  @ Wed, 22 Feb 2023 16:34:13: Permuting round 0 ... 
INFO  @ Wed, 22 Feb 2023 16:34:13: Thread 0 started. 
INFO  @ Wed, 22 Feb 2023 16:34:13: Thread 0: total 18006 instances. 
INFO  @ Wed, 22 Feb 2023 16:34:13: Thread 0: Calculating A1CF (1) ...  
INFO  @ Wed, 22 Feb 2023 16:34:15: Thread 0: Calculating ARNT2 (1001) ...  
INFO  @ Wed, 22 Feb 2023 16:34:17: Thread 0: Calculating C2orf44 (2001) ...  
INFO  @ Wed, 22 Feb 2023 16:34:19: Thread 0: Calculating CERS6 (3001) ...  
INFO  @ Wed, 22 Feb 2023 16:34:22: Thread 0: Calculating DBH (4001) ...  
INFO  @ Wed, 22 Feb 2023 16:34:24: Thread 0: Calculating ERCC6L2 (5001) ...  
INFO  @ Wed, 22 Feb 2023 16:34:26: Thread 0: Calculating GANC (6001) ...  
INFO  @ Wed, 22 Feb 2023 16:34:28: Thread 0: Calculating HMBS (7001) ...  
INFO  @ Wed, 22 Feb 2023 16:34:30: Thread 0: Calculating KIAA1147 (8001) ...  
INFO  @ Wed, 22 Feb 2023 16:34:32: Thread 0: Calculating MAGOH (9001) ...  
INFO  @ Wed, 22 Feb 2023 16:34:34: Thread 0: Calculating NANOS3 (10001) ...  
INFO  @ Wed, 22 Feb 2023 16:34:36: Thread 0: Calculating PAXIP1 (11001) ...  
INFO  @ Wed, 22 Feb 2023 16:34:38: Thread 0: Calculating PRG4 (12001) ...  
INFO  @ Wed, 22 Feb 2023 16:34:40: Thread 0: Calculating RNF151 (13001) ...  
INFO  @ Wed, 22 Feb 2023 16:34:42: Thread 0: Calculating SLC25A11 (14001) ...  
INFO  @ Wed, 22 Feb 2023 16:34:45: Thread 0: Calculating SUMO4 (15001) ...  
INFO  @ Wed, 22 Feb 2023 16:34:47: Thread 0: Calculating TNKS2 (16001) ...  
INFO  @ Wed, 22 Feb 2023 16:34:49: Thread 0: Calculating WDHD1 (17001) ...  
INFO  @ Wed, 22 Feb 2023 16:34:51: Thread 0: Calculating ZYG11A (18001) ...  
INFO  @ Wed, 22 Feb 2023 16:34:51: Thread 0 completed. 
INFO  @ Wed, 22 Feb 2023 16:34:51: All threads completed. 
INFO  @ Wed, 22 Feb 2023 16:34:54: Permuting round 1 ... 
INFO  @ Wed, 22 Feb 2023 16:34:54: Thread 0 started. 
INFO  @ Wed, 22 Feb 2023 16:34:54: Thread 0: total 18006 instances. 
INFO  @ Wed, 22 Feb 2023 16:34:54: Thread 0: Calculating A1CF (1) ...  
INFO  @ Wed, 22 Feb 2023 16:34:56: Thread 0: Calculating ARNT2 (1001) ...  
INFO  @ Wed, 22 Feb 2023 16:34:58: Thread 0: Calculating C2orf44 (2001) ...  
INFO  @ Wed, 22 Feb 2023 16:35:00: Thread 0: Calculating CERS6 (3001) ...  
INFO  @ Wed, 22 Feb 2023 16:35:03: Thread 0: Calculating DBH (4001) ...  
INFO  @ Wed, 22 Feb 2023 16:35:05: Thread 0: Calculating ERCC6L2 (5001) ...  
INFO  @ Wed, 22 Feb 2023 16:35:07: Thread 0: Calculating GANC (6001) ...  
INFO  @ Wed, 22 Feb 2023 16:35:09: Thread 0: Calculating HMBS (7001) ...  
INFO  @ Wed, 22 Feb 2023 16:35:11: Thread 0: Calculating KIAA1147 (8001) ...  
INFO  @ Wed, 22 Feb 2023 16:35:13: Thread 0: Calculating MAGOH (9001) ...  
INFO  @ Wed, 22 Feb 2023 16:35:15: Thread 0: Calculating NANOS3 (10001) ...  
INFO  @ Wed, 22 Feb 2023 16:35:17: Thread 0: Calculating PAXIP1 (11001) ...  
INFO  @ Wed, 22 Feb 2023 16:35:19: Thread 0: Calculating PRG4 (12001) ...  
INFO  @ Wed, 22 Feb 2023 16:35:22: Thread 0: Calculating RNF151 (13001) ...  
INFO  @ Wed, 22 Feb 2023 16:35:24: Thread 0: Calculating SLC25A11 (14001) ...  
INFO  @ Wed, 22 Feb 2023 16:35:26: Thread 0: Calculating SUMO4 (15001) ...  
INFO  @ Wed, 22 Feb 2023 16:35:28: Thread 0: Calculating TNKS2 (16001) ...  
INFO  @ Wed, 22 Feb 2023 16:35:30: Thread 0: Calculating WDHD1 (17001) ...  
INFO  @ Wed, 22 Feb 2023 16:35:32: Thread 0: Calculating ZYG11A (18001) ...  
INFO  @ Wed, 22 Feb 2023 16:35:32: Thread 0 completed. 
INFO  @ Wed, 22 Feb 2023 16:35:32: All threads completed. 
INFO  @ Wed, 22 Feb 2023 16:35:35: Assigning p values... 
INFO  @ Wed, 22 Feb 2023 16:35:35: Permuting groups of gene with 2 sgRNAs per gene. Group progress: 2/22 
INFO  @ Wed, 22 Feb 2023 16:35:35: Start permuting 2 rounds ... 
INFO  @ Wed, 22 Feb 2023 16:35:35: Collecting 90025 sgRNAs from 18006 genes. 
INFO  @ Wed, 22 Feb 2023 16:35:37: Permuting round 0 ... 
INFO  @ Wed, 22 Feb 2023 16:35:37: Thread 0 started. 
INFO  @ Wed, 22 Feb 2023 16:35:37: Thread 0: total 18006 instances. 
INFO  @ Wed, 22 Feb 2023 16:35:37: Thread 0: Calculating A1CF (1) ...  
INFO  @ Wed, 22 Feb 2023 16:35:40: Thread 0: Calculating ARNT2 (1001) ...  
INFO  @ Wed, 22 Feb 2023 16:35:42: Thread 0: Calculating C2orf44 (2001) ...  
INFO  @ Wed, 22 Feb 2023 16:35:45: Thread 0: Calculating CERS6 (3001) ...  
INFO  @ Wed, 22 Feb 2023 16:35:48: Thread 0: Calculating DBH (4001) ...  
INFO  @ Wed, 22 Feb 2023 16:35:51: Thread 0: Calculating ERCC6L2 (5001) ...  
INFO  @ Wed, 22 Feb 2023 16:35:54: Thread 0: Calculating GANC (6001) ...  
INFO  @ Wed, 22 Feb 2023 16:35:57: Thread 0: Calculating HMBS (7001) ...  
INFO  @ Wed, 22 Feb 2023 16:35:59: Thread 0: Calculating KIAA1147 (8001) ...  
INFO  @ Wed, 22 Feb 2023 16:36:02: Thread 0: Calculating MAGOH (9001) ...  
INFO  @ Wed, 22 Feb 2023 16:36:05: Thread 0: Calculating NANOS3 (10001) ...  
INFO  @ Wed, 22 Feb 2023 16:36:08: Thread 0: Calculating PAXIP1 (11001) ...  
INFO  @ Wed, 22 Feb 2023 16:36:11: Thread 0: Calculating PRG4 (12001) ...  
INFO  @ Wed, 22 Feb 2023 16:36:13: Thread 0: Calculating RNF151 (13001) ...  
INFO  @ Wed, 22 Feb 2023 16:36:17: Thread 0: Calculating SLC25A11 (14001) ...  
INFO  @ Wed, 22 Feb 2023 16:36:19: Thread 0: Calculating SUMO4 (15001) ...  
INFO  @ Wed, 22 Feb 2023 16:36:22: Thread 0: Calculating TNKS2 (16001) ...  
INFO  @ Wed, 22 Feb 2023 16:36:25: Thread 0: Calculating WDHD1 (17001) ...  
INFO  @ Wed, 22 Feb 2023 16:36:28: Thread 0: Calculating ZYG11A (18001) ...  
INFO  @ Wed, 22 Feb 2023 16:36:28: Thread 0 completed. 
INFO  @ Wed, 22 Feb 2023 16:36:28: All threads completed. 
INFO  @ Wed, 22 Feb 2023 16:36:30: Permuting round 1 ... 
INFO  @ Wed, 22 Feb 2023 16:36:31: Thread 0 started. 
INFO  @ Wed, 22 Feb 2023 16:36:31: Thread 0: total 18006 instances. 
INFO  @ Wed, 22 Feb 2023 16:36:31: Thread 0: Calculating A1CF (1) ...  
INFO  @ Wed, 22 Feb 2023 16:36:34: Thread 0: Calculating ARNT2 (1001) ...  
INFO  @ Wed, 22 Feb 2023 16:36:36: Thread 0: Calculating C2orf44 (2001) ...  
INFO  @ Wed, 22 Feb 2023 16:36:39: Thread 0: Calculating CERS6 (3001) ...  
INFO  @ Wed, 22 Feb 2023 16:36:42: Thread 0: Calculating DBH (4001) ...  
INFO  @ Wed, 22 Feb 2023 16:36:45: Thread 0: Calculating ERCC6L2 (5001) ...  
INFO  @ Wed, 22 Feb 2023 16:36:48: Thread 0: Calculating GANC (6001) ...  
INFO  @ Wed, 22 Feb 2023 16:36:51: Thread 0: Calculating HMBS (7001) ...  
INFO  @ Wed, 22 Feb 2023 16:36:53: Thread 0: Calculating KIAA1147 (8001) ...  
INFO  @ Wed, 22 Feb 2023 16:36:56: Thread 0: Calculating MAGOH (9001) ...  
INFO  @ Wed, 22 Feb 2023 16:36:59: Thread 0: Calculating NANOS3 (10001) ...  
INFO  @ Wed, 22 Feb 2023 16:37:02: Thread 0: Calculating PAXIP1 (11001) ...  
INFO  @ Wed, 22 Feb 2023 16:37:05: Thread 0: Calculating PRG4 (12001) ...  
INFO  @ Wed, 22 Feb 2023 16:37:07: Thread 0: Calculating RNF151 (13001) ...  
INFO  @ Wed, 22 Feb 2023 16:37:10: Thread 0: Calculating SLC25A11 (14001) ...  
INFO  @ Wed, 22 Feb 2023 16:37:13: Thread 0: Calculating SUMO4 (15001) ...  
INFO  @ Wed, 22 Feb 2023 16:37:16: Thread 0: Calculating TNKS2 (16001) ...  
INFO  @ Wed, 22 Feb 2023 16:37:19: Thread 0: Calculating WDHD1 (17001) ...  
INFO  @ Wed, 22 Feb 2023 16:37:22: Thread 0: Calculating ZYG11A (18001) ...  
INFO  @ Wed, 22 Feb 2023 16:37:22: Thread 0 completed. 
INFO  @ Wed, 22 Feb 2023 16:37:22: All threads completed. 
INFO  @ Wed, 22 Feb 2023 16:37:24: Assigning p values... 
INFO  @ Wed, 22 Feb 2023 16:37:25: Permuting groups of gene with 3 sgRNAs per gene. Group progress: 3/22 
INFO  @ Wed, 22 Feb 2023 16:37:25: Start permuting 2 rounds ... 
INFO  @ Wed, 22 Feb 2023 16:37:25: Collecting 90025 sgRNAs from 18006 genes. 
INFO  @ Wed, 22 Feb 2023 16:37:26: Permuting round 0 ... 
INFO  @ Wed, 22 Feb 2023 16:37:26: Thread 0 started. 
INFO  @ Wed, 22 Feb 2023 16:37:26: Thread 0: total 18006 instances. 
INFO  @ Wed, 22 Feb 2023 16:37:26: Thread 0: Calculating A1CF (1) ...  
INFO  @ Wed, 22 Feb 2023 16:37:30: Thread 0: Calculating ARNT2 (1001) ...  
INFO  @ Wed, 22 Feb 2023 16:37:33: Thread 0: Calculating C2orf44 (2001) ...  
INFO  @ Wed, 22 Feb 2023 16:37:37: Thread 0: Calculating CERS6 (3001) ...  
INFO  @ Wed, 22 Feb 2023 16:37:40: Thread 0: Calculating DBH (4001) ...  
INFO  @ Wed, 22 Feb 2023 16:37:44: Thread 0: Calculating ERCC6L2 (5001) ...  
INFO  @ Wed, 22 Feb 2023 16:37:47: Thread 0: Calculating GANC (6001) ...  
INFO  @ Wed, 22 Feb 2023 16:37:51: Thread 0: Calculating HMBS (7001) ...  
INFO  @ Wed, 22 Feb 2023 16:37:55: Thread 0: Calculating KIAA1147 (8001) ...  
INFO  @ Wed, 22 Feb 2023 16:37:58: Thread 0: Calculating MAGOH (9001) ...  
INFO  @ Wed, 22 Feb 2023 16:38:02: Thread 0: Calculating NANOS3 (10001) ...  
INFO  @ Wed, 22 Feb 2023 16:38:05: Thread 0: Calculating PAXIP1 (11001) ...  
INFO  @ Wed, 22 Feb 2023 16:38:09: Thread 0: Calculating PRG4 (12001) ...  
INFO  @ Wed, 22 Feb 2023 16:38:12: Thread 0: Calculating RNF151 (13001) ...  
INFO  @ Wed, 22 Feb 2023 16:38:16: Thread 0: Calculating SLC25A11 (14001) ...  
INFO  @ Wed, 22 Feb 2023 16:38:20: Thread 0: Calculating SUMO4 (15001) ...  
INFO  @ Wed, 22 Feb 2023 16:38:23: Thread 0: Calculating TNKS2 (16001) ...  
INFO  @ Wed, 22 Feb 2023 16:38:27: Thread 0: Calculating WDHD1 (17001) ...  
INFO  @ Wed, 22 Feb 2023 16:38:30: Thread 0: Calculating ZYG11A (18001) ...  
INFO  @ Wed, 22 Feb 2023 16:38:30: Thread 0 completed. 
INFO  @ Wed, 22 Feb 2023 16:38:30: All threads completed. 
INFO  @ Wed, 22 Feb 2023 16:38:33: Permuting round 1 ... 
INFO  @ Wed, 22 Feb 2023 16:38:33: Thread 0 started. 
INFO  @ Wed, 22 Feb 2023 16:38:33: Thread 0: total 18006 instances. 
INFO  @ Wed, 22 Feb 2023 16:38:33: Thread 0: Calculating A1CF (1) ...  
INFO  @ Wed, 22 Feb 2023 16:38:37: Thread 0: Calculating ARNT2 (1001) ...  
INFO  @ Wed, 22 Feb 2023 16:38:40: Thread 0: Calculating C2orf44 (2001) ...  
INFO  @ Wed, 22 Feb 2023 16:38:44: Thread 0: Calculating CERS6 (3001) ...  
INFO  @ Wed, 22 Feb 2023 16:38:47: Thread 0: Calculating DBH (4001) ...  
INFO  @ Wed, 22 Feb 2023 16:38:51: Thread 0: Calculating ERCC6L2 (5001) ...  
INFO  @ Wed, 22 Feb 2023 16:38:55: Thread 0: Calculating GANC (6001) ...  
INFO  @ Wed, 22 Feb 2023 16:38:59: Thread 0: Calculating HMBS (7001) ...  
INFO  @ Wed, 22 Feb 2023 16:39:02: Thread 0: Calculating KIAA1147 (8001) ...  
INFO  @ Wed, 22 Feb 2023 16:39:06: Thread 0: Calculating MAGOH (9001) ...  
INFO  @ Wed, 22 Feb 2023 16:39:09: Thread 0: Calculating NANOS3 (10001) ...  
INFO  @ Wed, 22 Feb 2023 16:39:13: Thread 0: Calculating PAXIP1 (11001) ...  
INFO  @ Wed, 22 Feb 2023 16:39:16: Thread 0: Calculating PRG4 (12001) ...  
INFO  @ Wed, 22 Feb 2023 16:39:20: Thread 0: Calculating RNF151 (13001) ...  
INFO  @ Wed, 22 Feb 2023 16:39:24: Thread 0: Calculating SLC25A11 (14001) ...  
INFO  @ Wed, 22 Feb 2023 16:39:27: Thread 0: Calculating SUMO4 (15001) ...  
INFO  @ Wed, 22 Feb 2023 16:39:31: Thread 0: Calculating TNKS2 (16001) ...  
INFO  @ Wed, 22 Feb 2023 16:39:34: Thread 0: Calculating WDHD1 (17001) ...  
INFO  @ Wed, 22 Feb 2023 16:39:38: Thread 0: Calculating ZYG11A (18001) ...  
INFO  @ Wed, 22 Feb 2023 16:39:38: Thread 0 completed. 
INFO  @ Wed, 22 Feb 2023 16:39:38: All threads completed. 
INFO  @ Wed, 22 Feb 2023 16:39:41: Assigning p values... 
INFO  @ Wed, 22 Feb 2023 16:39:41: Permuting groups of gene with 4 sgRNAs per gene. Group progress: 4/22 
INFO  @ Wed, 22 Feb 2023 16:39:41: Start permuting 2 rounds ... 
INFO  @ Wed, 22 Feb 2023 16:39:41: Collecting 90025 sgRNAs from 18006 genes. 
INFO  @ Wed, 22 Feb 2023 16:39:42: Permuting round 0 ... 
INFO  @ Wed, 22 Feb 2023 16:39:42: Thread 0 started. 
INFO  @ Wed, 22 Feb 2023 16:39:42: Thread 0: total 18006 instances. 
INFO  @ Wed, 22 Feb 2023 16:39:42: Thread 0: Calculating A1CF (1) ...  
INFO  @ Wed, 22 Feb 2023 16:39:46: Thread 0: Calculating ARNT2 (1001) ...  
INFO  @ Wed, 22 Feb 2023 16:39:50: Thread 0: Calculating C2orf44 (2001) ...  
INFO  @ Wed, 22 Feb 2023 16:39:54: Thread 0: Calculating CERS6 (3001) ...  
INFO  @ Wed, 22 Feb 2023 16:39:58: Thread 0: Calculating DBH (4001) ...  
INFO  @ Wed, 22 Feb 2023 16:40:01: Thread 0: Calculating ERCC6L2 (5001) ...  
INFO  @ Wed, 22 Feb 2023 16:40:05: Thread 0: Calculating GANC (6001) ...  
INFO  @ Wed, 22 Feb 2023 16:40:09: Thread 0: Calculating HMBS (7001) ...  
INFO  @ Wed, 22 Feb 2023 16:40:13: Thread 0: Calculating KIAA1147 (8001) ...  
INFO  @ Wed, 22 Feb 2023 16:40:16: Thread 0: Calculating MAGOH (9001) ...  
INFO  @ Wed, 22 Feb 2023 16:40:20: Thread 0: Calculating NANOS3 (10001) ...  
INFO  @ Wed, 22 Feb 2023 16:40:24: Thread 0: Calculating PAXIP1 (11001) ...  
INFO  @ Wed, 22 Feb 2023 16:40:28: Thread 0: Calculating PRG4 (12001) ...  
INFO  @ Wed, 22 Feb 2023 16:40:32: Thread 0: Calculating RNF151 (13001) ...  
INFO  @ Wed, 22 Feb 2023 16:40:36: Thread 0: Calculating SLC25A11 (14001) ...  
INFO  @ Wed, 22 Feb 2023 16:40:39: Thread 0: Calculating SUMO4 (15001) ...  
INFO  @ Wed, 22 Feb 2023 16:40:43: Thread 0: Calculating TNKS2 (16001) ...  
INFO  @ Wed, 22 Feb 2023 16:40:47: Thread 0: Calculating WDHD1 (17001) ...  
INFO  @ Wed, 22 Feb 2023 16:40:51: Thread 0: Calculating ZYG11A (18001) ...  
INFO  @ Wed, 22 Feb 2023 16:40:51: Thread 0 completed. 
INFO  @ Wed, 22 Feb 2023 16:40:51: All threads completed. 
INFO  @ Wed, 22 Feb 2023 16:40:53: Permuting round 1 ... 
INFO  @ Wed, 22 Feb 2023 16:40:54: Thread 0 started. 
INFO  @ Wed, 22 Feb 2023 16:40:54: Thread 0: total 18006 instances. 
INFO  @ Wed, 22 Feb 2023 16:40:54: Thread 0: Calculating A1CF (1) ...  
INFO  @ Wed, 22 Feb 2023 16:40:58: Thread 0: Calculating ARNT2 (1001) ...  
INFO  @ Wed, 22 Feb 2023 16:41:01: Thread 0: Calculating C2orf44 (2001) ...  
INFO  @ Wed, 22 Feb 2023 16:41:05: Thread 0: Calculating CERS6 (3001) ...  
INFO  @ Wed, 22 Feb 2023 16:41:09: Thread 0: Calculating DBH (4001) ...  
INFO  @ Wed, 22 Feb 2023 16:41:13: Thread 0: Calculating ERCC6L2 (5001) ...  
INFO  @ Wed, 22 Feb 2023 16:41:17: Thread 0: Calculating GANC (6001) ...  
INFO  @ Wed, 22 Feb 2023 16:41:20: Thread 0: Calculating HMBS (7001) ...  
INFO  @ Wed, 22 Feb 2023 16:41:24: Thread 0: Calculating KIAA1147 (8001) ...  
INFO  @ Wed, 22 Feb 2023 16:41:28: Thread 0: Calculating MAGOH (9001) ...  
INFO  @ Wed, 22 Feb 2023 16:41:32: Thread 0: Calculating NANOS3 (10001) ...  
INFO  @ Wed, 22 Feb 2023 16:41:36: Thread 0: Calculating PAXIP1 (11001) ...  
INFO  @ Wed, 22 Feb 2023 16:41:40: Thread 0: Calculating PRG4 (12001) ...  
INFO  @ Wed, 22 Feb 2023 16:41:43: Thread 0: Calculating RNF151 (13001) ...  
INFO  @ Wed, 22 Feb 2023 16:41:47: Thread 0: Calculating SLC25A11 (14001) ...  
INFO  @ Wed, 22 Feb 2023 16:41:51: Thread 0: Calculating SUMO4 (15001) ...  
INFO  @ Wed, 22 Feb 2023 16:41:55: Thread 0: Calculating TNKS2 (16001) ...  
INFO  @ Wed, 22 Feb 2023 16:41:58: Thread 0: Calculating WDHD1 (17001) ...  
INFO  @ Wed, 22 Feb 2023 16:42:02: Thread 0: Calculating ZYG11A (18001) ...  
INFO  @ Wed, 22 Feb 2023 16:42:02: Thread 0 completed. 
INFO  @ Wed, 22 Feb 2023 16:42:02: All threads completed. 
INFO  @ Wed, 22 Feb 2023 16:42:05: Assigning p values... 
INFO  @ Wed, 22 Feb 2023 16:42:05: Permuting groups of gene with 5 sgRNAs per gene. Group progress: 5/22 
INFO  @ Wed, 22 Feb 2023 16:42:05: Start permuting 2 rounds ... 
INFO  @ Wed, 22 Feb 2023 16:42:06: Collecting 90025 sgRNAs from 18006 genes. 
INFO  @ Wed, 22 Feb 2023 16:42:06: Permuting round 0 ... 
INFO  @ Wed, 22 Feb 2023 16:42:07: Thread 0 started. 
INFO  @ Wed, 22 Feb 2023 16:42:07: Thread 0: total 18006 instances. 
INFO  @ Wed, 22 Feb 2023 16:42:07: Thread 0: Calculating A1CF (1) ...  
INFO  @ Wed, 22 Feb 2023 16:42:11: Thread 0: Calculating ARNT2 (1001) ...  
INFO  @ Wed, 22 Feb 2023 16:42:15: Thread 0: Calculating C2orf44 (2001) ...  
INFO  @ Wed, 22 Feb 2023 16:42:19: Thread 0: Calculating CERS6 (3001) ...  
INFO  @ Wed, 22 Feb 2023 16:42:23: Thread 0: Calculating DBH (4001) ...  
INFO  @ Wed, 22 Feb 2023 16:42:27: Thread 0: Calculating ERCC6L2 (5001) ...  
INFO  @ Wed, 22 Feb 2023 16:42:31: Thread 0: Calculating GANC (6001) ...  
INFO  @ Wed, 22 Feb 2023 16:42:35: Thread 0: Calculating HMBS (7001) ...  
INFO  @ Wed, 22 Feb 2023 16:42:39: Thread 0: Calculating KIAA1147 (8001) ...  
INFO  @ Wed, 22 Feb 2023 16:42:42: Thread 0: Calculating MAGOH (9001) ...  
INFO  @ Wed, 22 Feb 2023 16:42:46: Thread 0: Calculating NANOS3 (10001) ...  
INFO  @ Wed, 22 Feb 2023 16:42:50: Thread 0: Calculating PAXIP1 (11001) ...  
INFO  @ Wed, 22 Feb 2023 16:42:54: Thread 0: Calculating PRG4 (12001) ...  
INFO  @ Wed, 22 Feb 2023 16:42:58: Thread 0: Calculating RNF151 (13001) ...  
INFO  @ Wed, 22 Feb 2023 16:43:02: Thread 0: Calculating SLC25A11 (14001) ...  
INFO  @ Wed, 22 Feb 2023 16:43:06: Thread 0: Calculating SUMO4 (15001) ...  
INFO  @ Wed, 22 Feb 2023 16:43:10: Thread 0: Calculating TNKS2 (16001) ...  
INFO  @ Wed, 22 Feb 2023 16:43:14: Thread 0: Calculating WDHD1 (17001) ...  
INFO  @ Wed, 22 Feb 2023 16:43:18: Thread 0: Calculating ZYG11A (18001) ...  
INFO  @ Wed, 22 Feb 2023 16:43:18: Thread 0 completed. 
INFO  @ Wed, 22 Feb 2023 16:43:18: All threads completed. 
INFO  @ Wed, 22 Feb 2023 16:43:20: Permuting round 1 ... 
INFO  @ Wed, 22 Feb 2023 16:43:21: Thread 0 started. 
INFO  @ Wed, 22 Feb 2023 16:43:21: Thread 0: total 18006 instances. 
INFO  @ Wed, 22 Feb 2023 16:43:21: Thread 0: Calculating A1CF (1) ...  
INFO  @ Wed, 22 Feb 2023 16:43:25: Thread 0: Calculating ARNT2 (1001) ...  
INFO  @ Wed, 22 Feb 2023 16:43:29: Thread 0: Calculating C2orf44 (2001) ...  
INFO  @ Wed, 22 Feb 2023 16:43:33: Thread 0: Calculating CERS6 (3001) ...  
INFO  @ Wed, 22 Feb 2023 16:43:37: Thread 0: Calculating DBH (4001) ...  
INFO  @ Wed, 22 Feb 2023 16:43:41: Thread 0: Calculating ERCC6L2 (5001) ...  
INFO  @ Wed, 22 Feb 2023 16:43:45: Thread 0: Calculating GANC (6001) ...  
INFO  @ Wed, 22 Feb 2023 16:43:49: Thread 0: Calculating HMBS (7001) ...  
INFO  @ Wed, 22 Feb 2023 16:43:53: Thread 0: Calculating KIAA1147 (8001) ...  
INFO  @ Wed, 22 Feb 2023 16:43:57: Thread 0: Calculating MAGOH (9001) ...  
INFO  @ Wed, 22 Feb 2023 16:44:00: Thread 0: Calculating NANOS3 (10001) ...  
INFO  @ Wed, 22 Feb 2023 16:44:04: Thread 0: Calculating PAXIP1 (11001) ...  
INFO  @ Wed, 22 Feb 2023 16:44:08: Thread 0: Calculating PRG4 (12001) ...  
INFO  @ Wed, 22 Feb 2023 16:44:12: Thread 0: Calculating RNF151 (13001) ...  
INFO  @ Wed, 22 Feb 2023 16:44:16: Thread 0: Calculating SLC25A11 (14001) ...  
INFO  @ Wed, 22 Feb 2023 16:44:20: Thread 0: Calculating SUMO4 (15001) ...  
INFO  @ Wed, 22 Feb 2023 16:44:24: Thread 0: Calculating TNKS2 (16001) ...  
INFO  @ Wed, 22 Feb 2023 16:44:28: Thread 0: Calculating WDHD1 (17001) ...  
INFO  @ Wed, 22 Feb 2023 16:44:32: Thread 0: Calculating ZYG11A (18001) ...  
INFO  @ Wed, 22 Feb 2023 16:44:32: Thread 0 completed. 
INFO  @ Wed, 22 Feb 2023 16:44:32: All threads completed. 
INFO  @ Wed, 22 Feb 2023 16:44:35: Assigning p values... 
INFO  @ Wed, 22 Feb 2023 16:44:36: Permuting groups of gene with 6 sgRNAs per gene. Group progress: 6/22 
INFO  @ Wed, 22 Feb 2023 16:44:36: Start permuting 2 rounds ... 
INFO  @ Wed, 22 Feb 2023 16:44:36: Collecting 90025 sgRNAs from 18006 genes. 
INFO  @ Wed, 22 Feb 2023 16:44:38: Permuting round 0 ... 
INFO  @ Wed, 22 Feb 2023 16:44:38: Thread 0 started. 
INFO  @ Wed, 22 Feb 2023 16:44:38: Thread 0: total 18006 instances. 
INFO  @ Wed, 22 Feb 2023 16:44:38: Thread 0: Calculating A1CF (1) ...  
INFO  @ Wed, 22 Feb 2023 16:44:42: Thread 0: Calculating ARNT2 (1001) ...  
INFO  @ Wed, 22 Feb 2023 16:44:46: Thread 0: Calculating C2orf44 (2001) ...  
INFO  @ Wed, 22 Feb 2023 16:44:50: Thread 0: Calculating CERS6 (3001) ...  
INFO  @ Wed, 22 Feb 2023 16:44:54: Thread 0: Calculating DBH (4001) ...  
INFO  @ Wed, 22 Feb 2023 16:44:58: Thread 0: Calculating ERCC6L2 (5001) ...  
INFO  @ Wed, 22 Feb 2023 16:45:03: Thread 0: Calculating GANC (6001) ...  
INFO  @ Wed, 22 Feb 2023 16:45:07: Thread 0: Calculating HMBS (7001) ...  
INFO  @ Wed, 22 Feb 2023 16:45:11: Thread 0: Calculating KIAA1147 (8001) ...  
INFO  @ Wed, 22 Feb 2023 16:45:15: Thread 0: Calculating MAGOH (9001) ...  
INFO  @ Wed, 22 Feb 2023 16:45:19: Thread 0: Calculating NANOS3 (10001) ...  
INFO  @ Wed, 22 Feb 2023 16:45:23: Thread 0: Calculating PAXIP1 (11001) ...  
INFO  @ Wed, 22 Feb 2023 16:45:27: Thread 0: Calculating PRG4 (12001) ...  
INFO  @ Wed, 22 Feb 2023 16:45:31: Thread 0: Calculating RNF151 (13001) ...  
INFO  @ Wed, 22 Feb 2023 16:45:36: Thread 0: Calculating SLC25A11 (14001) ...  
INFO  @ Wed, 22 Feb 2023 16:45:40: Thread 0: Calculating SUMO4 (15001) ...  
INFO  @ Wed, 22 Feb 2023 16:45:44: Thread 0: Calculating TNKS2 (16001) ...  
INFO  @ Wed, 22 Feb 2023 16:45:48: Thread 0: Calculating WDHD1 (17001) ...  
INFO  @ Wed, 22 Feb 2023 16:45:52: Thread 0: Calculating ZYG11A (18001) ...  
INFO  @ Wed, 22 Feb 2023 16:45:52: Thread 0 completed. 
INFO  @ Wed, 22 Feb 2023 16:45:52: All threads completed. 
INFO  @ Wed, 22 Feb 2023 16:45:55: Permuting round 1 ... 
INFO  @ Wed, 22 Feb 2023 16:45:55: Thread 0 started. 
INFO  @ Wed, 22 Feb 2023 16:45:55: Thread 0: total 18006 instances. 
INFO  @ Wed, 22 Feb 2023 16:45:55: Thread 0: Calculating A1CF (1) ...  
INFO  @ Wed, 22 Feb 2023 16:46:00: Thread 0: Calculating ARNT2 (1001) ...  
INFO  @ Wed, 22 Feb 2023 16:46:04: Thread 0: Calculating C2orf44 (2001) ...  
INFO  @ Wed, 22 Feb 2023 16:46:08: Thread 0: Calculating CERS6 (3001) ...  
INFO  @ Wed, 22 Feb 2023 16:46:12: Thread 0: Calculating DBH (4001) ...  
INFO  @ Wed, 22 Feb 2023 16:46:16: Thread 0: Calculating ERCC6L2 (5001) ...  
INFO  @ Wed, 22 Feb 2023 16:46:20: Thread 0: Calculating GANC (6001) ...  
INFO  @ Wed, 22 Feb 2023 16:46:24: Thread 0: Calculating HMBS (7001) ...  
INFO  @ Wed, 22 Feb 2023 16:46:28: Thread 0: Calculating KIAA1147 (8001) ...  
INFO  @ Wed, 22 Feb 2023 16:46:32: Thread 0: Calculating MAGOH (9001) ...  
INFO  @ Wed, 22 Feb 2023 16:46:37: Thread 0: Calculating NANOS3 (10001) ...  
INFO  @ Wed, 22 Feb 2023 16:46:41: Thread 0: Calculating PAXIP1 (11001) ...  
INFO  @ Wed, 22 Feb 2023 16:46:45: Thread 0: Calculating PRG4 (12001) ...  
INFO  @ Wed, 22 Feb 2023 16:46:49: Thread 0: Calculating RNF151 (13001) ...  
INFO  @ Wed, 22 Feb 2023 16:46:53: Thread 0: Calculating SLC25A11 (14001) ...  
INFO  @ Wed, 22 Feb 2023 16:46:57: Thread 0: Calculating SUMO4 (15001) ...  
INFO  @ Wed, 22 Feb 2023 16:47:02: Thread 0: Calculating TNKS2 (16001) ...  
INFO  @ Wed, 22 Feb 2023 16:47:06: Thread 0: Calculating WDHD1 (17001) ...  
INFO  @ Wed, 22 Feb 2023 16:47:10: Thread 0: Calculating ZYG11A (18001) ...  
INFO  @ Wed, 22 Feb 2023 16:47:10: Thread 0 completed. 
INFO  @ Wed, 22 Feb 2023 16:47:10: All threads completed. 
INFO  @ Wed, 22 Feb 2023 16:47:13: Assigning p values... 
INFO  @ Wed, 22 Feb 2023 16:47:14: Permuting groups of gene with 7 sgRNAs per gene. Group progress: 7/22 
INFO  @ Wed, 22 Feb 2023 16:47:14: Start permuting 2 rounds ... 
INFO  @ Wed, 22 Feb 2023 16:47:14: Collecting 90025 sgRNAs from 18006 genes. 
INFO  @ Wed, 22 Feb 2023 16:47:15: Permuting round 0 ... 
INFO  @ Wed, 22 Feb 2023 16:47:15: Thread 0 started. 
INFO  @ Wed, 22 Feb 2023 16:47:15: Thread 0: total 18006 instances. 
INFO  @ Wed, 22 Feb 2023 16:47:15: Thread 0: Calculating A1CF (1) ...  
INFO  @ Wed, 22 Feb 2023 16:47:20: Thread 0: Calculating ARNT2 (1001) ...  
INFO  @ Wed, 22 Feb 2023 16:47:24: Thread 0: Calculating C2orf44 (2001) ...  
INFO  @ Wed, 22 Feb 2023 16:47:28: Thread 0: Calculating CERS6 (3001) ...  
INFO  @ Wed, 22 Feb 2023 16:47:33: Thread 0: Calculating DBH (4001) ...  
INFO  @ Wed, 22 Feb 2023 16:47:37: Thread 0: Calculating ERCC6L2 (5001) ...  
INFO  @ Wed, 22 Feb 2023 16:47:41: Thread 0: Calculating GANC (6001) ...  
INFO  @ Wed, 22 Feb 2023 16:47:46: Thread 0: Calculating HMBS (7001) ...  
INFO  @ Wed, 22 Feb 2023 16:47:50: Thread 0: Calculating KIAA1147 (8001) ...  
INFO  @ Wed, 22 Feb 2023 16:47:55: Thread 0: Calculating MAGOH (9001) ...  
INFO  @ Wed, 22 Feb 2023 16:47:59: Thread 0: Calculating NANOS3 (10001) ...  
INFO  @ Wed, 22 Feb 2023 16:48:03: Thread 0: Calculating PAXIP1 (11001) ...  
INFO  @ Wed, 22 Feb 2023 16:48:07: Thread 0: Calculating PRG4 (12001) ...  
INFO  @ Wed, 22 Feb 2023 16:48:12: Thread 0: Calculating RNF151 (13001) ...  
INFO  @ Wed, 22 Feb 2023 16:48:16: Thread 0: Calculating SLC25A11 (14001) ...  
INFO  @ Wed, 22 Feb 2023 16:48:20: Thread 0: Calculating SUMO4 (15001) ...  
INFO  @ Wed, 22 Feb 2023 16:48:25: Thread 0: Calculating TNKS2 (16001) ...  
INFO  @ Wed, 22 Feb 2023 16:48:29: Thread 0: Calculating WDHD1 (17001) ...  
INFO  @ Wed, 22 Feb 2023 16:48:33: Thread 0: Calculating ZYG11A (18001) ...  
INFO  @ Wed, 22 Feb 2023 16:48:33: Thread 0 completed. 
INFO  @ Wed, 22 Feb 2023 16:48:33: All threads completed. 
INFO  @ Wed, 22 Feb 2023 16:48:36: Permuting round 1 ... 
INFO  @ Wed, 22 Feb 2023 16:48:37: Thread 0 started. 
INFO  @ Wed, 22 Feb 2023 16:48:37: Thread 0: total 18006 instances. 
INFO  @ Wed, 22 Feb 2023 16:48:37: Thread 0: Calculating A1CF (1) ...  
INFO  @ Wed, 22 Feb 2023 16:48:41: Thread 0: Calculating ARNT2 (1001) ...  
INFO  @ Wed, 22 Feb 2023 16:48:45: Thread 0: Calculating C2orf44 (2001) ...  
INFO  @ Wed, 22 Feb 2023 16:48:50: Thread 0: Calculating CERS6 (3001) ...  
INFO  @ Wed, 22 Feb 2023 16:48:54: Thread 0: Calculating DBH (4001) ...  
INFO  @ Wed, 22 Feb 2023 16:48:58: Thread 0: Calculating ERCC6L2 (5001) ...  
INFO  @ Wed, 22 Feb 2023 16:49:03: Thread 0: Calculating GANC (6001) ...  
INFO  @ Wed, 22 Feb 2023 16:49:07: Thread 0: Calculating HMBS (7001) ...  
INFO  @ Wed, 22 Feb 2023 16:49:11: Thread 0: Calculating KIAA1147 (8001) ...  
INFO  @ Wed, 22 Feb 2023 16:49:16: Thread 0: Calculating MAGOH (9001) ...  
INFO  @ Wed, 22 Feb 2023 16:49:20: Thread 0: Calculating NANOS3 (10001) ...  
INFO  @ Wed, 22 Feb 2023 16:49:24: Thread 0: Calculating PAXIP1 (11001) ...  
INFO  @ Wed, 22 Feb 2023 16:49:29: Thread 0: Calculating PRG4 (12001) ...  
INFO  @ Wed, 22 Feb 2023 16:49:33: Thread 0: Calculating RNF151 (13001) ...  
INFO  @ Wed, 22 Feb 2023 16:49:37: Thread 0: Calculating SLC25A11 (14001) ...  
INFO  @ Wed, 22 Feb 2023 16:49:42: Thread 0: Calculating SUMO4 (15001) ...  
INFO  @ Wed, 22 Feb 2023 16:49:46: Thread 0: Calculating TNKS2 (16001) ...  
INFO  @ Wed, 22 Feb 2023 16:49:50: Thread 0: Calculating WDHD1 (17001) ...  
INFO  @ Wed, 22 Feb 2023 16:49:55: Thread 0: Calculating ZYG11A (18001) ...  
INFO  @ Wed, 22 Feb 2023 16:49:55: Thread 0 completed. 
INFO  @ Wed, 22 Feb 2023 16:49:55: All threads completed. 
INFO  @ Wed, 22 Feb 2023 16:49:58: Assigning p values... 
INFO  @ Wed, 22 Feb 2023 16:49:58: Permuting groups of gene with 8 sgRNAs per gene. Group progress: 8/22 
INFO  @ Wed, 22 Feb 2023 16:49:58: Start permuting 2 rounds ... 
INFO  @ Wed, 22 Feb 2023 16:49:58: Collecting 90025 sgRNAs from 18006 genes. 
INFO  @ Wed, 22 Feb 2023 16:49:59: Permuting round 0 ... 
INFO  @ Wed, 22 Feb 2023 16:50:00: Thread 0 started. 
INFO  @ Wed, 22 Feb 2023 16:50:00: Thread 0: total 18006 instances. 
INFO  @ Wed, 22 Feb 2023 16:50:00: Thread 0: Calculating A1CF (1) ...  
INFO  @ Wed, 22 Feb 2023 16:50:04: Thread 0: Calculating ARNT2 (1001) ...  
INFO  @ Wed, 22 Feb 2023 16:50:09: Thread 0: Calculating C2orf44 (2001) ...  
INFO  @ Wed, 22 Feb 2023 16:50:13: Thread 0: Calculating CERS6 (3001) ...  
INFO  @ Wed, 22 Feb 2023 16:50:18: Thread 0: Calculating DBH (4001) ...  
INFO  @ Wed, 22 Feb 2023 16:50:22: Thread 0: Calculating ERCC6L2 (5001) ...  
INFO  @ Wed, 22 Feb 2023 16:50:26: Thread 0: Calculating GANC (6001) ...  
INFO  @ Wed, 22 Feb 2023 16:50:31: Thread 0: Calculating HMBS (7001) ...  
INFO  @ Wed, 22 Feb 2023 16:50:36: Thread 0: Calculating KIAA1147 (8001) ...  
INFO  @ Wed, 22 Feb 2023 16:50:40: Thread 0: Calculating MAGOH (9001) ...  
INFO  @ Wed, 22 Feb 2023 16:50:44: Thread 0: Calculating NANOS3 (10001) ...  
INFO  @ Wed, 22 Feb 2023 16:50:49: Thread 0: Calculating PAXIP1 (11001) ...  
INFO  @ Wed, 22 Feb 2023 16:50:53: Thread 0: Calculating PRG4 (12001) ...  
INFO  @ Wed, 22 Feb 2023 16:50:58: Thread 0: Calculating RNF151 (13001) ...  
INFO  @ Wed, 22 Feb 2023 16:51:02: Thread 0: Calculating SLC25A11 (14001) ...  
INFO  @ Wed, 22 Feb 2023 16:51:06: Thread 0: Calculating SUMO4 (15001) ...  
INFO  @ Wed, 22 Feb 2023 16:51:11: Thread 0: Calculating TNKS2 (16001) ...  
INFO  @ Wed, 22 Feb 2023 16:51:15: Thread 0: Calculating WDHD1 (17001) ...  
INFO  @ Wed, 22 Feb 2023 16:51:20: Thread 0: Calculating ZYG11A (18001) ...  
INFO  @ Wed, 22 Feb 2023 16:51:20: Thread 0 completed. 
INFO  @ Wed, 22 Feb 2023 16:51:20: All threads completed. 
INFO  @ Wed, 22 Feb 2023 16:51:23: Permuting round 1 ... 
INFO  @ Wed, 22 Feb 2023 16:51:23: Thread 0 started. 
INFO  @ Wed, 22 Feb 2023 16:51:23: Thread 0: total 18006 instances. 
INFO  @ Wed, 22 Feb 2023 16:51:23: Thread 0: Calculating A1CF (1) ...  
INFO  @ Wed, 22 Feb 2023 16:51:28: Thread 0: Calculating ARNT2 (1001) ...  
INFO  @ Wed, 22 Feb 2023 16:51:32: Thread 0: Calculating C2orf44 (2001) ...  
INFO  @ Wed, 22 Feb 2023 16:51:37: Thread 0: Calculating CERS6 (3001) ...  
INFO  @ Wed, 22 Feb 2023 16:51:41: Thread 0: Calculating DBH (4001) ...  
INFO  @ Wed, 22 Feb 2023 16:51:46: Thread 0: Calculating ERCC6L2 (5001) ...  
INFO  @ Wed, 22 Feb 2023 16:51:50: Thread 0: Calculating GANC (6001) ...  
INFO  @ Wed, 22 Feb 2023 16:51:54: Thread 0: Calculating HMBS (7001) ...  
INFO  @ Wed, 22 Feb 2023 16:51:59: Thread 0: Calculating KIAA1147 (8001) ...  
INFO  @ Wed, 22 Feb 2023 16:52:04: Thread 0: Calculating MAGOH (9001) ...  
INFO  @ Wed, 22 Feb 2023 16:52:08: Thread 0: Calculating NANOS3 (10001) ...  
INFO  @ Wed, 22 Feb 2023 16:52:13: Thread 0: Calculating PAXIP1 (11001) ...  
INFO  @ Wed, 22 Feb 2023 16:52:17: Thread 0: Calculating PRG4 (12001) ...  
INFO  @ Wed, 22 Feb 2023 16:52:21: Thread 0: Calculating RNF151 (13001) ...  
INFO  @ Wed, 22 Feb 2023 16:52:26: Thread 0: Calculating SLC25A11 (14001) ...  
INFO  @ Wed, 22 Feb 2023 16:52:30: Thread 0: Calculating SUMO4 (15001) ...  
INFO  @ Wed, 22 Feb 2023 16:52:35: Thread 0: Calculating TNKS2 (16001) ...  
INFO  @ Wed, 22 Feb 2023 16:52:39: Thread 0: Calculating WDHD1 (17001) ...  
INFO  @ Wed, 22 Feb 2023 16:52:44: Thread 0: Calculating ZYG11A (18001) ...  
INFO  @ Wed, 22 Feb 2023 16:52:44: Thread 0 completed. 
INFO  @ Wed, 22 Feb 2023 16:52:44: All threads completed. 
INFO  @ Wed, 22 Feb 2023 16:52:47: Assigning p values... 
INFO  @ Wed, 22 Feb 2023 16:52:47: Permuting groups of gene with 9 sgRNAs per gene. Group progress: 9/22 
INFO  @ Wed, 22 Feb 2023 16:52:47: Start permuting 2 rounds ... 
INFO  @ Wed, 22 Feb 2023 16:52:47: Collecting 90025 sgRNAs from 18006 genes. 
INFO  @ Wed, 22 Feb 2023 16:52:49: Permuting round 0 ... 
INFO  @ Wed, 22 Feb 2023 16:52:49: Thread 0 started. 
INFO  @ Wed, 22 Feb 2023 16:52:49: Thread 0: total 18006 instances. 
INFO  @ Wed, 22 Feb 2023 16:52:49: Thread 0: Calculating A1CF (1) ...  
INFO  @ Wed, 22 Feb 2023 16:52:54: Thread 0: Calculating ARNT2 (1001) ...  
INFO  @ Wed, 22 Feb 2023 16:52:58: Thread 0: Calculating C2orf44 (2001) ...  
INFO  @ Wed, 22 Feb 2023 16:53:03: Thread 0: Calculating CERS6 (3001) ...  
INFO  @ Wed, 22 Feb 2023 16:53:07: Thread 0: Calculating DBH (4001) ...  
INFO  @ Wed, 22 Feb 2023 16:53:12: Thread 0: Calculating ERCC6L2 (5001) ...  
INFO  @ Wed, 22 Feb 2023 16:53:17: Thread 0: Calculating GANC (6001) ...  
INFO  @ Wed, 22 Feb 2023 16:53:21: Thread 0: Calculating HMBS (7001) ...  
INFO  @ Wed, 22 Feb 2023 16:53:26: Thread 0: Calculating KIAA1147 (8001) ...  
INFO  @ Wed, 22 Feb 2023 16:53:30: Thread 0: Calculating MAGOH (9001) ...  
INFO  @ Wed, 22 Feb 2023 16:53:35: Thread 0: Calculating NANOS3 (10001) ...  
INFO  @ Wed, 22 Feb 2023 16:53:39: Thread 0: Calculating PAXIP1 (11001) ...  
INFO  @ Wed, 22 Feb 2023 16:53:44: Thread 0: Calculating PRG4 (12001) ...  
INFO  @ Wed, 22 Feb 2023 16:53:49: Thread 0: Calculating RNF151 (13001) ...  
INFO  @ Wed, 22 Feb 2023 16:53:53: Thread 0: Calculating SLC25A11 (14001) ...  
INFO  @ Wed, 22 Feb 2023 16:53:58: Thread 0: Calculating SUMO4 (15001) ...  
INFO  @ Wed, 22 Feb 2023 16:54:02: Thread 0: Calculating TNKS2 (16001) ...  
INFO  @ Wed, 22 Feb 2023 16:54:07: Thread 0: Calculating WDHD1 (17001) ...  
INFO  @ Wed, 22 Feb 2023 16:54:12: Thread 0: Calculating ZYG11A (18001) ...  
INFO  @ Wed, 22 Feb 2023 16:54:12: Thread 0 completed. 
INFO  @ Wed, 22 Feb 2023 16:54:12: All threads completed. 
INFO  @ Wed, 22 Feb 2023 16:54:15: Permuting round 1 ... 
INFO  @ Wed, 22 Feb 2023 16:54:15: Thread 0 started. 
INFO  @ Wed, 22 Feb 2023 16:54:15: Thread 0: total 18006 instances. 
INFO  @ Wed, 22 Feb 2023 16:54:15: Thread 0: Calculating A1CF (1) ...  
INFO  @ Wed, 22 Feb 2023 16:54:20: Thread 0: Calculating ARNT2 (1001) ...  
INFO  @ Wed, 22 Feb 2023 16:54:25: Thread 0: Calculating C2orf44 (2001) ...  
INFO  @ Wed, 22 Feb 2023 16:54:29: Thread 0: Calculating CERS6 (3001) ...  
INFO  @ Wed, 22 Feb 2023 16:54:34: Thread 0: Calculating DBH (4001) ...  
INFO  @ Wed, 22 Feb 2023 16:54:39: Thread 0: Calculating ERCC6L2 (5001) ...  
INFO  @ Wed, 22 Feb 2023 16:54:43: Thread 0: Calculating GANC (6001) ...  
INFO  @ Wed, 22 Feb 2023 16:54:48: Thread 0: Calculating HMBS (7001) ...  
INFO  @ Wed, 22 Feb 2023 16:54:52: Thread 0: Calculating KIAA1147 (8001) ...  
INFO  @ Wed, 22 Feb 2023 16:54:57: Thread 0: Calculating MAGOH (9001) ...  
INFO  @ Wed, 22 Feb 2023 16:55:02: Thread 0: Calculating NANOS3 (10001) ...  
INFO  @ Wed, 22 Feb 2023 16:55:06: Thread 0: Calculating PAXIP1 (11001) ...  
INFO  @ Wed, 22 Feb 2023 16:55:11: Thread 0: Calculating PRG4 (12001) ...  
INFO  @ Wed, 22 Feb 2023 16:55:15: Thread 0: Calculating RNF151 (13001) ...  
INFO  @ Wed, 22 Feb 2023 16:55:20: Thread 0: Calculating SLC25A11 (14001) ...  
INFO  @ Wed, 22 Feb 2023 16:55:25: Thread 0: Calculating SUMO4 (15001) ...  
INFO  @ Wed, 22 Feb 2023 16:55:30: Thread 0: Calculating TNKS2 (16001) ...  
INFO  @ Wed, 22 Feb 2023 16:55:34: Thread 0: Calculating WDHD1 (17001) ...  
INFO  @ Wed, 22 Feb 2023 16:55:39: Thread 0: Calculating ZYG11A (18001) ...  
INFO  @ Wed, 22 Feb 2023 16:55:39: Thread 0 completed. 
INFO  @ Wed, 22 Feb 2023 16:55:39: All threads completed. 
INFO  @ Wed, 22 Feb 2023 16:55:42: Assigning p values... 
INFO  @ Wed, 22 Feb 2023 16:55:42: Permuting groups of gene with 10 sgRNAs per gene. Group progress: 10/22 
INFO  @ Wed, 22 Feb 2023 16:55:42: Start permuting 2 rounds ... 
INFO  @ Wed, 22 Feb 2023 16:55:43: Collecting 90025 sgRNAs from 18006 genes. 
INFO  @ Wed, 22 Feb 2023 16:55:44: Permuting round 0 ... 
INFO  @ Wed, 22 Feb 2023 16:55:44: Thread 0 started. 
INFO  @ Wed, 22 Feb 2023 16:55:44: Thread 0: total 18006 instances. 
INFO  @ Wed, 22 Feb 2023 16:55:44: Thread 0: Calculating A1CF (1) ...  
INFO  @ Wed, 22 Feb 2023 16:55:49: Thread 0: Calculating ARNT2 (1001) ...  
INFO  @ Wed, 22 Feb 2023 16:55:54: Thread 0: Calculating C2orf44 (2001) ...  
INFO  @ Wed, 22 Feb 2023 16:55:58: Thread 0: Calculating CERS6 (3001) ...  
INFO  @ Wed, 22 Feb 2023 16:56:03: Thread 0: Calculating DBH (4001) ...  
INFO  @ Wed, 22 Feb 2023 16:56:08: Thread 0: Calculating ERCC6L2 (5001) ...  
INFO  @ Wed, 22 Feb 2023 16:56:13: Thread 0: Calculating GANC (6001) ...  
INFO  @ Wed, 22 Feb 2023 16:56:17: Thread 0: Calculating HMBS (7001) ...  
INFO  @ Wed, 22 Feb 2023 16:56:22: Thread 0: Calculating KIAA1147 (8001) ...  
INFO  @ Wed, 22 Feb 2023 16:56:27: Thread 0: Calculating MAGOH (9001) ...  
INFO  @ Wed, 22 Feb 2023 16:56:32: Thread 0: Calculating NANOS3 (10001) ...  
INFO  @ Wed, 22 Feb 2023 16:56:36: Thread 0: Calculating PAXIP1 (11001) ...  
INFO  @ Wed, 22 Feb 2023 16:56:41: Thread 0: Calculating PRG4 (12001) ...  
INFO  @ Wed, 22 Feb 2023 16:56:46: Thread 0: Calculating RNF151 (13001) ...  
INFO  @ Wed, 22 Feb 2023 16:56:50: Thread 0: Calculating SLC25A11 (14001) ...  
INFO  @ Wed, 22 Feb 2023 16:56:55: Thread 0: Calculating SUMO4 (15001) ...  
INFO  @ Wed, 22 Feb 2023 16:57:00: Thread 0: Calculating TNKS2 (16001) ...  
INFO  @ Wed, 22 Feb 2023 16:57:05: Thread 0: Calculating WDHD1 (17001) ...  
INFO  @ Wed, 22 Feb 2023 16:57:09: Thread 0: Calculating ZYG11A (18001) ...  
INFO  @ Wed, 22 Feb 2023 16:57:09: Thread 0 completed. 
INFO  @ Wed, 22 Feb 2023 16:57:09: All threads completed. 
INFO  @ Wed, 22 Feb 2023 16:57:13: Permuting round 1 ... 
INFO  @ Wed, 22 Feb 2023 16:57:13: Thread 0 started. 
INFO  @ Wed, 22 Feb 2023 16:57:13: Thread 0: total 18006 instances. 
INFO  @ Wed, 22 Feb 2023 16:57:13: Thread 0: Calculating A1CF (1) ...  
INFO  @ Wed, 22 Feb 2023 16:57:18: Thread 0: Calculating ARNT2 (1001) ...  
INFO  @ Wed, 22 Feb 2023 16:57:23: Thread 0: Calculating C2orf44 (2001) ...  
INFO  @ Wed, 22 Feb 2023 16:57:27: Thread 0: Calculating CERS6 (3001) ...  
INFO  @ Wed, 22 Feb 2023 16:57:32: Thread 0: Calculating DBH (4001) ...  
INFO  @ Wed, 22 Feb 2023 16:57:37: Thread 0: Calculating ERCC6L2 (5001) ...  
INFO  @ Wed, 22 Feb 2023 16:57:42: Thread 0: Calculating GANC (6001) ...  
INFO  @ Wed, 22 Feb 2023 16:57:46: Thread 0: Calculating HMBS (7001) ...  
INFO  @ Wed, 22 Feb 2023 16:57:51: Thread 0: Calculating KIAA1147 (8001) ...  
INFO  @ Wed, 22 Feb 2023 16:57:56: Thread 0: Calculating MAGOH (9001) ...  
INFO  @ Wed, 22 Feb 2023 16:58:00: Thread 0: Calculating NANOS3 (10001) ...  
INFO  @ Wed, 22 Feb 2023 16:58:05: Thread 0: Calculating PAXIP1 (11001) ...  
INFO  @ Wed, 22 Feb 2023 16:58:10: Thread 0: Calculating PRG4 (12001) ...  
INFO  @ Wed, 22 Feb 2023 16:58:15: Thread 0: Calculating RNF151 (13001) ...  
INFO  @ Wed, 22 Feb 2023 16:58:19: Thread 0: Calculating SLC25A11 (14001) ...  
INFO  @ Wed, 22 Feb 2023 16:58:24: Thread 0: Calculating SUMO4 (15001) ...  
INFO  @ Wed, 22 Feb 2023 16:58:29: Thread 0: Calculating TNKS2 (16001) ...  
INFO  @ Wed, 22 Feb 2023 16:58:33: Thread 0: Calculating WDHD1 (17001) ...  
INFO  @ Wed, 22 Feb 2023 16:58:38: Thread 0: Calculating ZYG11A (18001) ...  
INFO  @ Wed, 22 Feb 2023 16:58:38: Thread 0 completed. 
INFO  @ Wed, 22 Feb 2023 16:58:38: All threads completed. 
INFO  @ Wed, 22 Feb 2023 16:58:42: Assigning p values... 
INFO  @ Wed, 22 Feb 2023 16:58:42: Permuting groups of gene with 11 sgRNAs per gene. Group progress: 11/22 
INFO  @ Wed, 22 Feb 2023 16:58:42: Start permuting 2 rounds ... 
INFO  @ Wed, 22 Feb 2023 16:58:42: Collecting 90025 sgRNAs from 18006 genes. 
INFO  @ Wed, 22 Feb 2023 16:58:43: Permuting round 0 ... 
INFO  @ Wed, 22 Feb 2023 16:58:44: Thread 0 started. 
INFO  @ Wed, 22 Feb 2023 16:58:44: Thread 0: total 18006 instances. 
INFO  @ Wed, 22 Feb 2023 16:58:44: Thread 0: Calculating A1CF (1) ...  
INFO  @ Wed, 22 Feb 2023 16:58:49: Thread 0: Calculating ARNT2 (1001) ...  
INFO  @ Wed, 22 Feb 2023 16:58:54: Thread 0: Calculating C2orf44 (2001) ...  
INFO  @ Wed, 22 Feb 2023 16:58:58: Thread 0: Calculating CERS6 (3001) ...  
INFO  @ Wed, 22 Feb 2023 16:59:03: Thread 0: Calculating DBH (4001) ...  
INFO  @ Wed, 22 Feb 2023 16:59:08: Thread 0: Calculating ERCC6L2 (5001) ...  
INFO  @ Wed, 22 Feb 2023 16:59:13: Thread 0: Calculating GANC (6001) ...  
INFO  @ Wed, 22 Feb 2023 16:59:18: Thread 0: Calculating HMBS (7001) ...  
INFO  @ Wed, 22 Feb 2023 16:59:23: Thread 0: Calculating KIAA1147 (8001) ...  
INFO  @ Wed, 22 Feb 2023 16:59:28: Thread 0: Calculating MAGOH (9001) ...  
INFO  @ Wed, 22 Feb 2023 16:59:33: Thread 0: Calculating NANOS3 (10001) ...  
INFO  @ Wed, 22 Feb 2023 16:59:37: Thread 0: Calculating PAXIP1 (11001) ...  
INFO  @ Wed, 22 Feb 2023 16:59:42: Thread 0: Calculating PRG4 (12001) ...  
INFO  @ Wed, 22 Feb 2023 16:59:47: Thread 0: Calculating RNF151 (13001) ...  
INFO  @ Wed, 22 Feb 2023 16:59:52: Thread 0: Calculating SLC25A11 (14001) ...  
INFO  @ Wed, 22 Feb 2023 16:59:57: Thread 0: Calculating SUMO4 (15001) ...  
INFO  @ Wed, 22 Feb 2023 17:00:01: Thread 0: Calculating TNKS2 (16001) ...  
INFO  @ Wed, 22 Feb 2023 17:00:06: Thread 0: Calculating WDHD1 (17001) ...  
INFO  @ Wed, 22 Feb 2023 17:00:11: Thread 0: Calculating ZYG11A (18001) ...  
INFO  @ Wed, 22 Feb 2023 17:00:11: Thread 0 completed. 
INFO  @ Wed, 22 Feb 2023 17:00:11: All threads completed. 
INFO  @ Wed, 22 Feb 2023 17:00:14: Permuting round 1 ... 
INFO  @ Wed, 22 Feb 2023 17:00:15: Thread 0 started. 
INFO  @ Wed, 22 Feb 2023 17:00:15: Thread 0: total 18006 instances. 
INFO  @ Wed, 22 Feb 2023 17:00:15: Thread 0: Calculating A1CF (1) ...  
INFO  @ Wed, 22 Feb 2023 17:00:20: Thread 0: Calculating ARNT2 (1001) ...  
INFO  @ Wed, 22 Feb 2023 17:00:25: Thread 0: Calculating C2orf44 (2001) ...  
INFO  @ Wed, 22 Feb 2023 17:00:30: Thread 0: Calculating CERS6 (3001) ...  
INFO  @ Wed, 22 Feb 2023 17:00:34: Thread 0: Calculating DBH (4001) ...  
INFO  @ Wed, 22 Feb 2023 17:00:39: Thread 0: Calculating ERCC6L2 (5001) ...  
INFO  @ Wed, 22 Feb 2023 17:00:44: Thread 0: Calculating GANC (6001) ...  
INFO  @ Wed, 22 Feb 2023 17:00:49: Thread 0: Calculating HMBS (7001) ...  
INFO  @ Wed, 22 Feb 2023 17:00:54: Thread 0: Calculating KIAA1147 (8001) ...  
INFO  @ Wed, 22 Feb 2023 17:00:59: Thread 0: Calculating MAGOH (9001) ...  
INFO  @ Wed, 22 Feb 2023 17:01:04: Thread 0: Calculating NANOS3 (10001) ...  
INFO  @ Wed, 22 Feb 2023 17:01:09: Thread 0: Calculating PAXIP1 (11001) ...  
INFO  @ Wed, 22 Feb 2023 17:01:14: Thread 0: Calculating PRG4 (12001) ...  
INFO  @ Wed, 22 Feb 2023 17:01:18: Thread 0: Calculating RNF151 (13001) ...  
INFO  @ Wed, 22 Feb 2023 17:01:23: Thread 0: Calculating SLC25A11 (14001) ...  
INFO  @ Wed, 22 Feb 2023 17:01:28: Thread 0: Calculating SUMO4 (15001) ...  
INFO  @ Wed, 22 Feb 2023 17:01:33: Thread 0: Calculating TNKS2 (16001) ...  
INFO  @ Wed, 22 Feb 2023 17:01:38: Thread 0: Calculating WDHD1 (17001) ...  
INFO  @ Wed, 22 Feb 2023 17:01:43: Thread 0: Calculating ZYG11A (18001) ...  
INFO  @ Wed, 22 Feb 2023 17:01:43: Thread 0 completed. 
INFO  @ Wed, 22 Feb 2023 17:01:43: All threads completed. 
INFO  @ Wed, 22 Feb 2023 17:01:46: Assigning p values... 
INFO  @ Wed, 22 Feb 2023 17:01:46: Permuting groups of gene with 12 sgRNAs per gene. Group progress: 12/22 
INFO  @ Wed, 22 Feb 2023 17:01:46: Start permuting 2 rounds ... 
INFO  @ Wed, 22 Feb 2023 17:01:47: Collecting 90025 sgRNAs from 18006 genes. 
INFO  @ Wed, 22 Feb 2023 17:01:48: Permuting round 0 ... 
INFO  @ Wed, 22 Feb 2023 17:01:48: Thread 0 started. 
INFO  @ Wed, 22 Feb 2023 17:01:48: Thread 0: total 18006 instances. 
INFO  @ Wed, 22 Feb 2023 17:01:48: Thread 0: Calculating A1CF (1) ...  
INFO  @ Wed, 22 Feb 2023 17:01:53: Thread 0: Calculating ARNT2 (1001) ...  
INFO  @ Wed, 22 Feb 2023 17:01:58: Thread 0: Calculating C2orf44 (2001) ...  
INFO  @ Wed, 22 Feb 2023 17:02:03: Thread 0: Calculating CERS6 (3001) ...  
INFO  @ Wed, 22 Feb 2023 17:02:08: Thread 0: Calculating DBH (4001) ...  
INFO  @ Wed, 22 Feb 2023 17:02:13: Thread 0: Calculating ERCC6L2 (5001) ...  
INFO  @ Wed, 22 Feb 2023 17:02:18: Thread 0: Calculating GANC (6001) ...  
INFO  @ Wed, 22 Feb 2023 17:02:23: Thread 0: Calculating HMBS (7001) ...  
INFO  @ Wed, 22 Feb 2023 17:02:28: Thread 0: Calculating KIAA1147 (8001) ...  
INFO  @ Wed, 22 Feb 2023 17:02:33: Thread 0: Calculating MAGOH (9001) ...  
INFO  @ Wed, 22 Feb 2023 17:02:38: Thread 0: Calculating NANOS3 (10001) ...  
INFO  @ Wed, 22 Feb 2023 17:02:43: Thread 0: Calculating PAXIP1 (11001) ...  
INFO  @ Wed, 22 Feb 2023 17:02:48: Thread 0: Calculating PRG4 (12001) ...  
INFO  @ Wed, 22 Feb 2023 17:02:53: Thread 0: Calculating RNF151 (13001) ...  
INFO  @ Wed, 22 Feb 2023 17:02:58: Thread 0: Calculating SLC25A11 (14001) ...  
INFO  @ Wed, 22 Feb 2023 17:03:03: Thread 0: Calculating SUMO4 (15001) ...  
INFO  @ Wed, 22 Feb 2023 17:03:08: Thread 0: Calculating TNKS2 (16001) ...  
INFO  @ Wed, 22 Feb 2023 17:03:13: Thread 0: Calculating WDHD1 (17001) ...  
INFO  @ Wed, 22 Feb 2023 17:03:18: Thread 0: Calculating ZYG11A (18001) ...  
INFO  @ Wed, 22 Feb 2023 17:03:18: Thread 0 completed. 
INFO  @ Wed, 22 Feb 2023 17:03:18: All threads completed. 
INFO  @ Wed, 22 Feb 2023 17:03:21: Permuting round 1 ... 
INFO  @ Wed, 22 Feb 2023 17:03:22: Thread 0 started. 
INFO  @ Wed, 22 Feb 2023 17:03:22: Thread 0: total 18006 instances. 
INFO  @ Wed, 22 Feb 2023 17:03:22: Thread 0: Calculating A1CF (1) ...  
INFO  @ Wed, 22 Feb 2023 17:03:27: Thread 0: Calculating ARNT2 (1001) ...  
INFO  @ Wed, 22 Feb 2023 17:03:32: Thread 0: Calculating C2orf44 (2001) ...  
INFO  @ Wed, 22 Feb 2023 17:03:37: Thread 0: Calculating CERS6 (3001) ...  
INFO  @ Wed, 22 Feb 2023 17:03:42: Thread 0: Calculating DBH (4001) ...  
INFO  @ Wed, 22 Feb 2023 17:03:47: Thread 0: Calculating ERCC6L2 (5001) ...  
INFO  @ Wed, 22 Feb 2023 17:03:52: Thread 0: Calculating GANC (6001) ...  
INFO  @ Wed, 22 Feb 2023 17:03:57: Thread 0: Calculating HMBS (7001) ...  
INFO  @ Wed, 22 Feb 2023 17:04:02: Thread 0: Calculating KIAA1147 (8001) ...  
INFO  @ Wed, 22 Feb 2023 17:04:07: Thread 0: Calculating MAGOH (9001) ...  
INFO  @ Wed, 22 Feb 2023 17:04:12: Thread 0: Calculating NANOS3 (10001) ...  
INFO  @ Wed, 22 Feb 2023 17:04:17: Thread 0: Calculating PAXIP1 (11001) ...  
INFO  @ Wed, 22 Feb 2023 17:04:22: Thread 0: Calculating PRG4 (12001) ...  
INFO  @ Wed, 22 Feb 2023 17:04:27: Thread 0: Calculating RNF151 (13001) ...  
INFO  @ Wed, 22 Feb 2023 17:04:32: Thread 0: Calculating SLC25A11 (14001) ...  
INFO  @ Wed, 22 Feb 2023 17:04:37: Thread 0: Calculating SUMO4 (15001) ...  
INFO  @ Wed, 22 Feb 2023 17:04:42: Thread 0: Calculating TNKS2 (16001) ...  
INFO  @ Wed, 22 Feb 2023 17:04:47: Thread 0: Calculating WDHD1 (17001) ...  
INFO  @ Wed, 22 Feb 2023 17:04:52: Thread 0: Calculating ZYG11A (18001) ...  
INFO  @ Wed, 22 Feb 2023 17:04:52: Thread 0 completed. 
INFO  @ Wed, 22 Feb 2023 17:04:52: All threads completed. 
INFO  @ Wed, 22 Feb 2023 17:04:55: Assigning p values... 
INFO  @ Wed, 22 Feb 2023 17:04:56: Permuting groups of gene with 13 sgRNAs per gene. Group progress: 13/22 
INFO  @ Wed, 22 Feb 2023 17:04:56: Start permuting 2 rounds ... 
INFO  @ Wed, 22 Feb 2023 17:04:56: Collecting 90025 sgRNAs from 18006 genes. 
INFO  @ Wed, 22 Feb 2023 17:04:57: Permuting round 0 ... 
INFO  @ Wed, 22 Feb 2023 17:04:57: Thread 0 started. 
INFO  @ Wed, 22 Feb 2023 17:04:57: Thread 0: total 18006 instances. 
INFO  @ Wed, 22 Feb 2023 17:04:57: Thread 0: Calculating A1CF (1) ...  
INFO  @ Wed, 22 Feb 2023 17:05:03: Thread 0: Calculating ARNT2 (1001) ...  
INFO  @ Wed, 22 Feb 2023 17:05:08: Thread 0: Calculating C2orf44 (2001) ...  
INFO  @ Wed, 22 Feb 2023 17:05:13: Thread 0: Calculating CERS6 (3001) ...  
INFO  @ Wed, 22 Feb 2023 17:05:18: Thread 0: Calculating DBH (4001) ...  
INFO  @ Wed, 22 Feb 2023 17:05:23: Thread 0: Calculating ERCC6L2 (5001) ...  
INFO  @ Wed, 22 Feb 2023 17:05:28: Thread 0: Calculating GANC (6001) ...  
INFO  @ Wed, 22 Feb 2023 17:05:33: Thread 0: Calculating HMBS (7001) ...  
INFO  @ Wed, 22 Feb 2023 17:05:39: Thread 0: Calculating KIAA1147 (8001) ...  
INFO  @ Wed, 22 Feb 2023 17:05:44: Thread 0: Calculating MAGOH (9001) ...  
INFO  @ Wed, 22 Feb 2023 17:05:49: Thread 0: Calculating NANOS3 (10001) ...  
INFO  @ Wed, 22 Feb 2023 17:05:54: Thread 0: Calculating PAXIP1 (11001) ...  
INFO  @ Wed, 22 Feb 2023 17:05:59: Thread 0: Calculating PRG4 (12001) ...  
INFO  @ Wed, 22 Feb 2023 17:06:04: Thread 0: Calculating RNF151 (13001) ...  
INFO  @ Wed, 22 Feb 2023 17:06:10: Thread 0: Calculating SLC25A11 (14001) ...  
INFO  @ Wed, 22 Feb 2023 17:06:15: Thread 0: Calculating SUMO4 (15001) ...  
INFO  @ Wed, 22 Feb 2023 17:06:20: Thread 0: Calculating TNKS2 (16001) ...  
INFO  @ Wed, 22 Feb 2023 17:06:25: Thread 0: Calculating WDHD1 (17001) ...  
INFO  @ Wed, 22 Feb 2023 17:06:30: Thread 0: Calculating ZYG11A (18001) ...  
INFO  @ Wed, 22 Feb 2023 17:06:30: Thread 0 completed. 
INFO  @ Wed, 22 Feb 2023 17:06:30: All threads completed. 
INFO  @ Wed, 22 Feb 2023 17:06:33: Permuting round 1 ... 
INFO  @ Wed, 22 Feb 2023 17:06:34: Thread 0 started. 
INFO  @ Wed, 22 Feb 2023 17:06:34: Thread 0: total 18006 instances. 
INFO  @ Wed, 22 Feb 2023 17:06:34: Thread 0: Calculating A1CF (1) ...  
INFO  @ Wed, 22 Feb 2023 17:06:39: Thread 0: Calculating ARNT2 (1001) ...  
INFO  @ Wed, 22 Feb 2023 17:06:44: Thread 0: Calculating C2orf44 (2001) ...  
INFO  @ Wed, 22 Feb 2023 17:06:50: Thread 0: Calculating CERS6 (3001) ...  
INFO  @ Wed, 22 Feb 2023 17:06:55: Thread 0: Calculating DBH (4001) ...  
INFO  @ Wed, 22 Feb 2023 17:07:00: Thread 0: Calculating ERCC6L2 (5001) ...  
INFO  @ Wed, 22 Feb 2023 17:07:05: Thread 0: Calculating GANC (6001) ...  
INFO  @ Wed, 22 Feb 2023 17:07:10: Thread 0: Calculating HMBS (7001) ...  
INFO  @ Wed, 22 Feb 2023 17:07:16: Thread 0: Calculating KIAA1147 (8001) ...  
INFO  @ Wed, 22 Feb 2023 17:07:21: Thread 0: Calculating MAGOH (9001) ...  
INFO  @ Wed, 22 Feb 2023 17:07:26: Thread 0: Calculating NANOS3 (10001) ...  
INFO  @ Wed, 22 Feb 2023 17:07:31: Thread 0: Calculating PAXIP1 (11001) ...  
INFO  @ Wed, 22 Feb 2023 17:07:36: Thread 0: Calculating PRG4 (12001) ...  
INFO  @ Wed, 22 Feb 2023 17:07:41: Thread 0: Calculating RNF151 (13001) ...  
INFO  @ Wed, 22 Feb 2023 17:07:47: Thread 0: Calculating SLC25A11 (14001) ...  
INFO  @ Wed, 22 Feb 2023 17:07:52: Thread 0: Calculating SUMO4 (15001) ...  
INFO  @ Wed, 22 Feb 2023 17:07:57: Thread 0: Calculating TNKS2 (16001) ...  
INFO  @ Wed, 22 Feb 2023 17:08:02: Thread 0: Calculating WDHD1 (17001) ...  
INFO  @ Wed, 22 Feb 2023 17:08:07: Thread 0: Calculating ZYG11A (18001) ...  
INFO  @ Wed, 22 Feb 2023 17:08:07: Thread 0 completed. 
INFO  @ Wed, 22 Feb 2023 17:08:07: All threads completed. 
INFO  @ Wed, 22 Feb 2023 17:08:11: Assigning p values... 
INFO  @ Wed, 22 Feb 2023 17:08:11: Permuting groups of gene with 14 sgRNAs per gene. Group progress: 14/22 
INFO  @ Wed, 22 Feb 2023 17:08:11: Start permuting 2 rounds ... 
INFO  @ Wed, 22 Feb 2023 17:08:11: Collecting 90025 sgRNAs from 18006 genes. 
INFO  @ Wed, 22 Feb 2023 17:08:12: Permuting round 0 ... 
INFO  @ Wed, 22 Feb 2023 17:08:13: Thread 0 started. 
INFO  @ Wed, 22 Feb 2023 17:08:13: Thread 0: total 18006 instances. 
INFO  @ Wed, 22 Feb 2023 17:08:13: Thread 0: Calculating A1CF (1) ...  
INFO  @ Wed, 22 Feb 2023 17:08:18: Thread 0: Calculating ARNT2 (1001) ...  
INFO  @ Wed, 22 Feb 2023 17:08:24: Thread 0: Calculating C2orf44 (2001) ...  
INFO  @ Wed, 22 Feb 2023 17:08:29: Thread 0: Calculating CERS6 (3001) ...  
INFO  @ Wed, 22 Feb 2023 17:08:34: Thread 0: Calculating DBH (4001) ...  
INFO  @ Wed, 22 Feb 2023 17:08:39: Thread 0: Calculating ERCC6L2 (5001) ...  
INFO  @ Wed, 22 Feb 2023 17:08:45: Thread 0: Calculating GANC (6001) ...  
INFO  @ Wed, 22 Feb 2023 17:08:50: Thread 0: Calculating HMBS (7001) ...  
INFO  @ Wed, 22 Feb 2023 17:08:55: Thread 0: Calculating KIAA1147 (8001) ...  
INFO  @ Wed, 22 Feb 2023 17:09:01: Thread 0: Calculating MAGOH (9001) ...  
INFO  @ Wed, 22 Feb 2023 17:09:06: Thread 0: Calculating NANOS3 (10001) ...  
INFO  @ Wed, 22 Feb 2023 17:09:11: Thread 0: Calculating PAXIP1 (11001) ...  
INFO  @ Wed, 22 Feb 2023 17:09:17: Thread 0: Calculating PRG4 (12001) ...  
INFO  @ Wed, 22 Feb 2023 17:09:22: Thread 0: Calculating RNF151 (13001) ...  
INFO  @ Wed, 22 Feb 2023 17:09:27: Thread 0: Calculating SLC25A11 (14001) ...  
INFO  @ Wed, 22 Feb 2023 17:09:33: Thread 0: Calculating SUMO4 (15001) ...  
INFO  @ Wed, 22 Feb 2023 17:09:38: Thread 0: Calculating TNKS2 (16001) ...  
INFO  @ Wed, 22 Feb 2023 17:09:43: Thread 0: Calculating WDHD1 (17001) ...  
INFO  @ Wed, 22 Feb 2023 17:09:48: Thread 0: Calculating ZYG11A (18001) ...  
INFO  @ Wed, 22 Feb 2023 17:09:48: Thread 0 completed. 
INFO  @ Wed, 22 Feb 2023 17:09:48: All threads completed. 
INFO  @ Wed, 22 Feb 2023 17:09:52: Permuting round 1 ... 
INFO  @ Wed, 22 Feb 2023 17:09:52: Thread 0 started. 
INFO  @ Wed, 22 Feb 2023 17:09:52: Thread 0: total 18006 instances. 
INFO  @ Wed, 22 Feb 2023 17:09:52: Thread 0: Calculating A1CF (1) ...  
INFO  @ Wed, 22 Feb 2023 17:09:58: Thread 0: Calculating ARNT2 (1001) ...  
INFO  @ Wed, 22 Feb 2023 17:10:03: Thread 0: Calculating C2orf44 (2001) ...  
INFO  @ Wed, 22 Feb 2023 17:10:08: Thread 0: Calculating CERS6 (3001) ...  
INFO  @ Wed, 22 Feb 2023 17:10:14: Thread 0: Calculating DBH (4001) ...  
INFO  @ Wed, 22 Feb 2023 17:10:19: Thread 0: Calculating ERCC6L2 (5001) ...  
INFO  @ Wed, 22 Feb 2023 17:10:24: Thread 0: Calculating GANC (6001) ...  
INFO  @ Wed, 22 Feb 2023 17:10:30: Thread 0: Calculating HMBS (7001) ...  
INFO  @ Wed, 22 Feb 2023 17:10:35: Thread 0: Calculating KIAA1147 (8001) ...  
INFO  @ Wed, 22 Feb 2023 17:10:41: Thread 0: Calculating MAGOH (9001) ...  
INFO  @ Wed, 22 Feb 2023 17:10:46: Thread 0: Calculating NANOS3 (10001) ...  
INFO  @ Wed, 22 Feb 2023 17:10:51: Thread 0: Calculating PAXIP1 (11001) ...  
INFO  @ Wed, 22 Feb 2023 17:10:57: Thread 0: Calculating PRG4 (12001) ...  
INFO  @ Wed, 22 Feb 2023 17:11:02: Thread 0: Calculating RNF151 (13001) ...  
INFO  @ Wed, 22 Feb 2023 17:11:07: Thread 0: Calculating SLC25A11 (14001) ...  
INFO  @ Wed, 22 Feb 2023 17:11:13: Thread 0: Calculating SUMO4 (15001) ...  
INFO  @ Wed, 22 Feb 2023 17:11:18: Thread 0: Calculating TNKS2 (16001) ...  
INFO  @ Wed, 22 Feb 2023 17:11:23: Thread 0: Calculating WDHD1 (17001) ...  
INFO  @ Wed, 22 Feb 2023 17:11:29: Thread 0: Calculating ZYG11A (18001) ...  
INFO  @ Wed, 22 Feb 2023 17:11:29: Thread 0 completed. 
INFO  @ Wed, 22 Feb 2023 17:11:29: All threads completed. 
INFO  @ Wed, 22 Feb 2023 17:11:32: Assigning p values... 
INFO  @ Wed, 22 Feb 2023 17:11:33: Permuting groups of gene with 15 sgRNAs per gene. Group progress: 15/22 
INFO  @ Wed, 22 Feb 2023 17:11:33: Start permuting 2 rounds ... 
INFO  @ Wed, 22 Feb 2023 17:11:33: Collecting 90025 sgRNAs from 18006 genes. 
INFO  @ Wed, 22 Feb 2023 17:11:34: Permuting round 0 ... 
INFO  @ Wed, 22 Feb 2023 17:11:35: Thread 0 started. 
INFO  @ Wed, 22 Feb 2023 17:11:35: Thread 0: total 18006 instances. 
INFO  @ Wed, 22 Feb 2023 17:11:35: Thread 0: Calculating A1CF (1) ...  
INFO  @ Wed, 22 Feb 2023 17:11:40: Thread 0: Calculating ARNT2 (1001) ...  
INFO  @ Wed, 22 Feb 2023 17:11:46: Thread 0: Calculating C2orf44 (2001) ...  
INFO  @ Wed, 22 Feb 2023 17:11:51: Thread 0: Calculating CERS6 (3001) ...  
INFO  @ Wed, 22 Feb 2023 17:11:56: Thread 0: Calculating DBH (4001) ...  
INFO  @ Wed, 22 Feb 2023 17:12:02: Thread 0: Calculating ERCC6L2 (5001) ...  
INFO  @ Wed, 22 Feb 2023 17:12:07: Thread 0: Calculating GANC (6001) ...  
INFO  @ Wed, 22 Feb 2023 17:12:13: Thread 0: Calculating HMBS (7001) ...  
INFO  @ Wed, 22 Feb 2023 17:12:18: Thread 0: Calculating KIAA1147 (8001) ...  
INFO  @ Wed, 22 Feb 2023 17:12:23: Thread 0: Calculating MAGOH (9001) ...  
INFO  @ Wed, 22 Feb 2023 17:12:29: Thread 0: Calculating NANOS3 (10001) ...  
INFO  @ Wed, 22 Feb 2023 17:12:34: Thread 0: Calculating PAXIP1 (11001) ...  
INFO  @ Wed, 22 Feb 2023 17:12:40: Thread 0: Calculating PRG4 (12001) ...  
INFO  @ Wed, 22 Feb 2023 17:12:45: Thread 0: Calculating RNF151 (13001) ...  
INFO  @ Wed, 22 Feb 2023 17:12:50: Thread 0: Calculating SLC25A11 (14001) ...  
INFO  @ Wed, 22 Feb 2023 17:12:56: Thread 0: Calculating SUMO4 (15001) ...  
INFO  @ Wed, 22 Feb 2023 17:13:01: Thread 0: Calculating TNKS2 (16001) ...  
INFO  @ Wed, 22 Feb 2023 17:13:07: Thread 0: Calculating WDHD1 (17001) ...  
INFO  @ Wed, 22 Feb 2023 17:13:12: Thread 0: Calculating ZYG11A (18001) ...  
INFO  @ Wed, 22 Feb 2023 17:13:12: Thread 0 completed. 
INFO  @ Wed, 22 Feb 2023 17:13:12: All threads completed. 
INFO  @ Wed, 22 Feb 2023 17:13:16: Permuting round 1 ... 
INFO  @ Wed, 22 Feb 2023 17:13:16: Thread 0 started. 
INFO  @ Wed, 22 Feb 2023 17:13:16: Thread 0: total 18006 instances. 
INFO  @ Wed, 22 Feb 2023 17:13:16: Thread 0: Calculating A1CF (1) ...  
INFO  @ Wed, 22 Feb 2023 17:13:22: Thread 0: Calculating ARNT2 (1001) ...  
INFO  @ Wed, 22 Feb 2023 17:13:27: Thread 0: Calculating C2orf44 (2001) ...  
INFO  @ Wed, 22 Feb 2023 17:13:33: Thread 0: Calculating CERS6 (3001) ...  
INFO  @ Wed, 22 Feb 2023 17:13:38: Thread 0: Calculating DBH (4001) ...  
INFO  @ Wed, 22 Feb 2023 17:13:44: Thread 0: Calculating ERCC6L2 (5001) ...  
INFO  @ Wed, 22 Feb 2023 17:13:49: Thread 0: Calculating GANC (6001) ...  
INFO  @ Wed, 22 Feb 2023 17:13:55: Thread 0: Calculating HMBS (7001) ...  
INFO  @ Wed, 22 Feb 2023 17:14:00: Thread 0: Calculating KIAA1147 (8001) ...  
INFO  @ Wed, 22 Feb 2023 17:14:06: Thread 0: Calculating MAGOH (9001) ...  
INFO  @ Wed, 22 Feb 2023 17:14:11: Thread 0: Calculating NANOS3 (10001) ...  
INFO  @ Wed, 22 Feb 2023 17:14:16: Thread 0: Calculating PAXIP1 (11001) ...  
INFO  @ Wed, 22 Feb 2023 17:14:22: Thread 0: Calculating PRG4 (12001) ...  
INFO  @ Wed, 22 Feb 2023 17:14:27: Thread 0: Calculating RNF151 (13001) ...  
INFO  @ Wed, 22 Feb 2023 17:14:33: Thread 0: Calculating SLC25A11 (14001) ...  
INFO  @ Wed, 22 Feb 2023 17:14:38: Thread 0: Calculating SUMO4 (15001) ...  
INFO  @ Wed, 22 Feb 2023 17:14:44: Thread 0: Calculating TNKS2 (16001) ...  
INFO  @ Wed, 22 Feb 2023 17:14:49: Thread 0: Calculating WDHD1 (17001) ...  
INFO  @ Wed, 22 Feb 2023 17:14:55: Thread 0: Calculating ZYG11A (18001) ...  
INFO  @ Wed, 22 Feb 2023 17:14:55: Thread 0 completed. 
INFO  @ Wed, 22 Feb 2023 17:14:55: All threads completed. 
INFO  @ Wed, 22 Feb 2023 17:14:59: Assigning p values... 
INFO  @ Wed, 22 Feb 2023 17:14:59: Permuting groups of gene with 16 sgRNAs per gene. Group progress: 16/22 
INFO  @ Wed, 22 Feb 2023 17:14:59: Start permuting 2 rounds ... 
INFO  @ Wed, 22 Feb 2023 17:14:59: Collecting 90025 sgRNAs from 18006 genes. 
INFO  @ Wed, 22 Feb 2023 17:15:00: Permuting round 0 ... 
INFO  @ Wed, 22 Feb 2023 17:15:01: Thread 0 started. 
INFO  @ Wed, 22 Feb 2023 17:15:01: Thread 0: total 18006 instances. 
INFO  @ Wed, 22 Feb 2023 17:15:01: Thread 0: Calculating A1CF (1) ...  
INFO  @ Wed, 22 Feb 2023 17:15:07: Thread 0: Calculating ARNT2 (1001) ...  
INFO  @ Wed, 22 Feb 2023 17:15:12: Thread 0: Calculating C2orf44 (2001) ...  
INFO  @ Wed, 22 Feb 2023 17:15:18: Thread 0: Calculating CERS6 (3001) ...  
INFO  @ Wed, 22 Feb 2023 17:15:23: Thread 0: Calculating DBH (4001) ...  
INFO  @ Wed, 22 Feb 2023 17:15:29: Thread 0: Calculating ERCC6L2 (5001) ...  
INFO  @ Wed, 22 Feb 2023 17:15:35: Thread 0: Calculating GANC (6001) ...  
INFO  @ Wed, 22 Feb 2023 17:15:40: Thread 0: Calculating HMBS (7001) ...  
INFO  @ Wed, 22 Feb 2023 17:15:46: Thread 0: Calculating KIAA1147 (8001) ...  
INFO  @ Wed, 22 Feb 2023 17:15:51: Thread 0: Calculating MAGOH (9001) ...  
INFO  @ Wed, 22 Feb 2023 17:15:57: Thread 0: Calculating NANOS3 (10001) ...  
INFO  @ Wed, 22 Feb 2023 17:16:03: Thread 0: Calculating PAXIP1 (11001) ...  
INFO  @ Wed, 22 Feb 2023 17:16:08: Thread 0: Calculating PRG4 (12001) ...  
INFO  @ Wed, 22 Feb 2023 17:16:14: Thread 0: Calculating RNF151 (13001) ...  
INFO  @ Wed, 22 Feb 2023 17:16:19: Thread 0: Calculating SLC25A11 (14001) ...  
INFO  @ Wed, 22 Feb 2023 17:16:25: Thread 0: Calculating SUMO4 (15001) ...  
INFO  @ Wed, 22 Feb 2023 17:16:31: Thread 0: Calculating TNKS2 (16001) ...  
INFO  @ Wed, 22 Feb 2023 17:16:36: Thread 0: Calculating WDHD1 (17001) ...  
INFO  @ Wed, 22 Feb 2023 17:16:42: Thread 0: Calculating ZYG11A (18001) ...  
INFO  @ Wed, 22 Feb 2023 17:16:42: Thread 0 completed. 
INFO  @ Wed, 22 Feb 2023 17:16:42: All threads completed. 
INFO  @ Wed, 22 Feb 2023 17:16:45: Permuting round 1 ... 
INFO  @ Wed, 22 Feb 2023 17:16:46: Thread 0 started. 
INFO  @ Wed, 22 Feb 2023 17:16:46: Thread 0: total 18006 instances. 
INFO  @ Wed, 22 Feb 2023 17:16:46: Thread 0: Calculating A1CF (1) ...  
INFO  @ Wed, 22 Feb 2023 17:16:52: Thread 0: Calculating ARNT2 (1001) ...  
INFO  @ Wed, 22 Feb 2023 17:16:57: Thread 0: Calculating C2orf44 (2001) ...  
INFO  @ Wed, 22 Feb 2023 17:17:03: Thread 0: Calculating CERS6 (3001) ...  
INFO  @ Wed, 22 Feb 2023 17:17:09: Thread 0: Calculating DBH (4001) ...  
INFO  @ Wed, 22 Feb 2023 17:17:14: Thread 0: Calculating ERCC6L2 (5001) ...  
INFO  @ Wed, 22 Feb 2023 17:17:20: Thread 0: Calculating GANC (6001) ...  
INFO  @ Wed, 22 Feb 2023 17:17:26: Thread 0: Calculating HMBS (7001) ...  
INFO  @ Wed, 22 Feb 2023 17:17:31: Thread 0: Calculating KIAA1147 (8001) ...  
INFO  @ Wed, 22 Feb 2023 17:17:37: Thread 0: Calculating MAGOH (9001) ...  
INFO  @ Wed, 22 Feb 2023 17:17:43: Thread 0: Calculating NANOS3 (10001) ...  
INFO  @ Wed, 22 Feb 2023 17:17:48: Thread 0: Calculating PAXIP1 (11001) ...  
INFO  @ Wed, 22 Feb 2023 17:17:54: Thread 0: Calculating PRG4 (12001) ...  
INFO  @ Wed, 22 Feb 2023 17:18:00: Thread 0: Calculating RNF151 (13001) ...  
INFO  @ Wed, 22 Feb 2023 17:18:06: Thread 0: Calculating SLC25A11 (14001) ...  
INFO  @ Wed, 22 Feb 2023 17:18:11: Thread 0: Calculating SUMO4 (15001) ...  
INFO  @ Wed, 22 Feb 2023 17:18:17: Thread 0: Calculating TNKS2 (16001) ...  
INFO  @ Wed, 22 Feb 2023 17:18:23: Thread 0: Calculating WDHD1 (17001) ...  
INFO  @ Wed, 22 Feb 2023 17:18:29: Thread 0: Calculating ZYG11A (18001) ...  
INFO  @ Wed, 22 Feb 2023 17:18:29: Thread 0 completed. 
INFO  @ Wed, 22 Feb 2023 17:18:29: All threads completed. 
INFO  @ Wed, 22 Feb 2023 17:18:32: Assigning p values... 
INFO  @ Wed, 22 Feb 2023 17:18:32: Permuting groups of gene with 17 sgRNAs per gene. Group progress: 17/22 
INFO  @ Wed, 22 Feb 2023 17:18:32: Start permuting 2 rounds ... 
INFO  @ Wed, 22 Feb 2023 17:18:33: Collecting 90025 sgRNAs from 18006 genes. 
INFO  @ Wed, 22 Feb 2023 17:18:34: Permuting round 0 ... 
INFO  @ Wed, 22 Feb 2023 17:18:34: Thread 0 started. 
INFO  @ Wed, 22 Feb 2023 17:18:34: Thread 0: total 18006 instances. 
INFO  @ Wed, 22 Feb 2023 17:18:34: Thread 0: Calculating A1CF (1) ...  
INFO  @ Wed, 22 Feb 2023 17:18:40: Thread 0: Calculating ARNT2 (1001) ...  
INFO  @ Wed, 22 Feb 2023 17:18:46: Thread 0: Calculating C2orf44 (2001) ...  
INFO  @ Wed, 22 Feb 2023 17:18:52: Thread 0: Calculating CERS6 (3001) ...  
INFO  @ Wed, 22 Feb 2023 17:18:58: Thread 0: Calculating DBH (4001) ...  
INFO  @ Wed, 22 Feb 2023 17:19:03: Thread 0: Calculating ERCC6L2 (5001) ...  
INFO  @ Wed, 22 Feb 2023 17:19:09: Thread 0: Calculating GANC (6001) ...  
INFO  @ Wed, 22 Feb 2023 17:19:15: Thread 0: Calculating HMBS (7001) ...  
INFO  @ Wed, 22 Feb 2023 17:19:21: Thread 0: Calculating KIAA1147 (8001) ...  
INFO  @ Wed, 22 Feb 2023 17:19:27: Thread 0: Calculating MAGOH (9001) ...  
INFO  @ Wed, 22 Feb 2023 17:19:33: Thread 0: Calculating NANOS3 (10001) ...  
INFO  @ Wed, 22 Feb 2023 17:19:38: Thread 0: Calculating PAXIP1 (11001) ...  
INFO  @ Wed, 22 Feb 2023 17:19:44: Thread 0: Calculating PRG4 (12001) ...  
INFO  @ Wed, 22 Feb 2023 17:19:50: Thread 0: Calculating RNF151 (13001) ...  
INFO  @ Wed, 22 Feb 2023 17:19:56: Thread 0: Calculating SLC25A11 (14001) ...  
INFO  @ Wed, 22 Feb 2023 17:20:01: Thread 0: Calculating SUMO4 (15001) ...  
INFO  @ Wed, 22 Feb 2023 17:20:07: Thread 0: Calculating TNKS2 (16001) ...  
INFO  @ Wed, 22 Feb 2023 17:20:13: Thread 0: Calculating WDHD1 (17001) ...  
INFO  @ Wed, 22 Feb 2023 17:20:19: Thread 0: Calculating ZYG11A (18001) ...  
INFO  @ Wed, 22 Feb 2023 17:20:19: Thread 0 completed. 
INFO  @ Wed, 22 Feb 2023 17:20:19: All threads completed. 
INFO  @ Wed, 22 Feb 2023 17:20:22: Permuting round 1 ... 
INFO  @ Wed, 22 Feb 2023 17:20:23: Thread 0 started. 
INFO  @ Wed, 22 Feb 2023 17:20:23: Thread 0: total 18006 instances. 
INFO  @ Wed, 22 Feb 2023 17:20:23: Thread 0: Calculating A1CF (1) ...  
INFO  @ Wed, 22 Feb 2023 17:20:29: Thread 0: Calculating ARNT2 (1001) ...  
INFO  @ Wed, 22 Feb 2023 17:20:35: Thread 0: Calculating C2orf44 (2001) ...  
INFO  @ Wed, 22 Feb 2023 17:20:41: Thread 0: Calculating CERS6 (3001) ...  
INFO  @ Wed, 22 Feb 2023 17:20:47: Thread 0: Calculating DBH (4001) ...  
INFO  @ Wed, 22 Feb 2023 17:20:52: Thread 0: Calculating ERCC6L2 (5001) ...  
INFO  @ Wed, 22 Feb 2023 17:20:58: Thread 0: Calculating GANC (6001) ...  
INFO  @ Wed, 22 Feb 2023 17:21:04: Thread 0: Calculating HMBS (7001) ...  
INFO  @ Wed, 22 Feb 2023 17:21:10: Thread 0: Calculating KIAA1147 (8001) ...  
INFO  @ Wed, 22 Feb 2023 17:21:16: Thread 0: Calculating MAGOH (9001) ...  
INFO  @ Wed, 22 Feb 2023 17:21:22: Thread 0: Calculating NANOS3 (10001) ...  
INFO  @ Wed, 22 Feb 2023 17:21:28: Thread 0: Calculating PAXIP1 (11001) ...  
INFO  @ Wed, 22 Feb 2023 17:21:34: Thread 0: Calculating PRG4 (12001) ...  
INFO  @ Wed, 22 Feb 2023 17:21:40: Thread 0: Calculating RNF151 (13001) ...  
INFO  @ Wed, 22 Feb 2023 17:21:46: Thread 0: Calculating SLC25A11 (14001) ...  
INFO  @ Wed, 22 Feb 2023 17:21:51: Thread 0: Calculating SUMO4 (15001) ...  
INFO  @ Wed, 22 Feb 2023 17:21:57: Thread 0: Calculating TNKS2 (16001) ...  
INFO  @ Wed, 22 Feb 2023 17:22:03: Thread 0: Calculating WDHD1 (17001) ...  
INFO  @ Wed, 22 Feb 2023 17:22:09: Thread 0: Calculating ZYG11A (18001) ...  
INFO  @ Wed, 22 Feb 2023 17:22:09: Thread 0 completed. 
INFO  @ Wed, 22 Feb 2023 17:22:09: All threads completed. 
INFO  @ Wed, 22 Feb 2023 17:22:13: Assigning p values... 
INFO  @ Wed, 22 Feb 2023 17:22:13: Permuting groups of gene with 18 sgRNAs per gene. Group progress: 18/22 
INFO  @ Wed, 22 Feb 2023 17:22:13: Start permuting 2 rounds ... 
INFO  @ Wed, 22 Feb 2023 17:22:13: Collecting 90025 sgRNAs from 18006 genes. 
INFO  @ Wed, 22 Feb 2023 17:22:14: Permuting round 0 ... 
INFO  @ Wed, 22 Feb 2023 17:22:15: Thread 0 started. 
INFO  @ Wed, 22 Feb 2023 17:22:15: Thread 0: total 18006 instances. 
INFO  @ Wed, 22 Feb 2023 17:22:15: Thread 0: Calculating A1CF (1) ...  
INFO  @ Wed, 22 Feb 2023 17:22:21: Thread 0: Calculating ARNT2 (1001) ...  
INFO  @ Wed, 22 Feb 2023 17:22:27: Thread 0: Calculating C2orf44 (2001) ...  
INFO  @ Wed, 22 Feb 2023 17:22:33: Thread 0: Calculating CERS6 (3001) ...  
INFO  @ Wed, 22 Feb 2023 17:22:39: Thread 0: Calculating DBH (4001) ...  
INFO  @ Wed, 22 Feb 2023 17:22:45: Thread 0: Calculating ERCC6L2 (5001) ...  
INFO  @ Wed, 22 Feb 2023 17:22:51: Thread 0: Calculating GANC (6001) ...  
INFO  @ Wed, 22 Feb 2023 17:22:57: Thread 0: Calculating HMBS (7001) ...  
INFO  @ Wed, 22 Feb 2023 17:23:03: Thread 0: Calculating KIAA1147 (8001) ...  
INFO  @ Wed, 22 Feb 2023 17:23:09: Thread 0: Calculating MAGOH (9001) ...  
INFO  @ Wed, 22 Feb 2023 17:23:15: Thread 0: Calculating NANOS3 (10001) ...  
INFO  @ Wed, 22 Feb 2023 17:23:21: Thread 0: Calculating PAXIP1 (11001) ...  
INFO  @ Wed, 22 Feb 2023 17:23:27: Thread 0: Calculating PRG4 (12001) ...  
INFO  @ Wed, 22 Feb 2023 17:23:33: Thread 0: Calculating RNF151 (13001) ...  
INFO  @ Wed, 22 Feb 2023 17:23:39: Thread 0: Calculating SLC25A11 (14001) ...  
INFO  @ Wed, 22 Feb 2023 17:23:45: Thread 0: Calculating SUMO4 (15001) ...  
INFO  @ Wed, 22 Feb 2023 17:23:51: Thread 0: Calculating TNKS2 (16001) ...  
INFO  @ Wed, 22 Feb 2023 17:23:57: Thread 0: Calculating WDHD1 (17001) ...  
INFO  @ Wed, 22 Feb 2023 17:24:03: Thread 0: Calculating ZYG11A (18001) ...  
INFO  @ Wed, 22 Feb 2023 17:24:03: Thread 0 completed. 
INFO  @ Wed, 22 Feb 2023 17:24:03: All threads completed. 
INFO  @ Wed, 22 Feb 2023 17:24:07: Permuting round 1 ... 
INFO  @ Wed, 22 Feb 2023 17:24:08: Thread 0 started. 
INFO  @ Wed, 22 Feb 2023 17:24:08: Thread 0: total 18006 instances. 
INFO  @ Wed, 22 Feb 2023 17:24:08: Thread 0: Calculating A1CF (1) ...  
INFO  @ Wed, 22 Feb 2023 17:24:14: Thread 0: Calculating ARNT2 (1001) ...  
INFO  @ Wed, 22 Feb 2023 17:24:20: Thread 0: Calculating C2orf44 (2001) ...  
INFO  @ Wed, 22 Feb 2023 17:24:26: Thread 0: Calculating CERS6 (3001) ...  
INFO  @ Wed, 22 Feb 2023 17:24:33: Thread 0: Calculating DBH (4001) ...  
INFO  @ Wed, 22 Feb 2023 17:24:39: Thread 0: Calculating ERCC6L2 (5001) ...  
INFO  @ Wed, 22 Feb 2023 17:24:45: Thread 0: Calculating GANC (6001) ...  
INFO  @ Wed, 22 Feb 2023 17:24:52: Thread 0: Calculating HMBS (7001) ...  
INFO  @ Wed, 22 Feb 2023 17:24:58: Thread 0: Calculating KIAA1147 (8001) ...  
INFO  @ Wed, 22 Feb 2023 17:25:04: Thread 0: Calculating MAGOH (9001) ...  
INFO  @ Wed, 22 Feb 2023 17:25:10: Thread 0: Calculating NANOS3 (10001) ...  
INFO  @ Wed, 22 Feb 2023 17:25:17: Thread 0: Calculating PAXIP1 (11001) ...  
INFO  @ Wed, 22 Feb 2023 17:25:23: Thread 0: Calculating PRG4 (12001) ...  
INFO  @ Wed, 22 Feb 2023 17:25:29: Thread 0: Calculating RNF151 (13001) ...  
INFO  @ Wed, 22 Feb 2023 17:25:36: Thread 0: Calculating SLC25A11 (14001) ...  
INFO  @ Wed, 22 Feb 2023 17:25:42: Thread 0: Calculating SUMO4 (15001) ...  
INFO  @ Wed, 22 Feb 2023 17:25:48: Thread 0: Calculating TNKS2 (16001) ...  
INFO  @ Wed, 22 Feb 2023 17:25:55: Thread 0: Calculating WDHD1 (17001) ...  
INFO  @ Wed, 22 Feb 2023 17:26:01: Thread 0: Calculating ZYG11A (18001) ...  
INFO  @ Wed, 22 Feb 2023 17:26:01: Thread 0 completed. 
INFO  @ Wed, 22 Feb 2023 17:26:01: All threads completed. 
INFO  @ Wed, 22 Feb 2023 17:26:05: Assigning p values... 
INFO  @ Wed, 22 Feb 2023 17:26:05: Permuting groups of gene with 19 sgRNAs per gene. Group progress: 19/22 
INFO  @ Wed, 22 Feb 2023 17:26:05: Start permuting 2 rounds ... 
INFO  @ Wed, 22 Feb 2023 17:26:05: Collecting 90025 sgRNAs from 18006 genes. 
INFO  @ Wed, 22 Feb 2023 17:26:06: Permuting round 0 ... 
INFO  @ Wed, 22 Feb 2023 17:26:07: Thread 0 started. 
INFO  @ Wed, 22 Feb 2023 17:26:07: Thread 0: total 18006 instances. 
INFO  @ Wed, 22 Feb 2023 17:26:07: Thread 0: Calculating A1CF (1) ...  
INFO  @ Wed, 22 Feb 2023 17:26:13: Thread 0: Calculating ARNT2 (1001) ...  
INFO  @ Wed, 22 Feb 2023 17:26:19: Thread 0: Calculating C2orf44 (2001) ...  
INFO  @ Wed, 22 Feb 2023 17:26:26: Thread 0: Calculating CERS6 (3001) ...  
INFO  @ Wed, 22 Feb 2023 17:26:32: Thread 0: Calculating DBH (4001) ...  
INFO  @ Wed, 22 Feb 2023 17:26:38: Thread 0: Calculating ERCC6L2 (5001) ...  
INFO  @ Wed, 22 Feb 2023 17:26:44: Thread 0: Calculating GANC (6001) ...  
INFO  @ Wed, 22 Feb 2023 17:26:51: Thread 0: Calculating HMBS (7001) ...  
INFO  @ Wed, 22 Feb 2023 17:26:57: Thread 0: Calculating KIAA1147 (8001) ...  
INFO  @ Wed, 22 Feb 2023 17:27:03: Thread 0: Calculating MAGOH (9001) ...  
INFO  @ Wed, 22 Feb 2023 17:27:09: Thread 0: Calculating NANOS3 (10001) ...  
INFO  @ Wed, 22 Feb 2023 17:27:16: Thread 0: Calculating PAXIP1 (11001) ...  
INFO  @ Wed, 22 Feb 2023 17:27:22: Thread 0: Calculating PRG4 (12001) ...  
INFO  @ Wed, 22 Feb 2023 17:27:28: Thread 0: Calculating RNF151 (13001) ...  
INFO  @ Wed, 22 Feb 2023 17:27:35: Thread 0: Calculating SLC25A11 (14001) ...  
INFO  @ Wed, 22 Feb 2023 17:27:41: Thread 0: Calculating SUMO4 (15001) ...  
INFO  @ Wed, 22 Feb 2023 17:27:47: Thread 0: Calculating TNKS2 (16001) ...  
INFO  @ Wed, 22 Feb 2023 17:27:53: Thread 0: Calculating WDHD1 (17001) ...  
INFO  @ Wed, 22 Feb 2023 17:27:59: Thread 0: Calculating ZYG11A (18001) ...  
INFO  @ Wed, 22 Feb 2023 17:28:00: Thread 0 completed. 
INFO  @ Wed, 22 Feb 2023 17:28:00: All threads completed. 
INFO  @ Wed, 22 Feb 2023 17:28:03: Permuting round 1 ... 
INFO  @ Wed, 22 Feb 2023 17:28:04: Thread 0 started. 
INFO  @ Wed, 22 Feb 2023 17:28:04: Thread 0: total 18006 instances. 
INFO  @ Wed, 22 Feb 2023 17:28:04: Thread 0: Calculating A1CF (1) ...  
INFO  @ Wed, 22 Feb 2023 17:28:10: Thread 0: Calculating ARNT2 (1001) ...  
INFO  @ Wed, 22 Feb 2023 17:28:17: Thread 0: Calculating C2orf44 (2001) ...  
INFO  @ Wed, 22 Feb 2023 17:28:23: Thread 0: Calculating CERS6 (3001) ...  
INFO  @ Wed, 22 Feb 2023 17:28:30: Thread 0: Calculating DBH (4001) ...  
INFO  @ Wed, 22 Feb 2023 17:28:36: Thread 0: Calculating ERCC6L2 (5001) ...  
INFO  @ Wed, 22 Feb 2023 17:28:42: Thread 0: Calculating GANC (6001) ...  
INFO  @ Wed, 22 Feb 2023 17:28:49: Thread 0: Calculating HMBS (7001) ...  
INFO  @ Wed, 22 Feb 2023 17:28:55: Thread 0: Calculating KIAA1147 (8001) ...  
INFO  @ Wed, 22 Feb 2023 17:29:01: Thread 0: Calculating MAGOH (9001) ...  
INFO  @ Wed, 22 Feb 2023 17:29:08: Thread 0: Calculating NANOS3 (10001) ...  
INFO  @ Wed, 22 Feb 2023 17:29:14: Thread 0: Calculating PAXIP1 (11001) ...  
INFO  @ Wed, 22 Feb 2023 17:29:21: Thread 0: Calculating PRG4 (12001) ...  
INFO  @ Wed, 22 Feb 2023 17:29:27: Thread 0: Calculating RNF151 (13001) ...  
INFO  @ Wed, 22 Feb 2023 17:29:33: Thread 0: Calculating SLC25A11 (14001) ...  
INFO  @ Wed, 22 Feb 2023 17:29:40: Thread 0: Calculating SUMO4 (15001) ...  
INFO  @ Wed, 22 Feb 2023 17:29:46: Thread 0: Calculating TNKS2 (16001) ...  
INFO  @ Wed, 22 Feb 2023 17:29:53: Thread 0: Calculating WDHD1 (17001) ...  
INFO  @ Wed, 22 Feb 2023 17:29:59: Thread 0: Calculating ZYG11A (18001) ...  
INFO  @ Wed, 22 Feb 2023 17:29:59: Thread 0 completed. 
INFO  @ Wed, 22 Feb 2023 17:29:59: All threads completed. 
INFO  @ Wed, 22 Feb 2023 17:30:03: Assigning p values... 
INFO  @ Wed, 22 Feb 2023 17:30:03: Permuting groups of gene with 22 sgRNAs per gene. Group progress: 20/22 
INFO  @ Wed, 22 Feb 2023 17:30:03: Start permuting 2 rounds ... 
INFO  @ Wed, 22 Feb 2023 17:30:03: Collecting 90025 sgRNAs from 18006 genes. 
INFO  @ Wed, 22 Feb 2023 17:30:05: Permuting round 0 ... 
INFO  @ Wed, 22 Feb 2023 17:30:05: Thread 0 started. 
INFO  @ Wed, 22 Feb 2023 17:30:05: Thread 0: total 18006 instances. 
INFO  @ Wed, 22 Feb 2023 17:30:05: Thread 0: Calculating A1CF (1) ...  
INFO  @ Wed, 22 Feb 2023 17:30:13: Thread 0: Calculating ARNT2 (1001) ...  
INFO  @ Wed, 22 Feb 2023 17:30:20: Thread 0: Calculating C2orf44 (2001) ...  
INFO  @ Wed, 22 Feb 2023 17:30:27: Thread 0: Calculating CERS6 (3001) ...  
INFO  @ Wed, 22 Feb 2023 17:30:34: Thread 0: Calculating DBH (4001) ...  
INFO  @ Wed, 22 Feb 2023 17:30:41: Thread 0: Calculating ERCC6L2 (5001) ...  
INFO  @ Wed, 22 Feb 2023 17:30:48: Thread 0: Calculating GANC (6001) ...  
INFO  @ Wed, 22 Feb 2023 17:30:55: Thread 0: Calculating HMBS (7001) ...  
INFO  @ Wed, 22 Feb 2023 17:31:03: Thread 0: Calculating KIAA1147 (8001) ...  
INFO  @ Wed, 22 Feb 2023 17:31:10: Thread 0: Calculating MAGOH (9001) ...  
INFO  @ Wed, 22 Feb 2023 17:31:17: Thread 0: Calculating NANOS3 (10001) ...  
INFO  @ Wed, 22 Feb 2023 17:31:24: Thread 0: Calculating PAXIP1 (11001) ...  
INFO  @ Wed, 22 Feb 2023 17:31:31: Thread 0: Calculating PRG4 (12001) ...  
INFO  @ Wed, 22 Feb 2023 17:31:39: Thread 0: Calculating RNF151 (13001) ...  
INFO  @ Wed, 22 Feb 2023 17:31:46: Thread 0: Calculating SLC25A11 (14001) ...  
INFO  @ Wed, 22 Feb 2023 17:31:53: Thread 0: Calculating SUMO4 (15001) ...  
INFO  @ Wed, 22 Feb 2023 17:32:00: Thread 0: Calculating TNKS2 (16001) ...  
INFO  @ Wed, 22 Feb 2023 17:32:07: Thread 0: Calculating WDHD1 (17001) ...  
INFO  @ Wed, 22 Feb 2023 17:32:14: Thread 0: Calculating ZYG11A (18001) ...  
INFO  @ Wed, 22 Feb 2023 17:32:14: Thread 0 completed. 
INFO  @ Wed, 22 Feb 2023 17:32:14: All threads completed. 
INFO  @ Wed, 22 Feb 2023 17:32:18: Permuting round 1 ... 
INFO  @ Wed, 22 Feb 2023 17:32:19: Thread 0 started. 
INFO  @ Wed, 22 Feb 2023 17:32:19: Thread 0: total 18006 instances. 
INFO  @ Wed, 22 Feb 2023 17:32:19: Thread 0: Calculating A1CF (1) ...  
INFO  @ Wed, 22 Feb 2023 17:32:26: Thread 0: Calculating ARNT2 (1001) ...  
INFO  @ Wed, 22 Feb 2023 17:32:33: Thread 0: Calculating C2orf44 (2001) ...  
INFO  @ Wed, 22 Feb 2023 17:32:41: Thread 0: Calculating CERS6 (3001) ...  
INFO  @ Wed, 22 Feb 2023 17:32:48: Thread 0: Calculating DBH (4001) ...  
INFO  @ Wed, 22 Feb 2023 17:32:55: Thread 0: Calculating ERCC6L2 (5001) ...  
INFO  @ Wed, 22 Feb 2023 17:33:03: Thread 0: Calculating GANC (6001) ...  
INFO  @ Wed, 22 Feb 2023 17:33:10: Thread 0: Calculating HMBS (7001) ...  
INFO  @ Wed, 22 Feb 2023 17:33:17: Thread 0: Calculating KIAA1147 (8001) ...  
INFO  @ Wed, 22 Feb 2023 17:33:25: Thread 0: Calculating MAGOH (9001) ...  
INFO  @ Wed, 22 Feb 2023 17:33:32: Thread 0: Calculating NANOS3 (10001) ...  
INFO  @ Wed, 22 Feb 2023 17:33:39: Thread 0: Calculating PAXIP1 (11001) ...  
INFO  @ Wed, 22 Feb 2023 17:33:46: Thread 0: Calculating PRG4 (12001) ...  
INFO  @ Wed, 22 Feb 2023 17:33:54: Thread 0: Calculating RNF151 (13001) ...  
INFO  @ Wed, 22 Feb 2023 17:34:01: Thread 0: Calculating SLC25A11 (14001) ...  
INFO  @ Wed, 22 Feb 2023 17:34:08: Thread 0: Calculating SUMO4 (15001) ...  
INFO  @ Wed, 22 Feb 2023 17:34:15: Thread 0: Calculating TNKS2 (16001) ...  
INFO  @ Wed, 22 Feb 2023 17:34:22: Thread 0: Calculating WDHD1 (17001) ...  
INFO  @ Wed, 22 Feb 2023 17:34:30: Thread 0: Calculating ZYG11A (18001) ...  
INFO  @ Wed, 22 Feb 2023 17:34:30: Thread 0 completed. 
INFO  @ Wed, 22 Feb 2023 17:34:30: All threads completed. 
INFO  @ Wed, 22 Feb 2023 17:34:34: Assigning p values... 
INFO  @ Wed, 22 Feb 2023 17:34:34: Permuting groups of gene with 23 sgRNAs per gene. Group progress: 21/22 
INFO  @ Wed, 22 Feb 2023 17:34:34: Start permuting 2 rounds ... 
INFO  @ Wed, 22 Feb 2023 17:34:34: Collecting 90025 sgRNAs from 18006 genes. 
INFO  @ Wed, 22 Feb 2023 17:34:35: Permuting round 0 ... 
INFO  @ Wed, 22 Feb 2023 17:34:36: Thread 0 started. 
INFO  @ Wed, 22 Feb 2023 17:34:36: Thread 0: total 18006 instances. 
INFO  @ Wed, 22 Feb 2023 17:34:36: Thread 0: Calculating A1CF (1) ...  
INFO  @ Wed, 22 Feb 2023 17:34:44: Thread 0: Calculating ARNT2 (1001) ...  
INFO  @ Wed, 22 Feb 2023 17:34:51: Thread 0: Calculating C2orf44 (2001) ...  
INFO  @ Wed, 22 Feb 2023 17:34:58: Thread 0: Calculating CERS6 (3001) ...  
INFO  @ Wed, 22 Feb 2023 17:35:05: Thread 0: Calculating DBH (4001) ...  
INFO  @ Wed, 22 Feb 2023 17:35:13: Thread 0: Calculating ERCC6L2 (5001) ...  
INFO  @ Wed, 22 Feb 2023 17:35:20: Thread 0: Calculating GANC (6001) ...  
INFO  @ Wed, 22 Feb 2023 17:35:27: Thread 0: Calculating HMBS (7001) ...  
INFO  @ Wed, 22 Feb 2023 17:35:34: Thread 0: Calculating KIAA1147 (8001) ...  
INFO  @ Wed, 22 Feb 2023 17:35:41: Thread 0: Calculating MAGOH (9001) ...  
INFO  @ Wed, 22 Feb 2023 17:35:49: Thread 0: Calculating NANOS3 (10001) ...  
INFO  @ Wed, 22 Feb 2023 17:35:56: Thread 0: Calculating PAXIP1 (11001) ...  
INFO  @ Wed, 22 Feb 2023 17:36:03: Thread 0: Calculating PRG4 (12001) ...  
INFO  @ Wed, 22 Feb 2023 17:36:10: Thread 0: Calculating RNF151 (13001) ...  
INFO  @ Wed, 22 Feb 2023 17:36:18: Thread 0: Calculating SLC25A11 (14001) ...  
INFO  @ Wed, 22 Feb 2023 17:36:25: Thread 0: Calculating SUMO4 (15001) ...  
INFO  @ Wed, 22 Feb 2023 17:36:32: Thread 0: Calculating TNKS2 (16001) ...  
INFO  @ Wed, 22 Feb 2023 17:36:40: Thread 0: Calculating WDHD1 (17001) ...  
INFO  @ Wed, 22 Feb 2023 17:36:47: Thread 0: Calculating ZYG11A (18001) ...  
INFO  @ Wed, 22 Feb 2023 17:36:47: Thread 0 completed. 
INFO  @ Wed, 22 Feb 2023 17:36:47: All threads completed. 
INFO  @ Wed, 22 Feb 2023 17:36:51: Permuting round 1 ... 
INFO  @ Wed, 22 Feb 2023 17:36:51: Thread 0 started. 
INFO  @ Wed, 22 Feb 2023 17:36:51: Thread 0: total 18006 instances. 
INFO  @ Wed, 22 Feb 2023 17:36:52: Thread 0: Calculating A1CF (1) ...  
INFO  @ Wed, 22 Feb 2023 17:36:59: Thread 0: Calculating ARNT2 (1001) ...  
INFO  @ Wed, 22 Feb 2023 17:37:06: Thread 0: Calculating C2orf44 (2001) ...  
INFO  @ Wed, 22 Feb 2023 17:37:14: Thread 0: Calculating CERS6 (3001) ...  
INFO  @ Wed, 22 Feb 2023 17:37:21: Thread 0: Calculating DBH (4001) ...  
INFO  @ Wed, 22 Feb 2023 17:37:29: Thread 0: Calculating ERCC6L2 (5001) ...  
INFO  @ Wed, 22 Feb 2023 17:37:36: Thread 0: Calculating GANC (6001) ...  
INFO  @ Wed, 22 Feb 2023 17:37:43: Thread 0: Calculating HMBS (7001) ...  
INFO  @ Wed, 22 Feb 2023 17:37:51: Thread 0: Calculating KIAA1147 (8001) ...  
INFO  @ Wed, 22 Feb 2023 17:37:58: Thread 0: Calculating MAGOH (9001) ...  
INFO  @ Wed, 22 Feb 2023 17:38:05: Thread 0: Calculating NANOS3 (10001) ...  
INFO  @ Wed, 22 Feb 2023 17:38:13: Thread 0: Calculating PAXIP1 (11001) ...  
INFO  @ Wed, 22 Feb 2023 17:38:20: Thread 0: Calculating PRG4 (12001) ...  
INFO  @ Wed, 22 Feb 2023 17:38:27: Thread 0: Calculating RNF151 (13001) ...  
INFO  @ Wed, 22 Feb 2023 17:38:35: Thread 0: Calculating SLC25A11 (14001) ...  
INFO  @ Wed, 22 Feb 2023 17:38:42: Thread 0: Calculating SUMO4 (15001) ...  
INFO  @ Wed, 22 Feb 2023 17:38:50: Thread 0: Calculating TNKS2 (16001) ...  
INFO  @ Wed, 22 Feb 2023 17:38:57: Thread 0: Calculating WDHD1 (17001) ...  
INFO  @ Wed, 22 Feb 2023 17:39:04: Thread 0: Calculating ZYG11A (18001) ...  
INFO  @ Wed, 22 Feb 2023 17:39:04: Thread 0 completed. 
INFO  @ Wed, 22 Feb 2023 17:39:04: All threads completed. 
INFO  @ Wed, 22 Feb 2023 17:39:08: Assigning p values... 
INFO  @ Wed, 22 Feb 2023 17:39:09: Permuting groups of gene with 26 sgRNAs per gene. Group progress: 22/22 
INFO  @ Wed, 22 Feb 2023 17:39:09: Start permuting 2 rounds ... 
INFO  @ Wed, 22 Feb 2023 17:39:09: Collecting 90025 sgRNAs from 18006 genes. 
INFO  @ Wed, 22 Feb 2023 17:39:10: Permuting round 0 ... 
INFO  @ Wed, 22 Feb 2023 17:39:11: Thread 0 started. 
INFO  @ Wed, 22 Feb 2023 17:39:11: Thread 0: total 18006 instances. 
INFO  @ Wed, 22 Feb 2023 17:39:11: Thread 0: Calculating A1CF (1) ...  
INFO  @ Wed, 22 Feb 2023 17:39:19: Thread 0: Calculating ARNT2 (1001) ...  
INFO  @ Wed, 22 Feb 2023 17:39:28: Thread 0: Calculating C2orf44 (2001) ...  
INFO  @ Wed, 22 Feb 2023 17:39:36: Thread 0: Calculating CERS6 (3001) ...  
INFO  @ Wed, 22 Feb 2023 17:39:45: Thread 0: Calculating DBH (4001) ...  
INFO  @ Wed, 22 Feb 2023 17:39:53: Thread 0: Calculating ERCC6L2 (5001) ...  
INFO  @ Wed, 22 Feb 2023 17:40:02: Thread 0: Calculating GANC (6001) ...  
INFO  @ Wed, 22 Feb 2023 17:40:10: Thread 0: Calculating HMBS (7001) ...  
INFO  @ Wed, 22 Feb 2023 17:40:19: Thread 0: Calculating KIAA1147 (8001) ...  
INFO  @ Wed, 22 Feb 2023 17:40:27: Thread 0: Calculating MAGOH (9001) ...  
INFO  @ Wed, 22 Feb 2023 17:40:35: Thread 0: Calculating NANOS3 (10001) ...  
INFO  @ Wed, 22 Feb 2023 17:40:44: Thread 0: Calculating PAXIP1 (11001) ...  
INFO  @ Wed, 22 Feb 2023 17:40:53: Thread 0: Calculating PRG4 (12001) ...  
INFO  @ Wed, 22 Feb 2023 17:41:01: Thread 0: Calculating RNF151 (13001) ...  
INFO  @ Wed, 22 Feb 2023 17:41:10: Thread 0: Calculating SLC25A11 (14001) ...  
INFO  @ Wed, 22 Feb 2023 17:41:18: Thread 0: Calculating SUMO4 (15001) ...  
INFO  @ Wed, 22 Feb 2023 17:41:26: Thread 0: Calculating TNKS2 (16001) ...  
INFO  @ Wed, 22 Feb 2023 17:41:35: Thread 0: Calculating WDHD1 (17001) ...  
INFO  @ Wed, 22 Feb 2023 17:41:43: Thread 0: Calculating ZYG11A (18001) ...  
INFO  @ Wed, 22 Feb 2023 17:41:44: Thread 0 completed. 
INFO  @ Wed, 22 Feb 2023 17:41:44: All threads completed. 
INFO  @ Wed, 22 Feb 2023 17:41:48: Permuting round 1 ... 
INFO  @ Wed, 22 Feb 2023 17:41:48: Thread 0 started. 
INFO  @ Wed, 22 Feb 2023 17:41:48: Thread 0: total 18006 instances. 
INFO  @ Wed, 22 Feb 2023 17:41:48: Thread 0: Calculating A1CF (1) ...  
INFO  @ Wed, 22 Feb 2023 17:41:57: Thread 0: Calculating ARNT2 (1001) ...  
INFO  @ Wed, 22 Feb 2023 17:42:06: Thread 0: Calculating C2orf44 (2001) ...  
INFO  @ Wed, 22 Feb 2023 17:42:14: Thread 0: Calculating CERS6 (3001) ...  
INFO  @ Wed, 22 Feb 2023 17:42:23: Thread 0: Calculating DBH (4001) ...  
INFO  @ Wed, 22 Feb 2023 17:42:31: Thread 0: Calculating ERCC6L2 (5001) ...  
INFO  @ Wed, 22 Feb 2023 17:42:40: Thread 0: Calculating GANC (6001) ...  
INFO  @ Wed, 22 Feb 2023 17:42:49: Thread 0: Calculating HMBS (7001) ...  
INFO  @ Wed, 22 Feb 2023 17:42:57: Thread 0: Calculating KIAA1147 (8001) ...  
INFO  @ Wed, 22 Feb 2023 17:43:06: Thread 0: Calculating MAGOH (9001) ...  
INFO  @ Wed, 22 Feb 2023 17:43:15: Thread 0: Calculating NANOS3 (10001) ...  
INFO  @ Wed, 22 Feb 2023 17:43:23: Thread 0: Calculating PAXIP1 (11001) ...  
INFO  @ Wed, 22 Feb 2023 17:43:32: Thread 0: Calculating PRG4 (12001) ...  
INFO  @ Wed, 22 Feb 2023 17:43:41: Thread 0: Calculating RNF151 (13001) ...  
INFO  @ Wed, 22 Feb 2023 17:43:49: Thread 0: Calculating SLC25A11 (14001) ...  
INFO  @ Wed, 22 Feb 2023 17:43:58: Thread 0: Calculating SUMO4 (15001) ...  
INFO  @ Wed, 22 Feb 2023 17:44:06: Thread 0: Calculating TNKS2 (16001) ...  
INFO  @ Wed, 22 Feb 2023 17:44:15: Thread 0: Calculating WDHD1 (17001) ...  
INFO  @ Wed, 22 Feb 2023 17:44:23: Thread 0: Calculating ZYG11A (18001) ...  
INFO  @ Wed, 22 Feb 2023 17:44:23: Thread 0 completed. 
INFO  @ Wed, 22 Feb 2023 17:44:23: All threads completed. 
INFO  @ Wed, 22 Feb 2023 17:44:28: Assigning p values... 
INFO  @ Wed, 22 Feb 2023 17:44:28: Writing gene results to Mel270.gene_summary.txt 
INFO  @ Wed, 22 Feb 2023 17:44:28: Writing sgRNA results to Mel270.sgrna_summary.txt 
