INFO  @ Wed, 22 Feb 2023 15:24:47: Parameters: /home/alessandro.vinceti/miniconda3/envs/mageckenv/bin/mageck mle -k /group/iorio/Alessandro/David_Adams_analysis/results/MP46/MP46_count_norm.tsv -d /group/iorio/Alessandro/David_Adams_analysis/results/MP46/design_matrix.tsv -n MP46 
INFO  @ Wed, 22 Feb 2023 15:24:51: Cannot parse design matrix as a string; try to parse it as a file name ... 
INFO  @ Wed, 22 Feb 2023 15:24:51: Design matrix: 
INFO  @ Wed, 22 Feb 2023 15:24:51: [[1. 0.] 
INFO  @ Wed, 22 Feb 2023 15:24:51:  [1. 1.] 
INFO  @ Wed, 22 Feb 2023 15:24:51:  [1. 1.] 
INFO  @ Wed, 22 Feb 2023 15:24:51:  [1. 1.]] 
INFO  @ Wed, 22 Feb 2023 15:24:51: Beta labels:baseline,MP46 
INFO  @ Wed, 22 Feb 2023 15:24:51: Included samples:Plasmid,MP46_c909R1,MP46_c909R2,MP46_c909R3 
INFO  @ Wed, 22 Feb 2023 15:24:52: Loaded samples:Plasmid;MP46_c909R1;MP46_c909R2;MP46_c909R3 
INFO  @ Wed, 22 Feb 2023 15:24:52: Sample index: 0;1;2;3 
INFO  @ Wed, 22 Feb 2023 15:24:52: Loaded 18006 genes. 
DEBUG @ Wed, 22 Feb 2023 15:24:52: Initial (total) size factor: 0.9999999999999755 1.000000000000009 0.99999999999999 1.0000000000000253 
DEBUG @ Wed, 22 Feb 2023 15:24:53: Median factor: 0.9968051143231459 1.0108109694015897 1.01384602024617 1.0090291901169497 
INFO  @ Wed, 22 Feb 2023 15:24:53: Final size factor: 0.9968051143231459 1.0108109694015897 1.01384602024617 1.0090291901169497 
INFO  @ Wed, 22 Feb 2023 15:24:53: size factor: 1.003205125687004,0.9893046576176455,0.9863430738300791,0.9910516066280469 
INFO  @ Wed, 22 Feb 2023 15:24:53: Thread 0 started. 
INFO  @ Wed, 22 Feb 2023 15:24:53: Thread 0: total 1 instances. 
INFO  @ Wed, 22 Feb 2023 15:24:53: Thread 0 completed. 
INFO  @ Wed, 22 Feb 2023 15:24:53: All threads completed. 
INFO  @ Wed, 22 Feb 2023 15:24:53: Modeling the mean and variance ... 
INFO  @ Wed, 22 Feb 2023 15:24:53: Run the algorithm for the second time ... 
INFO  @ Wed, 22 Feb 2023 15:24:53: Thread 0 started. 
INFO  @ Wed, 22 Feb 2023 15:24:53: Thread 0: total 18006 instances. 
INFO  @ Wed, 22 Feb 2023 15:24:53: Thread 0: Calculating A1CF (1) ...  
INFO  @ Wed, 22 Feb 2023 15:24:57: Thread 0: Calculating ARNT2 (1001) ...  
INFO  @ Wed, 22 Feb 2023 15:25:00: Thread 0: Calculating C2orf44 (2001) ...  
INFO  @ Wed, 22 Feb 2023 15:25:04: Thread 0: Calculating CERS6 (3001) ...  
INFO  @ Wed, 22 Feb 2023 15:25:08: Thread 0: Calculating DBH (4001) ...  
INFO  @ Wed, 22 Feb 2023 15:25:11: Thread 0: Calculating ERCC6L2 (5001) ...  
INFO  @ Wed, 22 Feb 2023 15:25:15: Thread 0: Calculating GANC (6001) ...  
INFO  @ Wed, 22 Feb 2023 15:25:19: Thread 0: Calculating HMBS (7001) ...  
INFO  @ Wed, 22 Feb 2023 15:25:22: Thread 0: Calculating KIAA1147 (8001) ...  
INFO  @ Wed, 22 Feb 2023 15:25:26: Thread 0: Calculating MAGOH (9001) ...  
INFO  @ Wed, 22 Feb 2023 15:25:30: Thread 0: Calculating NANOS3 (10001) ...  
INFO  @ Wed, 22 Feb 2023 15:25:33: Thread 0: Calculating PAXIP1 (11001) ...  
INFO  @ Wed, 22 Feb 2023 15:25:37: Thread 0: Calculating PRG4 (12001) ...  
INFO  @ Wed, 22 Feb 2023 15:25:40: Thread 0: Calculating RNF151 (13001) ...  
INFO  @ Wed, 22 Feb 2023 15:25:44: Thread 0: Calculating SLC25A11 (14001) ...  
INFO  @ Wed, 22 Feb 2023 15:25:47: Thread 0: Calculating SUMO4 (15001) ...  
INFO  @ Wed, 22 Feb 2023 15:25:50: Thread 0: Calculating TNKS2 (16001) ...  
INFO  @ Wed, 22 Feb 2023 15:25:54: Thread 0: Calculating WDHD1 (17001) ...  
INFO  @ Wed, 22 Feb 2023 15:25:57: Thread 0: Calculating ZYG11A (18001) ...  
INFO  @ Wed, 22 Feb 2023 15:25:57: Thread 0 completed. 
INFO  @ Wed, 22 Feb 2023 15:25:57: All threads completed. 
INFO  @ Wed, 22 Feb 2023 15:25:59: Permuting groups of gene with 1 sgRNAs per gene. Group progress: 1/22 
INFO  @ Wed, 22 Feb 2023 15:25:59: Start permuting 2 rounds ... 
INFO  @ Wed, 22 Feb 2023 15:26:00: Collecting 90025 sgRNAs from 18006 genes. 
INFO  @ Wed, 22 Feb 2023 15:26:01: Permuting round 0 ... 
INFO  @ Wed, 22 Feb 2023 15:26:01: Thread 0 started. 
INFO  @ Wed, 22 Feb 2023 15:26:01: Thread 0: total 18006 instances. 
INFO  @ Wed, 22 Feb 2023 15:26:01: Thread 0: Calculating A1CF (1) ...  
INFO  @ Wed, 22 Feb 2023 15:26:03: Thread 0: Calculating ARNT2 (1001) ...  
INFO  @ Wed, 22 Feb 2023 15:26:05: Thread 0: Calculating C2orf44 (2001) ...  
INFO  @ Wed, 22 Feb 2023 15:26:07: Thread 0: Calculating CERS6 (3001) ...  
INFO  @ Wed, 22 Feb 2023 15:26:10: Thread 0: Calculating DBH (4001) ...  
INFO  @ Wed, 22 Feb 2023 15:26:12: Thread 0: Calculating ERCC6L2 (5001) ...  
INFO  @ Wed, 22 Feb 2023 15:26:14: Thread 0: Calculating GANC (6001) ...  
INFO  @ Wed, 22 Feb 2023 15:26:16: Thread 0: Calculating HMBS (7001) ...  
INFO  @ Wed, 22 Feb 2023 15:26:18: Thread 0: Calculating KIAA1147 (8001) ...  
INFO  @ Wed, 22 Feb 2023 15:26:20: Thread 0: Calculating MAGOH (9001) ...  
INFO  @ Wed, 22 Feb 2023 15:26:22: Thread 0: Calculating NANOS3 (10001) ...  
INFO  @ Wed, 22 Feb 2023 15:26:24: Thread 0: Calculating PAXIP1 (11001) ...  
INFO  @ Wed, 22 Feb 2023 15:26:26: Thread 0: Calculating PRG4 (12001) ...  
INFO  @ Wed, 22 Feb 2023 15:26:28: Thread 0: Calculating RNF151 (13001) ...  
INFO  @ Wed, 22 Feb 2023 15:26:31: Thread 0: Calculating SLC25A11 (14001) ...  
INFO  @ Wed, 22 Feb 2023 15:26:33: Thread 0: Calculating SUMO4 (15001) ...  
INFO  @ Wed, 22 Feb 2023 15:26:35: Thread 0: Calculating TNKS2 (16001) ...  
INFO  @ Wed, 22 Feb 2023 15:26:37: Thread 0: Calculating WDHD1 (17001) ...  
INFO  @ Wed, 22 Feb 2023 15:26:39: Thread 0: Calculating ZYG11A (18001) ...  
INFO  @ Wed, 22 Feb 2023 15:26:39: Thread 0 completed. 
INFO  @ Wed, 22 Feb 2023 15:26:39: All threads completed. 
INFO  @ Wed, 22 Feb 2023 15:26:42: Permuting round 1 ... 
INFO  @ Wed, 22 Feb 2023 15:26:42: Thread 0 started. 
INFO  @ Wed, 22 Feb 2023 15:26:42: Thread 0: total 18006 instances. 
INFO  @ Wed, 22 Feb 2023 15:26:42: Thread 0: Calculating A1CF (1) ...  
INFO  @ Wed, 22 Feb 2023 15:26:44: Thread 0: Calculating ARNT2 (1001) ...  
INFO  @ Wed, 22 Feb 2023 15:26:46: Thread 0: Calculating C2orf44 (2001) ...  
INFO  @ Wed, 22 Feb 2023 15:26:49: Thread 0: Calculating CERS6 (3001) ...  
INFO  @ Wed, 22 Feb 2023 15:26:51: Thread 0: Calculating DBH (4001) ...  
INFO  @ Wed, 22 Feb 2023 15:26:53: Thread 0: Calculating ERCC6L2 (5001) ...  
INFO  @ Wed, 22 Feb 2023 15:26:55: Thread 0: Calculating GANC (6001) ...  
INFO  @ Wed, 22 Feb 2023 15:26:57: Thread 0: Calculating HMBS (7001) ...  
INFO  @ Wed, 22 Feb 2023 15:26:59: Thread 0: Calculating KIAA1147 (8001) ...  
INFO  @ Wed, 22 Feb 2023 15:27:01: Thread 0: Calculating MAGOH (9001) ...  
INFO  @ Wed, 22 Feb 2023 15:27:03: Thread 0: Calculating NANOS3 (10001) ...  
INFO  @ Wed, 22 Feb 2023 15:27:06: Thread 0: Calculating PAXIP1 (11001) ...  
INFO  @ Wed, 22 Feb 2023 15:27:08: Thread 0: Calculating PRG4 (12001) ...  
INFO  @ Wed, 22 Feb 2023 15:27:10: Thread 0: Calculating RNF151 (13001) ...  
INFO  @ Wed, 22 Feb 2023 15:27:12: Thread 0: Calculating SLC25A11 (14001) ...  
INFO  @ Wed, 22 Feb 2023 15:27:14: Thread 0: Calculating SUMO4 (15001) ...  
INFO  @ Wed, 22 Feb 2023 15:27:16: Thread 0: Calculating TNKS2 (16001) ...  
INFO  @ Wed, 22 Feb 2023 15:27:18: Thread 0: Calculating WDHD1 (17001) ...  
INFO  @ Wed, 22 Feb 2023 15:27:21: Thread 0: Calculating ZYG11A (18001) ...  
INFO  @ Wed, 22 Feb 2023 15:27:21: Thread 0 completed. 
INFO  @ Wed, 22 Feb 2023 15:27:21: All threads completed. 
INFO  @ Wed, 22 Feb 2023 15:27:23: Assigning p values... 
INFO  @ Wed, 22 Feb 2023 15:27:23: Permuting groups of gene with 2 sgRNAs per gene. Group progress: 2/22 
INFO  @ Wed, 22 Feb 2023 15:27:23: Start permuting 2 rounds ... 
INFO  @ Wed, 22 Feb 2023 15:27:24: Collecting 90025 sgRNAs from 18006 genes. 
INFO  @ Wed, 22 Feb 2023 15:27:25: Permuting round 0 ... 
INFO  @ Wed, 22 Feb 2023 15:27:25: Thread 0 started. 
INFO  @ Wed, 22 Feb 2023 15:27:25: Thread 0: total 18006 instances. 
INFO  @ Wed, 22 Feb 2023 15:27:25: Thread 0: Calculating A1CF (1) ...  
INFO  @ Wed, 22 Feb 2023 15:27:28: Thread 0: Calculating ARNT2 (1001) ...  
INFO  @ Wed, 22 Feb 2023 15:27:30: Thread 0: Calculating C2orf44 (2001) ...  
INFO  @ Wed, 22 Feb 2023 15:27:33: Thread 0: Calculating CERS6 (3001) ...  
INFO  @ Wed, 22 Feb 2023 15:27:35: Thread 0: Calculating DBH (4001) ...  
INFO  @ Wed, 22 Feb 2023 15:27:38: Thread 0: Calculating ERCC6L2 (5001) ...  
INFO  @ Wed, 22 Feb 2023 15:27:41: Thread 0: Calculating GANC (6001) ...  
INFO  @ Wed, 22 Feb 2023 15:27:43: Thread 0: Calculating HMBS (7001) ...  
INFO  @ Wed, 22 Feb 2023 15:27:46: Thread 0: Calculating KIAA1147 (8001) ...  
INFO  @ Wed, 22 Feb 2023 15:27:49: Thread 0: Calculating MAGOH (9001) ...  
INFO  @ Wed, 22 Feb 2023 15:27:51: Thread 0: Calculating NANOS3 (10001) ...  
INFO  @ Wed, 22 Feb 2023 15:27:54: Thread 0: Calculating PAXIP1 (11001) ...  
INFO  @ Wed, 22 Feb 2023 15:27:56: Thread 0: Calculating PRG4 (12001) ...  
INFO  @ Wed, 22 Feb 2023 15:27:59: Thread 0: Calculating RNF151 (13001) ...  
INFO  @ Wed, 22 Feb 2023 15:28:02: Thread 0: Calculating SLC25A11 (14001) ...  
INFO  @ Wed, 22 Feb 2023 15:28:05: Thread 0: Calculating SUMO4 (15001) ...  
INFO  @ Wed, 22 Feb 2023 15:28:07: Thread 0: Calculating TNKS2 (16001) ...  
INFO  @ Wed, 22 Feb 2023 15:28:10: Thread 0: Calculating WDHD1 (17001) ...  
INFO  @ Wed, 22 Feb 2023 15:28:12: Thread 0: Calculating ZYG11A (18001) ...  
INFO  @ Wed, 22 Feb 2023 15:28:12: Thread 0 completed. 
INFO  @ Wed, 22 Feb 2023 15:28:12: All threads completed. 
INFO  @ Wed, 22 Feb 2023 15:28:15: Permuting round 1 ... 
INFO  @ Wed, 22 Feb 2023 15:28:15: Thread 0 started. 
INFO  @ Wed, 22 Feb 2023 15:28:15: Thread 0: total 18006 instances. 
INFO  @ Wed, 22 Feb 2023 15:28:15: Thread 0: Calculating A1CF (1) ...  
INFO  @ Wed, 22 Feb 2023 15:28:18: Thread 0: Calculating ARNT2 (1001) ...  
INFO  @ Wed, 22 Feb 2023 15:28:21: Thread 0: Calculating C2orf44 (2001) ...  
INFO  @ Wed, 22 Feb 2023 15:28:23: Thread 0: Calculating CERS6 (3001) ...  
INFO  @ Wed, 22 Feb 2023 15:28:26: Thread 0: Calculating DBH (4001) ...  
INFO  @ Wed, 22 Feb 2023 15:28:29: Thread 0: Calculating ERCC6L2 (5001) ...  
INFO  @ Wed, 22 Feb 2023 15:28:31: Thread 0: Calculating GANC (6001) ...  
INFO  @ Wed, 22 Feb 2023 15:28:34: Thread 0: Calculating HMBS (7001) ...  
INFO  @ Wed, 22 Feb 2023 15:28:37: Thread 0: Calculating KIAA1147 (8001) ...  
INFO  @ Wed, 22 Feb 2023 15:28:39: Thread 0: Calculating MAGOH (9001) ...  
INFO  @ Wed, 22 Feb 2023 15:28:42: Thread 0: Calculating NANOS3 (10001) ...  
INFO  @ Wed, 22 Feb 2023 15:28:45: Thread 0: Calculating PAXIP1 (11001) ...  
INFO  @ Wed, 22 Feb 2023 15:28:47: Thread 0: Calculating PRG4 (12001) ...  
INFO  @ Wed, 22 Feb 2023 15:28:50: Thread 0: Calculating RNF151 (13001) ...  
INFO  @ Wed, 22 Feb 2023 15:28:53: Thread 0: Calculating SLC25A11 (14001) ...  
INFO  @ Wed, 22 Feb 2023 15:28:55: Thread 0: Calculating SUMO4 (15001) ...  
INFO  @ Wed, 22 Feb 2023 15:28:58: Thread 0: Calculating TNKS2 (16001) ...  
INFO  @ Wed, 22 Feb 2023 15:29:01: Thread 0: Calculating WDHD1 (17001) ...  
INFO  @ Wed, 22 Feb 2023 15:29:03: Thread 0: Calculating ZYG11A (18001) ...  
INFO  @ Wed, 22 Feb 2023 15:29:03: Thread 0 completed. 
INFO  @ Wed, 22 Feb 2023 15:29:03: All threads completed. 
INFO  @ Wed, 22 Feb 2023 15:29:06: Assigning p values... 
INFO  @ Wed, 22 Feb 2023 15:29:06: Permuting groups of gene with 3 sgRNAs per gene. Group progress: 3/22 
INFO  @ Wed, 22 Feb 2023 15:29:06: Start permuting 2 rounds ... 
INFO  @ Wed, 22 Feb 2023 15:29:06: Collecting 90025 sgRNAs from 18006 genes. 
INFO  @ Wed, 22 Feb 2023 15:29:07: Permuting round 0 ... 
INFO  @ Wed, 22 Feb 2023 15:29:08: Thread 0 started. 
INFO  @ Wed, 22 Feb 2023 15:29:08: Thread 0: total 18006 instances. 
INFO  @ Wed, 22 Feb 2023 15:29:08: Thread 0: Calculating A1CF (1) ...  
INFO  @ Wed, 22 Feb 2023 15:29:11: Thread 0: Calculating ARNT2 (1001) ...  
INFO  @ Wed, 22 Feb 2023 15:29:14: Thread 0: Calculating C2orf44 (2001) ...  
INFO  @ Wed, 22 Feb 2023 15:29:17: Thread 0: Calculating CERS6 (3001) ...  
INFO  @ Wed, 22 Feb 2023 15:29:21: Thread 0: Calculating DBH (4001) ...  
INFO  @ Wed, 22 Feb 2023 15:29:24: Thread 0: Calculating ERCC6L2 (5001) ...  
INFO  @ Wed, 22 Feb 2023 15:29:27: Thread 0: Calculating GANC (6001) ...  
INFO  @ Wed, 22 Feb 2023 15:29:30: Thread 0: Calculating HMBS (7001) ...  
INFO  @ Wed, 22 Feb 2023 15:29:34: Thread 0: Calculating KIAA1147 (8001) ...  
INFO  @ Wed, 22 Feb 2023 15:29:37: Thread 0: Calculating MAGOH (9001) ...  
INFO  @ Wed, 22 Feb 2023 15:29:40: Thread 0: Calculating NANOS3 (10001) ...  
INFO  @ Wed, 22 Feb 2023 15:29:44: Thread 0: Calculating PAXIP1 (11001) ...  
INFO  @ Wed, 22 Feb 2023 15:29:47: Thread 0: Calculating PRG4 (12001) ...  
INFO  @ Wed, 22 Feb 2023 15:29:50: Thread 0: Calculating RNF151 (13001) ...  
INFO  @ Wed, 22 Feb 2023 15:29:53: Thread 0: Calculating SLC25A11 (14001) ...  
INFO  @ Wed, 22 Feb 2023 15:29:57: Thread 0: Calculating SUMO4 (15001) ...  
INFO  @ Wed, 22 Feb 2023 15:30:00: Thread 0: Calculating TNKS2 (16001) ...  
INFO  @ Wed, 22 Feb 2023 15:30:03: Thread 0: Calculating WDHD1 (17001) ...  
INFO  @ Wed, 22 Feb 2023 15:30:06: Thread 0: Calculating ZYG11A (18001) ...  
INFO  @ Wed, 22 Feb 2023 15:30:06: Thread 0 completed. 
INFO  @ Wed, 22 Feb 2023 15:30:06: All threads completed. 
INFO  @ Wed, 22 Feb 2023 15:30:09: Permuting round 1 ... 
INFO  @ Wed, 22 Feb 2023 15:30:09: Thread 0 started. 
INFO  @ Wed, 22 Feb 2023 15:30:09: Thread 0: total 18006 instances. 
INFO  @ Wed, 22 Feb 2023 15:30:09: Thread 0: Calculating A1CF (1) ...  
INFO  @ Wed, 22 Feb 2023 15:30:13: Thread 0: Calculating ARNT2 (1001) ...  
INFO  @ Wed, 22 Feb 2023 15:30:16: Thread 0: Calculating C2orf44 (2001) ...  
INFO  @ Wed, 22 Feb 2023 15:30:19: Thread 0: Calculating CERS6 (3001) ...  
INFO  @ Wed, 22 Feb 2023 15:30:22: Thread 0: Calculating DBH (4001) ...  
INFO  @ Wed, 22 Feb 2023 15:30:26: Thread 0: Calculating ERCC6L2 (5001) ...  
INFO  @ Wed, 22 Feb 2023 15:30:29: Thread 0: Calculating GANC (6001) ...  
INFO  @ Wed, 22 Feb 2023 15:30:32: Thread 0: Calculating HMBS (7001) ...  
INFO  @ Wed, 22 Feb 2023 15:30:36: Thread 0: Calculating KIAA1147 (8001) ...  
INFO  @ Wed, 22 Feb 2023 15:30:39: Thread 0: Calculating MAGOH (9001) ...  
INFO  @ Wed, 22 Feb 2023 15:30:42: Thread 0: Calculating NANOS3 (10001) ...  
INFO  @ Wed, 22 Feb 2023 15:30:45: Thread 0: Calculating PAXIP1 (11001) ...  
INFO  @ Wed, 22 Feb 2023 15:30:49: Thread 0: Calculating PRG4 (12001) ...  
INFO  @ Wed, 22 Feb 2023 15:30:52: Thread 0: Calculating RNF151 (13001) ...  
INFO  @ Wed, 22 Feb 2023 15:30:55: Thread 0: Calculating SLC25A11 (14001) ...  
INFO  @ Wed, 22 Feb 2023 15:30:58: Thread 0: Calculating SUMO4 (15001) ...  
INFO  @ Wed, 22 Feb 2023 15:31:02: Thread 0: Calculating TNKS2 (16001) ...  
INFO  @ Wed, 22 Feb 2023 15:31:05: Thread 0: Calculating WDHD1 (17001) ...  
INFO  @ Wed, 22 Feb 2023 15:31:08: Thread 0: Calculating ZYG11A (18001) ...  
INFO  @ Wed, 22 Feb 2023 15:31:08: Thread 0 completed. 
INFO  @ Wed, 22 Feb 2023 15:31:08: All threads completed. 
INFO  @ Wed, 22 Feb 2023 15:31:11: Assigning p values... 
INFO  @ Wed, 22 Feb 2023 15:31:11: Permuting groups of gene with 4 sgRNAs per gene. Group progress: 4/22 
INFO  @ Wed, 22 Feb 2023 15:31:11: Start permuting 2 rounds ... 
INFO  @ Wed, 22 Feb 2023 15:31:11: Collecting 90025 sgRNAs from 18006 genes. 
INFO  @ Wed, 22 Feb 2023 15:31:12: Permuting round 0 ... 
INFO  @ Wed, 22 Feb 2023 15:31:13: Thread 0 started. 
INFO  @ Wed, 22 Feb 2023 15:31:13: Thread 0: total 18006 instances. 
INFO  @ Wed, 22 Feb 2023 15:31:13: Thread 0: Calculating A1CF (1) ...  
INFO  @ Wed, 22 Feb 2023 15:31:16: Thread 0: Calculating ARNT2 (1001) ...  
INFO  @ Wed, 22 Feb 2023 15:31:19: Thread 0: Calculating C2orf44 (2001) ...  
INFO  @ Wed, 22 Feb 2023 15:31:23: Thread 0: Calculating CERS6 (3001) ...  
INFO  @ Wed, 22 Feb 2023 15:31:26: Thread 0: Calculating DBH (4001) ...  
INFO  @ Wed, 22 Feb 2023 15:31:30: Thread 0: Calculating ERCC6L2 (5001) ...  
INFO  @ Wed, 22 Feb 2023 15:31:33: Thread 0: Calculating GANC (6001) ...  
INFO  @ Wed, 22 Feb 2023 15:31:36: Thread 0: Calculating HMBS (7001) ...  
INFO  @ Wed, 22 Feb 2023 15:31:40: Thread 0: Calculating KIAA1147 (8001) ...  
INFO  @ Wed, 22 Feb 2023 15:31:43: Thread 0: Calculating MAGOH (9001) ...  
INFO  @ Wed, 22 Feb 2023 15:31:46: Thread 0: Calculating NANOS3 (10001) ...  
INFO  @ Wed, 22 Feb 2023 15:31:50: Thread 0: Calculating PAXIP1 (11001) ...  
INFO  @ Wed, 22 Feb 2023 15:31:54: Thread 0: Calculating PRG4 (12001) ...  
INFO  @ Wed, 22 Feb 2023 15:31:57: Thread 0: Calculating RNF151 (13001) ...  
INFO  @ Wed, 22 Feb 2023 15:32:00: Thread 0: Calculating SLC25A11 (14001) ...  
INFO  @ Wed, 22 Feb 2023 15:32:04: Thread 0: Calculating SUMO4 (15001) ...  
INFO  @ Wed, 22 Feb 2023 15:32:07: Thread 0: Calculating TNKS2 (16001) ...  
INFO  @ Wed, 22 Feb 2023 15:32:11: Thread 0: Calculating WDHD1 (17001) ...  
INFO  @ Wed, 22 Feb 2023 15:32:14: Thread 0: Calculating ZYG11A (18001) ...  
INFO  @ Wed, 22 Feb 2023 15:32:14: Thread 0 completed. 
INFO  @ Wed, 22 Feb 2023 15:32:14: All threads completed. 
INFO  @ Wed, 22 Feb 2023 15:32:17: Permuting round 1 ... 
INFO  @ Wed, 22 Feb 2023 15:32:17: Thread 0 started. 
INFO  @ Wed, 22 Feb 2023 15:32:17: Thread 0: total 18006 instances. 
INFO  @ Wed, 22 Feb 2023 15:32:17: Thread 0: Calculating A1CF (1) ...  
INFO  @ Wed, 22 Feb 2023 15:32:20: Thread 0: Calculating ARNT2 (1001) ...  
INFO  @ Wed, 22 Feb 2023 15:32:24: Thread 0: Calculating C2orf44 (2001) ...  
INFO  @ Wed, 22 Feb 2023 15:32:27: Thread 0: Calculating CERS6 (3001) ...  
INFO  @ Wed, 22 Feb 2023 15:32:31: Thread 0: Calculating DBH (4001) ...  
INFO  @ Wed, 22 Feb 2023 15:32:34: Thread 0: Calculating ERCC6L2 (5001) ...  
INFO  @ Wed, 22 Feb 2023 15:32:38: Thread 0: Calculating GANC (6001) ...  
INFO  @ Wed, 22 Feb 2023 15:32:41: Thread 0: Calculating HMBS (7001) ...  
INFO  @ Wed, 22 Feb 2023 15:32:44: Thread 0: Calculating KIAA1147 (8001) ...  
INFO  @ Wed, 22 Feb 2023 15:32:48: Thread 0: Calculating MAGOH (9001) ...  
INFO  @ Wed, 22 Feb 2023 15:32:51: Thread 0: Calculating NANOS3 (10001) ...  
INFO  @ Wed, 22 Feb 2023 15:32:55: Thread 0: Calculating PAXIP1 (11001) ...  
INFO  @ Wed, 22 Feb 2023 15:32:58: Thread 0: Calculating PRG4 (12001) ...  
INFO  @ Wed, 22 Feb 2023 15:33:02: Thread 0: Calculating RNF151 (13001) ...  
INFO  @ Wed, 22 Feb 2023 15:33:05: Thread 0: Calculating SLC25A11 (14001) ...  
INFO  @ Wed, 22 Feb 2023 15:33:09: Thread 0: Calculating SUMO4 (15001) ...  
INFO  @ Wed, 22 Feb 2023 15:33:12: Thread 0: Calculating TNKS2 (16001) ...  
INFO  @ Wed, 22 Feb 2023 15:33:15: Thread 0: Calculating WDHD1 (17001) ...  
INFO  @ Wed, 22 Feb 2023 15:33:19: Thread 0: Calculating ZYG11A (18001) ...  
INFO  @ Wed, 22 Feb 2023 15:33:19: Thread 0 completed. 
INFO  @ Wed, 22 Feb 2023 15:33:19: All threads completed. 
INFO  @ Wed, 22 Feb 2023 15:33:22: Assigning p values... 
INFO  @ Wed, 22 Feb 2023 15:33:22: Permuting groups of gene with 5 sgRNAs per gene. Group progress: 5/22 
INFO  @ Wed, 22 Feb 2023 15:33:22: Start permuting 2 rounds ... 
INFO  @ Wed, 22 Feb 2023 15:33:22: Collecting 90025 sgRNAs from 18006 genes. 
INFO  @ Wed, 22 Feb 2023 15:33:23: Permuting round 0 ... 
INFO  @ Wed, 22 Feb 2023 15:33:23: Thread 0 started. 
INFO  @ Wed, 22 Feb 2023 15:33:23: Thread 0: total 18006 instances. 
INFO  @ Wed, 22 Feb 2023 15:33:23: Thread 0: Calculating A1CF (1) ...  
INFO  @ Wed, 22 Feb 2023 15:33:27: Thread 0: Calculating ARNT2 (1001) ...  
INFO  @ Wed, 22 Feb 2023 15:33:31: Thread 0: Calculating C2orf44 (2001) ...  
INFO  @ Wed, 22 Feb 2023 15:33:34: Thread 0: Calculating CERS6 (3001) ...  
INFO  @ Wed, 22 Feb 2023 15:33:38: Thread 0: Calculating DBH (4001) ...  
INFO  @ Wed, 22 Feb 2023 15:33:41: Thread 0: Calculating ERCC6L2 (5001) ...  
INFO  @ Wed, 22 Feb 2023 15:33:45: Thread 0: Calculating GANC (6001) ...  
INFO  @ Wed, 22 Feb 2023 15:33:48: Thread 0: Calculating HMBS (7001) ...  
INFO  @ Wed, 22 Feb 2023 15:33:52: Thread 0: Calculating KIAA1147 (8001) ...  
INFO  @ Wed, 22 Feb 2023 15:33:55: Thread 0: Calculating MAGOH (9001) ...  
INFO  @ Wed, 22 Feb 2023 15:33:59: Thread 0: Calculating NANOS3 (10001) ...  
INFO  @ Wed, 22 Feb 2023 15:34:02: Thread 0: Calculating PAXIP1 (11001) ...  
INFO  @ Wed, 22 Feb 2023 15:34:06: Thread 0: Calculating PRG4 (12001) ...  
INFO  @ Wed, 22 Feb 2023 15:34:09: Thread 0: Calculating RNF151 (13001) ...  
INFO  @ Wed, 22 Feb 2023 15:34:13: Thread 0: Calculating SLC25A11 (14001) ...  
INFO  @ Wed, 22 Feb 2023 15:34:17: Thread 0: Calculating SUMO4 (15001) ...  
INFO  @ Wed, 22 Feb 2023 15:34:20: Thread 0: Calculating TNKS2 (16001) ...  
INFO  @ Wed, 22 Feb 2023 15:34:24: Thread 0: Calculating WDHD1 (17001) ...  
INFO  @ Wed, 22 Feb 2023 15:34:27: Thread 0: Calculating ZYG11A (18001) ...  
INFO  @ Wed, 22 Feb 2023 15:34:27: Thread 0 completed. 
INFO  @ Wed, 22 Feb 2023 15:34:27: All threads completed. 
INFO  @ Wed, 22 Feb 2023 15:34:30: Permuting round 1 ... 
INFO  @ Wed, 22 Feb 2023 15:34:30: Thread 0 started. 
INFO  @ Wed, 22 Feb 2023 15:34:30: Thread 0: total 18006 instances. 
INFO  @ Wed, 22 Feb 2023 15:34:30: Thread 0: Calculating A1CF (1) ...  
INFO  @ Wed, 22 Feb 2023 15:34:34: Thread 0: Calculating ARNT2 (1001) ...  
INFO  @ Wed, 22 Feb 2023 15:34:38: Thread 0: Calculating C2orf44 (2001) ...  
INFO  @ Wed, 22 Feb 2023 15:34:41: Thread 0: Calculating CERS6 (3001) ...  
INFO  @ Wed, 22 Feb 2023 15:34:45: Thread 0: Calculating DBH (4001) ...  
INFO  @ Wed, 22 Feb 2023 15:34:48: Thread 0: Calculating ERCC6L2 (5001) ...  
INFO  @ Wed, 22 Feb 2023 15:34:52: Thread 0: Calculating GANC (6001) ...  
INFO  @ Wed, 22 Feb 2023 15:34:55: Thread 0: Calculating HMBS (7001) ...  
INFO  @ Wed, 22 Feb 2023 15:34:59: Thread 0: Calculating KIAA1147 (8001) ...  
INFO  @ Wed, 22 Feb 2023 15:35:02: Thread 0: Calculating MAGOH (9001) ...  
INFO  @ Wed, 22 Feb 2023 15:35:06: Thread 0: Calculating NANOS3 (10001) ...  
INFO  @ Wed, 22 Feb 2023 15:35:09: Thread 0: Calculating PAXIP1 (11001) ...  
INFO  @ Wed, 22 Feb 2023 15:35:13: Thread 0: Calculating PRG4 (12001) ...  
INFO  @ Wed, 22 Feb 2023 15:35:17: Thread 0: Calculating RNF151 (13001) ...  
INFO  @ Wed, 22 Feb 2023 15:35:20: Thread 0: Calculating SLC25A11 (14001) ...  
INFO  @ Wed, 22 Feb 2023 15:35:24: Thread 0: Calculating SUMO4 (15001) ...  
INFO  @ Wed, 22 Feb 2023 15:35:27: Thread 0: Calculating TNKS2 (16001) ...  
INFO  @ Wed, 22 Feb 2023 15:35:31: Thread 0: Calculating WDHD1 (17001) ...  
INFO  @ Wed, 22 Feb 2023 15:35:34: Thread 0: Calculating ZYG11A (18001) ...  
INFO  @ Wed, 22 Feb 2023 15:35:35: Thread 0 completed. 
INFO  @ Wed, 22 Feb 2023 15:35:35: All threads completed. 
INFO  @ Wed, 22 Feb 2023 15:35:37: Assigning p values... 
INFO  @ Wed, 22 Feb 2023 15:35:39: Permuting groups of gene with 6 sgRNAs per gene. Group progress: 6/22 
INFO  @ Wed, 22 Feb 2023 15:35:39: Start permuting 2 rounds ... 
INFO  @ Wed, 22 Feb 2023 15:35:39: Collecting 90025 sgRNAs from 18006 genes. 
INFO  @ Wed, 22 Feb 2023 15:35:40: Permuting round 0 ... 
INFO  @ Wed, 22 Feb 2023 15:35:40: Thread 0 started. 
INFO  @ Wed, 22 Feb 2023 15:35:40: Thread 0: total 18006 instances. 
INFO  @ Wed, 22 Feb 2023 15:35:40: Thread 0: Calculating A1CF (1) ...  
INFO  @ Wed, 22 Feb 2023 15:35:44: Thread 0: Calculating ARNT2 (1001) ...  
INFO  @ Wed, 22 Feb 2023 15:35:48: Thread 0: Calculating C2orf44 (2001) ...  
INFO  @ Wed, 22 Feb 2023 15:35:51: Thread 0: Calculating CERS6 (3001) ...  
INFO  @ Wed, 22 Feb 2023 15:35:55: Thread 0: Calculating DBH (4001) ...  
INFO  @ Wed, 22 Feb 2023 15:35:59: Thread 0: Calculating ERCC6L2 (5001) ...  
INFO  @ Wed, 22 Feb 2023 15:36:02: Thread 0: Calculating GANC (6001) ...  
INFO  @ Wed, 22 Feb 2023 15:36:06: Thread 0: Calculating HMBS (7001) ...  
INFO  @ Wed, 22 Feb 2023 15:36:10: Thread 0: Calculating KIAA1147 (8001) ...  
INFO  @ Wed, 22 Feb 2023 15:36:13: Thread 0: Calculating MAGOH (9001) ...  
INFO  @ Wed, 22 Feb 2023 15:36:17: Thread 0: Calculating NANOS3 (10001) ...  
INFO  @ Wed, 22 Feb 2023 15:36:21: Thread 0: Calculating PAXIP1 (11001) ...  
INFO  @ Wed, 22 Feb 2023 15:36:24: Thread 0: Calculating PRG4 (12001) ...  
INFO  @ Wed, 22 Feb 2023 15:36:28: Thread 0: Calculating RNF151 (13001) ...  
INFO  @ Wed, 22 Feb 2023 15:36:32: Thread 0: Calculating SLC25A11 (14001) ...  
INFO  @ Wed, 22 Feb 2023 15:36:36: Thread 0: Calculating SUMO4 (15001) ...  
INFO  @ Wed, 22 Feb 2023 15:36:39: Thread 0: Calculating TNKS2 (16001) ...  
INFO  @ Wed, 22 Feb 2023 15:36:43: Thread 0: Calculating WDHD1 (17001) ...  
INFO  @ Wed, 22 Feb 2023 15:36:47: Thread 0: Calculating ZYG11A (18001) ...  
INFO  @ Wed, 22 Feb 2023 15:36:47: Thread 0 completed. 
INFO  @ Wed, 22 Feb 2023 15:36:47: All threads completed. 
INFO  @ Wed, 22 Feb 2023 15:36:50: Permuting round 1 ... 
INFO  @ Wed, 22 Feb 2023 15:36:50: Thread 0 started. 
INFO  @ Wed, 22 Feb 2023 15:36:50: Thread 0: total 18006 instances. 
INFO  @ Wed, 22 Feb 2023 15:36:50: Thread 0: Calculating A1CF (1) ...  
INFO  @ Wed, 22 Feb 2023 15:36:54: Thread 0: Calculating ARNT2 (1001) ...  
INFO  @ Wed, 22 Feb 2023 15:36:58: Thread 0: Calculating C2orf44 (2001) ...  
INFO  @ Wed, 22 Feb 2023 15:37:01: Thread 0: Calculating CERS6 (3001) ...  
INFO  @ Wed, 22 Feb 2023 15:37:05: Thread 0: Calculating DBH (4001) ...  
INFO  @ Wed, 22 Feb 2023 15:37:09: Thread 0: Calculating ERCC6L2 (5001) ...  
INFO  @ Wed, 22 Feb 2023 15:37:12: Thread 0: Calculating GANC (6001) ...  
INFO  @ Wed, 22 Feb 2023 15:37:16: Thread 0: Calculating HMBS (7001) ...  
INFO  @ Wed, 22 Feb 2023 15:37:20: Thread 0: Calculating KIAA1147 (8001) ...  
INFO  @ Wed, 22 Feb 2023 15:37:23: Thread 0: Calculating MAGOH (9001) ...  
INFO  @ Wed, 22 Feb 2023 15:37:27: Thread 0: Calculating NANOS3 (10001) ...  
INFO  @ Wed, 22 Feb 2023 15:37:31: Thread 0: Calculating PAXIP1 (11001) ...  
INFO  @ Wed, 22 Feb 2023 15:37:34: Thread 0: Calculating PRG4 (12001) ...  
INFO  @ Wed, 22 Feb 2023 15:37:38: Thread 0: Calculating RNF151 (13001) ...  
INFO  @ Wed, 22 Feb 2023 15:37:42: Thread 0: Calculating SLC25A11 (14001) ...  
INFO  @ Wed, 22 Feb 2023 15:37:46: Thread 0: Calculating SUMO4 (15001) ...  
INFO  @ Wed, 22 Feb 2023 15:37:49: Thread 0: Calculating TNKS2 (16001) ...  
INFO  @ Wed, 22 Feb 2023 15:37:53: Thread 0: Calculating WDHD1 (17001) ...  
INFO  @ Wed, 22 Feb 2023 15:37:57: Thread 0: Calculating ZYG11A (18001) ...  
INFO  @ Wed, 22 Feb 2023 15:37:57: Thread 0 completed. 
INFO  @ Wed, 22 Feb 2023 15:37:57: All threads completed. 
INFO  @ Wed, 22 Feb 2023 15:38:00: Assigning p values... 
INFO  @ Wed, 22 Feb 2023 15:38:00: Permuting groups of gene with 7 sgRNAs per gene. Group progress: 7/22 
INFO  @ Wed, 22 Feb 2023 15:38:00: Start permuting 2 rounds ... 
INFO  @ Wed, 22 Feb 2023 15:38:01: Collecting 90025 sgRNAs from 18006 genes. 
INFO  @ Wed, 22 Feb 2023 15:38:02: Permuting round 0 ... 
INFO  @ Wed, 22 Feb 2023 15:38:02: Thread 0 started. 
INFO  @ Wed, 22 Feb 2023 15:38:02: Thread 0: total 18006 instances. 
INFO  @ Wed, 22 Feb 2023 15:38:02: Thread 0: Calculating A1CF (1) ...  
INFO  @ Wed, 22 Feb 2023 15:38:06: Thread 0: Calculating ARNT2 (1001) ...  
INFO  @ Wed, 22 Feb 2023 15:38:10: Thread 0: Calculating C2orf44 (2001) ...  
INFO  @ Wed, 22 Feb 2023 15:38:13: Thread 0: Calculating CERS6 (3001) ...  
INFO  @ Wed, 22 Feb 2023 15:38:17: Thread 0: Calculating DBH (4001) ...  
INFO  @ Wed, 22 Feb 2023 15:38:21: Thread 0: Calculating ERCC6L2 (5001) ...  
INFO  @ Wed, 22 Feb 2023 15:38:25: Thread 0: Calculating GANC (6001) ...  
INFO  @ Wed, 22 Feb 2023 15:38:29: Thread 0: Calculating HMBS (7001) ...  
INFO  @ Wed, 22 Feb 2023 15:38:33: Thread 0: Calculating KIAA1147 (8001) ...  
INFO  @ Wed, 22 Feb 2023 15:38:36: Thread 0: Calculating MAGOH (9001) ...  
INFO  @ Wed, 22 Feb 2023 15:38:40: Thread 0: Calculating NANOS3 (10001) ...  
INFO  @ Wed, 22 Feb 2023 15:38:44: Thread 0: Calculating PAXIP1 (11001) ...  
INFO  @ Wed, 22 Feb 2023 15:38:48: Thread 0: Calculating PRG4 (12001) ...  
INFO  @ Wed, 22 Feb 2023 15:38:51: Thread 0: Calculating RNF151 (13001) ...  
INFO  @ Wed, 22 Feb 2023 15:38:55: Thread 0: Calculating SLC25A11 (14001) ...  
INFO  @ Wed, 22 Feb 2023 15:38:59: Thread 0: Calculating SUMO4 (15001) ...  
INFO  @ Wed, 22 Feb 2023 15:39:03: Thread 0: Calculating TNKS2 (16001) ...  
INFO  @ Wed, 22 Feb 2023 15:39:07: Thread 0: Calculating WDHD1 (17001) ...  
INFO  @ Wed, 22 Feb 2023 15:39:10: Thread 0: Calculating ZYG11A (18001) ...  
INFO  @ Wed, 22 Feb 2023 15:39:10: Thread 0 completed. 
INFO  @ Wed, 22 Feb 2023 15:39:10: All threads completed. 
INFO  @ Wed, 22 Feb 2023 15:39:14: Permuting round 1 ... 
INFO  @ Wed, 22 Feb 2023 15:39:14: Thread 0 started. 
INFO  @ Wed, 22 Feb 2023 15:39:14: Thread 0: total 18006 instances. 
INFO  @ Wed, 22 Feb 2023 15:39:14: Thread 0: Calculating A1CF (1) ...  
INFO  @ Wed, 22 Feb 2023 15:39:18: Thread 0: Calculating ARNT2 (1001) ...  
INFO  @ Wed, 22 Feb 2023 15:39:22: Thread 0: Calculating C2orf44 (2001) ...  
INFO  @ Wed, 22 Feb 2023 15:39:25: Thread 0: Calculating CERS6 (3001) ...  
INFO  @ Wed, 22 Feb 2023 15:39:29: Thread 0: Calculating DBH (4001) ...  
INFO  @ Wed, 22 Feb 2023 15:39:33: Thread 0: Calculating ERCC6L2 (5001) ...  
INFO  @ Wed, 22 Feb 2023 15:39:37: Thread 0: Calculating GANC (6001) ...  
INFO  @ Wed, 22 Feb 2023 15:39:41: Thread 0: Calculating HMBS (7001) ...  
INFO  @ Wed, 22 Feb 2023 15:39:45: Thread 0: Calculating KIAA1147 (8001) ...  
INFO  @ Wed, 22 Feb 2023 15:39:49: Thread 0: Calculating MAGOH (9001) ...  
INFO  @ Wed, 22 Feb 2023 15:39:52: Thread 0: Calculating NANOS3 (10001) ...  
INFO  @ Wed, 22 Feb 2023 15:39:56: Thread 0: Calculating PAXIP1 (11001) ...  
INFO  @ Wed, 22 Feb 2023 15:40:00: Thread 0: Calculating PRG4 (12001) ...  
INFO  @ Wed, 22 Feb 2023 15:40:04: Thread 0: Calculating RNF151 (13001) ...  
INFO  @ Wed, 22 Feb 2023 15:40:08: Thread 0: Calculating SLC25A11 (14001) ...  
INFO  @ Wed, 22 Feb 2023 15:40:11: Thread 0: Calculating SUMO4 (15001) ...  
INFO  @ Wed, 22 Feb 2023 15:40:15: Thread 0: Calculating TNKS2 (16001) ...  
INFO  @ Wed, 22 Feb 2023 15:40:19: Thread 0: Calculating WDHD1 (17001) ...  
INFO  @ Wed, 22 Feb 2023 15:40:23: Thread 0: Calculating ZYG11A (18001) ...  
INFO  @ Wed, 22 Feb 2023 15:40:23: Thread 0 completed. 
INFO  @ Wed, 22 Feb 2023 15:40:23: All threads completed. 
INFO  @ Wed, 22 Feb 2023 15:40:26: Assigning p values... 
INFO  @ Wed, 22 Feb 2023 15:40:26: Permuting groups of gene with 8 sgRNAs per gene. Group progress: 8/22 
INFO  @ Wed, 22 Feb 2023 15:40:26: Start permuting 2 rounds ... 
INFO  @ Wed, 22 Feb 2023 15:40:26: Collecting 90025 sgRNAs from 18006 genes. 
INFO  @ Wed, 22 Feb 2023 15:40:28: Permuting round 0 ... 
INFO  @ Wed, 22 Feb 2023 15:40:28: Thread 0 started. 
INFO  @ Wed, 22 Feb 2023 15:40:28: Thread 0: total 18006 instances. 
INFO  @ Wed, 22 Feb 2023 15:40:28: Thread 0: Calculating A1CF (1) ...  
INFO  @ Wed, 22 Feb 2023 15:40:32: Thread 0: Calculating ARNT2 (1001) ...  
INFO  @ Wed, 22 Feb 2023 15:40:36: Thread 0: Calculating C2orf44 (2001) ...  
INFO  @ Wed, 22 Feb 2023 15:40:40: Thread 0: Calculating CERS6 (3001) ...  
INFO  @ Wed, 22 Feb 2023 15:40:44: Thread 0: Calculating DBH (4001) ...  
INFO  @ Wed, 22 Feb 2023 15:40:47: Thread 0: Calculating ERCC6L2 (5001) ...  
INFO  @ Wed, 22 Feb 2023 15:40:51: Thread 0: Calculating GANC (6001) ...  
INFO  @ Wed, 22 Feb 2023 15:40:55: Thread 0: Calculating HMBS (7001) ...  
INFO  @ Wed, 22 Feb 2023 15:40:59: Thread 0: Calculating KIAA1147 (8001) ...  
INFO  @ Wed, 22 Feb 2023 15:41:03: Thread 0: Calculating MAGOH (9001) ...  
INFO  @ Wed, 22 Feb 2023 15:41:07: Thread 0: Calculating NANOS3 (10001) ...  
INFO  @ Wed, 22 Feb 2023 15:41:11: Thread 0: Calculating PAXIP1 (11001) ...  
INFO  @ Wed, 22 Feb 2023 15:41:15: Thread 0: Calculating PRG4 (12001) ...  
INFO  @ Wed, 22 Feb 2023 15:41:19: Thread 0: Calculating RNF151 (13001) ...  
INFO  @ Wed, 22 Feb 2023 15:41:23: Thread 0: Calculating SLC25A11 (14001) ...  
INFO  @ Wed, 22 Feb 2023 15:41:27: Thread 0: Calculating SUMO4 (15001) ...  
INFO  @ Wed, 22 Feb 2023 15:41:30: Thread 0: Calculating TNKS2 (16001) ...  
INFO  @ Wed, 22 Feb 2023 15:41:34: Thread 0: Calculating WDHD1 (17001) ...  
INFO  @ Wed, 22 Feb 2023 15:41:38: Thread 0: Calculating ZYG11A (18001) ...  
INFO  @ Wed, 22 Feb 2023 15:41:38: Thread 0 completed. 
INFO  @ Wed, 22 Feb 2023 15:41:38: All threads completed. 
INFO  @ Wed, 22 Feb 2023 15:41:41: Permuting round 1 ... 
INFO  @ Wed, 22 Feb 2023 15:41:42: Thread 0 started. 
INFO  @ Wed, 22 Feb 2023 15:41:42: Thread 0: total 18006 instances. 
INFO  @ Wed, 22 Feb 2023 15:41:42: Thread 0: Calculating A1CF (1) ...  
INFO  @ Wed, 22 Feb 2023 15:41:46: Thread 0: Calculating ARNT2 (1001) ...  
INFO  @ Wed, 22 Feb 2023 15:41:50: Thread 0: Calculating C2orf44 (2001) ...  
INFO  @ Wed, 22 Feb 2023 15:41:54: Thread 0: Calculating CERS6 (3001) ...  
INFO  @ Wed, 22 Feb 2023 15:41:57: Thread 0: Calculating DBH (4001) ...  
INFO  @ Wed, 22 Feb 2023 15:42:01: Thread 0: Calculating ERCC6L2 (5001) ...  
INFO  @ Wed, 22 Feb 2023 15:42:05: Thread 0: Calculating GANC (6001) ...  
INFO  @ Wed, 22 Feb 2023 15:42:09: Thread 0: Calculating HMBS (7001) ...  
INFO  @ Wed, 22 Feb 2023 15:42:14: Thread 0: Calculating KIAA1147 (8001) ...  
INFO  @ Wed, 22 Feb 2023 15:42:17: Thread 0: Calculating MAGOH (9001) ...  
INFO  @ Wed, 22 Feb 2023 15:42:21: Thread 0: Calculating NANOS3 (10001) ...  
INFO  @ Wed, 22 Feb 2023 15:42:25: Thread 0: Calculating PAXIP1 (11001) ...  
INFO  @ Wed, 22 Feb 2023 15:42:29: Thread 0: Calculating PRG4 (12001) ...  
INFO  @ Wed, 22 Feb 2023 15:42:33: Thread 0: Calculating RNF151 (13001) ...  
INFO  @ Wed, 22 Feb 2023 15:42:37: Thread 0: Calculating SLC25A11 (14001) ...  
INFO  @ Wed, 22 Feb 2023 15:42:41: Thread 0: Calculating SUMO4 (15001) ...  
INFO  @ Wed, 22 Feb 2023 15:42:45: Thread 0: Calculating TNKS2 (16001) ...  
INFO  @ Wed, 22 Feb 2023 15:42:49: Thread 0: Calculating WDHD1 (17001) ...  
INFO  @ Wed, 22 Feb 2023 15:42:53: Thread 0: Calculating ZYG11A (18001) ...  
INFO  @ Wed, 22 Feb 2023 15:42:53: Thread 0 completed. 
INFO  @ Wed, 22 Feb 2023 15:42:53: All threads completed. 
INFO  @ Wed, 22 Feb 2023 15:42:56: Assigning p values... 
INFO  @ Wed, 22 Feb 2023 15:42:56: Permuting groups of gene with 9 sgRNAs per gene. Group progress: 9/22 
INFO  @ Wed, 22 Feb 2023 15:42:56: Start permuting 2 rounds ... 
INFO  @ Wed, 22 Feb 2023 15:42:56: Collecting 90025 sgRNAs from 18006 genes. 
INFO  @ Wed, 22 Feb 2023 15:42:58: Permuting round 0 ... 
INFO  @ Wed, 22 Feb 2023 15:42:58: Thread 0 started. 
INFO  @ Wed, 22 Feb 2023 15:42:58: Thread 0: total 18006 instances. 
INFO  @ Wed, 22 Feb 2023 15:42:58: Thread 0: Calculating A1CF (1) ...  
INFO  @ Wed, 22 Feb 2023 15:43:02: Thread 0: Calculating ARNT2 (1001) ...  
INFO  @ Wed, 22 Feb 2023 15:43:06: Thread 0: Calculating C2orf44 (2001) ...  
INFO  @ Wed, 22 Feb 2023 15:43:10: Thread 0: Calculating CERS6 (3001) ...  
INFO  @ Wed, 22 Feb 2023 15:43:14: Thread 0: Calculating DBH (4001) ...  
INFO  @ Wed, 22 Feb 2023 15:43:18: Thread 0: Calculating ERCC6L2 (5001) ...  
INFO  @ Wed, 22 Feb 2023 15:43:22: Thread 0: Calculating GANC (6001) ...  
INFO  @ Wed, 22 Feb 2023 15:43:26: Thread 0: Calculating HMBS (7001) ...  
INFO  @ Wed, 22 Feb 2023 15:43:30: Thread 0: Calculating KIAA1147 (8001) ...  
INFO  @ Wed, 22 Feb 2023 15:43:34: Thread 0: Calculating MAGOH (9001) ...  
INFO  @ Wed, 22 Feb 2023 15:43:38: Thread 0: Calculating NANOS3 (10001) ...  
INFO  @ Wed, 22 Feb 2023 15:43:42: Thread 0: Calculating PAXIP1 (11001) ...  
INFO  @ Wed, 22 Feb 2023 15:43:46: Thread 0: Calculating PRG4 (12001) ...  
INFO  @ Wed, 22 Feb 2023 15:43:50: Thread 0: Calculating RNF151 (13001) ...  
INFO  @ Wed, 22 Feb 2023 15:43:55: Thread 0: Calculating SLC25A11 (14001) ...  
INFO  @ Wed, 22 Feb 2023 15:43:59: Thread 0: Calculating SUMO4 (15001) ...  
INFO  @ Wed, 22 Feb 2023 15:44:03: Thread 0: Calculating TNKS2 (16001) ...  
INFO  @ Wed, 22 Feb 2023 15:44:07: Thread 0: Calculating WDHD1 (17001) ...  
INFO  @ Wed, 22 Feb 2023 15:44:11: Thread 0: Calculating ZYG11A (18001) ...  
INFO  @ Wed, 22 Feb 2023 15:44:11: Thread 0 completed. 
INFO  @ Wed, 22 Feb 2023 15:44:11: All threads completed. 
INFO  @ Wed, 22 Feb 2023 15:44:14: Permuting round 1 ... 
INFO  @ Wed, 22 Feb 2023 15:44:14: Thread 0 started. 
INFO  @ Wed, 22 Feb 2023 15:44:14: Thread 0: total 18006 instances. 
INFO  @ Wed, 22 Feb 2023 15:44:14: Thread 0: Calculating A1CF (1) ...  
INFO  @ Wed, 22 Feb 2023 15:44:18: Thread 0: Calculating ARNT2 (1001) ...  
INFO  @ Wed, 22 Feb 2023 15:44:22: Thread 0: Calculating C2orf44 (2001) ...  
INFO  @ Wed, 22 Feb 2023 15:44:27: Thread 0: Calculating CERS6 (3001) ...  
INFO  @ Wed, 22 Feb 2023 15:44:31: Thread 0: Calculating DBH (4001) ...  
INFO  @ Wed, 22 Feb 2023 15:44:35: Thread 0: Calculating ERCC6L2 (5001) ...  
INFO  @ Wed, 22 Feb 2023 15:44:39: Thread 0: Calculating GANC (6001) ...  
INFO  @ Wed, 22 Feb 2023 15:44:43: Thread 0: Calculating HMBS (7001) ...  
INFO  @ Wed, 22 Feb 2023 15:44:47: Thread 0: Calculating KIAA1147 (8001) ...  
INFO  @ Wed, 22 Feb 2023 15:44:51: Thread 0: Calculating MAGOH (9001) ...  
INFO  @ Wed, 22 Feb 2023 15:44:55: Thread 0: Calculating NANOS3 (10001) ...  
INFO  @ Wed, 22 Feb 2023 15:44:59: Thread 0: Calculating PAXIP1 (11001) ...  
INFO  @ Wed, 22 Feb 2023 15:45:03: Thread 0: Calculating PRG4 (12001) ...  
INFO  @ Wed, 22 Feb 2023 15:45:07: Thread 0: Calculating RNF151 (13001) ...  
INFO  @ Wed, 22 Feb 2023 15:45:11: Thread 0: Calculating SLC25A11 (14001) ...  
INFO  @ Wed, 22 Feb 2023 15:45:15: Thread 0: Calculating SUMO4 (15001) ...  
INFO  @ Wed, 22 Feb 2023 15:45:19: Thread 0: Calculating TNKS2 (16001) ...  
INFO  @ Wed, 22 Feb 2023 15:45:23: Thread 0: Calculating WDHD1 (17001) ...  
INFO  @ Wed, 22 Feb 2023 15:45:27: Thread 0: Calculating ZYG11A (18001) ...  
INFO  @ Wed, 22 Feb 2023 15:45:28: Thread 0 completed. 
INFO  @ Wed, 22 Feb 2023 15:45:28: All threads completed. 
INFO  @ Wed, 22 Feb 2023 15:45:31: Assigning p values... 
INFO  @ Wed, 22 Feb 2023 15:45:31: Permuting groups of gene with 10 sgRNAs per gene. Group progress: 10/22 
INFO  @ Wed, 22 Feb 2023 15:45:31: Start permuting 2 rounds ... 
INFO  @ Wed, 22 Feb 2023 15:45:31: Collecting 90025 sgRNAs from 18006 genes. 
INFO  @ Wed, 22 Feb 2023 15:45:32: Permuting round 0 ... 
INFO  @ Wed, 22 Feb 2023 15:45:33: Thread 0 started. 
INFO  @ Wed, 22 Feb 2023 15:45:33: Thread 0: total 18006 instances. 
INFO  @ Wed, 22 Feb 2023 15:45:33: Thread 0: Calculating A1CF (1) ...  
INFO  @ Wed, 22 Feb 2023 15:45:37: Thread 0: Calculating ARNT2 (1001) ...  
INFO  @ Wed, 22 Feb 2023 15:45:41: Thread 0: Calculating C2orf44 (2001) ...  
INFO  @ Wed, 22 Feb 2023 15:45:45: Thread 0: Calculating CERS6 (3001) ...  
INFO  @ Wed, 22 Feb 2023 15:45:49: Thread 0: Calculating DBH (4001) ...  
INFO  @ Wed, 22 Feb 2023 15:45:54: Thread 0: Calculating ERCC6L2 (5001) ...  
INFO  @ Wed, 22 Feb 2023 15:45:58: Thread 0: Calculating GANC (6001) ...  
INFO  @ Wed, 22 Feb 2023 15:46:02: Thread 0: Calculating HMBS (7001) ...  
INFO  @ Wed, 22 Feb 2023 15:46:06: Thread 0: Calculating KIAA1147 (8001) ...  
INFO  @ Wed, 22 Feb 2023 15:46:10: Thread 0: Calculating MAGOH (9001) ...  
INFO  @ Wed, 22 Feb 2023 15:46:14: Thread 0: Calculating NANOS3 (10001) ...  
INFO  @ Wed, 22 Feb 2023 15:46:19: Thread 0: Calculating PAXIP1 (11001) ...  
INFO  @ Wed, 22 Feb 2023 15:46:23: Thread 0: Calculating PRG4 (12001) ...  
INFO  @ Wed, 22 Feb 2023 15:46:27: Thread 0: Calculating RNF151 (13001) ...  
INFO  @ Wed, 22 Feb 2023 15:46:31: Thread 0: Calculating SLC25A11 (14001) ...  
INFO  @ Wed, 22 Feb 2023 15:46:35: Thread 0: Calculating SUMO4 (15001) ...  
INFO  @ Wed, 22 Feb 2023 15:46:39: Thread 0: Calculating TNKS2 (16001) ...  
INFO  @ Wed, 22 Feb 2023 15:46:43: Thread 0: Calculating WDHD1 (17001) ...  
INFO  @ Wed, 22 Feb 2023 15:46:47: Thread 0: Calculating ZYG11A (18001) ...  
INFO  @ Wed, 22 Feb 2023 15:46:47: Thread 0 completed. 
INFO  @ Wed, 22 Feb 2023 15:46:47: All threads completed. 
INFO  @ Wed, 22 Feb 2023 15:46:51: Permuting round 1 ... 
INFO  @ Wed, 22 Feb 2023 15:46:51: Thread 0 started. 
INFO  @ Wed, 22 Feb 2023 15:46:51: Thread 0: total 18006 instances. 
INFO  @ Wed, 22 Feb 2023 15:46:51: Thread 0: Calculating A1CF (1) ...  
INFO  @ Wed, 22 Feb 2023 15:46:55: Thread 0: Calculating ARNT2 (1001) ...  
INFO  @ Wed, 22 Feb 2023 15:46:59: Thread 0: Calculating C2orf44 (2001) ...  
INFO  @ Wed, 22 Feb 2023 15:47:03: Thread 0: Calculating CERS6 (3001) ...  
INFO  @ Wed, 22 Feb 2023 15:47:08: Thread 0: Calculating DBH (4001) ...  
INFO  @ Wed, 22 Feb 2023 15:47:12: Thread 0: Calculating ERCC6L2 (5001) ...  
INFO  @ Wed, 22 Feb 2023 15:47:16: Thread 0: Calculating GANC (6001) ...  
INFO  @ Wed, 22 Feb 2023 15:47:20: Thread 0: Calculating HMBS (7001) ...  
INFO  @ Wed, 22 Feb 2023 15:47:24: Thread 0: Calculating KIAA1147 (8001) ...  
INFO  @ Wed, 22 Feb 2023 15:47:28: Thread 0: Calculating MAGOH (9001) ...  
INFO  @ Wed, 22 Feb 2023 15:47:33: Thread 0: Calculating NANOS3 (10001) ...  
INFO  @ Wed, 22 Feb 2023 15:47:37: Thread 0: Calculating PAXIP1 (11001) ...  
INFO  @ Wed, 22 Feb 2023 15:47:41: Thread 0: Calculating PRG4 (12001) ...  
INFO  @ Wed, 22 Feb 2023 15:47:45: Thread 0: Calculating RNF151 (13001) ...  
INFO  @ Wed, 22 Feb 2023 15:47:49: Thread 0: Calculating SLC25A11 (14001) ...  
INFO  @ Wed, 22 Feb 2023 15:47:53: Thread 0: Calculating SUMO4 (15001) ...  
INFO  @ Wed, 22 Feb 2023 15:47:57: Thread 0: Calculating TNKS2 (16001) ...  
INFO  @ Wed, 22 Feb 2023 15:48:02: Thread 0: Calculating WDHD1 (17001) ...  
INFO  @ Wed, 22 Feb 2023 15:48:06: Thread 0: Calculating ZYG11A (18001) ...  
INFO  @ Wed, 22 Feb 2023 15:48:06: Thread 0 completed. 
INFO  @ Wed, 22 Feb 2023 15:48:06: All threads completed. 
INFO  @ Wed, 22 Feb 2023 15:48:09: Assigning p values... 
INFO  @ Wed, 22 Feb 2023 15:48:09: Permuting groups of gene with 11 sgRNAs per gene. Group progress: 11/22 
INFO  @ Wed, 22 Feb 2023 15:48:09: Start permuting 2 rounds ... 
INFO  @ Wed, 22 Feb 2023 15:48:10: Collecting 90025 sgRNAs from 18006 genes. 
INFO  @ Wed, 22 Feb 2023 15:48:11: Permuting round 0 ... 
INFO  @ Wed, 22 Feb 2023 15:48:11: Thread 0 started. 
INFO  @ Wed, 22 Feb 2023 15:48:11: Thread 0: total 18006 instances. 
INFO  @ Wed, 22 Feb 2023 15:48:11: Thread 0: Calculating A1CF (1) ...  
INFO  @ Wed, 22 Feb 2023 15:48:16: Thread 0: Calculating ARNT2 (1001) ...  
INFO  @ Wed, 22 Feb 2023 15:48:20: Thread 0: Calculating C2orf44 (2001) ...  
INFO  @ Wed, 22 Feb 2023 15:48:24: Thread 0: Calculating CERS6 (3001) ...  
INFO  @ Wed, 22 Feb 2023 15:48:28: Thread 0: Calculating DBH (4001) ...  
INFO  @ Wed, 22 Feb 2023 15:48:32: Thread 0: Calculating ERCC6L2 (5001) ...  
INFO  @ Wed, 22 Feb 2023 15:48:37: Thread 0: Calculating GANC (6001) ...  
INFO  @ Wed, 22 Feb 2023 15:48:41: Thread 0: Calculating HMBS (7001) ...  
INFO  @ Wed, 22 Feb 2023 15:48:45: Thread 0: Calculating KIAA1147 (8001) ...  
INFO  @ Wed, 22 Feb 2023 15:48:50: Thread 0: Calculating MAGOH (9001) ...  
INFO  @ Wed, 22 Feb 2023 15:48:54: Thread 0: Calculating NANOS3 (10001) ...  
INFO  @ Wed, 22 Feb 2023 15:48:58: Thread 0: Calculating PAXIP1 (11001) ...  
INFO  @ Wed, 22 Feb 2023 15:49:02: Thread 0: Calculating PRG4 (12001) ...  
INFO  @ Wed, 22 Feb 2023 15:49:06: Thread 0: Calculating RNF151 (13001) ...  
INFO  @ Wed, 22 Feb 2023 15:49:11: Thread 0: Calculating SLC25A11 (14001) ...  
INFO  @ Wed, 22 Feb 2023 15:49:15: Thread 0: Calculating SUMO4 (15001) ...  
INFO  @ Wed, 22 Feb 2023 15:49:19: Thread 0: Calculating TNKS2 (16001) ...  
INFO  @ Wed, 22 Feb 2023 15:49:23: Thread 0: Calculating WDHD1 (17001) ...  
INFO  @ Wed, 22 Feb 2023 15:49:27: Thread 0: Calculating ZYG11A (18001) ...  
INFO  @ Wed, 22 Feb 2023 15:49:27: Thread 0 completed. 
INFO  @ Wed, 22 Feb 2023 15:49:27: All threads completed. 
INFO  @ Wed, 22 Feb 2023 15:49:31: Permuting round 1 ... 
INFO  @ Wed, 22 Feb 2023 15:49:31: Thread 0 started. 
INFO  @ Wed, 22 Feb 2023 15:49:31: Thread 0: total 18006 instances. 
INFO  @ Wed, 22 Feb 2023 15:49:31: Thread 0: Calculating A1CF (1) ...  
INFO  @ Wed, 22 Feb 2023 15:49:35: Thread 0: Calculating ARNT2 (1001) ...  
INFO  @ Wed, 22 Feb 2023 15:49:40: Thread 0: Calculating C2orf44 (2001) ...  
INFO  @ Wed, 22 Feb 2023 15:49:44: Thread 0: Calculating CERS6 (3001) ...  
INFO  @ Wed, 22 Feb 2023 15:49:48: Thread 0: Calculating DBH (4001) ...  
INFO  @ Wed, 22 Feb 2023 15:49:52: Thread 0: Calculating ERCC6L2 (5001) ...  
INFO  @ Wed, 22 Feb 2023 15:49:57: Thread 0: Calculating GANC (6001) ...  
INFO  @ Wed, 22 Feb 2023 15:50:01: Thread 0: Calculating HMBS (7001) ...  
INFO  @ Wed, 22 Feb 2023 15:50:05: Thread 0: Calculating KIAA1147 (8001) ...  
INFO  @ Wed, 22 Feb 2023 15:50:10: Thread 0: Calculating MAGOH (9001) ...  
INFO  @ Wed, 22 Feb 2023 15:50:14: Thread 0: Calculating NANOS3 (10001) ...  
INFO  @ Wed, 22 Feb 2023 15:50:18: Thread 0: Calculating PAXIP1 (11001) ...  
INFO  @ Wed, 22 Feb 2023 15:50:22: Thread 0: Calculating PRG4 (12001) ...  
INFO  @ Wed, 22 Feb 2023 15:50:27: Thread 0: Calculating RNF151 (13001) ...  
INFO  @ Wed, 22 Feb 2023 15:50:31: Thread 0: Calculating SLC25A11 (14001) ...  
INFO  @ Wed, 22 Feb 2023 15:50:35: Thread 0: Calculating SUMO4 (15001) ...  
INFO  @ Wed, 22 Feb 2023 15:50:39: Thread 0: Calculating TNKS2 (16001) ...  
INFO  @ Wed, 22 Feb 2023 15:50:43: Thread 0: Calculating WDHD1 (17001) ...  
INFO  @ Wed, 22 Feb 2023 15:50:48: Thread 0: Calculating ZYG11A (18001) ...  
INFO  @ Wed, 22 Feb 2023 15:50:48: Thread 0 completed. 
INFO  @ Wed, 22 Feb 2023 15:50:48: All threads completed. 
INFO  @ Wed, 22 Feb 2023 15:50:51: Assigning p values... 
INFO  @ Wed, 22 Feb 2023 15:50:51: Permuting groups of gene with 12 sgRNAs per gene. Group progress: 12/22 
INFO  @ Wed, 22 Feb 2023 15:50:51: Start permuting 2 rounds ... 
INFO  @ Wed, 22 Feb 2023 15:50:52: Collecting 90025 sgRNAs from 18006 genes. 
INFO  @ Wed, 22 Feb 2023 15:50:53: Permuting round 0 ... 
INFO  @ Wed, 22 Feb 2023 15:50:53: Thread 0 started. 
INFO  @ Wed, 22 Feb 2023 15:50:53: Thread 0: total 18006 instances. 
INFO  @ Wed, 22 Feb 2023 15:50:53: Thread 0: Calculating A1CF (1) ...  
INFO  @ Wed, 22 Feb 2023 15:50:58: Thread 0: Calculating ARNT2 (1001) ...  
INFO  @ Wed, 22 Feb 2023 15:51:02: Thread 0: Calculating C2orf44 (2001) ...  
INFO  @ Wed, 22 Feb 2023 15:51:06: Thread 0: Calculating CERS6 (3001) ...  
INFO  @ Wed, 22 Feb 2023 15:51:11: Thread 0: Calculating DBH (4001) ...  
INFO  @ Wed, 22 Feb 2023 15:51:15: Thread 0: Calculating ERCC6L2 (5001) ...  
INFO  @ Wed, 22 Feb 2023 15:51:19: Thread 0: Calculating GANC (6001) ...  
INFO  @ Wed, 22 Feb 2023 15:51:24: Thread 0: Calculating HMBS (7001) ...  
INFO  @ Wed, 22 Feb 2023 15:51:28: Thread 0: Calculating KIAA1147 (8001) ...  
INFO  @ Wed, 22 Feb 2023 15:51:32: Thread 0: Calculating MAGOH (9001) ...  
INFO  @ Wed, 22 Feb 2023 15:51:37: Thread 0: Calculating NANOS3 (10001) ...  
INFO  @ Wed, 22 Feb 2023 15:51:41: Thread 0: Calculating PAXIP1 (11001) ...  
INFO  @ Wed, 22 Feb 2023 15:51:45: Thread 0: Calculating PRG4 (12001) ...  
INFO  @ Wed, 22 Feb 2023 15:51:50: Thread 0: Calculating RNF151 (13001) ...  
INFO  @ Wed, 22 Feb 2023 15:51:54: Thread 0: Calculating SLC25A11 (14001) ...  
INFO  @ Wed, 22 Feb 2023 15:51:59: Thread 0: Calculating SUMO4 (15001) ...  
INFO  @ Wed, 22 Feb 2023 15:52:03: Thread 0: Calculating TNKS2 (16001) ...  
INFO  @ Wed, 22 Feb 2023 15:52:07: Thread 0: Calculating WDHD1 (17001) ...  
INFO  @ Wed, 22 Feb 2023 15:52:12: Thread 0: Calculating ZYG11A (18001) ...  
INFO  @ Wed, 22 Feb 2023 15:52:12: Thread 0 completed. 
INFO  @ Wed, 22 Feb 2023 15:52:12: All threads completed. 
INFO  @ Wed, 22 Feb 2023 15:52:15: Permuting round 1 ... 
INFO  @ Wed, 22 Feb 2023 15:52:15: Thread 0 started. 
INFO  @ Wed, 22 Feb 2023 15:52:15: Thread 0: total 18006 instances. 
INFO  @ Wed, 22 Feb 2023 15:52:15: Thread 0: Calculating A1CF (1) ...  
INFO  @ Wed, 22 Feb 2023 15:52:20: Thread 0: Calculating ARNT2 (1001) ...  
INFO  @ Wed, 22 Feb 2023 15:52:24: Thread 0: Calculating C2orf44 (2001) ...  
INFO  @ Wed, 22 Feb 2023 15:52:28: Thread 0: Calculating CERS6 (3001) ...  
INFO  @ Wed, 22 Feb 2023 15:52:33: Thread 0: Calculating DBH (4001) ...  
INFO  @ Wed, 22 Feb 2023 15:52:37: Thread 0: Calculating ERCC6L2 (5001) ...  
INFO  @ Wed, 22 Feb 2023 15:52:41: Thread 0: Calculating GANC (6001) ...  
INFO  @ Wed, 22 Feb 2023 15:52:46: Thread 0: Calculating HMBS (7001) ...  
INFO  @ Wed, 22 Feb 2023 15:52:50: Thread 0: Calculating KIAA1147 (8001) ...  
INFO  @ Wed, 22 Feb 2023 15:52:55: Thread 0: Calculating MAGOH (9001) ...  
INFO  @ Wed, 22 Feb 2023 15:52:59: Thread 0: Calculating NANOS3 (10001) ...  
INFO  @ Wed, 22 Feb 2023 15:53:03: Thread 0: Calculating PAXIP1 (11001) ...  
INFO  @ Wed, 22 Feb 2023 15:53:08: Thread 0: Calculating PRG4 (12001) ...  
INFO  @ Wed, 22 Feb 2023 15:53:12: Thread 0: Calculating RNF151 (13001) ...  
INFO  @ Wed, 22 Feb 2023 15:53:17: Thread 0: Calculating SLC25A11 (14001) ...  
INFO  @ Wed, 22 Feb 2023 15:53:21: Thread 0: Calculating SUMO4 (15001) ...  
INFO  @ Wed, 22 Feb 2023 15:53:25: Thread 0: Calculating TNKS2 (16001) ...  
INFO  @ Wed, 22 Feb 2023 15:53:30: Thread 0: Calculating WDHD1 (17001) ...  
INFO  @ Wed, 22 Feb 2023 15:53:34: Thread 0: Calculating ZYG11A (18001) ...  
INFO  @ Wed, 22 Feb 2023 15:53:34: Thread 0 completed. 
INFO  @ Wed, 22 Feb 2023 15:53:34: All threads completed. 
INFO  @ Wed, 22 Feb 2023 15:53:37: Assigning p values... 
INFO  @ Wed, 22 Feb 2023 15:53:38: Permuting groups of gene with 13 sgRNAs per gene. Group progress: 13/22 
INFO  @ Wed, 22 Feb 2023 15:53:38: Start permuting 2 rounds ... 
INFO  @ Wed, 22 Feb 2023 15:53:38: Collecting 90025 sgRNAs from 18006 genes. 
INFO  @ Wed, 22 Feb 2023 15:53:39: Permuting round 0 ... 
INFO  @ Wed, 22 Feb 2023 15:53:39: Thread 0 started. 
INFO  @ Wed, 22 Feb 2023 15:53:39: Thread 0: total 18006 instances. 
INFO  @ Wed, 22 Feb 2023 15:53:39: Thread 0: Calculating A1CF (1) ...  
INFO  @ Wed, 22 Feb 2023 15:53:44: Thread 0: Calculating ARNT2 (1001) ...  
INFO  @ Wed, 22 Feb 2023 15:53:49: Thread 0: Calculating C2orf44 (2001) ...  
INFO  @ Wed, 22 Feb 2023 15:53:53: Thread 0: Calculating CERS6 (3001) ...  
INFO  @ Wed, 22 Feb 2023 15:53:58: Thread 0: Calculating DBH (4001) ...  
INFO  @ Wed, 22 Feb 2023 15:54:03: Thread 0: Calculating ERCC6L2 (5001) ...  
INFO  @ Wed, 22 Feb 2023 15:54:07: Thread 0: Calculating GANC (6001) ...  
INFO  @ Wed, 22 Feb 2023 15:54:12: Thread 0: Calculating HMBS (7001) ...  
INFO  @ Wed, 22 Feb 2023 15:54:16: Thread 0: Calculating KIAA1147 (8001) ...  
INFO  @ Wed, 22 Feb 2023 15:54:21: Thread 0: Calculating MAGOH (9001) ...  
INFO  @ Wed, 22 Feb 2023 15:54:25: Thread 0: Calculating NANOS3 (10001) ...  
INFO  @ Wed, 22 Feb 2023 15:54:30: Thread 0: Calculating PAXIP1 (11001) ...  
INFO  @ Wed, 22 Feb 2023 15:54:34: Thread 0: Calculating PRG4 (12001) ...  
INFO  @ Wed, 22 Feb 2023 15:54:39: Thread 0: Calculating RNF151 (13001) ...  
INFO  @ Wed, 22 Feb 2023 15:54:43: Thread 0: Calculating SLC25A11 (14001) ...  
INFO  @ Wed, 22 Feb 2023 15:54:47: Thread 0: Calculating SUMO4 (15001) ...  
INFO  @ Wed, 22 Feb 2023 15:54:52: Thread 0: Calculating TNKS2 (16001) ...  
INFO  @ Wed, 22 Feb 2023 15:54:56: Thread 0: Calculating WDHD1 (17001) ...  
INFO  @ Wed, 22 Feb 2023 15:55:01: Thread 0: Calculating ZYG11A (18001) ...  
INFO  @ Wed, 22 Feb 2023 15:55:01: Thread 0 completed. 
INFO  @ Wed, 22 Feb 2023 15:55:01: All threads completed. 
INFO  @ Wed, 22 Feb 2023 15:55:04: Permuting round 1 ... 
INFO  @ Wed, 22 Feb 2023 15:55:05: Thread 0 started. 
INFO  @ Wed, 22 Feb 2023 15:55:05: Thread 0: total 18006 instances. 
INFO  @ Wed, 22 Feb 2023 15:55:05: Thread 0: Calculating A1CF (1) ...  
INFO  @ Wed, 22 Feb 2023 15:55:09: Thread 0: Calculating ARNT2 (1001) ...  
INFO  @ Wed, 22 Feb 2023 15:55:14: Thread 0: Calculating C2orf44 (2001) ...  
INFO  @ Wed, 22 Feb 2023 15:55:18: Thread 0: Calculating CERS6 (3001) ...  
INFO  @ Wed, 22 Feb 2023 15:55:23: Thread 0: Calculating DBH (4001) ...  
INFO  @ Wed, 22 Feb 2023 15:55:27: Thread 0: Calculating ERCC6L2 (5001) ...  
INFO  @ Wed, 22 Feb 2023 15:55:31: Thread 0: Calculating GANC (6001) ...  
INFO  @ Wed, 22 Feb 2023 15:55:36: Thread 0: Calculating HMBS (7001) ...  
INFO  @ Wed, 22 Feb 2023 15:55:41: Thread 0: Calculating KIAA1147 (8001) ...  
INFO  @ Wed, 22 Feb 2023 15:55:45: Thread 0: Calculating MAGOH (9001) ...  
INFO  @ Wed, 22 Feb 2023 15:55:50: Thread 0: Calculating NANOS3 (10001) ...  
INFO  @ Wed, 22 Feb 2023 15:55:54: Thread 0: Calculating PAXIP1 (11001) ...  
INFO  @ Wed, 22 Feb 2023 15:55:59: Thread 0: Calculating PRG4 (12001) ...  
INFO  @ Wed, 22 Feb 2023 15:56:03: Thread 0: Calculating RNF151 (13001) ...  
INFO  @ Wed, 22 Feb 2023 15:56:08: Thread 0: Calculating SLC25A11 (14001) ...  
INFO  @ Wed, 22 Feb 2023 15:56:12: Thread 0: Calculating SUMO4 (15001) ...  
INFO  @ Wed, 22 Feb 2023 15:56:17: Thread 0: Calculating TNKS2 (16001) ...  
INFO  @ Wed, 22 Feb 2023 15:56:21: Thread 0: Calculating WDHD1 (17001) ...  
INFO  @ Wed, 22 Feb 2023 15:56:26: Thread 0: Calculating ZYG11A (18001) ...  
INFO  @ Wed, 22 Feb 2023 15:56:26: Thread 0 completed. 
INFO  @ Wed, 22 Feb 2023 15:56:26: All threads completed. 
INFO  @ Wed, 22 Feb 2023 15:56:29: Assigning p values... 
INFO  @ Wed, 22 Feb 2023 15:56:30: Permuting groups of gene with 14 sgRNAs per gene. Group progress: 14/22 
INFO  @ Wed, 22 Feb 2023 15:56:30: Start permuting 2 rounds ... 
INFO  @ Wed, 22 Feb 2023 15:56:30: Collecting 90025 sgRNAs from 18006 genes. 
INFO  @ Wed, 22 Feb 2023 15:56:31: Permuting round 0 ... 
INFO  @ Wed, 22 Feb 2023 15:56:32: Thread 0 started. 
INFO  @ Wed, 22 Feb 2023 15:56:32: Thread 0: total 18006 instances. 
INFO  @ Wed, 22 Feb 2023 15:56:32: Thread 0: Calculating A1CF (1) ...  
INFO  @ Wed, 22 Feb 2023 15:56:36: Thread 0: Calculating ARNT2 (1001) ...  
INFO  @ Wed, 22 Feb 2023 15:56:41: Thread 0: Calculating C2orf44 (2001) ...  
INFO  @ Wed, 22 Feb 2023 15:56:45: Thread 0: Calculating CERS6 (3001) ...  
INFO  @ Wed, 22 Feb 2023 15:56:50: Thread 0: Calculating DBH (4001) ...  
INFO  @ Wed, 22 Feb 2023 15:56:55: Thread 0: Calculating ERCC6L2 (5001) ...  
INFO  @ Wed, 22 Feb 2023 15:56:59: Thread 0: Calculating GANC (6001) ...  
INFO  @ Wed, 22 Feb 2023 15:57:04: Thread 0: Calculating HMBS (7001) ...  
INFO  @ Wed, 22 Feb 2023 15:57:08: Thread 0: Calculating KIAA1147 (8001) ...  
INFO  @ Wed, 22 Feb 2023 15:57:13: Thread 0: Calculating MAGOH (9001) ...  
INFO  @ Wed, 22 Feb 2023 15:57:18: Thread 0: Calculating NANOS3 (10001) ...  
INFO  @ Wed, 22 Feb 2023 15:57:22: Thread 0: Calculating PAXIP1 (11001) ...  
INFO  @ Wed, 22 Feb 2023 15:57:27: Thread 0: Calculating PRG4 (12001) ...  
INFO  @ Wed, 22 Feb 2023 15:57:31: Thread 0: Calculating RNF151 (13001) ...  
INFO  @ Wed, 22 Feb 2023 15:57:36: Thread 0: Calculating SLC25A11 (14001) ...  
INFO  @ Wed, 22 Feb 2023 15:57:41: Thread 0: Calculating SUMO4 (15001) ...  
INFO  @ Wed, 22 Feb 2023 15:57:45: Thread 0: Calculating TNKS2 (16001) ...  
INFO  @ Wed, 22 Feb 2023 15:57:50: Thread 0: Calculating WDHD1 (17001) ...  
INFO  @ Wed, 22 Feb 2023 15:57:54: Thread 0: Calculating ZYG11A (18001) ...  
INFO  @ Wed, 22 Feb 2023 15:57:54: Thread 0 completed. 
INFO  @ Wed, 22 Feb 2023 15:57:54: All threads completed. 
INFO  @ Wed, 22 Feb 2023 15:57:58: Permuting round 1 ... 
INFO  @ Wed, 22 Feb 2023 15:57:58: Thread 0 started. 
INFO  @ Wed, 22 Feb 2023 15:57:58: Thread 0: total 18006 instances. 
INFO  @ Wed, 22 Feb 2023 15:57:58: Thread 0: Calculating A1CF (1) ...  
INFO  @ Wed, 22 Feb 2023 15:58:03: Thread 0: Calculating ARNT2 (1001) ...  
INFO  @ Wed, 22 Feb 2023 15:58:08: Thread 0: Calculating C2orf44 (2001) ...  
INFO  @ Wed, 22 Feb 2023 15:58:12: Thread 0: Calculating CERS6 (3001) ...  
INFO  @ Wed, 22 Feb 2023 15:58:17: Thread 0: Calculating DBH (4001) ...  
INFO  @ Wed, 22 Feb 2023 15:58:22: Thread 0: Calculating ERCC6L2 (5001) ...  
INFO  @ Wed, 22 Feb 2023 15:58:26: Thread 0: Calculating GANC (6001) ...  
INFO  @ Wed, 22 Feb 2023 15:58:31: Thread 0: Calculating HMBS (7001) ...  
INFO  @ Wed, 22 Feb 2023 15:58:36: Thread 0: Calculating KIAA1147 (8001) ...  
INFO  @ Wed, 22 Feb 2023 15:58:41: Thread 0: Calculating MAGOH (9001) ...  
INFO  @ Wed, 22 Feb 2023 15:58:45: Thread 0: Calculating NANOS3 (10001) ...  
INFO  @ Wed, 22 Feb 2023 15:58:50: Thread 0: Calculating PAXIP1 (11001) ...  
INFO  @ Wed, 22 Feb 2023 15:58:54: Thread 0: Calculating PRG4 (12001) ...  
INFO  @ Wed, 22 Feb 2023 15:58:59: Thread 0: Calculating RNF151 (13001) ...  
INFO  @ Wed, 22 Feb 2023 15:59:04: Thread 0: Calculating SLC25A11 (14001) ...  
INFO  @ Wed, 22 Feb 2023 15:59:08: Thread 0: Calculating SUMO4 (15001) ...  
INFO  @ Wed, 22 Feb 2023 15:59:13: Thread 0: Calculating TNKS2 (16001) ...  
INFO  @ Wed, 22 Feb 2023 15:59:17: Thread 0: Calculating WDHD1 (17001) ...  
INFO  @ Wed, 22 Feb 2023 15:59:22: Thread 0: Calculating ZYG11A (18001) ...  
INFO  @ Wed, 22 Feb 2023 15:59:22: Thread 0 completed. 
INFO  @ Wed, 22 Feb 2023 15:59:22: All threads completed. 
INFO  @ Wed, 22 Feb 2023 15:59:26: Assigning p values... 
INFO  @ Wed, 22 Feb 2023 15:59:26: Permuting groups of gene with 15 sgRNAs per gene. Group progress: 15/22 
INFO  @ Wed, 22 Feb 2023 15:59:26: Start permuting 2 rounds ... 
INFO  @ Wed, 22 Feb 2023 15:59:26: Collecting 90025 sgRNAs from 18006 genes. 
INFO  @ Wed, 22 Feb 2023 15:59:27: Permuting round 0 ... 
INFO  @ Wed, 22 Feb 2023 15:59:28: Thread 0 started. 
INFO  @ Wed, 22 Feb 2023 15:59:28: Thread 0: total 18006 instances. 
INFO  @ Wed, 22 Feb 2023 15:59:28: Thread 0: Calculating A1CF (1) ...  
INFO  @ Wed, 22 Feb 2023 15:59:33: Thread 0: Calculating ARNT2 (1001) ...  
INFO  @ Wed, 22 Feb 2023 15:59:37: Thread 0: Calculating C2orf44 (2001) ...  
INFO  @ Wed, 22 Feb 2023 15:59:42: Thread 0: Calculating CERS6 (3001) ...  
INFO  @ Wed, 22 Feb 2023 15:59:47: Thread 0: Calculating DBH (4001) ...  
INFO  @ Wed, 22 Feb 2023 15:59:52: Thread 0: Calculating ERCC6L2 (5001) ...  
INFO  @ Wed, 22 Feb 2023 15:59:56: Thread 0: Calculating GANC (6001) ...  
INFO  @ Wed, 22 Feb 2023 16:00:01: Thread 0: Calculating HMBS (7001) ...  
INFO  @ Wed, 22 Feb 2023 16:00:06: Thread 0: Calculating KIAA1147 (8001) ...  
INFO  @ Wed, 22 Feb 2023 16:00:10: Thread 0: Calculating MAGOH (9001) ...  
INFO  @ Wed, 22 Feb 2023 16:00:15: Thread 0: Calculating NANOS3 (10001) ...  
INFO  @ Wed, 22 Feb 2023 16:00:20: Thread 0: Calculating PAXIP1 (11001) ...  
INFO  @ Wed, 22 Feb 2023 16:00:24: Thread 0: Calculating PRG4 (12001) ...  
INFO  @ Wed, 22 Feb 2023 16:00:29: Thread 0: Calculating RNF151 (13001) ...  
INFO  @ Wed, 22 Feb 2023 16:00:34: Thread 0: Calculating SLC25A11 (14001) ...  
INFO  @ Wed, 22 Feb 2023 16:00:38: Thread 0: Calculating SUMO4 (15001) ...  
INFO  @ Wed, 22 Feb 2023 16:00:43: Thread 0: Calculating TNKS2 (16001) ...  
INFO  @ Wed, 22 Feb 2023 16:00:48: Thread 0: Calculating WDHD1 (17001) ...  
INFO  @ Wed, 22 Feb 2023 16:00:53: Thread 0: Calculating ZYG11A (18001) ...  
INFO  @ Wed, 22 Feb 2023 16:00:53: Thread 0 completed. 
INFO  @ Wed, 22 Feb 2023 16:00:53: All threads completed. 
INFO  @ Wed, 22 Feb 2023 16:00:56: Permuting round 1 ... 
INFO  @ Wed, 22 Feb 2023 16:00:57: Thread 0 started. 
INFO  @ Wed, 22 Feb 2023 16:00:57: Thread 0: total 18006 instances. 
INFO  @ Wed, 22 Feb 2023 16:00:57: Thread 0: Calculating A1CF (1) ...  
INFO  @ Wed, 22 Feb 2023 16:01:02: Thread 0: Calculating ARNT2 (1001) ...  
INFO  @ Wed, 22 Feb 2023 16:01:06: Thread 0: Calculating C2orf44 (2001) ...  
INFO  @ Wed, 22 Feb 2023 16:01:11: Thread 0: Calculating CERS6 (3001) ...  
INFO  @ Wed, 22 Feb 2023 16:01:16: Thread 0: Calculating DBH (4001) ...  
INFO  @ Wed, 22 Feb 2023 16:01:21: Thread 0: Calculating ERCC6L2 (5001) ...  
INFO  @ Wed, 22 Feb 2023 16:01:25: Thread 0: Calculating GANC (6001) ...  
INFO  @ Wed, 22 Feb 2023 16:01:30: Thread 0: Calculating HMBS (7001) ...  
INFO  @ Wed, 22 Feb 2023 16:01:35: Thread 0: Calculating KIAA1147 (8001) ...  
INFO  @ Wed, 22 Feb 2023 16:01:40: Thread 0: Calculating MAGOH (9001) ...  
INFO  @ Wed, 22 Feb 2023 16:01:44: Thread 0: Calculating NANOS3 (10001) ...  
INFO  @ Wed, 22 Feb 2023 16:01:49: Thread 0: Calculating PAXIP1 (11001) ...  
INFO  @ Wed, 22 Feb 2023 16:01:54: Thread 0: Calculating PRG4 (12001) ...  
INFO  @ Wed, 22 Feb 2023 16:01:59: Thread 0: Calculating RNF151 (13001) ...  
INFO  @ Wed, 22 Feb 2023 16:02:03: Thread 0: Calculating SLC25A11 (14001) ...  
INFO  @ Wed, 22 Feb 2023 16:02:08: Thread 0: Calculating SUMO4 (15001) ...  
INFO  @ Wed, 22 Feb 2023 16:02:13: Thread 0: Calculating TNKS2 (16001) ...  
INFO  @ Wed, 22 Feb 2023 16:02:18: Thread 0: Calculating WDHD1 (17001) ...  
INFO  @ Wed, 22 Feb 2023 16:02:23: Thread 0: Calculating ZYG11A (18001) ...  
INFO  @ Wed, 22 Feb 2023 16:02:23: Thread 0 completed. 
INFO  @ Wed, 22 Feb 2023 16:02:23: All threads completed. 
INFO  @ Wed, 22 Feb 2023 16:02:26: Assigning p values... 
INFO  @ Wed, 22 Feb 2023 16:02:26: Permuting groups of gene with 16 sgRNAs per gene. Group progress: 16/22 
INFO  @ Wed, 22 Feb 2023 16:02:26: Start permuting 2 rounds ... 
INFO  @ Wed, 22 Feb 2023 16:02:27: Collecting 90025 sgRNAs from 18006 genes. 
INFO  @ Wed, 22 Feb 2023 16:02:28: Permuting round 0 ... 
INFO  @ Wed, 22 Feb 2023 16:02:28: Thread 0 started. 
INFO  @ Wed, 22 Feb 2023 16:02:28: Thread 0: total 18006 instances. 
INFO  @ Wed, 22 Feb 2023 16:02:28: Thread 0: Calculating A1CF (1) ...  
INFO  @ Wed, 22 Feb 2023 16:02:33: Thread 0: Calculating ARNT2 (1001) ...  
INFO  @ Wed, 22 Feb 2023 16:02:38: Thread 0: Calculating C2orf44 (2001) ...  
INFO  @ Wed, 22 Feb 2023 16:02:43: Thread 0: Calculating CERS6 (3001) ...  
INFO  @ Wed, 22 Feb 2023 16:02:48: Thread 0: Calculating DBH (4001) ...  
INFO  @ Wed, 22 Feb 2023 16:02:53: Thread 0: Calculating ERCC6L2 (5001) ...  
INFO  @ Wed, 22 Feb 2023 16:02:57: Thread 0: Calculating GANC (6001) ...  
INFO  @ Wed, 22 Feb 2023 16:03:02: Thread 0: Calculating HMBS (7001) ...  
INFO  @ Wed, 22 Feb 2023 16:03:07: Thread 0: Calculating KIAA1147 (8001) ...  
INFO  @ Wed, 22 Feb 2023 16:03:12: Thread 0: Calculating MAGOH (9001) ...  
INFO  @ Wed, 22 Feb 2023 16:03:17: Thread 0: Calculating NANOS3 (10001) ...  
INFO  @ Wed, 22 Feb 2023 16:03:22: Thread 0: Calculating PAXIP1 (11001) ...  
INFO  @ Wed, 22 Feb 2023 16:03:27: Thread 0: Calculating PRG4 (12001) ...  
INFO  @ Wed, 22 Feb 2023 16:03:31: Thread 0: Calculating RNF151 (13001) ...  
INFO  @ Wed, 22 Feb 2023 16:03:36: Thread 0: Calculating SLC25A11 (14001) ...  
INFO  @ Wed, 22 Feb 2023 16:03:41: Thread 0: Calculating SUMO4 (15001) ...  
INFO  @ Wed, 22 Feb 2023 16:03:46: Thread 0: Calculating TNKS2 (16001) ...  
INFO  @ Wed, 22 Feb 2023 16:03:51: Thread 0: Calculating WDHD1 (17001) ...  
INFO  @ Wed, 22 Feb 2023 16:03:56: Thread 0: Calculating ZYG11A (18001) ...  
INFO  @ Wed, 22 Feb 2023 16:03:56: Thread 0 completed. 
INFO  @ Wed, 22 Feb 2023 16:03:56: All threads completed. 
INFO  @ Wed, 22 Feb 2023 16:04:00: Permuting round 1 ... 
INFO  @ Wed, 22 Feb 2023 16:04:00: Thread 0 started. 
INFO  @ Wed, 22 Feb 2023 16:04:00: Thread 0: total 18006 instances. 
INFO  @ Wed, 22 Feb 2023 16:04:00: Thread 0: Calculating A1CF (1) ...  
INFO  @ Wed, 22 Feb 2023 16:04:05: Thread 0: Calculating ARNT2 (1001) ...  
INFO  @ Wed, 22 Feb 2023 16:04:10: Thread 0: Calculating C2orf44 (2001) ...  
INFO  @ Wed, 22 Feb 2023 16:04:15: Thread 0: Calculating CERS6 (3001) ...  
INFO  @ Wed, 22 Feb 2023 16:04:20: Thread 0: Calculating DBH (4001) ...  
INFO  @ Wed, 22 Feb 2023 16:04:25: Thread 0: Calculating ERCC6L2 (5001) ...  
INFO  @ Wed, 22 Feb 2023 16:04:30: Thread 0: Calculating GANC (6001) ...  
INFO  @ Wed, 22 Feb 2023 16:04:34: Thread 0: Calculating HMBS (7001) ...  
INFO  @ Wed, 22 Feb 2023 16:04:39: Thread 0: Calculating KIAA1147 (8001) ...  
INFO  @ Wed, 22 Feb 2023 16:04:44: Thread 0: Calculating MAGOH (9001) ...  
INFO  @ Wed, 22 Feb 2023 16:04:49: Thread 0: Calculating NANOS3 (10001) ...  
INFO  @ Wed, 22 Feb 2023 16:04:54: Thread 0: Calculating PAXIP1 (11001) ...  
INFO  @ Wed, 22 Feb 2023 16:04:59: Thread 0: Calculating PRG4 (12001) ...  
INFO  @ Wed, 22 Feb 2023 16:05:04: Thread 0: Calculating RNF151 (13001) ...  
INFO  @ Wed, 22 Feb 2023 16:05:08: Thread 0: Calculating SLC25A11 (14001) ...  
INFO  @ Wed, 22 Feb 2023 16:05:14: Thread 0: Calculating SUMO4 (15001) ...  
INFO  @ Wed, 22 Feb 2023 16:05:18: Thread 0: Calculating TNKS2 (16001) ...  
INFO  @ Wed, 22 Feb 2023 16:05:23: Thread 0: Calculating WDHD1 (17001) ...  
INFO  @ Wed, 22 Feb 2023 16:05:28: Thread 0: Calculating ZYG11A (18001) ...  
INFO  @ Wed, 22 Feb 2023 16:05:28: Thread 0 completed. 
INFO  @ Wed, 22 Feb 2023 16:05:28: All threads completed. 
INFO  @ Wed, 22 Feb 2023 16:05:32: Assigning p values... 
INFO  @ Wed, 22 Feb 2023 16:05:32: Permuting groups of gene with 17 sgRNAs per gene. Group progress: 17/22 
INFO  @ Wed, 22 Feb 2023 16:05:32: Start permuting 2 rounds ... 
INFO  @ Wed, 22 Feb 2023 16:05:32: Collecting 90025 sgRNAs from 18006 genes. 
INFO  @ Wed, 22 Feb 2023 16:05:33: Permuting round 0 ... 
INFO  @ Wed, 22 Feb 2023 16:05:34: Thread 0 started. 
INFO  @ Wed, 22 Feb 2023 16:05:34: Thread 0: total 18006 instances. 
INFO  @ Wed, 22 Feb 2023 16:05:34: Thread 0: Calculating A1CF (1) ...  
INFO  @ Wed, 22 Feb 2023 16:05:39: Thread 0: Calculating ARNT2 (1001) ...  
INFO  @ Wed, 22 Feb 2023 16:05:44: Thread 0: Calculating C2orf44 (2001) ...  
INFO  @ Wed, 22 Feb 2023 16:05:49: Thread 0: Calculating CERS6 (3001) ...  
INFO  @ Wed, 22 Feb 2023 16:05:54: Thread 0: Calculating DBH (4001) ...  
INFO  @ Wed, 22 Feb 2023 16:05:59: Thread 0: Calculating ERCC6L2 (5001) ...  
INFO  @ Wed, 22 Feb 2023 16:06:04: Thread 0: Calculating GANC (6001) ...  
INFO  @ Wed, 22 Feb 2023 16:06:09: Thread 0: Calculating HMBS (7001) ...  
INFO  @ Wed, 22 Feb 2023 16:06:14: Thread 0: Calculating KIAA1147 (8001) ...  
INFO  @ Wed, 22 Feb 2023 16:06:19: Thread 0: Calculating MAGOH (9001) ...  
INFO  @ Wed, 22 Feb 2023 16:06:25: Thread 0: Calculating NANOS3 (10001) ...  
INFO  @ Wed, 22 Feb 2023 16:06:30: Thread 0: Calculating PAXIP1 (11001) ...  
INFO  @ Wed, 22 Feb 2023 16:06:35: Thread 0: Calculating PRG4 (12001) ...  
INFO  @ Wed, 22 Feb 2023 16:06:40: Thread 0: Calculating RNF151 (13001) ...  
INFO  @ Wed, 22 Feb 2023 16:06:45: Thread 0: Calculating SLC25A11 (14001) ...  
INFO  @ Wed, 22 Feb 2023 16:06:50: Thread 0: Calculating SUMO4 (15001) ...  
INFO  @ Wed, 22 Feb 2023 16:06:55: Thread 0: Calculating TNKS2 (16001) ...  
INFO  @ Wed, 22 Feb 2023 16:07:00: Thread 0: Calculating WDHD1 (17001) ...  
INFO  @ Wed, 22 Feb 2023 16:07:05: Thread 0: Calculating ZYG11A (18001) ...  
INFO  @ Wed, 22 Feb 2023 16:07:05: Thread 0 completed. 
INFO  @ Wed, 22 Feb 2023 16:07:05: All threads completed. 
INFO  @ Wed, 22 Feb 2023 16:07:08: Permuting round 1 ... 
INFO  @ Wed, 22 Feb 2023 16:07:09: Thread 0 started. 
INFO  @ Wed, 22 Feb 2023 16:07:09: Thread 0: total 18006 instances. 
INFO  @ Wed, 22 Feb 2023 16:07:09: Thread 0: Calculating A1CF (1) ...  
INFO  @ Wed, 22 Feb 2023 16:07:14: Thread 0: Calculating ARNT2 (1001) ...  
INFO  @ Wed, 22 Feb 2023 16:07:19: Thread 0: Calculating C2orf44 (2001) ...  
INFO  @ Wed, 22 Feb 2023 16:07:24: Thread 0: Calculating CERS6 (3001) ...  
INFO  @ Wed, 22 Feb 2023 16:07:30: Thread 0: Calculating DBH (4001) ...  
INFO  @ Wed, 22 Feb 2023 16:07:35: Thread 0: Calculating ERCC6L2 (5001) ...  
INFO  @ Wed, 22 Feb 2023 16:07:40: Thread 0: Calculating GANC (6001) ...  
INFO  @ Wed, 22 Feb 2023 16:07:45: Thread 0: Calculating HMBS (7001) ...  
INFO  @ Wed, 22 Feb 2023 16:07:50: Thread 0: Calculating KIAA1147 (8001) ...  
INFO  @ Wed, 22 Feb 2023 16:07:55: Thread 0: Calculating MAGOH (9001) ...  
INFO  @ Wed, 22 Feb 2023 16:08:00: Thread 0: Calculating NANOS3 (10001) ...  
INFO  @ Wed, 22 Feb 2023 16:08:05: Thread 0: Calculating PAXIP1 (11001) ...  
INFO  @ Wed, 22 Feb 2023 16:08:10: Thread 0: Calculating PRG4 (12001) ...  
INFO  @ Wed, 22 Feb 2023 16:08:16: Thread 0: Calculating RNF151 (13001) ...  
INFO  @ Wed, 22 Feb 2023 16:08:21: Thread 0: Calculating SLC25A11 (14001) ...  
INFO  @ Wed, 22 Feb 2023 16:08:26: Thread 0: Calculating SUMO4 (15001) ...  
INFO  @ Wed, 22 Feb 2023 16:08:31: Thread 0: Calculating TNKS2 (16001) ...  
INFO  @ Wed, 22 Feb 2023 16:08:37: Thread 0: Calculating WDHD1 (17001) ...  
INFO  @ Wed, 22 Feb 2023 16:08:42: Thread 0: Calculating ZYG11A (18001) ...  
INFO  @ Wed, 22 Feb 2023 16:08:42: Thread 0 completed. 
INFO  @ Wed, 22 Feb 2023 16:08:42: All threads completed. 
INFO  @ Wed, 22 Feb 2023 16:08:45: Assigning p values... 
INFO  @ Wed, 22 Feb 2023 16:08:46: Permuting groups of gene with 18 sgRNAs per gene. Group progress: 18/22 
INFO  @ Wed, 22 Feb 2023 16:08:46: Start permuting 2 rounds ... 
INFO  @ Wed, 22 Feb 2023 16:08:46: Collecting 90025 sgRNAs from 18006 genes. 
INFO  @ Wed, 22 Feb 2023 16:08:47: Permuting round 0 ... 
INFO  @ Wed, 22 Feb 2023 16:08:48: Thread 0 started. 
INFO  @ Wed, 22 Feb 2023 16:08:48: Thread 0: total 18006 instances. 
INFO  @ Wed, 22 Feb 2023 16:08:48: Thread 0: Calculating A1CF (1) ...  
INFO  @ Wed, 22 Feb 2023 16:08:53: Thread 0: Calculating ARNT2 (1001) ...  
INFO  @ Wed, 22 Feb 2023 16:08:58: Thread 0: Calculating C2orf44 (2001) ...  
INFO  @ Wed, 22 Feb 2023 16:09:03: Thread 0: Calculating CERS6 (3001) ...  
INFO  @ Wed, 22 Feb 2023 16:09:09: Thread 0: Calculating DBH (4001) ...  
INFO  @ Wed, 22 Feb 2023 16:09:14: Thread 0: Calculating ERCC6L2 (5001) ...  
INFO  @ Wed, 22 Feb 2023 16:09:19: Thread 0: Calculating GANC (6001) ...  
INFO  @ Wed, 22 Feb 2023 16:09:24: Thread 0: Calculating HMBS (7001) ...  
INFO  @ Wed, 22 Feb 2023 16:09:30: Thread 0: Calculating KIAA1147 (8001) ...  
INFO  @ Wed, 22 Feb 2023 16:09:35: Thread 0: Calculating MAGOH (9001) ...  
INFO  @ Wed, 22 Feb 2023 16:09:40: Thread 0: Calculating NANOS3 (10001) ...  
INFO  @ Wed, 22 Feb 2023 16:09:45: Thread 0: Calculating PAXIP1 (11001) ...  
INFO  @ Wed, 22 Feb 2023 16:09:50: Thread 0: Calculating PRG4 (12001) ...  
INFO  @ Wed, 22 Feb 2023 16:09:56: Thread 0: Calculating RNF151 (13001) ...  
INFO  @ Wed, 22 Feb 2023 16:10:01: Thread 0: Calculating SLC25A11 (14001) ...  
INFO  @ Wed, 22 Feb 2023 16:10:06: Thread 0: Calculating SUMO4 (15001) ...  
INFO  @ Wed, 22 Feb 2023 16:10:11: Thread 0: Calculating TNKS2 (16001) ...  
INFO  @ Wed, 22 Feb 2023 16:10:17: Thread 0: Calculating WDHD1 (17001) ...  
INFO  @ Wed, 22 Feb 2023 16:10:22: Thread 0: Calculating ZYG11A (18001) ...  
INFO  @ Wed, 22 Feb 2023 16:10:22: Thread 0 completed. 
INFO  @ Wed, 22 Feb 2023 16:10:22: All threads completed. 
INFO  @ Wed, 22 Feb 2023 16:10:26: Permuting round 1 ... 
INFO  @ Wed, 22 Feb 2023 16:10:26: Thread 0 started. 
INFO  @ Wed, 22 Feb 2023 16:10:26: Thread 0: total 18006 instances. 
INFO  @ Wed, 22 Feb 2023 16:10:26: Thread 0: Calculating A1CF (1) ...  
INFO  @ Wed, 22 Feb 2023 16:10:32: Thread 0: Calculating ARNT2 (1001) ...  
INFO  @ Wed, 22 Feb 2023 16:10:37: Thread 0: Calculating C2orf44 (2001) ...  
INFO  @ Wed, 22 Feb 2023 16:10:42: Thread 0: Calculating CERS6 (3001) ...  
INFO  @ Wed, 22 Feb 2023 16:10:48: Thread 0: Calculating DBH (4001) ...  
INFO  @ Wed, 22 Feb 2023 16:10:53: Thread 0: Calculating ERCC6L2 (5001) ...  
INFO  @ Wed, 22 Feb 2023 16:10:59: Thread 0: Calculating GANC (6001) ...  
INFO  @ Wed, 22 Feb 2023 16:11:04: Thread 0: Calculating HMBS (7001) ...  
INFO  @ Wed, 22 Feb 2023 16:11:09: Thread 0: Calculating KIAA1147 (8001) ...  
INFO  @ Wed, 22 Feb 2023 16:11:15: Thread 0: Calculating MAGOH (9001) ...  
INFO  @ Wed, 22 Feb 2023 16:11:20: Thread 0: Calculating NANOS3 (10001) ...  
INFO  @ Wed, 22 Feb 2023 16:11:26: Thread 0: Calculating PAXIP1 (11001) ...  
INFO  @ Wed, 22 Feb 2023 16:11:31: Thread 0: Calculating PRG4 (12001) ...  
INFO  @ Wed, 22 Feb 2023 16:11:37: Thread 0: Calculating RNF151 (13001) ...  
INFO  @ Wed, 22 Feb 2023 16:11:42: Thread 0: Calculating SLC25A11 (14001) ...  
INFO  @ Wed, 22 Feb 2023 16:11:47: Thread 0: Calculating SUMO4 (15001) ...  
INFO  @ Wed, 22 Feb 2023 16:11:53: Thread 0: Calculating TNKS2 (16001) ...  
INFO  @ Wed, 22 Feb 2023 16:11:59: Thread 0: Calculating WDHD1 (17001) ...  
INFO  @ Wed, 22 Feb 2023 16:12:04: Thread 0: Calculating ZYG11A (18001) ...  
INFO  @ Wed, 22 Feb 2023 16:12:04: Thread 0 completed. 
INFO  @ Wed, 22 Feb 2023 16:12:04: All threads completed. 
INFO  @ Wed, 22 Feb 2023 16:12:08: Assigning p values... 
INFO  @ Wed, 22 Feb 2023 16:12:08: Permuting groups of gene with 19 sgRNAs per gene. Group progress: 19/22 
INFO  @ Wed, 22 Feb 2023 16:12:08: Start permuting 2 rounds ... 
INFO  @ Wed, 22 Feb 2023 16:12:08: Collecting 90025 sgRNAs from 18006 genes. 
INFO  @ Wed, 22 Feb 2023 16:12:09: Permuting round 0 ... 
INFO  @ Wed, 22 Feb 2023 16:12:10: Thread 0 started. 
INFO  @ Wed, 22 Feb 2023 16:12:10: Thread 0: total 18006 instances. 
INFO  @ Wed, 22 Feb 2023 16:12:10: Thread 0: Calculating A1CF (1) ...  
INFO  @ Wed, 22 Feb 2023 16:12:15: Thread 0: Calculating ARNT2 (1001) ...  
INFO  @ Wed, 22 Feb 2023 16:12:21: Thread 0: Calculating C2orf44 (2001) ...  
INFO  @ Wed, 22 Feb 2023 16:12:26: Thread 0: Calculating CERS6 (3001) ...  
INFO  @ Wed, 22 Feb 2023 16:12:32: Thread 0: Calculating DBH (4001) ...  
INFO  @ Wed, 22 Feb 2023 16:12:37: Thread 0: Calculating ERCC6L2 (5001) ...  
INFO  @ Wed, 22 Feb 2023 16:12:43: Thread 0: Calculating GANC (6001) ...  
INFO  @ Wed, 22 Feb 2023 16:12:48: Thread 0: Calculating HMBS (7001) ...  
INFO  @ Wed, 22 Feb 2023 16:12:53: Thread 0: Calculating KIAA1147 (8001) ...  
INFO  @ Wed, 22 Feb 2023 16:12:59: Thread 0: Calculating MAGOH (9001) ...  
INFO  @ Wed, 22 Feb 2023 16:13:04: Thread 0: Calculating NANOS3 (10001) ...  
INFO  @ Wed, 22 Feb 2023 16:13:10: Thread 0: Calculating PAXIP1 (11001) ...  
INFO  @ Wed, 22 Feb 2023 16:13:15: Thread 0: Calculating PRG4 (12001) ...  
INFO  @ Wed, 22 Feb 2023 16:13:21: Thread 0: Calculating RNF151 (13001) ...  
INFO  @ Wed, 22 Feb 2023 16:13:26: Thread 0: Calculating SLC25A11 (14001) ...  
INFO  @ Wed, 22 Feb 2023 16:13:32: Thread 0: Calculating SUMO4 (15001) ...  
INFO  @ Wed, 22 Feb 2023 16:13:37: Thread 0: Calculating TNKS2 (16001) ...  
INFO  @ Wed, 22 Feb 2023 16:13:43: Thread 0: Calculating WDHD1 (17001) ...  
INFO  @ Wed, 22 Feb 2023 16:13:48: Thread 0: Calculating ZYG11A (18001) ...  
INFO  @ Wed, 22 Feb 2023 16:13:48: Thread 0 completed. 
INFO  @ Wed, 22 Feb 2023 16:13:48: All threads completed. 
INFO  @ Wed, 22 Feb 2023 16:13:52: Permuting round 1 ... 
INFO  @ Wed, 22 Feb 2023 16:13:52: Thread 0 started. 
INFO  @ Wed, 22 Feb 2023 16:13:52: Thread 0: total 18006 instances. 
INFO  @ Wed, 22 Feb 2023 16:13:52: Thread 0: Calculating A1CF (1) ...  
INFO  @ Wed, 22 Feb 2023 16:13:58: Thread 0: Calculating ARNT2 (1001) ...  
INFO  @ Wed, 22 Feb 2023 16:14:04: Thread 0: Calculating C2orf44 (2001) ...  
INFO  @ Wed, 22 Feb 2023 16:14:09: Thread 0: Calculating CERS6 (3001) ...  
INFO  @ Wed, 22 Feb 2023 16:14:15: Thread 0: Calculating DBH (4001) ...  
INFO  @ Wed, 22 Feb 2023 16:14:20: Thread 0: Calculating ERCC6L2 (5001) ...  
INFO  @ Wed, 22 Feb 2023 16:14:26: Thread 0: Calculating GANC (6001) ...  
INFO  @ Wed, 22 Feb 2023 16:14:31: Thread 0: Calculating HMBS (7001) ...  
INFO  @ Wed, 22 Feb 2023 16:14:37: Thread 0: Calculating KIAA1147 (8001) ...  
INFO  @ Wed, 22 Feb 2023 16:14:42: Thread 0: Calculating MAGOH (9001) ...  
INFO  @ Wed, 22 Feb 2023 16:14:48: Thread 0: Calculating NANOS3 (10001) ...  
INFO  @ Wed, 22 Feb 2023 16:14:53: Thread 0: Calculating PAXIP1 (11001) ...  
INFO  @ Wed, 22 Feb 2023 16:14:59: Thread 0: Calculating PRG4 (12001) ...  
INFO  @ Wed, 22 Feb 2023 16:15:04: Thread 0: Calculating RNF151 (13001) ...  
INFO  @ Wed, 22 Feb 2023 16:15:10: Thread 0: Calculating SLC25A11 (14001) ...  
INFO  @ Wed, 22 Feb 2023 16:15:16: Thread 0: Calculating SUMO4 (15001) ...  
INFO  @ Wed, 22 Feb 2023 16:15:21: Thread 0: Calculating TNKS2 (16001) ...  
INFO  @ Wed, 22 Feb 2023 16:15:27: Thread 0: Calculating WDHD1 (17001) ...  
INFO  @ Wed, 22 Feb 2023 16:15:32: Thread 0: Calculating ZYG11A (18001) ...  
INFO  @ Wed, 22 Feb 2023 16:15:32: Thread 0 completed. 
INFO  @ Wed, 22 Feb 2023 16:15:32: All threads completed. 
INFO  @ Wed, 22 Feb 2023 16:15:36: Assigning p values... 
INFO  @ Wed, 22 Feb 2023 16:15:36: Permuting groups of gene with 22 sgRNAs per gene. Group progress: 20/22 
INFO  @ Wed, 22 Feb 2023 16:15:36: Start permuting 2 rounds ... 
INFO  @ Wed, 22 Feb 2023 16:15:37: Collecting 90025 sgRNAs from 18006 genes. 
INFO  @ Wed, 22 Feb 2023 16:15:38: Permuting round 0 ... 
INFO  @ Wed, 22 Feb 2023 16:15:38: Thread 0 started. 
INFO  @ Wed, 22 Feb 2023 16:15:38: Thread 0: total 18006 instances. 
INFO  @ Wed, 22 Feb 2023 16:15:38: Thread 0: Calculating A1CF (1) ...  
INFO  @ Wed, 22 Feb 2023 16:15:45: Thread 0: Calculating ARNT2 (1001) ...  
INFO  @ Wed, 22 Feb 2023 16:15:51: Thread 0: Calculating C2orf44 (2001) ...  
INFO  @ Wed, 22 Feb 2023 16:15:57: Thread 0: Calculating CERS6 (3001) ...  
INFO  @ Wed, 22 Feb 2023 16:16:03: Thread 0: Calculating DBH (4001) ...  
INFO  @ Wed, 22 Feb 2023 16:16:09: Thread 0: Calculating ERCC6L2 (5001) ...  
INFO  @ Wed, 22 Feb 2023 16:16:16: Thread 0: Calculating GANC (6001) ...  
INFO  @ Wed, 22 Feb 2023 16:16:22: Thread 0: Calculating HMBS (7001) ...  
INFO  @ Wed, 22 Feb 2023 16:16:28: Thread 0: Calculating KIAA1147 (8001) ...  
INFO  @ Wed, 22 Feb 2023 16:16:34: Thread 0: Calculating MAGOH (9001) ...  
INFO  @ Wed, 22 Feb 2023 16:16:41: Thread 0: Calculating NANOS3 (10001) ...  
INFO  @ Wed, 22 Feb 2023 16:16:47: Thread 0: Calculating PAXIP1 (11001) ...  
INFO  @ Wed, 22 Feb 2023 16:16:53: Thread 0: Calculating PRG4 (12001) ...  
INFO  @ Wed, 22 Feb 2023 16:16:59: Thread 0: Calculating RNF151 (13001) ...  
INFO  @ Wed, 22 Feb 2023 16:17:05: Thread 0: Calculating SLC25A11 (14001) ...  
INFO  @ Wed, 22 Feb 2023 16:17:11: Thread 0: Calculating SUMO4 (15001) ...  
INFO  @ Wed, 22 Feb 2023 16:17:18: Thread 0: Calculating TNKS2 (16001) ...  
INFO  @ Wed, 22 Feb 2023 16:17:24: Thread 0: Calculating WDHD1 (17001) ...  
INFO  @ Wed, 22 Feb 2023 16:17:30: Thread 0: Calculating ZYG11A (18001) ...  
INFO  @ Wed, 22 Feb 2023 16:17:30: Thread 0 completed. 
INFO  @ Wed, 22 Feb 2023 16:17:30: All threads completed. 
INFO  @ Wed, 22 Feb 2023 16:17:34: Permuting round 1 ... 
INFO  @ Wed, 22 Feb 2023 16:17:35: Thread 0 started. 
INFO  @ Wed, 22 Feb 2023 16:17:35: Thread 0: total 18006 instances. 
INFO  @ Wed, 22 Feb 2023 16:17:35: Thread 0: Calculating A1CF (1) ...  
INFO  @ Wed, 22 Feb 2023 16:17:41: Thread 0: Calculating ARNT2 (1001) ...  
INFO  @ Wed, 22 Feb 2023 16:17:47: Thread 0: Calculating C2orf44 (2001) ...  
INFO  @ Wed, 22 Feb 2023 16:17:54: Thread 0: Calculating CERS6 (3001) ...  
INFO  @ Wed, 22 Feb 2023 16:18:00: Thread 0: Calculating DBH (4001) ...  
INFO  @ Wed, 22 Feb 2023 16:18:07: Thread 0: Calculating ERCC6L2 (5001) ...  
INFO  @ Wed, 22 Feb 2023 16:18:13: Thread 0: Calculating GANC (6001) ...  
INFO  @ Wed, 22 Feb 2023 16:18:19: Thread 0: Calculating HMBS (7001) ...  
INFO  @ Wed, 22 Feb 2023 16:18:26: Thread 0: Calculating KIAA1147 (8001) ...  
INFO  @ Wed, 22 Feb 2023 16:18:32: Thread 0: Calculating MAGOH (9001) ...  
INFO  @ Wed, 22 Feb 2023 16:18:38: Thread 0: Calculating NANOS3 (10001) ...  
INFO  @ Wed, 22 Feb 2023 16:18:44: Thread 0: Calculating PAXIP1 (11001) ...  
INFO  @ Wed, 22 Feb 2023 16:18:51: Thread 0: Calculating PRG4 (12001) ...  
INFO  @ Wed, 22 Feb 2023 16:18:57: Thread 0: Calculating RNF151 (13001) ...  
INFO  @ Wed, 22 Feb 2023 16:19:03: Thread 0: Calculating SLC25A11 (14001) ...  
INFO  @ Wed, 22 Feb 2023 16:19:09: Thread 0: Calculating SUMO4 (15001) ...  
INFO  @ Wed, 22 Feb 2023 16:19:16: Thread 0: Calculating TNKS2 (16001) ...  
INFO  @ Wed, 22 Feb 2023 16:19:22: Thread 0: Calculating WDHD1 (17001) ...  
INFO  @ Wed, 22 Feb 2023 16:19:28: Thread 0: Calculating ZYG11A (18001) ...  
INFO  @ Wed, 22 Feb 2023 16:19:28: Thread 0 completed. 
INFO  @ Wed, 22 Feb 2023 16:19:28: All threads completed. 
INFO  @ Wed, 22 Feb 2023 16:19:32: Assigning p values... 
INFO  @ Wed, 22 Feb 2023 16:19:32: Permuting groups of gene with 23 sgRNAs per gene. Group progress: 21/22 
INFO  @ Wed, 22 Feb 2023 16:19:32: Start permuting 2 rounds ... 
INFO  @ Wed, 22 Feb 2023 16:19:33: Collecting 90025 sgRNAs from 18006 genes. 
INFO  @ Wed, 22 Feb 2023 16:19:34: Permuting round 0 ... 
INFO  @ Wed, 22 Feb 2023 16:19:34: Thread 0 started. 
INFO  @ Wed, 22 Feb 2023 16:19:34: Thread 0: total 18006 instances. 
INFO  @ Wed, 22 Feb 2023 16:19:34: Thread 0: Calculating A1CF (1) ...  
INFO  @ Wed, 22 Feb 2023 16:19:41: Thread 0: Calculating ARNT2 (1001) ...  
INFO  @ Wed, 22 Feb 2023 16:19:47: Thread 0: Calculating C2orf44 (2001) ...  
INFO  @ Wed, 22 Feb 2023 16:19:54: Thread 0: Calculating CERS6 (3001) ...  
INFO  @ Wed, 22 Feb 2023 16:20:00: Thread 0: Calculating DBH (4001) ...  
INFO  @ Wed, 22 Feb 2023 16:20:07: Thread 0: Calculating ERCC6L2 (5001) ...  
INFO  @ Wed, 22 Feb 2023 16:20:13: Thread 0: Calculating GANC (6001) ...  
INFO  @ Wed, 22 Feb 2023 16:20:19: Thread 0: Calculating HMBS (7001) ...  
INFO  @ Wed, 22 Feb 2023 16:20:26: Thread 0: Calculating KIAA1147 (8001) ...  
INFO  @ Wed, 22 Feb 2023 16:20:32: Thread 0: Calculating MAGOH (9001) ...  
INFO  @ Wed, 22 Feb 2023 16:20:38: Thread 0: Calculating NANOS3 (10001) ...  
INFO  @ Wed, 22 Feb 2023 16:20:44: Thread 0: Calculating PAXIP1 (11001) ...  
INFO  @ Wed, 22 Feb 2023 16:20:51: Thread 0: Calculating PRG4 (12001) ...  
INFO  @ Wed, 22 Feb 2023 16:20:57: Thread 0: Calculating RNF151 (13001) ...  
INFO  @ Wed, 22 Feb 2023 16:21:04: Thread 0: Calculating SLC25A11 (14001) ...  
INFO  @ Wed, 22 Feb 2023 16:21:10: Thread 0: Calculating SUMO4 (15001) ...  
INFO  @ Wed, 22 Feb 2023 16:21:17: Thread 0: Calculating TNKS2 (16001) ...  
INFO  @ Wed, 22 Feb 2023 16:21:23: Thread 0: Calculating WDHD1 (17001) ...  
INFO  @ Wed, 22 Feb 2023 16:21:29: Thread 0: Calculating ZYG11A (18001) ...  
INFO  @ Wed, 22 Feb 2023 16:21:29: Thread 0 completed. 
INFO  @ Wed, 22 Feb 2023 16:21:29: All threads completed. 
INFO  @ Wed, 22 Feb 2023 16:21:33: Permuting round 1 ... 
INFO  @ Wed, 22 Feb 2023 16:21:34: Thread 0 started. 
INFO  @ Wed, 22 Feb 2023 16:21:34: Thread 0: total 18006 instances. 
INFO  @ Wed, 22 Feb 2023 16:21:34: Thread 0: Calculating A1CF (1) ...  
INFO  @ Wed, 22 Feb 2023 16:21:40: Thread 0: Calculating ARNT2 (1001) ...  
INFO  @ Wed, 22 Feb 2023 16:21:47: Thread 0: Calculating C2orf44 (2001) ...  
INFO  @ Wed, 22 Feb 2023 16:21:53: Thread 0: Calculating CERS6 (3001) ...  
INFO  @ Wed, 22 Feb 2023 16:22:00: Thread 0: Calculating DBH (4001) ...  
INFO  @ Wed, 22 Feb 2023 16:22:06: Thread 0: Calculating ERCC6L2 (5001) ...  
INFO  @ Wed, 22 Feb 2023 16:22:12: Thread 0: Calculating GANC (6001) ...  
INFO  @ Wed, 22 Feb 2023 16:22:19: Thread 0: Calculating HMBS (7001) ...  
INFO  @ Wed, 22 Feb 2023 16:22:25: Thread 0: Calculating KIAA1147 (8001) ...  
INFO  @ Wed, 22 Feb 2023 16:22:31: Thread 0: Calculating MAGOH (9001) ...  
INFO  @ Wed, 22 Feb 2023 16:22:38: Thread 0: Calculating NANOS3 (10001) ...  
INFO  @ Wed, 22 Feb 2023 16:22:44: Thread 0: Calculating PAXIP1 (11001) ...  
INFO  @ Wed, 22 Feb 2023 16:22:51: Thread 0: Calculating PRG4 (12001) ...  
INFO  @ Wed, 22 Feb 2023 16:22:57: Thread 0: Calculating RNF151 (13001) ...  
INFO  @ Wed, 22 Feb 2023 16:23:03: Thread 0: Calculating SLC25A11 (14001) ...  
INFO  @ Wed, 22 Feb 2023 16:23:10: Thread 0: Calculating SUMO4 (15001) ...  
INFO  @ Wed, 22 Feb 2023 16:23:16: Thread 0: Calculating TNKS2 (16001) ...  
INFO  @ Wed, 22 Feb 2023 16:23:23: Thread 0: Calculating WDHD1 (17001) ...  
INFO  @ Wed, 22 Feb 2023 16:23:29: Thread 0: Calculating ZYG11A (18001) ...  
INFO  @ Wed, 22 Feb 2023 16:23:29: Thread 0 completed. 
INFO  @ Wed, 22 Feb 2023 16:23:29: All threads completed. 
INFO  @ Wed, 22 Feb 2023 16:23:33: Assigning p values... 
INFO  @ Wed, 22 Feb 2023 16:23:33: Permuting groups of gene with 26 sgRNAs per gene. Group progress: 22/22 
INFO  @ Wed, 22 Feb 2023 16:23:33: Start permuting 2 rounds ... 
INFO  @ Wed, 22 Feb 2023 16:23:34: Collecting 90025 sgRNAs from 18006 genes. 
INFO  @ Wed, 22 Feb 2023 16:23:35: Permuting round 0 ... 
INFO  @ Wed, 22 Feb 2023 16:23:36: Thread 0 started. 
INFO  @ Wed, 22 Feb 2023 16:23:36: Thread 0: total 18006 instances. 
INFO  @ Wed, 22 Feb 2023 16:23:36: Thread 0: Calculating A1CF (1) ...  
INFO  @ Wed, 22 Feb 2023 16:23:43: Thread 0: Calculating ARNT2 (1001) ...  
INFO  @ Wed, 22 Feb 2023 16:23:50: Thread 0: Calculating C2orf44 (2001) ...  
INFO  @ Wed, 22 Feb 2023 16:23:58: Thread 0: Calculating CERS6 (3001) ...  
INFO  @ Wed, 22 Feb 2023 16:24:05: Thread 0: Calculating DBH (4001) ...  
INFO  @ Wed, 22 Feb 2023 16:24:12: Thread 0: Calculating ERCC6L2 (5001) ...  
INFO  @ Wed, 22 Feb 2023 16:24:20: Thread 0: Calculating GANC (6001) ...  
INFO  @ Wed, 22 Feb 2023 16:24:27: Thread 0: Calculating HMBS (7001) ...  
INFO  @ Wed, 22 Feb 2023 16:24:34: Thread 0: Calculating KIAA1147 (8001) ...  
INFO  @ Wed, 22 Feb 2023 16:24:42: Thread 0: Calculating MAGOH (9001) ...  
INFO  @ Wed, 22 Feb 2023 16:24:49: Thread 0: Calculating NANOS3 (10001) ...  
INFO  @ Wed, 22 Feb 2023 16:24:56: Thread 0: Calculating PAXIP1 (11001) ...  
INFO  @ Wed, 22 Feb 2023 16:25:04: Thread 0: Calculating PRG4 (12001) ...  
INFO  @ Wed, 22 Feb 2023 16:25:11: Thread 0: Calculating RNF151 (13001) ...  
INFO  @ Wed, 22 Feb 2023 16:25:18: Thread 0: Calculating SLC25A11 (14001) ...  
INFO  @ Wed, 22 Feb 2023 16:25:26: Thread 0: Calculating SUMO4 (15001) ...  
INFO  @ Wed, 22 Feb 2023 16:25:33: Thread 0: Calculating TNKS2 (16001) ...  
INFO  @ Wed, 22 Feb 2023 16:25:40: Thread 0: Calculating WDHD1 (17001) ...  
INFO  @ Wed, 22 Feb 2023 16:25:48: Thread 0: Calculating ZYG11A (18001) ...  
INFO  @ Wed, 22 Feb 2023 16:25:48: Thread 0 completed. 
INFO  @ Wed, 22 Feb 2023 16:25:48: All threads completed. 
INFO  @ Wed, 22 Feb 2023 16:25:52: Permuting round 1 ... 
INFO  @ Wed, 22 Feb 2023 16:25:53: Thread 0 started. 
INFO  @ Wed, 22 Feb 2023 16:25:53: Thread 0: total 18006 instances. 
INFO  @ Wed, 22 Feb 2023 16:25:53: Thread 0: Calculating A1CF (1) ...  
INFO  @ Wed, 22 Feb 2023 16:26:00: Thread 0: Calculating ARNT2 (1001) ...  
INFO  @ Wed, 22 Feb 2023 16:26:08: Thread 0: Calculating C2orf44 (2001) ...  
INFO  @ Wed, 22 Feb 2023 16:26:15: Thread 0: Calculating CERS6 (3001) ...  
INFO  @ Wed, 22 Feb 2023 16:26:23: Thread 0: Calculating DBH (4001) ...  
INFO  @ Wed, 22 Feb 2023 16:26:30: Thread 0: Calculating ERCC6L2 (5001) ...  
INFO  @ Wed, 22 Feb 2023 16:26:37: Thread 0: Calculating GANC (6001) ...  
INFO  @ Wed, 22 Feb 2023 16:26:45: Thread 0: Calculating HMBS (7001) ...  
INFO  @ Wed, 22 Feb 2023 16:26:52: Thread 0: Calculating KIAA1147 (8001) ...  
INFO  @ Wed, 22 Feb 2023 16:27:00: Thread 0: Calculating MAGOH (9001) ...  
INFO  @ Wed, 22 Feb 2023 16:27:07: Thread 0: Calculating NANOS3 (10001) ...  
INFO  @ Wed, 22 Feb 2023 16:27:15: Thread 0: Calculating PAXIP1 (11001) ...  
INFO  @ Wed, 22 Feb 2023 16:27:22: Thread 0: Calculating PRG4 (12001) ...  
INFO  @ Wed, 22 Feb 2023 16:27:30: Thread 0: Calculating RNF151 (13001) ...  
INFO  @ Wed, 22 Feb 2023 16:27:37: Thread 0: Calculating SLC25A11 (14001) ...  
INFO  @ Wed, 22 Feb 2023 16:27:45: Thread 0: Calculating SUMO4 (15001) ...  
INFO  @ Wed, 22 Feb 2023 16:27:52: Thread 0: Calculating TNKS2 (16001) ...  
INFO  @ Wed, 22 Feb 2023 16:27:59: Thread 0: Calculating WDHD1 (17001) ...  
INFO  @ Wed, 22 Feb 2023 16:28:07: Thread 0: Calculating ZYG11A (18001) ...  
INFO  @ Wed, 22 Feb 2023 16:28:07: Thread 0 completed. 
INFO  @ Wed, 22 Feb 2023 16:28:07: All threads completed. 
INFO  @ Wed, 22 Feb 2023 16:28:11: Assigning p values... 
INFO  @ Wed, 22 Feb 2023 16:28:12: Writing gene results to MP46.gene_summary.txt 
INFO  @ Wed, 22 Feb 2023 16:28:12: Writing sgRNA results to MP46.sgrna_summary.txt 
