INFO  @ Wed, 22 Feb 2023 15:22:13: Parameters: /home/alessandro.vinceti/miniconda3/envs/mageckenv/bin/mageck mle -k /group/iorio/Alessandro/David_Adams_analysis/results/Mel270/Mel270_count_norm.tsv -d /group/iorio/Alessandro/David_Adams_analysis/results/Mel270/design_matrix.tsv -n Mel270 
INFO  @ Wed, 22 Feb 2023 15:22:15: Cannot parse design matrix as a string; try to parse it as a file name ... 
INFO  @ Wed, 22 Feb 2023 15:22:15: Design matrix: 
INFO  @ Wed, 22 Feb 2023 15:22:15: [[1. 0.] 
INFO  @ Wed, 22 Feb 2023 15:22:15:  [1. 1.] 
INFO  @ Wed, 22 Feb 2023 15:22:15:  [1. 1.] 
INFO  @ Wed, 22 Feb 2023 15:22:15:  [1. 1.]] 
INFO  @ Wed, 22 Feb 2023 15:22:15: Beta labels:baseline,Mel270 
INFO  @ Wed, 22 Feb 2023 15:22:15: Included samples:Plasmid,Mel270_c909R1,Mel270_c909R2,Mel270_c909R3 
INFO  @ Wed, 22 Feb 2023 15:22:15: Loaded samples:Plasmid;Mel270_c909R1;Mel270_c909R2;Mel270_c909R3 
INFO  @ Wed, 22 Feb 2023 15:22:15: Sample index: 0;1;2;3 
INFO  @ Wed, 22 Feb 2023 15:22:16: Loaded 18006 genes. 
DEBUG @ Wed, 22 Feb 2023 15:22:16: Initial (total) size factor: 0.9999999999999877 1.0000000000000262 0.9999999999999961 0.9999999999999897 
DEBUG @ Wed, 22 Feb 2023 15:22:17: Median factor: 1.0057663283555074 1.008302409740166 1.01994980446964 1.0094710021837596 
INFO  @ Wed, 22 Feb 2023 15:22:17: Final size factor: 1.0057663283555074 1.008302409740166 1.01994980446964 1.0094710021837596 
INFO  @ Wed, 22 Feb 2023 15:22:17: size factor: 0.9942667315529088,0.9917659526943851,0.9804404056138688,0.990617856121403 
INFO  @ Wed, 22 Feb 2023 15:22:17: Thread 0 started. 
INFO  @ Wed, 22 Feb 2023 15:22:17: Thread 0: total 1 instances. 
INFO  @ Wed, 22 Feb 2023 15:22:17: Thread 0 completed. 
INFO  @ Wed, 22 Feb 2023 15:22:17: All threads completed. 
INFO  @ Wed, 22 Feb 2023 15:22:17: Modeling the mean and variance ... 
INFO  @ Wed, 22 Feb 2023 15:22:17: Run the algorithm for the second time ... 
INFO  @ Wed, 22 Feb 2023 15:22:17: Thread 0 started. 
INFO  @ Wed, 22 Feb 2023 15:22:17: Thread 0: total 18006 instances. 
INFO  @ Wed, 22 Feb 2023 15:22:17: Thread 0: Calculating A1CF (1) ...  
INFO  @ Wed, 22 Feb 2023 15:22:20: Thread 0: Calculating ARNT2 (1001) ...  
INFO  @ Wed, 22 Feb 2023 15:22:24: Thread 0: Calculating C2orf44 (2001) ...  
INFO  @ Wed, 22 Feb 2023 15:22:27: Thread 0: Calculating CERS6 (3001) ...  
INFO  @ Wed, 22 Feb 2023 15:22:31: Thread 0: Calculating DBH (4001) ...  
INFO  @ Wed, 22 Feb 2023 15:22:35: Thread 0: Calculating ERCC6L2 (5001) ...  
INFO  @ Wed, 22 Feb 2023 15:22:38: Thread 0: Calculating GANC (6001) ...  
INFO  @ Wed, 22 Feb 2023 15:22:42: Thread 0: Calculating HMBS (7001) ...  
INFO  @ Wed, 22 Feb 2023 15:22:45: Thread 0: Calculating KIAA1147 (8001) ...  
INFO  @ Wed, 22 Feb 2023 15:22:49: Thread 0: Calculating MAGOH (9001) ...  
INFO  @ Wed, 22 Feb 2023 15:22:52: Thread 0: Calculating NANOS3 (10001) ...  
INFO  @ Wed, 22 Feb 2023 15:22:56: Thread 0: Calculating PAXIP1 (11001) ...  
INFO  @ Wed, 22 Feb 2023 15:23:00: Thread 0: Calculating PRG4 (12001) ...  
INFO  @ Wed, 22 Feb 2023 15:23:03: Thread 0: Calculating RNF151 (13001) ...  
INFO  @ Wed, 22 Feb 2023 15:23:07: Thread 0: Calculating SLC25A11 (14001) ...  
INFO  @ Wed, 22 Feb 2023 15:23:10: Thread 0: Calculating SUMO4 (15001) ...  
INFO  @ Wed, 22 Feb 2023 15:23:14: Thread 0: Calculating TNKS2 (16001) ...  
INFO  @ Wed, 22 Feb 2023 15:23:17: Thread 0: Calculating WDHD1 (17001) ...  
INFO  @ Wed, 22 Feb 2023 15:23:21: Thread 0: Calculating ZYG11A (18001) ...  
INFO  @ Wed, 22 Feb 2023 15:23:21: Thread 0 completed. 
INFO  @ Wed, 22 Feb 2023 15:23:21: All threads completed. 
INFO  @ Wed, 22 Feb 2023 15:23:23: Permuting groups of gene with 1 sgRNAs per gene. Group progress: 1/22 
INFO  @ Wed, 22 Feb 2023 15:23:23: Start permuting 2 rounds ... 
INFO  @ Wed, 22 Feb 2023 15:23:24: Collecting 90025 sgRNAs from 18006 genes. 
INFO  @ Wed, 22 Feb 2023 15:23:25: Permuting round 0 ... 
INFO  @ Wed, 22 Feb 2023 15:23:25: Thread 0 started. 
INFO  @ Wed, 22 Feb 2023 15:23:25: Thread 0: total 18006 instances. 
INFO  @ Wed, 22 Feb 2023 15:23:25: Thread 0: Calculating A1CF (1) ...  
INFO  @ Wed, 22 Feb 2023 15:23:27: Thread 0: Calculating ARNT2 (1001) ...  
INFO  @ Wed, 22 Feb 2023 15:23:29: Thread 0: Calculating C2orf44 (2001) ...  
INFO  @ Wed, 22 Feb 2023 15:23:31: Thread 0: Calculating CERS6 (3001) ...  
INFO  @ Wed, 22 Feb 2023 15:23:33: Thread 0: Calculating DBH (4001) ...  
INFO  @ Wed, 22 Feb 2023 15:23:35: Thread 0: Calculating ERCC6L2 (5001) ...  
INFO  @ Wed, 22 Feb 2023 15:23:38: Thread 0: Calculating GANC (6001) ...  
INFO  @ Wed, 22 Feb 2023 15:23:40: Thread 0: Calculating HMBS (7001) ...  
INFO  @ Wed, 22 Feb 2023 15:23:42: Thread 0: Calculating KIAA1147 (8001) ...  
INFO  @ Wed, 22 Feb 2023 15:23:44: Thread 0: Calculating MAGOH (9001) ...  
INFO  @ Wed, 22 Feb 2023 15:23:46: Thread 0: Calculating NANOS3 (10001) ...  
INFO  @ Wed, 22 Feb 2023 15:23:48: Thread 0: Calculating PAXIP1 (11001) ...  
INFO  @ Wed, 22 Feb 2023 15:23:50: Thread 0: Calculating PRG4 (12001) ...  
INFO  @ Wed, 22 Feb 2023 15:23:52: Thread 0: Calculating RNF151 (13001) ...  
INFO  @ Wed, 22 Feb 2023 15:23:54: Thread 0: Calculating SLC25A11 (14001) ...  
INFO  @ Wed, 22 Feb 2023 15:23:56: Thread 0: Calculating SUMO4 (15001) ...  
INFO  @ Wed, 22 Feb 2023 15:23:59: Thread 0: Calculating TNKS2 (16001) ...  
INFO  @ Wed, 22 Feb 2023 15:24:01: Thread 0: Calculating WDHD1 (17001) ...  
INFO  @ Wed, 22 Feb 2023 15:24:03: Thread 0: Calculating ZYG11A (18001) ...  
INFO  @ Wed, 22 Feb 2023 15:24:03: Thread 0 completed. 
INFO  @ Wed, 22 Feb 2023 15:24:03: All threads completed. 
INFO  @ Wed, 22 Feb 2023 15:24:06: Permuting round 1 ... 
INFO  @ Wed, 22 Feb 2023 15:24:06: Thread 0 started. 
INFO  @ Wed, 22 Feb 2023 15:24:06: Thread 0: total 18006 instances. 
INFO  @ Wed, 22 Feb 2023 15:24:06: Thread 0: Calculating A1CF (1) ...  
INFO  @ Wed, 22 Feb 2023 15:24:08: Thread 0: Calculating ARNT2 (1001) ...  
INFO  @ Wed, 22 Feb 2023 15:24:10: Thread 0: Calculating C2orf44 (2001) ...  
INFO  @ Wed, 22 Feb 2023 15:24:12: Thread 0: Calculating CERS6 (3001) ...  
INFO  @ Wed, 22 Feb 2023 15:24:14: Thread 0: Calculating DBH (4001) ...  
INFO  @ Wed, 22 Feb 2023 15:24:16: Thread 0: Calculating ERCC6L2 (5001) ...  
INFO  @ Wed, 22 Feb 2023 15:24:19: Thread 0: Calculating GANC (6001) ...  
INFO  @ Wed, 22 Feb 2023 15:24:21: Thread 0: Calculating HMBS (7001) ...  
INFO  @ Wed, 22 Feb 2023 15:24:23: Thread 0: Calculating KIAA1147 (8001) ...  
INFO  @ Wed, 22 Feb 2023 15:24:25: Thread 0: Calculating MAGOH (9001) ...  
INFO  @ Wed, 22 Feb 2023 15:24:27: Thread 0: Calculating NANOS3 (10001) ...  
INFO  @ Wed, 22 Feb 2023 15:24:29: Thread 0: Calculating PAXIP1 (11001) ...  
INFO  @ Wed, 22 Feb 2023 15:24:31: Thread 0: Calculating PRG4 (12001) ...  
INFO  @ Wed, 22 Feb 2023 15:24:33: Thread 0: Calculating RNF151 (13001) ...  
INFO  @ Wed, 22 Feb 2023 15:24:35: Thread 0: Calculating SLC25A11 (14001) ...  
INFO  @ Wed, 22 Feb 2023 15:24:38: Thread 0: Calculating SUMO4 (15001) ...  
INFO  @ Wed, 22 Feb 2023 15:24:40: Thread 0: Calculating TNKS2 (16001) ...  
INFO  @ Wed, 22 Feb 2023 15:24:42: Thread 0: Calculating WDHD1 (17001) ...  
INFO  @ Wed, 22 Feb 2023 15:24:44: Thread 0: Calculating ZYG11A (18001) ...  
INFO  @ Wed, 22 Feb 2023 15:24:44: Thread 0 completed. 
INFO  @ Wed, 22 Feb 2023 15:24:44: All threads completed. 
INFO  @ Wed, 22 Feb 2023 15:24:47: Assigning p values... 
INFO  @ Wed, 22 Feb 2023 15:24:47: Permuting groups of gene with 2 sgRNAs per gene. Group progress: 2/22 
INFO  @ Wed, 22 Feb 2023 15:24:47: Start permuting 2 rounds ... 
INFO  @ Wed, 22 Feb 2023 15:24:47: Collecting 90025 sgRNAs from 18006 genes. 
INFO  @ Wed, 22 Feb 2023 15:24:48: Permuting round 0 ... 
INFO  @ Wed, 22 Feb 2023 15:24:49: Thread 0 started. 
INFO  @ Wed, 22 Feb 2023 15:24:49: Thread 0: total 18006 instances. 
INFO  @ Wed, 22 Feb 2023 15:24:49: Thread 0: Calculating A1CF (1) ...  
INFO  @ Wed, 22 Feb 2023 15:24:51: Thread 0: Calculating ARNT2 (1001) ...  
INFO  @ Wed, 22 Feb 2023 15:24:54: Thread 0: Calculating C2orf44 (2001) ...  
INFO  @ Wed, 22 Feb 2023 15:24:57: Thread 0: Calculating CERS6 (3001) ...  
INFO  @ Wed, 22 Feb 2023 15:25:00: Thread 0: Calculating DBH (4001) ...  
INFO  @ Wed, 22 Feb 2023 15:25:03: Thread 0: Calculating ERCC6L2 (5001) ...  
INFO  @ Wed, 22 Feb 2023 15:25:06: Thread 0: Calculating GANC (6001) ...  
INFO  @ Wed, 22 Feb 2023 15:25:08: Thread 0: Calculating HMBS (7001) ...  
INFO  @ Wed, 22 Feb 2023 15:25:11: Thread 0: Calculating KIAA1147 (8001) ...  
INFO  @ Wed, 22 Feb 2023 15:25:14: Thread 0: Calculating MAGOH (9001) ...  
INFO  @ Wed, 22 Feb 2023 15:25:17: Thread 0: Calculating NANOS3 (10001) ...  
INFO  @ Wed, 22 Feb 2023 15:25:19: Thread 0: Calculating PAXIP1 (11001) ...  
INFO  @ Wed, 22 Feb 2023 15:25:22: Thread 0: Calculating PRG4 (12001) ...  
INFO  @ Wed, 22 Feb 2023 15:25:25: Thread 0: Calculating RNF151 (13001) ...  
INFO  @ Wed, 22 Feb 2023 15:25:28: Thread 0: Calculating SLC25A11 (14001) ...  
INFO  @ Wed, 22 Feb 2023 15:25:31: Thread 0: Calculating SUMO4 (15001) ...  
INFO  @ Wed, 22 Feb 2023 15:25:34: Thread 0: Calculating TNKS2 (16001) ...  
INFO  @ Wed, 22 Feb 2023 15:25:36: Thread 0: Calculating WDHD1 (17001) ...  
INFO  @ Wed, 22 Feb 2023 15:25:39: Thread 0: Calculating ZYG11A (18001) ...  
INFO  @ Wed, 22 Feb 2023 15:25:39: Thread 0 completed. 
INFO  @ Wed, 22 Feb 2023 15:25:39: All threads completed. 
INFO  @ Wed, 22 Feb 2023 15:25:42: Permuting round 1 ... 
INFO  @ Wed, 22 Feb 2023 15:25:42: Thread 0 started. 
INFO  @ Wed, 22 Feb 2023 15:25:42: Thread 0: total 18006 instances. 
INFO  @ Wed, 22 Feb 2023 15:25:42: Thread 0: Calculating A1CF (1) ...  
INFO  @ Wed, 22 Feb 2023 15:25:45: Thread 0: Calculating ARNT2 (1001) ...  
INFO  @ Wed, 22 Feb 2023 15:25:48: Thread 0: Calculating C2orf44 (2001) ...  
INFO  @ Wed, 22 Feb 2023 15:25:51: Thread 0: Calculating CERS6 (3001) ...  
INFO  @ Wed, 22 Feb 2023 15:25:54: Thread 0: Calculating DBH (4001) ...  
INFO  @ Wed, 22 Feb 2023 15:25:56: Thread 0: Calculating ERCC6L2 (5001) ...  
INFO  @ Wed, 22 Feb 2023 15:25:59: Thread 0: Calculating GANC (6001) ...  
INFO  @ Wed, 22 Feb 2023 15:26:02: Thread 0: Calculating HMBS (7001) ...  
INFO  @ Wed, 22 Feb 2023 15:26:05: Thread 0: Calculating KIAA1147 (8001) ...  
INFO  @ Wed, 22 Feb 2023 15:26:08: Thread 0: Calculating MAGOH (9001) ...  
INFO  @ Wed, 22 Feb 2023 15:26:11: Thread 0: Calculating NANOS3 (10001) ...  
INFO  @ Wed, 22 Feb 2023 15:26:13: Thread 0: Calculating PAXIP1 (11001) ...  
INFO  @ Wed, 22 Feb 2023 15:26:16: Thread 0: Calculating PRG4 (12001) ...  
INFO  @ Wed, 22 Feb 2023 15:26:19: Thread 0: Calculating RNF151 (13001) ...  
INFO  @ Wed, 22 Feb 2023 15:26:22: Thread 0: Calculating SLC25A11 (14001) ...  
INFO  @ Wed, 22 Feb 2023 15:26:25: Thread 0: Calculating SUMO4 (15001) ...  
INFO  @ Wed, 22 Feb 2023 15:26:28: Thread 0: Calculating TNKS2 (16001) ...  
INFO  @ Wed, 22 Feb 2023 15:26:31: Thread 0: Calculating WDHD1 (17001) ...  
INFO  @ Wed, 22 Feb 2023 15:26:34: Thread 0: Calculating ZYG11A (18001) ...  
INFO  @ Wed, 22 Feb 2023 15:26:34: Thread 0 completed. 
INFO  @ Wed, 22 Feb 2023 15:26:34: All threads completed. 
INFO  @ Wed, 22 Feb 2023 15:26:36: Assigning p values... 
INFO  @ Wed, 22 Feb 2023 15:26:37: Permuting groups of gene with 3 sgRNAs per gene. Group progress: 3/22 
INFO  @ Wed, 22 Feb 2023 15:26:37: Start permuting 2 rounds ... 
INFO  @ Wed, 22 Feb 2023 15:26:37: Collecting 90025 sgRNAs from 18006 genes. 
INFO  @ Wed, 22 Feb 2023 15:26:38: Permuting round 0 ... 
INFO  @ Wed, 22 Feb 2023 15:26:38: Thread 0 started. 
INFO  @ Wed, 22 Feb 2023 15:26:38: Thread 0: total 18006 instances. 
INFO  @ Wed, 22 Feb 2023 15:26:38: Thread 0: Calculating A1CF (1) ...  
INFO  @ Wed, 22 Feb 2023 15:26:42: Thread 0: Calculating ARNT2 (1001) ...  
INFO  @ Wed, 22 Feb 2023 15:26:45: Thread 0: Calculating C2orf44 (2001) ...  
INFO  @ Wed, 22 Feb 2023 15:26:49: Thread 0: Calculating CERS6 (3001) ...  
INFO  @ Wed, 22 Feb 2023 15:26:52: Thread 0: Calculating DBH (4001) ...  
INFO  @ Wed, 22 Feb 2023 15:26:56: Thread 0: Calculating ERCC6L2 (5001) ...  
INFO  @ Wed, 22 Feb 2023 15:26:59: Thread 0: Calculating GANC (6001) ...  
INFO  @ Wed, 22 Feb 2023 15:27:03: Thread 0: Calculating HMBS (7001) ...  
INFO  @ Wed, 22 Feb 2023 15:27:07: Thread 0: Calculating KIAA1147 (8001) ...  
INFO  @ Wed, 22 Feb 2023 15:27:10: Thread 0: Calculating MAGOH (9001) ...  
INFO  @ Wed, 22 Feb 2023 15:27:14: Thread 0: Calculating NANOS3 (10001) ...  
INFO  @ Wed, 22 Feb 2023 15:27:17: Thread 0: Calculating PAXIP1 (11001) ...  
INFO  @ Wed, 22 Feb 2023 15:27:21: Thread 0: Calculating PRG4 (12001) ...  
INFO  @ Wed, 22 Feb 2023 15:27:24: Thread 0: Calculating RNF151 (13001) ...  
INFO  @ Wed, 22 Feb 2023 15:27:28: Thread 0: Calculating SLC25A11 (14001) ...  
INFO  @ Wed, 22 Feb 2023 15:27:32: Thread 0: Calculating SUMO4 (15001) ...  
INFO  @ Wed, 22 Feb 2023 15:27:35: Thread 0: Calculating TNKS2 (16001) ...  
INFO  @ Wed, 22 Feb 2023 15:27:39: Thread 0: Calculating WDHD1 (17001) ...  
INFO  @ Wed, 22 Feb 2023 15:27:42: Thread 0: Calculating ZYG11A (18001) ...  
INFO  @ Wed, 22 Feb 2023 15:27:42: Thread 0 completed. 
INFO  @ Wed, 22 Feb 2023 15:27:42: All threads completed. 
INFO  @ Wed, 22 Feb 2023 15:27:45: Permuting round 1 ... 
INFO  @ Wed, 22 Feb 2023 15:27:45: Thread 0 started. 
INFO  @ Wed, 22 Feb 2023 15:27:45: Thread 0: total 18006 instances. 
INFO  @ Wed, 22 Feb 2023 15:27:45: Thread 0: Calculating A1CF (1) ...  
INFO  @ Wed, 22 Feb 2023 15:27:49: Thread 0: Calculating ARNT2 (1001) ...  
INFO  @ Wed, 22 Feb 2023 15:27:52: Thread 0: Calculating C2orf44 (2001) ...  
INFO  @ Wed, 22 Feb 2023 15:27:56: Thread 0: Calculating CERS6 (3001) ...  
INFO  @ Wed, 22 Feb 2023 15:27:59: Thread 0: Calculating DBH (4001) ...  
INFO  @ Wed, 22 Feb 2023 15:28:03: Thread 0: Calculating ERCC6L2 (5001) ...  
INFO  @ Wed, 22 Feb 2023 15:28:07: Thread 0: Calculating GANC (6001) ...  
INFO  @ Wed, 22 Feb 2023 15:28:10: Thread 0: Calculating HMBS (7001) ...  
INFO  @ Wed, 22 Feb 2023 15:28:14: Thread 0: Calculating KIAA1147 (8001) ...  
INFO  @ Wed, 22 Feb 2023 15:28:18: Thread 0: Calculating MAGOH (9001) ...  
INFO  @ Wed, 22 Feb 2023 15:28:21: Thread 0: Calculating NANOS3 (10001) ...  
INFO  @ Wed, 22 Feb 2023 15:28:25: Thread 0: Calculating PAXIP1 (11001) ...  
INFO  @ Wed, 22 Feb 2023 15:28:28: Thread 0: Calculating PRG4 (12001) ...  
INFO  @ Wed, 22 Feb 2023 15:28:32: Thread 0: Calculating RNF151 (13001) ...  
INFO  @ Wed, 22 Feb 2023 15:28:35: Thread 0: Calculating SLC25A11 (14001) ...  
INFO  @ Wed, 22 Feb 2023 15:28:39: Thread 0: Calculating SUMO4 (15001) ...  
INFO  @ Wed, 22 Feb 2023 15:28:42: Thread 0: Calculating TNKS2 (16001) ...  
INFO  @ Wed, 22 Feb 2023 15:28:46: Thread 0: Calculating WDHD1 (17001) ...  
INFO  @ Wed, 22 Feb 2023 15:28:50: Thread 0: Calculating ZYG11A (18001) ...  
INFO  @ Wed, 22 Feb 2023 15:28:50: Thread 0 completed. 
INFO  @ Wed, 22 Feb 2023 15:28:50: All threads completed. 
INFO  @ Wed, 22 Feb 2023 15:28:52: Assigning p values... 
INFO  @ Wed, 22 Feb 2023 15:28:52: Permuting groups of gene with 4 sgRNAs per gene. Group progress: 4/22 
INFO  @ Wed, 22 Feb 2023 15:28:52: Start permuting 2 rounds ... 
INFO  @ Wed, 22 Feb 2023 15:28:53: Collecting 90025 sgRNAs from 18006 genes. 
INFO  @ Wed, 22 Feb 2023 15:28:54: Permuting round 0 ... 
INFO  @ Wed, 22 Feb 2023 15:28:54: Thread 0 started. 
INFO  @ Wed, 22 Feb 2023 15:28:54: Thread 0: total 18006 instances. 
INFO  @ Wed, 22 Feb 2023 15:28:54: Thread 0: Calculating A1CF (1) ...  
INFO  @ Wed, 22 Feb 2023 15:28:58: Thread 0: Calculating ARNT2 (1001) ...  
INFO  @ Wed, 22 Feb 2023 15:29:02: Thread 0: Calculating C2orf44 (2001) ...  
INFO  @ Wed, 22 Feb 2023 15:29:06: Thread 0: Calculating CERS6 (3001) ...  
INFO  @ Wed, 22 Feb 2023 15:29:09: Thread 0: Calculating DBH (4001) ...  
INFO  @ Wed, 22 Feb 2023 15:29:13: Thread 0: Calculating ERCC6L2 (5001) ...  
INFO  @ Wed, 22 Feb 2023 15:29:17: Thread 0: Calculating GANC (6001) ...  
INFO  @ Wed, 22 Feb 2023 15:29:21: Thread 0: Calculating HMBS (7001) ...  
INFO  @ Wed, 22 Feb 2023 15:29:24: Thread 0: Calculating KIAA1147 (8001) ...  
INFO  @ Wed, 22 Feb 2023 15:29:28: Thread 0: Calculating MAGOH (9001) ...  
INFO  @ Wed, 22 Feb 2023 15:29:32: Thread 0: Calculating NANOS3 (10001) ...  
INFO  @ Wed, 22 Feb 2023 15:29:36: Thread 0: Calculating PAXIP1 (11001) ...  
INFO  @ Wed, 22 Feb 2023 15:29:40: Thread 0: Calculating PRG4 (12001) ...  
INFO  @ Wed, 22 Feb 2023 15:29:43: Thread 0: Calculating RNF151 (13001) ...  
INFO  @ Wed, 22 Feb 2023 15:29:47: Thread 0: Calculating SLC25A11 (14001) ...  
INFO  @ Wed, 22 Feb 2023 15:29:51: Thread 0: Calculating SUMO4 (15001) ...  
INFO  @ Wed, 22 Feb 2023 15:29:55: Thread 0: Calculating TNKS2 (16001) ...  
INFO  @ Wed, 22 Feb 2023 15:29:59: Thread 0: Calculating WDHD1 (17001) ...  
INFO  @ Wed, 22 Feb 2023 15:30:02: Thread 0: Calculating ZYG11A (18001) ...  
INFO  @ Wed, 22 Feb 2023 15:30:02: Thread 0 completed. 
INFO  @ Wed, 22 Feb 2023 15:30:02: All threads completed. 
INFO  @ Wed, 22 Feb 2023 15:30:05: Permuting round 1 ... 
INFO  @ Wed, 22 Feb 2023 15:30:05: Thread 0 started. 
INFO  @ Wed, 22 Feb 2023 15:30:05: Thread 0: total 18006 instances. 
INFO  @ Wed, 22 Feb 2023 15:30:05: Thread 0: Calculating A1CF (1) ...  
INFO  @ Wed, 22 Feb 2023 15:30:09: Thread 0: Calculating ARNT2 (1001) ...  
INFO  @ Wed, 22 Feb 2023 15:30:13: Thread 0: Calculating C2orf44 (2001) ...  
INFO  @ Wed, 22 Feb 2023 15:30:17: Thread 0: Calculating CERS6 (3001) ...  
INFO  @ Wed, 22 Feb 2023 15:30:21: Thread 0: Calculating DBH (4001) ...  
INFO  @ Wed, 22 Feb 2023 15:30:24: Thread 0: Calculating ERCC6L2 (5001) ...  
INFO  @ Wed, 22 Feb 2023 15:30:28: Thread 0: Calculating GANC (6001) ...  
INFO  @ Wed, 22 Feb 2023 15:30:32: Thread 0: Calculating HMBS (7001) ...  
INFO  @ Wed, 22 Feb 2023 15:30:36: Thread 0: Calculating KIAA1147 (8001) ...  
INFO  @ Wed, 22 Feb 2023 15:30:40: Thread 0: Calculating MAGOH (9001) ...  
INFO  @ Wed, 22 Feb 2023 15:30:43: Thread 0: Calculating NANOS3 (10001) ...  
INFO  @ Wed, 22 Feb 2023 15:30:47: Thread 0: Calculating PAXIP1 (11001) ...  
INFO  @ Wed, 22 Feb 2023 15:30:51: Thread 0: Calculating PRG4 (12001) ...  
INFO  @ Wed, 22 Feb 2023 15:30:55: Thread 0: Calculating RNF151 (13001) ...  
INFO  @ Wed, 22 Feb 2023 15:30:59: Thread 0: Calculating SLC25A11 (14001) ...  
INFO  @ Wed, 22 Feb 2023 15:31:03: Thread 0: Calculating SUMO4 (15001) ...  
INFO  @ Wed, 22 Feb 2023 15:31:06: Thread 0: Calculating TNKS2 (16001) ...  
INFO  @ Wed, 22 Feb 2023 15:31:10: Thread 0: Calculating WDHD1 (17001) ...  
INFO  @ Wed, 22 Feb 2023 15:31:14: Thread 0: Calculating ZYG11A (18001) ...  
INFO  @ Wed, 22 Feb 2023 15:31:14: Thread 0 completed. 
INFO  @ Wed, 22 Feb 2023 15:31:14: All threads completed. 
INFO  @ Wed, 22 Feb 2023 15:31:17: Assigning p values... 
INFO  @ Wed, 22 Feb 2023 15:31:17: Permuting groups of gene with 5 sgRNAs per gene. Group progress: 5/22 
INFO  @ Wed, 22 Feb 2023 15:31:17: Start permuting 2 rounds ... 
INFO  @ Wed, 22 Feb 2023 15:31:17: Collecting 90025 sgRNAs from 18006 genes. 
INFO  @ Wed, 22 Feb 2023 15:31:18: Permuting round 0 ... 
INFO  @ Wed, 22 Feb 2023 15:31:19: Thread 0 started. 
INFO  @ Wed, 22 Feb 2023 15:31:19: Thread 0: total 18006 instances. 
INFO  @ Wed, 22 Feb 2023 15:31:19: Thread 0: Calculating A1CF (1) ...  
INFO  @ Wed, 22 Feb 2023 15:31:23: Thread 0: Calculating ARNT2 (1001) ...  
INFO  @ Wed, 22 Feb 2023 15:31:27: Thread 0: Calculating C2orf44 (2001) ...  
INFO  @ Wed, 22 Feb 2023 15:31:31: Thread 0: Calculating CERS6 (3001) ...  
INFO  @ Wed, 22 Feb 2023 15:31:35: Thread 0: Calculating DBH (4001) ...  
INFO  @ Wed, 22 Feb 2023 15:31:38: Thread 0: Calculating ERCC6L2 (5001) ...  
INFO  @ Wed, 22 Feb 2023 15:31:42: Thread 0: Calculating GANC (6001) ...  
INFO  @ Wed, 22 Feb 2023 15:31:46: Thread 0: Calculating HMBS (7001) ...  
INFO  @ Wed, 22 Feb 2023 15:31:50: Thread 0: Calculating KIAA1147 (8001) ...  
INFO  @ Wed, 22 Feb 2023 15:31:54: Thread 0: Calculating MAGOH (9001) ...  
INFO  @ Wed, 22 Feb 2023 15:31:58: Thread 0: Calculating NANOS3 (10001) ...  
INFO  @ Wed, 22 Feb 2023 15:32:02: Thread 0: Calculating PAXIP1 (11001) ...  
INFO  @ Wed, 22 Feb 2023 15:32:06: Thread 0: Calculating PRG4 (12001) ...  
INFO  @ Wed, 22 Feb 2023 15:32:10: Thread 0: Calculating RNF151 (13001) ...  
INFO  @ Wed, 22 Feb 2023 15:32:14: Thread 0: Calculating SLC25A11 (14001) ...  
INFO  @ Wed, 22 Feb 2023 15:32:18: Thread 0: Calculating SUMO4 (15001) ...  
INFO  @ Wed, 22 Feb 2023 15:32:21: Thread 0: Calculating TNKS2 (16001) ...  
INFO  @ Wed, 22 Feb 2023 15:32:25: Thread 0: Calculating WDHD1 (17001) ...  
INFO  @ Wed, 22 Feb 2023 15:32:29: Thread 0: Calculating ZYG11A (18001) ...  
INFO  @ Wed, 22 Feb 2023 15:32:29: Thread 0 completed. 
INFO  @ Wed, 22 Feb 2023 15:32:29: All threads completed. 
INFO  @ Wed, 22 Feb 2023 15:32:32: Permuting round 1 ... 
INFO  @ Wed, 22 Feb 2023 15:32:33: Thread 0 started. 
INFO  @ Wed, 22 Feb 2023 15:32:33: Thread 0: total 18006 instances. 
INFO  @ Wed, 22 Feb 2023 15:32:33: Thread 0: Calculating A1CF (1) ...  
INFO  @ Wed, 22 Feb 2023 15:32:37: Thread 0: Calculating ARNT2 (1001) ...  
INFO  @ Wed, 22 Feb 2023 15:32:41: Thread 0: Calculating C2orf44 (2001) ...  
INFO  @ Wed, 22 Feb 2023 15:32:45: Thread 0: Calculating CERS6 (3001) ...  
INFO  @ Wed, 22 Feb 2023 15:32:48: Thread 0: Calculating DBH (4001) ...  
INFO  @ Wed, 22 Feb 2023 15:32:52: Thread 0: Calculating ERCC6L2 (5001) ...  
INFO  @ Wed, 22 Feb 2023 15:32:56: Thread 0: Calculating GANC (6001) ...  
INFO  @ Wed, 22 Feb 2023 15:33:00: Thread 0: Calculating HMBS (7001) ...  
INFO  @ Wed, 22 Feb 2023 15:33:04: Thread 0: Calculating KIAA1147 (8001) ...  
INFO  @ Wed, 22 Feb 2023 15:33:08: Thread 0: Calculating MAGOH (9001) ...  
INFO  @ Wed, 22 Feb 2023 15:33:12: Thread 0: Calculating NANOS3 (10001) ...  
INFO  @ Wed, 22 Feb 2023 15:33:16: Thread 0: Calculating PAXIP1 (11001) ...  
INFO  @ Wed, 22 Feb 2023 15:33:20: Thread 0: Calculating PRG4 (12001) ...  
INFO  @ Wed, 22 Feb 2023 15:33:24: Thread 0: Calculating RNF151 (13001) ...  
INFO  @ Wed, 22 Feb 2023 15:33:28: Thread 0: Calculating SLC25A11 (14001) ...  
INFO  @ Wed, 22 Feb 2023 15:33:32: Thread 0: Calculating SUMO4 (15001) ...  
INFO  @ Wed, 22 Feb 2023 15:33:36: Thread 0: Calculating TNKS2 (16001) ...  
INFO  @ Wed, 22 Feb 2023 15:33:40: Thread 0: Calculating WDHD1 (17001) ...  
INFO  @ Wed, 22 Feb 2023 15:33:44: Thread 0: Calculating ZYG11A (18001) ...  
INFO  @ Wed, 22 Feb 2023 15:33:44: Thread 0 completed. 
INFO  @ Wed, 22 Feb 2023 15:33:44: All threads completed. 
INFO  @ Wed, 22 Feb 2023 15:33:47: Assigning p values... 
INFO  @ Wed, 22 Feb 2023 15:33:48: Permuting groups of gene with 6 sgRNAs per gene. Group progress: 6/22 
INFO  @ Wed, 22 Feb 2023 15:33:48: Start permuting 2 rounds ... 
INFO  @ Wed, 22 Feb 2023 15:33:48: Collecting 90025 sgRNAs from 18006 genes. 
INFO  @ Wed, 22 Feb 2023 15:33:49: Permuting round 0 ... 
INFO  @ Wed, 22 Feb 2023 15:33:50: Thread 0 started. 
INFO  @ Wed, 22 Feb 2023 15:33:50: Thread 0: total 18006 instances. 
INFO  @ Wed, 22 Feb 2023 15:33:50: Thread 0: Calculating A1CF (1) ...  
INFO  @ Wed, 22 Feb 2023 15:33:54: Thread 0: Calculating ARNT2 (1001) ...  
INFO  @ Wed, 22 Feb 2023 15:33:58: Thread 0: Calculating C2orf44 (2001) ...  
INFO  @ Wed, 22 Feb 2023 15:34:02: Thread 0: Calculating CERS6 (3001) ...  
INFO  @ Wed, 22 Feb 2023 15:34:06: Thread 0: Calculating DBH (4001) ...  
INFO  @ Wed, 22 Feb 2023 15:34:10: Thread 0: Calculating ERCC6L2 (5001) ...  
INFO  @ Wed, 22 Feb 2023 15:34:14: Thread 0: Calculating GANC (6001) ...  
INFO  @ Wed, 22 Feb 2023 15:34:18: Thread 0: Calculating HMBS (7001) ...  
INFO  @ Wed, 22 Feb 2023 15:34:22: Thread 0: Calculating KIAA1147 (8001) ...  
INFO  @ Wed, 22 Feb 2023 15:34:27: Thread 0: Calculating MAGOH (9001) ...  
INFO  @ Wed, 22 Feb 2023 15:34:31: Thread 0: Calculating NANOS3 (10001) ...  
INFO  @ Wed, 22 Feb 2023 15:34:35: Thread 0: Calculating PAXIP1 (11001) ...  
INFO  @ Wed, 22 Feb 2023 15:34:39: Thread 0: Calculating PRG4 (12001) ...  
INFO  @ Wed, 22 Feb 2023 15:34:43: Thread 0: Calculating RNF151 (13001) ...  
INFO  @ Wed, 22 Feb 2023 15:34:47: Thread 0: Calculating SLC25A11 (14001) ...  
INFO  @ Wed, 22 Feb 2023 15:34:51: Thread 0: Calculating SUMO4 (15001) ...  
INFO  @ Wed, 22 Feb 2023 15:34:55: Thread 0: Calculating TNKS2 (16001) ...  
INFO  @ Wed, 22 Feb 2023 15:35:00: Thread 0: Calculating WDHD1 (17001) ...  
INFO  @ Wed, 22 Feb 2023 15:35:04: Thread 0: Calculating ZYG11A (18001) ...  
INFO  @ Wed, 22 Feb 2023 15:35:04: Thread 0 completed. 
INFO  @ Wed, 22 Feb 2023 15:35:04: All threads completed. 
INFO  @ Wed, 22 Feb 2023 15:35:07: Permuting round 1 ... 
INFO  @ Wed, 22 Feb 2023 15:35:07: Thread 0 started. 
INFO  @ Wed, 22 Feb 2023 15:35:07: Thread 0: total 18006 instances. 
INFO  @ Wed, 22 Feb 2023 15:35:07: Thread 0: Calculating A1CF (1) ...  
INFO  @ Wed, 22 Feb 2023 15:35:11: Thread 0: Calculating ARNT2 (1001) ...  
INFO  @ Wed, 22 Feb 2023 15:35:15: Thread 0: Calculating C2orf44 (2001) ...  
INFO  @ Wed, 22 Feb 2023 15:35:19: Thread 0: Calculating CERS6 (3001) ...  
INFO  @ Wed, 22 Feb 2023 15:35:23: Thread 0: Calculating DBH (4001) ...  
INFO  @ Wed, 22 Feb 2023 15:35:28: Thread 0: Calculating ERCC6L2 (5001) ...  
INFO  @ Wed, 22 Feb 2023 15:35:32: Thread 0: Calculating GANC (6001) ...  
INFO  @ Wed, 22 Feb 2023 15:35:36: Thread 0: Calculating HMBS (7001) ...  
INFO  @ Wed, 22 Feb 2023 15:35:40: Thread 0: Calculating KIAA1147 (8001) ...  
INFO  @ Wed, 22 Feb 2023 15:35:44: Thread 0: Calculating MAGOH (9001) ...  
INFO  @ Wed, 22 Feb 2023 15:35:48: Thread 0: Calculating NANOS3 (10001) ...  
INFO  @ Wed, 22 Feb 2023 15:35:52: Thread 0: Calculating PAXIP1 (11001) ...  
INFO  @ Wed, 22 Feb 2023 15:35:56: Thread 0: Calculating PRG4 (12001) ...  
INFO  @ Wed, 22 Feb 2023 15:36:01: Thread 0: Calculating RNF151 (13001) ...  
INFO  @ Wed, 22 Feb 2023 15:36:05: Thread 0: Calculating SLC25A11 (14001) ...  
INFO  @ Wed, 22 Feb 2023 15:36:09: Thread 0: Calculating SUMO4 (15001) ...  
INFO  @ Wed, 22 Feb 2023 15:36:13: Thread 0: Calculating TNKS2 (16001) ...  
INFO  @ Wed, 22 Feb 2023 15:36:17: Thread 0: Calculating WDHD1 (17001) ...  
INFO  @ Wed, 22 Feb 2023 15:36:21: Thread 0: Calculating ZYG11A (18001) ...  
INFO  @ Wed, 22 Feb 2023 15:36:21: Thread 0 completed. 
INFO  @ Wed, 22 Feb 2023 15:36:21: All threads completed. 
INFO  @ Wed, 22 Feb 2023 15:36:25: Assigning p values... 
INFO  @ Wed, 22 Feb 2023 15:36:25: Permuting groups of gene with 7 sgRNAs per gene. Group progress: 7/22 
INFO  @ Wed, 22 Feb 2023 15:36:25: Start permuting 2 rounds ... 
INFO  @ Wed, 22 Feb 2023 15:36:25: Collecting 90025 sgRNAs from 18006 genes. 
INFO  @ Wed, 22 Feb 2023 15:36:26: Permuting round 0 ... 
INFO  @ Wed, 22 Feb 2023 15:36:26: Thread 0 started. 
INFO  @ Wed, 22 Feb 2023 15:36:26: Thread 0: total 18006 instances. 
INFO  @ Wed, 22 Feb 2023 15:36:26: Thread 0: Calculating A1CF (1) ...  
INFO  @ Wed, 22 Feb 2023 15:36:31: Thread 0: Calculating ARNT2 (1001) ...  
INFO  @ Wed, 22 Feb 2023 15:36:35: Thread 0: Calculating C2orf44 (2001) ...  
INFO  @ Wed, 22 Feb 2023 15:36:39: Thread 0: Calculating CERS6 (3001) ...  
INFO  @ Wed, 22 Feb 2023 15:36:43: Thread 0: Calculating DBH (4001) ...  
INFO  @ Wed, 22 Feb 2023 15:36:48: Thread 0: Calculating ERCC6L2 (5001) ...  
INFO  @ Wed, 22 Feb 2023 15:36:52: Thread 0: Calculating GANC (6001) ...  
INFO  @ Wed, 22 Feb 2023 15:36:56: Thread 0: Calculating HMBS (7001) ...  
INFO  @ Wed, 22 Feb 2023 15:37:01: Thread 0: Calculating KIAA1147 (8001) ...  
INFO  @ Wed, 22 Feb 2023 15:37:05: Thread 0: Calculating MAGOH (9001) ...  
INFO  @ Wed, 22 Feb 2023 15:37:09: Thread 0: Calculating NANOS3 (10001) ...  
INFO  @ Wed, 22 Feb 2023 15:37:13: Thread 0: Calculating PAXIP1 (11001) ...  
INFO  @ Wed, 22 Feb 2023 15:37:17: Thread 0: Calculating PRG4 (12001) ...  
INFO  @ Wed, 22 Feb 2023 15:37:22: Thread 0: Calculating RNF151 (13001) ...  
INFO  @ Wed, 22 Feb 2023 15:37:26: Thread 0: Calculating SLC25A11 (14001) ...  
INFO  @ Wed, 22 Feb 2023 15:37:30: Thread 0: Calculating SUMO4 (15001) ...  
INFO  @ Wed, 22 Feb 2023 15:37:34: Thread 0: Calculating TNKS2 (16001) ...  
INFO  @ Wed, 22 Feb 2023 15:37:39: Thread 0: Calculating WDHD1 (17001) ...  
INFO  @ Wed, 22 Feb 2023 15:37:43: Thread 0: Calculating ZYG11A (18001) ...  
INFO  @ Wed, 22 Feb 2023 15:37:43: Thread 0 completed. 
INFO  @ Wed, 22 Feb 2023 15:37:43: All threads completed. 
INFO  @ Wed, 22 Feb 2023 15:37:46: Permuting round 1 ... 
INFO  @ Wed, 22 Feb 2023 15:37:46: Thread 0 started. 
INFO  @ Wed, 22 Feb 2023 15:37:46: Thread 0: total 18006 instances. 
INFO  @ Wed, 22 Feb 2023 15:37:46: Thread 0: Calculating A1CF (1) ...  
INFO  @ Wed, 22 Feb 2023 15:37:51: Thread 0: Calculating ARNT2 (1001) ...  
INFO  @ Wed, 22 Feb 2023 15:37:55: Thread 0: Calculating C2orf44 (2001) ...  
INFO  @ Wed, 22 Feb 2023 15:37:59: Thread 0: Calculating CERS6 (3001) ...  
INFO  @ Wed, 22 Feb 2023 15:38:03: Thread 0: Calculating DBH (4001) ...  
INFO  @ Wed, 22 Feb 2023 15:38:08: Thread 0: Calculating ERCC6L2 (5001) ...  
INFO  @ Wed, 22 Feb 2023 15:38:12: Thread 0: Calculating GANC (6001) ...  
INFO  @ Wed, 22 Feb 2023 15:38:16: Thread 0: Calculating HMBS (7001) ...  
INFO  @ Wed, 22 Feb 2023 15:38:21: Thread 0: Calculating KIAA1147 (8001) ...  
INFO  @ Wed, 22 Feb 2023 15:38:25: Thread 0: Calculating MAGOH (9001) ...  
INFO  @ Wed, 22 Feb 2023 15:38:29: Thread 0: Calculating NANOS3 (10001) ...  
INFO  @ Wed, 22 Feb 2023 15:38:33: Thread 0: Calculating PAXIP1 (11001) ...  
INFO  @ Wed, 22 Feb 2023 15:38:38: Thread 0: Calculating PRG4 (12001) ...  
INFO  @ Wed, 22 Feb 2023 15:38:42: Thread 0: Calculating RNF151 (13001) ...  
INFO  @ Wed, 22 Feb 2023 15:38:46: Thread 0: Calculating SLC25A11 (14001) ...  
INFO  @ Wed, 22 Feb 2023 15:38:50: Thread 0: Calculating SUMO4 (15001) ...  
INFO  @ Wed, 22 Feb 2023 15:38:55: Thread 0: Calculating TNKS2 (16001) ...  
INFO  @ Wed, 22 Feb 2023 15:38:59: Thread 0: Calculating WDHD1 (17001) ...  
INFO  @ Wed, 22 Feb 2023 15:39:03: Thread 0: Calculating ZYG11A (18001) ...  
INFO  @ Wed, 22 Feb 2023 15:39:03: Thread 0 completed. 
INFO  @ Wed, 22 Feb 2023 15:39:03: All threads completed. 
INFO  @ Wed, 22 Feb 2023 15:39:06: Assigning p values... 
INFO  @ Wed, 22 Feb 2023 15:39:06: Permuting groups of gene with 8 sgRNAs per gene. Group progress: 8/22 
INFO  @ Wed, 22 Feb 2023 15:39:06: Start permuting 2 rounds ... 
INFO  @ Wed, 22 Feb 2023 15:39:07: Collecting 90025 sgRNAs from 18006 genes. 
INFO  @ Wed, 22 Feb 2023 15:39:08: Permuting round 0 ... 
INFO  @ Wed, 22 Feb 2023 15:39:08: Thread 0 started. 
INFO  @ Wed, 22 Feb 2023 15:39:08: Thread 0: total 18006 instances. 
INFO  @ Wed, 22 Feb 2023 15:39:08: Thread 0: Calculating A1CF (1) ...  
INFO  @ Wed, 22 Feb 2023 15:39:13: Thread 0: Calculating ARNT2 (1001) ...  
INFO  @ Wed, 22 Feb 2023 15:39:17: Thread 0: Calculating C2orf44 (2001) ...  
INFO  @ Wed, 22 Feb 2023 15:39:22: Thread 0: Calculating CERS6 (3001) ...  
INFO  @ Wed, 22 Feb 2023 15:39:26: Thread 0: Calculating DBH (4001) ...  
INFO  @ Wed, 22 Feb 2023 15:39:30: Thread 0: Calculating ERCC6L2 (5001) ...  
INFO  @ Wed, 22 Feb 2023 15:39:35: Thread 0: Calculating GANC (6001) ...  
INFO  @ Wed, 22 Feb 2023 15:39:39: Thread 0: Calculating HMBS (7001) ...  
INFO  @ Wed, 22 Feb 2023 15:39:43: Thread 0: Calculating KIAA1147 (8001) ...  
INFO  @ Wed, 22 Feb 2023 15:39:48: Thread 0: Calculating MAGOH (9001) ...  
INFO  @ Wed, 22 Feb 2023 15:39:52: Thread 0: Calculating NANOS3 (10001) ...  
INFO  @ Wed, 22 Feb 2023 15:39:57: Thread 0: Calculating PAXIP1 (11001) ...  
INFO  @ Wed, 22 Feb 2023 15:40:01: Thread 0: Calculating PRG4 (12001) ...  
INFO  @ Wed, 22 Feb 2023 15:40:05: Thread 0: Calculating RNF151 (13001) ...  
INFO  @ Wed, 22 Feb 2023 15:40:10: Thread 0: Calculating SLC25A11 (14001) ...  
INFO  @ Wed, 22 Feb 2023 15:40:14: Thread 0: Calculating SUMO4 (15001) ...  
INFO  @ Wed, 22 Feb 2023 15:40:18: Thread 0: Calculating TNKS2 (16001) ...  
INFO  @ Wed, 22 Feb 2023 15:40:23: Thread 0: Calculating WDHD1 (17001) ...  
INFO  @ Wed, 22 Feb 2023 15:40:27: Thread 0: Calculating ZYG11A (18001) ...  
INFO  @ Wed, 22 Feb 2023 15:40:27: Thread 0 completed. 
INFO  @ Wed, 22 Feb 2023 15:40:27: All threads completed. 
INFO  @ Wed, 22 Feb 2023 15:40:30: Permuting round 1 ... 
INFO  @ Wed, 22 Feb 2023 15:40:30: Thread 0 started. 
INFO  @ Wed, 22 Feb 2023 15:40:30: Thread 0: total 18006 instances. 
INFO  @ Wed, 22 Feb 2023 15:40:30: Thread 0: Calculating A1CF (1) ...  
INFO  @ Wed, 22 Feb 2023 15:40:35: Thread 0: Calculating ARNT2 (1001) ...  
INFO  @ Wed, 22 Feb 2023 15:40:39: Thread 0: Calculating C2orf44 (2001) ...  
INFO  @ Wed, 22 Feb 2023 15:40:44: Thread 0: Calculating CERS6 (3001) ...  
INFO  @ Wed, 22 Feb 2023 15:40:48: Thread 0: Calculating DBH (4001) ...  
INFO  @ Wed, 22 Feb 2023 15:40:53: Thread 0: Calculating ERCC6L2 (5001) ...  
INFO  @ Wed, 22 Feb 2023 15:40:57: Thread 0: Calculating GANC (6001) ...  
INFO  @ Wed, 22 Feb 2023 15:41:01: Thread 0: Calculating HMBS (7001) ...  
INFO  @ Wed, 22 Feb 2023 15:41:06: Thread 0: Calculating KIAA1147 (8001) ...  
INFO  @ Wed, 22 Feb 2023 15:41:10: Thread 0: Calculating MAGOH (9001) ...  
INFO  @ Wed, 22 Feb 2023 15:41:15: Thread 0: Calculating NANOS3 (10001) ...  
INFO  @ Wed, 22 Feb 2023 15:41:19: Thread 0: Calculating PAXIP1 (11001) ...  
INFO  @ Wed, 22 Feb 2023 15:41:24: Thread 0: Calculating PRG4 (12001) ...  
INFO  @ Wed, 22 Feb 2023 15:41:28: Thread 0: Calculating RNF151 (13001) ...  
INFO  @ Wed, 22 Feb 2023 15:41:32: Thread 0: Calculating SLC25A11 (14001) ...  
INFO  @ Wed, 22 Feb 2023 15:41:37: Thread 0: Calculating SUMO4 (15001) ...  
INFO  @ Wed, 22 Feb 2023 15:41:41: Thread 0: Calculating TNKS2 (16001) ...  
INFO  @ Wed, 22 Feb 2023 15:41:46: Thread 0: Calculating WDHD1 (17001) ...  
INFO  @ Wed, 22 Feb 2023 15:41:50: Thread 0: Calculating ZYG11A (18001) ...  
INFO  @ Wed, 22 Feb 2023 15:41:50: Thread 0 completed. 
INFO  @ Wed, 22 Feb 2023 15:41:50: All threads completed. 
INFO  @ Wed, 22 Feb 2023 15:41:53: Assigning p values... 
INFO  @ Wed, 22 Feb 2023 15:41:53: Permuting groups of gene with 9 sgRNAs per gene. Group progress: 9/22 
INFO  @ Wed, 22 Feb 2023 15:41:53: Start permuting 2 rounds ... 
INFO  @ Wed, 22 Feb 2023 15:41:54: Collecting 90025 sgRNAs from 18006 genes. 
INFO  @ Wed, 22 Feb 2023 15:41:55: Permuting round 0 ... 
INFO  @ Wed, 22 Feb 2023 15:41:55: Thread 0 started. 
INFO  @ Wed, 22 Feb 2023 15:41:55: Thread 0: total 18006 instances. 
INFO  @ Wed, 22 Feb 2023 15:41:55: Thread 0: Calculating A1CF (1) ...  
INFO  @ Wed, 22 Feb 2023 15:42:00: Thread 0: Calculating ARNT2 (1001) ...  
INFO  @ Wed, 22 Feb 2023 15:42:04: Thread 0: Calculating C2orf44 (2001) ...  
INFO  @ Wed, 22 Feb 2023 15:42:09: Thread 0: Calculating CERS6 (3001) ...  
INFO  @ Wed, 22 Feb 2023 15:42:13: Thread 0: Calculating DBH (4001) ...  
INFO  @ Wed, 22 Feb 2023 15:42:18: Thread 0: Calculating ERCC6L2 (5001) ...  
INFO  @ Wed, 22 Feb 2023 15:42:22: Thread 0: Calculating GANC (6001) ...  
INFO  @ Wed, 22 Feb 2023 15:42:27: Thread 0: Calculating HMBS (7001) ...  
INFO  @ Wed, 22 Feb 2023 15:42:31: Thread 0: Calculating KIAA1147 (8001) ...  
INFO  @ Wed, 22 Feb 2023 15:42:36: Thread 0: Calculating MAGOH (9001) ...  
INFO  @ Wed, 22 Feb 2023 15:42:40: Thread 0: Calculating NANOS3 (10001) ...  
INFO  @ Wed, 22 Feb 2023 15:42:45: Thread 0: Calculating PAXIP1 (11001) ...  
INFO  @ Wed, 22 Feb 2023 15:42:49: Thread 0: Calculating PRG4 (12001) ...  
INFO  @ Wed, 22 Feb 2023 15:42:54: Thread 0: Calculating RNF151 (13001) ...  
INFO  @ Wed, 22 Feb 2023 15:42:59: Thread 0: Calculating SLC25A11 (14001) ...  
INFO  @ Wed, 22 Feb 2023 15:43:03: Thread 0: Calculating SUMO4 (15001) ...  
INFO  @ Wed, 22 Feb 2023 15:43:08: Thread 0: Calculating TNKS2 (16001) ...  
INFO  @ Wed, 22 Feb 2023 15:43:12: Thread 0: Calculating WDHD1 (17001) ...  
INFO  @ Wed, 22 Feb 2023 15:43:17: Thread 0: Calculating ZYG11A (18001) ...  
INFO  @ Wed, 22 Feb 2023 15:43:17: Thread 0 completed. 
INFO  @ Wed, 22 Feb 2023 15:43:17: All threads completed. 
INFO  @ Wed, 22 Feb 2023 15:43:20: Permuting round 1 ... 
INFO  @ Wed, 22 Feb 2023 15:43:20: Thread 0 started. 
INFO  @ Wed, 22 Feb 2023 15:43:20: Thread 0: total 18006 instances. 
INFO  @ Wed, 22 Feb 2023 15:43:20: Thread 0: Calculating A1CF (1) ...  
INFO  @ Wed, 22 Feb 2023 15:43:25: Thread 0: Calculating ARNT2 (1001) ...  
INFO  @ Wed, 22 Feb 2023 15:43:29: Thread 0: Calculating C2orf44 (2001) ...  
INFO  @ Wed, 22 Feb 2023 15:43:34: Thread 0: Calculating CERS6 (3001) ...  
INFO  @ Wed, 22 Feb 2023 15:43:38: Thread 0: Calculating DBH (4001) ...  
INFO  @ Wed, 22 Feb 2023 15:43:43: Thread 0: Calculating ERCC6L2 (5001) ...  
INFO  @ Wed, 22 Feb 2023 15:43:48: Thread 0: Calculating GANC (6001) ...  
INFO  @ Wed, 22 Feb 2023 15:43:52: Thread 0: Calculating HMBS (7001) ...  
INFO  @ Wed, 22 Feb 2023 15:43:57: Thread 0: Calculating KIAA1147 (8001) ...  
INFO  @ Wed, 22 Feb 2023 15:44:01: Thread 0: Calculating MAGOH (9001) ...  
INFO  @ Wed, 22 Feb 2023 15:44:06: Thread 0: Calculating NANOS3 (10001) ...  
INFO  @ Wed, 22 Feb 2023 15:44:10: Thread 0: Calculating PAXIP1 (11001) ...  
INFO  @ Wed, 22 Feb 2023 15:44:15: Thread 0: Calculating PRG4 (12001) ...  
INFO  @ Wed, 22 Feb 2023 15:44:19: Thread 0: Calculating RNF151 (13001) ...  
INFO  @ Wed, 22 Feb 2023 15:44:24: Thread 0: Calculating SLC25A11 (14001) ...  
INFO  @ Wed, 22 Feb 2023 15:44:29: Thread 0: Calculating SUMO4 (15001) ...  
INFO  @ Wed, 22 Feb 2023 15:44:33: Thread 0: Calculating TNKS2 (16001) ...  
INFO  @ Wed, 22 Feb 2023 15:44:38: Thread 0: Calculating WDHD1 (17001) ...  
INFO  @ Wed, 22 Feb 2023 15:44:42: Thread 0: Calculating ZYG11A (18001) ...  
INFO  @ Wed, 22 Feb 2023 15:44:42: Thread 0 completed. 
INFO  @ Wed, 22 Feb 2023 15:44:42: All threads completed. 
INFO  @ Wed, 22 Feb 2023 15:44:46: Assigning p values... 
INFO  @ Wed, 22 Feb 2023 15:44:46: Permuting groups of gene with 10 sgRNAs per gene. Group progress: 10/22 
INFO  @ Wed, 22 Feb 2023 15:44:46: Start permuting 2 rounds ... 
INFO  @ Wed, 22 Feb 2023 15:44:46: Collecting 90025 sgRNAs from 18006 genes. 
INFO  @ Wed, 22 Feb 2023 15:44:47: Permuting round 0 ... 
INFO  @ Wed, 22 Feb 2023 15:44:48: Thread 0 started. 
INFO  @ Wed, 22 Feb 2023 15:44:48: Thread 0: total 18006 instances. 
INFO  @ Wed, 22 Feb 2023 15:44:48: Thread 0: Calculating A1CF (1) ...  
INFO  @ Wed, 22 Feb 2023 15:44:52: Thread 0: Calculating ARNT2 (1001) ...  
INFO  @ Wed, 22 Feb 2023 15:44:57: Thread 0: Calculating C2orf44 (2001) ...  
INFO  @ Wed, 22 Feb 2023 15:45:02: Thread 0: Calculating CERS6 (3001) ...  
INFO  @ Wed, 22 Feb 2023 15:45:06: Thread 0: Calculating DBH (4001) ...  
INFO  @ Wed, 22 Feb 2023 15:45:11: Thread 0: Calculating ERCC6L2 (5001) ...  
INFO  @ Wed, 22 Feb 2023 15:45:16: Thread 0: Calculating GANC (6001) ...  
INFO  @ Wed, 22 Feb 2023 15:45:21: Thread 0: Calculating HMBS (7001) ...  
INFO  @ Wed, 22 Feb 2023 15:45:25: Thread 0: Calculating KIAA1147 (8001) ...  
INFO  @ Wed, 22 Feb 2023 15:45:30: Thread 0: Calculating MAGOH (9001) ...  
INFO  @ Wed, 22 Feb 2023 15:45:34: Thread 0: Calculating NANOS3 (10001) ...  
INFO  @ Wed, 22 Feb 2023 15:45:39: Thread 0: Calculating PAXIP1 (11001) ...  
INFO  @ Wed, 22 Feb 2023 15:45:44: Thread 0: Calculating PRG4 (12001) ...  
INFO  @ Wed, 22 Feb 2023 15:45:48: Thread 0: Calculating RNF151 (13001) ...  
INFO  @ Wed, 22 Feb 2023 15:45:53: Thread 0: Calculating SLC25A11 (14001) ...  
INFO  @ Wed, 22 Feb 2023 15:45:58: Thread 0: Calculating SUMO4 (15001) ...  
INFO  @ Wed, 22 Feb 2023 15:46:02: Thread 0: Calculating TNKS2 (16001) ...  
INFO  @ Wed, 22 Feb 2023 15:46:07: Thread 0: Calculating WDHD1 (17001) ...  
INFO  @ Wed, 22 Feb 2023 15:46:12: Thread 0: Calculating ZYG11A (18001) ...  
INFO  @ Wed, 22 Feb 2023 15:46:12: Thread 0 completed. 
INFO  @ Wed, 22 Feb 2023 15:46:12: All threads completed. 
INFO  @ Wed, 22 Feb 2023 15:46:15: Permuting round 1 ... 
INFO  @ Wed, 22 Feb 2023 15:46:15: Thread 0 started. 
INFO  @ Wed, 22 Feb 2023 15:46:15: Thread 0: total 18006 instances. 
INFO  @ Wed, 22 Feb 2023 15:46:15: Thread 0: Calculating A1CF (1) ...  
INFO  @ Wed, 22 Feb 2023 15:46:20: Thread 0: Calculating ARNT2 (1001) ...  
INFO  @ Wed, 22 Feb 2023 15:46:25: Thread 0: Calculating C2orf44 (2001) ...  
INFO  @ Wed, 22 Feb 2023 15:46:29: Thread 0: Calculating CERS6 (3001) ...  
INFO  @ Wed, 22 Feb 2023 15:46:34: Thread 0: Calculating DBH (4001) ...  
INFO  @ Wed, 22 Feb 2023 15:46:39: Thread 0: Calculating ERCC6L2 (5001) ...  
INFO  @ Wed, 22 Feb 2023 15:46:44: Thread 0: Calculating GANC (6001) ...  
INFO  @ Wed, 22 Feb 2023 15:46:48: Thread 0: Calculating HMBS (7001) ...  
INFO  @ Wed, 22 Feb 2023 15:46:53: Thread 0: Calculating KIAA1147 (8001) ...  
INFO  @ Wed, 22 Feb 2023 15:46:58: Thread 0: Calculating MAGOH (9001) ...  
INFO  @ Wed, 22 Feb 2023 15:47:02: Thread 0: Calculating NANOS3 (10001) ...  
INFO  @ Wed, 22 Feb 2023 15:47:07: Thread 0: Calculating PAXIP1 (11001) ...  
INFO  @ Wed, 22 Feb 2023 15:47:12: Thread 0: Calculating PRG4 (12001) ...  
INFO  @ Wed, 22 Feb 2023 15:47:16: Thread 0: Calculating RNF151 (13001) ...  
INFO  @ Wed, 22 Feb 2023 15:47:21: Thread 0: Calculating SLC25A11 (14001) ...  
INFO  @ Wed, 22 Feb 2023 15:47:26: Thread 0: Calculating SUMO4 (15001) ...  
INFO  @ Wed, 22 Feb 2023 15:47:30: Thread 0: Calculating TNKS2 (16001) ...  
INFO  @ Wed, 22 Feb 2023 15:47:35: Thread 0: Calculating WDHD1 (17001) ...  
INFO  @ Wed, 22 Feb 2023 15:47:40: Thread 0: Calculating ZYG11A (18001) ...  
INFO  @ Wed, 22 Feb 2023 15:47:40: Thread 0 completed. 
INFO  @ Wed, 22 Feb 2023 15:47:40: All threads completed. 
INFO  @ Wed, 22 Feb 2023 15:47:43: Assigning p values... 
INFO  @ Wed, 22 Feb 2023 15:47:43: Permuting groups of gene with 11 sgRNAs per gene. Group progress: 11/22 
INFO  @ Wed, 22 Feb 2023 15:47:43: Start permuting 2 rounds ... 
INFO  @ Wed, 22 Feb 2023 15:47:43: Collecting 90025 sgRNAs from 18006 genes. 
INFO  @ Wed, 22 Feb 2023 15:47:45: Permuting round 0 ... 
INFO  @ Wed, 22 Feb 2023 15:47:45: Thread 0 started. 
INFO  @ Wed, 22 Feb 2023 15:47:45: Thread 0: total 18006 instances. 
INFO  @ Wed, 22 Feb 2023 15:47:45: Thread 0: Calculating A1CF (1) ...  
INFO  @ Wed, 22 Feb 2023 15:47:50: Thread 0: Calculating ARNT2 (1001) ...  
INFO  @ Wed, 22 Feb 2023 15:47:55: Thread 0: Calculating C2orf44 (2001) ...  
INFO  @ Wed, 22 Feb 2023 15:47:59: Thread 0: Calculating CERS6 (3001) ...  
INFO  @ Wed, 22 Feb 2023 15:48:04: Thread 0: Calculating DBH (4001) ...  
INFO  @ Wed, 22 Feb 2023 15:48:09: Thread 0: Calculating ERCC6L2 (5001) ...  
INFO  @ Wed, 22 Feb 2023 15:48:14: Thread 0: Calculating GANC (6001) ...  
INFO  @ Wed, 22 Feb 2023 15:48:18: Thread 0: Calculating HMBS (7001) ...  
INFO  @ Wed, 22 Feb 2023 15:48:23: Thread 0: Calculating KIAA1147 (8001) ...  
INFO  @ Wed, 22 Feb 2023 15:48:28: Thread 0: Calculating MAGOH (9001) ...  
INFO  @ Wed, 22 Feb 2023 15:48:33: Thread 0: Calculating NANOS3 (10001) ...  
INFO  @ Wed, 22 Feb 2023 15:48:38: Thread 0: Calculating PAXIP1 (11001) ...  
INFO  @ Wed, 22 Feb 2023 15:48:43: Thread 0: Calculating PRG4 (12001) ...  
INFO  @ Wed, 22 Feb 2023 15:48:47: Thread 0: Calculating RNF151 (13001) ...  
INFO  @ Wed, 22 Feb 2023 15:48:52: Thread 0: Calculating SLC25A11 (14001) ...  
INFO  @ Wed, 22 Feb 2023 15:48:57: Thread 0: Calculating SUMO4 (15001) ...  
INFO  @ Wed, 22 Feb 2023 15:49:02: Thread 0: Calculating TNKS2 (16001) ...  
INFO  @ Wed, 22 Feb 2023 15:49:06: Thread 0: Calculating WDHD1 (17001) ...  
INFO  @ Wed, 22 Feb 2023 15:49:11: Thread 0: Calculating ZYG11A (18001) ...  
INFO  @ Wed, 22 Feb 2023 15:49:11: Thread 0 completed. 
INFO  @ Wed, 22 Feb 2023 15:49:11: All threads completed. 
INFO  @ Wed, 22 Feb 2023 15:49:14: Permuting round 1 ... 
INFO  @ Wed, 22 Feb 2023 15:49:15: Thread 0 started. 
INFO  @ Wed, 22 Feb 2023 15:49:15: Thread 0: total 18006 instances. 
INFO  @ Wed, 22 Feb 2023 15:49:15: Thread 0: Calculating A1CF (1) ...  
INFO  @ Wed, 22 Feb 2023 15:49:20: Thread 0: Calculating ARNT2 (1001) ...  
INFO  @ Wed, 22 Feb 2023 15:49:24: Thread 0: Calculating C2orf44 (2001) ...  
INFO  @ Wed, 22 Feb 2023 15:49:29: Thread 0: Calculating CERS6 (3001) ...  
INFO  @ Wed, 22 Feb 2023 15:49:34: Thread 0: Calculating DBH (4001) ...  
INFO  @ Wed, 22 Feb 2023 15:49:39: Thread 0: Calculating ERCC6L2 (5001) ...  
INFO  @ Wed, 22 Feb 2023 15:49:44: Thread 0: Calculating GANC (6001) ...  
INFO  @ Wed, 22 Feb 2023 15:49:48: Thread 0: Calculating HMBS (7001) ...  
INFO  @ Wed, 22 Feb 2023 15:49:53: Thread 0: Calculating KIAA1147 (8001) ...  
INFO  @ Wed, 22 Feb 2023 15:49:58: Thread 0: Calculating MAGOH (9001) ...  
INFO  @ Wed, 22 Feb 2023 15:50:03: Thread 0: Calculating NANOS3 (10001) ...  
INFO  @ Wed, 22 Feb 2023 15:50:08: Thread 0: Calculating PAXIP1 (11001) ...  
INFO  @ Wed, 22 Feb 2023 15:50:13: Thread 0: Calculating PRG4 (12001) ...  
INFO  @ Wed, 22 Feb 2023 15:50:17: Thread 0: Calculating RNF151 (13001) ...  
INFO  @ Wed, 22 Feb 2023 15:50:22: Thread 0: Calculating SLC25A11 (14001) ...  
INFO  @ Wed, 22 Feb 2023 15:50:27: Thread 0: Calculating SUMO4 (15001) ...  
INFO  @ Wed, 22 Feb 2023 15:50:32: Thread 0: Calculating TNKS2 (16001) ...  
INFO  @ Wed, 22 Feb 2023 15:50:37: Thread 0: Calculating WDHD1 (17001) ...  
INFO  @ Wed, 22 Feb 2023 15:50:41: Thread 0: Calculating ZYG11A (18001) ...  
INFO  @ Wed, 22 Feb 2023 15:50:41: Thread 0 completed. 
INFO  @ Wed, 22 Feb 2023 15:50:41: All threads completed. 
INFO  @ Wed, 22 Feb 2023 15:50:45: Assigning p values... 
INFO  @ Wed, 22 Feb 2023 15:50:45: Permuting groups of gene with 12 sgRNAs per gene. Group progress: 12/22 
INFO  @ Wed, 22 Feb 2023 15:50:45: Start permuting 2 rounds ... 
INFO  @ Wed, 22 Feb 2023 15:50:45: Collecting 90025 sgRNAs from 18006 genes. 
INFO  @ Wed, 22 Feb 2023 15:50:46: Permuting round 0 ... 
INFO  @ Wed, 22 Feb 2023 15:50:47: Thread 0 started. 
INFO  @ Wed, 22 Feb 2023 15:50:47: Thread 0: total 18006 instances. 
INFO  @ Wed, 22 Feb 2023 15:50:47: Thread 0: Calculating A1CF (1) ...  
INFO  @ Wed, 22 Feb 2023 15:50:52: Thread 0: Calculating ARNT2 (1001) ...  
INFO  @ Wed, 22 Feb 2023 15:50:57: Thread 0: Calculating C2orf44 (2001) ...  
INFO  @ Wed, 22 Feb 2023 15:51:02: Thread 0: Calculating CERS6 (3001) ...  
INFO  @ Wed, 22 Feb 2023 15:51:07: Thread 0: Calculating DBH (4001) ...  
INFO  @ Wed, 22 Feb 2023 15:51:11: Thread 0: Calculating ERCC6L2 (5001) ...  
INFO  @ Wed, 22 Feb 2023 15:51:16: Thread 0: Calculating GANC (6001) ...  
INFO  @ Wed, 22 Feb 2023 15:51:21: Thread 0: Calculating HMBS (7001) ...  
INFO  @ Wed, 22 Feb 2023 15:51:26: Thread 0: Calculating KIAA1147 (8001) ...  
INFO  @ Wed, 22 Feb 2023 15:51:31: Thread 0: Calculating MAGOH (9001) ...  
INFO  @ Wed, 22 Feb 2023 15:51:36: Thread 0: Calculating NANOS3 (10001) ...  
INFO  @ Wed, 22 Feb 2023 15:51:41: Thread 0: Calculating PAXIP1 (11001) ...  
INFO  @ Wed, 22 Feb 2023 15:51:46: Thread 0: Calculating PRG4 (12001) ...  
INFO  @ Wed, 22 Feb 2023 15:51:51: Thread 0: Calculating RNF151 (13001) ...  
INFO  @ Wed, 22 Feb 2023 15:51:56: Thread 0: Calculating SLC25A11 (14001) ...  
INFO  @ Wed, 22 Feb 2023 15:52:01: Thread 0: Calculating SUMO4 (15001) ...  
INFO  @ Wed, 22 Feb 2023 15:52:05: Thread 0: Calculating TNKS2 (16001) ...  
INFO  @ Wed, 22 Feb 2023 15:52:10: Thread 0: Calculating WDHD1 (17001) ...  
INFO  @ Wed, 22 Feb 2023 15:52:15: Thread 0: Calculating ZYG11A (18001) ...  
INFO  @ Wed, 22 Feb 2023 15:52:15: Thread 0 completed. 
INFO  @ Wed, 22 Feb 2023 15:52:15: All threads completed. 
INFO  @ Wed, 22 Feb 2023 15:52:19: Permuting round 1 ... 
INFO  @ Wed, 22 Feb 2023 15:52:19: Thread 0 started. 
INFO  @ Wed, 22 Feb 2023 15:52:19: Thread 0: total 18006 instances. 
INFO  @ Wed, 22 Feb 2023 15:52:19: Thread 0: Calculating A1CF (1) ...  
INFO  @ Wed, 22 Feb 2023 15:52:24: Thread 0: Calculating ARNT2 (1001) ...  
INFO  @ Wed, 22 Feb 2023 15:52:29: Thread 0: Calculating C2orf44 (2001) ...  
INFO  @ Wed, 22 Feb 2023 15:52:34: Thread 0: Calculating CERS6 (3001) ...  
INFO  @ Wed, 22 Feb 2023 15:52:39: Thread 0: Calculating DBH (4001) ...  
INFO  @ Wed, 22 Feb 2023 15:52:44: Thread 0: Calculating ERCC6L2 (5001) ...  
INFO  @ Wed, 22 Feb 2023 15:52:49: Thread 0: Calculating GANC (6001) ...  
INFO  @ Wed, 22 Feb 2023 15:52:54: Thread 0: Calculating HMBS (7001) ...  
INFO  @ Wed, 22 Feb 2023 15:52:58: Thread 0: Calculating KIAA1147 (8001) ...  
INFO  @ Wed, 22 Feb 2023 15:53:03: Thread 0: Calculating MAGOH (9001) ...  
INFO  @ Wed, 22 Feb 2023 15:53:08: Thread 0: Calculating NANOS3 (10001) ...  
INFO  @ Wed, 22 Feb 2023 15:53:13: Thread 0: Calculating PAXIP1 (11001) ...  
INFO  @ Wed, 22 Feb 2023 15:53:18: Thread 0: Calculating PRG4 (12001) ...  
INFO  @ Wed, 22 Feb 2023 15:53:23: Thread 0: Calculating RNF151 (13001) ...  
INFO  @ Wed, 22 Feb 2023 15:53:28: Thread 0: Calculating SLC25A11 (14001) ...  
INFO  @ Wed, 22 Feb 2023 15:53:33: Thread 0: Calculating SUMO4 (15001) ...  
INFO  @ Wed, 22 Feb 2023 15:53:38: Thread 0: Calculating TNKS2 (16001) ...  
INFO  @ Wed, 22 Feb 2023 15:53:43: Thread 0: Calculating WDHD1 (17001) ...  
INFO  @ Wed, 22 Feb 2023 15:53:48: Thread 0: Calculating ZYG11A (18001) ...  
INFO  @ Wed, 22 Feb 2023 15:53:48: Thread 0 completed. 
INFO  @ Wed, 22 Feb 2023 15:53:48: All threads completed. 
INFO  @ Wed, 22 Feb 2023 15:53:52: Assigning p values... 
INFO  @ Wed, 22 Feb 2023 15:53:52: Permuting groups of gene with 13 sgRNAs per gene. Group progress: 13/22 
INFO  @ Wed, 22 Feb 2023 15:53:52: Start permuting 2 rounds ... 
INFO  @ Wed, 22 Feb 2023 15:53:52: Collecting 90025 sgRNAs from 18006 genes. 
INFO  @ Wed, 22 Feb 2023 15:53:53: Permuting round 0 ... 
INFO  @ Wed, 22 Feb 2023 15:53:54: Thread 0 started. 
INFO  @ Wed, 22 Feb 2023 15:53:54: Thread 0: total 18006 instances. 
INFO  @ Wed, 22 Feb 2023 15:53:54: Thread 0: Calculating A1CF (1) ...  
INFO  @ Wed, 22 Feb 2023 15:53:59: Thread 0: Calculating ARNT2 (1001) ...  
INFO  @ Wed, 22 Feb 2023 15:54:04: Thread 0: Calculating C2orf44 (2001) ...  
INFO  @ Wed, 22 Feb 2023 15:54:09: Thread 0: Calculating CERS6 (3001) ...  
INFO  @ Wed, 22 Feb 2023 15:54:14: Thread 0: Calculating DBH (4001) ...  
INFO  @ Wed, 22 Feb 2023 15:54:19: Thread 0: Calculating ERCC6L2 (5001) ...  
INFO  @ Wed, 22 Feb 2023 15:54:24: Thread 0: Calculating GANC (6001) ...  
INFO  @ Wed, 22 Feb 2023 15:54:29: Thread 0: Calculating HMBS (7001) ...  
INFO  @ Wed, 22 Feb 2023 15:54:34: Thread 0: Calculating KIAA1147 (8001) ...  
INFO  @ Wed, 22 Feb 2023 15:54:39: Thread 0: Calculating MAGOH (9001) ...  
INFO  @ Wed, 22 Feb 2023 15:54:44: Thread 0: Calculating NANOS3 (10001) ...  
INFO  @ Wed, 22 Feb 2023 15:54:50: Thread 0: Calculating PAXIP1 (11001) ...  
INFO  @ Wed, 22 Feb 2023 15:54:55: Thread 0: Calculating PRG4 (12001) ...  
INFO  @ Wed, 22 Feb 2023 15:55:00: Thread 0: Calculating RNF151 (13001) ...  
INFO  @ Wed, 22 Feb 2023 15:55:05: Thread 0: Calculating SLC25A11 (14001) ...  
INFO  @ Wed, 22 Feb 2023 15:55:10: Thread 0: Calculating SUMO4 (15001) ...  
INFO  @ Wed, 22 Feb 2023 15:55:15: Thread 0: Calculating TNKS2 (16001) ...  
INFO  @ Wed, 22 Feb 2023 15:55:20: Thread 0: Calculating WDHD1 (17001) ...  
INFO  @ Wed, 22 Feb 2023 15:55:25: Thread 0: Calculating ZYG11A (18001) ...  
INFO  @ Wed, 22 Feb 2023 15:55:25: Thread 0 completed. 
INFO  @ Wed, 22 Feb 2023 15:55:25: All threads completed. 
INFO  @ Wed, 22 Feb 2023 15:55:28: Permuting round 1 ... 
INFO  @ Wed, 22 Feb 2023 15:55:28: Thread 0 started. 
INFO  @ Wed, 22 Feb 2023 15:55:28: Thread 0: total 18006 instances. 
INFO  @ Wed, 22 Feb 2023 15:55:28: Thread 0: Calculating A1CF (1) ...  
INFO  @ Wed, 22 Feb 2023 15:55:34: Thread 0: Calculating ARNT2 (1001) ...  
INFO  @ Wed, 22 Feb 2023 15:55:39: Thread 0: Calculating C2orf44 (2001) ...  
INFO  @ Wed, 22 Feb 2023 15:55:44: Thread 0: Calculating CERS6 (3001) ...  
INFO  @ Wed, 22 Feb 2023 15:55:49: Thread 0: Calculating DBH (4001) ...  
INFO  @ Wed, 22 Feb 2023 15:55:54: Thread 0: Calculating ERCC6L2 (5001) ...  
INFO  @ Wed, 22 Feb 2023 15:55:59: Thread 0: Calculating GANC (6001) ...  
INFO  @ Wed, 22 Feb 2023 15:56:04: Thread 0: Calculating HMBS (7001) ...  
INFO  @ Wed, 22 Feb 2023 15:56:10: Thread 0: Calculating KIAA1147 (8001) ...  
INFO  @ Wed, 22 Feb 2023 15:56:15: Thread 0: Calculating MAGOH (9001) ...  
INFO  @ Wed, 22 Feb 2023 15:56:20: Thread 0: Calculating NANOS3 (10001) ...  
INFO  @ Wed, 22 Feb 2023 15:56:25: Thread 0: Calculating PAXIP1 (11001) ...  
INFO  @ Wed, 22 Feb 2023 15:56:30: Thread 0: Calculating PRG4 (12001) ...  
INFO  @ Wed, 22 Feb 2023 15:56:35: Thread 0: Calculating RNF151 (13001) ...  
INFO  @ Wed, 22 Feb 2023 15:56:40: Thread 0: Calculating SLC25A11 (14001) ...  
INFO  @ Wed, 22 Feb 2023 15:56:45: Thread 0: Calculating SUMO4 (15001) ...  
INFO  @ Wed, 22 Feb 2023 15:56:50: Thread 0: Calculating TNKS2 (16001) ...  
INFO  @ Wed, 22 Feb 2023 15:56:55: Thread 0: Calculating WDHD1 (17001) ...  
INFO  @ Wed, 22 Feb 2023 15:57:01: Thread 0: Calculating ZYG11A (18001) ...  
INFO  @ Wed, 22 Feb 2023 15:57:01: Thread 0 completed. 
INFO  @ Wed, 22 Feb 2023 15:57:01: All threads completed. 
INFO  @ Wed, 22 Feb 2023 15:57:04: Assigning p values... 
INFO  @ Wed, 22 Feb 2023 15:57:04: Permuting groups of gene with 14 sgRNAs per gene. Group progress: 14/22 
INFO  @ Wed, 22 Feb 2023 15:57:04: Start permuting 2 rounds ... 
INFO  @ Wed, 22 Feb 2023 15:57:05: Collecting 90025 sgRNAs from 18006 genes. 
INFO  @ Wed, 22 Feb 2023 15:57:06: Permuting round 0 ... 
INFO  @ Wed, 22 Feb 2023 15:57:06: Thread 0 started. 
INFO  @ Wed, 22 Feb 2023 15:57:06: Thread 0: total 18006 instances. 
INFO  @ Wed, 22 Feb 2023 15:57:06: Thread 0: Calculating A1CF (1) ...  
INFO  @ Wed, 22 Feb 2023 15:57:11: Thread 0: Calculating ARNT2 (1001) ...  
INFO  @ Wed, 22 Feb 2023 15:57:17: Thread 0: Calculating C2orf44 (2001) ...  
INFO  @ Wed, 22 Feb 2023 15:57:22: Thread 0: Calculating CERS6 (3001) ...  
INFO  @ Wed, 22 Feb 2023 15:57:27: Thread 0: Calculating DBH (4001) ...  
INFO  @ Wed, 22 Feb 2023 15:57:32: Thread 0: Calculating ERCC6L2 (5001) ...  
INFO  @ Wed, 22 Feb 2023 15:57:38: Thread 0: Calculating GANC (6001) ...  
INFO  @ Wed, 22 Feb 2023 15:57:43: Thread 0: Calculating HMBS (7001) ...  
INFO  @ Wed, 22 Feb 2023 15:57:48: Thread 0: Calculating KIAA1147 (8001) ...  
INFO  @ Wed, 22 Feb 2023 15:57:53: Thread 0: Calculating MAGOH (9001) ...  
INFO  @ Wed, 22 Feb 2023 15:57:59: Thread 0: Calculating NANOS3 (10001) ...  
INFO  @ Wed, 22 Feb 2023 15:58:04: Thread 0: Calculating PAXIP1 (11001) ...  
INFO  @ Wed, 22 Feb 2023 15:58:09: Thread 0: Calculating PRG4 (12001) ...  
INFO  @ Wed, 22 Feb 2023 15:58:14: Thread 0: Calculating RNF151 (13001) ...  
INFO  @ Wed, 22 Feb 2023 15:58:19: Thread 0: Calculating SLC25A11 (14001) ...  
INFO  @ Wed, 22 Feb 2023 15:58:25: Thread 0: Calculating SUMO4 (15001) ...  
INFO  @ Wed, 22 Feb 2023 15:58:30: Thread 0: Calculating TNKS2 (16001) ...  
INFO  @ Wed, 22 Feb 2023 15:58:35: Thread 0: Calculating WDHD1 (17001) ...  
INFO  @ Wed, 22 Feb 2023 15:58:40: Thread 0: Calculating ZYG11A (18001) ...  
INFO  @ Wed, 22 Feb 2023 15:58:40: Thread 0 completed. 
INFO  @ Wed, 22 Feb 2023 15:58:40: All threads completed. 
INFO  @ Wed, 22 Feb 2023 15:58:44: Permuting round 1 ... 
INFO  @ Wed, 22 Feb 2023 15:58:44: Thread 0 started. 
INFO  @ Wed, 22 Feb 2023 15:58:44: Thread 0: total 18006 instances. 
INFO  @ Wed, 22 Feb 2023 15:58:44: Thread 0: Calculating A1CF (1) ...  
INFO  @ Wed, 22 Feb 2023 15:58:49: Thread 0: Calculating ARNT2 (1001) ...  
INFO  @ Wed, 22 Feb 2023 15:58:55: Thread 0: Calculating C2orf44 (2001) ...  
INFO  @ Wed, 22 Feb 2023 15:59:00: Thread 0: Calculating CERS6 (3001) ...  
INFO  @ Wed, 22 Feb 2023 15:59:05: Thread 0: Calculating DBH (4001) ...  
INFO  @ Wed, 22 Feb 2023 15:59:10: Thread 0: Calculating ERCC6L2 (5001) ...  
INFO  @ Wed, 22 Feb 2023 15:59:16: Thread 0: Calculating GANC (6001) ...  
INFO  @ Wed, 22 Feb 2023 15:59:21: Thread 0: Calculating HMBS (7001) ...  
INFO  @ Wed, 22 Feb 2023 15:59:26: Thread 0: Calculating KIAA1147 (8001) ...  
INFO  @ Wed, 22 Feb 2023 15:59:32: Thread 0: Calculating MAGOH (9001) ...  
INFO  @ Wed, 22 Feb 2023 15:59:37: Thread 0: Calculating NANOS3 (10001) ...  
INFO  @ Wed, 22 Feb 2023 15:59:42: Thread 0: Calculating PAXIP1 (11001) ...  
INFO  @ Wed, 22 Feb 2023 15:59:48: Thread 0: Calculating PRG4 (12001) ...  
INFO  @ Wed, 22 Feb 2023 15:59:53: Thread 0: Calculating RNF151 (13001) ...  
INFO  @ Wed, 22 Feb 2023 15:59:58: Thread 0: Calculating SLC25A11 (14001) ...  
INFO  @ Wed, 22 Feb 2023 16:00:03: Thread 0: Calculating SUMO4 (15001) ...  
INFO  @ Wed, 22 Feb 2023 16:00:08: Thread 0: Calculating TNKS2 (16001) ...  
INFO  @ Wed, 22 Feb 2023 16:00:14: Thread 0: Calculating WDHD1 (17001) ...  
INFO  @ Wed, 22 Feb 2023 16:00:19: Thread 0: Calculating ZYG11A (18001) ...  
INFO  @ Wed, 22 Feb 2023 16:00:19: Thread 0 completed. 
INFO  @ Wed, 22 Feb 2023 16:00:19: All threads completed. 
INFO  @ Wed, 22 Feb 2023 16:00:22: Assigning p values... 
INFO  @ Wed, 22 Feb 2023 16:00:23: Permuting groups of gene with 15 sgRNAs per gene. Group progress: 15/22 
INFO  @ Wed, 22 Feb 2023 16:00:23: Start permuting 2 rounds ... 
INFO  @ Wed, 22 Feb 2023 16:00:23: Collecting 90025 sgRNAs from 18006 genes. 
INFO  @ Wed, 22 Feb 2023 16:00:24: Permuting round 0 ... 
INFO  @ Wed, 22 Feb 2023 16:00:25: Thread 0 started. 
INFO  @ Wed, 22 Feb 2023 16:00:25: Thread 0: total 18006 instances. 
INFO  @ Wed, 22 Feb 2023 16:00:25: Thread 0: Calculating A1CF (1) ...  
INFO  @ Wed, 22 Feb 2023 16:00:30: Thread 0: Calculating ARNT2 (1001) ...  
INFO  @ Wed, 22 Feb 2023 16:00:36: Thread 0: Calculating C2orf44 (2001) ...  
INFO  @ Wed, 22 Feb 2023 16:00:41: Thread 0: Calculating CERS6 (3001) ...  
INFO  @ Wed, 22 Feb 2023 16:00:46: Thread 0: Calculating DBH (4001) ...  
INFO  @ Wed, 22 Feb 2023 16:00:52: Thread 0: Calculating ERCC6L2 (5001) ...  
INFO  @ Wed, 22 Feb 2023 16:00:57: Thread 0: Calculating GANC (6001) ...  
INFO  @ Wed, 22 Feb 2023 16:01:02: Thread 0: Calculating HMBS (7001) ...  
INFO  @ Wed, 22 Feb 2023 16:01:07: Thread 0: Calculating KIAA1147 (8001) ...  
INFO  @ Wed, 22 Feb 2023 16:01:13: Thread 0: Calculating MAGOH (9001) ...  
INFO  @ Wed, 22 Feb 2023 16:01:18: Thread 0: Calculating NANOS3 (10001) ...  
INFO  @ Wed, 22 Feb 2023 16:01:23: Thread 0: Calculating PAXIP1 (11001) ...  
INFO  @ Wed, 22 Feb 2023 16:01:29: Thread 0: Calculating PRG4 (12001) ...  
INFO  @ Wed, 22 Feb 2023 16:01:34: Thread 0: Calculating RNF151 (13001) ...  
INFO  @ Wed, 22 Feb 2023 16:01:39: Thread 0: Calculating SLC25A11 (14001) ...  
INFO  @ Wed, 22 Feb 2023 16:01:45: Thread 0: Calculating SUMO4 (15001) ...  
INFO  @ Wed, 22 Feb 2023 16:01:50: Thread 0: Calculating TNKS2 (16001) ...  
INFO  @ Wed, 22 Feb 2023 16:01:56: Thread 0: Calculating WDHD1 (17001) ...  
INFO  @ Wed, 22 Feb 2023 16:02:01: Thread 0: Calculating ZYG11A (18001) ...  
INFO  @ Wed, 22 Feb 2023 16:02:01: Thread 0 completed. 
INFO  @ Wed, 22 Feb 2023 16:02:01: All threads completed. 
INFO  @ Wed, 22 Feb 2023 16:02:04: Permuting round 1 ... 
INFO  @ Wed, 22 Feb 2023 16:02:05: Thread 0 started. 
INFO  @ Wed, 22 Feb 2023 16:02:05: Thread 0: total 18006 instances. 
INFO  @ Wed, 22 Feb 2023 16:02:05: Thread 0: Calculating A1CF (1) ...  
INFO  @ Wed, 22 Feb 2023 16:02:11: Thread 0: Calculating ARNT2 (1001) ...  
INFO  @ Wed, 22 Feb 2023 16:02:16: Thread 0: Calculating C2orf44 (2001) ...  
INFO  @ Wed, 22 Feb 2023 16:02:21: Thread 0: Calculating CERS6 (3001) ...  
INFO  @ Wed, 22 Feb 2023 16:02:27: Thread 0: Calculating DBH (4001) ...  
INFO  @ Wed, 22 Feb 2023 16:02:32: Thread 0: Calculating ERCC6L2 (5001) ...  
INFO  @ Wed, 22 Feb 2023 16:02:37: Thread 0: Calculating GANC (6001) ...  
INFO  @ Wed, 22 Feb 2023 16:02:43: Thread 0: Calculating HMBS (7001) ...  
INFO  @ Wed, 22 Feb 2023 16:02:48: Thread 0: Calculating KIAA1147 (8001) ...  
INFO  @ Wed, 22 Feb 2023 16:02:53: Thread 0: Calculating MAGOH (9001) ...  
INFO  @ Wed, 22 Feb 2023 16:02:59: Thread 0: Calculating NANOS3 (10001) ...  
INFO  @ Wed, 22 Feb 2023 16:03:04: Thread 0: Calculating PAXIP1 (11001) ...  
INFO  @ Wed, 22 Feb 2023 16:03:10: Thread 0: Calculating PRG4 (12001) ...  
INFO  @ Wed, 22 Feb 2023 16:03:15: Thread 0: Calculating RNF151 (13001) ...  
INFO  @ Wed, 22 Feb 2023 16:03:20: Thread 0: Calculating SLC25A11 (14001) ...  
INFO  @ Wed, 22 Feb 2023 16:03:26: Thread 0: Calculating SUMO4 (15001) ...  
INFO  @ Wed, 22 Feb 2023 16:03:31: Thread 0: Calculating TNKS2 (16001) ...  
INFO  @ Wed, 22 Feb 2023 16:03:37: Thread 0: Calculating WDHD1 (17001) ...  
INFO  @ Wed, 22 Feb 2023 16:03:42: Thread 0: Calculating ZYG11A (18001) ...  
INFO  @ Wed, 22 Feb 2023 16:03:42: Thread 0 completed. 
INFO  @ Wed, 22 Feb 2023 16:03:42: All threads completed. 
INFO  @ Wed, 22 Feb 2023 16:03:46: Assigning p values... 
INFO  @ Wed, 22 Feb 2023 16:03:46: Permuting groups of gene with 16 sgRNAs per gene. Group progress: 16/22 
INFO  @ Wed, 22 Feb 2023 16:03:46: Start permuting 2 rounds ... 
INFO  @ Wed, 22 Feb 2023 16:03:46: Collecting 90025 sgRNAs from 18006 genes. 
INFO  @ Wed, 22 Feb 2023 16:03:47: Permuting round 0 ... 
INFO  @ Wed, 22 Feb 2023 16:03:48: Thread 0 started. 
INFO  @ Wed, 22 Feb 2023 16:03:48: Thread 0: total 18006 instances. 
INFO  @ Wed, 22 Feb 2023 16:03:48: Thread 0: Calculating A1CF (1) ...  
INFO  @ Wed, 22 Feb 2023 16:03:54: Thread 0: Calculating ARNT2 (1001) ...  
INFO  @ Wed, 22 Feb 2023 16:03:59: Thread 0: Calculating C2orf44 (2001) ...  
INFO  @ Wed, 22 Feb 2023 16:04:05: Thread 0: Calculating CERS6 (3001) ...  
INFO  @ Wed, 22 Feb 2023 16:04:10: Thread 0: Calculating DBH (4001) ...  
INFO  @ Wed, 22 Feb 2023 16:04:16: Thread 0: Calculating ERCC6L2 (5001) ...  
INFO  @ Wed, 22 Feb 2023 16:04:21: Thread 0: Calculating GANC (6001) ...  
INFO  @ Wed, 22 Feb 2023 16:04:27: Thread 0: Calculating HMBS (7001) ...  
INFO  @ Wed, 22 Feb 2023 16:04:32: Thread 0: Calculating KIAA1147 (8001) ...  
INFO  @ Wed, 22 Feb 2023 16:04:38: Thread 0: Calculating MAGOH (9001) ...  
INFO  @ Wed, 22 Feb 2023 16:04:43: Thread 0: Calculating NANOS3 (10001) ...  
INFO  @ Wed, 22 Feb 2023 16:04:49: Thread 0: Calculating PAXIP1 (11001) ...  
INFO  @ Wed, 22 Feb 2023 16:04:54: Thread 0: Calculating PRG4 (12001) ...  
INFO  @ Wed, 22 Feb 2023 16:05:00: Thread 0: Calculating RNF151 (13001) ...  
INFO  @ Wed, 22 Feb 2023 16:05:05: Thread 0: Calculating SLC25A11 (14001) ...  
INFO  @ Wed, 22 Feb 2023 16:05:11: Thread 0: Calculating SUMO4 (15001) ...  
INFO  @ Wed, 22 Feb 2023 16:05:17: Thread 0: Calculating TNKS2 (16001) ...  
INFO  @ Wed, 22 Feb 2023 16:05:22: Thread 0: Calculating WDHD1 (17001) ...  
INFO  @ Wed, 22 Feb 2023 16:05:28: Thread 0: Calculating ZYG11A (18001) ...  
INFO  @ Wed, 22 Feb 2023 16:05:28: Thread 0 completed. 
INFO  @ Wed, 22 Feb 2023 16:05:28: All threads completed. 
INFO  @ Wed, 22 Feb 2023 16:05:31: Permuting round 1 ... 
INFO  @ Wed, 22 Feb 2023 16:05:32: Thread 0 started. 
INFO  @ Wed, 22 Feb 2023 16:05:32: Thread 0: total 18006 instances. 
INFO  @ Wed, 22 Feb 2023 16:05:32: Thread 0: Calculating A1CF (1) ...  
INFO  @ Wed, 22 Feb 2023 16:05:37: Thread 0: Calculating ARNT2 (1001) ...  
INFO  @ Wed, 22 Feb 2023 16:05:43: Thread 0: Calculating C2orf44 (2001) ...  
INFO  @ Wed, 22 Feb 2023 16:05:49: Thread 0: Calculating CERS6 (3001) ...  
INFO  @ Wed, 22 Feb 2023 16:05:54: Thread 0: Calculating DBH (4001) ...  
INFO  @ Wed, 22 Feb 2023 16:06:00: Thread 0: Calculating ERCC6L2 (5001) ...  
INFO  @ Wed, 22 Feb 2023 16:06:05: Thread 0: Calculating GANC (6001) ...  
INFO  @ Wed, 22 Feb 2023 16:06:11: Thread 0: Calculating HMBS (7001) ...  
INFO  @ Wed, 22 Feb 2023 16:06:17: Thread 0: Calculating KIAA1147 (8001) ...  
INFO  @ Wed, 22 Feb 2023 16:06:22: Thread 0: Calculating MAGOH (9001) ...  
INFO  @ Wed, 22 Feb 2023 16:06:28: Thread 0: Calculating NANOS3 (10001) ...  
INFO  @ Wed, 22 Feb 2023 16:06:34: Thread 0: Calculating PAXIP1 (11001) ...  
INFO  @ Wed, 22 Feb 2023 16:06:39: Thread 0: Calculating PRG4 (12001) ...  
INFO  @ Wed, 22 Feb 2023 16:06:45: Thread 0: Calculating RNF151 (13001) ...  
INFO  @ Wed, 22 Feb 2023 16:06:51: Thread 0: Calculating SLC25A11 (14001) ...  
INFO  @ Wed, 22 Feb 2023 16:06:56: Thread 0: Calculating SUMO4 (15001) ...  
INFO  @ Wed, 22 Feb 2023 16:07:02: Thread 0: Calculating TNKS2 (16001) ...  
INFO  @ Wed, 22 Feb 2023 16:07:08: Thread 0: Calculating WDHD1 (17001) ...  
INFO  @ Wed, 22 Feb 2023 16:07:13: Thread 0: Calculating ZYG11A (18001) ...  
INFO  @ Wed, 22 Feb 2023 16:07:13: Thread 0 completed. 
INFO  @ Wed, 22 Feb 2023 16:07:13: All threads completed. 
INFO  @ Wed, 22 Feb 2023 16:07:17: Assigning p values... 
INFO  @ Wed, 22 Feb 2023 16:07:17: Permuting groups of gene with 17 sgRNAs per gene. Group progress: 17/22 
INFO  @ Wed, 22 Feb 2023 16:07:17: Start permuting 2 rounds ... 
INFO  @ Wed, 22 Feb 2023 16:07:17: Collecting 90025 sgRNAs from 18006 genes. 
INFO  @ Wed, 22 Feb 2023 16:07:19: Permuting round 0 ... 
INFO  @ Wed, 22 Feb 2023 16:07:19: Thread 0 started. 
INFO  @ Wed, 22 Feb 2023 16:07:19: Thread 0: total 18006 instances. 
INFO  @ Wed, 22 Feb 2023 16:07:19: Thread 0: Calculating A1CF (1) ...  
INFO  @ Wed, 22 Feb 2023 16:07:25: Thread 0: Calculating ARNT2 (1001) ...  
INFO  @ Wed, 22 Feb 2023 16:07:31: Thread 0: Calculating C2orf44 (2001) ...  
INFO  @ Wed, 22 Feb 2023 16:07:36: Thread 0: Calculating CERS6 (3001) ...  
INFO  @ Wed, 22 Feb 2023 16:07:42: Thread 0: Calculating DBH (4001) ...  
INFO  @ Wed, 22 Feb 2023 16:07:48: Thread 0: Calculating ERCC6L2 (5001) ...  
INFO  @ Wed, 22 Feb 2023 16:07:54: Thread 0: Calculating GANC (6001) ...  
INFO  @ Wed, 22 Feb 2023 16:07:59: Thread 0: Calculating HMBS (7001) ...  
INFO  @ Wed, 22 Feb 2023 16:08:05: Thread 0: Calculating KIAA1147 (8001) ...  
INFO  @ Wed, 22 Feb 2023 16:08:11: Thread 0: Calculating MAGOH (9001) ...  
INFO  @ Wed, 22 Feb 2023 16:08:17: Thread 0: Calculating NANOS3 (10001) ...  
INFO  @ Wed, 22 Feb 2023 16:08:22: Thread 0: Calculating PAXIP1 (11001) ...  
INFO  @ Wed, 22 Feb 2023 16:08:28: Thread 0: Calculating PRG4 (12001) ...  
INFO  @ Wed, 22 Feb 2023 16:08:34: Thread 0: Calculating RNF151 (13001) ...  
INFO  @ Wed, 22 Feb 2023 16:08:40: Thread 0: Calculating SLC25A11 (14001) ...  
INFO  @ Wed, 22 Feb 2023 16:08:45: Thread 0: Calculating SUMO4 (15001) ...  
INFO  @ Wed, 22 Feb 2023 16:08:51: Thread 0: Calculating TNKS2 (16001) ...  
INFO  @ Wed, 22 Feb 2023 16:08:57: Thread 0: Calculating WDHD1 (17001) ...  
INFO  @ Wed, 22 Feb 2023 16:09:02: Thread 0: Calculating ZYG11A (18001) ...  
INFO  @ Wed, 22 Feb 2023 16:09:02: Thread 0 completed. 
INFO  @ Wed, 22 Feb 2023 16:09:02: All threads completed. 
INFO  @ Wed, 22 Feb 2023 16:09:06: Permuting round 1 ... 
INFO  @ Wed, 22 Feb 2023 16:09:07: Thread 0 started. 
INFO  @ Wed, 22 Feb 2023 16:09:07: Thread 0: total 18006 instances. 
INFO  @ Wed, 22 Feb 2023 16:09:07: Thread 0: Calculating A1CF (1) ...  
INFO  @ Wed, 22 Feb 2023 16:09:12: Thread 0: Calculating ARNT2 (1001) ...  
INFO  @ Wed, 22 Feb 2023 16:09:18: Thread 0: Calculating C2orf44 (2001) ...  
INFO  @ Wed, 22 Feb 2023 16:09:24: Thread 0: Calculating CERS6 (3001) ...  
INFO  @ Wed, 22 Feb 2023 16:09:30: Thread 0: Calculating DBH (4001) ...  
INFO  @ Wed, 22 Feb 2023 16:09:36: Thread 0: Calculating ERCC6L2 (5001) ...  
INFO  @ Wed, 22 Feb 2023 16:09:41: Thread 0: Calculating GANC (6001) ...  
INFO  @ Wed, 22 Feb 2023 16:09:47: Thread 0: Calculating HMBS (7001) ...  
INFO  @ Wed, 22 Feb 2023 16:09:53: Thread 0: Calculating KIAA1147 (8001) ...  
INFO  @ Wed, 22 Feb 2023 16:09:59: Thread 0: Calculating MAGOH (9001) ...  
INFO  @ Wed, 22 Feb 2023 16:10:05: Thread 0: Calculating NANOS3 (10001) ...  
INFO  @ Wed, 22 Feb 2023 16:10:11: Thread 0: Calculating PAXIP1 (11001) ...  
INFO  @ Wed, 22 Feb 2023 16:10:16: Thread 0: Calculating PRG4 (12001) ...  
INFO  @ Wed, 22 Feb 2023 16:10:22: Thread 0: Calculating RNF151 (13001) ...  
INFO  @ Wed, 22 Feb 2023 16:10:28: Thread 0: Calculating SLC25A11 (14001) ...  
INFO  @ Wed, 22 Feb 2023 16:10:34: Thread 0: Calculating SUMO4 (15001) ...  
INFO  @ Wed, 22 Feb 2023 16:10:40: Thread 0: Calculating TNKS2 (16001) ...  
INFO  @ Wed, 22 Feb 2023 16:10:45: Thread 0: Calculating WDHD1 (17001) ...  
INFO  @ Wed, 22 Feb 2023 16:10:51: Thread 0: Calculating ZYG11A (18001) ...  
INFO  @ Wed, 22 Feb 2023 16:10:51: Thread 0 completed. 
INFO  @ Wed, 22 Feb 2023 16:10:51: All threads completed. 
INFO  @ Wed, 22 Feb 2023 16:10:55: Assigning p values... 
INFO  @ Wed, 22 Feb 2023 16:10:55: Permuting groups of gene with 18 sgRNAs per gene. Group progress: 18/22 
INFO  @ Wed, 22 Feb 2023 16:10:55: Start permuting 2 rounds ... 
INFO  @ Wed, 22 Feb 2023 16:10:55: Collecting 90025 sgRNAs from 18006 genes. 
INFO  @ Wed, 22 Feb 2023 16:10:56: Permuting round 0 ... 
INFO  @ Wed, 22 Feb 2023 16:10:57: Thread 0 started. 
INFO  @ Wed, 22 Feb 2023 16:10:57: Thread 0: total 18006 instances. 
INFO  @ Wed, 22 Feb 2023 16:10:57: Thread 0: Calculating A1CF (1) ...  
INFO  @ Wed, 22 Feb 2023 16:11:03: Thread 0: Calculating ARNT2 (1001) ...  
INFO  @ Wed, 22 Feb 2023 16:11:09: Thread 0: Calculating C2orf44 (2001) ...  
INFO  @ Wed, 22 Feb 2023 16:11:15: Thread 0: Calculating CERS6 (3001) ...  
INFO  @ Wed, 22 Feb 2023 16:11:21: Thread 0: Calculating DBH (4001) ...  
INFO  @ Wed, 22 Feb 2023 16:11:27: Thread 0: Calculating ERCC6L2 (5001) ...  
INFO  @ Wed, 22 Feb 2023 16:11:33: Thread 0: Calculating GANC (6001) ...  
INFO  @ Wed, 22 Feb 2023 16:11:39: Thread 0: Calculating HMBS (7001) ...  
INFO  @ Wed, 22 Feb 2023 16:11:45: Thread 0: Calculating KIAA1147 (8001) ...  
INFO  @ Wed, 22 Feb 2023 16:11:51: Thread 0: Calculating MAGOH (9001) ...  
INFO  @ Wed, 22 Feb 2023 16:11:57: Thread 0: Calculating NANOS3 (10001) ...  
INFO  @ Wed, 22 Feb 2023 16:12:03: Thread 0: Calculating PAXIP1 (11001) ...  
INFO  @ Wed, 22 Feb 2023 16:12:08: Thread 0: Calculating PRG4 (12001) ...  
INFO  @ Wed, 22 Feb 2023 16:12:14: Thread 0: Calculating RNF151 (13001) ...  
INFO  @ Wed, 22 Feb 2023 16:12:20: Thread 0: Calculating SLC25A11 (14001) ...  
INFO  @ Wed, 22 Feb 2023 16:12:26: Thread 0: Calculating SUMO4 (15001) ...  
INFO  @ Wed, 22 Feb 2023 16:12:33: Thread 0: Calculating TNKS2 (16001) ...  
INFO  @ Wed, 22 Feb 2023 16:12:38: Thread 0: Calculating WDHD1 (17001) ...  
INFO  @ Wed, 22 Feb 2023 16:12:44: Thread 0: Calculating ZYG11A (18001) ...  
INFO  @ Wed, 22 Feb 2023 16:12:44: Thread 0 completed. 
INFO  @ Wed, 22 Feb 2023 16:12:44: All threads completed. 
INFO  @ Wed, 22 Feb 2023 16:12:48: Permuting round 1 ... 
INFO  @ Wed, 22 Feb 2023 16:12:49: Thread 0 started. 
INFO  @ Wed, 22 Feb 2023 16:12:49: Thread 0: total 18006 instances. 
INFO  @ Wed, 22 Feb 2023 16:12:49: Thread 0: Calculating A1CF (1) ...  
INFO  @ Wed, 22 Feb 2023 16:12:55: Thread 0: Calculating ARNT2 (1001) ...  
INFO  @ Wed, 22 Feb 2023 16:13:01: Thread 0: Calculating C2orf44 (2001) ...  
INFO  @ Wed, 22 Feb 2023 16:13:07: Thread 0: Calculating CERS6 (3001) ...  
INFO  @ Wed, 22 Feb 2023 16:13:13: Thread 0: Calculating DBH (4001) ...  
INFO  @ Wed, 22 Feb 2023 16:13:20: Thread 0: Calculating ERCC6L2 (5001) ...  
INFO  @ Wed, 22 Feb 2023 16:13:26: Thread 0: Calculating GANC (6001) ...  
INFO  @ Wed, 22 Feb 2023 16:13:32: Thread 0: Calculating HMBS (7001) ...  
INFO  @ Wed, 22 Feb 2023 16:13:38: Thread 0: Calculating KIAA1147 (8001) ...  
INFO  @ Wed, 22 Feb 2023 16:13:44: Thread 0: Calculating MAGOH (9001) ...  
INFO  @ Wed, 22 Feb 2023 16:13:51: Thread 0: Calculating NANOS3 (10001) ...  
INFO  @ Wed, 22 Feb 2023 16:13:57: Thread 0: Calculating PAXIP1 (11001) ...  
INFO  @ Wed, 22 Feb 2023 16:14:03: Thread 0: Calculating PRG4 (12001) ...  
INFO  @ Wed, 22 Feb 2023 16:14:09: Thread 0: Calculating RNF151 (13001) ...  
INFO  @ Wed, 22 Feb 2023 16:14:15: Thread 0: Calculating SLC25A11 (14001) ...  
INFO  @ Wed, 22 Feb 2023 16:14:22: Thread 0: Calculating SUMO4 (15001) ...  
INFO  @ Wed, 22 Feb 2023 16:14:28: Thread 0: Calculating TNKS2 (16001) ...  
INFO  @ Wed, 22 Feb 2023 16:14:34: Thread 0: Calculating WDHD1 (17001) ...  
INFO  @ Wed, 22 Feb 2023 16:14:41: Thread 0: Calculating ZYG11A (18001) ...  
INFO  @ Wed, 22 Feb 2023 16:14:41: Thread 0 completed. 
INFO  @ Wed, 22 Feb 2023 16:14:41: All threads completed. 
INFO  @ Wed, 22 Feb 2023 16:14:44: Assigning p values... 
INFO  @ Wed, 22 Feb 2023 16:14:45: Permuting groups of gene with 19 sgRNAs per gene. Group progress: 19/22 
INFO  @ Wed, 22 Feb 2023 16:14:45: Start permuting 2 rounds ... 
INFO  @ Wed, 22 Feb 2023 16:14:45: Collecting 90025 sgRNAs from 18006 genes. 
INFO  @ Wed, 22 Feb 2023 16:14:46: Permuting round 0 ... 
INFO  @ Wed, 22 Feb 2023 16:14:47: Thread 0 started. 
INFO  @ Wed, 22 Feb 2023 16:14:47: Thread 0: total 18006 instances. 
INFO  @ Wed, 22 Feb 2023 16:14:47: Thread 0: Calculating A1CF (1) ...  
INFO  @ Wed, 22 Feb 2023 16:14:53: Thread 0: Calculating ARNT2 (1001) ...  
INFO  @ Wed, 22 Feb 2023 16:14:59: Thread 0: Calculating C2orf44 (2001) ...  
INFO  @ Wed, 22 Feb 2023 16:15:05: Thread 0: Calculating CERS6 (3001) ...  
INFO  @ Wed, 22 Feb 2023 16:15:11: Thread 0: Calculating DBH (4001) ...  
INFO  @ Wed, 22 Feb 2023 16:15:18: Thread 0: Calculating ERCC6L2 (5001) ...  
INFO  @ Wed, 22 Feb 2023 16:15:24: Thread 0: Calculating GANC (6001) ...  
INFO  @ Wed, 22 Feb 2023 16:15:30: Thread 0: Calculating HMBS (7001) ...  
INFO  @ Wed, 22 Feb 2023 16:15:36: Thread 0: Calculating KIAA1147 (8001) ...  
INFO  @ Wed, 22 Feb 2023 16:15:42: Thread 0: Calculating MAGOH (9001) ...  
INFO  @ Wed, 22 Feb 2023 16:15:48: Thread 0: Calculating NANOS3 (10001) ...  
INFO  @ Wed, 22 Feb 2023 16:15:55: Thread 0: Calculating PAXIP1 (11001) ...  
INFO  @ Wed, 22 Feb 2023 16:16:01: Thread 0: Calculating PRG4 (12001) ...  
INFO  @ Wed, 22 Feb 2023 16:16:07: Thread 0: Calculating RNF151 (13001) ...  
INFO  @ Wed, 22 Feb 2023 16:16:13: Thread 0: Calculating SLC25A11 (14001) ...  
INFO  @ Wed, 22 Feb 2023 16:16:20: Thread 0: Calculating SUMO4 (15001) ...  
INFO  @ Wed, 22 Feb 2023 16:16:26: Thread 0: Calculating TNKS2 (16001) ...  
INFO  @ Wed, 22 Feb 2023 16:16:32: Thread 0: Calculating WDHD1 (17001) ...  
INFO  @ Wed, 22 Feb 2023 16:16:38: Thread 0: Calculating ZYG11A (18001) ...  
INFO  @ Wed, 22 Feb 2023 16:16:38: Thread 0 completed. 
INFO  @ Wed, 22 Feb 2023 16:16:38: All threads completed. 
INFO  @ Wed, 22 Feb 2023 16:16:42: Permuting round 1 ... 
INFO  @ Wed, 22 Feb 2023 16:16:42: Thread 0 started. 
INFO  @ Wed, 22 Feb 2023 16:16:42: Thread 0: total 18006 instances. 
INFO  @ Wed, 22 Feb 2023 16:16:42: Thread 0: Calculating A1CF (1) ...  
INFO  @ Wed, 22 Feb 2023 16:16:49: Thread 0: Calculating ARNT2 (1001) ...  
INFO  @ Wed, 22 Feb 2023 16:16:55: Thread 0: Calculating C2orf44 (2001) ...  
INFO  @ Wed, 22 Feb 2023 16:17:01: Thread 0: Calculating CERS6 (3001) ...  
INFO  @ Wed, 22 Feb 2023 16:17:08: Thread 0: Calculating DBH (4001) ...  
INFO  @ Wed, 22 Feb 2023 16:17:14: Thread 0: Calculating ERCC6L2 (5001) ...  
INFO  @ Wed, 22 Feb 2023 16:17:20: Thread 0: Calculating GANC (6001) ...  
INFO  @ Wed, 22 Feb 2023 16:17:27: Thread 0: Calculating HMBS (7001) ...  
INFO  @ Wed, 22 Feb 2023 16:17:33: Thread 0: Calculating KIAA1147 (8001) ...  
INFO  @ Wed, 22 Feb 2023 16:17:39: Thread 0: Calculating MAGOH (9001) ...  
INFO  @ Wed, 22 Feb 2023 16:17:45: Thread 0: Calculating NANOS3 (10001) ...  
INFO  @ Wed, 22 Feb 2023 16:17:52: Thread 0: Calculating PAXIP1 (11001) ...  
INFO  @ Wed, 22 Feb 2023 16:17:58: Thread 0: Calculating PRG4 (12001) ...  
INFO  @ Wed, 22 Feb 2023 16:18:04: Thread 0: Calculating RNF151 (13001) ...  
INFO  @ Wed, 22 Feb 2023 16:18:11: Thread 0: Calculating SLC25A11 (14001) ...  
INFO  @ Wed, 22 Feb 2023 16:18:17: Thread 0: Calculating SUMO4 (15001) ...  
INFO  @ Wed, 22 Feb 2023 16:18:23: Thread 0: Calculating TNKS2 (16001) ...  
INFO  @ Wed, 22 Feb 2023 16:18:30: Thread 0: Calculating WDHD1 (17001) ...  
INFO  @ Wed, 22 Feb 2023 16:18:36: Thread 0: Calculating ZYG11A (18001) ...  
INFO  @ Wed, 22 Feb 2023 16:18:36: Thread 0 completed. 
INFO  @ Wed, 22 Feb 2023 16:18:36: All threads completed. 
INFO  @ Wed, 22 Feb 2023 16:18:40: Assigning p values... 
INFO  @ Wed, 22 Feb 2023 16:18:40: Permuting groups of gene with 22 sgRNAs per gene. Group progress: 20/22 
INFO  @ Wed, 22 Feb 2023 16:18:40: Start permuting 2 rounds ... 
INFO  @ Wed, 22 Feb 2023 16:18:40: Collecting 90025 sgRNAs from 18006 genes. 
INFO  @ Wed, 22 Feb 2023 16:18:41: Permuting round 0 ... 
INFO  @ Wed, 22 Feb 2023 16:18:42: Thread 0 started. 
INFO  @ Wed, 22 Feb 2023 16:18:42: Thread 0: total 18006 instances. 
INFO  @ Wed, 22 Feb 2023 16:18:42: Thread 0: Calculating A1CF (1) ...  
INFO  @ Wed, 22 Feb 2023 16:18:49: Thread 0: Calculating ARNT2 (1001) ...  
INFO  @ Wed, 22 Feb 2023 16:18:56: Thread 0: Calculating C2orf44 (2001) ...  
INFO  @ Wed, 22 Feb 2023 16:19:03: Thread 0: Calculating CERS6 (3001) ...  
INFO  @ Wed, 22 Feb 2023 16:19:10: Thread 0: Calculating DBH (4001) ...  
INFO  @ Wed, 22 Feb 2023 16:19:18: Thread 0: Calculating ERCC6L2 (5001) ...  
INFO  @ Wed, 22 Feb 2023 16:19:25: Thread 0: Calculating GANC (6001) ...  
INFO  @ Wed, 22 Feb 2023 16:19:32: Thread 0: Calculating HMBS (7001) ...  
INFO  @ Wed, 22 Feb 2023 16:19:39: Thread 0: Calculating KIAA1147 (8001) ...  
INFO  @ Wed, 22 Feb 2023 16:19:46: Thread 0: Calculating MAGOH (9001) ...  
INFO  @ Wed, 22 Feb 2023 16:19:53: Thread 0: Calculating NANOS3 (10001) ...  
INFO  @ Wed, 22 Feb 2023 16:20:00: Thread 0: Calculating PAXIP1 (11001) ...  
INFO  @ Wed, 22 Feb 2023 16:20:07: Thread 0: Calculating PRG4 (12001) ...  
INFO  @ Wed, 22 Feb 2023 16:20:14: Thread 0: Calculating RNF151 (13001) ...  
INFO  @ Wed, 22 Feb 2023 16:20:21: Thread 0: Calculating SLC25A11 (14001) ...  
INFO  @ Wed, 22 Feb 2023 16:20:29: Thread 0: Calculating SUMO4 (15001) ...  
INFO  @ Wed, 22 Feb 2023 16:20:36: Thread 0: Calculating TNKS2 (16001) ...  
INFO  @ Wed, 22 Feb 2023 16:20:43: Thread 0: Calculating WDHD1 (17001) ...  
INFO  @ Wed, 22 Feb 2023 16:20:50: Thread 0: Calculating ZYG11A (18001) ...  
INFO  @ Wed, 22 Feb 2023 16:20:50: Thread 0 completed. 
INFO  @ Wed, 22 Feb 2023 16:20:50: All threads completed. 
INFO  @ Wed, 22 Feb 2023 16:20:54: Permuting round 1 ... 
INFO  @ Wed, 22 Feb 2023 16:20:54: Thread 0 started. 
INFO  @ Wed, 22 Feb 2023 16:20:54: Thread 0: total 18006 instances. 
INFO  @ Wed, 22 Feb 2023 16:20:54: Thread 0: Calculating A1CF (1) ...  
INFO  @ Wed, 22 Feb 2023 16:21:02: Thread 0: Calculating ARNT2 (1001) ...  
INFO  @ Wed, 22 Feb 2023 16:21:09: Thread 0: Calculating C2orf44 (2001) ...  
INFO  @ Wed, 22 Feb 2023 16:21:16: Thread 0: Calculating CERS6 (3001) ...  
INFO  @ Wed, 22 Feb 2023 16:21:23: Thread 0: Calculating DBH (4001) ...  
INFO  @ Wed, 22 Feb 2023 16:21:30: Thread 0: Calculating ERCC6L2 (5001) ...  
INFO  @ Wed, 22 Feb 2023 16:21:38: Thread 0: Calculating GANC (6001) ...  
INFO  @ Wed, 22 Feb 2023 16:21:45: Thread 0: Calculating HMBS (7001) ...  
INFO  @ Wed, 22 Feb 2023 16:21:52: Thread 0: Calculating KIAA1147 (8001) ...  
INFO  @ Wed, 22 Feb 2023 16:21:59: Thread 0: Calculating MAGOH (9001) ...  
INFO  @ Wed, 22 Feb 2023 16:22:06: Thread 0: Calculating NANOS3 (10001) ...  
INFO  @ Wed, 22 Feb 2023 16:22:14: Thread 0: Calculating PAXIP1 (11001) ...  
INFO  @ Wed, 22 Feb 2023 16:22:21: Thread 0: Calculating PRG4 (12001) ...  
INFO  @ Wed, 22 Feb 2023 16:22:28: Thread 0: Calculating RNF151 (13001) ...  
INFO  @ Wed, 22 Feb 2023 16:22:35: Thread 0: Calculating SLC25A11 (14001) ...  
INFO  @ Wed, 22 Feb 2023 16:22:42: Thread 0: Calculating SUMO4 (15001) ...  
INFO  @ Wed, 22 Feb 2023 16:22:49: Thread 0: Calculating TNKS2 (16001) ...  
INFO  @ Wed, 22 Feb 2023 16:22:56: Thread 0: Calculating WDHD1 (17001) ...  
INFO  @ Wed, 22 Feb 2023 16:23:04: Thread 0: Calculating ZYG11A (18001) ...  
INFO  @ Wed, 22 Feb 2023 16:23:04: Thread 0 completed. 
INFO  @ Wed, 22 Feb 2023 16:23:04: All threads completed. 
INFO  @ Wed, 22 Feb 2023 16:23:08: Assigning p values... 
INFO  @ Wed, 22 Feb 2023 16:23:08: Permuting groups of gene with 23 sgRNAs per gene. Group progress: 21/22 
INFO  @ Wed, 22 Feb 2023 16:23:08: Start permuting 2 rounds ... 
INFO  @ Wed, 22 Feb 2023 16:23:08: Collecting 90025 sgRNAs from 18006 genes. 
INFO  @ Wed, 22 Feb 2023 16:23:09: Permuting round 0 ... 
INFO  @ Wed, 22 Feb 2023 16:23:10: Thread 0 started. 
INFO  @ Wed, 22 Feb 2023 16:23:10: Thread 0: total 18006 instances. 
INFO  @ Wed, 22 Feb 2023 16:23:10: Thread 0: Calculating A1CF (1) ...  
INFO  @ Wed, 22 Feb 2023 16:23:17: Thread 0: Calculating ARNT2 (1001) ...  
INFO  @ Wed, 22 Feb 2023 16:23:24: Thread 0: Calculating C2orf44 (2001) ...  
INFO  @ Wed, 22 Feb 2023 16:23:32: Thread 0: Calculating CERS6 (3001) ...  
INFO  @ Wed, 22 Feb 2023 16:23:39: Thread 0: Calculating DBH (4001) ...  
INFO  @ Wed, 22 Feb 2023 16:23:46: Thread 0: Calculating ERCC6L2 (5001) ...  
INFO  @ Wed, 22 Feb 2023 16:23:53: Thread 0: Calculating GANC (6001) ...  
INFO  @ Wed, 22 Feb 2023 16:24:00: Thread 0: Calculating HMBS (7001) ...  
INFO  @ Wed, 22 Feb 2023 16:24:08: Thread 0: Calculating KIAA1147 (8001) ...  
INFO  @ Wed, 22 Feb 2023 16:24:15: Thread 0: Calculating MAGOH (9001) ...  
INFO  @ Wed, 22 Feb 2023 16:24:22: Thread 0: Calculating NANOS3 (10001) ...  
INFO  @ Wed, 22 Feb 2023 16:24:29: Thread 0: Calculating PAXIP1 (11001) ...  
INFO  @ Wed, 22 Feb 2023 16:24:36: Thread 0: Calculating PRG4 (12001) ...  
INFO  @ Wed, 22 Feb 2023 16:24:43: Thread 0: Calculating RNF151 (13001) ...  
INFO  @ Wed, 22 Feb 2023 16:24:50: Thread 0: Calculating SLC25A11 (14001) ...  
INFO  @ Wed, 22 Feb 2023 16:24:58: Thread 0: Calculating SUMO4 (15001) ...  
INFO  @ Wed, 22 Feb 2023 16:25:05: Thread 0: Calculating TNKS2 (16001) ...  
INFO  @ Wed, 22 Feb 2023 16:25:12: Thread 0: Calculating WDHD1 (17001) ...  
INFO  @ Wed, 22 Feb 2023 16:25:19: Thread 0: Calculating ZYG11A (18001) ...  
INFO  @ Wed, 22 Feb 2023 16:25:19: Thread 0 completed. 
INFO  @ Wed, 22 Feb 2023 16:25:19: All threads completed. 
INFO  @ Wed, 22 Feb 2023 16:25:23: Permuting round 1 ... 
INFO  @ Wed, 22 Feb 2023 16:25:24: Thread 0 started. 
INFO  @ Wed, 22 Feb 2023 16:25:24: Thread 0: total 18006 instances. 
INFO  @ Wed, 22 Feb 2023 16:25:24: Thread 0: Calculating A1CF (1) ...  
INFO  @ Wed, 22 Feb 2023 16:25:31: Thread 0: Calculating ARNT2 (1001) ...  
INFO  @ Wed, 22 Feb 2023 16:25:39: Thread 0: Calculating C2orf44 (2001) ...  
INFO  @ Wed, 22 Feb 2023 16:25:46: Thread 0: Calculating CERS6 (3001) ...  
INFO  @ Wed, 22 Feb 2023 16:25:53: Thread 0: Calculating DBH (4001) ...  
INFO  @ Wed, 22 Feb 2023 16:26:01: Thread 0: Calculating ERCC6L2 (5001) ...  
INFO  @ Wed, 22 Feb 2023 16:26:08: Thread 0: Calculating GANC (6001) ...  
INFO  @ Wed, 22 Feb 2023 16:26:15: Thread 0: Calculating HMBS (7001) ...  
INFO  @ Wed, 22 Feb 2023 16:26:22: Thread 0: Calculating KIAA1147 (8001) ...  
INFO  @ Wed, 22 Feb 2023 16:26:30: Thread 0: Calculating MAGOH (9001) ...  
INFO  @ Wed, 22 Feb 2023 16:26:37: Thread 0: Calculating NANOS3 (10001) ...  
INFO  @ Wed, 22 Feb 2023 16:26:44: Thread 0: Calculating PAXIP1 (11001) ...  
INFO  @ Wed, 22 Feb 2023 16:26:51: Thread 0: Calculating PRG4 (12001) ...  
INFO  @ Wed, 22 Feb 2023 16:26:58: Thread 0: Calculating RNF151 (13001) ...  
INFO  @ Wed, 22 Feb 2023 16:27:06: Thread 0: Calculating SLC25A11 (14001) ...  
INFO  @ Wed, 22 Feb 2023 16:27:13: Thread 0: Calculating SUMO4 (15001) ...  
INFO  @ Wed, 22 Feb 2023 16:27:21: Thread 0: Calculating TNKS2 (16001) ...  
INFO  @ Wed, 22 Feb 2023 16:27:28: Thread 0: Calculating WDHD1 (17001) ...  
INFO  @ Wed, 22 Feb 2023 16:27:35: Thread 0: Calculating ZYG11A (18001) ...  
INFO  @ Wed, 22 Feb 2023 16:27:35: Thread 0 completed. 
INFO  @ Wed, 22 Feb 2023 16:27:35: All threads completed. 
INFO  @ Wed, 22 Feb 2023 16:27:39: Assigning p values... 
INFO  @ Wed, 22 Feb 2023 16:27:39: Permuting groups of gene with 26 sgRNAs per gene. Group progress: 22/22 
INFO  @ Wed, 22 Feb 2023 16:27:39: Start permuting 2 rounds ... 
INFO  @ Wed, 22 Feb 2023 16:27:40: Collecting 90025 sgRNAs from 18006 genes. 
INFO  @ Wed, 22 Feb 2023 16:27:41: Permuting round 0 ... 
INFO  @ Wed, 22 Feb 2023 16:27:42: Thread 0 started. 
INFO  @ Wed, 22 Feb 2023 16:27:42: Thread 0: total 18006 instances. 
INFO  @ Wed, 22 Feb 2023 16:27:42: Thread 0: Calculating A1CF (1) ...  
INFO  @ Wed, 22 Feb 2023 16:27:50: Thread 0: Calculating ARNT2 (1001) ...  
INFO  @ Wed, 22 Feb 2023 16:27:58: Thread 0: Calculating C2orf44 (2001) ...  
INFO  @ Wed, 22 Feb 2023 16:28:07: Thread 0: Calculating CERS6 (3001) ...  
INFO  @ Wed, 22 Feb 2023 16:28:15: Thread 0: Calculating DBH (4001) ...  
INFO  @ Wed, 22 Feb 2023 16:28:23: Thread 0: Calculating ERCC6L2 (5001) ...  
INFO  @ Wed, 22 Feb 2023 16:28:32: Thread 0: Calculating GANC (6001) ...  
INFO  @ Wed, 22 Feb 2023 16:28:40: Thread 0: Calculating HMBS (7001) ...  
INFO  @ Wed, 22 Feb 2023 16:28:48: Thread 0: Calculating KIAA1147 (8001) ...  
INFO  @ Wed, 22 Feb 2023 16:28:57: Thread 0: Calculating MAGOH (9001) ...  
INFO  @ Wed, 22 Feb 2023 16:29:05: Thread 0: Calculating NANOS3 (10001) ...  
INFO  @ Wed, 22 Feb 2023 16:29:14: Thread 0: Calculating PAXIP1 (11001) ...  
INFO  @ Wed, 22 Feb 2023 16:29:22: Thread 0: Calculating PRG4 (12001) ...  
INFO  @ Wed, 22 Feb 2023 16:29:31: Thread 0: Calculating RNF151 (13001) ...  
INFO  @ Wed, 22 Feb 2023 16:29:39: Thread 0: Calculating SLC25A11 (14001) ...  
INFO  @ Wed, 22 Feb 2023 16:29:47: Thread 0: Calculating SUMO4 (15001) ...  
INFO  @ Wed, 22 Feb 2023 16:29:56: Thread 0: Calculating TNKS2 (16001) ...  
INFO  @ Wed, 22 Feb 2023 16:30:04: Thread 0: Calculating WDHD1 (17001) ...  
INFO  @ Wed, 22 Feb 2023 16:30:12: Thread 0: Calculating ZYG11A (18001) ...  
INFO  @ Wed, 22 Feb 2023 16:30:13: Thread 0 completed. 
INFO  @ Wed, 22 Feb 2023 16:30:13: All threads completed. 
INFO  @ Wed, 22 Feb 2023 16:30:17: Permuting round 1 ... 
INFO  @ Wed, 22 Feb 2023 16:30:17: Thread 0 started. 
INFO  @ Wed, 22 Feb 2023 16:30:17: Thread 0: total 18006 instances. 
INFO  @ Wed, 22 Feb 2023 16:30:17: Thread 0: Calculating A1CF (1) ...  
INFO  @ Wed, 22 Feb 2023 16:30:26: Thread 0: Calculating ARNT2 (1001) ...  
INFO  @ Wed, 22 Feb 2023 16:30:34: Thread 0: Calculating C2orf44 (2001) ...  
INFO  @ Wed, 22 Feb 2023 16:30:43: Thread 0: Calculating CERS6 (3001) ...  
INFO  @ Wed, 22 Feb 2023 16:30:51: Thread 0: Calculating DBH (4001) ...  
INFO  @ Wed, 22 Feb 2023 16:31:00: Thread 0: Calculating ERCC6L2 (5001) ...  
INFO  @ Wed, 22 Feb 2023 16:31:08: Thread 0: Calculating GANC (6001) ...  
INFO  @ Wed, 22 Feb 2023 16:31:17: Thread 0: Calculating HMBS (7001) ...  
INFO  @ Wed, 22 Feb 2023 16:31:25: Thread 0: Calculating KIAA1147 (8001) ...  
INFO  @ Wed, 22 Feb 2023 16:31:34: Thread 0: Calculating MAGOH (9001) ...  
INFO  @ Wed, 22 Feb 2023 16:31:42: Thread 0: Calculating NANOS3 (10001) ...  
INFO  @ Wed, 22 Feb 2023 16:31:51: Thread 0: Calculating PAXIP1 (11001) ...  
INFO  @ Wed, 22 Feb 2023 16:31:59: Thread 0: Calculating PRG4 (12001) ...  
INFO  @ Wed, 22 Feb 2023 16:32:08: Thread 0: Calculating RNF151 (13001) ...  
INFO  @ Wed, 22 Feb 2023 16:32:16: Thread 0: Calculating SLC25A11 (14001) ...  
INFO  @ Wed, 22 Feb 2023 16:32:25: Thread 0: Calculating SUMO4 (15001) ...  
INFO  @ Wed, 22 Feb 2023 16:32:33: Thread 0: Calculating TNKS2 (16001) ...  
INFO  @ Wed, 22 Feb 2023 16:32:42: Thread 0: Calculating WDHD1 (17001) ...  
INFO  @ Wed, 22 Feb 2023 16:32:50: Thread 0: Calculating ZYG11A (18001) ...  
INFO  @ Wed, 22 Feb 2023 16:32:50: Thread 0 completed. 
INFO  @ Wed, 22 Feb 2023 16:32:50: All threads completed. 
INFO  @ Wed, 22 Feb 2023 16:32:54: Assigning p values... 
INFO  @ Wed, 22 Feb 2023 16:32:55: Writing gene results to Mel270.gene_summary.txt 
INFO  @ Wed, 22 Feb 2023 16:32:55: Writing sgRNA results to Mel270.sgrna_summary.txt 
