INFO  @ Wed, 22 Feb 2023 16:36:58: Parameters: /home/alessandro.vinceti/miniconda3/envs/mageckenv/bin/mageck mle -k /group/iorio/Alessandro/David_Adams_analysis/results/OMM25/OMM25_count_norm.tsv -d /group/iorio/Alessandro/David_Adams_analysis/results/OMM25/design_matrix.tsv -n OMM25 
INFO  @ Wed, 22 Feb 2023 16:37:01: Cannot parse design matrix as a string; try to parse it as a file name ... 
INFO  @ Wed, 22 Feb 2023 16:37:01: Design matrix: 
INFO  @ Wed, 22 Feb 2023 16:37:01: [[1. 0.] 
INFO  @ Wed, 22 Feb 2023 16:37:01:  [1. 1.] 
INFO  @ Wed, 22 Feb 2023 16:37:01:  [1. 1.] 
INFO  @ Wed, 22 Feb 2023 16:37:01:  [1. 1.]] 
INFO  @ Wed, 22 Feb 2023 16:37:01: Beta labels:baseline,OMM25 
INFO  @ Wed, 22 Feb 2023 16:37:01: Included samples:Plasmid,OMM25_c909R1,OMM25_c909R2,OMM25_c909R3 
INFO  @ Wed, 22 Feb 2023 16:37:01: Loaded samples:Plasmid;OMM25_c909R1;OMM25_c909R2;OMM25_c909R3 
INFO  @ Wed, 22 Feb 2023 16:37:01: Sample index: 0;1;2;3 
INFO  @ Wed, 22 Feb 2023 16:37:01: Loaded 18006 genes. 
DEBUG @ Wed, 22 Feb 2023 16:37:02: Initial (total) size factor: 0.9999999999999886 1.000000000000002 0.9999999999999952 1.0000000000000138 
DEBUG @ Wed, 22 Feb 2023 16:37:02: Median factor: 1.0052329519316097 1.0129231833457883 1.009832474093903 1.0125474550495468 
INFO  @ Wed, 22 Feb 2023 16:37:02: Final size factor: 1.0052329519316097 1.0129231833457883 1.009832474093903 1.0125474550495468 
INFO  @ Wed, 22 Feb 2023 16:37:02: size factor: 0.9947942893022416,0.9872416945744081,0.9902632621289729,0.9876080326043258 
INFO  @ Wed, 22 Feb 2023 16:37:02: Thread 0 started. 
INFO  @ Wed, 22 Feb 2023 16:37:02: Thread 0: total 1 instances. 
INFO  @ Wed, 22 Feb 2023 16:37:02: Thread 0 completed. 
INFO  @ Wed, 22 Feb 2023 16:37:02: All threads completed. 
INFO  @ Wed, 22 Feb 2023 16:37:02: Modeling the mean and variance ... 
INFO  @ Wed, 22 Feb 2023 16:37:02: Run the algorithm for the second time ... 
INFO  @ Wed, 22 Feb 2023 16:37:02: Thread 0 started. 
INFO  @ Wed, 22 Feb 2023 16:37:02: Thread 0: total 18006 instances. 
INFO  @ Wed, 22 Feb 2023 16:37:02: Thread 0: Calculating A1CF (1) ...  
INFO  @ Wed, 22 Feb 2023 16:37:06: Thread 0: Calculating ARNT2 (1001) ...  
INFO  @ Wed, 22 Feb 2023 16:37:09: Thread 0: Calculating C2orf44 (2001) ...  
INFO  @ Wed, 22 Feb 2023 16:37:13: Thread 0: Calculating CERS6 (3001) ...  
INFO  @ Wed, 22 Feb 2023 16:37:17: Thread 0: Calculating DBH (4001) ...  
INFO  @ Wed, 22 Feb 2023 16:37:20: Thread 0: Calculating ERCC6L2 (5001) ...  
INFO  @ Wed, 22 Feb 2023 16:37:24: Thread 0: Calculating GANC (6001) ...  
INFO  @ Wed, 22 Feb 2023 16:37:27: Thread 0: Calculating HMBS (7001) ...  
INFO  @ Wed, 22 Feb 2023 16:37:31: Thread 0: Calculating KIAA1147 (8001) ...  
INFO  @ Wed, 22 Feb 2023 16:37:34: Thread 0: Calculating MAGOH (9001) ...  
INFO  @ Wed, 22 Feb 2023 16:37:38: Thread 0: Calculating NANOS3 (10001) ...  
INFO  @ Wed, 22 Feb 2023 16:37:41: Thread 0: Calculating PAXIP1 (11001) ...  
INFO  @ Wed, 22 Feb 2023 16:37:45: Thread 0: Calculating PRG4 (12001) ...  
INFO  @ Wed, 22 Feb 2023 16:37:49: Thread 0: Calculating RNF151 (13001) ...  
INFO  @ Wed, 22 Feb 2023 16:37:52: Thread 0: Calculating SLC25A11 (14001) ...  
INFO  @ Wed, 22 Feb 2023 16:37:56: Thread 0: Calculating SUMO4 (15001) ...  
INFO  @ Wed, 22 Feb 2023 16:37:59: Thread 0: Calculating TNKS2 (16001) ...  
INFO  @ Wed, 22 Feb 2023 16:38:03: Thread 0: Calculating WDHD1 (17001) ...  
INFO  @ Wed, 22 Feb 2023 16:38:06: Thread 0: Calculating ZYG11A (18001) ...  
INFO  @ Wed, 22 Feb 2023 16:38:06: Thread 0 completed. 
INFO  @ Wed, 22 Feb 2023 16:38:06: All threads completed. 
INFO  @ Wed, 22 Feb 2023 16:38:09: Permuting groups of gene with 1 sgRNAs per gene. Group progress: 1/22 
INFO  @ Wed, 22 Feb 2023 16:38:09: Start permuting 2 rounds ... 
INFO  @ Wed, 22 Feb 2023 16:38:09: Collecting 90025 sgRNAs from 18006 genes. 
INFO  @ Wed, 22 Feb 2023 16:38:10: Permuting round 0 ... 
INFO  @ Wed, 22 Feb 2023 16:38:10: Thread 0 started. 
INFO  @ Wed, 22 Feb 2023 16:38:10: Thread 0: total 18006 instances. 
INFO  @ Wed, 22 Feb 2023 16:38:10: Thread 0: Calculating A1CF (1) ...  
INFO  @ Wed, 22 Feb 2023 16:38:12: Thread 0: Calculating ARNT2 (1001) ...  
INFO  @ Wed, 22 Feb 2023 16:38:15: Thread 0: Calculating C2orf44 (2001) ...  
INFO  @ Wed, 22 Feb 2023 16:38:17: Thread 0: Calculating CERS6 (3001) ...  
INFO  @ Wed, 22 Feb 2023 16:38:19: Thread 0: Calculating DBH (4001) ...  
INFO  @ Wed, 22 Feb 2023 16:38:21: Thread 0: Calculating ERCC6L2 (5001) ...  
INFO  @ Wed, 22 Feb 2023 16:38:23: Thread 0: Calculating GANC (6001) ...  
INFO  @ Wed, 22 Feb 2023 16:38:25: Thread 0: Calculating HMBS (7001) ...  
INFO  @ Wed, 22 Feb 2023 16:38:27: Thread 0: Calculating KIAA1147 (8001) ...  
INFO  @ Wed, 22 Feb 2023 16:38:29: Thread 0: Calculating MAGOH (9001) ...  
INFO  @ Wed, 22 Feb 2023 16:38:31: Thread 0: Calculating NANOS3 (10001) ...  
INFO  @ Wed, 22 Feb 2023 16:38:33: Thread 0: Calculating PAXIP1 (11001) ...  
INFO  @ Wed, 22 Feb 2023 16:38:36: Thread 0: Calculating PRG4 (12001) ...  
INFO  @ Wed, 22 Feb 2023 16:38:38: Thread 0: Calculating RNF151 (13001) ...  
INFO  @ Wed, 22 Feb 2023 16:38:40: Thread 0: Calculating SLC25A11 (14001) ...  
INFO  @ Wed, 22 Feb 2023 16:38:42: Thread 0: Calculating SUMO4 (15001) ...  
INFO  @ Wed, 22 Feb 2023 16:38:44: Thread 0: Calculating TNKS2 (16001) ...  
INFO  @ Wed, 22 Feb 2023 16:38:46: Thread 0: Calculating WDHD1 (17001) ...  
INFO  @ Wed, 22 Feb 2023 16:38:48: Thread 0: Calculating ZYG11A (18001) ...  
INFO  @ Wed, 22 Feb 2023 16:38:48: Thread 0 completed. 
INFO  @ Wed, 22 Feb 2023 16:38:48: All threads completed. 
INFO  @ Wed, 22 Feb 2023 16:38:51: Permuting round 1 ... 
INFO  @ Wed, 22 Feb 2023 16:38:51: Thread 0 started. 
INFO  @ Wed, 22 Feb 2023 16:38:51: Thread 0: total 18006 instances. 
INFO  @ Wed, 22 Feb 2023 16:38:51: Thread 0: Calculating A1CF (1) ...  
INFO  @ Wed, 22 Feb 2023 16:38:53: Thread 0: Calculating ARNT2 (1001) ...  
INFO  @ Wed, 22 Feb 2023 16:38:56: Thread 0: Calculating C2orf44 (2001) ...  
INFO  @ Wed, 22 Feb 2023 16:38:58: Thread 0: Calculating CERS6 (3001) ...  
INFO  @ Wed, 22 Feb 2023 16:39:00: Thread 0: Calculating DBH (4001) ...  
INFO  @ Wed, 22 Feb 2023 16:39:02: Thread 0: Calculating ERCC6L2 (5001) ...  
INFO  @ Wed, 22 Feb 2023 16:39:04: Thread 0: Calculating GANC (6001) ...  
INFO  @ Wed, 22 Feb 2023 16:39:06: Thread 0: Calculating HMBS (7001) ...  
INFO  @ Wed, 22 Feb 2023 16:39:08: Thread 0: Calculating KIAA1147 (8001) ...  
INFO  @ Wed, 22 Feb 2023 16:39:10: Thread 0: Calculating MAGOH (9001) ...  
INFO  @ Wed, 22 Feb 2023 16:39:13: Thread 0: Calculating NANOS3 (10001) ...  
INFO  @ Wed, 22 Feb 2023 16:39:15: Thread 0: Calculating PAXIP1 (11001) ...  
INFO  @ Wed, 22 Feb 2023 16:39:17: Thread 0: Calculating PRG4 (12001) ...  
INFO  @ Wed, 22 Feb 2023 16:39:19: Thread 0: Calculating RNF151 (13001) ...  
INFO  @ Wed, 22 Feb 2023 16:39:21: Thread 0: Calculating SLC25A11 (14001) ...  
INFO  @ Wed, 22 Feb 2023 16:39:23: Thread 0: Calculating SUMO4 (15001) ...  
INFO  @ Wed, 22 Feb 2023 16:39:25: Thread 0: Calculating TNKS2 (16001) ...  
INFO  @ Wed, 22 Feb 2023 16:39:28: Thread 0: Calculating WDHD1 (17001) ...  
INFO  @ Wed, 22 Feb 2023 16:39:30: Thread 0: Calculating ZYG11A (18001) ...  
INFO  @ Wed, 22 Feb 2023 16:39:30: Thread 0 completed. 
INFO  @ Wed, 22 Feb 2023 16:39:30: All threads completed. 
INFO  @ Wed, 22 Feb 2023 16:39:32: Assigning p values... 
INFO  @ Wed, 22 Feb 2023 16:39:33: Permuting groups of gene with 2 sgRNAs per gene. Group progress: 2/22 
INFO  @ Wed, 22 Feb 2023 16:39:33: Start permuting 2 rounds ... 
INFO  @ Wed, 22 Feb 2023 16:39:33: Collecting 90025 sgRNAs from 18006 genes. 
INFO  @ Wed, 22 Feb 2023 16:39:34: Permuting round 0 ... 
INFO  @ Wed, 22 Feb 2023 16:39:34: Thread 0 started. 
INFO  @ Wed, 22 Feb 2023 16:39:34: Thread 0: total 18006 instances. 
INFO  @ Wed, 22 Feb 2023 16:39:34: Thread 0: Calculating A1CF (1) ...  
INFO  @ Wed, 22 Feb 2023 16:39:37: Thread 0: Calculating ARNT2 (1001) ...  
INFO  @ Wed, 22 Feb 2023 16:39:40: Thread 0: Calculating C2orf44 (2001) ...  
INFO  @ Wed, 22 Feb 2023 16:39:42: Thread 0: Calculating CERS6 (3001) ...  
INFO  @ Wed, 22 Feb 2023 16:39:45: Thread 0: Calculating DBH (4001) ...  
INFO  @ Wed, 22 Feb 2023 16:39:48: Thread 0: Calculating ERCC6L2 (5001) ...  
INFO  @ Wed, 22 Feb 2023 16:39:51: Thread 0: Calculating GANC (6001) ...  
INFO  @ Wed, 22 Feb 2023 16:39:54: Thread 0: Calculating HMBS (7001) ...  
INFO  @ Wed, 22 Feb 2023 16:39:57: Thread 0: Calculating KIAA1147 (8001) ...  
INFO  @ Wed, 22 Feb 2023 16:39:59: Thread 0: Calculating MAGOH (9001) ...  
INFO  @ Wed, 22 Feb 2023 16:40:02: Thread 0: Calculating NANOS3 (10001) ...  
INFO  @ Wed, 22 Feb 2023 16:40:05: Thread 0: Calculating PAXIP1 (11001) ...  
INFO  @ Wed, 22 Feb 2023 16:40:08: Thread 0: Calculating PRG4 (12001) ...  
INFO  @ Wed, 22 Feb 2023 16:40:11: Thread 0: Calculating RNF151 (13001) ...  
INFO  @ Wed, 22 Feb 2023 16:40:14: Thread 0: Calculating SLC25A11 (14001) ...  
INFO  @ Wed, 22 Feb 2023 16:40:16: Thread 0: Calculating SUMO4 (15001) ...  
INFO  @ Wed, 22 Feb 2023 16:40:19: Thread 0: Calculating TNKS2 (16001) ...  
INFO  @ Wed, 22 Feb 2023 16:40:22: Thread 0: Calculating WDHD1 (17001) ...  
INFO  @ Wed, 22 Feb 2023 16:40:25: Thread 0: Calculating ZYG11A (18001) ...  
INFO  @ Wed, 22 Feb 2023 16:40:25: Thread 0 completed. 
INFO  @ Wed, 22 Feb 2023 16:40:25: All threads completed. 
INFO  @ Wed, 22 Feb 2023 16:40:28: Permuting round 1 ... 
INFO  @ Wed, 22 Feb 2023 16:40:28: Thread 0 started. 
INFO  @ Wed, 22 Feb 2023 16:40:28: Thread 0: total 18006 instances. 
INFO  @ Wed, 22 Feb 2023 16:40:28: Thread 0: Calculating A1CF (1) ...  
INFO  @ Wed, 22 Feb 2023 16:40:31: Thread 0: Calculating ARNT2 (1001) ...  
INFO  @ Wed, 22 Feb 2023 16:40:33: Thread 0: Calculating C2orf44 (2001) ...  
INFO  @ Wed, 22 Feb 2023 16:40:36: Thread 0: Calculating CERS6 (3001) ...  
INFO  @ Wed, 22 Feb 2023 16:40:39: Thread 0: Calculating DBH (4001) ...  
INFO  @ Wed, 22 Feb 2023 16:40:42: Thread 0: Calculating ERCC6L2 (5001) ...  
INFO  @ Wed, 22 Feb 2023 16:40:45: Thread 0: Calculating GANC (6001) ...  
INFO  @ Wed, 22 Feb 2023 16:40:48: Thread 0: Calculating HMBS (7001) ...  
INFO  @ Wed, 22 Feb 2023 16:40:50: Thread 0: Calculating KIAA1147 (8001) ...  
INFO  @ Wed, 22 Feb 2023 16:40:53: Thread 0: Calculating MAGOH (9001) ...  
INFO  @ Wed, 22 Feb 2023 16:40:56: Thread 0: Calculating NANOS3 (10001) ...  
INFO  @ Wed, 22 Feb 2023 16:40:59: Thread 0: Calculating PAXIP1 (11001) ...  
INFO  @ Wed, 22 Feb 2023 16:41:02: Thread 0: Calculating PRG4 (12001) ...  
INFO  @ Wed, 22 Feb 2023 16:41:05: Thread 0: Calculating RNF151 (13001) ...  
INFO  @ Wed, 22 Feb 2023 16:41:08: Thread 0: Calculating SLC25A11 (14001) ...  
INFO  @ Wed, 22 Feb 2023 16:41:11: Thread 0: Calculating SUMO4 (15001) ...  
INFO  @ Wed, 22 Feb 2023 16:41:13: Thread 0: Calculating TNKS2 (16001) ...  
INFO  @ Wed, 22 Feb 2023 16:41:16: Thread 0: Calculating WDHD1 (17001) ...  
INFO  @ Wed, 22 Feb 2023 16:41:19: Thread 0: Calculating ZYG11A (18001) ...  
INFO  @ Wed, 22 Feb 2023 16:41:19: Thread 0 completed. 
INFO  @ Wed, 22 Feb 2023 16:41:19: All threads completed. 
INFO  @ Wed, 22 Feb 2023 16:41:22: Assigning p values... 
INFO  @ Wed, 22 Feb 2023 16:41:22: Permuting groups of gene with 3 sgRNAs per gene. Group progress: 3/22 
INFO  @ Wed, 22 Feb 2023 16:41:22: Start permuting 2 rounds ... 
INFO  @ Wed, 22 Feb 2023 16:41:22: Collecting 90025 sgRNAs from 18006 genes. 
INFO  @ Wed, 22 Feb 2023 16:41:23: Permuting round 0 ... 
INFO  @ Wed, 22 Feb 2023 16:41:23: Thread 0 started. 
INFO  @ Wed, 22 Feb 2023 16:41:23: Thread 0: total 18006 instances. 
INFO  @ Wed, 22 Feb 2023 16:41:23: Thread 0: Calculating A1CF (1) ...  
INFO  @ Wed, 22 Feb 2023 16:41:27: Thread 0: Calculating ARNT2 (1001) ...  
INFO  @ Wed, 22 Feb 2023 16:41:31: Thread 0: Calculating C2orf44 (2001) ...  
INFO  @ Wed, 22 Feb 2023 16:41:34: Thread 0: Calculating CERS6 (3001) ...  
INFO  @ Wed, 22 Feb 2023 16:41:38: Thread 0: Calculating DBH (4001) ...  
INFO  @ Wed, 22 Feb 2023 16:41:41: Thread 0: Calculating ERCC6L2 (5001) ...  
INFO  @ Wed, 22 Feb 2023 16:41:45: Thread 0: Calculating GANC (6001) ...  
INFO  @ Wed, 22 Feb 2023 16:41:48: Thread 0: Calculating HMBS (7001) ...  
INFO  @ Wed, 22 Feb 2023 16:41:52: Thread 0: Calculating KIAA1147 (8001) ...  
INFO  @ Wed, 22 Feb 2023 16:41:56: Thread 0: Calculating MAGOH (9001) ...  
INFO  @ Wed, 22 Feb 2023 16:41:59: Thread 0: Calculating NANOS3 (10001) ...  
INFO  @ Wed, 22 Feb 2023 16:42:03: Thread 0: Calculating PAXIP1 (11001) ...  
INFO  @ Wed, 22 Feb 2023 16:42:06: Thread 0: Calculating PRG4 (12001) ...  
INFO  @ Wed, 22 Feb 2023 16:42:10: Thread 0: Calculating RNF151 (13001) ...  
INFO  @ Wed, 22 Feb 2023 16:42:13: Thread 0: Calculating SLC25A11 (14001) ...  
INFO  @ Wed, 22 Feb 2023 16:42:17: Thread 0: Calculating SUMO4 (15001) ...  
INFO  @ Wed, 22 Feb 2023 16:42:21: Thread 0: Calculating TNKS2 (16001) ...  
INFO  @ Wed, 22 Feb 2023 16:42:24: Thread 0: Calculating WDHD1 (17001) ...  
INFO  @ Wed, 22 Feb 2023 16:42:28: Thread 0: Calculating ZYG11A (18001) ...  
INFO  @ Wed, 22 Feb 2023 16:42:28: Thread 0 completed. 
INFO  @ Wed, 22 Feb 2023 16:42:28: All threads completed. 
INFO  @ Wed, 22 Feb 2023 16:42:30: Permuting round 1 ... 
INFO  @ Wed, 22 Feb 2023 16:42:31: Thread 0 started. 
INFO  @ Wed, 22 Feb 2023 16:42:31: Thread 0: total 18006 instances. 
INFO  @ Wed, 22 Feb 2023 16:42:31: Thread 0: Calculating A1CF (1) ...  
INFO  @ Wed, 22 Feb 2023 16:42:34: Thread 0: Calculating ARNT2 (1001) ...  
INFO  @ Wed, 22 Feb 2023 16:42:38: Thread 0: Calculating C2orf44 (2001) ...  
INFO  @ Wed, 22 Feb 2023 16:42:41: Thread 0: Calculating CERS6 (3001) ...  
INFO  @ Wed, 22 Feb 2023 16:42:45: Thread 0: Calculating DBH (4001) ...  
INFO  @ Wed, 22 Feb 2023 16:42:48: Thread 0: Calculating ERCC6L2 (5001) ...  
INFO  @ Wed, 22 Feb 2023 16:42:52: Thread 0: Calculating GANC (6001) ...  
INFO  @ Wed, 22 Feb 2023 16:42:56: Thread 0: Calculating HMBS (7001) ...  
INFO  @ Wed, 22 Feb 2023 16:42:59: Thread 0: Calculating KIAA1147 (8001) ...  
INFO  @ Wed, 22 Feb 2023 16:43:03: Thread 0: Calculating MAGOH (9001) ...  
INFO  @ Wed, 22 Feb 2023 16:43:06: Thread 0: Calculating NANOS3 (10001) ...  
INFO  @ Wed, 22 Feb 2023 16:43:10: Thread 0: Calculating PAXIP1 (11001) ...  
INFO  @ Wed, 22 Feb 2023 16:43:14: Thread 0: Calculating PRG4 (12001) ...  
INFO  @ Wed, 22 Feb 2023 16:43:17: Thread 0: Calculating RNF151 (13001) ...  
INFO  @ Wed, 22 Feb 2023 16:43:21: Thread 0: Calculating SLC25A11 (14001) ...  
INFO  @ Wed, 22 Feb 2023 16:43:24: Thread 0: Calculating SUMO4 (15001) ...  
INFO  @ Wed, 22 Feb 2023 16:43:28: Thread 0: Calculating TNKS2 (16001) ...  
INFO  @ Wed, 22 Feb 2023 16:43:31: Thread 0: Calculating WDHD1 (17001) ...  
INFO  @ Wed, 22 Feb 2023 16:43:35: Thread 0: Calculating ZYG11A (18001) ...  
INFO  @ Wed, 22 Feb 2023 16:43:35: Thread 0 completed. 
INFO  @ Wed, 22 Feb 2023 16:43:35: All threads completed. 
INFO  @ Wed, 22 Feb 2023 16:43:38: Assigning p values... 
INFO  @ Wed, 22 Feb 2023 16:43:38: Permuting groups of gene with 4 sgRNAs per gene. Group progress: 4/22 
INFO  @ Wed, 22 Feb 2023 16:43:38: Start permuting 2 rounds ... 
INFO  @ Wed, 22 Feb 2023 16:43:38: Collecting 90025 sgRNAs from 18006 genes. 
INFO  @ Wed, 22 Feb 2023 16:43:39: Permuting round 0 ... 
INFO  @ Wed, 22 Feb 2023 16:43:39: Thread 0 started. 
INFO  @ Wed, 22 Feb 2023 16:43:39: Thread 0: total 18006 instances. 
INFO  @ Wed, 22 Feb 2023 16:43:39: Thread 0: Calculating A1CF (1) ...  
INFO  @ Wed, 22 Feb 2023 16:43:43: Thread 0: Calculating ARNT2 (1001) ...  
INFO  @ Wed, 22 Feb 2023 16:43:47: Thread 0: Calculating C2orf44 (2001) ...  
INFO  @ Wed, 22 Feb 2023 16:43:51: Thread 0: Calculating CERS6 (3001) ...  
INFO  @ Wed, 22 Feb 2023 16:43:55: Thread 0: Calculating DBH (4001) ...  
INFO  @ Wed, 22 Feb 2023 16:43:58: Thread 0: Calculating ERCC6L2 (5001) ...  
INFO  @ Wed, 22 Feb 2023 16:44:02: Thread 0: Calculating GANC (6001) ...  
INFO  @ Wed, 22 Feb 2023 16:44:06: Thread 0: Calculating HMBS (7001) ...  
INFO  @ Wed, 22 Feb 2023 16:44:09: Thread 0: Calculating KIAA1147 (8001) ...  
INFO  @ Wed, 22 Feb 2023 16:44:13: Thread 0: Calculating MAGOH (9001) ...  
INFO  @ Wed, 22 Feb 2023 16:44:17: Thread 0: Calculating NANOS3 (10001) ...  
INFO  @ Wed, 22 Feb 2023 16:44:21: Thread 0: Calculating PAXIP1 (11001) ...  
INFO  @ Wed, 22 Feb 2023 16:44:25: Thread 0: Calculating PRG4 (12001) ...  
INFO  @ Wed, 22 Feb 2023 16:44:29: Thread 0: Calculating RNF151 (13001) ...  
INFO  @ Wed, 22 Feb 2023 16:44:32: Thread 0: Calculating SLC25A11 (14001) ...  
INFO  @ Wed, 22 Feb 2023 16:44:36: Thread 0: Calculating SUMO4 (15001) ...  
INFO  @ Wed, 22 Feb 2023 16:44:40: Thread 0: Calculating TNKS2 (16001) ...  
INFO  @ Wed, 22 Feb 2023 16:44:43: Thread 0: Calculating WDHD1 (17001) ...  
INFO  @ Wed, 22 Feb 2023 16:44:47: Thread 0: Calculating ZYG11A (18001) ...  
INFO  @ Wed, 22 Feb 2023 16:44:47: Thread 0 completed. 
INFO  @ Wed, 22 Feb 2023 16:44:47: All threads completed. 
INFO  @ Wed, 22 Feb 2023 16:44:50: Permuting round 1 ... 
INFO  @ Wed, 22 Feb 2023 16:44:50: Thread 0 started. 
INFO  @ Wed, 22 Feb 2023 16:44:50: Thread 0: total 18006 instances. 
INFO  @ Wed, 22 Feb 2023 16:44:50: Thread 0: Calculating A1CF (1) ...  
INFO  @ Wed, 22 Feb 2023 16:44:54: Thread 0: Calculating ARNT2 (1001) ...  
INFO  @ Wed, 22 Feb 2023 16:44:58: Thread 0: Calculating C2orf44 (2001) ...  
INFO  @ Wed, 22 Feb 2023 16:45:02: Thread 0: Calculating CERS6 (3001) ...  
INFO  @ Wed, 22 Feb 2023 16:45:06: Thread 0: Calculating DBH (4001) ...  
INFO  @ Wed, 22 Feb 2023 16:45:10: Thread 0: Calculating ERCC6L2 (5001) ...  
INFO  @ Wed, 22 Feb 2023 16:45:13: Thread 0: Calculating GANC (6001) ...  
INFO  @ Wed, 22 Feb 2023 16:45:17: Thread 0: Calculating HMBS (7001) ...  
INFO  @ Wed, 22 Feb 2023 16:45:21: Thread 0: Calculating KIAA1147 (8001) ...  
INFO  @ Wed, 22 Feb 2023 16:45:25: Thread 0: Calculating MAGOH (9001) ...  
INFO  @ Wed, 22 Feb 2023 16:45:28: Thread 0: Calculating NANOS3 (10001) ...  
INFO  @ Wed, 22 Feb 2023 16:45:33: Thread 0: Calculating PAXIP1 (11001) ...  
INFO  @ Wed, 22 Feb 2023 16:45:36: Thread 0: Calculating PRG4 (12001) ...  
INFO  @ Wed, 22 Feb 2023 16:45:40: Thread 0: Calculating RNF151 (13001) ...  
INFO  @ Wed, 22 Feb 2023 16:45:44: Thread 0: Calculating SLC25A11 (14001) ...  
INFO  @ Wed, 22 Feb 2023 16:45:48: Thread 0: Calculating SUMO4 (15001) ...  
INFO  @ Wed, 22 Feb 2023 16:45:51: Thread 0: Calculating TNKS2 (16001) ...  
INFO  @ Wed, 22 Feb 2023 16:45:55: Thread 0: Calculating WDHD1 (17001) ...  
INFO  @ Wed, 22 Feb 2023 16:45:59: Thread 0: Calculating ZYG11A (18001) ...  
INFO  @ Wed, 22 Feb 2023 16:45:59: Thread 0 completed. 
INFO  @ Wed, 22 Feb 2023 16:45:59: All threads completed. 
INFO  @ Wed, 22 Feb 2023 16:46:02: Assigning p values... 
INFO  @ Wed, 22 Feb 2023 16:46:02: Permuting groups of gene with 5 sgRNAs per gene. Group progress: 5/22 
INFO  @ Wed, 22 Feb 2023 16:46:02: Start permuting 2 rounds ... 
INFO  @ Wed, 22 Feb 2023 16:46:02: Collecting 90025 sgRNAs from 18006 genes. 
INFO  @ Wed, 22 Feb 2023 16:46:03: Permuting round 0 ... 
INFO  @ Wed, 22 Feb 2023 16:46:03: Thread 0 started. 
INFO  @ Wed, 22 Feb 2023 16:46:03: Thread 0: total 18006 instances. 
INFO  @ Wed, 22 Feb 2023 16:46:03: Thread 0: Calculating A1CF (1) ...  
INFO  @ Wed, 22 Feb 2023 16:46:08: Thread 0: Calculating ARNT2 (1001) ...  
INFO  @ Wed, 22 Feb 2023 16:46:11: Thread 0: Calculating C2orf44 (2001) ...  
INFO  @ Wed, 22 Feb 2023 16:46:15: Thread 0: Calculating CERS6 (3001) ...  
INFO  @ Wed, 22 Feb 2023 16:46:19: Thread 0: Calculating DBH (4001) ...  
INFO  @ Wed, 22 Feb 2023 16:46:23: Thread 0: Calculating ERCC6L2 (5001) ...  
INFO  @ Wed, 22 Feb 2023 16:46:27: Thread 0: Calculating GANC (6001) ...  
INFO  @ Wed, 22 Feb 2023 16:46:31: Thread 0: Calculating HMBS (7001) ...  
INFO  @ Wed, 22 Feb 2023 16:46:35: Thread 0: Calculating KIAA1147 (8001) ...  
INFO  @ Wed, 22 Feb 2023 16:46:39: Thread 0: Calculating MAGOH (9001) ...  
INFO  @ Wed, 22 Feb 2023 16:46:43: Thread 0: Calculating NANOS3 (10001) ...  
INFO  @ Wed, 22 Feb 2023 16:46:47: Thread 0: Calculating PAXIP1 (11001) ...  
INFO  @ Wed, 22 Feb 2023 16:46:51: Thread 0: Calculating PRG4 (12001) ...  
INFO  @ Wed, 22 Feb 2023 16:46:55: Thread 0: Calculating RNF151 (13001) ...  
INFO  @ Wed, 22 Feb 2023 16:46:58: Thread 0: Calculating SLC25A11 (14001) ...  
INFO  @ Wed, 22 Feb 2023 16:47:02: Thread 0: Calculating SUMO4 (15001) ...  
INFO  @ Wed, 22 Feb 2023 16:47:06: Thread 0: Calculating TNKS2 (16001) ...  
INFO  @ Wed, 22 Feb 2023 16:47:10: Thread 0: Calculating WDHD1 (17001) ...  
INFO  @ Wed, 22 Feb 2023 16:47:14: Thread 0: Calculating ZYG11A (18001) ...  
INFO  @ Wed, 22 Feb 2023 16:47:14: Thread 0 completed. 
INFO  @ Wed, 22 Feb 2023 16:47:14: All threads completed. 
INFO  @ Wed, 22 Feb 2023 16:47:17: Permuting round 1 ... 
INFO  @ Wed, 22 Feb 2023 16:47:17: Thread 0 started. 
INFO  @ Wed, 22 Feb 2023 16:47:17: Thread 0: total 18006 instances. 
INFO  @ Wed, 22 Feb 2023 16:47:17: Thread 0: Calculating A1CF (1) ...  
INFO  @ Wed, 22 Feb 2023 16:47:21: Thread 0: Calculating ARNT2 (1001) ...  
INFO  @ Wed, 22 Feb 2023 16:47:25: Thread 0: Calculating C2orf44 (2001) ...  
INFO  @ Wed, 22 Feb 2023 16:47:29: Thread 0: Calculating CERS6 (3001) ...  
INFO  @ Wed, 22 Feb 2023 16:47:33: Thread 0: Calculating DBH (4001) ...  
INFO  @ Wed, 22 Feb 2023 16:47:37: Thread 0: Calculating ERCC6L2 (5001) ...  
INFO  @ Wed, 22 Feb 2023 16:47:41: Thread 0: Calculating GANC (6001) ...  
INFO  @ Wed, 22 Feb 2023 16:47:45: Thread 0: Calculating HMBS (7001) ...  
INFO  @ Wed, 22 Feb 2023 16:47:49: Thread 0: Calculating KIAA1147 (8001) ...  
INFO  @ Wed, 22 Feb 2023 16:47:53: Thread 0: Calculating MAGOH (9001) ...  
INFO  @ Wed, 22 Feb 2023 16:47:57: Thread 0: Calculating NANOS3 (10001) ...  
INFO  @ Wed, 22 Feb 2023 16:48:00: Thread 0: Calculating PAXIP1 (11001) ...  
INFO  @ Wed, 22 Feb 2023 16:48:04: Thread 0: Calculating PRG4 (12001) ...  
INFO  @ Wed, 22 Feb 2023 16:48:08: Thread 0: Calculating RNF151 (13001) ...  
INFO  @ Wed, 22 Feb 2023 16:48:12: Thread 0: Calculating SLC25A11 (14001) ...  
INFO  @ Wed, 22 Feb 2023 16:48:16: Thread 0: Calculating SUMO4 (15001) ...  
INFO  @ Wed, 22 Feb 2023 16:48:20: Thread 0: Calculating TNKS2 (16001) ...  
INFO  @ Wed, 22 Feb 2023 16:48:24: Thread 0: Calculating WDHD1 (17001) ...  
INFO  @ Wed, 22 Feb 2023 16:48:28: Thread 0: Calculating ZYG11A (18001) ...  
INFO  @ Wed, 22 Feb 2023 16:48:28: Thread 0 completed. 
INFO  @ Wed, 22 Feb 2023 16:48:28: All threads completed. 
INFO  @ Wed, 22 Feb 2023 16:48:31: Assigning p values... 
INFO  @ Wed, 22 Feb 2023 16:48:32: Permuting groups of gene with 6 sgRNAs per gene. Group progress: 6/22 
INFO  @ Wed, 22 Feb 2023 16:48:32: Start permuting 2 rounds ... 
INFO  @ Wed, 22 Feb 2023 16:48:33: Collecting 90025 sgRNAs from 18006 genes. 
INFO  @ Wed, 22 Feb 2023 16:48:34: Permuting round 0 ... 
INFO  @ Wed, 22 Feb 2023 16:48:34: Thread 0 started. 
INFO  @ Wed, 22 Feb 2023 16:48:34: Thread 0: total 18006 instances. 
INFO  @ Wed, 22 Feb 2023 16:48:34: Thread 0: Calculating A1CF (1) ...  
INFO  @ Wed, 22 Feb 2023 16:48:38: Thread 0: Calculating ARNT2 (1001) ...  
INFO  @ Wed, 22 Feb 2023 16:48:42: Thread 0: Calculating C2orf44 (2001) ...  
INFO  @ Wed, 22 Feb 2023 16:48:46: Thread 0: Calculating CERS6 (3001) ...  
INFO  @ Wed, 22 Feb 2023 16:48:50: Thread 0: Calculating DBH (4001) ...  
INFO  @ Wed, 22 Feb 2023 16:48:55: Thread 0: Calculating ERCC6L2 (5001) ...  
INFO  @ Wed, 22 Feb 2023 16:48:59: Thread 0: Calculating GANC (6001) ...  
INFO  @ Wed, 22 Feb 2023 16:49:03: Thread 0: Calculating HMBS (7001) ...  
INFO  @ Wed, 22 Feb 2023 16:49:07: Thread 0: Calculating KIAA1147 (8001) ...  
INFO  @ Wed, 22 Feb 2023 16:49:11: Thread 0: Calculating MAGOH (9001) ...  
INFO  @ Wed, 22 Feb 2023 16:49:15: Thread 0: Calculating NANOS3 (10001) ...  
INFO  @ Wed, 22 Feb 2023 16:49:19: Thread 0: Calculating PAXIP1 (11001) ...  
INFO  @ Wed, 22 Feb 2023 16:49:23: Thread 0: Calculating PRG4 (12001) ...  
INFO  @ Wed, 22 Feb 2023 16:49:27: Thread 0: Calculating RNF151 (13001) ...  
INFO  @ Wed, 22 Feb 2023 16:49:32: Thread 0: Calculating SLC25A11 (14001) ...  
INFO  @ Wed, 22 Feb 2023 16:49:36: Thread 0: Calculating SUMO4 (15001) ...  
INFO  @ Wed, 22 Feb 2023 16:49:40: Thread 0: Calculating TNKS2 (16001) ...  
INFO  @ Wed, 22 Feb 2023 16:49:44: Thread 0: Calculating WDHD1 (17001) ...  
INFO  @ Wed, 22 Feb 2023 16:49:48: Thread 0: Calculating ZYG11A (18001) ...  
INFO  @ Wed, 22 Feb 2023 16:49:48: Thread 0 completed. 
INFO  @ Wed, 22 Feb 2023 16:49:48: All threads completed. 
INFO  @ Wed, 22 Feb 2023 16:49:51: Permuting round 1 ... 
INFO  @ Wed, 22 Feb 2023 16:49:51: Thread 0 started. 
INFO  @ Wed, 22 Feb 2023 16:49:51: Thread 0: total 18006 instances. 
INFO  @ Wed, 22 Feb 2023 16:49:51: Thread 0: Calculating A1CF (1) ...  
INFO  @ Wed, 22 Feb 2023 16:49:56: Thread 0: Calculating ARNT2 (1001) ...  
INFO  @ Wed, 22 Feb 2023 16:50:00: Thread 0: Calculating C2orf44 (2001) ...  
INFO  @ Wed, 22 Feb 2023 16:50:04: Thread 0: Calculating CERS6 (3001) ...  
INFO  @ Wed, 22 Feb 2023 16:50:08: Thread 0: Calculating DBH (4001) ...  
INFO  @ Wed, 22 Feb 2023 16:50:12: Thread 0: Calculating ERCC6L2 (5001) ...  
INFO  @ Wed, 22 Feb 2023 16:50:16: Thread 0: Calculating GANC (6001) ...  
INFO  @ Wed, 22 Feb 2023 16:50:20: Thread 0: Calculating HMBS (7001) ...  
INFO  @ Wed, 22 Feb 2023 16:50:24: Thread 0: Calculating KIAA1147 (8001) ...  
INFO  @ Wed, 22 Feb 2023 16:50:28: Thread 0: Calculating MAGOH (9001) ...  
INFO  @ Wed, 22 Feb 2023 16:50:33: Thread 0: Calculating NANOS3 (10001) ...  
INFO  @ Wed, 22 Feb 2023 16:50:37: Thread 0: Calculating PAXIP1 (11001) ...  
INFO  @ Wed, 22 Feb 2023 16:50:41: Thread 0: Calculating PRG4 (12001) ...  
INFO  @ Wed, 22 Feb 2023 16:50:45: Thread 0: Calculating RNF151 (13001) ...  
INFO  @ Wed, 22 Feb 2023 16:50:49: Thread 0: Calculating SLC25A11 (14001) ...  
INFO  @ Wed, 22 Feb 2023 16:50:53: Thread 0: Calculating SUMO4 (15001) ...  
INFO  @ Wed, 22 Feb 2023 16:50:57: Thread 0: Calculating TNKS2 (16001) ...  
INFO  @ Wed, 22 Feb 2023 16:51:01: Thread 0: Calculating WDHD1 (17001) ...  
INFO  @ Wed, 22 Feb 2023 16:51:06: Thread 0: Calculating ZYG11A (18001) ...  
INFO  @ Wed, 22 Feb 2023 16:51:06: Thread 0 completed. 
INFO  @ Wed, 22 Feb 2023 16:51:06: All threads completed. 
INFO  @ Wed, 22 Feb 2023 16:51:09: Assigning p values... 
INFO  @ Wed, 22 Feb 2023 16:51:09: Permuting groups of gene with 7 sgRNAs per gene. Group progress: 7/22 
INFO  @ Wed, 22 Feb 2023 16:51:09: Start permuting 2 rounds ... 
INFO  @ Wed, 22 Feb 2023 16:51:09: Collecting 90025 sgRNAs from 18006 genes. 
INFO  @ Wed, 22 Feb 2023 16:51:10: Permuting round 0 ... 
INFO  @ Wed, 22 Feb 2023 16:51:11: Thread 0 started. 
INFO  @ Wed, 22 Feb 2023 16:51:11: Thread 0: total 18006 instances. 
INFO  @ Wed, 22 Feb 2023 16:51:11: Thread 0: Calculating A1CF (1) ...  
INFO  @ Wed, 22 Feb 2023 16:51:15: Thread 0: Calculating ARNT2 (1001) ...  
INFO  @ Wed, 22 Feb 2023 16:51:19: Thread 0: Calculating C2orf44 (2001) ...  
INFO  @ Wed, 22 Feb 2023 16:51:23: Thread 0: Calculating CERS6 (3001) ...  
INFO  @ Wed, 22 Feb 2023 16:51:28: Thread 0: Calculating DBH (4001) ...  
INFO  @ Wed, 22 Feb 2023 16:51:32: Thread 0: Calculating ERCC6L2 (5001) ...  
INFO  @ Wed, 22 Feb 2023 16:51:36: Thread 0: Calculating GANC (6001) ...  
INFO  @ Wed, 22 Feb 2023 16:51:41: Thread 0: Calculating HMBS (7001) ...  
INFO  @ Wed, 22 Feb 2023 16:51:45: Thread 0: Calculating KIAA1147 (8001) ...  
INFO  @ Wed, 22 Feb 2023 16:51:49: Thread 0: Calculating MAGOH (9001) ...  
INFO  @ Wed, 22 Feb 2023 16:51:53: Thread 0: Calculating NANOS3 (10001) ...  
INFO  @ Wed, 22 Feb 2023 16:51:57: Thread 0: Calculating PAXIP1 (11001) ...  
INFO  @ Wed, 22 Feb 2023 16:52:02: Thread 0: Calculating PRG4 (12001) ...  
INFO  @ Wed, 22 Feb 2023 16:52:06: Thread 0: Calculating RNF151 (13001) ...  
INFO  @ Wed, 22 Feb 2023 16:52:10: Thread 0: Calculating SLC25A11 (14001) ...  
INFO  @ Wed, 22 Feb 2023 16:52:14: Thread 0: Calculating SUMO4 (15001) ...  
INFO  @ Wed, 22 Feb 2023 16:52:18: Thread 0: Calculating TNKS2 (16001) ...  
INFO  @ Wed, 22 Feb 2023 16:52:23: Thread 0: Calculating WDHD1 (17001) ...  
INFO  @ Wed, 22 Feb 2023 16:52:27: Thread 0: Calculating ZYG11A (18001) ...  
INFO  @ Wed, 22 Feb 2023 16:52:27: Thread 0 completed. 
INFO  @ Wed, 22 Feb 2023 16:52:27: All threads completed. 
INFO  @ Wed, 22 Feb 2023 16:52:30: Permuting round 1 ... 
INFO  @ Wed, 22 Feb 2023 16:52:30: Thread 0 started. 
INFO  @ Wed, 22 Feb 2023 16:52:30: Thread 0: total 18006 instances. 
INFO  @ Wed, 22 Feb 2023 16:52:30: Thread 0: Calculating A1CF (1) ...  
INFO  @ Wed, 22 Feb 2023 16:52:35: Thread 0: Calculating ARNT2 (1001) ...  
INFO  @ Wed, 22 Feb 2023 16:52:39: Thread 0: Calculating C2orf44 (2001) ...  
INFO  @ Wed, 22 Feb 2023 16:52:43: Thread 0: Calculating CERS6 (3001) ...  
INFO  @ Wed, 22 Feb 2023 16:52:47: Thread 0: Calculating DBH (4001) ...  
INFO  @ Wed, 22 Feb 2023 16:52:52: Thread 0: Calculating ERCC6L2 (5001) ...  
INFO  @ Wed, 22 Feb 2023 16:52:56: Thread 0: Calculating GANC (6001) ...  
INFO  @ Wed, 22 Feb 2023 16:53:01: Thread 0: Calculating HMBS (7001) ...  
INFO  @ Wed, 22 Feb 2023 16:53:05: Thread 0: Calculating KIAA1147 (8001) ...  
INFO  @ Wed, 22 Feb 2023 16:53:09: Thread 0: Calculating MAGOH (9001) ...  
INFO  @ Wed, 22 Feb 2023 16:53:13: Thread 0: Calculating NANOS3 (10001) ...  
INFO  @ Wed, 22 Feb 2023 16:53:18: Thread 0: Calculating PAXIP1 (11001) ...  
INFO  @ Wed, 22 Feb 2023 16:53:22: Thread 0: Calculating PRG4 (12001) ...  
INFO  @ Wed, 22 Feb 2023 16:53:26: Thread 0: Calculating RNF151 (13001) ...  
INFO  @ Wed, 22 Feb 2023 16:53:30: Thread 0: Calculating SLC25A11 (14001) ...  
INFO  @ Wed, 22 Feb 2023 16:53:35: Thread 0: Calculating SUMO4 (15001) ...  
INFO  @ Wed, 22 Feb 2023 16:53:39: Thread 0: Calculating TNKS2 (16001) ...  
INFO  @ Wed, 22 Feb 2023 16:53:43: Thread 0: Calculating WDHD1 (17001) ...  
INFO  @ Wed, 22 Feb 2023 16:53:47: Thread 0: Calculating ZYG11A (18001) ...  
INFO  @ Wed, 22 Feb 2023 16:53:47: Thread 0 completed. 
INFO  @ Wed, 22 Feb 2023 16:53:47: All threads completed. 
INFO  @ Wed, 22 Feb 2023 16:53:51: Assigning p values... 
INFO  @ Wed, 22 Feb 2023 16:53:51: Permuting groups of gene with 8 sgRNAs per gene. Group progress: 8/22 
INFO  @ Wed, 22 Feb 2023 16:53:51: Start permuting 2 rounds ... 
INFO  @ Wed, 22 Feb 2023 16:53:51: Collecting 90025 sgRNAs from 18006 genes. 
INFO  @ Wed, 22 Feb 2023 16:53:52: Permuting round 0 ... 
INFO  @ Wed, 22 Feb 2023 16:53:53: Thread 0 started. 
INFO  @ Wed, 22 Feb 2023 16:53:53: Thread 0: total 18006 instances. 
INFO  @ Wed, 22 Feb 2023 16:53:53: Thread 0: Calculating A1CF (1) ...  
INFO  @ Wed, 22 Feb 2023 16:53:57: Thread 0: Calculating ARNT2 (1001) ...  
INFO  @ Wed, 22 Feb 2023 16:54:01: Thread 0: Calculating C2orf44 (2001) ...  
INFO  @ Wed, 22 Feb 2023 16:54:06: Thread 0: Calculating CERS6 (3001) ...  
INFO  @ Wed, 22 Feb 2023 16:54:10: Thread 0: Calculating DBH (4001) ...  
INFO  @ Wed, 22 Feb 2023 16:54:14: Thread 0: Calculating ERCC6L2 (5001) ...  
INFO  @ Wed, 22 Feb 2023 16:54:19: Thread 0: Calculating GANC (6001) ...  
INFO  @ Wed, 22 Feb 2023 16:54:23: Thread 0: Calculating HMBS (7001) ...  
INFO  @ Wed, 22 Feb 2023 16:54:28: Thread 0: Calculating KIAA1147 (8001) ...  
INFO  @ Wed, 22 Feb 2023 16:54:32: Thread 0: Calculating MAGOH (9001) ...  
INFO  @ Wed, 22 Feb 2023 16:54:36: Thread 0: Calculating NANOS3 (10001) ...  
INFO  @ Wed, 22 Feb 2023 16:54:41: Thread 0: Calculating PAXIP1 (11001) ...  
INFO  @ Wed, 22 Feb 2023 16:54:45: Thread 0: Calculating PRG4 (12001) ...  
INFO  @ Wed, 22 Feb 2023 16:54:49: Thread 0: Calculating RNF151 (13001) ...  
INFO  @ Wed, 22 Feb 2023 16:54:54: Thread 0: Calculating SLC25A11 (14001) ...  
INFO  @ Wed, 22 Feb 2023 16:54:58: Thread 0: Calculating SUMO4 (15001) ...  
INFO  @ Wed, 22 Feb 2023 16:55:02: Thread 0: Calculating TNKS2 (16001) ...  
INFO  @ Wed, 22 Feb 2023 16:55:07: Thread 0: Calculating WDHD1 (17001) ...  
INFO  @ Wed, 22 Feb 2023 16:55:11: Thread 0: Calculating ZYG11A (18001) ...  
INFO  @ Wed, 22 Feb 2023 16:55:11: Thread 0 completed. 
INFO  @ Wed, 22 Feb 2023 16:55:11: All threads completed. 
INFO  @ Wed, 22 Feb 2023 16:55:14: Permuting round 1 ... 
INFO  @ Wed, 22 Feb 2023 16:55:15: Thread 0 started. 
INFO  @ Wed, 22 Feb 2023 16:55:15: Thread 0: total 18006 instances. 
INFO  @ Wed, 22 Feb 2023 16:55:15: Thread 0: Calculating A1CF (1) ...  
INFO  @ Wed, 22 Feb 2023 16:55:19: Thread 0: Calculating ARNT2 (1001) ...  
INFO  @ Wed, 22 Feb 2023 16:55:23: Thread 0: Calculating C2orf44 (2001) ...  
INFO  @ Wed, 22 Feb 2023 16:55:28: Thread 0: Calculating CERS6 (3001) ...  
INFO  @ Wed, 22 Feb 2023 16:55:32: Thread 0: Calculating DBH (4001) ...  
INFO  @ Wed, 22 Feb 2023 16:55:37: Thread 0: Calculating ERCC6L2 (5001) ...  
INFO  @ Wed, 22 Feb 2023 16:55:41: Thread 0: Calculating GANC (6001) ...  
INFO  @ Wed, 22 Feb 2023 16:55:45: Thread 0: Calculating HMBS (7001) ...  
INFO  @ Wed, 22 Feb 2023 16:55:50: Thread 0: Calculating KIAA1147 (8001) ...  
INFO  @ Wed, 22 Feb 2023 16:55:54: Thread 0: Calculating MAGOH (9001) ...  
INFO  @ Wed, 22 Feb 2023 16:55:59: Thread 0: Calculating NANOS3 (10001) ...  
INFO  @ Wed, 22 Feb 2023 16:56:03: Thread 0: Calculating PAXIP1 (11001) ...  
INFO  @ Wed, 22 Feb 2023 16:56:07: Thread 0: Calculating PRG4 (12001) ...  
INFO  @ Wed, 22 Feb 2023 16:56:12: Thread 0: Calculating RNF151 (13001) ...  
INFO  @ Wed, 22 Feb 2023 16:56:16: Thread 0: Calculating SLC25A11 (14001) ...  
INFO  @ Wed, 22 Feb 2023 16:56:20: Thread 0: Calculating SUMO4 (15001) ...  
INFO  @ Wed, 22 Feb 2023 16:56:25: Thread 0: Calculating TNKS2 (16001) ...  
INFO  @ Wed, 22 Feb 2023 16:56:29: Thread 0: Calculating WDHD1 (17001) ...  
INFO  @ Wed, 22 Feb 2023 16:56:34: Thread 0: Calculating ZYG11A (18001) ...  
INFO  @ Wed, 22 Feb 2023 16:56:34: Thread 0 completed. 
INFO  @ Wed, 22 Feb 2023 16:56:34: All threads completed. 
INFO  @ Wed, 22 Feb 2023 16:56:37: Assigning p values... 
INFO  @ Wed, 22 Feb 2023 16:56:37: Permuting groups of gene with 9 sgRNAs per gene. Group progress: 9/22 
INFO  @ Wed, 22 Feb 2023 16:56:37: Start permuting 2 rounds ... 
INFO  @ Wed, 22 Feb 2023 16:56:37: Collecting 90025 sgRNAs from 18006 genes. 
INFO  @ Wed, 22 Feb 2023 16:56:39: Permuting round 0 ... 
INFO  @ Wed, 22 Feb 2023 16:56:39: Thread 0 started. 
INFO  @ Wed, 22 Feb 2023 16:56:39: Thread 0: total 18006 instances. 
INFO  @ Wed, 22 Feb 2023 16:56:39: Thread 0: Calculating A1CF (1) ...  
INFO  @ Wed, 22 Feb 2023 16:56:44: Thread 0: Calculating ARNT2 (1001) ...  
INFO  @ Wed, 22 Feb 2023 16:56:48: Thread 0: Calculating C2orf44 (2001) ...  
INFO  @ Wed, 22 Feb 2023 16:56:52: Thread 0: Calculating CERS6 (3001) ...  
INFO  @ Wed, 22 Feb 2023 16:56:57: Thread 0: Calculating DBH (4001) ...  
INFO  @ Wed, 22 Feb 2023 16:57:01: Thread 0: Calculating ERCC6L2 (5001) ...  
INFO  @ Wed, 22 Feb 2023 16:57:06: Thread 0: Calculating GANC (6001) ...  
INFO  @ Wed, 22 Feb 2023 16:57:10: Thread 0: Calculating HMBS (7001) ...  
INFO  @ Wed, 22 Feb 2023 16:57:15: Thread 0: Calculating KIAA1147 (8001) ...  
INFO  @ Wed, 22 Feb 2023 16:57:19: Thread 0: Calculating MAGOH (9001) ...  
INFO  @ Wed, 22 Feb 2023 16:57:24: Thread 0: Calculating NANOS3 (10001) ...  
INFO  @ Wed, 22 Feb 2023 16:57:28: Thread 0: Calculating PAXIP1 (11001) ...  
INFO  @ Wed, 22 Feb 2023 16:57:33: Thread 0: Calculating PRG4 (12001) ...  
INFO  @ Wed, 22 Feb 2023 16:57:38: Thread 0: Calculating RNF151 (13001) ...  
INFO  @ Wed, 22 Feb 2023 16:57:42: Thread 0: Calculating SLC25A11 (14001) ...  
INFO  @ Wed, 22 Feb 2023 16:57:47: Thread 0: Calculating SUMO4 (15001) ...  
INFO  @ Wed, 22 Feb 2023 16:57:51: Thread 0: Calculating TNKS2 (16001) ...  
INFO  @ Wed, 22 Feb 2023 16:57:56: Thread 0: Calculating WDHD1 (17001) ...  
INFO  @ Wed, 22 Feb 2023 16:58:00: Thread 0: Calculating ZYG11A (18001) ...  
INFO  @ Wed, 22 Feb 2023 16:58:00: Thread 0 completed. 
INFO  @ Wed, 22 Feb 2023 16:58:00: All threads completed. 
INFO  @ Wed, 22 Feb 2023 16:58:04: Permuting round 1 ... 
INFO  @ Wed, 22 Feb 2023 16:58:04: Thread 0 started. 
INFO  @ Wed, 22 Feb 2023 16:58:04: Thread 0: total 18006 instances. 
INFO  @ Wed, 22 Feb 2023 16:58:04: Thread 0: Calculating A1CF (1) ...  
INFO  @ Wed, 22 Feb 2023 16:58:09: Thread 0: Calculating ARNT2 (1001) ...  
INFO  @ Wed, 22 Feb 2023 16:58:13: Thread 0: Calculating C2orf44 (2001) ...  
INFO  @ Wed, 22 Feb 2023 16:58:18: Thread 0: Calculating CERS6 (3001) ...  
INFO  @ Wed, 22 Feb 2023 16:58:22: Thread 0: Calculating DBH (4001) ...  
INFO  @ Wed, 22 Feb 2023 16:58:27: Thread 0: Calculating ERCC6L2 (5001) ...  
INFO  @ Wed, 22 Feb 2023 16:58:31: Thread 0: Calculating GANC (6001) ...  
INFO  @ Wed, 22 Feb 2023 16:58:36: Thread 0: Calculating HMBS (7001) ...  
INFO  @ Wed, 22 Feb 2023 16:58:40: Thread 0: Calculating KIAA1147 (8001) ...  
INFO  @ Wed, 22 Feb 2023 16:58:45: Thread 0: Calculating MAGOH (9001) ...  
INFO  @ Wed, 22 Feb 2023 16:58:49: Thread 0: Calculating NANOS3 (10001) ...  
INFO  @ Wed, 22 Feb 2023 16:58:54: Thread 0: Calculating PAXIP1 (11001) ...  
INFO  @ Wed, 22 Feb 2023 16:58:58: Thread 0: Calculating PRG4 (12001) ...  
INFO  @ Wed, 22 Feb 2023 16:59:03: Thread 0: Calculating RNF151 (13001) ...  
INFO  @ Wed, 22 Feb 2023 16:59:08: Thread 0: Calculating SLC25A11 (14001) ...  
INFO  @ Wed, 22 Feb 2023 16:59:12: Thread 0: Calculating SUMO4 (15001) ...  
INFO  @ Wed, 22 Feb 2023 16:59:17: Thread 0: Calculating TNKS2 (16001) ...  
INFO  @ Wed, 22 Feb 2023 16:59:21: Thread 0: Calculating WDHD1 (17001) ...  
INFO  @ Wed, 22 Feb 2023 16:59:26: Thread 0: Calculating ZYG11A (18001) ...  
INFO  @ Wed, 22 Feb 2023 16:59:26: Thread 0 completed. 
INFO  @ Wed, 22 Feb 2023 16:59:26: All threads completed. 
INFO  @ Wed, 22 Feb 2023 16:59:29: Assigning p values... 
INFO  @ Wed, 22 Feb 2023 16:59:29: Permuting groups of gene with 10 sgRNAs per gene. Group progress: 10/22 
INFO  @ Wed, 22 Feb 2023 16:59:29: Start permuting 2 rounds ... 
INFO  @ Wed, 22 Feb 2023 16:59:30: Collecting 90025 sgRNAs from 18006 genes. 
INFO  @ Wed, 22 Feb 2023 16:59:31: Permuting round 0 ... 
INFO  @ Wed, 22 Feb 2023 16:59:31: Thread 0 started. 
INFO  @ Wed, 22 Feb 2023 16:59:31: Thread 0: total 18006 instances. 
INFO  @ Wed, 22 Feb 2023 16:59:31: Thread 0: Calculating A1CF (1) ...  
INFO  @ Wed, 22 Feb 2023 16:59:36: Thread 0: Calculating ARNT2 (1001) ...  
INFO  @ Wed, 22 Feb 2023 16:59:40: Thread 0: Calculating C2orf44 (2001) ...  
INFO  @ Wed, 22 Feb 2023 16:59:45: Thread 0: Calculating CERS6 (3001) ...  
INFO  @ Wed, 22 Feb 2023 16:59:50: Thread 0: Calculating DBH (4001) ...  
INFO  @ Wed, 22 Feb 2023 16:59:54: Thread 0: Calculating ERCC6L2 (5001) ...  
INFO  @ Wed, 22 Feb 2023 16:59:59: Thread 0: Calculating GANC (6001) ...  
INFO  @ Wed, 22 Feb 2023 17:00:04: Thread 0: Calculating HMBS (7001) ...  
INFO  @ Wed, 22 Feb 2023 17:00:08: Thread 0: Calculating KIAA1147 (8001) ...  
INFO  @ Wed, 22 Feb 2023 17:00:13: Thread 0: Calculating MAGOH (9001) ...  
INFO  @ Wed, 22 Feb 2023 17:00:18: Thread 0: Calculating NANOS3 (10001) ...  
INFO  @ Wed, 22 Feb 2023 17:00:22: Thread 0: Calculating PAXIP1 (11001) ...  
INFO  @ Wed, 22 Feb 2023 17:00:27: Thread 0: Calculating PRG4 (12001) ...  
INFO  @ Wed, 22 Feb 2023 17:00:32: Thread 0: Calculating RNF151 (13001) ...  
INFO  @ Wed, 22 Feb 2023 17:00:36: Thread 0: Calculating SLC25A11 (14001) ...  
INFO  @ Wed, 22 Feb 2023 17:00:41: Thread 0: Calculating SUMO4 (15001) ...  
INFO  @ Wed, 22 Feb 2023 17:00:45: Thread 0: Calculating TNKS2 (16001) ...  
INFO  @ Wed, 22 Feb 2023 17:00:50: Thread 0: Calculating WDHD1 (17001) ...  
INFO  @ Wed, 22 Feb 2023 17:00:55: Thread 0: Calculating ZYG11A (18001) ...  
INFO  @ Wed, 22 Feb 2023 17:00:55: Thread 0 completed. 
INFO  @ Wed, 22 Feb 2023 17:00:55: All threads completed. 
INFO  @ Wed, 22 Feb 2023 17:00:58: Permuting round 1 ... 
INFO  @ Wed, 22 Feb 2023 17:00:58: Thread 0 started. 
INFO  @ Wed, 22 Feb 2023 17:00:58: Thread 0: total 18006 instances. 
INFO  @ Wed, 22 Feb 2023 17:00:58: Thread 0: Calculating A1CF (1) ...  
INFO  @ Wed, 22 Feb 2023 17:01:03: Thread 0: Calculating ARNT2 (1001) ...  
INFO  @ Wed, 22 Feb 2023 17:01:08: Thread 0: Calculating C2orf44 (2001) ...  
INFO  @ Wed, 22 Feb 2023 17:01:12: Thread 0: Calculating CERS6 (3001) ...  
INFO  @ Wed, 22 Feb 2023 17:01:17: Thread 0: Calculating DBH (4001) ...  
INFO  @ Wed, 22 Feb 2023 17:01:22: Thread 0: Calculating ERCC6L2 (5001) ...  
INFO  @ Wed, 22 Feb 2023 17:01:26: Thread 0: Calculating GANC (6001) ...  
INFO  @ Wed, 22 Feb 2023 17:01:31: Thread 0: Calculating HMBS (7001) ...  
INFO  @ Wed, 22 Feb 2023 17:01:36: Thread 0: Calculating KIAA1147 (8001) ...  
INFO  @ Wed, 22 Feb 2023 17:01:40: Thread 0: Calculating MAGOH (9001) ...  
INFO  @ Wed, 22 Feb 2023 17:01:45: Thread 0: Calculating NANOS3 (10001) ...  
INFO  @ Wed, 22 Feb 2023 17:01:50: Thread 0: Calculating PAXIP1 (11001) ...  
INFO  @ Wed, 22 Feb 2023 17:01:54: Thread 0: Calculating PRG4 (12001) ...  
INFO  @ Wed, 22 Feb 2023 17:01:59: Thread 0: Calculating RNF151 (13001) ...  
INFO  @ Wed, 22 Feb 2023 17:02:04: Thread 0: Calculating SLC25A11 (14001) ...  
INFO  @ Wed, 22 Feb 2023 17:02:08: Thread 0: Calculating SUMO4 (15001) ...  
INFO  @ Wed, 22 Feb 2023 17:02:13: Thread 0: Calculating TNKS2 (16001) ...  
INFO  @ Wed, 22 Feb 2023 17:02:18: Thread 0: Calculating WDHD1 (17001) ...  
INFO  @ Wed, 22 Feb 2023 17:02:22: Thread 0: Calculating ZYG11A (18001) ...  
INFO  @ Wed, 22 Feb 2023 17:02:22: Thread 0 completed. 
INFO  @ Wed, 22 Feb 2023 17:02:22: All threads completed. 
INFO  @ Wed, 22 Feb 2023 17:02:26: Assigning p values... 
INFO  @ Wed, 22 Feb 2023 17:02:26: Permuting groups of gene with 11 sgRNAs per gene. Group progress: 11/22 
INFO  @ Wed, 22 Feb 2023 17:02:26: Start permuting 2 rounds ... 
INFO  @ Wed, 22 Feb 2023 17:02:26: Collecting 90025 sgRNAs from 18006 genes. 
INFO  @ Wed, 22 Feb 2023 17:02:27: Permuting round 0 ... 
INFO  @ Wed, 22 Feb 2023 17:02:28: Thread 0 started. 
INFO  @ Wed, 22 Feb 2023 17:02:28: Thread 0: total 18006 instances. 
INFO  @ Wed, 22 Feb 2023 17:02:28: Thread 0: Calculating A1CF (1) ...  
INFO  @ Wed, 22 Feb 2023 17:02:33: Thread 0: Calculating ARNT2 (1001) ...  
INFO  @ Wed, 22 Feb 2023 17:02:37: Thread 0: Calculating C2orf44 (2001) ...  
INFO  @ Wed, 22 Feb 2023 17:02:42: Thread 0: Calculating CERS6 (3001) ...  
INFO  @ Wed, 22 Feb 2023 17:02:47: Thread 0: Calculating DBH (4001) ...  
INFO  @ Wed, 22 Feb 2023 17:02:52: Thread 0: Calculating ERCC6L2 (5001) ...  
INFO  @ Wed, 22 Feb 2023 17:02:56: Thread 0: Calculating GANC (6001) ...  
INFO  @ Wed, 22 Feb 2023 17:03:01: Thread 0: Calculating HMBS (7001) ...  
INFO  @ Wed, 22 Feb 2023 17:03:06: Thread 0: Calculating KIAA1147 (8001) ...  
INFO  @ Wed, 22 Feb 2023 17:03:11: Thread 0: Calculating MAGOH (9001) ...  
INFO  @ Wed, 22 Feb 2023 17:03:15: Thread 0: Calculating NANOS3 (10001) ...  
INFO  @ Wed, 22 Feb 2023 17:03:20: Thread 0: Calculating PAXIP1 (11001) ...  
INFO  @ Wed, 22 Feb 2023 17:03:25: Thread 0: Calculating PRG4 (12001) ...  
INFO  @ Wed, 22 Feb 2023 17:03:30: Thread 0: Calculating RNF151 (13001) ...  
INFO  @ Wed, 22 Feb 2023 17:03:34: Thread 0: Calculating SLC25A11 (14001) ...  
INFO  @ Wed, 22 Feb 2023 17:03:39: Thread 0: Calculating SUMO4 (15001) ...  
INFO  @ Wed, 22 Feb 2023 17:03:44: Thread 0: Calculating TNKS2 (16001) ...  
INFO  @ Wed, 22 Feb 2023 17:03:49: Thread 0: Calculating WDHD1 (17001) ...  
INFO  @ Wed, 22 Feb 2023 17:03:53: Thread 0: Calculating ZYG11A (18001) ...  
INFO  @ Wed, 22 Feb 2023 17:03:53: Thread 0 completed. 
INFO  @ Wed, 22 Feb 2023 17:03:53: All threads completed. 
INFO  @ Wed, 22 Feb 2023 17:03:57: Permuting round 1 ... 
INFO  @ Wed, 22 Feb 2023 17:03:57: Thread 0 started. 
INFO  @ Wed, 22 Feb 2023 17:03:57: Thread 0: total 18006 instances. 
INFO  @ Wed, 22 Feb 2023 17:03:57: Thread 0: Calculating A1CF (1) ...  
INFO  @ Wed, 22 Feb 2023 17:04:02: Thread 0: Calculating ARNT2 (1001) ...  
INFO  @ Wed, 22 Feb 2023 17:04:07: Thread 0: Calculating C2orf44 (2001) ...  
INFO  @ Wed, 22 Feb 2023 17:04:11: Thread 0: Calculating CERS6 (3001) ...  
INFO  @ Wed, 22 Feb 2023 17:04:16: Thread 0: Calculating DBH (4001) ...  
INFO  @ Wed, 22 Feb 2023 17:04:21: Thread 0: Calculating ERCC6L2 (5001) ...  
INFO  @ Wed, 22 Feb 2023 17:04:26: Thread 0: Calculating GANC (6001) ...  
INFO  @ Wed, 22 Feb 2023 17:04:30: Thread 0: Calculating HMBS (7001) ...  
INFO  @ Wed, 22 Feb 2023 17:04:36: Thread 0: Calculating KIAA1147 (8001) ...  
INFO  @ Wed, 22 Feb 2023 17:04:40: Thread 0: Calculating MAGOH (9001) ...  
INFO  @ Wed, 22 Feb 2023 17:04:45: Thread 0: Calculating NANOS3 (10001) ...  
INFO  @ Wed, 22 Feb 2023 17:04:50: Thread 0: Calculating PAXIP1 (11001) ...  
INFO  @ Wed, 22 Feb 2023 17:04:55: Thread 0: Calculating PRG4 (12001) ...  
INFO  @ Wed, 22 Feb 2023 17:04:59: Thread 0: Calculating RNF151 (13001) ...  
INFO  @ Wed, 22 Feb 2023 17:05:04: Thread 0: Calculating SLC25A11 (14001) ...  
INFO  @ Wed, 22 Feb 2023 17:05:09: Thread 0: Calculating SUMO4 (15001) ...  
INFO  @ Wed, 22 Feb 2023 17:05:14: Thread 0: Calculating TNKS2 (16001) ...  
INFO  @ Wed, 22 Feb 2023 17:05:18: Thread 0: Calculating WDHD1 (17001) ...  
INFO  @ Wed, 22 Feb 2023 17:05:23: Thread 0: Calculating ZYG11A (18001) ...  
INFO  @ Wed, 22 Feb 2023 17:05:23: Thread 0 completed. 
INFO  @ Wed, 22 Feb 2023 17:05:23: All threads completed. 
INFO  @ Wed, 22 Feb 2023 17:05:26: Assigning p values... 
INFO  @ Wed, 22 Feb 2023 17:05:27: Permuting groups of gene with 12 sgRNAs per gene. Group progress: 12/22 
INFO  @ Wed, 22 Feb 2023 17:05:27: Start permuting 2 rounds ... 
INFO  @ Wed, 22 Feb 2023 17:05:27: Collecting 90025 sgRNAs from 18006 genes. 
INFO  @ Wed, 22 Feb 2023 17:05:28: Permuting round 0 ... 
INFO  @ Wed, 22 Feb 2023 17:05:29: Thread 0 started. 
INFO  @ Wed, 22 Feb 2023 17:05:29: Thread 0: total 18006 instances. 
INFO  @ Wed, 22 Feb 2023 17:05:29: Thread 0: Calculating A1CF (1) ...  
INFO  @ Wed, 22 Feb 2023 17:05:34: Thread 0: Calculating ARNT2 (1001) ...  
INFO  @ Wed, 22 Feb 2023 17:05:38: Thread 0: Calculating C2orf44 (2001) ...  
INFO  @ Wed, 22 Feb 2023 17:05:43: Thread 0: Calculating CERS6 (3001) ...  
INFO  @ Wed, 22 Feb 2023 17:05:48: Thread 0: Calculating DBH (4001) ...  
INFO  @ Wed, 22 Feb 2023 17:05:53: Thread 0: Calculating ERCC6L2 (5001) ...  
INFO  @ Wed, 22 Feb 2023 17:05:58: Thread 0: Calculating GANC (6001) ...  
INFO  @ Wed, 22 Feb 2023 17:06:03: Thread 0: Calculating HMBS (7001) ...  
INFO  @ Wed, 22 Feb 2023 17:06:08: Thread 0: Calculating KIAA1147 (8001) ...  
INFO  @ Wed, 22 Feb 2023 17:06:13: Thread 0: Calculating MAGOH (9001) ...  
INFO  @ Wed, 22 Feb 2023 17:06:17: Thread 0: Calculating NANOS3 (10001) ...  
INFO  @ Wed, 22 Feb 2023 17:06:22: Thread 0: Calculating PAXIP1 (11001) ...  
INFO  @ Wed, 22 Feb 2023 17:06:27: Thread 0: Calculating PRG4 (12001) ...  
INFO  @ Wed, 22 Feb 2023 17:06:32: Thread 0: Calculating RNF151 (13001) ...  
INFO  @ Wed, 22 Feb 2023 17:06:37: Thread 0: Calculating SLC25A11 (14001) ...  
INFO  @ Wed, 22 Feb 2023 17:06:42: Thread 0: Calculating SUMO4 (15001) ...  
INFO  @ Wed, 22 Feb 2023 17:06:47: Thread 0: Calculating TNKS2 (16001) ...  
INFO  @ Wed, 22 Feb 2023 17:06:52: Thread 0: Calculating WDHD1 (17001) ...  
INFO  @ Wed, 22 Feb 2023 17:06:57: Thread 0: Calculating ZYG11A (18001) ...  
INFO  @ Wed, 22 Feb 2023 17:06:57: Thread 0 completed. 
INFO  @ Wed, 22 Feb 2023 17:06:57: All threads completed. 
INFO  @ Wed, 22 Feb 2023 17:07:00: Permuting round 1 ... 
INFO  @ Wed, 22 Feb 2023 17:07:00: Thread 0 started. 
INFO  @ Wed, 22 Feb 2023 17:07:00: Thread 0: total 18006 instances. 
INFO  @ Wed, 22 Feb 2023 17:07:00: Thread 0: Calculating A1CF (1) ...  
INFO  @ Wed, 22 Feb 2023 17:07:05: Thread 0: Calculating ARNT2 (1001) ...  
INFO  @ Wed, 22 Feb 2023 17:07:10: Thread 0: Calculating C2orf44 (2001) ...  
INFO  @ Wed, 22 Feb 2023 17:07:15: Thread 0: Calculating CERS6 (3001) ...  
INFO  @ Wed, 22 Feb 2023 17:07:20: Thread 0: Calculating DBH (4001) ...  
INFO  @ Wed, 22 Feb 2023 17:07:25: Thread 0: Calculating ERCC6L2 (5001) ...  
INFO  @ Wed, 22 Feb 2023 17:07:30: Thread 0: Calculating GANC (6001) ...  
INFO  @ Wed, 22 Feb 2023 17:07:35: Thread 0: Calculating HMBS (7001) ...  
INFO  @ Wed, 22 Feb 2023 17:07:40: Thread 0: Calculating KIAA1147 (8001) ...  
INFO  @ Wed, 22 Feb 2023 17:07:45: Thread 0: Calculating MAGOH (9001) ...  
INFO  @ Wed, 22 Feb 2023 17:07:49: Thread 0: Calculating NANOS3 (10001) ...  
INFO  @ Wed, 22 Feb 2023 17:07:54: Thread 0: Calculating PAXIP1 (11001) ...  
INFO  @ Wed, 22 Feb 2023 17:07:59: Thread 0: Calculating PRG4 (12001) ...  
INFO  @ Wed, 22 Feb 2023 17:08:04: Thread 0: Calculating RNF151 (13001) ...  
INFO  @ Wed, 22 Feb 2023 17:08:10: Thread 0: Calculating SLC25A11 (14001) ...  
INFO  @ Wed, 22 Feb 2023 17:08:14: Thread 0: Calculating SUMO4 (15001) ...  
INFO  @ Wed, 22 Feb 2023 17:08:19: Thread 0: Calculating TNKS2 (16001) ...  
INFO  @ Wed, 22 Feb 2023 17:08:24: Thread 0: Calculating WDHD1 (17001) ...  
INFO  @ Wed, 22 Feb 2023 17:08:29: Thread 0: Calculating ZYG11A (18001) ...  
INFO  @ Wed, 22 Feb 2023 17:08:29: Thread 0 completed. 
INFO  @ Wed, 22 Feb 2023 17:08:29: All threads completed. 
INFO  @ Wed, 22 Feb 2023 17:08:33: Assigning p values... 
INFO  @ Wed, 22 Feb 2023 17:08:33: Permuting groups of gene with 13 sgRNAs per gene. Group progress: 13/22 
INFO  @ Wed, 22 Feb 2023 17:08:33: Start permuting 2 rounds ... 
INFO  @ Wed, 22 Feb 2023 17:08:33: Collecting 90025 sgRNAs from 18006 genes. 
INFO  @ Wed, 22 Feb 2023 17:08:34: Permuting round 0 ... 
INFO  @ Wed, 22 Feb 2023 17:08:35: Thread 0 started. 
INFO  @ Wed, 22 Feb 2023 17:08:35: Thread 0: total 18006 instances. 
INFO  @ Wed, 22 Feb 2023 17:08:35: Thread 0: Calculating A1CF (1) ...  
INFO  @ Wed, 22 Feb 2023 17:08:40: Thread 0: Calculating ARNT2 (1001) ...  
INFO  @ Wed, 22 Feb 2023 17:08:45: Thread 0: Calculating C2orf44 (2001) ...  
INFO  @ Wed, 22 Feb 2023 17:08:50: Thread 0: Calculating CERS6 (3001) ...  
INFO  @ Wed, 22 Feb 2023 17:08:55: Thread 0: Calculating DBH (4001) ...  
INFO  @ Wed, 22 Feb 2023 17:09:00: Thread 0: Calculating ERCC6L2 (5001) ...  
INFO  @ Wed, 22 Feb 2023 17:09:05: Thread 0: Calculating GANC (6001) ...  
INFO  @ Wed, 22 Feb 2023 17:09:10: Thread 0: Calculating HMBS (7001) ...  
INFO  @ Wed, 22 Feb 2023 17:09:15: Thread 0: Calculating KIAA1147 (8001) ...  
INFO  @ Wed, 22 Feb 2023 17:09:20: Thread 0: Calculating MAGOH (9001) ...  
INFO  @ Wed, 22 Feb 2023 17:09:25: Thread 0: Calculating NANOS3 (10001) ...  
INFO  @ Wed, 22 Feb 2023 17:09:30: Thread 0: Calculating PAXIP1 (11001) ...  
INFO  @ Wed, 22 Feb 2023 17:09:35: Thread 0: Calculating PRG4 (12001) ...  
INFO  @ Wed, 22 Feb 2023 17:09:40: Thread 0: Calculating RNF151 (13001) ...  
INFO  @ Wed, 22 Feb 2023 17:09:45: Thread 0: Calculating SLC25A11 (14001) ...  
INFO  @ Wed, 22 Feb 2023 17:09:50: Thread 0: Calculating SUMO4 (15001) ...  
INFO  @ Wed, 22 Feb 2023 17:09:55: Thread 0: Calculating TNKS2 (16001) ...  
INFO  @ Wed, 22 Feb 2023 17:10:00: Thread 0: Calculating WDHD1 (17001) ...  
INFO  @ Wed, 22 Feb 2023 17:10:05: Thread 0: Calculating ZYG11A (18001) ...  
INFO  @ Wed, 22 Feb 2023 17:10:05: Thread 0 completed. 
INFO  @ Wed, 22 Feb 2023 17:10:05: All threads completed. 
INFO  @ Wed, 22 Feb 2023 17:10:09: Permuting round 1 ... 
INFO  @ Wed, 22 Feb 2023 17:10:09: Thread 0 started. 
INFO  @ Wed, 22 Feb 2023 17:10:09: Thread 0: total 18006 instances. 
INFO  @ Wed, 22 Feb 2023 17:10:09: Thread 0: Calculating A1CF (1) ...  
INFO  @ Wed, 22 Feb 2023 17:10:14: Thread 0: Calculating ARNT2 (1001) ...  
INFO  @ Wed, 22 Feb 2023 17:10:19: Thread 0: Calculating C2orf44 (2001) ...  
INFO  @ Wed, 22 Feb 2023 17:10:25: Thread 0: Calculating CERS6 (3001) ...  
INFO  @ Wed, 22 Feb 2023 17:10:30: Thread 0: Calculating DBH (4001) ...  
INFO  @ Wed, 22 Feb 2023 17:10:35: Thread 0: Calculating ERCC6L2 (5001) ...  
INFO  @ Wed, 22 Feb 2023 17:10:40: Thread 0: Calculating GANC (6001) ...  
INFO  @ Wed, 22 Feb 2023 17:10:45: Thread 0: Calculating HMBS (7001) ...  
INFO  @ Wed, 22 Feb 2023 17:10:50: Thread 0: Calculating KIAA1147 (8001) ...  
INFO  @ Wed, 22 Feb 2023 17:10:55: Thread 0: Calculating MAGOH (9001) ...  
INFO  @ Wed, 22 Feb 2023 17:11:00: Thread 0: Calculating NANOS3 (10001) ...  
INFO  @ Wed, 22 Feb 2023 17:11:05: Thread 0: Calculating PAXIP1 (11001) ...  
INFO  @ Wed, 22 Feb 2023 17:11:11: Thread 0: Calculating PRG4 (12001) ...  
INFO  @ Wed, 22 Feb 2023 17:11:16: Thread 0: Calculating RNF151 (13001) ...  
INFO  @ Wed, 22 Feb 2023 17:11:21: Thread 0: Calculating SLC25A11 (14001) ...  
INFO  @ Wed, 22 Feb 2023 17:11:26: Thread 0: Calculating SUMO4 (15001) ...  
INFO  @ Wed, 22 Feb 2023 17:11:31: Thread 0: Calculating TNKS2 (16001) ...  
INFO  @ Wed, 22 Feb 2023 17:11:36: Thread 0: Calculating WDHD1 (17001) ...  
INFO  @ Wed, 22 Feb 2023 17:11:41: Thread 0: Calculating ZYG11A (18001) ...  
INFO  @ Wed, 22 Feb 2023 17:11:41: Thread 0 completed. 
INFO  @ Wed, 22 Feb 2023 17:11:41: All threads completed. 
INFO  @ Wed, 22 Feb 2023 17:11:44: Assigning p values... 
INFO  @ Wed, 22 Feb 2023 17:11:45: Permuting groups of gene with 14 sgRNAs per gene. Group progress: 14/22 
INFO  @ Wed, 22 Feb 2023 17:11:45: Start permuting 2 rounds ... 
INFO  @ Wed, 22 Feb 2023 17:11:45: Collecting 90025 sgRNAs from 18006 genes. 
INFO  @ Wed, 22 Feb 2023 17:11:46: Permuting round 0 ... 
INFO  @ Wed, 22 Feb 2023 17:11:47: Thread 0 started. 
INFO  @ Wed, 22 Feb 2023 17:11:47: Thread 0: total 18006 instances. 
INFO  @ Wed, 22 Feb 2023 17:11:47: Thread 0: Calculating A1CF (1) ...  
INFO  @ Wed, 22 Feb 2023 17:11:52: Thread 0: Calculating ARNT2 (1001) ...  
INFO  @ Wed, 22 Feb 2023 17:11:57: Thread 0: Calculating C2orf44 (2001) ...  
INFO  @ Wed, 22 Feb 2023 17:12:02: Thread 0: Calculating CERS6 (3001) ...  
INFO  @ Wed, 22 Feb 2023 17:12:07: Thread 0: Calculating DBH (4001) ...  
INFO  @ Wed, 22 Feb 2023 17:12:13: Thread 0: Calculating ERCC6L2 (5001) ...  
INFO  @ Wed, 22 Feb 2023 17:12:18: Thread 0: Calculating GANC (6001) ...  
INFO  @ Wed, 22 Feb 2023 17:12:23: Thread 0: Calculating HMBS (7001) ...  
INFO  @ Wed, 22 Feb 2023 17:12:28: Thread 0: Calculating KIAA1147 (8001) ...  
INFO  @ Wed, 22 Feb 2023 17:12:33: Thread 0: Calculating MAGOH (9001) ...  
INFO  @ Wed, 22 Feb 2023 17:12:39: Thread 0: Calculating NANOS3 (10001) ...  
INFO  @ Wed, 22 Feb 2023 17:12:44: Thread 0: Calculating PAXIP1 (11001) ...  
INFO  @ Wed, 22 Feb 2023 17:12:49: Thread 0: Calculating PRG4 (12001) ...  
INFO  @ Wed, 22 Feb 2023 17:12:54: Thread 0: Calculating RNF151 (13001) ...  
INFO  @ Wed, 22 Feb 2023 17:13:00: Thread 0: Calculating SLC25A11 (14001) ...  
INFO  @ Wed, 22 Feb 2023 17:13:05: Thread 0: Calculating SUMO4 (15001) ...  
INFO  @ Wed, 22 Feb 2023 17:13:10: Thread 0: Calculating TNKS2 (16001) ...  
INFO  @ Wed, 22 Feb 2023 17:13:15: Thread 0: Calculating WDHD1 (17001) ...  
INFO  @ Wed, 22 Feb 2023 17:13:20: Thread 0: Calculating ZYG11A (18001) ...  
INFO  @ Wed, 22 Feb 2023 17:13:20: Thread 0 completed. 
INFO  @ Wed, 22 Feb 2023 17:13:20: All threads completed. 
INFO  @ Wed, 22 Feb 2023 17:13:24: Permuting round 1 ... 
INFO  @ Wed, 22 Feb 2023 17:13:24: Thread 0 started. 
INFO  @ Wed, 22 Feb 2023 17:13:24: Thread 0: total 18006 instances. 
INFO  @ Wed, 22 Feb 2023 17:13:24: Thread 0: Calculating A1CF (1) ...  
INFO  @ Wed, 22 Feb 2023 17:13:30: Thread 0: Calculating ARNT2 (1001) ...  
INFO  @ Wed, 22 Feb 2023 17:13:35: Thread 0: Calculating C2orf44 (2001) ...  
INFO  @ Wed, 22 Feb 2023 17:13:40: Thread 0: Calculating CERS6 (3001) ...  
INFO  @ Wed, 22 Feb 2023 17:13:45: Thread 0: Calculating DBH (4001) ...  
INFO  @ Wed, 22 Feb 2023 17:13:50: Thread 0: Calculating ERCC6L2 (5001) ...  
INFO  @ Wed, 22 Feb 2023 17:13:56: Thread 0: Calculating GANC (6001) ...  
INFO  @ Wed, 22 Feb 2023 17:14:01: Thread 0: Calculating HMBS (7001) ...  
INFO  @ Wed, 22 Feb 2023 17:14:06: Thread 0: Calculating KIAA1147 (8001) ...  
INFO  @ Wed, 22 Feb 2023 17:14:12: Thread 0: Calculating MAGOH (9001) ...  
INFO  @ Wed, 22 Feb 2023 17:14:17: Thread 0: Calculating NANOS3 (10001) ...  
INFO  @ Wed, 22 Feb 2023 17:14:22: Thread 0: Calculating PAXIP1 (11001) ...  
INFO  @ Wed, 22 Feb 2023 17:14:27: Thread 0: Calculating PRG4 (12001) ...  
INFO  @ Wed, 22 Feb 2023 17:14:33: Thread 0: Calculating RNF151 (13001) ...  
INFO  @ Wed, 22 Feb 2023 17:14:38: Thread 0: Calculating SLC25A11 (14001) ...  
INFO  @ Wed, 22 Feb 2023 17:14:43: Thread 0: Calculating SUMO4 (15001) ...  
INFO  @ Wed, 22 Feb 2023 17:14:48: Thread 0: Calculating TNKS2 (16001) ...  
INFO  @ Wed, 22 Feb 2023 17:14:53: Thread 0: Calculating WDHD1 (17001) ...  
INFO  @ Wed, 22 Feb 2023 17:14:59: Thread 0: Calculating ZYG11A (18001) ...  
INFO  @ Wed, 22 Feb 2023 17:14:59: Thread 0 completed. 
INFO  @ Wed, 22 Feb 2023 17:14:59: All threads completed. 
INFO  @ Wed, 22 Feb 2023 17:15:02: Assigning p values... 
INFO  @ Wed, 22 Feb 2023 17:15:02: Permuting groups of gene with 15 sgRNAs per gene. Group progress: 15/22 
INFO  @ Wed, 22 Feb 2023 17:15:02: Start permuting 2 rounds ... 
INFO  @ Wed, 22 Feb 2023 17:15:03: Collecting 90025 sgRNAs from 18006 genes. 
INFO  @ Wed, 22 Feb 2023 17:15:04: Permuting round 0 ... 
INFO  @ Wed, 22 Feb 2023 17:15:04: Thread 0 started. 
INFO  @ Wed, 22 Feb 2023 17:15:04: Thread 0: total 18006 instances. 
INFO  @ Wed, 22 Feb 2023 17:15:04: Thread 0: Calculating A1CF (1) ...  
INFO  @ Wed, 22 Feb 2023 17:15:10: Thread 0: Calculating ARNT2 (1001) ...  
INFO  @ Wed, 22 Feb 2023 17:15:15: Thread 0: Calculating C2orf44 (2001) ...  
INFO  @ Wed, 22 Feb 2023 17:15:21: Thread 0: Calculating CERS6 (3001) ...  
INFO  @ Wed, 22 Feb 2023 17:15:26: Thread 0: Calculating DBH (4001) ...  
INFO  @ Wed, 22 Feb 2023 17:15:31: Thread 0: Calculating ERCC6L2 (5001) ...  
INFO  @ Wed, 22 Feb 2023 17:15:37: Thread 0: Calculating GANC (6001) ...  
INFO  @ Wed, 22 Feb 2023 17:15:42: Thread 0: Calculating HMBS (7001) ...  
INFO  @ Wed, 22 Feb 2023 17:15:47: Thread 0: Calculating KIAA1147 (8001) ...  
INFO  @ Wed, 22 Feb 2023 17:15:53: Thread 0: Calculating MAGOH (9001) ...  
INFO  @ Wed, 22 Feb 2023 17:15:58: Thread 0: Calculating NANOS3 (10001) ...  
INFO  @ Wed, 22 Feb 2023 17:16:03: Thread 0: Calculating PAXIP1 (11001) ...  
INFO  @ Wed, 22 Feb 2023 17:16:09: Thread 0: Calculating PRG4 (12001) ...  
INFO  @ Wed, 22 Feb 2023 17:16:14: Thread 0: Calculating RNF151 (13001) ...  
INFO  @ Wed, 22 Feb 2023 17:16:19: Thread 0: Calculating SLC25A11 (14001) ...  
INFO  @ Wed, 22 Feb 2023 17:16:24: Thread 0: Calculating SUMO4 (15001) ...  
INFO  @ Wed, 22 Feb 2023 17:16:30: Thread 0: Calculating TNKS2 (16001) ...  
INFO  @ Wed, 22 Feb 2023 17:16:35: Thread 0: Calculating WDHD1 (17001) ...  
INFO  @ Wed, 22 Feb 2023 17:16:41: Thread 0: Calculating ZYG11A (18001) ...  
INFO  @ Wed, 22 Feb 2023 17:16:41: Thread 0 completed. 
INFO  @ Wed, 22 Feb 2023 17:16:41: All threads completed. 
INFO  @ Wed, 22 Feb 2023 17:16:44: Permuting round 1 ... 
INFO  @ Wed, 22 Feb 2023 17:16:45: Thread 0 started. 
INFO  @ Wed, 22 Feb 2023 17:16:45: Thread 0: total 18006 instances. 
INFO  @ Wed, 22 Feb 2023 17:16:45: Thread 0: Calculating A1CF (1) ...  
INFO  @ Wed, 22 Feb 2023 17:16:50: Thread 0: Calculating ARNT2 (1001) ...  
INFO  @ Wed, 22 Feb 2023 17:16:55: Thread 0: Calculating C2orf44 (2001) ...  
INFO  @ Wed, 22 Feb 2023 17:17:01: Thread 0: Calculating CERS6 (3001) ...  
INFO  @ Wed, 22 Feb 2023 17:17:06: Thread 0: Calculating DBH (4001) ...  
INFO  @ Wed, 22 Feb 2023 17:17:11: Thread 0: Calculating ERCC6L2 (5001) ...  
INFO  @ Wed, 22 Feb 2023 17:17:17: Thread 0: Calculating GANC (6001) ...  
INFO  @ Wed, 22 Feb 2023 17:17:22: Thread 0: Calculating HMBS (7001) ...  
INFO  @ Wed, 22 Feb 2023 17:17:28: Thread 0: Calculating KIAA1147 (8001) ...  
INFO  @ Wed, 22 Feb 2023 17:17:33: Thread 0: Calculating MAGOH (9001) ...  
INFO  @ Wed, 22 Feb 2023 17:17:38: Thread 0: Calculating NANOS3 (10001) ...  
INFO  @ Wed, 22 Feb 2023 17:17:44: Thread 0: Calculating PAXIP1 (11001) ...  
INFO  @ Wed, 22 Feb 2023 17:17:50: Thread 0: Calculating PRG4 (12001) ...  
INFO  @ Wed, 22 Feb 2023 17:17:55: Thread 0: Calculating RNF151 (13001) ...  
INFO  @ Wed, 22 Feb 2023 17:18:00: Thread 0: Calculating SLC25A11 (14001) ...  
INFO  @ Wed, 22 Feb 2023 17:18:06: Thread 0: Calculating SUMO4 (15001) ...  
INFO  @ Wed, 22 Feb 2023 17:18:11: Thread 0: Calculating TNKS2 (16001) ...  
INFO  @ Wed, 22 Feb 2023 17:18:16: Thread 0: Calculating WDHD1 (17001) ...  
INFO  @ Wed, 22 Feb 2023 17:18:22: Thread 0: Calculating ZYG11A (18001) ...  
INFO  @ Wed, 22 Feb 2023 17:18:22: Thread 0 completed. 
INFO  @ Wed, 22 Feb 2023 17:18:22: All threads completed. 
INFO  @ Wed, 22 Feb 2023 17:18:26: Assigning p values... 
INFO  @ Wed, 22 Feb 2023 17:18:26: Permuting groups of gene with 16 sgRNAs per gene. Group progress: 16/22 
INFO  @ Wed, 22 Feb 2023 17:18:26: Start permuting 2 rounds ... 
INFO  @ Wed, 22 Feb 2023 17:18:26: Collecting 90025 sgRNAs from 18006 genes. 
INFO  @ Wed, 22 Feb 2023 17:18:27: Permuting round 0 ... 
INFO  @ Wed, 22 Feb 2023 17:18:28: Thread 0 started. 
INFO  @ Wed, 22 Feb 2023 17:18:28: Thread 0: total 18006 instances. 
INFO  @ Wed, 22 Feb 2023 17:18:28: Thread 0: Calculating A1CF (1) ...  
INFO  @ Wed, 22 Feb 2023 17:18:34: Thread 0: Calculating ARNT2 (1001) ...  
INFO  @ Wed, 22 Feb 2023 17:18:39: Thread 0: Calculating C2orf44 (2001) ...  
INFO  @ Wed, 22 Feb 2023 17:18:45: Thread 0: Calculating CERS6 (3001) ...  
INFO  @ Wed, 22 Feb 2023 17:18:50: Thread 0: Calculating DBH (4001) ...  
INFO  @ Wed, 22 Feb 2023 17:18:56: Thread 0: Calculating ERCC6L2 (5001) ...  
INFO  @ Wed, 22 Feb 2023 17:19:01: Thread 0: Calculating GANC (6001) ...  
INFO  @ Wed, 22 Feb 2023 17:19:07: Thread 0: Calculating HMBS (7001) ...  
INFO  @ Wed, 22 Feb 2023 17:19:12: Thread 0: Calculating KIAA1147 (8001) ...  
INFO  @ Wed, 22 Feb 2023 17:19:18: Thread 0: Calculating MAGOH (9001) ...  
INFO  @ Wed, 22 Feb 2023 17:19:23: Thread 0: Calculating NANOS3 (10001) ...  
INFO  @ Wed, 22 Feb 2023 17:19:29: Thread 0: Calculating PAXIP1 (11001) ...  
INFO  @ Wed, 22 Feb 2023 17:19:34: Thread 0: Calculating PRG4 (12001) ...  
INFO  @ Wed, 22 Feb 2023 17:19:40: Thread 0: Calculating RNF151 (13001) ...  
INFO  @ Wed, 22 Feb 2023 17:19:45: Thread 0: Calculating SLC25A11 (14001) ...  
INFO  @ Wed, 22 Feb 2023 17:19:51: Thread 0: Calculating SUMO4 (15001) ...  
INFO  @ Wed, 22 Feb 2023 17:19:56: Thread 0: Calculating TNKS2 (16001) ...  
INFO  @ Wed, 22 Feb 2023 17:20:02: Thread 0: Calculating WDHD1 (17001) ...  
INFO  @ Wed, 22 Feb 2023 17:20:07: Thread 0: Calculating ZYG11A (18001) ...  
INFO  @ Wed, 22 Feb 2023 17:20:08: Thread 0 completed. 
INFO  @ Wed, 22 Feb 2023 17:20:08: All threads completed. 
INFO  @ Wed, 22 Feb 2023 17:20:11: Permuting round 1 ... 
INFO  @ Wed, 22 Feb 2023 17:20:12: Thread 0 started. 
INFO  @ Wed, 22 Feb 2023 17:20:12: Thread 0: total 18006 instances. 
INFO  @ Wed, 22 Feb 2023 17:20:12: Thread 0: Calculating A1CF (1) ...  
INFO  @ Wed, 22 Feb 2023 17:20:17: Thread 0: Calculating ARNT2 (1001) ...  
INFO  @ Wed, 22 Feb 2023 17:20:23: Thread 0: Calculating C2orf44 (2001) ...  
INFO  @ Wed, 22 Feb 2023 17:20:28: Thread 0: Calculating CERS6 (3001) ...  
INFO  @ Wed, 22 Feb 2023 17:20:33: Thread 0: Calculating DBH (4001) ...  
INFO  @ Wed, 22 Feb 2023 17:20:39: Thread 0: Calculating ERCC6L2 (5001) ...  
INFO  @ Wed, 22 Feb 2023 17:20:44: Thread 0: Calculating GANC (6001) ...  
INFO  @ Wed, 22 Feb 2023 17:20:50: Thread 0: Calculating HMBS (7001) ...  
INFO  @ Wed, 22 Feb 2023 17:20:55: Thread 0: Calculating KIAA1147 (8001) ...  
INFO  @ Wed, 22 Feb 2023 17:21:00: Thread 0: Calculating MAGOH (9001) ...  
INFO  @ Wed, 22 Feb 2023 17:21:06: Thread 0: Calculating NANOS3 (10001) ...  
INFO  @ Wed, 22 Feb 2023 17:21:11: Thread 0: Calculating PAXIP1 (11001) ...  
INFO  @ Wed, 22 Feb 2023 17:21:17: Thread 0: Calculating PRG4 (12001) ...  
INFO  @ Wed, 22 Feb 2023 17:21:22: Thread 0: Calculating RNF151 (13001) ...  
INFO  @ Wed, 22 Feb 2023 17:21:28: Thread 0: Calculating SLC25A11 (14001) ...  
INFO  @ Wed, 22 Feb 2023 17:21:33: Thread 0: Calculating SUMO4 (15001) ...  
INFO  @ Wed, 22 Feb 2023 17:21:39: Thread 0: Calculating TNKS2 (16001) ...  
INFO  @ Wed, 22 Feb 2023 17:21:44: Thread 0: Calculating WDHD1 (17001) ...  
INFO  @ Wed, 22 Feb 2023 17:21:50: Thread 0: Calculating ZYG11A (18001) ...  
INFO  @ Wed, 22 Feb 2023 17:21:50: Thread 0 completed. 
INFO  @ Wed, 22 Feb 2023 17:21:50: All threads completed. 
INFO  @ Wed, 22 Feb 2023 17:21:53: Assigning p values... 
INFO  @ Wed, 22 Feb 2023 17:21:53: Permuting groups of gene with 17 sgRNAs per gene. Group progress: 17/22 
INFO  @ Wed, 22 Feb 2023 17:21:53: Start permuting 2 rounds ... 
INFO  @ Wed, 22 Feb 2023 17:21:54: Collecting 90025 sgRNAs from 18006 genes. 
INFO  @ Wed, 22 Feb 2023 17:21:55: Permuting round 0 ... 
INFO  @ Wed, 22 Feb 2023 17:21:55: Thread 0 started. 
INFO  @ Wed, 22 Feb 2023 17:21:55: Thread 0: total 18006 instances. 
INFO  @ Wed, 22 Feb 2023 17:21:55: Thread 0: Calculating A1CF (1) ...  
INFO  @ Wed, 22 Feb 2023 17:22:01: Thread 0: Calculating ARNT2 (1001) ...  
INFO  @ Wed, 22 Feb 2023 17:22:07: Thread 0: Calculating C2orf44 (2001) ...  
INFO  @ Wed, 22 Feb 2023 17:22:13: Thread 0: Calculating CERS6 (3001) ...  
INFO  @ Wed, 22 Feb 2023 17:22:18: Thread 0: Calculating DBH (4001) ...  
INFO  @ Wed, 22 Feb 2023 17:22:24: Thread 0: Calculating ERCC6L2 (5001) ...  
INFO  @ Wed, 22 Feb 2023 17:22:29: Thread 0: Calculating GANC (6001) ...  
INFO  @ Wed, 22 Feb 2023 17:22:35: Thread 0: Calculating HMBS (7001) ...  
INFO  @ Wed, 22 Feb 2023 17:22:41: Thread 0: Calculating KIAA1147 (8001) ...  
INFO  @ Wed, 22 Feb 2023 17:22:46: Thread 0: Calculating MAGOH (9001) ...  
INFO  @ Wed, 22 Feb 2023 17:22:52: Thread 0: Calculating NANOS3 (10001) ...  
INFO  @ Wed, 22 Feb 2023 17:22:58: Thread 0: Calculating PAXIP1 (11001) ...  
INFO  @ Wed, 22 Feb 2023 17:23:04: Thread 0: Calculating PRG4 (12001) ...  
INFO  @ Wed, 22 Feb 2023 17:23:09: Thread 0: Calculating RNF151 (13001) ...  
INFO  @ Wed, 22 Feb 2023 17:23:15: Thread 0: Calculating SLC25A11 (14001) ...  
INFO  @ Wed, 22 Feb 2023 17:23:21: Thread 0: Calculating SUMO4 (15001) ...  
INFO  @ Wed, 22 Feb 2023 17:23:26: Thread 0: Calculating TNKS2 (16001) ...  
INFO  @ Wed, 22 Feb 2023 17:23:32: Thread 0: Calculating WDHD1 (17001) ...  
INFO  @ Wed, 22 Feb 2023 17:23:38: Thread 0: Calculating ZYG11A (18001) ...  
INFO  @ Wed, 22 Feb 2023 17:23:38: Thread 0 completed. 
INFO  @ Wed, 22 Feb 2023 17:23:38: All threads completed. 
INFO  @ Wed, 22 Feb 2023 17:23:41: Permuting round 1 ... 
INFO  @ Wed, 22 Feb 2023 17:23:42: Thread 0 started. 
INFO  @ Wed, 22 Feb 2023 17:23:42: Thread 0: total 18006 instances. 
INFO  @ Wed, 22 Feb 2023 17:23:42: Thread 0: Calculating A1CF (1) ...  
INFO  @ Wed, 22 Feb 2023 17:23:47: Thread 0: Calculating ARNT2 (1001) ...  
INFO  @ Wed, 22 Feb 2023 17:23:53: Thread 0: Calculating C2orf44 (2001) ...  
INFO  @ Wed, 22 Feb 2023 17:23:59: Thread 0: Calculating CERS6 (3001) ...  
INFO  @ Wed, 22 Feb 2023 17:24:05: Thread 0: Calculating DBH (4001) ...  
INFO  @ Wed, 22 Feb 2023 17:24:10: Thread 0: Calculating ERCC6L2 (5001) ...  
INFO  @ Wed, 22 Feb 2023 17:24:16: Thread 0: Calculating GANC (6001) ...  
INFO  @ Wed, 22 Feb 2023 17:24:22: Thread 0: Calculating HMBS (7001) ...  
INFO  @ Wed, 22 Feb 2023 17:24:28: Thread 0: Calculating KIAA1147 (8001) ...  
INFO  @ Wed, 22 Feb 2023 17:24:34: Thread 0: Calculating MAGOH (9001) ...  
INFO  @ Wed, 22 Feb 2023 17:24:39: Thread 0: Calculating NANOS3 (10001) ...  
INFO  @ Wed, 22 Feb 2023 17:24:45: Thread 0: Calculating PAXIP1 (11001) ...  
INFO  @ Wed, 22 Feb 2023 17:24:51: Thread 0: Calculating PRG4 (12001) ...  
INFO  @ Wed, 22 Feb 2023 17:24:56: Thread 0: Calculating RNF151 (13001) ...  
INFO  @ Wed, 22 Feb 2023 17:25:02: Thread 0: Calculating SLC25A11 (14001) ...  
INFO  @ Wed, 22 Feb 2023 17:25:08: Thread 0: Calculating SUMO4 (15001) ...  
INFO  @ Wed, 22 Feb 2023 17:25:14: Thread 0: Calculating TNKS2 (16001) ...  
INFO  @ Wed, 22 Feb 2023 17:25:19: Thread 0: Calculating WDHD1 (17001) ...  
INFO  @ Wed, 22 Feb 2023 17:25:25: Thread 0: Calculating ZYG11A (18001) ...  
INFO  @ Wed, 22 Feb 2023 17:25:25: Thread 0 completed. 
INFO  @ Wed, 22 Feb 2023 17:25:25: All threads completed. 
INFO  @ Wed, 22 Feb 2023 17:25:29: Assigning p values... 
INFO  @ Wed, 22 Feb 2023 17:25:29: Permuting groups of gene with 18 sgRNAs per gene. Group progress: 18/22 
INFO  @ Wed, 22 Feb 2023 17:25:29: Start permuting 2 rounds ... 
INFO  @ Wed, 22 Feb 2023 17:25:29: Collecting 90025 sgRNAs from 18006 genes. 
INFO  @ Wed, 22 Feb 2023 17:25:30: Permuting round 0 ... 
INFO  @ Wed, 22 Feb 2023 17:25:31: Thread 0 started. 
INFO  @ Wed, 22 Feb 2023 17:25:31: Thread 0: total 18006 instances. 
INFO  @ Wed, 22 Feb 2023 17:25:31: Thread 0: Calculating A1CF (1) ...  
INFO  @ Wed, 22 Feb 2023 17:25:37: Thread 0: Calculating ARNT2 (1001) ...  
INFO  @ Wed, 22 Feb 2023 17:25:43: Thread 0: Calculating C2orf44 (2001) ...  
INFO  @ Wed, 22 Feb 2023 17:25:49: Thread 0: Calculating CERS6 (3001) ...  
INFO  @ Wed, 22 Feb 2023 17:25:55: Thread 0: Calculating DBH (4001) ...  
INFO  @ Wed, 22 Feb 2023 17:26:01: Thread 0: Calculating ERCC6L2 (5001) ...  
INFO  @ Wed, 22 Feb 2023 17:26:07: Thread 0: Calculating GANC (6001) ...  
INFO  @ Wed, 22 Feb 2023 17:26:12: Thread 0: Calculating HMBS (7001) ...  
INFO  @ Wed, 22 Feb 2023 17:26:18: Thread 0: Calculating KIAA1147 (8001) ...  
INFO  @ Wed, 22 Feb 2023 17:26:24: Thread 0: Calculating MAGOH (9001) ...  
INFO  @ Wed, 22 Feb 2023 17:26:30: Thread 0: Calculating NANOS3 (10001) ...  
INFO  @ Wed, 22 Feb 2023 17:26:36: Thread 0: Calculating PAXIP1 (11001) ...  
INFO  @ Wed, 22 Feb 2023 17:26:42: Thread 0: Calculating PRG4 (12001) ...  
INFO  @ Wed, 22 Feb 2023 17:26:48: Thread 0: Calculating RNF151 (13001) ...  
INFO  @ Wed, 22 Feb 2023 17:26:53: Thread 0: Calculating SLC25A11 (14001) ...  
INFO  @ Wed, 22 Feb 2023 17:26:59: Thread 0: Calculating SUMO4 (15001) ...  
INFO  @ Wed, 22 Feb 2023 17:27:05: Thread 0: Calculating TNKS2 (16001) ...  
INFO  @ Wed, 22 Feb 2023 17:27:11: Thread 0: Calculating WDHD1 (17001) ...  
INFO  @ Wed, 22 Feb 2023 17:27:17: Thread 0: Calculating ZYG11A (18001) ...  
INFO  @ Wed, 22 Feb 2023 17:27:17: Thread 0 completed. 
INFO  @ Wed, 22 Feb 2023 17:27:17: All threads completed. 
INFO  @ Wed, 22 Feb 2023 17:27:21: Permuting round 1 ... 
INFO  @ Wed, 22 Feb 2023 17:27:21: Thread 0 started. 
INFO  @ Wed, 22 Feb 2023 17:27:21: Thread 0: total 18006 instances. 
INFO  @ Wed, 22 Feb 2023 17:27:21: Thread 0: Calculating A1CF (1) ...  
INFO  @ Wed, 22 Feb 2023 17:27:28: Thread 0: Calculating ARNT2 (1001) ...  
INFO  @ Wed, 22 Feb 2023 17:27:34: Thread 0: Calculating C2orf44 (2001) ...  
INFO  @ Wed, 22 Feb 2023 17:27:40: Thread 0: Calculating CERS6 (3001) ...  
INFO  @ Wed, 22 Feb 2023 17:27:46: Thread 0: Calculating DBH (4001) ...  
INFO  @ Wed, 22 Feb 2023 17:27:52: Thread 0: Calculating ERCC6L2 (5001) ...  
INFO  @ Wed, 22 Feb 2023 17:27:58: Thread 0: Calculating GANC (6001) ...  
INFO  @ Wed, 22 Feb 2023 17:28:04: Thread 0: Calculating HMBS (7001) ...  
INFO  @ Wed, 22 Feb 2023 17:28:11: Thread 0: Calculating KIAA1147 (8001) ...  
INFO  @ Wed, 22 Feb 2023 17:28:17: Thread 0: Calculating MAGOH (9001) ...  
INFO  @ Wed, 22 Feb 2023 17:28:23: Thread 0: Calculating NANOS3 (10001) ...  
INFO  @ Wed, 22 Feb 2023 17:28:29: Thread 0: Calculating PAXIP1 (11001) ...  
INFO  @ Wed, 22 Feb 2023 17:28:35: Thread 0: Calculating PRG4 (12001) ...  
INFO  @ Wed, 22 Feb 2023 17:28:41: Thread 0: Calculating RNF151 (13001) ...  
INFO  @ Wed, 22 Feb 2023 17:28:47: Thread 0: Calculating SLC25A11 (14001) ...  
INFO  @ Wed, 22 Feb 2023 17:28:53: Thread 0: Calculating SUMO4 (15001) ...  
INFO  @ Wed, 22 Feb 2023 17:29:00: Thread 0: Calculating TNKS2 (16001) ...  
INFO  @ Wed, 22 Feb 2023 17:29:06: Thread 0: Calculating WDHD1 (17001) ...  
INFO  @ Wed, 22 Feb 2023 17:29:12: Thread 0: Calculating ZYG11A (18001) ...  
INFO  @ Wed, 22 Feb 2023 17:29:12: Thread 0 completed. 
INFO  @ Wed, 22 Feb 2023 17:29:12: All threads completed. 
INFO  @ Wed, 22 Feb 2023 17:29:16: Assigning p values... 
INFO  @ Wed, 22 Feb 2023 17:29:16: Permuting groups of gene with 19 sgRNAs per gene. Group progress: 19/22 
INFO  @ Wed, 22 Feb 2023 17:29:16: Start permuting 2 rounds ... 
INFO  @ Wed, 22 Feb 2023 17:29:16: Collecting 90025 sgRNAs from 18006 genes. 
INFO  @ Wed, 22 Feb 2023 17:29:17: Permuting round 0 ... 
INFO  @ Wed, 22 Feb 2023 17:29:18: Thread 0 started. 
INFO  @ Wed, 22 Feb 2023 17:29:18: Thread 0: total 18006 instances. 
INFO  @ Wed, 22 Feb 2023 17:29:18: Thread 0: Calculating A1CF (1) ...  
INFO  @ Wed, 22 Feb 2023 17:29:24: Thread 0: Calculating ARNT2 (1001) ...  
INFO  @ Wed, 22 Feb 2023 17:29:30: Thread 0: Calculating C2orf44 (2001) ...  
INFO  @ Wed, 22 Feb 2023 17:29:37: Thread 0: Calculating CERS6 (3001) ...  
INFO  @ Wed, 22 Feb 2023 17:29:43: Thread 0: Calculating DBH (4001) ...  
INFO  @ Wed, 22 Feb 2023 17:29:49: Thread 0: Calculating ERCC6L2 (5001) ...  
INFO  @ Wed, 22 Feb 2023 17:29:55: Thread 0: Calculating GANC (6001) ...  
INFO  @ Wed, 22 Feb 2023 17:30:01: Thread 0: Calculating HMBS (7001) ...  
INFO  @ Wed, 22 Feb 2023 17:30:07: Thread 0: Calculating KIAA1147 (8001) ...  
INFO  @ Wed, 22 Feb 2023 17:30:14: Thread 0: Calculating MAGOH (9001) ...  
INFO  @ Wed, 22 Feb 2023 17:30:20: Thread 0: Calculating NANOS3 (10001) ...  
INFO  @ Wed, 22 Feb 2023 17:30:26: Thread 0: Calculating PAXIP1 (11001) ...  
INFO  @ Wed, 22 Feb 2023 17:30:32: Thread 0: Calculating PRG4 (12001) ...  
INFO  @ Wed, 22 Feb 2023 17:30:38: Thread 0: Calculating RNF151 (13001) ...  
INFO  @ Wed, 22 Feb 2023 17:30:44: Thread 0: Calculating SLC25A11 (14001) ...  
INFO  @ Wed, 22 Feb 2023 17:30:51: Thread 0: Calculating SUMO4 (15001) ...  
INFO  @ Wed, 22 Feb 2023 17:30:57: Thread 0: Calculating TNKS2 (16001) ...  
INFO  @ Wed, 22 Feb 2023 17:31:03: Thread 0: Calculating WDHD1 (17001) ...  
INFO  @ Wed, 22 Feb 2023 17:31:09: Thread 0: Calculating ZYG11A (18001) ...  
INFO  @ Wed, 22 Feb 2023 17:31:09: Thread 0 completed. 
INFO  @ Wed, 22 Feb 2023 17:31:09: All threads completed. 
INFO  @ Wed, 22 Feb 2023 17:31:13: Permuting round 1 ... 
INFO  @ Wed, 22 Feb 2023 17:31:13: Thread 0 started. 
INFO  @ Wed, 22 Feb 2023 17:31:13: Thread 0: total 18006 instances. 
INFO  @ Wed, 22 Feb 2023 17:31:13: Thread 0: Calculating A1CF (1) ...  
INFO  @ Wed, 22 Feb 2023 17:31:19: Thread 0: Calculating ARNT2 (1001) ...  
INFO  @ Wed, 22 Feb 2023 17:31:26: Thread 0: Calculating C2orf44 (2001) ...  
INFO  @ Wed, 22 Feb 2023 17:31:32: Thread 0: Calculating CERS6 (3001) ...  
INFO  @ Wed, 22 Feb 2023 17:31:38: Thread 0: Calculating DBH (4001) ...  
INFO  @ Wed, 22 Feb 2023 17:31:45: Thread 0: Calculating ERCC6L2 (5001) ...  
INFO  @ Wed, 22 Feb 2023 17:31:51: Thread 0: Calculating GANC (6001) ...  
INFO  @ Wed, 22 Feb 2023 17:31:57: Thread 0: Calculating HMBS (7001) ...  
INFO  @ Wed, 22 Feb 2023 17:32:03: Thread 0: Calculating KIAA1147 (8001) ...  
INFO  @ Wed, 22 Feb 2023 17:32:10: Thread 0: Calculating MAGOH (9001) ...  
INFO  @ Wed, 22 Feb 2023 17:32:16: Thread 0: Calculating NANOS3 (10001) ...  
INFO  @ Wed, 22 Feb 2023 17:32:22: Thread 0: Calculating PAXIP1 (11001) ...  
INFO  @ Wed, 22 Feb 2023 17:32:28: Thread 0: Calculating PRG4 (12001) ...  
INFO  @ Wed, 22 Feb 2023 17:32:35: Thread 0: Calculating RNF151 (13001) ...  
INFO  @ Wed, 22 Feb 2023 17:32:41: Thread 0: Calculating SLC25A11 (14001) ...  
INFO  @ Wed, 22 Feb 2023 17:32:47: Thread 0: Calculating SUMO4 (15001) ...  
INFO  @ Wed, 22 Feb 2023 17:32:54: Thread 0: Calculating TNKS2 (16001) ...  
INFO  @ Wed, 22 Feb 2023 17:33:00: Thread 0: Calculating WDHD1 (17001) ...  
INFO  @ Wed, 22 Feb 2023 17:33:06: Thread 0: Calculating ZYG11A (18001) ...  
INFO  @ Wed, 22 Feb 2023 17:33:06: Thread 0 completed. 
INFO  @ Wed, 22 Feb 2023 17:33:06: All threads completed. 
INFO  @ Wed, 22 Feb 2023 17:33:10: Assigning p values... 
INFO  @ Wed, 22 Feb 2023 17:33:10: Permuting groups of gene with 22 sgRNAs per gene. Group progress: 20/22 
INFO  @ Wed, 22 Feb 2023 17:33:10: Start permuting 2 rounds ... 
INFO  @ Wed, 22 Feb 2023 17:33:10: Collecting 90025 sgRNAs from 18006 genes. 
INFO  @ Wed, 22 Feb 2023 17:33:11: Permuting round 0 ... 
INFO  @ Wed, 22 Feb 2023 17:33:12: Thread 0 started. 
INFO  @ Wed, 22 Feb 2023 17:33:12: Thread 0: total 18006 instances. 
INFO  @ Wed, 22 Feb 2023 17:33:12: Thread 0: Calculating A1CF (1) ...  
INFO  @ Wed, 22 Feb 2023 17:33:19: Thread 0: Calculating ARNT2 (1001) ...  
INFO  @ Wed, 22 Feb 2023 17:33:26: Thread 0: Calculating C2orf44 (2001) ...  
INFO  @ Wed, 22 Feb 2023 17:33:33: Thread 0: Calculating CERS6 (3001) ...  
INFO  @ Wed, 22 Feb 2023 17:33:40: Thread 0: Calculating DBH (4001) ...  
INFO  @ Wed, 22 Feb 2023 17:33:47: Thread 0: Calculating ERCC6L2 (5001) ...  
INFO  @ Wed, 22 Feb 2023 17:33:54: Thread 0: Calculating GANC (6001) ...  
INFO  @ Wed, 22 Feb 2023 17:34:01: Thread 0: Calculating HMBS (7001) ...  
INFO  @ Wed, 22 Feb 2023 17:34:08: Thread 0: Calculating KIAA1147 (8001) ...  
INFO  @ Wed, 22 Feb 2023 17:34:15: Thread 0: Calculating MAGOH (9001) ...  
INFO  @ Wed, 22 Feb 2023 17:34:22: Thread 0: Calculating NANOS3 (10001) ...  
INFO  @ Wed, 22 Feb 2023 17:34:29: Thread 0: Calculating PAXIP1 (11001) ...  
INFO  @ Wed, 22 Feb 2023 17:34:36: Thread 0: Calculating PRG4 (12001) ...  
INFO  @ Wed, 22 Feb 2023 17:34:43: Thread 0: Calculating RNF151 (13001) ...  
INFO  @ Wed, 22 Feb 2023 17:34:50: Thread 0: Calculating SLC25A11 (14001) ...  
INFO  @ Wed, 22 Feb 2023 17:34:57: Thread 0: Calculating SUMO4 (15001) ...  
INFO  @ Wed, 22 Feb 2023 17:35:04: Thread 0: Calculating TNKS2 (16001) ...  
INFO  @ Wed, 22 Feb 2023 17:35:12: Thread 0: Calculating WDHD1 (17001) ...  
INFO  @ Wed, 22 Feb 2023 17:35:19: Thread 0: Calculating ZYG11A (18001) ...  
INFO  @ Wed, 22 Feb 2023 17:35:19: Thread 0 completed. 
INFO  @ Wed, 22 Feb 2023 17:35:19: All threads completed. 
INFO  @ Wed, 22 Feb 2023 17:35:22: Permuting round 1 ... 
INFO  @ Wed, 22 Feb 2023 17:35:23: Thread 0 started. 
INFO  @ Wed, 22 Feb 2023 17:35:23: Thread 0: total 18006 instances. 
INFO  @ Wed, 22 Feb 2023 17:35:23: Thread 0: Calculating A1CF (1) ...  
INFO  @ Wed, 22 Feb 2023 17:35:30: Thread 0: Calculating ARNT2 (1001) ...  
INFO  @ Wed, 22 Feb 2023 17:35:37: Thread 0: Calculating C2orf44 (2001) ...  
INFO  @ Wed, 22 Feb 2023 17:35:45: Thread 0: Calculating CERS6 (3001) ...  
INFO  @ Wed, 22 Feb 2023 17:35:52: Thread 0: Calculating DBH (4001) ...  
INFO  @ Wed, 22 Feb 2023 17:35:59: Thread 0: Calculating ERCC6L2 (5001) ...  
INFO  @ Wed, 22 Feb 2023 17:36:06: Thread 0: Calculating GANC (6001) ...  
INFO  @ Wed, 22 Feb 2023 17:36:13: Thread 0: Calculating HMBS (7001) ...  
INFO  @ Wed, 22 Feb 2023 17:36:20: Thread 0: Calculating KIAA1147 (8001) ...  
INFO  @ Wed, 22 Feb 2023 17:36:27: Thread 0: Calculating MAGOH (9001) ...  
INFO  @ Wed, 22 Feb 2023 17:36:34: Thread 0: Calculating NANOS3 (10001) ...  
INFO  @ Wed, 22 Feb 2023 17:36:41: Thread 0: Calculating PAXIP1 (11001) ...  
INFO  @ Wed, 22 Feb 2023 17:36:49: Thread 0: Calculating PRG4 (12001) ...  
INFO  @ Wed, 22 Feb 2023 17:36:56: Thread 0: Calculating RNF151 (13001) ...  
INFO  @ Wed, 22 Feb 2023 17:37:03: Thread 0: Calculating SLC25A11 (14001) ...  
INFO  @ Wed, 22 Feb 2023 17:37:10: Thread 0: Calculating SUMO4 (15001) ...  
INFO  @ Wed, 22 Feb 2023 17:37:17: Thread 0: Calculating TNKS2 (16001) ...  
INFO  @ Wed, 22 Feb 2023 17:37:24: Thread 0: Calculating WDHD1 (17001) ...  
INFO  @ Wed, 22 Feb 2023 17:37:31: Thread 0: Calculating ZYG11A (18001) ...  
INFO  @ Wed, 22 Feb 2023 17:37:31: Thread 0 completed. 
INFO  @ Wed, 22 Feb 2023 17:37:31: All threads completed. 
INFO  @ Wed, 22 Feb 2023 17:37:35: Assigning p values... 
INFO  @ Wed, 22 Feb 2023 17:37:35: Permuting groups of gene with 23 sgRNAs per gene. Group progress: 21/22 
INFO  @ Wed, 22 Feb 2023 17:37:35: Start permuting 2 rounds ... 
INFO  @ Wed, 22 Feb 2023 17:37:35: Collecting 90025 sgRNAs from 18006 genes. 
INFO  @ Wed, 22 Feb 2023 17:37:37: Permuting round 0 ... 
INFO  @ Wed, 22 Feb 2023 17:37:37: Thread 0 started. 
INFO  @ Wed, 22 Feb 2023 17:37:37: Thread 0: total 18006 instances. 
INFO  @ Wed, 22 Feb 2023 17:37:37: Thread 0: Calculating A1CF (1) ...  
INFO  @ Wed, 22 Feb 2023 17:37:44: Thread 0: Calculating ARNT2 (1001) ...  
INFO  @ Wed, 22 Feb 2023 17:37:51: Thread 0: Calculating C2orf44 (2001) ...  
INFO  @ Wed, 22 Feb 2023 17:37:59: Thread 0: Calculating CERS6 (3001) ...  
INFO  @ Wed, 22 Feb 2023 17:38:06: Thread 0: Calculating DBH (4001) ...  
INFO  @ Wed, 22 Feb 2023 17:38:13: Thread 0: Calculating ERCC6L2 (5001) ...  
INFO  @ Wed, 22 Feb 2023 17:38:20: Thread 0: Calculating GANC (6001) ...  
INFO  @ Wed, 22 Feb 2023 17:38:27: Thread 0: Calculating HMBS (7001) ...  
INFO  @ Wed, 22 Feb 2023 17:38:34: Thread 0: Calculating KIAA1147 (8001) ...  
INFO  @ Wed, 22 Feb 2023 17:38:41: Thread 0: Calculating MAGOH (9001) ...  
INFO  @ Wed, 22 Feb 2023 17:38:48: Thread 0: Calculating NANOS3 (10001) ...  
INFO  @ Wed, 22 Feb 2023 17:38:55: Thread 0: Calculating PAXIP1 (11001) ...  
INFO  @ Wed, 22 Feb 2023 17:39:02: Thread 0: Calculating PRG4 (12001) ...  
INFO  @ Wed, 22 Feb 2023 17:39:09: Thread 0: Calculating RNF151 (13001) ...  
INFO  @ Wed, 22 Feb 2023 17:39:16: Thread 0: Calculating SLC25A11 (14001) ...  
INFO  @ Wed, 22 Feb 2023 17:39:24: Thread 0: Calculating SUMO4 (15001) ...  
INFO  @ Wed, 22 Feb 2023 17:39:31: Thread 0: Calculating TNKS2 (16001) ...  
INFO  @ Wed, 22 Feb 2023 17:39:38: Thread 0: Calculating WDHD1 (17001) ...  
INFO  @ Wed, 22 Feb 2023 17:39:45: Thread 0: Calculating ZYG11A (18001) ...  
INFO  @ Wed, 22 Feb 2023 17:39:45: Thread 0 completed. 
INFO  @ Wed, 22 Feb 2023 17:39:45: All threads completed. 
INFO  @ Wed, 22 Feb 2023 17:39:49: Permuting round 1 ... 
INFO  @ Wed, 22 Feb 2023 17:39:50: Thread 0 started. 
INFO  @ Wed, 22 Feb 2023 17:39:50: Thread 0: total 18006 instances. 
INFO  @ Wed, 22 Feb 2023 17:39:50: Thread 0: Calculating A1CF (1) ...  
INFO  @ Wed, 22 Feb 2023 17:39:57: Thread 0: Calculating ARNT2 (1001) ...  
INFO  @ Wed, 22 Feb 2023 17:40:04: Thread 0: Calculating C2orf44 (2001) ...  
INFO  @ Wed, 22 Feb 2023 17:40:11: Thread 0: Calculating CERS6 (3001) ...  
INFO  @ Wed, 22 Feb 2023 17:40:18: Thread 0: Calculating DBH (4001) ...  
INFO  @ Wed, 22 Feb 2023 17:40:26: Thread 0: Calculating ERCC6L2 (5001) ...  
INFO  @ Wed, 22 Feb 2023 17:40:33: Thread 0: Calculating GANC (6001) ...  
INFO  @ Wed, 22 Feb 2023 17:40:40: Thread 0: Calculating HMBS (7001) ...  
INFO  @ Wed, 22 Feb 2023 17:40:47: Thread 0: Calculating KIAA1147 (8001) ...  
INFO  @ Wed, 22 Feb 2023 17:40:54: Thread 0: Calculating MAGOH (9001) ...  
INFO  @ Wed, 22 Feb 2023 17:41:01: Thread 0: Calculating NANOS3 (10001) ...  
INFO  @ Wed, 22 Feb 2023 17:41:08: Thread 0: Calculating PAXIP1 (11001) ...  
INFO  @ Wed, 22 Feb 2023 17:41:16: Thread 0: Calculating PRG4 (12001) ...  
INFO  @ Wed, 22 Feb 2023 17:41:23: Thread 0: Calculating RNF151 (13001) ...  
INFO  @ Wed, 22 Feb 2023 17:41:30: Thread 0: Calculating SLC25A11 (14001) ...  
INFO  @ Wed, 22 Feb 2023 17:41:37: Thread 0: Calculating SUMO4 (15001) ...  
INFO  @ Wed, 22 Feb 2023 17:41:44: Thread 0: Calculating TNKS2 (16001) ...  
INFO  @ Wed, 22 Feb 2023 17:41:52: Thread 0: Calculating WDHD1 (17001) ...  
INFO  @ Wed, 22 Feb 2023 17:41:59: Thread 0: Calculating ZYG11A (18001) ...  
INFO  @ Wed, 22 Feb 2023 17:41:59: Thread 0 completed. 
INFO  @ Wed, 22 Feb 2023 17:41:59: All threads completed. 
INFO  @ Wed, 22 Feb 2023 17:42:03: Assigning p values... 
INFO  @ Wed, 22 Feb 2023 17:42:03: Permuting groups of gene with 26 sgRNAs per gene. Group progress: 22/22 
INFO  @ Wed, 22 Feb 2023 17:42:03: Start permuting 2 rounds ... 
INFO  @ Wed, 22 Feb 2023 17:42:03: Collecting 90025 sgRNAs from 18006 genes. 
INFO  @ Wed, 22 Feb 2023 17:42:04: Permuting round 0 ... 
INFO  @ Wed, 22 Feb 2023 17:42:05: Thread 0 started. 
INFO  @ Wed, 22 Feb 2023 17:42:05: Thread 0: total 18006 instances. 
INFO  @ Wed, 22 Feb 2023 17:42:05: Thread 0: Calculating A1CF (1) ...  
INFO  @ Wed, 22 Feb 2023 17:42:13: Thread 0: Calculating ARNT2 (1001) ...  
INFO  @ Wed, 22 Feb 2023 17:42:22: Thread 0: Calculating C2orf44 (2001) ...  
INFO  @ Wed, 22 Feb 2023 17:42:30: Thread 0: Calculating CERS6 (3001) ...  
INFO  @ Wed, 22 Feb 2023 17:42:38: Thread 0: Calculating DBH (4001) ...  
INFO  @ Wed, 22 Feb 2023 17:42:46: Thread 0: Calculating ERCC6L2 (5001) ...  
INFO  @ Wed, 22 Feb 2023 17:42:54: Thread 0: Calculating GANC (6001) ...  
INFO  @ Wed, 22 Feb 2023 17:43:03: Thread 0: Calculating HMBS (7001) ...  
INFO  @ Wed, 22 Feb 2023 17:43:11: Thread 0: Calculating KIAA1147 (8001) ...  
INFO  @ Wed, 22 Feb 2023 17:43:19: Thread 0: Calculating MAGOH (9001) ...  
INFO  @ Wed, 22 Feb 2023 17:43:27: Thread 0: Calculating NANOS3 (10001) ...  
INFO  @ Wed, 22 Feb 2023 17:43:36: Thread 0: Calculating PAXIP1 (11001) ...  
INFO  @ Wed, 22 Feb 2023 17:43:44: Thread 0: Calculating PRG4 (12001) ...  
INFO  @ Wed, 22 Feb 2023 17:43:52: Thread 0: Calculating RNF151 (13001) ...  
INFO  @ Wed, 22 Feb 2023 17:44:00: Thread 0: Calculating SLC25A11 (14001) ...  
INFO  @ Wed, 22 Feb 2023 17:44:09: Thread 0: Calculating SUMO4 (15001) ...  
INFO  @ Wed, 22 Feb 2023 17:44:17: Thread 0: Calculating TNKS2 (16001) ...  
INFO  @ Wed, 22 Feb 2023 17:44:25: Thread 0: Calculating WDHD1 (17001) ...  
INFO  @ Wed, 22 Feb 2023 17:44:33: Thread 0: Calculating ZYG11A (18001) ...  
INFO  @ Wed, 22 Feb 2023 17:44:33: Thread 0 completed. 
INFO  @ Wed, 22 Feb 2023 17:44:33: All threads completed. 
INFO  @ Wed, 22 Feb 2023 17:44:37: Permuting round 1 ... 
INFO  @ Wed, 22 Feb 2023 17:44:38: Thread 0 started. 
INFO  @ Wed, 22 Feb 2023 17:44:38: Thread 0: total 18006 instances. 
INFO  @ Wed, 22 Feb 2023 17:44:38: Thread 0: Calculating A1CF (1) ...  
INFO  @ Wed, 22 Feb 2023 17:44:47: Thread 0: Calculating ARNT2 (1001) ...  
INFO  @ Wed, 22 Feb 2023 17:44:55: Thread 0: Calculating C2orf44 (2001) ...  
INFO  @ Wed, 22 Feb 2023 17:45:03: Thread 0: Calculating CERS6 (3001) ...  
INFO  @ Wed, 22 Feb 2023 17:45:11: Thread 0: Calculating DBH (4001) ...  
INFO  @ Wed, 22 Feb 2023 17:45:20: Thread 0: Calculating ERCC6L2 (5001) ...  
INFO  @ Wed, 22 Feb 2023 17:45:28: Thread 0: Calculating GANC (6001) ...  
INFO  @ Wed, 22 Feb 2023 17:45:36: Thread 0: Calculating HMBS (7001) ...  
INFO  @ Wed, 22 Feb 2023 17:45:45: Thread 0: Calculating KIAA1147 (8001) ...  
INFO  @ Wed, 22 Feb 2023 17:45:53: Thread 0: Calculating MAGOH (9001) ...  
INFO  @ Wed, 22 Feb 2023 17:46:01: Thread 0: Calculating NANOS3 (10001) ...  
INFO  @ Wed, 22 Feb 2023 17:46:10: Thread 0: Calculating PAXIP1 (11001) ...  
INFO  @ Wed, 22 Feb 2023 17:46:18: Thread 0: Calculating PRG4 (12001) ...  
INFO  @ Wed, 22 Feb 2023 17:46:26: Thread 0: Calculating RNF151 (13001) ...  
INFO  @ Wed, 22 Feb 2023 17:46:35: Thread 0: Calculating SLC25A11 (14001) ...  
INFO  @ Wed, 22 Feb 2023 17:46:43: Thread 0: Calculating SUMO4 (15001) ...  
INFO  @ Wed, 22 Feb 2023 17:46:51: Thread 0: Calculating TNKS2 (16001) ...  
INFO  @ Wed, 22 Feb 2023 17:46:59: Thread 0: Calculating WDHD1 (17001) ...  
INFO  @ Wed, 22 Feb 2023 17:47:08: Thread 0: Calculating ZYG11A (18001) ...  
INFO  @ Wed, 22 Feb 2023 17:47:08: Thread 0 completed. 
INFO  @ Wed, 22 Feb 2023 17:47:08: All threads completed. 
INFO  @ Wed, 22 Feb 2023 17:47:12: Assigning p values... 
INFO  @ Wed, 22 Feb 2023 17:47:13: Writing gene results to OMM25.gene_summary.txt 
INFO  @ Wed, 22 Feb 2023 17:47:13: Writing sgRNA results to OMM25.sgrna_summary.txt 
