INFO  @ Wed, 22 Feb 2023 16:31:45: Parameters: /home/alessandro.vinceti/miniconda3/envs/mageckenv/bin/mageck mle -k /group/iorio/Alessandro/David_Adams_analysis/results/Mel285/Mel285_count_norm.tsv -d /group/iorio/Alessandro/David_Adams_analysis/results/Mel285/design_matrix.tsv -n Mel285 
INFO  @ Wed, 22 Feb 2023 16:31:48: Cannot parse design matrix as a string; try to parse it as a file name ... 
INFO  @ Wed, 22 Feb 2023 16:31:48: Design matrix: 
INFO  @ Wed, 22 Feb 2023 16:31:48: [[1. 0.] 
INFO  @ Wed, 22 Feb 2023 16:31:48:  [1. 1.] 
INFO  @ Wed, 22 Feb 2023 16:31:48:  [1. 1.] 
INFO  @ Wed, 22 Feb 2023 16:31:48:  [1. 1.]] 
INFO  @ Wed, 22 Feb 2023 16:31:48: Beta labels:baseline,Mel285 
INFO  @ Wed, 22 Feb 2023 16:31:48: Included samples:Plasmid,Mel285_R5,Mel285_R6,Mel285_R7 
INFO  @ Wed, 22 Feb 2023 16:31:48: Loaded samples:Plasmid;Mel285_R5;Mel285_R6;Mel285_R7 
INFO  @ Wed, 22 Feb 2023 16:31:48: Sample index: 0;1;2;3 
INFO  @ Wed, 22 Feb 2023 16:31:48: Loaded 18006 genes. 
DEBUG @ Wed, 22 Feb 2023 16:31:48: Initial (total) size factor: 0.9999999999999751 1.0000000000000147 1.0000000000000038 1.0000000000000069 
DEBUG @ Wed, 22 Feb 2023 16:31:49: Median factor: 0.9677228104991822 1.032888872147884 1.0162833644246276 1.0231926590301317 
INFO  @ Wed, 22 Feb 2023 16:31:49: Final size factor: 0.9677228104991822 1.032888872147884 1.0162833644246276 1.0231926590301317 
INFO  @ Wed, 22 Feb 2023 16:31:49: size factor: 1.0333537549705667,0.9681583633682762,0.9839775352085522,0.977333047862056 
INFO  @ Wed, 22 Feb 2023 16:31:49: Thread 0 started. 
INFO  @ Wed, 22 Feb 2023 16:31:49: Thread 0: total 1 instances. 
INFO  @ Wed, 22 Feb 2023 16:31:49: Thread 0 completed. 
INFO  @ Wed, 22 Feb 2023 16:31:49: All threads completed. 
INFO  @ Wed, 22 Feb 2023 16:31:49: Modeling the mean and variance ... 
INFO  @ Wed, 22 Feb 2023 16:31:49: Run the algorithm for the second time ... 
INFO  @ Wed, 22 Feb 2023 16:31:49: Thread 0 started. 
INFO  @ Wed, 22 Feb 2023 16:31:49: Thread 0: total 18006 instances. 
INFO  @ Wed, 22 Feb 2023 16:31:49: Thread 0: Calculating A1CF (1) ...  
INFO  @ Wed, 22 Feb 2023 16:31:53: Thread 0: Calculating ARNT2 (1001) ...  
INFO  @ Wed, 22 Feb 2023 16:31:56: Thread 0: Calculating C2orf44 (2001) ...  
INFO  @ Wed, 22 Feb 2023 16:32:00: Thread 0: Calculating CERS6 (3001) ...  
INFO  @ Wed, 22 Feb 2023 16:32:04: Thread 0: Calculating DBH (4001) ...  
INFO  @ Wed, 22 Feb 2023 16:32:07: Thread 0: Calculating ERCC6L2 (5001) ...  
INFO  @ Wed, 22 Feb 2023 16:32:11: Thread 0: Calculating GANC (6001) ...  
INFO  @ Wed, 22 Feb 2023 16:32:15: Thread 0: Calculating HMBS (7001) ...  
INFO  @ Wed, 22 Feb 2023 16:32:18: Thread 0: Calculating KIAA1147 (8001) ...  
INFO  @ Wed, 22 Feb 2023 16:32:22: Thread 0: Calculating MAGOH (9001) ...  
INFO  @ Wed, 22 Feb 2023 16:32:26: Thread 0: Calculating NANOS3 (10001) ...  
INFO  @ Wed, 22 Feb 2023 16:32:29: Thread 0: Calculating PAXIP1 (11001) ...  
INFO  @ Wed, 22 Feb 2023 16:32:33: Thread 0: Calculating PRG4 (12001) ...  
INFO  @ Wed, 22 Feb 2023 16:32:37: Thread 0: Calculating RNF151 (13001) ...  
INFO  @ Wed, 22 Feb 2023 16:32:40: Thread 0: Calculating SLC25A11 (14001) ...  
INFO  @ Wed, 22 Feb 2023 16:32:44: Thread 0: Calculating SUMO4 (15001) ...  
INFO  @ Wed, 22 Feb 2023 16:32:47: Thread 0: Calculating TNKS2 (16001) ...  
INFO  @ Wed, 22 Feb 2023 16:32:51: Thread 0: Calculating WDHD1 (17001) ...  
INFO  @ Wed, 22 Feb 2023 16:32:55: Thread 0: Calculating ZYG11A (18001) ...  
INFO  @ Wed, 22 Feb 2023 16:32:55: Thread 0 completed. 
INFO  @ Wed, 22 Feb 2023 16:32:55: All threads completed. 
INFO  @ Wed, 22 Feb 2023 16:32:57: Permuting groups of gene with 1 sgRNAs per gene. Group progress: 1/22 
INFO  @ Wed, 22 Feb 2023 16:32:57: Start permuting 2 rounds ... 
INFO  @ Wed, 22 Feb 2023 16:32:58: Collecting 90025 sgRNAs from 18006 genes. 
INFO  @ Wed, 22 Feb 2023 16:32:59: Permuting round 0 ... 
INFO  @ Wed, 22 Feb 2023 16:32:59: Thread 0 started. 
INFO  @ Wed, 22 Feb 2023 16:32:59: Thread 0: total 18006 instances. 
INFO  @ Wed, 22 Feb 2023 16:32:59: Thread 0: Calculating A1CF (1) ...  
INFO  @ Wed, 22 Feb 2023 16:33:01: Thread 0: Calculating ARNT2 (1001) ...  
INFO  @ Wed, 22 Feb 2023 16:33:03: Thread 0: Calculating C2orf44 (2001) ...  
INFO  @ Wed, 22 Feb 2023 16:33:05: Thread 0: Calculating CERS6 (3001) ...  
INFO  @ Wed, 22 Feb 2023 16:33:08: Thread 0: Calculating DBH (4001) ...  
INFO  @ Wed, 22 Feb 2023 16:33:10: Thread 0: Calculating ERCC6L2 (5001) ...  
INFO  @ Wed, 22 Feb 2023 16:33:12: Thread 0: Calculating GANC (6001) ...  
INFO  @ Wed, 22 Feb 2023 16:33:14: Thread 0: Calculating HMBS (7001) ...  
INFO  @ Wed, 22 Feb 2023 16:33:16: Thread 0: Calculating KIAA1147 (8001) ...  
INFO  @ Wed, 22 Feb 2023 16:33:18: Thread 0: Calculating MAGOH (9001) ...  
INFO  @ Wed, 22 Feb 2023 16:33:20: Thread 0: Calculating NANOS3 (10001) ...  
INFO  @ Wed, 22 Feb 2023 16:33:22: Thread 0: Calculating PAXIP1 (11001) ...  
INFO  @ Wed, 22 Feb 2023 16:33:24: Thread 0: Calculating PRG4 (12001) ...  
INFO  @ Wed, 22 Feb 2023 16:33:26: Thread 0: Calculating RNF151 (13001) ...  
INFO  @ Wed, 22 Feb 2023 16:33:29: Thread 0: Calculating SLC25A11 (14001) ...  
INFO  @ Wed, 22 Feb 2023 16:33:31: Thread 0: Calculating SUMO4 (15001) ...  
INFO  @ Wed, 22 Feb 2023 16:33:33: Thread 0: Calculating TNKS2 (16001) ...  
INFO  @ Wed, 22 Feb 2023 16:33:35: Thread 0: Calculating WDHD1 (17001) ...  
INFO  @ Wed, 22 Feb 2023 16:33:37: Thread 0: Calculating ZYG11A (18001) ...  
INFO  @ Wed, 22 Feb 2023 16:33:37: Thread 0 completed. 
INFO  @ Wed, 22 Feb 2023 16:33:37: All threads completed. 
INFO  @ Wed, 22 Feb 2023 16:33:40: Permuting round 1 ... 
INFO  @ Wed, 22 Feb 2023 16:33:40: Thread 0 started. 
INFO  @ Wed, 22 Feb 2023 16:33:40: Thread 0: total 18006 instances. 
INFO  @ Wed, 22 Feb 2023 16:33:40: Thread 0: Calculating A1CF (1) ...  
INFO  @ Wed, 22 Feb 2023 16:33:42: Thread 0: Calculating ARNT2 (1001) ...  
INFO  @ Wed, 22 Feb 2023 16:33:45: Thread 0: Calculating C2orf44 (2001) ...  
INFO  @ Wed, 22 Feb 2023 16:33:47: Thread 0: Calculating CERS6 (3001) ...  
INFO  @ Wed, 22 Feb 2023 16:33:49: Thread 0: Calculating DBH (4001) ...  
INFO  @ Wed, 22 Feb 2023 16:33:51: Thread 0: Calculating ERCC6L2 (5001) ...  
INFO  @ Wed, 22 Feb 2023 16:33:53: Thread 0: Calculating GANC (6001) ...  
INFO  @ Wed, 22 Feb 2023 16:33:55: Thread 0: Calculating HMBS (7001) ...  
INFO  @ Wed, 22 Feb 2023 16:33:57: Thread 0: Calculating KIAA1147 (8001) ...  
INFO  @ Wed, 22 Feb 2023 16:34:00: Thread 0: Calculating MAGOH (9001) ...  
INFO  @ Wed, 22 Feb 2023 16:34:02: Thread 0: Calculating NANOS3 (10001) ...  
INFO  @ Wed, 22 Feb 2023 16:34:04: Thread 0: Calculating PAXIP1 (11001) ...  
INFO  @ Wed, 22 Feb 2023 16:34:06: Thread 0: Calculating PRG4 (12001) ...  
INFO  @ Wed, 22 Feb 2023 16:34:08: Thread 0: Calculating RNF151 (13001) ...  
INFO  @ Wed, 22 Feb 2023 16:34:10: Thread 0: Calculating SLC25A11 (14001) ...  
INFO  @ Wed, 22 Feb 2023 16:34:12: Thread 0: Calculating SUMO4 (15001) ...  
INFO  @ Wed, 22 Feb 2023 16:34:14: Thread 0: Calculating TNKS2 (16001) ...  
INFO  @ Wed, 22 Feb 2023 16:34:17: Thread 0: Calculating WDHD1 (17001) ...  
INFO  @ Wed, 22 Feb 2023 16:34:19: Thread 0: Calculating ZYG11A (18001) ...  
INFO  @ Wed, 22 Feb 2023 16:34:19: Thread 0 completed. 
INFO  @ Wed, 22 Feb 2023 16:34:19: All threads completed. 
INFO  @ Wed, 22 Feb 2023 16:34:22: Assigning p values... 
INFO  @ Wed, 22 Feb 2023 16:34:22: Permuting groups of gene with 2 sgRNAs per gene. Group progress: 2/22 
INFO  @ Wed, 22 Feb 2023 16:34:22: Start permuting 2 rounds ... 
INFO  @ Wed, 22 Feb 2023 16:34:22: Collecting 90025 sgRNAs from 18006 genes. 
INFO  @ Wed, 22 Feb 2023 16:34:23: Permuting round 0 ... 
INFO  @ Wed, 22 Feb 2023 16:34:23: Thread 0 started. 
INFO  @ Wed, 22 Feb 2023 16:34:23: Thread 0: total 18006 instances. 
INFO  @ Wed, 22 Feb 2023 16:34:23: Thread 0: Calculating A1CF (1) ...  
INFO  @ Wed, 22 Feb 2023 16:34:26: Thread 0: Calculating ARNT2 (1001) ...  
INFO  @ Wed, 22 Feb 2023 16:34:29: Thread 0: Calculating C2orf44 (2001) ...  
INFO  @ Wed, 22 Feb 2023 16:34:32: Thread 0: Calculating CERS6 (3001) ...  
INFO  @ Wed, 22 Feb 2023 16:34:35: Thread 0: Calculating DBH (4001) ...  
INFO  @ Wed, 22 Feb 2023 16:34:38: Thread 0: Calculating ERCC6L2 (5001) ...  
INFO  @ Wed, 22 Feb 2023 16:34:40: Thread 0: Calculating GANC (6001) ...  
INFO  @ Wed, 22 Feb 2023 16:34:43: Thread 0: Calculating HMBS (7001) ...  
INFO  @ Wed, 22 Feb 2023 16:34:46: Thread 0: Calculating KIAA1147 (8001) ...  
INFO  @ Wed, 22 Feb 2023 16:34:49: Thread 0: Calculating MAGOH (9001) ...  
INFO  @ Wed, 22 Feb 2023 16:34:52: Thread 0: Calculating NANOS3 (10001) ...  
INFO  @ Wed, 22 Feb 2023 16:34:54: Thread 0: Calculating PAXIP1 (11001) ...  
INFO  @ Wed, 22 Feb 2023 16:34:57: Thread 0: Calculating PRG4 (12001) ...  
INFO  @ Wed, 22 Feb 2023 16:35:00: Thread 0: Calculating RNF151 (13001) ...  
INFO  @ Wed, 22 Feb 2023 16:35:03: Thread 0: Calculating SLC25A11 (14001) ...  
INFO  @ Wed, 22 Feb 2023 16:35:06: Thread 0: Calculating SUMO4 (15001) ...  
INFO  @ Wed, 22 Feb 2023 16:35:09: Thread 0: Calculating TNKS2 (16001) ...  
INFO  @ Wed, 22 Feb 2023 16:35:11: Thread 0: Calculating WDHD1 (17001) ...  
INFO  @ Wed, 22 Feb 2023 16:35:14: Thread 0: Calculating ZYG11A (18001) ...  
INFO  @ Wed, 22 Feb 2023 16:35:14: Thread 0 completed. 
INFO  @ Wed, 22 Feb 2023 16:35:14: All threads completed. 
INFO  @ Wed, 22 Feb 2023 16:35:17: Permuting round 1 ... 
INFO  @ Wed, 22 Feb 2023 16:35:17: Thread 0 started. 
INFO  @ Wed, 22 Feb 2023 16:35:17: Thread 0: total 18006 instances. 
INFO  @ Wed, 22 Feb 2023 16:35:17: Thread 0: Calculating A1CF (1) ...  
INFO  @ Wed, 22 Feb 2023 16:35:20: Thread 0: Calculating ARNT2 (1001) ...  
INFO  @ Wed, 22 Feb 2023 16:35:23: Thread 0: Calculating C2orf44 (2001) ...  
INFO  @ Wed, 22 Feb 2023 16:35:26: Thread 0: Calculating CERS6 (3001) ...  
INFO  @ Wed, 22 Feb 2023 16:35:29: Thread 0: Calculating DBH (4001) ...  
INFO  @ Wed, 22 Feb 2023 16:35:31: Thread 0: Calculating ERCC6L2 (5001) ...  
INFO  @ Wed, 22 Feb 2023 16:35:34: Thread 0: Calculating GANC (6001) ...  
INFO  @ Wed, 22 Feb 2023 16:35:37: Thread 0: Calculating HMBS (7001) ...  
INFO  @ Wed, 22 Feb 2023 16:35:40: Thread 0: Calculating KIAA1147 (8001) ...  
INFO  @ Wed, 22 Feb 2023 16:35:43: Thread 0: Calculating MAGOH (9001) ...  
INFO  @ Wed, 22 Feb 2023 16:35:46: Thread 0: Calculating NANOS3 (10001) ...  
INFO  @ Wed, 22 Feb 2023 16:35:48: Thread 0: Calculating PAXIP1 (11001) ...  
INFO  @ Wed, 22 Feb 2023 16:35:51: Thread 0: Calculating PRG4 (12001) ...  
INFO  @ Wed, 22 Feb 2023 16:35:54: Thread 0: Calculating RNF151 (13001) ...  
INFO  @ Wed, 22 Feb 2023 16:35:57: Thread 0: Calculating SLC25A11 (14001) ...  
INFO  @ Wed, 22 Feb 2023 16:36:00: Thread 0: Calculating SUMO4 (15001) ...  
INFO  @ Wed, 22 Feb 2023 16:36:03: Thread 0: Calculating TNKS2 (16001) ...  
INFO  @ Wed, 22 Feb 2023 16:36:06: Thread 0: Calculating WDHD1 (17001) ...  
INFO  @ Wed, 22 Feb 2023 16:36:08: Thread 0: Calculating ZYG11A (18001) ...  
INFO  @ Wed, 22 Feb 2023 16:36:08: Thread 0 completed. 
INFO  @ Wed, 22 Feb 2023 16:36:08: All threads completed. 
INFO  @ Wed, 22 Feb 2023 16:36:11: Assigning p values... 
INFO  @ Wed, 22 Feb 2023 16:36:11: Permuting groups of gene with 3 sgRNAs per gene. Group progress: 3/22 
INFO  @ Wed, 22 Feb 2023 16:36:11: Start permuting 2 rounds ... 
INFO  @ Wed, 22 Feb 2023 16:36:11: Collecting 90025 sgRNAs from 18006 genes. 
INFO  @ Wed, 22 Feb 2023 16:36:13: Permuting round 0 ... 
INFO  @ Wed, 22 Feb 2023 16:36:13: Thread 0 started. 
INFO  @ Wed, 22 Feb 2023 16:36:13: Thread 0: total 18006 instances. 
INFO  @ Wed, 22 Feb 2023 16:36:13: Thread 0: Calculating A1CF (1) ...  
INFO  @ Wed, 22 Feb 2023 16:36:16: Thread 0: Calculating ARNT2 (1001) ...  
INFO  @ Wed, 22 Feb 2023 16:36:20: Thread 0: Calculating C2orf44 (2001) ...  
INFO  @ Wed, 22 Feb 2023 16:36:24: Thread 0: Calculating CERS6 (3001) ...  
INFO  @ Wed, 22 Feb 2023 16:36:27: Thread 0: Calculating DBH (4001) ...  
INFO  @ Wed, 22 Feb 2023 16:36:31: Thread 0: Calculating ERCC6L2 (5001) ...  
INFO  @ Wed, 22 Feb 2023 16:36:34: Thread 0: Calculating GANC (6001) ...  
INFO  @ Wed, 22 Feb 2023 16:36:38: Thread 0: Calculating HMBS (7001) ...  
INFO  @ Wed, 22 Feb 2023 16:36:42: Thread 0: Calculating KIAA1147 (8001) ...  
INFO  @ Wed, 22 Feb 2023 16:36:45: Thread 0: Calculating MAGOH (9001) ...  
INFO  @ Wed, 22 Feb 2023 16:36:49: Thread 0: Calculating NANOS3 (10001) ...  
INFO  @ Wed, 22 Feb 2023 16:36:52: Thread 0: Calculating PAXIP1 (11001) ...  
INFO  @ Wed, 22 Feb 2023 16:36:56: Thread 0: Calculating PRG4 (12001) ...  
INFO  @ Wed, 22 Feb 2023 16:36:59: Thread 0: Calculating RNF151 (13001) ...  
INFO  @ Wed, 22 Feb 2023 16:37:03: Thread 0: Calculating SLC25A11 (14001) ...  
INFO  @ Wed, 22 Feb 2023 16:37:06: Thread 0: Calculating SUMO4 (15001) ...  
INFO  @ Wed, 22 Feb 2023 16:37:10: Thread 0: Calculating TNKS2 (16001) ...  
INFO  @ Wed, 22 Feb 2023 16:37:14: Thread 0: Calculating WDHD1 (17001) ...  
INFO  @ Wed, 22 Feb 2023 16:37:17: Thread 0: Calculating ZYG11A (18001) ...  
INFO  @ Wed, 22 Feb 2023 16:37:17: Thread 0 completed. 
INFO  @ Wed, 22 Feb 2023 16:37:17: All threads completed. 
INFO  @ Wed, 22 Feb 2023 16:37:20: Permuting round 1 ... 
INFO  @ Wed, 22 Feb 2023 16:37:20: Thread 0 started. 
INFO  @ Wed, 22 Feb 2023 16:37:20: Thread 0: total 18006 instances. 
INFO  @ Wed, 22 Feb 2023 16:37:20: Thread 0: Calculating A1CF (1) ...  
INFO  @ Wed, 22 Feb 2023 16:37:24: Thread 0: Calculating ARNT2 (1001) ...  
INFO  @ Wed, 22 Feb 2023 16:37:27: Thread 0: Calculating C2orf44 (2001) ...  
INFO  @ Wed, 22 Feb 2023 16:37:31: Thread 0: Calculating CERS6 (3001) ...  
INFO  @ Wed, 22 Feb 2023 16:37:35: Thread 0: Calculating DBH (4001) ...  
INFO  @ Wed, 22 Feb 2023 16:37:38: Thread 0: Calculating ERCC6L2 (5001) ...  
INFO  @ Wed, 22 Feb 2023 16:37:42: Thread 0: Calculating GANC (6001) ...  
INFO  @ Wed, 22 Feb 2023 16:37:45: Thread 0: Calculating HMBS (7001) ...  
INFO  @ Wed, 22 Feb 2023 16:37:49: Thread 0: Calculating KIAA1147 (8001) ...  
INFO  @ Wed, 22 Feb 2023 16:37:53: Thread 0: Calculating MAGOH (9001) ...  
INFO  @ Wed, 22 Feb 2023 16:37:56: Thread 0: Calculating NANOS3 (10001) ...  
INFO  @ Wed, 22 Feb 2023 16:38:00: Thread 0: Calculating PAXIP1 (11001) ...  
INFO  @ Wed, 22 Feb 2023 16:38:03: Thread 0: Calculating PRG4 (12001) ...  
INFO  @ Wed, 22 Feb 2023 16:38:07: Thread 0: Calculating RNF151 (13001) ...  
INFO  @ Wed, 22 Feb 2023 16:38:10: Thread 0: Calculating SLC25A11 (14001) ...  
INFO  @ Wed, 22 Feb 2023 16:38:14: Thread 0: Calculating SUMO4 (15001) ...  
INFO  @ Wed, 22 Feb 2023 16:38:18: Thread 0: Calculating TNKS2 (16001) ...  
INFO  @ Wed, 22 Feb 2023 16:38:21: Thread 0: Calculating WDHD1 (17001) ...  
INFO  @ Wed, 22 Feb 2023 16:38:25: Thread 0: Calculating ZYG11A (18001) ...  
INFO  @ Wed, 22 Feb 2023 16:38:25: Thread 0 completed. 
INFO  @ Wed, 22 Feb 2023 16:38:25: All threads completed. 
INFO  @ Wed, 22 Feb 2023 16:38:27: Assigning p values... 
INFO  @ Wed, 22 Feb 2023 16:38:27: Permuting groups of gene with 4 sgRNAs per gene. Group progress: 4/22 
INFO  @ Wed, 22 Feb 2023 16:38:27: Start permuting 2 rounds ... 
INFO  @ Wed, 22 Feb 2023 16:38:28: Collecting 90025 sgRNAs from 18006 genes. 
INFO  @ Wed, 22 Feb 2023 16:38:29: Permuting round 0 ... 
INFO  @ Wed, 22 Feb 2023 16:38:29: Thread 0 started. 
INFO  @ Wed, 22 Feb 2023 16:38:29: Thread 0: total 18006 instances. 
INFO  @ Wed, 22 Feb 2023 16:38:29: Thread 0: Calculating A1CF (1) ...  
INFO  @ Wed, 22 Feb 2023 16:38:33: Thread 0: Calculating ARNT2 (1001) ...  
INFO  @ Wed, 22 Feb 2023 16:38:37: Thread 0: Calculating C2orf44 (2001) ...  
INFO  @ Wed, 22 Feb 2023 16:38:41: Thread 0: Calculating CERS6 (3001) ...  
INFO  @ Wed, 22 Feb 2023 16:38:44: Thread 0: Calculating DBH (4001) ...  
INFO  @ Wed, 22 Feb 2023 16:38:48: Thread 0: Calculating ERCC6L2 (5001) ...  
INFO  @ Wed, 22 Feb 2023 16:38:52: Thread 0: Calculating GANC (6001) ...  
INFO  @ Wed, 22 Feb 2023 16:38:56: Thread 0: Calculating HMBS (7001) ...  
INFO  @ Wed, 22 Feb 2023 16:38:59: Thread 0: Calculating KIAA1147 (8001) ...  
INFO  @ Wed, 22 Feb 2023 16:39:03: Thread 0: Calculating MAGOH (9001) ...  
INFO  @ Wed, 22 Feb 2023 16:39:07: Thread 0: Calculating NANOS3 (10001) ...  
INFO  @ Wed, 22 Feb 2023 16:39:11: Thread 0: Calculating PAXIP1 (11001) ...  
INFO  @ Wed, 22 Feb 2023 16:39:15: Thread 0: Calculating PRG4 (12001) ...  
INFO  @ Wed, 22 Feb 2023 16:39:19: Thread 0: Calculating RNF151 (13001) ...  
INFO  @ Wed, 22 Feb 2023 16:39:22: Thread 0: Calculating SLC25A11 (14001) ...  
INFO  @ Wed, 22 Feb 2023 16:39:26: Thread 0: Calculating SUMO4 (15001) ...  
INFO  @ Wed, 22 Feb 2023 16:39:30: Thread 0: Calculating TNKS2 (16001) ...  
INFO  @ Wed, 22 Feb 2023 16:39:34: Thread 0: Calculating WDHD1 (17001) ...  
INFO  @ Wed, 22 Feb 2023 16:39:37: Thread 0: Calculating ZYG11A (18001) ...  
INFO  @ Wed, 22 Feb 2023 16:39:37: Thread 0 completed. 
INFO  @ Wed, 22 Feb 2023 16:39:37: All threads completed. 
INFO  @ Wed, 22 Feb 2023 16:39:40: Permuting round 1 ... 
INFO  @ Wed, 22 Feb 2023 16:39:41: Thread 0 started. 
INFO  @ Wed, 22 Feb 2023 16:39:41: Thread 0: total 18006 instances. 
INFO  @ Wed, 22 Feb 2023 16:39:41: Thread 0: Calculating A1CF (1) ...  
INFO  @ Wed, 22 Feb 2023 16:39:44: Thread 0: Calculating ARNT2 (1001) ...  
INFO  @ Wed, 22 Feb 2023 16:39:48: Thread 0: Calculating C2orf44 (2001) ...  
INFO  @ Wed, 22 Feb 2023 16:39:52: Thread 0: Calculating CERS6 (3001) ...  
INFO  @ Wed, 22 Feb 2023 16:39:56: Thread 0: Calculating DBH (4001) ...  
INFO  @ Wed, 22 Feb 2023 16:39:59: Thread 0: Calculating ERCC6L2 (5001) ...  
INFO  @ Wed, 22 Feb 2023 16:40:03: Thread 0: Calculating GANC (6001) ...  
INFO  @ Wed, 22 Feb 2023 16:40:07: Thread 0: Calculating HMBS (7001) ...  
INFO  @ Wed, 22 Feb 2023 16:40:11: Thread 0: Calculating KIAA1147 (8001) ...  
INFO  @ Wed, 22 Feb 2023 16:40:15: Thread 0: Calculating MAGOH (9001) ...  
INFO  @ Wed, 22 Feb 2023 16:40:18: Thread 0: Calculating NANOS3 (10001) ...  
INFO  @ Wed, 22 Feb 2023 16:40:22: Thread 0: Calculating PAXIP1 (11001) ...  
INFO  @ Wed, 22 Feb 2023 16:40:26: Thread 0: Calculating PRG4 (12001) ...  
INFO  @ Wed, 22 Feb 2023 16:40:30: Thread 0: Calculating RNF151 (13001) ...  
INFO  @ Wed, 22 Feb 2023 16:40:34: Thread 0: Calculating SLC25A11 (14001) ...  
INFO  @ Wed, 22 Feb 2023 16:40:38: Thread 0: Calculating SUMO4 (15001) ...  
INFO  @ Wed, 22 Feb 2023 16:40:41: Thread 0: Calculating TNKS2 (16001) ...  
INFO  @ Wed, 22 Feb 2023 16:40:45: Thread 0: Calculating WDHD1 (17001) ...  
INFO  @ Wed, 22 Feb 2023 16:40:49: Thread 0: Calculating ZYG11A (18001) ...  
INFO  @ Wed, 22 Feb 2023 16:40:49: Thread 0 completed. 
INFO  @ Wed, 22 Feb 2023 16:40:49: All threads completed. 
INFO  @ Wed, 22 Feb 2023 16:40:52: Assigning p values... 
INFO  @ Wed, 22 Feb 2023 16:40:52: Permuting groups of gene with 5 sgRNAs per gene. Group progress: 5/22 
INFO  @ Wed, 22 Feb 2023 16:40:52: Start permuting 2 rounds ... 
INFO  @ Wed, 22 Feb 2023 16:40:52: Collecting 90025 sgRNAs from 18006 genes. 
INFO  @ Wed, 22 Feb 2023 16:40:53: Permuting round 0 ... 
INFO  @ Wed, 22 Feb 2023 16:40:54: Thread 0 started. 
INFO  @ Wed, 22 Feb 2023 16:40:54: Thread 0: total 18006 instances. 
INFO  @ Wed, 22 Feb 2023 16:40:54: Thread 0: Calculating A1CF (1) ...  
INFO  @ Wed, 22 Feb 2023 16:40:58: Thread 0: Calculating ARNT2 (1001) ...  
INFO  @ Wed, 22 Feb 2023 16:41:02: Thread 0: Calculating C2orf44 (2001) ...  
INFO  @ Wed, 22 Feb 2023 16:41:06: Thread 0: Calculating CERS6 (3001) ...  
INFO  @ Wed, 22 Feb 2023 16:41:10: Thread 0: Calculating DBH (4001) ...  
INFO  @ Wed, 22 Feb 2023 16:41:13: Thread 0: Calculating ERCC6L2 (5001) ...  
INFO  @ Wed, 22 Feb 2023 16:41:17: Thread 0: Calculating GANC (6001) ...  
INFO  @ Wed, 22 Feb 2023 16:41:21: Thread 0: Calculating HMBS (7001) ...  
INFO  @ Wed, 22 Feb 2023 16:41:25: Thread 0: Calculating KIAA1147 (8001) ...  
INFO  @ Wed, 22 Feb 2023 16:41:29: Thread 0: Calculating MAGOH (9001) ...  
INFO  @ Wed, 22 Feb 2023 16:41:33: Thread 0: Calculating NANOS3 (10001) ...  
INFO  @ Wed, 22 Feb 2023 16:41:37: Thread 0: Calculating PAXIP1 (11001) ...  
INFO  @ Wed, 22 Feb 2023 16:41:41: Thread 0: Calculating PRG4 (12001) ...  
INFO  @ Wed, 22 Feb 2023 16:41:45: Thread 0: Calculating RNF151 (13001) ...  
INFO  @ Wed, 22 Feb 2023 16:41:49: Thread 0: Calculating SLC25A11 (14001) ...  
INFO  @ Wed, 22 Feb 2023 16:41:53: Thread 0: Calculating SUMO4 (15001) ...  
INFO  @ Wed, 22 Feb 2023 16:41:56: Thread 0: Calculating TNKS2 (16001) ...  
INFO  @ Wed, 22 Feb 2023 16:42:00: Thread 0: Calculating WDHD1 (17001) ...  
INFO  @ Wed, 22 Feb 2023 16:42:04: Thread 0: Calculating ZYG11A (18001) ...  
INFO  @ Wed, 22 Feb 2023 16:42:04: Thread 0 completed. 
INFO  @ Wed, 22 Feb 2023 16:42:04: All threads completed. 
INFO  @ Wed, 22 Feb 2023 16:42:07: Permuting round 1 ... 
INFO  @ Wed, 22 Feb 2023 16:42:08: Thread 0 started. 
INFO  @ Wed, 22 Feb 2023 16:42:08: Thread 0: total 18006 instances. 
INFO  @ Wed, 22 Feb 2023 16:42:08: Thread 0: Calculating A1CF (1) ...  
INFO  @ Wed, 22 Feb 2023 16:42:12: Thread 0: Calculating ARNT2 (1001) ...  
INFO  @ Wed, 22 Feb 2023 16:42:16: Thread 0: Calculating C2orf44 (2001) ...  
INFO  @ Wed, 22 Feb 2023 16:42:20: Thread 0: Calculating CERS6 (3001) ...  
INFO  @ Wed, 22 Feb 2023 16:42:23: Thread 0: Calculating DBH (4001) ...  
INFO  @ Wed, 22 Feb 2023 16:42:27: Thread 0: Calculating ERCC6L2 (5001) ...  
INFO  @ Wed, 22 Feb 2023 16:42:31: Thread 0: Calculating GANC (6001) ...  
INFO  @ Wed, 22 Feb 2023 16:42:35: Thread 0: Calculating HMBS (7001) ...  
INFO  @ Wed, 22 Feb 2023 16:42:39: Thread 0: Calculating KIAA1147 (8001) ...  
INFO  @ Wed, 22 Feb 2023 16:42:43: Thread 0: Calculating MAGOH (9001) ...  
INFO  @ Wed, 22 Feb 2023 16:42:47: Thread 0: Calculating NANOS3 (10001) ...  
INFO  @ Wed, 22 Feb 2023 16:42:51: Thread 0: Calculating PAXIP1 (11001) ...  
INFO  @ Wed, 22 Feb 2023 16:42:55: Thread 0: Calculating PRG4 (12001) ...  
INFO  @ Wed, 22 Feb 2023 16:42:59: Thread 0: Calculating RNF151 (13001) ...  
INFO  @ Wed, 22 Feb 2023 16:43:03: Thread 0: Calculating SLC25A11 (14001) ...  
INFO  @ Wed, 22 Feb 2023 16:43:06: Thread 0: Calculating SUMO4 (15001) ...  
INFO  @ Wed, 22 Feb 2023 16:43:10: Thread 0: Calculating TNKS2 (16001) ...  
INFO  @ Wed, 22 Feb 2023 16:43:15: Thread 0: Calculating WDHD1 (17001) ...  
INFO  @ Wed, 22 Feb 2023 16:43:18: Thread 0: Calculating ZYG11A (18001) ...  
INFO  @ Wed, 22 Feb 2023 16:43:19: Thread 0 completed. 
INFO  @ Wed, 22 Feb 2023 16:43:19: All threads completed. 
INFO  @ Wed, 22 Feb 2023 16:43:21: Assigning p values... 
INFO  @ Wed, 22 Feb 2023 16:43:23: Permuting groups of gene with 6 sgRNAs per gene. Group progress: 6/22 
INFO  @ Wed, 22 Feb 2023 16:43:23: Start permuting 2 rounds ... 
INFO  @ Wed, 22 Feb 2023 16:43:23: Collecting 90025 sgRNAs from 18006 genes. 
INFO  @ Wed, 22 Feb 2023 16:43:24: Permuting round 0 ... 
INFO  @ Wed, 22 Feb 2023 16:43:24: Thread 0 started. 
INFO  @ Wed, 22 Feb 2023 16:43:24: Thread 0: total 18006 instances. 
INFO  @ Wed, 22 Feb 2023 16:43:24: Thread 0: Calculating A1CF (1) ...  
INFO  @ Wed, 22 Feb 2023 16:43:29: Thread 0: Calculating ARNT2 (1001) ...  
INFO  @ Wed, 22 Feb 2023 16:43:33: Thread 0: Calculating C2orf44 (2001) ...  
INFO  @ Wed, 22 Feb 2023 16:43:37: Thread 0: Calculating CERS6 (3001) ...  
INFO  @ Wed, 22 Feb 2023 16:43:41: Thread 0: Calculating DBH (4001) ...  
INFO  @ Wed, 22 Feb 2023 16:43:45: Thread 0: Calculating ERCC6L2 (5001) ...  
INFO  @ Wed, 22 Feb 2023 16:43:49: Thread 0: Calculating GANC (6001) ...  
INFO  @ Wed, 22 Feb 2023 16:43:53: Thread 0: Calculating HMBS (7001) ...  
INFO  @ Wed, 22 Feb 2023 16:43:57: Thread 0: Calculating KIAA1147 (8001) ...  
INFO  @ Wed, 22 Feb 2023 16:44:01: Thread 0: Calculating MAGOH (9001) ...  
INFO  @ Wed, 22 Feb 2023 16:44:05: Thread 0: Calculating NANOS3 (10001) ...  
INFO  @ Wed, 22 Feb 2023 16:44:09: Thread 0: Calculating PAXIP1 (11001) ...  
INFO  @ Wed, 22 Feb 2023 16:44:13: Thread 0: Calculating PRG4 (12001) ...  
INFO  @ Wed, 22 Feb 2023 16:44:17: Thread 0: Calculating RNF151 (13001) ...  
INFO  @ Wed, 22 Feb 2023 16:44:22: Thread 0: Calculating SLC25A11 (14001) ...  
INFO  @ Wed, 22 Feb 2023 16:44:26: Thread 0: Calculating SUMO4 (15001) ...  
INFO  @ Wed, 22 Feb 2023 16:44:30: Thread 0: Calculating TNKS2 (16001) ...  
INFO  @ Wed, 22 Feb 2023 16:44:34: Thread 0: Calculating WDHD1 (17001) ...  
INFO  @ Wed, 22 Feb 2023 16:44:38: Thread 0: Calculating ZYG11A (18001) ...  
INFO  @ Wed, 22 Feb 2023 16:44:38: Thread 0 completed. 
INFO  @ Wed, 22 Feb 2023 16:44:38: All threads completed. 
INFO  @ Wed, 22 Feb 2023 16:44:41: Permuting round 1 ... 
INFO  @ Wed, 22 Feb 2023 16:44:42: Thread 0 started. 
INFO  @ Wed, 22 Feb 2023 16:44:42: Thread 0: total 18006 instances. 
INFO  @ Wed, 22 Feb 2023 16:44:42: Thread 0: Calculating A1CF (1) ...  
INFO  @ Wed, 22 Feb 2023 16:44:46: Thread 0: Calculating ARNT2 (1001) ...  
INFO  @ Wed, 22 Feb 2023 16:44:50: Thread 0: Calculating C2orf44 (2001) ...  
INFO  @ Wed, 22 Feb 2023 16:44:54: Thread 0: Calculating CERS6 (3001) ...  
INFO  @ Wed, 22 Feb 2023 16:44:58: Thread 0: Calculating DBH (4001) ...  
INFO  @ Wed, 22 Feb 2023 16:45:02: Thread 0: Calculating ERCC6L2 (5001) ...  
INFO  @ Wed, 22 Feb 2023 16:45:06: Thread 0: Calculating GANC (6001) ...  
INFO  @ Wed, 22 Feb 2023 16:45:10: Thread 0: Calculating HMBS (7001) ...  
INFO  @ Wed, 22 Feb 2023 16:45:14: Thread 0: Calculating KIAA1147 (8001) ...  
INFO  @ Wed, 22 Feb 2023 16:45:18: Thread 0: Calculating MAGOH (9001) ...  
INFO  @ Wed, 22 Feb 2023 16:45:23: Thread 0: Calculating NANOS3 (10001) ...  
INFO  @ Wed, 22 Feb 2023 16:45:27: Thread 0: Calculating PAXIP1 (11001) ...  
INFO  @ Wed, 22 Feb 2023 16:45:31: Thread 0: Calculating PRG4 (12001) ...  
INFO  @ Wed, 22 Feb 2023 16:45:35: Thread 0: Calculating RNF151 (13001) ...  
INFO  @ Wed, 22 Feb 2023 16:45:39: Thread 0: Calculating SLC25A11 (14001) ...  
INFO  @ Wed, 22 Feb 2023 16:45:43: Thread 0: Calculating SUMO4 (15001) ...  
INFO  @ Wed, 22 Feb 2023 16:45:47: Thread 0: Calculating TNKS2 (16001) ...  
INFO  @ Wed, 22 Feb 2023 16:45:52: Thread 0: Calculating WDHD1 (17001) ...  
INFO  @ Wed, 22 Feb 2023 16:45:56: Thread 0: Calculating ZYG11A (18001) ...  
INFO  @ Wed, 22 Feb 2023 16:45:56: Thread 0 completed. 
INFO  @ Wed, 22 Feb 2023 16:45:56: All threads completed. 
INFO  @ Wed, 22 Feb 2023 16:45:59: Assigning p values... 
INFO  @ Wed, 22 Feb 2023 16:45:59: Permuting groups of gene with 7 sgRNAs per gene. Group progress: 7/22 
INFO  @ Wed, 22 Feb 2023 16:45:59: Start permuting 2 rounds ... 
INFO  @ Wed, 22 Feb 2023 16:46:00: Collecting 90025 sgRNAs from 18006 genes. 
INFO  @ Wed, 22 Feb 2023 16:46:01: Permuting round 0 ... 
INFO  @ Wed, 22 Feb 2023 16:46:01: Thread 0 started. 
INFO  @ Wed, 22 Feb 2023 16:46:01: Thread 0: total 18006 instances. 
INFO  @ Wed, 22 Feb 2023 16:46:01: Thread 0: Calculating A1CF (1) ...  
INFO  @ Wed, 22 Feb 2023 16:46:05: Thread 0: Calculating ARNT2 (1001) ...  
INFO  @ Wed, 22 Feb 2023 16:46:09: Thread 0: Calculating C2orf44 (2001) ...  
INFO  @ Wed, 22 Feb 2023 16:46:14: Thread 0: Calculating CERS6 (3001) ...  
INFO  @ Wed, 22 Feb 2023 16:46:18: Thread 0: Calculating DBH (4001) ...  
INFO  @ Wed, 22 Feb 2023 16:46:22: Thread 0: Calculating ERCC6L2 (5001) ...  
INFO  @ Wed, 22 Feb 2023 16:46:26: Thread 0: Calculating GANC (6001) ...  
INFO  @ Wed, 22 Feb 2023 16:46:31: Thread 0: Calculating HMBS (7001) ...  
INFO  @ Wed, 22 Feb 2023 16:46:35: Thread 0: Calculating KIAA1147 (8001) ...  
INFO  @ Wed, 22 Feb 2023 16:46:39: Thread 0: Calculating MAGOH (9001) ...  
INFO  @ Wed, 22 Feb 2023 16:46:43: Thread 0: Calculating NANOS3 (10001) ...  
INFO  @ Wed, 22 Feb 2023 16:46:47: Thread 0: Calculating PAXIP1 (11001) ...  
INFO  @ Wed, 22 Feb 2023 16:46:52: Thread 0: Calculating PRG4 (12001) ...  
INFO  @ Wed, 22 Feb 2023 16:46:56: Thread 0: Calculating RNF151 (13001) ...  
INFO  @ Wed, 22 Feb 2023 16:47:00: Thread 0: Calculating SLC25A11 (14001) ...  
INFO  @ Wed, 22 Feb 2023 16:47:04: Thread 0: Calculating SUMO4 (15001) ...  
INFO  @ Wed, 22 Feb 2023 16:47:09: Thread 0: Calculating TNKS2 (16001) ...  
INFO  @ Wed, 22 Feb 2023 16:47:13: Thread 0: Calculating WDHD1 (17001) ...  
INFO  @ Wed, 22 Feb 2023 16:47:17: Thread 0: Calculating ZYG11A (18001) ...  
INFO  @ Wed, 22 Feb 2023 16:47:17: Thread 0 completed. 
INFO  @ Wed, 22 Feb 2023 16:47:17: All threads completed. 
INFO  @ Wed, 22 Feb 2023 16:47:21: Permuting round 1 ... 
INFO  @ Wed, 22 Feb 2023 16:47:21: Thread 0 started. 
INFO  @ Wed, 22 Feb 2023 16:47:21: Thread 0: total 18006 instances. 
INFO  @ Wed, 22 Feb 2023 16:47:21: Thread 0: Calculating A1CF (1) ...  
INFO  @ Wed, 22 Feb 2023 16:47:25: Thread 0: Calculating ARNT2 (1001) ...  
INFO  @ Wed, 22 Feb 2023 16:47:30: Thread 0: Calculating C2orf44 (2001) ...  
INFO  @ Wed, 22 Feb 2023 16:47:34: Thread 0: Calculating CERS6 (3001) ...  
INFO  @ Wed, 22 Feb 2023 16:47:38: Thread 0: Calculating DBH (4001) ...  
INFO  @ Wed, 22 Feb 2023 16:47:43: Thread 0: Calculating ERCC6L2 (5001) ...  
INFO  @ Wed, 22 Feb 2023 16:47:47: Thread 0: Calculating GANC (6001) ...  
INFO  @ Wed, 22 Feb 2023 16:47:51: Thread 0: Calculating HMBS (7001) ...  
INFO  @ Wed, 22 Feb 2023 16:47:56: Thread 0: Calculating KIAA1147 (8001) ...  
INFO  @ Wed, 22 Feb 2023 16:48:00: Thread 0: Calculating MAGOH (9001) ...  
INFO  @ Wed, 22 Feb 2023 16:48:04: Thread 0: Calculating NANOS3 (10001) ...  
INFO  @ Wed, 22 Feb 2023 16:48:08: Thread 0: Calculating PAXIP1 (11001) ...  
INFO  @ Wed, 22 Feb 2023 16:48:13: Thread 0: Calculating PRG4 (12001) ...  
INFO  @ Wed, 22 Feb 2023 16:48:17: Thread 0: Calculating RNF151 (13001) ...  
INFO  @ Wed, 22 Feb 2023 16:48:21: Thread 0: Calculating SLC25A11 (14001) ...  
INFO  @ Wed, 22 Feb 2023 16:48:26: Thread 0: Calculating SUMO4 (15001) ...  
INFO  @ Wed, 22 Feb 2023 16:48:30: Thread 0: Calculating TNKS2 (16001) ...  
INFO  @ Wed, 22 Feb 2023 16:48:34: Thread 0: Calculating WDHD1 (17001) ...  
INFO  @ Wed, 22 Feb 2023 16:48:38: Thread 0: Calculating ZYG11A (18001) ...  
INFO  @ Wed, 22 Feb 2023 16:48:39: Thread 0 completed. 
INFO  @ Wed, 22 Feb 2023 16:48:39: All threads completed. 
INFO  @ Wed, 22 Feb 2023 16:48:42: Assigning p values... 
INFO  @ Wed, 22 Feb 2023 16:48:42: Permuting groups of gene with 8 sgRNAs per gene. Group progress: 8/22 
INFO  @ Wed, 22 Feb 2023 16:48:42: Start permuting 2 rounds ... 
INFO  @ Wed, 22 Feb 2023 16:48:42: Collecting 90025 sgRNAs from 18006 genes. 
INFO  @ Wed, 22 Feb 2023 16:48:43: Permuting round 0 ... 
INFO  @ Wed, 22 Feb 2023 16:48:44: Thread 0 started. 
INFO  @ Wed, 22 Feb 2023 16:48:44: Thread 0: total 18006 instances. 
INFO  @ Wed, 22 Feb 2023 16:48:44: Thread 0: Calculating A1CF (1) ...  
INFO  @ Wed, 22 Feb 2023 16:48:48: Thread 0: Calculating ARNT2 (1001) ...  
INFO  @ Wed, 22 Feb 2023 16:48:53: Thread 0: Calculating C2orf44 (2001) ...  
INFO  @ Wed, 22 Feb 2023 16:48:57: Thread 0: Calculating CERS6 (3001) ...  
INFO  @ Wed, 22 Feb 2023 16:49:01: Thread 0: Calculating DBH (4001) ...  
INFO  @ Wed, 22 Feb 2023 16:49:06: Thread 0: Calculating ERCC6L2 (5001) ...  
INFO  @ Wed, 22 Feb 2023 16:49:10: Thread 0: Calculating GANC (6001) ...  
INFO  @ Wed, 22 Feb 2023 16:49:14: Thread 0: Calculating HMBS (7001) ...  
INFO  @ Wed, 22 Feb 2023 16:49:19: Thread 0: Calculating KIAA1147 (8001) ...  
INFO  @ Wed, 22 Feb 2023 16:49:24: Thread 0: Calculating MAGOH (9001) ...  
INFO  @ Wed, 22 Feb 2023 16:49:28: Thread 0: Calculating NANOS3 (10001) ...  
INFO  @ Wed, 22 Feb 2023 16:49:32: Thread 0: Calculating PAXIP1 (11001) ...  
INFO  @ Wed, 22 Feb 2023 16:49:37: Thread 0: Calculating PRG4 (12001) ...  
INFO  @ Wed, 22 Feb 2023 16:49:41: Thread 0: Calculating RNF151 (13001) ...  
INFO  @ Wed, 22 Feb 2023 16:49:45: Thread 0: Calculating SLC25A11 (14001) ...  
INFO  @ Wed, 22 Feb 2023 16:49:50: Thread 0: Calculating SUMO4 (15001) ...  
INFO  @ Wed, 22 Feb 2023 16:49:54: Thread 0: Calculating TNKS2 (16001) ...  
INFO  @ Wed, 22 Feb 2023 16:49:59: Thread 0: Calculating WDHD1 (17001) ...  
INFO  @ Wed, 22 Feb 2023 16:50:03: Thread 0: Calculating ZYG11A (18001) ...  
INFO  @ Wed, 22 Feb 2023 16:50:03: Thread 0 completed. 
INFO  @ Wed, 22 Feb 2023 16:50:03: All threads completed. 
INFO  @ Wed, 22 Feb 2023 16:50:06: Permuting round 1 ... 
INFO  @ Wed, 22 Feb 2023 16:50:07: Thread 0 started. 
INFO  @ Wed, 22 Feb 2023 16:50:07: Thread 0: total 18006 instances. 
INFO  @ Wed, 22 Feb 2023 16:50:07: Thread 0: Calculating A1CF (1) ...  
INFO  @ Wed, 22 Feb 2023 16:50:11: Thread 0: Calculating ARNT2 (1001) ...  
INFO  @ Wed, 22 Feb 2023 16:50:15: Thread 0: Calculating C2orf44 (2001) ...  
INFO  @ Wed, 22 Feb 2023 16:50:20: Thread 0: Calculating CERS6 (3001) ...  
INFO  @ Wed, 22 Feb 2023 16:50:24: Thread 0: Calculating DBH (4001) ...  
INFO  @ Wed, 22 Feb 2023 16:50:29: Thread 0: Calculating ERCC6L2 (5001) ...  
INFO  @ Wed, 22 Feb 2023 16:50:33: Thread 0: Calculating GANC (6001) ...  
INFO  @ Wed, 22 Feb 2023 16:50:38: Thread 0: Calculating HMBS (7001) ...  
INFO  @ Wed, 22 Feb 2023 16:50:42: Thread 0: Calculating KIAA1147 (8001) ...  
INFO  @ Wed, 22 Feb 2023 16:50:47: Thread 0: Calculating MAGOH (9001) ...  
INFO  @ Wed, 22 Feb 2023 16:50:51: Thread 0: Calculating NANOS3 (10001) ...  
INFO  @ Wed, 22 Feb 2023 16:50:56: Thread 0: Calculating PAXIP1 (11001) ...  
INFO  @ Wed, 22 Feb 2023 16:51:00: Thread 0: Calculating PRG4 (12001) ...  
INFO  @ Wed, 22 Feb 2023 16:51:05: Thread 0: Calculating RNF151 (13001) ...  
INFO  @ Wed, 22 Feb 2023 16:51:09: Thread 0: Calculating SLC25A11 (14001) ...  
INFO  @ Wed, 22 Feb 2023 16:51:13: Thread 0: Calculating SUMO4 (15001) ...  
INFO  @ Wed, 22 Feb 2023 16:51:18: Thread 0: Calculating TNKS2 (16001) ...  
INFO  @ Wed, 22 Feb 2023 16:51:22: Thread 0: Calculating WDHD1 (17001) ...  
INFO  @ Wed, 22 Feb 2023 16:51:27: Thread 0: Calculating ZYG11A (18001) ...  
INFO  @ Wed, 22 Feb 2023 16:51:27: Thread 0 completed. 
INFO  @ Wed, 22 Feb 2023 16:51:27: All threads completed. 
INFO  @ Wed, 22 Feb 2023 16:51:30: Assigning p values... 
INFO  @ Wed, 22 Feb 2023 16:51:30: Permuting groups of gene with 9 sgRNAs per gene. Group progress: 9/22 
INFO  @ Wed, 22 Feb 2023 16:51:30: Start permuting 2 rounds ... 
INFO  @ Wed, 22 Feb 2023 16:51:30: Collecting 90025 sgRNAs from 18006 genes. 
INFO  @ Wed, 22 Feb 2023 16:51:32: Permuting round 0 ... 
INFO  @ Wed, 22 Feb 2023 16:51:32: Thread 0 started. 
INFO  @ Wed, 22 Feb 2023 16:51:32: Thread 0: total 18006 instances. 
INFO  @ Wed, 22 Feb 2023 16:51:32: Thread 0: Calculating A1CF (1) ...  
INFO  @ Wed, 22 Feb 2023 16:51:37: Thread 0: Calculating ARNT2 (1001) ...  
INFO  @ Wed, 22 Feb 2023 16:51:41: Thread 0: Calculating C2orf44 (2001) ...  
INFO  @ Wed, 22 Feb 2023 16:51:46: Thread 0: Calculating CERS6 (3001) ...  
INFO  @ Wed, 22 Feb 2023 16:51:50: Thread 0: Calculating DBH (4001) ...  
INFO  @ Wed, 22 Feb 2023 16:51:55: Thread 0: Calculating ERCC6L2 (5001) ...  
INFO  @ Wed, 22 Feb 2023 16:51:59: Thread 0: Calculating GANC (6001) ...  
INFO  @ Wed, 22 Feb 2023 16:52:04: Thread 0: Calculating HMBS (7001) ...  
INFO  @ Wed, 22 Feb 2023 16:52:09: Thread 0: Calculating KIAA1147 (8001) ...  
INFO  @ Wed, 22 Feb 2023 16:52:13: Thread 0: Calculating MAGOH (9001) ...  
INFO  @ Wed, 22 Feb 2023 16:52:18: Thread 0: Calculating NANOS3 (10001) ...  
INFO  @ Wed, 22 Feb 2023 16:52:22: Thread 0: Calculating PAXIP1 (11001) ...  
INFO  @ Wed, 22 Feb 2023 16:52:27: Thread 0: Calculating PRG4 (12001) ...  
INFO  @ Wed, 22 Feb 2023 16:52:31: Thread 0: Calculating RNF151 (13001) ...  
INFO  @ Wed, 22 Feb 2023 16:52:36: Thread 0: Calculating SLC25A11 (14001) ...  
INFO  @ Wed, 22 Feb 2023 16:52:40: Thread 0: Calculating SUMO4 (15001) ...  
INFO  @ Wed, 22 Feb 2023 16:52:45: Thread 0: Calculating TNKS2 (16001) ...  
INFO  @ Wed, 22 Feb 2023 16:52:50: Thread 0: Calculating WDHD1 (17001) ...  
INFO  @ Wed, 22 Feb 2023 16:52:54: Thread 0: Calculating ZYG11A (18001) ...  
INFO  @ Wed, 22 Feb 2023 16:52:54: Thread 0 completed. 
INFO  @ Wed, 22 Feb 2023 16:52:54: All threads completed. 
INFO  @ Wed, 22 Feb 2023 16:52:57: Permuting round 1 ... 
INFO  @ Wed, 22 Feb 2023 16:52:58: Thread 0 started. 
INFO  @ Wed, 22 Feb 2023 16:52:58: Thread 0: total 18006 instances. 
INFO  @ Wed, 22 Feb 2023 16:52:58: Thread 0: Calculating A1CF (1) ...  
INFO  @ Wed, 22 Feb 2023 16:53:02: Thread 0: Calculating ARNT2 (1001) ...  
INFO  @ Wed, 22 Feb 2023 16:53:07: Thread 0: Calculating C2orf44 (2001) ...  
INFO  @ Wed, 22 Feb 2023 16:53:12: Thread 0: Calculating CERS6 (3001) ...  
INFO  @ Wed, 22 Feb 2023 16:53:16: Thread 0: Calculating DBH (4001) ...  
INFO  @ Wed, 22 Feb 2023 16:53:21: Thread 0: Calculating ERCC6L2 (5001) ...  
INFO  @ Wed, 22 Feb 2023 16:53:25: Thread 0: Calculating GANC (6001) ...  
INFO  @ Wed, 22 Feb 2023 16:53:30: Thread 0: Calculating HMBS (7001) ...  
INFO  @ Wed, 22 Feb 2023 16:53:34: Thread 0: Calculating KIAA1147 (8001) ...  
INFO  @ Wed, 22 Feb 2023 16:53:39: Thread 0: Calculating MAGOH (9001) ...  
INFO  @ Wed, 22 Feb 2023 16:53:44: Thread 0: Calculating NANOS3 (10001) ...  
INFO  @ Wed, 22 Feb 2023 16:53:48: Thread 0: Calculating PAXIP1 (11001) ...  
INFO  @ Wed, 22 Feb 2023 16:53:53: Thread 0: Calculating PRG4 (12001) ...  
INFO  @ Wed, 22 Feb 2023 16:53:57: Thread 0: Calculating RNF151 (13001) ...  
INFO  @ Wed, 22 Feb 2023 16:54:02: Thread 0: Calculating SLC25A11 (14001) ...  
INFO  @ Wed, 22 Feb 2023 16:54:07: Thread 0: Calculating SUMO4 (15001) ...  
INFO  @ Wed, 22 Feb 2023 16:54:11: Thread 0: Calculating TNKS2 (16001) ...  
INFO  @ Wed, 22 Feb 2023 16:54:16: Thread 0: Calculating WDHD1 (17001) ...  
INFO  @ Wed, 22 Feb 2023 16:54:20: Thread 0: Calculating ZYG11A (18001) ...  
INFO  @ Wed, 22 Feb 2023 16:54:20: Thread 0 completed. 
INFO  @ Wed, 22 Feb 2023 16:54:20: All threads completed. 
INFO  @ Wed, 22 Feb 2023 16:54:24: Assigning p values... 
INFO  @ Wed, 22 Feb 2023 16:54:24: Permuting groups of gene with 10 sgRNAs per gene. Group progress: 10/22 
INFO  @ Wed, 22 Feb 2023 16:54:24: Start permuting 2 rounds ... 
INFO  @ Wed, 22 Feb 2023 16:54:24: Collecting 90025 sgRNAs from 18006 genes. 
INFO  @ Wed, 22 Feb 2023 16:54:25: Permuting round 0 ... 
INFO  @ Wed, 22 Feb 2023 16:54:26: Thread 0 started. 
INFO  @ Wed, 22 Feb 2023 16:54:26: Thread 0: total 18006 instances. 
INFO  @ Wed, 22 Feb 2023 16:54:26: Thread 0: Calculating A1CF (1) ...  
INFO  @ Wed, 22 Feb 2023 16:54:31: Thread 0: Calculating ARNT2 (1001) ...  
INFO  @ Wed, 22 Feb 2023 16:54:35: Thread 0: Calculating C2orf44 (2001) ...  
INFO  @ Wed, 22 Feb 2023 16:54:40: Thread 0: Calculating CERS6 (3001) ...  
INFO  @ Wed, 22 Feb 2023 16:54:45: Thread 0: Calculating DBH (4001) ...  
INFO  @ Wed, 22 Feb 2023 16:54:49: Thread 0: Calculating ERCC6L2 (5001) ...  
INFO  @ Wed, 22 Feb 2023 16:54:54: Thread 0: Calculating GANC (6001) ...  
INFO  @ Wed, 22 Feb 2023 16:54:59: Thread 0: Calculating HMBS (7001) ...  
INFO  @ Wed, 22 Feb 2023 16:55:03: Thread 0: Calculating KIAA1147 (8001) ...  
INFO  @ Wed, 22 Feb 2023 16:55:08: Thread 0: Calculating MAGOH (9001) ...  
INFO  @ Wed, 22 Feb 2023 16:55:13: Thread 0: Calculating NANOS3 (10001) ...  
INFO  @ Wed, 22 Feb 2023 16:55:17: Thread 0: Calculating PAXIP1 (11001) ...  
INFO  @ Wed, 22 Feb 2023 16:55:22: Thread 0: Calculating PRG4 (12001) ...  
INFO  @ Wed, 22 Feb 2023 16:55:27: Thread 0: Calculating RNF151 (13001) ...  
INFO  @ Wed, 22 Feb 2023 16:55:31: Thread 0: Calculating SLC25A11 (14001) ...  
INFO  @ Wed, 22 Feb 2023 16:55:36: Thread 0: Calculating SUMO4 (15001) ...  
INFO  @ Wed, 22 Feb 2023 16:55:41: Thread 0: Calculating TNKS2 (16001) ...  
INFO  @ Wed, 22 Feb 2023 16:55:45: Thread 0: Calculating WDHD1 (17001) ...  
INFO  @ Wed, 22 Feb 2023 16:55:50: Thread 0: Calculating ZYG11A (18001) ...  
INFO  @ Wed, 22 Feb 2023 16:55:50: Thread 0 completed. 
INFO  @ Wed, 22 Feb 2023 16:55:50: All threads completed. 
INFO  @ Wed, 22 Feb 2023 16:55:53: Permuting round 1 ... 
INFO  @ Wed, 22 Feb 2023 16:55:54: Thread 0 started. 
INFO  @ Wed, 22 Feb 2023 16:55:54: Thread 0: total 18006 instances. 
INFO  @ Wed, 22 Feb 2023 16:55:54: Thread 0: Calculating A1CF (1) ...  
INFO  @ Wed, 22 Feb 2023 16:55:58: Thread 0: Calculating ARNT2 (1001) ...  
INFO  @ Wed, 22 Feb 2023 16:56:03: Thread 0: Calculating C2orf44 (2001) ...  
INFO  @ Wed, 22 Feb 2023 16:56:08: Thread 0: Calculating CERS6 (3001) ...  
INFO  @ Wed, 22 Feb 2023 16:56:13: Thread 0: Calculating DBH (4001) ...  
INFO  @ Wed, 22 Feb 2023 16:56:17: Thread 0: Calculating ERCC6L2 (5001) ...  
INFO  @ Wed, 22 Feb 2023 16:56:22: Thread 0: Calculating GANC (6001) ...  
INFO  @ Wed, 22 Feb 2023 16:56:27: Thread 0: Calculating HMBS (7001) ...  
INFO  @ Wed, 22 Feb 2023 16:56:32: Thread 0: Calculating KIAA1147 (8001) ...  
INFO  @ Wed, 22 Feb 2023 16:56:36: Thread 0: Calculating MAGOH (9001) ...  
INFO  @ Wed, 22 Feb 2023 16:56:41: Thread 0: Calculating NANOS3 (10001) ...  
INFO  @ Wed, 22 Feb 2023 16:56:46: Thread 0: Calculating PAXIP1 (11001) ...  
INFO  @ Wed, 22 Feb 2023 16:56:50: Thread 0: Calculating PRG4 (12001) ...  
INFO  @ Wed, 22 Feb 2023 16:56:55: Thread 0: Calculating RNF151 (13001) ...  
INFO  @ Wed, 22 Feb 2023 16:57:00: Thread 0: Calculating SLC25A11 (14001) ...  
INFO  @ Wed, 22 Feb 2023 16:57:04: Thread 0: Calculating SUMO4 (15001) ...  
INFO  @ Wed, 22 Feb 2023 16:57:09: Thread 0: Calculating TNKS2 (16001) ...  
INFO  @ Wed, 22 Feb 2023 16:57:14: Thread 0: Calculating WDHD1 (17001) ...  
INFO  @ Wed, 22 Feb 2023 16:57:18: Thread 0: Calculating ZYG11A (18001) ...  
INFO  @ Wed, 22 Feb 2023 16:57:18: Thread 0 completed. 
INFO  @ Wed, 22 Feb 2023 16:57:18: All threads completed. 
INFO  @ Wed, 22 Feb 2023 16:57:22: Assigning p values... 
INFO  @ Wed, 22 Feb 2023 16:57:22: Permuting groups of gene with 11 sgRNAs per gene. Group progress: 11/22 
INFO  @ Wed, 22 Feb 2023 16:57:22: Start permuting 2 rounds ... 
INFO  @ Wed, 22 Feb 2023 16:57:22: Collecting 90025 sgRNAs from 18006 genes. 
INFO  @ Wed, 22 Feb 2023 16:57:23: Permuting round 0 ... 
INFO  @ Wed, 22 Feb 2023 16:57:24: Thread 0 started. 
INFO  @ Wed, 22 Feb 2023 16:57:24: Thread 0: total 18006 instances. 
INFO  @ Wed, 22 Feb 2023 16:57:24: Thread 0: Calculating A1CF (1) ...  
INFO  @ Wed, 22 Feb 2023 16:57:29: Thread 0: Calculating ARNT2 (1001) ...  
INFO  @ Wed, 22 Feb 2023 16:57:34: Thread 0: Calculating C2orf44 (2001) ...  
INFO  @ Wed, 22 Feb 2023 16:57:38: Thread 0: Calculating CERS6 (3001) ...  
INFO  @ Wed, 22 Feb 2023 16:57:43: Thread 0: Calculating DBH (4001) ...  
INFO  @ Wed, 22 Feb 2023 16:57:48: Thread 0: Calculating ERCC6L2 (5001) ...  
INFO  @ Wed, 22 Feb 2023 16:57:53: Thread 0: Calculating GANC (6001) ...  
INFO  @ Wed, 22 Feb 2023 16:57:57: Thread 0: Calculating HMBS (7001) ...  
INFO  @ Wed, 22 Feb 2023 16:58:02: Thread 0: Calculating KIAA1147 (8001) ...  
INFO  @ Wed, 22 Feb 2023 16:58:07: Thread 0: Calculating MAGOH (9001) ...  
INFO  @ Wed, 22 Feb 2023 16:58:12: Thread 0: Calculating NANOS3 (10001) ...  
INFO  @ Wed, 22 Feb 2023 16:58:17: Thread 0: Calculating PAXIP1 (11001) ...  
INFO  @ Wed, 22 Feb 2023 16:58:21: Thread 0: Calculating PRG4 (12001) ...  
INFO  @ Wed, 22 Feb 2023 16:58:26: Thread 0: Calculating RNF151 (13001) ...  
INFO  @ Wed, 22 Feb 2023 16:58:31: Thread 0: Calculating SLC25A11 (14001) ...  
INFO  @ Wed, 22 Feb 2023 16:58:36: Thread 0: Calculating SUMO4 (15001) ...  
INFO  @ Wed, 22 Feb 2023 16:58:40: Thread 0: Calculating TNKS2 (16001) ...  
INFO  @ Wed, 22 Feb 2023 16:58:45: Thread 0: Calculating WDHD1 (17001) ...  
INFO  @ Wed, 22 Feb 2023 16:58:50: Thread 0: Calculating ZYG11A (18001) ...  
INFO  @ Wed, 22 Feb 2023 16:58:50: Thread 0 completed. 
INFO  @ Wed, 22 Feb 2023 16:58:50: All threads completed. 
INFO  @ Wed, 22 Feb 2023 16:58:53: Permuting round 1 ... 
INFO  @ Wed, 22 Feb 2023 16:58:54: Thread 0 started. 
INFO  @ Wed, 22 Feb 2023 16:58:54: Thread 0: total 18006 instances. 
INFO  @ Wed, 22 Feb 2023 16:58:54: Thread 0: Calculating A1CF (1) ...  
INFO  @ Wed, 22 Feb 2023 16:58:59: Thread 0: Calculating ARNT2 (1001) ...  
INFO  @ Wed, 22 Feb 2023 16:59:04: Thread 0: Calculating C2orf44 (2001) ...  
INFO  @ Wed, 22 Feb 2023 16:59:08: Thread 0: Calculating CERS6 (3001) ...  
INFO  @ Wed, 22 Feb 2023 16:59:13: Thread 0: Calculating DBH (4001) ...  
INFO  @ Wed, 22 Feb 2023 16:59:18: Thread 0: Calculating ERCC6L2 (5001) ...  
INFO  @ Wed, 22 Feb 2023 16:59:23: Thread 0: Calculating GANC (6001) ...  
INFO  @ Wed, 22 Feb 2023 16:59:28: Thread 0: Calculating HMBS (7001) ...  
INFO  @ Wed, 22 Feb 2023 16:59:33: Thread 0: Calculating KIAA1147 (8001) ...  
INFO  @ Wed, 22 Feb 2023 16:59:38: Thread 0: Calculating MAGOH (9001) ...  
INFO  @ Wed, 22 Feb 2023 16:59:42: Thread 0: Calculating NANOS3 (10001) ...  
INFO  @ Wed, 22 Feb 2023 16:59:47: Thread 0: Calculating PAXIP1 (11001) ...  
INFO  @ Wed, 22 Feb 2023 16:59:52: Thread 0: Calculating PRG4 (12001) ...  
INFO  @ Wed, 22 Feb 2023 16:59:57: Thread 0: Calculating RNF151 (13001) ...  
INFO  @ Wed, 22 Feb 2023 17:00:02: Thread 0: Calculating SLC25A11 (14001) ...  
INFO  @ Wed, 22 Feb 2023 17:00:07: Thread 0: Calculating SUMO4 (15001) ...  
INFO  @ Wed, 22 Feb 2023 17:00:11: Thread 0: Calculating TNKS2 (16001) ...  
INFO  @ Wed, 22 Feb 2023 17:00:16: Thread 0: Calculating WDHD1 (17001) ...  
INFO  @ Wed, 22 Feb 2023 17:00:21: Thread 0: Calculating ZYG11A (18001) ...  
INFO  @ Wed, 22 Feb 2023 17:00:21: Thread 0 completed. 
INFO  @ Wed, 22 Feb 2023 17:00:21: All threads completed. 
INFO  @ Wed, 22 Feb 2023 17:00:24: Assigning p values... 
INFO  @ Wed, 22 Feb 2023 17:00:25: Permuting groups of gene with 12 sgRNAs per gene. Group progress: 12/22 
INFO  @ Wed, 22 Feb 2023 17:00:25: Start permuting 2 rounds ... 
INFO  @ Wed, 22 Feb 2023 17:00:25: Collecting 90025 sgRNAs from 18006 genes. 
INFO  @ Wed, 22 Feb 2023 17:00:26: Permuting round 0 ... 
INFO  @ Wed, 22 Feb 2023 17:00:27: Thread 0 started. 
INFO  @ Wed, 22 Feb 2023 17:00:27: Thread 0: total 18006 instances. 
INFO  @ Wed, 22 Feb 2023 17:00:27: Thread 0: Calculating A1CF (1) ...  
INFO  @ Wed, 22 Feb 2023 17:00:32: Thread 0: Calculating ARNT2 (1001) ...  
INFO  @ Wed, 22 Feb 2023 17:00:36: Thread 0: Calculating C2orf44 (2001) ...  
INFO  @ Wed, 22 Feb 2023 17:00:41: Thread 0: Calculating CERS6 (3001) ...  
INFO  @ Wed, 22 Feb 2023 17:00:46: Thread 0: Calculating DBH (4001) ...  
INFO  @ Wed, 22 Feb 2023 17:00:51: Thread 0: Calculating ERCC6L2 (5001) ...  
INFO  @ Wed, 22 Feb 2023 17:00:56: Thread 0: Calculating GANC (6001) ...  
INFO  @ Wed, 22 Feb 2023 17:01:01: Thread 0: Calculating HMBS (7001) ...  
INFO  @ Wed, 22 Feb 2023 17:01:06: Thread 0: Calculating KIAA1147 (8001) ...  
INFO  @ Wed, 22 Feb 2023 17:01:11: Thread 0: Calculating MAGOH (9001) ...  
INFO  @ Wed, 22 Feb 2023 17:01:16: Thread 0: Calculating NANOS3 (10001) ...  
INFO  @ Wed, 22 Feb 2023 17:01:21: Thread 0: Calculating PAXIP1 (11001) ...  
INFO  @ Wed, 22 Feb 2023 17:01:26: Thread 0: Calculating PRG4 (12001) ...  
INFO  @ Wed, 22 Feb 2023 17:01:30: Thread 0: Calculating RNF151 (13001) ...  
INFO  @ Wed, 22 Feb 2023 17:01:36: Thread 0: Calculating SLC25A11 (14001) ...  
INFO  @ Wed, 22 Feb 2023 17:01:40: Thread 0: Calculating SUMO4 (15001) ...  
INFO  @ Wed, 22 Feb 2023 17:01:45: Thread 0: Calculating TNKS2 (16001) ...  
INFO  @ Wed, 22 Feb 2023 17:01:50: Thread 0: Calculating WDHD1 (17001) ...  
INFO  @ Wed, 22 Feb 2023 17:01:55: Thread 0: Calculating ZYG11A (18001) ...  
INFO  @ Wed, 22 Feb 2023 17:01:55: Thread 0 completed. 
INFO  @ Wed, 22 Feb 2023 17:01:55: All threads completed. 
INFO  @ Wed, 22 Feb 2023 17:01:58: Permuting round 1 ... 
INFO  @ Wed, 22 Feb 2023 17:01:59: Thread 0 started. 
INFO  @ Wed, 22 Feb 2023 17:01:59: Thread 0: total 18006 instances. 
INFO  @ Wed, 22 Feb 2023 17:01:59: Thread 0: Calculating A1CF (1) ...  
INFO  @ Wed, 22 Feb 2023 17:02:04: Thread 0: Calculating ARNT2 (1001) ...  
INFO  @ Wed, 22 Feb 2023 17:02:09: Thread 0: Calculating C2orf44 (2001) ...  
INFO  @ Wed, 22 Feb 2023 17:02:14: Thread 0: Calculating CERS6 (3001) ...  
INFO  @ Wed, 22 Feb 2023 17:02:19: Thread 0: Calculating DBH (4001) ...  
INFO  @ Wed, 22 Feb 2023 17:02:24: Thread 0: Calculating ERCC6L2 (5001) ...  
INFO  @ Wed, 22 Feb 2023 17:02:28: Thread 0: Calculating GANC (6001) ...  
INFO  @ Wed, 22 Feb 2023 17:02:33: Thread 0: Calculating HMBS (7001) ...  
INFO  @ Wed, 22 Feb 2023 17:02:38: Thread 0: Calculating KIAA1147 (8001) ...  
INFO  @ Wed, 22 Feb 2023 17:02:43: Thread 0: Calculating MAGOH (9001) ...  
INFO  @ Wed, 22 Feb 2023 17:02:48: Thread 0: Calculating NANOS3 (10001) ...  
INFO  @ Wed, 22 Feb 2023 17:02:53: Thread 0: Calculating PAXIP1 (11001) ...  
INFO  @ Wed, 22 Feb 2023 17:02:58: Thread 0: Calculating PRG4 (12001) ...  
INFO  @ Wed, 22 Feb 2023 17:03:03: Thread 0: Calculating RNF151 (13001) ...  
INFO  @ Wed, 22 Feb 2023 17:03:08: Thread 0: Calculating SLC25A11 (14001) ...  
INFO  @ Wed, 22 Feb 2023 17:03:13: Thread 0: Calculating SUMO4 (15001) ...  
INFO  @ Wed, 22 Feb 2023 17:03:18: Thread 0: Calculating TNKS2 (16001) ...  
INFO  @ Wed, 22 Feb 2023 17:03:23: Thread 0: Calculating WDHD1 (17001) ...  
INFO  @ Wed, 22 Feb 2023 17:03:28: Thread 0: Calculating ZYG11A (18001) ...  
INFO  @ Wed, 22 Feb 2023 17:03:28: Thread 0 completed. 
INFO  @ Wed, 22 Feb 2023 17:03:28: All threads completed. 
INFO  @ Wed, 22 Feb 2023 17:03:31: Assigning p values... 
INFO  @ Wed, 22 Feb 2023 17:03:32: Permuting groups of gene with 13 sgRNAs per gene. Group progress: 13/22 
INFO  @ Wed, 22 Feb 2023 17:03:32: Start permuting 2 rounds ... 
INFO  @ Wed, 22 Feb 2023 17:03:32: Collecting 90025 sgRNAs from 18006 genes. 
INFO  @ Wed, 22 Feb 2023 17:03:33: Permuting round 0 ... 
INFO  @ Wed, 22 Feb 2023 17:03:33: Thread 0 started. 
INFO  @ Wed, 22 Feb 2023 17:03:33: Thread 0: total 18006 instances. 
INFO  @ Wed, 22 Feb 2023 17:03:34: Thread 0: Calculating A1CF (1) ...  
INFO  @ Wed, 22 Feb 2023 17:03:39: Thread 0: Calculating ARNT2 (1001) ...  
INFO  @ Wed, 22 Feb 2023 17:03:44: Thread 0: Calculating C2orf44 (2001) ...  
INFO  @ Wed, 22 Feb 2023 17:03:49: Thread 0: Calculating CERS6 (3001) ...  
INFO  @ Wed, 22 Feb 2023 17:03:54: Thread 0: Calculating DBH (4001) ...  
INFO  @ Wed, 22 Feb 2023 17:03:59: Thread 0: Calculating ERCC6L2 (5001) ...  
INFO  @ Wed, 22 Feb 2023 17:04:04: Thread 0: Calculating GANC (6001) ...  
INFO  @ Wed, 22 Feb 2023 17:04:09: Thread 0: Calculating HMBS (7001) ...  
INFO  @ Wed, 22 Feb 2023 17:04:14: Thread 0: Calculating KIAA1147 (8001) ...  
INFO  @ Wed, 22 Feb 2023 17:04:19: Thread 0: Calculating MAGOH (9001) ...  
INFO  @ Wed, 22 Feb 2023 17:04:24: Thread 0: Calculating NANOS3 (10001) ...  
INFO  @ Wed, 22 Feb 2023 17:04:30: Thread 0: Calculating PAXIP1 (11001) ...  
INFO  @ Wed, 22 Feb 2023 17:04:35: Thread 0: Calculating PRG4 (12001) ...  
INFO  @ Wed, 22 Feb 2023 17:04:40: Thread 0: Calculating RNF151 (13001) ...  
INFO  @ Wed, 22 Feb 2023 17:04:45: Thread 0: Calculating SLC25A11 (14001) ...  
INFO  @ Wed, 22 Feb 2023 17:04:50: Thread 0: Calculating SUMO4 (15001) ...  
INFO  @ Wed, 22 Feb 2023 17:04:55: Thread 0: Calculating TNKS2 (16001) ...  
INFO  @ Wed, 22 Feb 2023 17:05:00: Thread 0: Calculating WDHD1 (17001) ...  
INFO  @ Wed, 22 Feb 2023 17:05:05: Thread 0: Calculating ZYG11A (18001) ...  
INFO  @ Wed, 22 Feb 2023 17:05:05: Thread 0 completed. 
INFO  @ Wed, 22 Feb 2023 17:05:05: All threads completed. 
INFO  @ Wed, 22 Feb 2023 17:05:08: Permuting round 1 ... 
INFO  @ Wed, 22 Feb 2023 17:05:09: Thread 0 started. 
INFO  @ Wed, 22 Feb 2023 17:05:09: Thread 0: total 18006 instances. 
INFO  @ Wed, 22 Feb 2023 17:05:09: Thread 0: Calculating A1CF (1) ...  
INFO  @ Wed, 22 Feb 2023 17:05:14: Thread 0: Calculating ARNT2 (1001) ...  
INFO  @ Wed, 22 Feb 2023 17:05:19: Thread 0: Calculating C2orf44 (2001) ...  
INFO  @ Wed, 22 Feb 2023 17:05:24: Thread 0: Calculating CERS6 (3001) ...  
INFO  @ Wed, 22 Feb 2023 17:05:29: Thread 0: Calculating DBH (4001) ...  
INFO  @ Wed, 22 Feb 2023 17:05:34: Thread 0: Calculating ERCC6L2 (5001) ...  
INFO  @ Wed, 22 Feb 2023 17:05:40: Thread 0: Calculating GANC (6001) ...  
INFO  @ Wed, 22 Feb 2023 17:05:45: Thread 0: Calculating HMBS (7001) ...  
INFO  @ Wed, 22 Feb 2023 17:05:50: Thread 0: Calculating KIAA1147 (8001) ...  
INFO  @ Wed, 22 Feb 2023 17:05:55: Thread 0: Calculating MAGOH (9001) ...  
INFO  @ Wed, 22 Feb 2023 17:06:00: Thread 0: Calculating NANOS3 (10001) ...  
INFO  @ Wed, 22 Feb 2023 17:06:05: Thread 0: Calculating PAXIP1 (11001) ...  
INFO  @ Wed, 22 Feb 2023 17:06:11: Thread 0: Calculating PRG4 (12001) ...  
INFO  @ Wed, 22 Feb 2023 17:06:16: Thread 0: Calculating RNF151 (13001) ...  
INFO  @ Wed, 22 Feb 2023 17:06:21: Thread 0: Calculating SLC25A11 (14001) ...  
INFO  @ Wed, 22 Feb 2023 17:06:26: Thread 0: Calculating SUMO4 (15001) ...  
INFO  @ Wed, 22 Feb 2023 17:06:31: Thread 0: Calculating TNKS2 (16001) ...  
INFO  @ Wed, 22 Feb 2023 17:06:36: Thread 0: Calculating WDHD1 (17001) ...  
INFO  @ Wed, 22 Feb 2023 17:06:41: Thread 0: Calculating ZYG11A (18001) ...  
INFO  @ Wed, 22 Feb 2023 17:06:41: Thread 0 completed. 
INFO  @ Wed, 22 Feb 2023 17:06:41: All threads completed. 
INFO  @ Wed, 22 Feb 2023 17:06:45: Assigning p values... 
INFO  @ Wed, 22 Feb 2023 17:06:45: Permuting groups of gene with 14 sgRNAs per gene. Group progress: 14/22 
INFO  @ Wed, 22 Feb 2023 17:06:45: Start permuting 2 rounds ... 
INFO  @ Wed, 22 Feb 2023 17:06:45: Collecting 90025 sgRNAs from 18006 genes. 
INFO  @ Wed, 22 Feb 2023 17:06:46: Permuting round 0 ... 
INFO  @ Wed, 22 Feb 2023 17:06:47: Thread 0 started. 
INFO  @ Wed, 22 Feb 2023 17:06:47: Thread 0: total 18006 instances. 
INFO  @ Wed, 22 Feb 2023 17:06:47: Thread 0: Calculating A1CF (1) ...  
INFO  @ Wed, 22 Feb 2023 17:06:52: Thread 0: Calculating ARNT2 (1001) ...  
INFO  @ Wed, 22 Feb 2023 17:06:57: Thread 0: Calculating C2orf44 (2001) ...  
INFO  @ Wed, 22 Feb 2023 17:07:03: Thread 0: Calculating CERS6 (3001) ...  
INFO  @ Wed, 22 Feb 2023 17:07:08: Thread 0: Calculating DBH (4001) ...  
INFO  @ Wed, 22 Feb 2023 17:07:13: Thread 0: Calculating ERCC6L2 (5001) ...  
INFO  @ Wed, 22 Feb 2023 17:07:18: Thread 0: Calculating GANC (6001) ...  
INFO  @ Wed, 22 Feb 2023 17:07:23: Thread 0: Calculating HMBS (7001) ...  
INFO  @ Wed, 22 Feb 2023 17:07:29: Thread 0: Calculating KIAA1147 (8001) ...  
INFO  @ Wed, 22 Feb 2023 17:07:34: Thread 0: Calculating MAGOH (9001) ...  
INFO  @ Wed, 22 Feb 2023 17:07:39: Thread 0: Calculating NANOS3 (10001) ...  
INFO  @ Wed, 22 Feb 2023 17:07:45: Thread 0: Calculating PAXIP1 (11001) ...  
INFO  @ Wed, 22 Feb 2023 17:07:50: Thread 0: Calculating PRG4 (12001) ...  
INFO  @ Wed, 22 Feb 2023 17:07:55: Thread 0: Calculating RNF151 (13001) ...  
INFO  @ Wed, 22 Feb 2023 17:08:00: Thread 0: Calculating SLC25A11 (14001) ...  
INFO  @ Wed, 22 Feb 2023 17:08:05: Thread 0: Calculating SUMO4 (15001) ...  
INFO  @ Wed, 22 Feb 2023 17:08:11: Thread 0: Calculating TNKS2 (16001) ...  
INFO  @ Wed, 22 Feb 2023 17:08:16: Thread 0: Calculating WDHD1 (17001) ...  
INFO  @ Wed, 22 Feb 2023 17:08:21: Thread 0: Calculating ZYG11A (18001) ...  
INFO  @ Wed, 22 Feb 2023 17:08:21: Thread 0 completed. 
INFO  @ Wed, 22 Feb 2023 17:08:21: All threads completed. 
INFO  @ Wed, 22 Feb 2023 17:08:24: Permuting round 1 ... 
INFO  @ Wed, 22 Feb 2023 17:08:25: Thread 0 started. 
INFO  @ Wed, 22 Feb 2023 17:08:25: Thread 0: total 18006 instances. 
INFO  @ Wed, 22 Feb 2023 17:08:25: Thread 0: Calculating A1CF (1) ...  
INFO  @ Wed, 22 Feb 2023 17:08:30: Thread 0: Calculating ARNT2 (1001) ...  
INFO  @ Wed, 22 Feb 2023 17:08:35: Thread 0: Calculating C2orf44 (2001) ...  
INFO  @ Wed, 22 Feb 2023 17:08:41: Thread 0: Calculating CERS6 (3001) ...  
INFO  @ Wed, 22 Feb 2023 17:08:46: Thread 0: Calculating DBH (4001) ...  
INFO  @ Wed, 22 Feb 2023 17:08:51: Thread 0: Calculating ERCC6L2 (5001) ...  
INFO  @ Wed, 22 Feb 2023 17:08:57: Thread 0: Calculating GANC (6001) ...  
INFO  @ Wed, 22 Feb 2023 17:09:02: Thread 0: Calculating HMBS (7001) ...  
INFO  @ Wed, 22 Feb 2023 17:09:07: Thread 0: Calculating KIAA1147 (8001) ...  
INFO  @ Wed, 22 Feb 2023 17:09:13: Thread 0: Calculating MAGOH (9001) ...  
INFO  @ Wed, 22 Feb 2023 17:09:18: Thread 0: Calculating NANOS3 (10001) ...  
INFO  @ Wed, 22 Feb 2023 17:09:23: Thread 0: Calculating PAXIP1 (11001) ...  
INFO  @ Wed, 22 Feb 2023 17:09:28: Thread 0: Calculating PRG4 (12001) ...  
INFO  @ Wed, 22 Feb 2023 17:09:34: Thread 0: Calculating RNF151 (13001) ...  
INFO  @ Wed, 22 Feb 2023 17:09:39: Thread 0: Calculating SLC25A11 (14001) ...  
INFO  @ Wed, 22 Feb 2023 17:09:44: Thread 0: Calculating SUMO4 (15001) ...  
INFO  @ Wed, 22 Feb 2023 17:09:49: Thread 0: Calculating TNKS2 (16001) ...  
INFO  @ Wed, 22 Feb 2023 17:09:55: Thread 0: Calculating WDHD1 (17001) ...  
INFO  @ Wed, 22 Feb 2023 17:10:00: Thread 0: Calculating ZYG11A (18001) ...  
INFO  @ Wed, 22 Feb 2023 17:10:00: Thread 0 completed. 
INFO  @ Wed, 22 Feb 2023 17:10:00: All threads completed. 
INFO  @ Wed, 22 Feb 2023 17:10:04: Assigning p values... 
INFO  @ Wed, 22 Feb 2023 17:10:04: Permuting groups of gene with 15 sgRNAs per gene. Group progress: 15/22 
INFO  @ Wed, 22 Feb 2023 17:10:04: Start permuting 2 rounds ... 
INFO  @ Wed, 22 Feb 2023 17:10:04: Collecting 90025 sgRNAs from 18006 genes. 
INFO  @ Wed, 22 Feb 2023 17:10:05: Permuting round 0 ... 
INFO  @ Wed, 22 Feb 2023 17:10:06: Thread 0 started. 
INFO  @ Wed, 22 Feb 2023 17:10:06: Thread 0: total 18006 instances. 
INFO  @ Wed, 22 Feb 2023 17:10:06: Thread 0: Calculating A1CF (1) ...  
INFO  @ Wed, 22 Feb 2023 17:10:11: Thread 0: Calculating ARNT2 (1001) ...  
INFO  @ Wed, 22 Feb 2023 17:10:17: Thread 0: Calculating C2orf44 (2001) ...  
INFO  @ Wed, 22 Feb 2023 17:10:22: Thread 0: Calculating CERS6 (3001) ...  
INFO  @ Wed, 22 Feb 2023 17:10:27: Thread 0: Calculating DBH (4001) ...  
INFO  @ Wed, 22 Feb 2023 17:10:33: Thread 0: Calculating ERCC6L2 (5001) ...  
INFO  @ Wed, 22 Feb 2023 17:10:38: Thread 0: Calculating GANC (6001) ...  
INFO  @ Wed, 22 Feb 2023 17:10:43: Thread 0: Calculating HMBS (7001) ...  
INFO  @ Wed, 22 Feb 2023 17:10:48: Thread 0: Calculating KIAA1147 (8001) ...  
INFO  @ Wed, 22 Feb 2023 17:10:54: Thread 0: Calculating MAGOH (9001) ...  
INFO  @ Wed, 22 Feb 2023 17:10:59: Thread 0: Calculating NANOS3 (10001) ...  
INFO  @ Wed, 22 Feb 2023 17:11:04: Thread 0: Calculating PAXIP1 (11001) ...  
INFO  @ Wed, 22 Feb 2023 17:11:10: Thread 0: Calculating PRG4 (12001) ...  
INFO  @ Wed, 22 Feb 2023 17:11:15: Thread 0: Calculating RNF151 (13001) ...  
INFO  @ Wed, 22 Feb 2023 17:11:20: Thread 0: Calculating SLC25A11 (14001) ...  
INFO  @ Wed, 22 Feb 2023 17:11:26: Thread 0: Calculating SUMO4 (15001) ...  
INFO  @ Wed, 22 Feb 2023 17:11:31: Thread 0: Calculating TNKS2 (16001) ...  
INFO  @ Wed, 22 Feb 2023 17:11:37: Thread 0: Calculating WDHD1 (17001) ...  
INFO  @ Wed, 22 Feb 2023 17:11:42: Thread 0: Calculating ZYG11A (18001) ...  
INFO  @ Wed, 22 Feb 2023 17:11:42: Thread 0 completed. 
INFO  @ Wed, 22 Feb 2023 17:11:42: All threads completed. 
INFO  @ Wed, 22 Feb 2023 17:11:45: Permuting round 1 ... 
INFO  @ Wed, 22 Feb 2023 17:11:46: Thread 0 started. 
INFO  @ Wed, 22 Feb 2023 17:11:46: Thread 0: total 18006 instances. 
INFO  @ Wed, 22 Feb 2023 17:11:46: Thread 0: Calculating A1CF (1) ...  
INFO  @ Wed, 22 Feb 2023 17:11:51: Thread 0: Calculating ARNT2 (1001) ...  
INFO  @ Wed, 22 Feb 2023 17:11:57: Thread 0: Calculating C2orf44 (2001) ...  
INFO  @ Wed, 22 Feb 2023 17:12:02: Thread 0: Calculating CERS6 (3001) ...  
INFO  @ Wed, 22 Feb 2023 17:12:08: Thread 0: Calculating DBH (4001) ...  
INFO  @ Wed, 22 Feb 2023 17:12:13: Thread 0: Calculating ERCC6L2 (5001) ...  
INFO  @ Wed, 22 Feb 2023 17:12:18: Thread 0: Calculating GANC (6001) ...  
INFO  @ Wed, 22 Feb 2023 17:12:24: Thread 0: Calculating HMBS (7001) ...  
INFO  @ Wed, 22 Feb 2023 17:12:29: Thread 0: Calculating KIAA1147 (8001) ...  
INFO  @ Wed, 22 Feb 2023 17:12:34: Thread 0: Calculating MAGOH (9001) ...  
INFO  @ Wed, 22 Feb 2023 17:12:40: Thread 0: Calculating NANOS3 (10001) ...  
INFO  @ Wed, 22 Feb 2023 17:12:45: Thread 0: Calculating PAXIP1 (11001) ...  
INFO  @ Wed, 22 Feb 2023 17:12:51: Thread 0: Calculating PRG4 (12001) ...  
INFO  @ Wed, 22 Feb 2023 17:12:56: Thread 0: Calculating RNF151 (13001) ...  
INFO  @ Wed, 22 Feb 2023 17:13:01: Thread 0: Calculating SLC25A11 (14001) ...  
INFO  @ Wed, 22 Feb 2023 17:13:07: Thread 0: Calculating SUMO4 (15001) ...  
INFO  @ Wed, 22 Feb 2023 17:13:12: Thread 0: Calculating TNKS2 (16001) ...  
INFO  @ Wed, 22 Feb 2023 17:13:17: Thread 0: Calculating WDHD1 (17001) ...  
INFO  @ Wed, 22 Feb 2023 17:13:23: Thread 0: Calculating ZYG11A (18001) ...  
INFO  @ Wed, 22 Feb 2023 17:13:23: Thread 0 completed. 
INFO  @ Wed, 22 Feb 2023 17:13:23: All threads completed. 
INFO  @ Wed, 22 Feb 2023 17:13:27: Assigning p values... 
INFO  @ Wed, 22 Feb 2023 17:13:27: Permuting groups of gene with 16 sgRNAs per gene. Group progress: 16/22 
INFO  @ Wed, 22 Feb 2023 17:13:27: Start permuting 2 rounds ... 
INFO  @ Wed, 22 Feb 2023 17:13:27: Collecting 90025 sgRNAs from 18006 genes. 
INFO  @ Wed, 22 Feb 2023 17:13:29: Permuting round 0 ... 
INFO  @ Wed, 22 Feb 2023 17:13:29: Thread 0 started. 
INFO  @ Wed, 22 Feb 2023 17:13:29: Thread 0: total 18006 instances. 
INFO  @ Wed, 22 Feb 2023 17:13:29: Thread 0: Calculating A1CF (1) ...  
INFO  @ Wed, 22 Feb 2023 17:13:35: Thread 0: Calculating ARNT2 (1001) ...  
INFO  @ Wed, 22 Feb 2023 17:13:40: Thread 0: Calculating C2orf44 (2001) ...  
INFO  @ Wed, 22 Feb 2023 17:13:46: Thread 0: Calculating CERS6 (3001) ...  
INFO  @ Wed, 22 Feb 2023 17:13:51: Thread 0: Calculating DBH (4001) ...  
INFO  @ Wed, 22 Feb 2023 17:13:57: Thread 0: Calculating ERCC6L2 (5001) ...  
INFO  @ Wed, 22 Feb 2023 17:14:02: Thread 0: Calculating GANC (6001) ...  
INFO  @ Wed, 22 Feb 2023 17:14:08: Thread 0: Calculating HMBS (7001) ...  
INFO  @ Wed, 22 Feb 2023 17:14:13: Thread 0: Calculating KIAA1147 (8001) ...  
INFO  @ Wed, 22 Feb 2023 17:14:19: Thread 0: Calculating MAGOH (9001) ...  
INFO  @ Wed, 22 Feb 2023 17:14:24: Thread 0: Calculating NANOS3 (10001) ...  
INFO  @ Wed, 22 Feb 2023 17:14:30: Thread 0: Calculating PAXIP1 (11001) ...  
INFO  @ Wed, 22 Feb 2023 17:14:35: Thread 0: Calculating PRG4 (12001) ...  
INFO  @ Wed, 22 Feb 2023 17:14:41: Thread 0: Calculating RNF151 (13001) ...  
INFO  @ Wed, 22 Feb 2023 17:14:46: Thread 0: Calculating SLC25A11 (14001) ...  
INFO  @ Wed, 22 Feb 2023 17:14:52: Thread 0: Calculating SUMO4 (15001) ...  
INFO  @ Wed, 22 Feb 2023 17:14:57: Thread 0: Calculating TNKS2 (16001) ...  
INFO  @ Wed, 22 Feb 2023 17:15:03: Thread 0: Calculating WDHD1 (17001) ...  
INFO  @ Wed, 22 Feb 2023 17:15:08: Thread 0: Calculating ZYG11A (18001) ...  
INFO  @ Wed, 22 Feb 2023 17:15:08: Thread 0 completed. 
INFO  @ Wed, 22 Feb 2023 17:15:08: All threads completed. 
INFO  @ Wed, 22 Feb 2023 17:15:12: Permuting round 1 ... 
INFO  @ Wed, 22 Feb 2023 17:15:13: Thread 0 started. 
INFO  @ Wed, 22 Feb 2023 17:15:13: Thread 0: total 18006 instances. 
INFO  @ Wed, 22 Feb 2023 17:15:13: Thread 0: Calculating A1CF (1) ...  
INFO  @ Wed, 22 Feb 2023 17:15:18: Thread 0: Calculating ARNT2 (1001) ...  
INFO  @ Wed, 22 Feb 2023 17:15:24: Thread 0: Calculating C2orf44 (2001) ...  
INFO  @ Wed, 22 Feb 2023 17:15:29: Thread 0: Calculating CERS6 (3001) ...  
INFO  @ Wed, 22 Feb 2023 17:15:35: Thread 0: Calculating DBH (4001) ...  
INFO  @ Wed, 22 Feb 2023 17:15:41: Thread 0: Calculating ERCC6L2 (5001) ...  
INFO  @ Wed, 22 Feb 2023 17:15:46: Thread 0: Calculating GANC (6001) ...  
INFO  @ Wed, 22 Feb 2023 17:15:52: Thread 0: Calculating HMBS (7001) ...  
INFO  @ Wed, 22 Feb 2023 17:15:57: Thread 0: Calculating KIAA1147 (8001) ...  
INFO  @ Wed, 22 Feb 2023 17:16:03: Thread 0: Calculating MAGOH (9001) ...  
INFO  @ Wed, 22 Feb 2023 17:16:09: Thread 0: Calculating NANOS3 (10001) ...  
INFO  @ Wed, 22 Feb 2023 17:16:14: Thread 0: Calculating PAXIP1 (11001) ...  
INFO  @ Wed, 22 Feb 2023 17:16:20: Thread 0: Calculating PRG4 (12001) ...  
INFO  @ Wed, 22 Feb 2023 17:16:25: Thread 0: Calculating RNF151 (13001) ...  
INFO  @ Wed, 22 Feb 2023 17:16:31: Thread 0: Calculating SLC25A11 (14001) ...  
INFO  @ Wed, 22 Feb 2023 17:16:37: Thread 0: Calculating SUMO4 (15001) ...  
INFO  @ Wed, 22 Feb 2023 17:16:42: Thread 0: Calculating TNKS2 (16001) ...  
INFO  @ Wed, 22 Feb 2023 17:16:48: Thread 0: Calculating WDHD1 (17001) ...  
INFO  @ Wed, 22 Feb 2023 17:16:54: Thread 0: Calculating ZYG11A (18001) ...  
INFO  @ Wed, 22 Feb 2023 17:16:54: Thread 0 completed. 
INFO  @ Wed, 22 Feb 2023 17:16:54: All threads completed. 
INFO  @ Wed, 22 Feb 2023 17:16:57: Assigning p values... 
INFO  @ Wed, 22 Feb 2023 17:16:57: Permuting groups of gene with 17 sgRNAs per gene. Group progress: 17/22 
INFO  @ Wed, 22 Feb 2023 17:16:57: Start permuting 2 rounds ... 
INFO  @ Wed, 22 Feb 2023 17:16:58: Collecting 90025 sgRNAs from 18006 genes. 
INFO  @ Wed, 22 Feb 2023 17:16:59: Permuting round 0 ... 
INFO  @ Wed, 22 Feb 2023 17:16:59: Thread 0 started. 
INFO  @ Wed, 22 Feb 2023 17:16:59: Thread 0: total 18006 instances. 
INFO  @ Wed, 22 Feb 2023 17:16:59: Thread 0: Calculating A1CF (1) ...  
INFO  @ Wed, 22 Feb 2023 17:17:05: Thread 0: Calculating ARNT2 (1001) ...  
INFO  @ Wed, 22 Feb 2023 17:17:11: Thread 0: Calculating C2orf44 (2001) ...  
INFO  @ Wed, 22 Feb 2023 17:17:17: Thread 0: Calculating CERS6 (3001) ...  
INFO  @ Wed, 22 Feb 2023 17:17:22: Thread 0: Calculating DBH (4001) ...  
INFO  @ Wed, 22 Feb 2023 17:17:28: Thread 0: Calculating ERCC6L2 (5001) ...  
INFO  @ Wed, 22 Feb 2023 17:17:34: Thread 0: Calculating GANC (6001) ...  
INFO  @ Wed, 22 Feb 2023 17:17:39: Thread 0: Calculating HMBS (7001) ...  
INFO  @ Wed, 22 Feb 2023 17:17:45: Thread 0: Calculating KIAA1147 (8001) ...  
INFO  @ Wed, 22 Feb 2023 17:17:51: Thread 0: Calculating MAGOH (9001) ...  
INFO  @ Wed, 22 Feb 2023 17:17:57: Thread 0: Calculating NANOS3 (10001) ...  
INFO  @ Wed, 22 Feb 2023 17:18:02: Thread 0: Calculating PAXIP1 (11001) ...  
INFO  @ Wed, 22 Feb 2023 17:18:08: Thread 0: Calculating PRG4 (12001) ...  
INFO  @ Wed, 22 Feb 2023 17:18:14: Thread 0: Calculating RNF151 (13001) ...  
INFO  @ Wed, 22 Feb 2023 17:18:19: Thread 0: Calculating SLC25A11 (14001) ...  
INFO  @ Wed, 22 Feb 2023 17:18:25: Thread 0: Calculating SUMO4 (15001) ...  
INFO  @ Wed, 22 Feb 2023 17:18:31: Thread 0: Calculating TNKS2 (16001) ...  
INFO  @ Wed, 22 Feb 2023 17:18:36: Thread 0: Calculating WDHD1 (17001) ...  
INFO  @ Wed, 22 Feb 2023 17:18:42: Thread 0: Calculating ZYG11A (18001) ...  
INFO  @ Wed, 22 Feb 2023 17:18:42: Thread 0 completed. 
INFO  @ Wed, 22 Feb 2023 17:18:42: All threads completed. 
INFO  @ Wed, 22 Feb 2023 17:18:46: Permuting round 1 ... 
INFO  @ Wed, 22 Feb 2023 17:18:46: Thread 0 started. 
INFO  @ Wed, 22 Feb 2023 17:18:46: Thread 0: total 18006 instances. 
INFO  @ Wed, 22 Feb 2023 17:18:46: Thread 0: Calculating A1CF (1) ...  
INFO  @ Wed, 22 Feb 2023 17:18:52: Thread 0: Calculating ARNT2 (1001) ...  
INFO  @ Wed, 22 Feb 2023 17:18:58: Thread 0: Calculating C2orf44 (2001) ...  
INFO  @ Wed, 22 Feb 2023 17:19:04: Thread 0: Calculating CERS6 (3001) ...  
INFO  @ Wed, 22 Feb 2023 17:19:09: Thread 0: Calculating DBH (4001) ...  
INFO  @ Wed, 22 Feb 2023 17:19:15: Thread 0: Calculating ERCC6L2 (5001) ...  
INFO  @ Wed, 22 Feb 2023 17:19:21: Thread 0: Calculating GANC (6001) ...  
INFO  @ Wed, 22 Feb 2023 17:19:27: Thread 0: Calculating HMBS (7001) ...  
INFO  @ Wed, 22 Feb 2023 17:19:32: Thread 0: Calculating KIAA1147 (8001) ...  
INFO  @ Wed, 22 Feb 2023 17:19:38: Thread 0: Calculating MAGOH (9001) ...  
INFO  @ Wed, 22 Feb 2023 17:19:44: Thread 0: Calculating NANOS3 (10001) ...  
INFO  @ Wed, 22 Feb 2023 17:19:50: Thread 0: Calculating PAXIP1 (11001) ...  
INFO  @ Wed, 22 Feb 2023 17:19:56: Thread 0: Calculating PRG4 (12001) ...  
INFO  @ Wed, 22 Feb 2023 17:20:01: Thread 0: Calculating RNF151 (13001) ...  
INFO  @ Wed, 22 Feb 2023 17:20:07: Thread 0: Calculating SLC25A11 (14001) ...  
INFO  @ Wed, 22 Feb 2023 17:20:13: Thread 0: Calculating SUMO4 (15001) ...  
INFO  @ Wed, 22 Feb 2023 17:20:19: Thread 0: Calculating TNKS2 (16001) ...  
INFO  @ Wed, 22 Feb 2023 17:20:24: Thread 0: Calculating WDHD1 (17001) ...  
INFO  @ Wed, 22 Feb 2023 17:20:30: Thread 0: Calculating ZYG11A (18001) ...  
INFO  @ Wed, 22 Feb 2023 17:20:30: Thread 0 completed. 
INFO  @ Wed, 22 Feb 2023 17:20:30: All threads completed. 
INFO  @ Wed, 22 Feb 2023 17:20:34: Assigning p values... 
INFO  @ Wed, 22 Feb 2023 17:20:34: Permuting groups of gene with 18 sgRNAs per gene. Group progress: 18/22 
INFO  @ Wed, 22 Feb 2023 17:20:34: Start permuting 2 rounds ... 
INFO  @ Wed, 22 Feb 2023 17:20:34: Collecting 90025 sgRNAs from 18006 genes. 
INFO  @ Wed, 22 Feb 2023 17:20:35: Permuting round 0 ... 
INFO  @ Wed, 22 Feb 2023 17:20:36: Thread 0 started. 
INFO  @ Wed, 22 Feb 2023 17:20:36: Thread 0: total 18006 instances. 
INFO  @ Wed, 22 Feb 2023 17:20:36: Thread 0: Calculating A1CF (1) ...  
INFO  @ Wed, 22 Feb 2023 17:20:42: Thread 0: Calculating ARNT2 (1001) ...  
INFO  @ Wed, 22 Feb 2023 17:20:48: Thread 0: Calculating C2orf44 (2001) ...  
INFO  @ Wed, 22 Feb 2023 17:20:54: Thread 0: Calculating CERS6 (3001) ...  
INFO  @ Wed, 22 Feb 2023 17:21:00: Thread 0: Calculating DBH (4001) ...  
INFO  @ Wed, 22 Feb 2023 17:21:06: Thread 0: Calculating ERCC6L2 (5001) ...  
INFO  @ Wed, 22 Feb 2023 17:21:12: Thread 0: Calculating GANC (6001) ...  
INFO  @ Wed, 22 Feb 2023 17:21:18: Thread 0: Calculating HMBS (7001) ...  
INFO  @ Wed, 22 Feb 2023 17:21:24: Thread 0: Calculating KIAA1147 (8001) ...  
INFO  @ Wed, 22 Feb 2023 17:21:30: Thread 0: Calculating MAGOH (9001) ...  
INFO  @ Wed, 22 Feb 2023 17:21:35: Thread 0: Calculating NANOS3 (10001) ...  
INFO  @ Wed, 22 Feb 2023 17:21:41: Thread 0: Calculating PAXIP1 (11001) ...  
INFO  @ Wed, 22 Feb 2023 17:21:47: Thread 0: Calculating PRG4 (12001) ...  
INFO  @ Wed, 22 Feb 2023 17:21:53: Thread 0: Calculating RNF151 (13001) ...  
INFO  @ Wed, 22 Feb 2023 17:21:59: Thread 0: Calculating SLC25A11 (14001) ...  
INFO  @ Wed, 22 Feb 2023 17:22:05: Thread 0: Calculating SUMO4 (15001) ...  
INFO  @ Wed, 22 Feb 2023 17:22:11: Thread 0: Calculating TNKS2 (16001) ...  
INFO  @ Wed, 22 Feb 2023 17:22:17: Thread 0: Calculating WDHD1 (17001) ...  
INFO  @ Wed, 22 Feb 2023 17:22:23: Thread 0: Calculating ZYG11A (18001) ...  
INFO  @ Wed, 22 Feb 2023 17:22:23: Thread 0 completed. 
INFO  @ Wed, 22 Feb 2023 17:22:23: All threads completed. 
INFO  @ Wed, 22 Feb 2023 17:22:27: Permuting round 1 ... 
INFO  @ Wed, 22 Feb 2023 17:22:27: Thread 0 started. 
INFO  @ Wed, 22 Feb 2023 17:22:27: Thread 0: total 18006 instances. 
INFO  @ Wed, 22 Feb 2023 17:22:27: Thread 0: Calculating A1CF (1) ...  
INFO  @ Wed, 22 Feb 2023 17:22:33: Thread 0: Calculating ARNT2 (1001) ...  
INFO  @ Wed, 22 Feb 2023 17:22:40: Thread 0: Calculating C2orf44 (2001) ...  
INFO  @ Wed, 22 Feb 2023 17:22:46: Thread 0: Calculating CERS6 (3001) ...  
INFO  @ Wed, 22 Feb 2023 17:22:52: Thread 0: Calculating DBH (4001) ...  
INFO  @ Wed, 22 Feb 2023 17:22:58: Thread 0: Calculating ERCC6L2 (5001) ...  
INFO  @ Wed, 22 Feb 2023 17:23:04: Thread 0: Calculating GANC (6001) ...  
INFO  @ Wed, 22 Feb 2023 17:23:11: Thread 0: Calculating HMBS (7001) ...  
INFO  @ Wed, 22 Feb 2023 17:23:17: Thread 0: Calculating KIAA1147 (8001) ...  
INFO  @ Wed, 22 Feb 2023 17:23:23: Thread 0: Calculating MAGOH (9001) ...  
INFO  @ Wed, 22 Feb 2023 17:23:29: Thread 0: Calculating NANOS3 (10001) ...  
INFO  @ Wed, 22 Feb 2023 17:23:36: Thread 0: Calculating PAXIP1 (11001) ...  
INFO  @ Wed, 22 Feb 2023 17:23:42: Thread 0: Calculating PRG4 (12001) ...  
INFO  @ Wed, 22 Feb 2023 17:23:48: Thread 0: Calculating RNF151 (13001) ...  
INFO  @ Wed, 22 Feb 2023 17:23:54: Thread 0: Calculating SLC25A11 (14001) ...  
INFO  @ Wed, 22 Feb 2023 17:24:00: Thread 0: Calculating SUMO4 (15001) ...  
INFO  @ Wed, 22 Feb 2023 17:24:07: Thread 0: Calculating TNKS2 (16001) ...  
INFO  @ Wed, 22 Feb 2023 17:24:13: Thread 0: Calculating WDHD1 (17001) ...  
INFO  @ Wed, 22 Feb 2023 17:24:19: Thread 0: Calculating ZYG11A (18001) ...  
INFO  @ Wed, 22 Feb 2023 17:24:19: Thread 0 completed. 
INFO  @ Wed, 22 Feb 2023 17:24:19: All threads completed. 
INFO  @ Wed, 22 Feb 2023 17:24:23: Assigning p values... 
INFO  @ Wed, 22 Feb 2023 17:24:23: Permuting groups of gene with 19 sgRNAs per gene. Group progress: 19/22 
INFO  @ Wed, 22 Feb 2023 17:24:23: Start permuting 2 rounds ... 
INFO  @ Wed, 22 Feb 2023 17:24:24: Collecting 90025 sgRNAs from 18006 genes. 
INFO  @ Wed, 22 Feb 2023 17:24:25: Permuting round 0 ... 
INFO  @ Wed, 22 Feb 2023 17:24:25: Thread 0 started. 
INFO  @ Wed, 22 Feb 2023 17:24:25: Thread 0: total 18006 instances. 
INFO  @ Wed, 22 Feb 2023 17:24:25: Thread 0: Calculating A1CF (1) ...  
INFO  @ Wed, 22 Feb 2023 17:24:32: Thread 0: Calculating ARNT2 (1001) ...  
INFO  @ Wed, 22 Feb 2023 17:24:38: Thread 0: Calculating C2orf44 (2001) ...  
INFO  @ Wed, 22 Feb 2023 17:24:44: Thread 0: Calculating CERS6 (3001) ...  
INFO  @ Wed, 22 Feb 2023 17:24:50: Thread 0: Calculating DBH (4001) ...  
INFO  @ Wed, 22 Feb 2023 17:24:56: Thread 0: Calculating ERCC6L2 (5001) ...  
INFO  @ Wed, 22 Feb 2023 17:25:02: Thread 0: Calculating GANC (6001) ...  
INFO  @ Wed, 22 Feb 2023 17:25:08: Thread 0: Calculating HMBS (7001) ...  
INFO  @ Wed, 22 Feb 2023 17:25:15: Thread 0: Calculating KIAA1147 (8001) ...  
INFO  @ Wed, 22 Feb 2023 17:25:21: Thread 0: Calculating MAGOH (9001) ...  
INFO  @ Wed, 22 Feb 2023 17:25:27: Thread 0: Calculating NANOS3 (10001) ...  
INFO  @ Wed, 22 Feb 2023 17:25:33: Thread 0: Calculating PAXIP1 (11001) ...  
INFO  @ Wed, 22 Feb 2023 17:25:39: Thread 0: Calculating PRG4 (12001) ...  
INFO  @ Wed, 22 Feb 2023 17:25:45: Thread 0: Calculating RNF151 (13001) ...  
INFO  @ Wed, 22 Feb 2023 17:25:52: Thread 0: Calculating SLC25A11 (14001) ...  
INFO  @ Wed, 22 Feb 2023 17:25:58: Thread 0: Calculating SUMO4 (15001) ...  
INFO  @ Wed, 22 Feb 2023 17:26:04: Thread 0: Calculating TNKS2 (16001) ...  
INFO  @ Wed, 22 Feb 2023 17:26:10: Thread 0: Calculating WDHD1 (17001) ...  
INFO  @ Wed, 22 Feb 2023 17:26:16: Thread 0: Calculating ZYG11A (18001) ...  
INFO  @ Wed, 22 Feb 2023 17:26:16: Thread 0 completed. 
INFO  @ Wed, 22 Feb 2023 17:26:16: All threads completed. 
INFO  @ Wed, 22 Feb 2023 17:26:20: Permuting round 1 ... 
INFO  @ Wed, 22 Feb 2023 17:26:21: Thread 0 started. 
INFO  @ Wed, 22 Feb 2023 17:26:21: Thread 0: total 18006 instances. 
INFO  @ Wed, 22 Feb 2023 17:26:21: Thread 0: Calculating A1CF (1) ...  
INFO  @ Wed, 22 Feb 2023 17:26:27: Thread 0: Calculating ARNT2 (1001) ...  
INFO  @ Wed, 22 Feb 2023 17:26:33: Thread 0: Calculating C2orf44 (2001) ...  
INFO  @ Wed, 22 Feb 2023 17:26:39: Thread 0: Calculating CERS6 (3001) ...  
INFO  @ Wed, 22 Feb 2023 17:26:46: Thread 0: Calculating DBH (4001) ...  
INFO  @ Wed, 22 Feb 2023 17:26:52: Thread 0: Calculating ERCC6L2 (5001) ...  
INFO  @ Wed, 22 Feb 2023 17:26:58: Thread 0: Calculating GANC (6001) ...  
INFO  @ Wed, 22 Feb 2023 17:27:04: Thread 0: Calculating HMBS (7001) ...  
INFO  @ Wed, 22 Feb 2023 17:27:11: Thread 0: Calculating KIAA1147 (8001) ...  
INFO  @ Wed, 22 Feb 2023 17:27:17: Thread 0: Calculating MAGOH (9001) ...  
INFO  @ Wed, 22 Feb 2023 17:27:23: Thread 0: Calculating NANOS3 (10001) ...  
INFO  @ Wed, 22 Feb 2023 17:27:30: Thread 0: Calculating PAXIP1 (11001) ...  
INFO  @ Wed, 22 Feb 2023 17:27:36: Thread 0: Calculating PRG4 (12001) ...  
INFO  @ Wed, 22 Feb 2023 17:27:42: Thread 0: Calculating RNF151 (13001) ...  
INFO  @ Wed, 22 Feb 2023 17:27:48: Thread 0: Calculating SLC25A11 (14001) ...  
INFO  @ Wed, 22 Feb 2023 17:27:55: Thread 0: Calculating SUMO4 (15001) ...  
INFO  @ Wed, 22 Feb 2023 17:28:01: Thread 0: Calculating TNKS2 (16001) ...  
INFO  @ Wed, 22 Feb 2023 17:28:07: Thread 0: Calculating WDHD1 (17001) ...  
INFO  @ Wed, 22 Feb 2023 17:28:14: Thread 0: Calculating ZYG11A (18001) ...  
INFO  @ Wed, 22 Feb 2023 17:28:14: Thread 0 completed. 
INFO  @ Wed, 22 Feb 2023 17:28:14: All threads completed. 
INFO  @ Wed, 22 Feb 2023 17:28:18: Assigning p values... 
INFO  @ Wed, 22 Feb 2023 17:28:18: Permuting groups of gene with 22 sgRNAs per gene. Group progress: 20/22 
INFO  @ Wed, 22 Feb 2023 17:28:18: Start permuting 2 rounds ... 
INFO  @ Wed, 22 Feb 2023 17:28:18: Collecting 90025 sgRNAs from 18006 genes. 
INFO  @ Wed, 22 Feb 2023 17:28:19: Permuting round 0 ... 
INFO  @ Wed, 22 Feb 2023 17:28:20: Thread 0 started. 
INFO  @ Wed, 22 Feb 2023 17:28:20: Thread 0: total 18006 instances. 
INFO  @ Wed, 22 Feb 2023 17:28:20: Thread 0: Calculating A1CF (1) ...  
INFO  @ Wed, 22 Feb 2023 17:28:27: Thread 0: Calculating ARNT2 (1001) ...  
INFO  @ Wed, 22 Feb 2023 17:28:34: Thread 0: Calculating C2orf44 (2001) ...  
INFO  @ Wed, 22 Feb 2023 17:28:41: Thread 0: Calculating CERS6 (3001) ...  
INFO  @ Wed, 22 Feb 2023 17:28:48: Thread 0: Calculating DBH (4001) ...  
INFO  @ Wed, 22 Feb 2023 17:28:55: Thread 0: Calculating ERCC6L2 (5001) ...  
INFO  @ Wed, 22 Feb 2023 17:29:02: Thread 0: Calculating GANC (6001) ...  
INFO  @ Wed, 22 Feb 2023 17:29:09: Thread 0: Calculating HMBS (7001) ...  
INFO  @ Wed, 22 Feb 2023 17:29:16: Thread 0: Calculating KIAA1147 (8001) ...  
INFO  @ Wed, 22 Feb 2023 17:29:23: Thread 0: Calculating MAGOH (9001) ...  
INFO  @ Wed, 22 Feb 2023 17:29:30: Thread 0: Calculating NANOS3 (10001) ...  
INFO  @ Wed, 22 Feb 2023 17:29:37: Thread 0: Calculating PAXIP1 (11001) ...  
INFO  @ Wed, 22 Feb 2023 17:29:44: Thread 0: Calculating PRG4 (12001) ...  
INFO  @ Wed, 22 Feb 2023 17:29:51: Thread 0: Calculating RNF151 (13001) ...  
INFO  @ Wed, 22 Feb 2023 17:29:58: Thread 0: Calculating SLC25A11 (14001) ...  
INFO  @ Wed, 22 Feb 2023 17:30:05: Thread 0: Calculating SUMO4 (15001) ...  
INFO  @ Wed, 22 Feb 2023 17:30:12: Thread 0: Calculating TNKS2 (16001) ...  
INFO  @ Wed, 22 Feb 2023 17:30:19: Thread 0: Calculating WDHD1 (17001) ...  
INFO  @ Wed, 22 Feb 2023 17:30:26: Thread 0: Calculating ZYG11A (18001) ...  
INFO  @ Wed, 22 Feb 2023 17:30:26: Thread 0 completed. 
INFO  @ Wed, 22 Feb 2023 17:30:26: All threads completed. 
INFO  @ Wed, 22 Feb 2023 17:30:30: Permuting round 1 ... 
INFO  @ Wed, 22 Feb 2023 17:30:31: Thread 0 started. 
INFO  @ Wed, 22 Feb 2023 17:30:31: Thread 0: total 18006 instances. 
INFO  @ Wed, 22 Feb 2023 17:30:31: Thread 0: Calculating A1CF (1) ...  
INFO  @ Wed, 22 Feb 2023 17:30:38: Thread 0: Calculating ARNT2 (1001) ...  
INFO  @ Wed, 22 Feb 2023 17:30:45: Thread 0: Calculating C2orf44 (2001) ...  
INFO  @ Wed, 22 Feb 2023 17:30:52: Thread 0: Calculating CERS6 (3001) ...  
INFO  @ Wed, 22 Feb 2023 17:30:59: Thread 0: Calculating DBH (4001) ...  
INFO  @ Wed, 22 Feb 2023 17:31:07: Thread 0: Calculating ERCC6L2 (5001) ...  
INFO  @ Wed, 22 Feb 2023 17:31:14: Thread 0: Calculating GANC (6001) ...  
INFO  @ Wed, 22 Feb 2023 17:31:21: Thread 0: Calculating HMBS (7001) ...  
INFO  @ Wed, 22 Feb 2023 17:31:28: Thread 0: Calculating KIAA1147 (8001) ...  
INFO  @ Wed, 22 Feb 2023 17:31:35: Thread 0: Calculating MAGOH (9001) ...  
INFO  @ Wed, 22 Feb 2023 17:31:42: Thread 0: Calculating NANOS3 (10001) ...  
INFO  @ Wed, 22 Feb 2023 17:31:49: Thread 0: Calculating PAXIP1 (11001) ...  
INFO  @ Wed, 22 Feb 2023 17:31:56: Thread 0: Calculating PRG4 (12001) ...  
INFO  @ Wed, 22 Feb 2023 17:32:03: Thread 0: Calculating RNF151 (13001) ...  
INFO  @ Wed, 22 Feb 2023 17:32:10: Thread 0: Calculating SLC25A11 (14001) ...  
INFO  @ Wed, 22 Feb 2023 17:32:17: Thread 0: Calculating SUMO4 (15001) ...  
INFO  @ Wed, 22 Feb 2023 17:32:25: Thread 0: Calculating TNKS2 (16001) ...  
INFO  @ Wed, 22 Feb 2023 17:32:32: Thread 0: Calculating WDHD1 (17001) ...  
INFO  @ Wed, 22 Feb 2023 17:32:39: Thread 0: Calculating ZYG11A (18001) ...  
INFO  @ Wed, 22 Feb 2023 17:32:39: Thread 0 completed. 
INFO  @ Wed, 22 Feb 2023 17:32:39: All threads completed. 
INFO  @ Wed, 22 Feb 2023 17:32:43: Assigning p values... 
INFO  @ Wed, 22 Feb 2023 17:32:43: Permuting groups of gene with 23 sgRNAs per gene. Group progress: 21/22 
INFO  @ Wed, 22 Feb 2023 17:32:43: Start permuting 2 rounds ... 
INFO  @ Wed, 22 Feb 2023 17:32:43: Collecting 90025 sgRNAs from 18006 genes. 
INFO  @ Wed, 22 Feb 2023 17:32:44: Permuting round 0 ... 
INFO  @ Wed, 22 Feb 2023 17:32:45: Thread 0 started. 
INFO  @ Wed, 22 Feb 2023 17:32:45: Thread 0: total 18006 instances. 
INFO  @ Wed, 22 Feb 2023 17:32:45: Thread 0: Calculating A1CF (1) ...  
INFO  @ Wed, 22 Feb 2023 17:32:52: Thread 0: Calculating ARNT2 (1001) ...  
INFO  @ Wed, 22 Feb 2023 17:32:59: Thread 0: Calculating C2orf44 (2001) ...  
INFO  @ Wed, 22 Feb 2023 17:33:07: Thread 0: Calculating CERS6 (3001) ...  
INFO  @ Wed, 22 Feb 2023 17:33:14: Thread 0: Calculating DBH (4001) ...  
INFO  @ Wed, 22 Feb 2023 17:33:21: Thread 0: Calculating ERCC6L2 (5001) ...  
INFO  @ Wed, 22 Feb 2023 17:33:28: Thread 0: Calculating GANC (6001) ...  
INFO  @ Wed, 22 Feb 2023 17:33:35: Thread 0: Calculating HMBS (7001) ...  
INFO  @ Wed, 22 Feb 2023 17:33:42: Thread 0: Calculating KIAA1147 (8001) ...  
INFO  @ Wed, 22 Feb 2023 17:33:49: Thread 0: Calculating MAGOH (9001) ...  
INFO  @ Wed, 22 Feb 2023 17:33:56: Thread 0: Calculating NANOS3 (10001) ...  
INFO  @ Wed, 22 Feb 2023 17:34:03: Thread 0: Calculating PAXIP1 (11001) ...  
INFO  @ Wed, 22 Feb 2023 17:34:10: Thread 0: Calculating PRG4 (12001) ...  
INFO  @ Wed, 22 Feb 2023 17:34:17: Thread 0: Calculating RNF151 (13001) ...  
INFO  @ Wed, 22 Feb 2023 17:34:24: Thread 0: Calculating SLC25A11 (14001) ...  
INFO  @ Wed, 22 Feb 2023 17:34:32: Thread 0: Calculating SUMO4 (15001) ...  
INFO  @ Wed, 22 Feb 2023 17:34:39: Thread 0: Calculating TNKS2 (16001) ...  
INFO  @ Wed, 22 Feb 2023 17:34:46: Thread 0: Calculating WDHD1 (17001) ...  
INFO  @ Wed, 22 Feb 2023 17:34:53: Thread 0: Calculating ZYG11A (18001) ...  
INFO  @ Wed, 22 Feb 2023 17:34:53: Thread 0 completed. 
INFO  @ Wed, 22 Feb 2023 17:34:53: All threads completed. 
INFO  @ Wed, 22 Feb 2023 17:34:57: Permuting round 1 ... 
INFO  @ Wed, 22 Feb 2023 17:34:58: Thread 0 started. 
INFO  @ Wed, 22 Feb 2023 17:34:58: Thread 0: total 18006 instances. 
INFO  @ Wed, 22 Feb 2023 17:34:58: Thread 0: Calculating A1CF (1) ...  
INFO  @ Wed, 22 Feb 2023 17:35:05: Thread 0: Calculating ARNT2 (1001) ...  
INFO  @ Wed, 22 Feb 2023 17:35:12: Thread 0: Calculating C2orf44 (2001) ...  
INFO  @ Wed, 22 Feb 2023 17:35:20: Thread 0: Calculating CERS6 (3001) ...  
INFO  @ Wed, 22 Feb 2023 17:35:27: Thread 0: Calculating DBH (4001) ...  
INFO  @ Wed, 22 Feb 2023 17:35:34: Thread 0: Calculating ERCC6L2 (5001) ...  
INFO  @ Wed, 22 Feb 2023 17:35:41: Thread 0: Calculating GANC (6001) ...  
INFO  @ Wed, 22 Feb 2023 17:35:48: Thread 0: Calculating HMBS (7001) ...  
INFO  @ Wed, 22 Feb 2023 17:35:56: Thread 0: Calculating KIAA1147 (8001) ...  
INFO  @ Wed, 22 Feb 2023 17:36:03: Thread 0: Calculating MAGOH (9001) ...  
INFO  @ Wed, 22 Feb 2023 17:36:10: Thread 0: Calculating NANOS3 (10001) ...  
INFO  @ Wed, 22 Feb 2023 17:36:17: Thread 0: Calculating PAXIP1 (11001) ...  
INFO  @ Wed, 22 Feb 2023 17:36:24: Thread 0: Calculating PRG4 (12001) ...  
INFO  @ Wed, 22 Feb 2023 17:36:31: Thread 0: Calculating RNF151 (13001) ...  
INFO  @ Wed, 22 Feb 2023 17:36:38: Thread 0: Calculating SLC25A11 (14001) ...  
INFO  @ Wed, 22 Feb 2023 17:36:45: Thread 0: Calculating SUMO4 (15001) ...  
INFO  @ Wed, 22 Feb 2023 17:36:53: Thread 0: Calculating TNKS2 (16001) ...  
INFO  @ Wed, 22 Feb 2023 17:37:00: Thread 0: Calculating WDHD1 (17001) ...  
INFO  @ Wed, 22 Feb 2023 17:37:07: Thread 0: Calculating ZYG11A (18001) ...  
INFO  @ Wed, 22 Feb 2023 17:37:07: Thread 0 completed. 
INFO  @ Wed, 22 Feb 2023 17:37:07: All threads completed. 
INFO  @ Wed, 22 Feb 2023 17:37:11: Assigning p values... 
INFO  @ Wed, 22 Feb 2023 17:37:12: Permuting groups of gene with 26 sgRNAs per gene. Group progress: 22/22 
INFO  @ Wed, 22 Feb 2023 17:37:12: Start permuting 2 rounds ... 
INFO  @ Wed, 22 Feb 2023 17:37:12: Collecting 90025 sgRNAs from 18006 genes. 
INFO  @ Wed, 22 Feb 2023 17:37:13: Permuting round 0 ... 
INFO  @ Wed, 22 Feb 2023 17:37:14: Thread 0 started. 
INFO  @ Wed, 22 Feb 2023 17:37:14: Thread 0: total 18006 instances. 
INFO  @ Wed, 22 Feb 2023 17:37:14: Thread 0: Calculating A1CF (1) ...  
INFO  @ Wed, 22 Feb 2023 17:37:22: Thread 0: Calculating ARNT2 (1001) ...  
INFO  @ Wed, 22 Feb 2023 17:37:30: Thread 0: Calculating C2orf44 (2001) ...  
INFO  @ Wed, 22 Feb 2023 17:37:39: Thread 0: Calculating CERS6 (3001) ...  
INFO  @ Wed, 22 Feb 2023 17:37:47: Thread 0: Calculating DBH (4001) ...  
INFO  @ Wed, 22 Feb 2023 17:37:55: Thread 0: Calculating ERCC6L2 (5001) ...  
INFO  @ Wed, 22 Feb 2023 17:38:03: Thread 0: Calculating GANC (6001) ...  
INFO  @ Wed, 22 Feb 2023 17:38:12: Thread 0: Calculating HMBS (7001) ...  
INFO  @ Wed, 22 Feb 2023 17:38:20: Thread 0: Calculating KIAA1147 (8001) ...  
INFO  @ Wed, 22 Feb 2023 17:38:28: Thread 0: Calculating MAGOH (9001) ...  
INFO  @ Wed, 22 Feb 2023 17:38:36: Thread 0: Calculating NANOS3 (10001) ...  
INFO  @ Wed, 22 Feb 2023 17:38:45: Thread 0: Calculating PAXIP1 (11001) ...  
INFO  @ Wed, 22 Feb 2023 17:38:53: Thread 0: Calculating PRG4 (12001) ...  
INFO  @ Wed, 22 Feb 2023 17:39:01: Thread 0: Calculating RNF151 (13001) ...  
INFO  @ Wed, 22 Feb 2023 17:39:10: Thread 0: Calculating SLC25A11 (14001) ...  
INFO  @ Wed, 22 Feb 2023 17:39:18: Thread 0: Calculating SUMO4 (15001) ...  
INFO  @ Wed, 22 Feb 2023 17:39:26: Thread 0: Calculating TNKS2 (16001) ...  
INFO  @ Wed, 22 Feb 2023 17:39:34: Thread 0: Calculating WDHD1 (17001) ...  
INFO  @ Wed, 22 Feb 2023 17:39:43: Thread 0: Calculating ZYG11A (18001) ...  
INFO  @ Wed, 22 Feb 2023 17:39:43: Thread 0 completed. 
INFO  @ Wed, 22 Feb 2023 17:39:43: All threads completed. 
INFO  @ Wed, 22 Feb 2023 17:39:47: Permuting round 1 ... 
INFO  @ Wed, 22 Feb 2023 17:39:48: Thread 0 started. 
INFO  @ Wed, 22 Feb 2023 17:39:48: Thread 0: total 18006 instances. 
INFO  @ Wed, 22 Feb 2023 17:39:48: Thread 0: Calculating A1CF (1) ...  
INFO  @ Wed, 22 Feb 2023 17:39:56: Thread 0: Calculating ARNT2 (1001) ...  
INFO  @ Wed, 22 Feb 2023 17:40:04: Thread 0: Calculating C2orf44 (2001) ...  
INFO  @ Wed, 22 Feb 2023 17:40:13: Thread 0: Calculating CERS6 (3001) ...  
INFO  @ Wed, 22 Feb 2023 17:40:21: Thread 0: Calculating DBH (4001) ...  
INFO  @ Wed, 22 Feb 2023 17:40:29: Thread 0: Calculating ERCC6L2 (5001) ...  
INFO  @ Wed, 22 Feb 2023 17:40:38: Thread 0: Calculating GANC (6001) ...  
INFO  @ Wed, 22 Feb 2023 17:40:46: Thread 0: Calculating HMBS (7001) ...  
INFO  @ Wed, 22 Feb 2023 17:40:55: Thread 0: Calculating KIAA1147 (8001) ...  
INFO  @ Wed, 22 Feb 2023 17:41:03: Thread 0: Calculating MAGOH (9001) ...  
INFO  @ Wed, 22 Feb 2023 17:41:11: Thread 0: Calculating NANOS3 (10001) ...  
INFO  @ Wed, 22 Feb 2023 17:41:20: Thread 0: Calculating PAXIP1 (11001) ...  
INFO  @ Wed, 22 Feb 2023 17:41:28: Thread 0: Calculating PRG4 (12001) ...  
INFO  @ Wed, 22 Feb 2023 17:41:37: Thread 0: Calculating RNF151 (13001) ...  
INFO  @ Wed, 22 Feb 2023 17:41:45: Thread 0: Calculating SLC25A11 (14001) ...  
INFO  @ Wed, 22 Feb 2023 17:41:53: Thread 0: Calculating SUMO4 (15001) ...  
INFO  @ Wed, 22 Feb 2023 17:42:02: Thread 0: Calculating TNKS2 (16001) ...  
INFO  @ Wed, 22 Feb 2023 17:42:10: Thread 0: Calculating WDHD1 (17001) ...  
INFO  @ Wed, 22 Feb 2023 17:42:19: Thread 0: Calculating ZYG11A (18001) ...  
INFO  @ Wed, 22 Feb 2023 17:42:19: Thread 0 completed. 
INFO  @ Wed, 22 Feb 2023 17:42:19: All threads completed. 
INFO  @ Wed, 22 Feb 2023 17:42:23: Assigning p values... 
INFO  @ Wed, 22 Feb 2023 17:42:24: Writing gene results to Mel285.gene_summary.txt 
INFO  @ Wed, 22 Feb 2023 17:42:24: Writing sgRNA results to Mel285.sgrna_summary.txt 
