INFO  @ Wed, 22 Feb 2023 15:25:34: Parameters: /home/alessandro.vinceti/miniconda3/envs/mageckenv/bin/mageck mle -k /group/iorio/Alessandro/David_Adams_analysis/results/MP38/MP38_count_norm.tsv -d /group/iorio/Alessandro/David_Adams_analysis/results/MP38/design_matrix.tsv -n MP38 
INFO  @ Wed, 22 Feb 2023 15:25:43: Cannot parse design matrix as a string; try to parse it as a file name ... 
INFO  @ Wed, 22 Feb 2023 15:25:43: Design matrix: 
INFO  @ Wed, 22 Feb 2023 15:25:43: [[1. 0.] 
INFO  @ Wed, 22 Feb 2023 15:25:43:  [1. 1.] 
INFO  @ Wed, 22 Feb 2023 15:25:43:  [1. 1.] 
INFO  @ Wed, 22 Feb 2023 15:25:43:  [1. 1.]] 
INFO  @ Wed, 22 Feb 2023 15:25:43: Beta labels:baseline,MP38 
INFO  @ Wed, 22 Feb 2023 15:25:43: Included samples:Plasmid,MP38_c909R1,MP38_c909R2,MP38_c909R3 
INFO  @ Wed, 22 Feb 2023 15:25:43: Loaded samples:Plasmid;MP38_c909R1;MP38_c909R2;MP38_c909R3 
INFO  @ Wed, 22 Feb 2023 15:25:43: Sample index: 0;1;2;3 
INFO  @ Wed, 22 Feb 2023 15:25:43: Loaded 18006 genes. 
DEBUG @ Wed, 22 Feb 2023 15:25:44: Initial (total) size factor: 0.9999999999999797 1.0000000000000069 1.0000000000000167 0.999999999999997 
DEBUG @ Wed, 22 Feb 2023 15:25:44: Median factor: 1.0094967053268735 1.0090617615882738 1.0124583668525406 1.012385558043951 
INFO  @ Wed, 22 Feb 2023 15:25:44: Final size factor: 1.0094967053268735 1.0090617615882738 1.0124583668525406 1.012385558043951 
INFO  @ Wed, 22 Feb 2023 15:25:44: size factor: 0.9905926336591673,0.9910196165059209,0.9876949341716931,0.9877659672784337 
INFO  @ Wed, 22 Feb 2023 15:25:44: Thread 0 started. 
INFO  @ Wed, 22 Feb 2023 15:25:44: Thread 0: total 1 instances. 
INFO  @ Wed, 22 Feb 2023 15:25:44: Thread 0 completed. 
INFO  @ Wed, 22 Feb 2023 15:25:44: All threads completed. 
INFO  @ Wed, 22 Feb 2023 15:25:44: Modeling the mean and variance ... 
INFO  @ Wed, 22 Feb 2023 15:25:44: Run the algorithm for the second time ... 
INFO  @ Wed, 22 Feb 2023 15:25:45: Thread 0 started. 
INFO  @ Wed, 22 Feb 2023 15:25:45: Thread 0: total 18006 instances. 
INFO  @ Wed, 22 Feb 2023 15:25:45: Thread 0: Calculating A1CF (1) ...  
INFO  @ Wed, 22 Feb 2023 15:25:48: Thread 0: Calculating ARNT2 (1001) ...  
INFO  @ Wed, 22 Feb 2023 15:25:51: Thread 0: Calculating C2orf44 (2001) ...  
INFO  @ Wed, 22 Feb 2023 15:25:55: Thread 0: Calculating CERS6 (3001) ...  
INFO  @ Wed, 22 Feb 2023 15:25:58: Thread 0: Calculating DBH (4001) ...  
INFO  @ Wed, 22 Feb 2023 15:26:02: Thread 0: Calculating ERCC6L2 (5001) ...  
INFO  @ Wed, 22 Feb 2023 15:26:05: Thread 0: Calculating GANC (6001) ...  
INFO  @ Wed, 22 Feb 2023 15:26:09: Thread 0: Calculating HMBS (7001) ...  
INFO  @ Wed, 22 Feb 2023 15:26:12: Thread 0: Calculating KIAA1147 (8001) ...  
INFO  @ Wed, 22 Feb 2023 15:26:16: Thread 0: Calculating MAGOH (9001) ...  
INFO  @ Wed, 22 Feb 2023 15:26:19: Thread 0: Calculating NANOS3 (10001) ...  
INFO  @ Wed, 22 Feb 2023 15:26:23: Thread 0: Calculating PAXIP1 (11001) ...  
INFO  @ Wed, 22 Feb 2023 15:26:26: Thread 0: Calculating PRG4 (12001) ...  
INFO  @ Wed, 22 Feb 2023 15:26:29: Thread 0: Calculating RNF151 (13001) ...  
INFO  @ Wed, 22 Feb 2023 15:26:33: Thread 0: Calculating SLC25A11 (14001) ...  
INFO  @ Wed, 22 Feb 2023 15:26:36: Thread 0: Calculating SUMO4 (15001) ...  
INFO  @ Wed, 22 Feb 2023 15:26:40: Thread 0: Calculating TNKS2 (16001) ...  
INFO  @ Wed, 22 Feb 2023 15:26:43: Thread 0: Calculating WDHD1 (17001) ...  
INFO  @ Wed, 22 Feb 2023 15:26:46: Thread 0: Calculating ZYG11A (18001) ...  
INFO  @ Wed, 22 Feb 2023 15:26:46: Thread 0 completed. 
INFO  @ Wed, 22 Feb 2023 15:26:46: All threads completed. 
INFO  @ Wed, 22 Feb 2023 15:26:49: Permuting groups of gene with 1 sgRNAs per gene. Group progress: 1/22 
INFO  @ Wed, 22 Feb 2023 15:26:49: Start permuting 2 rounds ... 
INFO  @ Wed, 22 Feb 2023 15:26:49: Collecting 90025 sgRNAs from 18006 genes. 
INFO  @ Wed, 22 Feb 2023 15:26:50: Permuting round 0 ... 
INFO  @ Wed, 22 Feb 2023 15:26:50: Thread 0 started. 
INFO  @ Wed, 22 Feb 2023 15:26:50: Thread 0: total 18006 instances. 
INFO  @ Wed, 22 Feb 2023 15:26:50: Thread 0: Calculating A1CF (1) ...  
INFO  @ Wed, 22 Feb 2023 15:26:52: Thread 0: Calculating ARNT2 (1001) ...  
INFO  @ Wed, 22 Feb 2023 15:26:55: Thread 0: Calculating C2orf44 (2001) ...  
INFO  @ Wed, 22 Feb 2023 15:26:57: Thread 0: Calculating CERS6 (3001) ...  
INFO  @ Wed, 22 Feb 2023 15:26:59: Thread 0: Calculating DBH (4001) ...  
INFO  @ Wed, 22 Feb 2023 15:27:01: Thread 0: Calculating ERCC6L2 (5001) ...  
INFO  @ Wed, 22 Feb 2023 15:27:03: Thread 0: Calculating GANC (6001) ...  
INFO  @ Wed, 22 Feb 2023 15:27:05: Thread 0: Calculating HMBS (7001) ...  
INFO  @ Wed, 22 Feb 2023 15:27:07: Thread 0: Calculating KIAA1147 (8001) ...  
INFO  @ Wed, 22 Feb 2023 15:27:09: Thread 0: Calculating MAGOH (9001) ...  
INFO  @ Wed, 22 Feb 2023 15:27:11: Thread 0: Calculating NANOS3 (10001) ...  
INFO  @ Wed, 22 Feb 2023 15:27:13: Thread 0: Calculating PAXIP1 (11001) ...  
INFO  @ Wed, 22 Feb 2023 15:27:15: Thread 0: Calculating PRG4 (12001) ...  
INFO  @ Wed, 22 Feb 2023 15:27:18: Thread 0: Calculating RNF151 (13001) ...  
INFO  @ Wed, 22 Feb 2023 15:27:20: Thread 0: Calculating SLC25A11 (14001) ...  
INFO  @ Wed, 22 Feb 2023 15:27:22: Thread 0: Calculating SUMO4 (15001) ...  
INFO  @ Wed, 22 Feb 2023 15:27:24: Thread 0: Calculating TNKS2 (16001) ...  
INFO  @ Wed, 22 Feb 2023 15:27:26: Thread 0: Calculating WDHD1 (17001) ...  
INFO  @ Wed, 22 Feb 2023 15:27:28: Thread 0: Calculating ZYG11A (18001) ...  
INFO  @ Wed, 22 Feb 2023 15:27:28: Thread 0 completed. 
INFO  @ Wed, 22 Feb 2023 15:27:28: All threads completed. 
INFO  @ Wed, 22 Feb 2023 15:27:31: Permuting round 1 ... 
INFO  @ Wed, 22 Feb 2023 15:27:31: Thread 0 started. 
INFO  @ Wed, 22 Feb 2023 15:27:31: Thread 0: total 18006 instances. 
INFO  @ Wed, 22 Feb 2023 15:27:31: Thread 0: Calculating A1CF (1) ...  
INFO  @ Wed, 22 Feb 2023 15:27:33: Thread 0: Calculating ARNT2 (1001) ...  
INFO  @ Wed, 22 Feb 2023 15:27:35: Thread 0: Calculating C2orf44 (2001) ...  
INFO  @ Wed, 22 Feb 2023 15:27:38: Thread 0: Calculating CERS6 (3001) ...  
INFO  @ Wed, 22 Feb 2023 15:27:40: Thread 0: Calculating DBH (4001) ...  
INFO  @ Wed, 22 Feb 2023 15:27:42: Thread 0: Calculating ERCC6L2 (5001) ...  
INFO  @ Wed, 22 Feb 2023 15:27:44: Thread 0: Calculating GANC (6001) ...  
INFO  @ Wed, 22 Feb 2023 15:27:46: Thread 0: Calculating HMBS (7001) ...  
INFO  @ Wed, 22 Feb 2023 15:27:48: Thread 0: Calculating KIAA1147 (8001) ...  
INFO  @ Wed, 22 Feb 2023 15:27:50: Thread 0: Calculating MAGOH (9001) ...  
INFO  @ Wed, 22 Feb 2023 15:27:52: Thread 0: Calculating NANOS3 (10001) ...  
INFO  @ Wed, 22 Feb 2023 15:27:54: Thread 0: Calculating PAXIP1 (11001) ...  
INFO  @ Wed, 22 Feb 2023 15:27:56: Thread 0: Calculating PRG4 (12001) ...  
INFO  @ Wed, 22 Feb 2023 15:27:59: Thread 0: Calculating RNF151 (13001) ...  
INFO  @ Wed, 22 Feb 2023 15:28:01: Thread 0: Calculating SLC25A11 (14001) ...  
INFO  @ Wed, 22 Feb 2023 15:28:03: Thread 0: Calculating SUMO4 (15001) ...  
INFO  @ Wed, 22 Feb 2023 15:28:05: Thread 0: Calculating TNKS2 (16001) ...  
INFO  @ Wed, 22 Feb 2023 15:28:07: Thread 0: Calculating WDHD1 (17001) ...  
INFO  @ Wed, 22 Feb 2023 15:28:09: Thread 0: Calculating ZYG11A (18001) ...  
INFO  @ Wed, 22 Feb 2023 15:28:09: Thread 0 completed. 
INFO  @ Wed, 22 Feb 2023 15:28:09: All threads completed. 
INFO  @ Wed, 22 Feb 2023 15:28:12: Assigning p values... 
INFO  @ Wed, 22 Feb 2023 15:28:12: Permuting groups of gene with 2 sgRNAs per gene. Group progress: 2/22 
INFO  @ Wed, 22 Feb 2023 15:28:12: Start permuting 2 rounds ... 
INFO  @ Wed, 22 Feb 2023 15:28:12: Collecting 90025 sgRNAs from 18006 genes. 
INFO  @ Wed, 22 Feb 2023 15:28:13: Permuting round 0 ... 
INFO  @ Wed, 22 Feb 2023 15:28:14: Thread 0 started. 
INFO  @ Wed, 22 Feb 2023 15:28:14: Thread 0: total 18006 instances. 
INFO  @ Wed, 22 Feb 2023 15:28:14: Thread 0: Calculating A1CF (1) ...  
INFO  @ Wed, 22 Feb 2023 15:28:16: Thread 0: Calculating ARNT2 (1001) ...  
INFO  @ Wed, 22 Feb 2023 15:28:19: Thread 0: Calculating C2orf44 (2001) ...  
INFO  @ Wed, 22 Feb 2023 15:28:22: Thread 0: Calculating CERS6 (3001) ...  
INFO  @ Wed, 22 Feb 2023 15:28:25: Thread 0: Calculating DBH (4001) ...  
INFO  @ Wed, 22 Feb 2023 15:28:27: Thread 0: Calculating ERCC6L2 (5001) ...  
INFO  @ Wed, 22 Feb 2023 15:28:30: Thread 0: Calculating GANC (6001) ...  
INFO  @ Wed, 22 Feb 2023 15:28:33: Thread 0: Calculating HMBS (7001) ...  
INFO  @ Wed, 22 Feb 2023 15:28:35: Thread 0: Calculating KIAA1147 (8001) ...  
INFO  @ Wed, 22 Feb 2023 15:28:38: Thread 0: Calculating MAGOH (9001) ...  
INFO  @ Wed, 22 Feb 2023 15:28:41: Thread 0: Calculating NANOS3 (10001) ...  
INFO  @ Wed, 22 Feb 2023 15:28:43: Thread 0: Calculating PAXIP1 (11001) ...  
INFO  @ Wed, 22 Feb 2023 15:28:46: Thread 0: Calculating PRG4 (12001) ...  
INFO  @ Wed, 22 Feb 2023 15:28:49: Thread 0: Calculating RNF151 (13001) ...  
INFO  @ Wed, 22 Feb 2023 15:28:52: Thread 0: Calculating SLC25A11 (14001) ...  
INFO  @ Wed, 22 Feb 2023 15:28:54: Thread 0: Calculating SUMO4 (15001) ...  
INFO  @ Wed, 22 Feb 2023 15:28:57: Thread 0: Calculating TNKS2 (16001) ...  
INFO  @ Wed, 22 Feb 2023 15:29:00: Thread 0: Calculating WDHD1 (17001) ...  
INFO  @ Wed, 22 Feb 2023 15:29:02: Thread 0: Calculating ZYG11A (18001) ...  
INFO  @ Wed, 22 Feb 2023 15:29:02: Thread 0 completed. 
INFO  @ Wed, 22 Feb 2023 15:29:02: All threads completed. 
INFO  @ Wed, 22 Feb 2023 15:29:05: Permuting round 1 ... 
INFO  @ Wed, 22 Feb 2023 15:29:05: Thread 0 started. 
INFO  @ Wed, 22 Feb 2023 15:29:05: Thread 0: total 18006 instances. 
INFO  @ Wed, 22 Feb 2023 15:29:05: Thread 0: Calculating A1CF (1) ...  
INFO  @ Wed, 22 Feb 2023 15:29:08: Thread 0: Calculating ARNT2 (1001) ...  
INFO  @ Wed, 22 Feb 2023 15:29:11: Thread 0: Calculating C2orf44 (2001) ...  
INFO  @ Wed, 22 Feb 2023 15:29:13: Thread 0: Calculating CERS6 (3001) ...  
INFO  @ Wed, 22 Feb 2023 15:29:16: Thread 0: Calculating DBH (4001) ...  
INFO  @ Wed, 22 Feb 2023 15:29:19: Thread 0: Calculating ERCC6L2 (5001) ...  
INFO  @ Wed, 22 Feb 2023 15:29:21: Thread 0: Calculating GANC (6001) ...  
INFO  @ Wed, 22 Feb 2023 15:29:24: Thread 0: Calculating HMBS (7001) ...  
INFO  @ Wed, 22 Feb 2023 15:29:27: Thread 0: Calculating KIAA1147 (8001) ...  
INFO  @ Wed, 22 Feb 2023 15:29:30: Thread 0: Calculating MAGOH (9001) ...  
INFO  @ Wed, 22 Feb 2023 15:29:32: Thread 0: Calculating NANOS3 (10001) ...  
INFO  @ Wed, 22 Feb 2023 15:29:35: Thread 0: Calculating PAXIP1 (11001) ...  
INFO  @ Wed, 22 Feb 2023 15:29:38: Thread 0: Calculating PRG4 (12001) ...  
INFO  @ Wed, 22 Feb 2023 15:29:41: Thread 0: Calculating RNF151 (13001) ...  
INFO  @ Wed, 22 Feb 2023 15:29:44: Thread 0: Calculating SLC25A11 (14001) ...  
INFO  @ Wed, 22 Feb 2023 15:29:46: Thread 0: Calculating SUMO4 (15001) ...  
INFO  @ Wed, 22 Feb 2023 15:29:49: Thread 0: Calculating TNKS2 (16001) ...  
INFO  @ Wed, 22 Feb 2023 15:29:52: Thread 0: Calculating WDHD1 (17001) ...  
INFO  @ Wed, 22 Feb 2023 15:29:54: Thread 0: Calculating ZYG11A (18001) ...  
INFO  @ Wed, 22 Feb 2023 15:29:54: Thread 0 completed. 
INFO  @ Wed, 22 Feb 2023 15:29:54: All threads completed. 
INFO  @ Wed, 22 Feb 2023 15:29:57: Assigning p values... 
INFO  @ Wed, 22 Feb 2023 15:29:57: Permuting groups of gene with 3 sgRNAs per gene. Group progress: 3/22 
INFO  @ Wed, 22 Feb 2023 15:29:57: Start permuting 2 rounds ... 
INFO  @ Wed, 22 Feb 2023 15:29:58: Collecting 90025 sgRNAs from 18006 genes. 
INFO  @ Wed, 22 Feb 2023 15:29:59: Permuting round 0 ... 
INFO  @ Wed, 22 Feb 2023 15:29:59: Thread 0 started. 
INFO  @ Wed, 22 Feb 2023 15:29:59: Thread 0: total 18006 instances. 
INFO  @ Wed, 22 Feb 2023 15:29:59: Thread 0: Calculating A1CF (1) ...  
INFO  @ Wed, 22 Feb 2023 15:30:02: Thread 0: Calculating ARNT2 (1001) ...  
INFO  @ Wed, 22 Feb 2023 15:30:06: Thread 0: Calculating C2orf44 (2001) ...  
INFO  @ Wed, 22 Feb 2023 15:30:09: Thread 0: Calculating CERS6 (3001) ...  
INFO  @ Wed, 22 Feb 2023 15:30:12: Thread 0: Calculating DBH (4001) ...  
INFO  @ Wed, 22 Feb 2023 15:30:16: Thread 0: Calculating ERCC6L2 (5001) ...  
INFO  @ Wed, 22 Feb 2023 15:30:19: Thread 0: Calculating GANC (6001) ...  
INFO  @ Wed, 22 Feb 2023 15:30:22: Thread 0: Calculating HMBS (7001) ...  
INFO  @ Wed, 22 Feb 2023 15:30:26: Thread 0: Calculating KIAA1147 (8001) ...  
INFO  @ Wed, 22 Feb 2023 15:30:29: Thread 0: Calculating MAGOH (9001) ...  
INFO  @ Wed, 22 Feb 2023 15:30:33: Thread 0: Calculating NANOS3 (10001) ...  
INFO  @ Wed, 22 Feb 2023 15:30:36: Thread 0: Calculating PAXIP1 (11001) ...  
INFO  @ Wed, 22 Feb 2023 15:30:40: Thread 0: Calculating PRG4 (12001) ...  
INFO  @ Wed, 22 Feb 2023 15:30:43: Thread 0: Calculating RNF151 (13001) ...  
INFO  @ Wed, 22 Feb 2023 15:30:46: Thread 0: Calculating SLC25A11 (14001) ...  
INFO  @ Wed, 22 Feb 2023 15:30:50: Thread 0: Calculating SUMO4 (15001) ...  
INFO  @ Wed, 22 Feb 2023 15:30:53: Thread 0: Calculating TNKS2 (16001) ...  
INFO  @ Wed, 22 Feb 2023 15:30:56: Thread 0: Calculating WDHD1 (17001) ...  
INFO  @ Wed, 22 Feb 2023 15:31:00: Thread 0: Calculating ZYG11A (18001) ...  
INFO  @ Wed, 22 Feb 2023 15:31:00: Thread 0 completed. 
INFO  @ Wed, 22 Feb 2023 15:31:00: All threads completed. 
INFO  @ Wed, 22 Feb 2023 15:31:02: Permuting round 1 ... 
INFO  @ Wed, 22 Feb 2023 15:31:03: Thread 0 started. 
INFO  @ Wed, 22 Feb 2023 15:31:03: Thread 0: total 18006 instances. 
INFO  @ Wed, 22 Feb 2023 15:31:03: Thread 0: Calculating A1CF (1) ...  
INFO  @ Wed, 22 Feb 2023 15:31:06: Thread 0: Calculating ARNT2 (1001) ...  
INFO  @ Wed, 22 Feb 2023 15:31:09: Thread 0: Calculating C2orf44 (2001) ...  
INFO  @ Wed, 22 Feb 2023 15:31:13: Thread 0: Calculating CERS6 (3001) ...  
INFO  @ Wed, 22 Feb 2023 15:31:16: Thread 0: Calculating DBH (4001) ...  
INFO  @ Wed, 22 Feb 2023 15:31:19: Thread 0: Calculating ERCC6L2 (5001) ...  
INFO  @ Wed, 22 Feb 2023 15:31:23: Thread 0: Calculating GANC (6001) ...  
INFO  @ Wed, 22 Feb 2023 15:31:26: Thread 0: Calculating HMBS (7001) ...  
INFO  @ Wed, 22 Feb 2023 15:31:30: Thread 0: Calculating KIAA1147 (8001) ...  
INFO  @ Wed, 22 Feb 2023 15:31:33: Thread 0: Calculating MAGOH (9001) ...  
INFO  @ Wed, 22 Feb 2023 15:31:36: Thread 0: Calculating NANOS3 (10001) ...  
INFO  @ Wed, 22 Feb 2023 15:31:40: Thread 0: Calculating PAXIP1 (11001) ...  
INFO  @ Wed, 22 Feb 2023 15:31:43: Thread 0: Calculating PRG4 (12001) ...  
INFO  @ Wed, 22 Feb 2023 15:31:47: Thread 0: Calculating RNF151 (13001) ...  
INFO  @ Wed, 22 Feb 2023 15:31:50: Thread 0: Calculating SLC25A11 (14001) ...  
INFO  @ Wed, 22 Feb 2023 15:31:53: Thread 0: Calculating SUMO4 (15001) ...  
INFO  @ Wed, 22 Feb 2023 15:31:57: Thread 0: Calculating TNKS2 (16001) ...  
INFO  @ Wed, 22 Feb 2023 15:32:00: Thread 0: Calculating WDHD1 (17001) ...  
INFO  @ Wed, 22 Feb 2023 15:32:03: Thread 0: Calculating ZYG11A (18001) ...  
INFO  @ Wed, 22 Feb 2023 15:32:03: Thread 0 completed. 
INFO  @ Wed, 22 Feb 2023 15:32:03: All threads completed. 
INFO  @ Wed, 22 Feb 2023 15:32:06: Assigning p values... 
INFO  @ Wed, 22 Feb 2023 15:32:06: Permuting groups of gene with 4 sgRNAs per gene. Group progress: 4/22 
INFO  @ Wed, 22 Feb 2023 15:32:06: Start permuting 2 rounds ... 
INFO  @ Wed, 22 Feb 2023 15:32:06: Collecting 90025 sgRNAs from 18006 genes. 
INFO  @ Wed, 22 Feb 2023 15:32:08: Permuting round 0 ... 
INFO  @ Wed, 22 Feb 2023 15:32:08: Thread 0 started. 
INFO  @ Wed, 22 Feb 2023 15:32:08: Thread 0: total 18006 instances. 
INFO  @ Wed, 22 Feb 2023 15:32:08: Thread 0: Calculating A1CF (1) ...  
INFO  @ Wed, 22 Feb 2023 15:32:11: Thread 0: Calculating ARNT2 (1001) ...  
INFO  @ Wed, 22 Feb 2023 15:32:15: Thread 0: Calculating C2orf44 (2001) ...  
INFO  @ Wed, 22 Feb 2023 15:32:18: Thread 0: Calculating CERS6 (3001) ...  
INFO  @ Wed, 22 Feb 2023 15:32:22: Thread 0: Calculating DBH (4001) ...  
INFO  @ Wed, 22 Feb 2023 15:32:26: Thread 0: Calculating ERCC6L2 (5001) ...  
INFO  @ Wed, 22 Feb 2023 15:32:29: Thread 0: Calculating GANC (6001) ...  
INFO  @ Wed, 22 Feb 2023 15:32:33: Thread 0: Calculating HMBS (7001) ...  
INFO  @ Wed, 22 Feb 2023 15:32:36: Thread 0: Calculating KIAA1147 (8001) ...  
INFO  @ Wed, 22 Feb 2023 15:32:40: Thread 0: Calculating MAGOH (9001) ...  
INFO  @ Wed, 22 Feb 2023 15:32:43: Thread 0: Calculating NANOS3 (10001) ...  
INFO  @ Wed, 22 Feb 2023 15:32:47: Thread 0: Calculating PAXIP1 (11001) ...  
INFO  @ Wed, 22 Feb 2023 15:32:51: Thread 0: Calculating PRG4 (12001) ...  
INFO  @ Wed, 22 Feb 2023 15:32:54: Thread 0: Calculating RNF151 (13001) ...  
INFO  @ Wed, 22 Feb 2023 15:32:58: Thread 0: Calculating SLC25A11 (14001) ...  
INFO  @ Wed, 22 Feb 2023 15:33:01: Thread 0: Calculating SUMO4 (15001) ...  
INFO  @ Wed, 22 Feb 2023 15:33:05: Thread 0: Calculating TNKS2 (16001) ...  
INFO  @ Wed, 22 Feb 2023 15:33:08: Thread 0: Calculating WDHD1 (17001) ...  
INFO  @ Wed, 22 Feb 2023 15:33:12: Thread 0: Calculating ZYG11A (18001) ...  
INFO  @ Wed, 22 Feb 2023 15:33:12: Thread 0 completed. 
INFO  @ Wed, 22 Feb 2023 15:33:12: All threads completed. 
INFO  @ Wed, 22 Feb 2023 15:33:15: Permuting round 1 ... 
INFO  @ Wed, 22 Feb 2023 15:33:15: Thread 0 started. 
INFO  @ Wed, 22 Feb 2023 15:33:15: Thread 0: total 18006 instances. 
INFO  @ Wed, 22 Feb 2023 15:33:15: Thread 0: Calculating A1CF (1) ...  
INFO  @ Wed, 22 Feb 2023 15:33:19: Thread 0: Calculating ARNT2 (1001) ...  
INFO  @ Wed, 22 Feb 2023 15:33:22: Thread 0: Calculating C2orf44 (2001) ...  
INFO  @ Wed, 22 Feb 2023 15:33:26: Thread 0: Calculating CERS6 (3001) ...  
INFO  @ Wed, 22 Feb 2023 15:33:29: Thread 0: Calculating DBH (4001) ...  
INFO  @ Wed, 22 Feb 2023 15:33:33: Thread 0: Calculating ERCC6L2 (5001) ...  
INFO  @ Wed, 22 Feb 2023 15:33:36: Thread 0: Calculating GANC (6001) ...  
INFO  @ Wed, 22 Feb 2023 15:33:40: Thread 0: Calculating HMBS (7001) ...  
INFO  @ Wed, 22 Feb 2023 15:33:43: Thread 0: Calculating KIAA1147 (8001) ...  
INFO  @ Wed, 22 Feb 2023 15:33:47: Thread 0: Calculating MAGOH (9001) ...  
INFO  @ Wed, 22 Feb 2023 15:33:51: Thread 0: Calculating NANOS3 (10001) ...  
INFO  @ Wed, 22 Feb 2023 15:33:54: Thread 0: Calculating PAXIP1 (11001) ...  
INFO  @ Wed, 22 Feb 2023 15:33:58: Thread 0: Calculating PRG4 (12001) ...  
INFO  @ Wed, 22 Feb 2023 15:34:02: Thread 0: Calculating RNF151 (13001) ...  
INFO  @ Wed, 22 Feb 2023 15:34:05: Thread 0: Calculating SLC25A11 (14001) ...  
INFO  @ Wed, 22 Feb 2023 15:34:09: Thread 0: Calculating SUMO4 (15001) ...  
INFO  @ Wed, 22 Feb 2023 15:34:12: Thread 0: Calculating TNKS2 (16001) ...  
INFO  @ Wed, 22 Feb 2023 15:34:16: Thread 0: Calculating WDHD1 (17001) ...  
INFO  @ Wed, 22 Feb 2023 15:34:19: Thread 0: Calculating ZYG11A (18001) ...  
INFO  @ Wed, 22 Feb 2023 15:34:19: Thread 0 completed. 
INFO  @ Wed, 22 Feb 2023 15:34:19: All threads completed. 
INFO  @ Wed, 22 Feb 2023 15:34:22: Assigning p values... 
INFO  @ Wed, 22 Feb 2023 15:34:22: Permuting groups of gene with 5 sgRNAs per gene. Group progress: 5/22 
INFO  @ Wed, 22 Feb 2023 15:34:22: Start permuting 2 rounds ... 
INFO  @ Wed, 22 Feb 2023 15:34:23: Collecting 90025 sgRNAs from 18006 genes. 
INFO  @ Wed, 22 Feb 2023 15:34:24: Permuting round 0 ... 
INFO  @ Wed, 22 Feb 2023 15:34:24: Thread 0 started. 
INFO  @ Wed, 22 Feb 2023 15:34:24: Thread 0: total 18006 instances. 
INFO  @ Wed, 22 Feb 2023 15:34:24: Thread 0: Calculating A1CF (1) ...  
INFO  @ Wed, 22 Feb 2023 15:34:28: Thread 0: Calculating ARNT2 (1001) ...  
INFO  @ Wed, 22 Feb 2023 15:34:32: Thread 0: Calculating C2orf44 (2001) ...  
INFO  @ Wed, 22 Feb 2023 15:34:35: Thread 0: Calculating CERS6 (3001) ...  
INFO  @ Wed, 22 Feb 2023 15:34:39: Thread 0: Calculating DBH (4001) ...  
INFO  @ Wed, 22 Feb 2023 15:34:43: Thread 0: Calculating ERCC6L2 (5001) ...  
INFO  @ Wed, 22 Feb 2023 15:34:46: Thread 0: Calculating GANC (6001) ...  
INFO  @ Wed, 22 Feb 2023 15:34:50: Thread 0: Calculating HMBS (7001) ...  
INFO  @ Wed, 22 Feb 2023 15:34:54: Thread 0: Calculating KIAA1147 (8001) ...  
INFO  @ Wed, 22 Feb 2023 15:34:58: Thread 0: Calculating MAGOH (9001) ...  
INFO  @ Wed, 22 Feb 2023 15:35:01: Thread 0: Calculating NANOS3 (10001) ...  
INFO  @ Wed, 22 Feb 2023 15:35:05: Thread 0: Calculating PAXIP1 (11001) ...  
INFO  @ Wed, 22 Feb 2023 15:35:09: Thread 0: Calculating PRG4 (12001) ...  
INFO  @ Wed, 22 Feb 2023 15:35:12: Thread 0: Calculating RNF151 (13001) ...  
INFO  @ Wed, 22 Feb 2023 15:35:16: Thread 0: Calculating SLC25A11 (14001) ...  
INFO  @ Wed, 22 Feb 2023 15:35:20: Thread 0: Calculating SUMO4 (15001) ...  
INFO  @ Wed, 22 Feb 2023 15:35:23: Thread 0: Calculating TNKS2 (16001) ...  
INFO  @ Wed, 22 Feb 2023 15:35:27: Thread 0: Calculating WDHD1 (17001) ...  
INFO  @ Wed, 22 Feb 2023 15:35:31: Thread 0: Calculating ZYG11A (18001) ...  
INFO  @ Wed, 22 Feb 2023 15:35:31: Thread 0 completed. 
INFO  @ Wed, 22 Feb 2023 15:35:31: All threads completed. 
INFO  @ Wed, 22 Feb 2023 15:35:33: Permuting round 1 ... 
INFO  @ Wed, 22 Feb 2023 15:35:34: Thread 0 started. 
INFO  @ Wed, 22 Feb 2023 15:35:34: Thread 0: total 18006 instances. 
INFO  @ Wed, 22 Feb 2023 15:35:34: Thread 0: Calculating A1CF (1) ...  
INFO  @ Wed, 22 Feb 2023 15:35:38: Thread 0: Calculating ARNT2 (1001) ...  
INFO  @ Wed, 22 Feb 2023 15:35:41: Thread 0: Calculating C2orf44 (2001) ...  
INFO  @ Wed, 22 Feb 2023 15:35:45: Thread 0: Calculating CERS6 (3001) ...  
INFO  @ Wed, 22 Feb 2023 15:35:49: Thread 0: Calculating DBH (4001) ...  
INFO  @ Wed, 22 Feb 2023 15:35:52: Thread 0: Calculating ERCC6L2 (5001) ...  
INFO  @ Wed, 22 Feb 2023 15:35:56: Thread 0: Calculating GANC (6001) ...  
INFO  @ Wed, 22 Feb 2023 15:36:00: Thread 0: Calculating HMBS (7001) ...  
INFO  @ Wed, 22 Feb 2023 15:36:04: Thread 0: Calculating KIAA1147 (8001) ...  
INFO  @ Wed, 22 Feb 2023 15:36:07: Thread 0: Calculating MAGOH (9001) ...  
INFO  @ Wed, 22 Feb 2023 15:36:11: Thread 0: Calculating NANOS3 (10001) ...  
INFO  @ Wed, 22 Feb 2023 15:36:15: Thread 0: Calculating PAXIP1 (11001) ...  
INFO  @ Wed, 22 Feb 2023 15:36:18: Thread 0: Calculating PRG4 (12001) ...  
INFO  @ Wed, 22 Feb 2023 15:36:22: Thread 0: Calculating RNF151 (13001) ...  
INFO  @ Wed, 22 Feb 2023 15:36:26: Thread 0: Calculating SLC25A11 (14001) ...  
INFO  @ Wed, 22 Feb 2023 15:36:29: Thread 0: Calculating SUMO4 (15001) ...  
INFO  @ Wed, 22 Feb 2023 15:36:33: Thread 0: Calculating TNKS2 (16001) ...  
INFO  @ Wed, 22 Feb 2023 15:36:37: Thread 0: Calculating WDHD1 (17001) ...  
INFO  @ Wed, 22 Feb 2023 15:36:41: Thread 0: Calculating ZYG11A (18001) ...  
INFO  @ Wed, 22 Feb 2023 15:36:41: Thread 0 completed. 
INFO  @ Wed, 22 Feb 2023 15:36:41: All threads completed. 
INFO  @ Wed, 22 Feb 2023 15:36:44: Assigning p values... 
INFO  @ Wed, 22 Feb 2023 15:36:45: Permuting groups of gene with 6 sgRNAs per gene. Group progress: 6/22 
INFO  @ Wed, 22 Feb 2023 15:36:45: Start permuting 2 rounds ... 
INFO  @ Wed, 22 Feb 2023 15:36:45: Collecting 90025 sgRNAs from 18006 genes. 
INFO  @ Wed, 22 Feb 2023 15:36:46: Permuting round 0 ... 
INFO  @ Wed, 22 Feb 2023 15:36:47: Thread 0 started. 
INFO  @ Wed, 22 Feb 2023 15:36:47: Thread 0: total 18006 instances. 
INFO  @ Wed, 22 Feb 2023 15:36:47: Thread 0: Calculating A1CF (1) ...  
INFO  @ Wed, 22 Feb 2023 15:36:51: Thread 0: Calculating ARNT2 (1001) ...  
INFO  @ Wed, 22 Feb 2023 15:36:55: Thread 0: Calculating C2orf44 (2001) ...  
INFO  @ Wed, 22 Feb 2023 15:36:58: Thread 0: Calculating CERS6 (3001) ...  
INFO  @ Wed, 22 Feb 2023 15:37:02: Thread 0: Calculating DBH (4001) ...  
INFO  @ Wed, 22 Feb 2023 15:37:06: Thread 0: Calculating ERCC6L2 (5001) ...  
INFO  @ Wed, 22 Feb 2023 15:37:10: Thread 0: Calculating GANC (6001) ...  
INFO  @ Wed, 22 Feb 2023 15:37:14: Thread 0: Calculating HMBS (7001) ...  
INFO  @ Wed, 22 Feb 2023 15:37:18: Thread 0: Calculating KIAA1147 (8001) ...  
INFO  @ Wed, 22 Feb 2023 15:37:22: Thread 0: Calculating MAGOH (9001) ...  
INFO  @ Wed, 22 Feb 2023 15:37:26: Thread 0: Calculating NANOS3 (10001) ...  
INFO  @ Wed, 22 Feb 2023 15:37:29: Thread 0: Calculating PAXIP1 (11001) ...  
INFO  @ Wed, 22 Feb 2023 15:37:33: Thread 0: Calculating PRG4 (12001) ...  
INFO  @ Wed, 22 Feb 2023 15:37:37: Thread 0: Calculating RNF151 (13001) ...  
INFO  @ Wed, 22 Feb 2023 15:37:41: Thread 0: Calculating SLC25A11 (14001) ...  
INFO  @ Wed, 22 Feb 2023 15:37:45: Thread 0: Calculating SUMO4 (15001) ...  
INFO  @ Wed, 22 Feb 2023 15:37:49: Thread 0: Calculating TNKS2 (16001) ...  
INFO  @ Wed, 22 Feb 2023 15:37:53: Thread 0: Calculating WDHD1 (17001) ...  
INFO  @ Wed, 22 Feb 2023 15:37:57: Thread 0: Calculating ZYG11A (18001) ...  
INFO  @ Wed, 22 Feb 2023 15:37:57: Thread 0 completed. 
INFO  @ Wed, 22 Feb 2023 15:37:57: All threads completed. 
INFO  @ Wed, 22 Feb 2023 15:38:00: Permuting round 1 ... 
INFO  @ Wed, 22 Feb 2023 15:38:00: Thread 0 started. 
INFO  @ Wed, 22 Feb 2023 15:38:00: Thread 0: total 18006 instances. 
INFO  @ Wed, 22 Feb 2023 15:38:00: Thread 0: Calculating A1CF (1) ...  
INFO  @ Wed, 22 Feb 2023 15:38:04: Thread 0: Calculating ARNT2 (1001) ...  
INFO  @ Wed, 22 Feb 2023 15:38:08: Thread 0: Calculating C2orf44 (2001) ...  
INFO  @ Wed, 22 Feb 2023 15:38:12: Thread 0: Calculating CERS6 (3001) ...  
INFO  @ Wed, 22 Feb 2023 15:38:16: Thread 0: Calculating DBH (4001) ...  
INFO  @ Wed, 22 Feb 2023 15:38:19: Thread 0: Calculating ERCC6L2 (5001) ...  
INFO  @ Wed, 22 Feb 2023 15:38:23: Thread 0: Calculating GANC (6001) ...  
INFO  @ Wed, 22 Feb 2023 15:38:27: Thread 0: Calculating HMBS (7001) ...  
INFO  @ Wed, 22 Feb 2023 15:38:31: Thread 0: Calculating KIAA1147 (8001) ...  
INFO  @ Wed, 22 Feb 2023 15:38:35: Thread 0: Calculating MAGOH (9001) ...  
INFO  @ Wed, 22 Feb 2023 15:38:39: Thread 0: Calculating NANOS3 (10001) ...  
INFO  @ Wed, 22 Feb 2023 15:38:42: Thread 0: Calculating PAXIP1 (11001) ...  
INFO  @ Wed, 22 Feb 2023 15:38:46: Thread 0: Calculating PRG4 (12001) ...  
INFO  @ Wed, 22 Feb 2023 15:38:50: Thread 0: Calculating RNF151 (13001) ...  
INFO  @ Wed, 22 Feb 2023 15:38:54: Thread 0: Calculating SLC25A11 (14001) ...  
INFO  @ Wed, 22 Feb 2023 15:38:58: Thread 0: Calculating SUMO4 (15001) ...  
INFO  @ Wed, 22 Feb 2023 15:39:02: Thread 0: Calculating TNKS2 (16001) ...  
INFO  @ Wed, 22 Feb 2023 15:39:06: Thread 0: Calculating WDHD1 (17001) ...  
INFO  @ Wed, 22 Feb 2023 15:39:10: Thread 0: Calculating ZYG11A (18001) ...  
INFO  @ Wed, 22 Feb 2023 15:39:10: Thread 0 completed. 
INFO  @ Wed, 22 Feb 2023 15:39:10: All threads completed. 
INFO  @ Wed, 22 Feb 2023 15:39:13: Assigning p values... 
INFO  @ Wed, 22 Feb 2023 15:39:13: Permuting groups of gene with 7 sgRNAs per gene. Group progress: 7/22 
INFO  @ Wed, 22 Feb 2023 15:39:13: Start permuting 2 rounds ... 
INFO  @ Wed, 22 Feb 2023 15:39:14: Collecting 90025 sgRNAs from 18006 genes. 
INFO  @ Wed, 22 Feb 2023 15:39:15: Permuting round 0 ... 
INFO  @ Wed, 22 Feb 2023 15:39:15: Thread 0 started. 
INFO  @ Wed, 22 Feb 2023 15:39:15: Thread 0: total 18006 instances. 
INFO  @ Wed, 22 Feb 2023 15:39:15: Thread 0: Calculating A1CF (1) ...  
INFO  @ Wed, 22 Feb 2023 15:39:19: Thread 0: Calculating ARNT2 (1001) ...  
INFO  @ Wed, 22 Feb 2023 15:39:23: Thread 0: Calculating C2orf44 (2001) ...  
INFO  @ Wed, 22 Feb 2023 15:39:27: Thread 0: Calculating CERS6 (3001) ...  
INFO  @ Wed, 22 Feb 2023 15:39:31: Thread 0: Calculating DBH (4001) ...  
INFO  @ Wed, 22 Feb 2023 15:39:35: Thread 0: Calculating ERCC6L2 (5001) ...  
INFO  @ Wed, 22 Feb 2023 15:39:38: Thread 0: Calculating GANC (6001) ...  
INFO  @ Wed, 22 Feb 2023 15:39:43: Thread 0: Calculating HMBS (7001) ...  
INFO  @ Wed, 22 Feb 2023 15:39:47: Thread 0: Calculating KIAA1147 (8001) ...  
INFO  @ Wed, 22 Feb 2023 15:39:51: Thread 0: Calculating MAGOH (9001) ...  
INFO  @ Wed, 22 Feb 2023 15:39:54: Thread 0: Calculating NANOS3 (10001) ...  
INFO  @ Wed, 22 Feb 2023 15:39:58: Thread 0: Calculating PAXIP1 (11001) ...  
INFO  @ Wed, 22 Feb 2023 15:40:02: Thread 0: Calculating PRG4 (12001) ...  
INFO  @ Wed, 22 Feb 2023 15:40:06: Thread 0: Calculating RNF151 (13001) ...  
INFO  @ Wed, 22 Feb 2023 15:40:10: Thread 0: Calculating SLC25A11 (14001) ...  
INFO  @ Wed, 22 Feb 2023 15:40:14: Thread 0: Calculating SUMO4 (15001) ...  
INFO  @ Wed, 22 Feb 2023 15:40:18: Thread 0: Calculating TNKS2 (16001) ...  
INFO  @ Wed, 22 Feb 2023 15:40:22: Thread 0: Calculating WDHD1 (17001) ...  
INFO  @ Wed, 22 Feb 2023 15:40:26: Thread 0: Calculating ZYG11A (18001) ...  
INFO  @ Wed, 22 Feb 2023 15:40:26: Thread 0 completed. 
INFO  @ Wed, 22 Feb 2023 15:40:26: All threads completed. 
INFO  @ Wed, 22 Feb 2023 15:40:29: Permuting round 1 ... 
INFO  @ Wed, 22 Feb 2023 15:40:29: Thread 0 started. 
INFO  @ Wed, 22 Feb 2023 15:40:29: Thread 0: total 18006 instances. 
INFO  @ Wed, 22 Feb 2023 15:40:29: Thread 0: Calculating A1CF (1) ...  
INFO  @ Wed, 22 Feb 2023 15:40:33: Thread 0: Calculating ARNT2 (1001) ...  
INFO  @ Wed, 22 Feb 2023 15:40:37: Thread 0: Calculating C2orf44 (2001) ...  
INFO  @ Wed, 22 Feb 2023 15:40:41: Thread 0: Calculating CERS6 (3001) ...  
INFO  @ Wed, 22 Feb 2023 15:40:45: Thread 0: Calculating DBH (4001) ...  
INFO  @ Wed, 22 Feb 2023 15:40:49: Thread 0: Calculating ERCC6L2 (5001) ...  
INFO  @ Wed, 22 Feb 2023 15:40:53: Thread 0: Calculating GANC (6001) ...  
INFO  @ Wed, 22 Feb 2023 15:40:57: Thread 0: Calculating HMBS (7001) ...  
INFO  @ Wed, 22 Feb 2023 15:41:01: Thread 0: Calculating KIAA1147 (8001) ...  
INFO  @ Wed, 22 Feb 2023 15:41:05: Thread 0: Calculating MAGOH (9001) ...  
INFO  @ Wed, 22 Feb 2023 15:41:09: Thread 0: Calculating NANOS3 (10001) ...  
INFO  @ Wed, 22 Feb 2023 15:41:13: Thread 0: Calculating PAXIP1 (11001) ...  
INFO  @ Wed, 22 Feb 2023 15:41:17: Thread 0: Calculating PRG4 (12001) ...  
INFO  @ Wed, 22 Feb 2023 15:41:21: Thread 0: Calculating RNF151 (13001) ...  
INFO  @ Wed, 22 Feb 2023 15:41:25: Thread 0: Calculating SLC25A11 (14001) ...  
INFO  @ Wed, 22 Feb 2023 15:41:29: Thread 0: Calculating SUMO4 (15001) ...  
INFO  @ Wed, 22 Feb 2023 15:41:33: Thread 0: Calculating TNKS2 (16001) ...  
INFO  @ Wed, 22 Feb 2023 15:41:37: Thread 0: Calculating WDHD1 (17001) ...  
INFO  @ Wed, 22 Feb 2023 15:41:41: Thread 0: Calculating ZYG11A (18001) ...  
INFO  @ Wed, 22 Feb 2023 15:41:41: Thread 0 completed. 
INFO  @ Wed, 22 Feb 2023 15:41:41: All threads completed. 
INFO  @ Wed, 22 Feb 2023 15:41:44: Assigning p values... 
INFO  @ Wed, 22 Feb 2023 15:41:44: Permuting groups of gene with 8 sgRNAs per gene. Group progress: 8/22 
INFO  @ Wed, 22 Feb 2023 15:41:44: Start permuting 2 rounds ... 
INFO  @ Wed, 22 Feb 2023 15:41:45: Collecting 90025 sgRNAs from 18006 genes. 
INFO  @ Wed, 22 Feb 2023 15:41:46: Permuting round 0 ... 
INFO  @ Wed, 22 Feb 2023 15:41:46: Thread 0 started. 
INFO  @ Wed, 22 Feb 2023 15:41:46: Thread 0: total 18006 instances. 
INFO  @ Wed, 22 Feb 2023 15:41:46: Thread 0: Calculating A1CF (1) ...  
INFO  @ Wed, 22 Feb 2023 15:41:50: Thread 0: Calculating ARNT2 (1001) ...  
INFO  @ Wed, 22 Feb 2023 15:41:54: Thread 0: Calculating C2orf44 (2001) ...  
INFO  @ Wed, 22 Feb 2023 15:41:58: Thread 0: Calculating CERS6 (3001) ...  
INFO  @ Wed, 22 Feb 2023 15:42:03: Thread 0: Calculating DBH (4001) ...  
INFO  @ Wed, 22 Feb 2023 15:42:07: Thread 0: Calculating ERCC6L2 (5001) ...  
INFO  @ Wed, 22 Feb 2023 15:42:11: Thread 0: Calculating GANC (6001) ...  
INFO  @ Wed, 22 Feb 2023 15:42:15: Thread 0: Calculating HMBS (7001) ...  
INFO  @ Wed, 22 Feb 2023 15:42:19: Thread 0: Calculating KIAA1147 (8001) ...  
INFO  @ Wed, 22 Feb 2023 15:42:23: Thread 0: Calculating MAGOH (9001) ...  
INFO  @ Wed, 22 Feb 2023 15:42:27: Thread 0: Calculating NANOS3 (10001) ...  
INFO  @ Wed, 22 Feb 2023 15:42:31: Thread 0: Calculating PAXIP1 (11001) ...  
INFO  @ Wed, 22 Feb 2023 15:42:35: Thread 0: Calculating PRG4 (12001) ...  
INFO  @ Wed, 22 Feb 2023 15:42:39: Thread 0: Calculating RNF151 (13001) ...  
INFO  @ Wed, 22 Feb 2023 15:42:43: Thread 0: Calculating SLC25A11 (14001) ...  
INFO  @ Wed, 22 Feb 2023 15:42:47: Thread 0: Calculating SUMO4 (15001) ...  
INFO  @ Wed, 22 Feb 2023 15:42:52: Thread 0: Calculating TNKS2 (16001) ...  
INFO  @ Wed, 22 Feb 2023 15:42:56: Thread 0: Calculating WDHD1 (17001) ...  
INFO  @ Wed, 22 Feb 2023 15:43:00: Thread 0: Calculating ZYG11A (18001) ...  
INFO  @ Wed, 22 Feb 2023 15:43:00: Thread 0 completed. 
INFO  @ Wed, 22 Feb 2023 15:43:00: All threads completed. 
INFO  @ Wed, 22 Feb 2023 15:43:03: Permuting round 1 ... 
INFO  @ Wed, 22 Feb 2023 15:43:03: Thread 0 started. 
INFO  @ Wed, 22 Feb 2023 15:43:03: Thread 0: total 18006 instances. 
INFO  @ Wed, 22 Feb 2023 15:43:03: Thread 0: Calculating A1CF (1) ...  
INFO  @ Wed, 22 Feb 2023 15:43:07: Thread 0: Calculating ARNT2 (1001) ...  
INFO  @ Wed, 22 Feb 2023 15:43:11: Thread 0: Calculating C2orf44 (2001) ...  
INFO  @ Wed, 22 Feb 2023 15:43:16: Thread 0: Calculating CERS6 (3001) ...  
INFO  @ Wed, 22 Feb 2023 15:43:20: Thread 0: Calculating DBH (4001) ...  
INFO  @ Wed, 22 Feb 2023 15:43:24: Thread 0: Calculating ERCC6L2 (5001) ...  
INFO  @ Wed, 22 Feb 2023 15:43:28: Thread 0: Calculating GANC (6001) ...  
INFO  @ Wed, 22 Feb 2023 15:43:32: Thread 0: Calculating HMBS (7001) ...  
INFO  @ Wed, 22 Feb 2023 15:43:36: Thread 0: Calculating KIAA1147 (8001) ...  
INFO  @ Wed, 22 Feb 2023 15:43:40: Thread 0: Calculating MAGOH (9001) ...  
INFO  @ Wed, 22 Feb 2023 15:43:44: Thread 0: Calculating NANOS3 (10001) ...  
INFO  @ Wed, 22 Feb 2023 15:43:49: Thread 0: Calculating PAXIP1 (11001) ...  
INFO  @ Wed, 22 Feb 2023 15:43:53: Thread 0: Calculating PRG4 (12001) ...  
INFO  @ Wed, 22 Feb 2023 15:43:57: Thread 0: Calculating RNF151 (13001) ...  
INFO  @ Wed, 22 Feb 2023 15:44:01: Thread 0: Calculating SLC25A11 (14001) ...  
INFO  @ Wed, 22 Feb 2023 15:44:05: Thread 0: Calculating SUMO4 (15001) ...  
INFO  @ Wed, 22 Feb 2023 15:44:09: Thread 0: Calculating TNKS2 (16001) ...  
INFO  @ Wed, 22 Feb 2023 15:44:13: Thread 0: Calculating WDHD1 (17001) ...  
INFO  @ Wed, 22 Feb 2023 15:44:17: Thread 0: Calculating ZYG11A (18001) ...  
INFO  @ Wed, 22 Feb 2023 15:44:17: Thread 0 completed. 
INFO  @ Wed, 22 Feb 2023 15:44:17: All threads completed. 
INFO  @ Wed, 22 Feb 2023 15:44:21: Assigning p values... 
INFO  @ Wed, 22 Feb 2023 15:44:21: Permuting groups of gene with 9 sgRNAs per gene. Group progress: 9/22 
INFO  @ Wed, 22 Feb 2023 15:44:21: Start permuting 2 rounds ... 
INFO  @ Wed, 22 Feb 2023 15:44:21: Collecting 90025 sgRNAs from 18006 genes. 
INFO  @ Wed, 22 Feb 2023 15:44:22: Permuting round 0 ... 
INFO  @ Wed, 22 Feb 2023 15:44:23: Thread 0 started. 
INFO  @ Wed, 22 Feb 2023 15:44:23: Thread 0: total 18006 instances. 
INFO  @ Wed, 22 Feb 2023 15:44:23: Thread 0: Calculating A1CF (1) ...  
INFO  @ Wed, 22 Feb 2023 15:44:27: Thread 0: Calculating ARNT2 (1001) ...  
INFO  @ Wed, 22 Feb 2023 15:44:31: Thread 0: Calculating C2orf44 (2001) ...  
INFO  @ Wed, 22 Feb 2023 15:44:35: Thread 0: Calculating CERS6 (3001) ...  
INFO  @ Wed, 22 Feb 2023 15:44:40: Thread 0: Calculating DBH (4001) ...  
INFO  @ Wed, 22 Feb 2023 15:44:44: Thread 0: Calculating ERCC6L2 (5001) ...  
INFO  @ Wed, 22 Feb 2023 15:44:48: Thread 0: Calculating GANC (6001) ...  
INFO  @ Wed, 22 Feb 2023 15:44:52: Thread 0: Calculating HMBS (7001) ...  
INFO  @ Wed, 22 Feb 2023 15:44:56: Thread 0: Calculating KIAA1147 (8001) ...  
INFO  @ Wed, 22 Feb 2023 15:45:01: Thread 0: Calculating MAGOH (9001) ...  
INFO  @ Wed, 22 Feb 2023 15:45:05: Thread 0: Calculating NANOS3 (10001) ...  
INFO  @ Wed, 22 Feb 2023 15:45:09: Thread 0: Calculating PAXIP1 (11001) ...  
INFO  @ Wed, 22 Feb 2023 15:45:13: Thread 0: Calculating PRG4 (12001) ...  
INFO  @ Wed, 22 Feb 2023 15:45:17: Thread 0: Calculating RNF151 (13001) ...  
INFO  @ Wed, 22 Feb 2023 15:45:22: Thread 0: Calculating SLC25A11 (14001) ...  
INFO  @ Wed, 22 Feb 2023 15:45:26: Thread 0: Calculating SUMO4 (15001) ...  
INFO  @ Wed, 22 Feb 2023 15:45:30: Thread 0: Calculating TNKS2 (16001) ...  
INFO  @ Wed, 22 Feb 2023 15:45:35: Thread 0: Calculating WDHD1 (17001) ...  
INFO  @ Wed, 22 Feb 2023 15:45:39: Thread 0: Calculating ZYG11A (18001) ...  
INFO  @ Wed, 22 Feb 2023 15:45:39: Thread 0 completed. 
INFO  @ Wed, 22 Feb 2023 15:45:39: All threads completed. 
INFO  @ Wed, 22 Feb 2023 15:45:42: Permuting round 1 ... 
INFO  @ Wed, 22 Feb 2023 15:45:42: Thread 0 started. 
INFO  @ Wed, 22 Feb 2023 15:45:42: Thread 0: total 18006 instances. 
INFO  @ Wed, 22 Feb 2023 15:45:42: Thread 0: Calculating A1CF (1) ...  
INFO  @ Wed, 22 Feb 2023 15:45:47: Thread 0: Calculating ARNT2 (1001) ...  
INFO  @ Wed, 22 Feb 2023 15:45:51: Thread 0: Calculating C2orf44 (2001) ...  
INFO  @ Wed, 22 Feb 2023 15:45:55: Thread 0: Calculating CERS6 (3001) ...  
INFO  @ Wed, 22 Feb 2023 15:45:59: Thread 0: Calculating DBH (4001) ...  
INFO  @ Wed, 22 Feb 2023 15:46:04: Thread 0: Calculating ERCC6L2 (5001) ...  
INFO  @ Wed, 22 Feb 2023 15:46:08: Thread 0: Calculating GANC (6001) ...  
INFO  @ Wed, 22 Feb 2023 15:46:12: Thread 0: Calculating HMBS (7001) ...  
INFO  @ Wed, 22 Feb 2023 15:46:16: Thread 0: Calculating KIAA1147 (8001) ...  
INFO  @ Wed, 22 Feb 2023 15:46:21: Thread 0: Calculating MAGOH (9001) ...  
INFO  @ Wed, 22 Feb 2023 15:46:25: Thread 0: Calculating NANOS3 (10001) ...  
INFO  @ Wed, 22 Feb 2023 15:46:29: Thread 0: Calculating PAXIP1 (11001) ...  
INFO  @ Wed, 22 Feb 2023 15:46:33: Thread 0: Calculating PRG4 (12001) ...  
INFO  @ Wed, 22 Feb 2023 15:46:38: Thread 0: Calculating RNF151 (13001) ...  
INFO  @ Wed, 22 Feb 2023 15:46:42: Thread 0: Calculating SLC25A11 (14001) ...  
INFO  @ Wed, 22 Feb 2023 15:46:46: Thread 0: Calculating SUMO4 (15001) ...  
INFO  @ Wed, 22 Feb 2023 15:46:51: Thread 0: Calculating TNKS2 (16001) ...  
INFO  @ Wed, 22 Feb 2023 15:46:55: Thread 0: Calculating WDHD1 (17001) ...  
INFO  @ Wed, 22 Feb 2023 15:46:59: Thread 0: Calculating ZYG11A (18001) ...  
INFO  @ Wed, 22 Feb 2023 15:46:59: Thread 0 completed. 
INFO  @ Wed, 22 Feb 2023 15:46:59: All threads completed. 
INFO  @ Wed, 22 Feb 2023 15:47:02: Assigning p values... 
INFO  @ Wed, 22 Feb 2023 15:47:03: Permuting groups of gene with 10 sgRNAs per gene. Group progress: 10/22 
INFO  @ Wed, 22 Feb 2023 15:47:03: Start permuting 2 rounds ... 
INFO  @ Wed, 22 Feb 2023 15:47:03: Collecting 90025 sgRNAs from 18006 genes. 
INFO  @ Wed, 22 Feb 2023 15:47:04: Permuting round 0 ... 
INFO  @ Wed, 22 Feb 2023 15:47:04: Thread 0 started. 
INFO  @ Wed, 22 Feb 2023 15:47:04: Thread 0: total 18006 instances. 
INFO  @ Wed, 22 Feb 2023 15:47:04: Thread 0: Calculating A1CF (1) ...  
INFO  @ Wed, 22 Feb 2023 15:47:09: Thread 0: Calculating ARNT2 (1001) ...  
INFO  @ Wed, 22 Feb 2023 15:47:13: Thread 0: Calculating C2orf44 (2001) ...  
INFO  @ Wed, 22 Feb 2023 15:47:17: Thread 0: Calculating CERS6 (3001) ...  
INFO  @ Wed, 22 Feb 2023 15:47:22: Thread 0: Calculating DBH (4001) ...  
INFO  @ Wed, 22 Feb 2023 15:47:26: Thread 0: Calculating ERCC6L2 (5001) ...  
INFO  @ Wed, 22 Feb 2023 15:47:30: Thread 0: Calculating GANC (6001) ...  
INFO  @ Wed, 22 Feb 2023 15:47:35: Thread 0: Calculating HMBS (7001) ...  
INFO  @ Wed, 22 Feb 2023 15:47:39: Thread 0: Calculating KIAA1147 (8001) ...  
INFO  @ Wed, 22 Feb 2023 15:47:44: Thread 0: Calculating MAGOH (9001) ...  
INFO  @ Wed, 22 Feb 2023 15:47:48: Thread 0: Calculating NANOS3 (10001) ...  
INFO  @ Wed, 22 Feb 2023 15:47:52: Thread 0: Calculating PAXIP1 (11001) ...  
INFO  @ Wed, 22 Feb 2023 15:47:57: Thread 0: Calculating PRG4 (12001) ...  
INFO  @ Wed, 22 Feb 2023 15:48:01: Thread 0: Calculating RNF151 (13001) ...  
INFO  @ Wed, 22 Feb 2023 15:48:05: Thread 0: Calculating SLC25A11 (14001) ...  
INFO  @ Wed, 22 Feb 2023 15:48:10: Thread 0: Calculating SUMO4 (15001) ...  
INFO  @ Wed, 22 Feb 2023 15:48:14: Thread 0: Calculating TNKS2 (16001) ...  
INFO  @ Wed, 22 Feb 2023 15:48:18: Thread 0: Calculating WDHD1 (17001) ...  
INFO  @ Wed, 22 Feb 2023 15:48:23: Thread 0: Calculating ZYG11A (18001) ...  
INFO  @ Wed, 22 Feb 2023 15:48:23: Thread 0 completed. 
INFO  @ Wed, 22 Feb 2023 15:48:23: All threads completed. 
INFO  @ Wed, 22 Feb 2023 15:48:26: Permuting round 1 ... 
INFO  @ Wed, 22 Feb 2023 15:48:26: Thread 0 started. 
INFO  @ Wed, 22 Feb 2023 15:48:26: Thread 0: total 18006 instances. 
INFO  @ Wed, 22 Feb 2023 15:48:26: Thread 0: Calculating A1CF (1) ...  
INFO  @ Wed, 22 Feb 2023 15:48:31: Thread 0: Calculating ARNT2 (1001) ...  
INFO  @ Wed, 22 Feb 2023 15:48:35: Thread 0: Calculating C2orf44 (2001) ...  
INFO  @ Wed, 22 Feb 2023 15:48:39: Thread 0: Calculating CERS6 (3001) ...  
INFO  @ Wed, 22 Feb 2023 15:48:44: Thread 0: Calculating DBH (4001) ...  
INFO  @ Wed, 22 Feb 2023 15:48:48: Thread 0: Calculating ERCC6L2 (5001) ...  
INFO  @ Wed, 22 Feb 2023 15:48:53: Thread 0: Calculating GANC (6001) ...  
INFO  @ Wed, 22 Feb 2023 15:48:57: Thread 0: Calculating HMBS (7001) ...  
INFO  @ Wed, 22 Feb 2023 15:49:01: Thread 0: Calculating KIAA1147 (8001) ...  
INFO  @ Wed, 22 Feb 2023 15:49:06: Thread 0: Calculating MAGOH (9001) ...  
INFO  @ Wed, 22 Feb 2023 15:49:10: Thread 0: Calculating NANOS3 (10001) ...  
INFO  @ Wed, 22 Feb 2023 15:49:14: Thread 0: Calculating PAXIP1 (11001) ...  
INFO  @ Wed, 22 Feb 2023 15:49:19: Thread 0: Calculating PRG4 (12001) ...  
INFO  @ Wed, 22 Feb 2023 15:49:23: Thread 0: Calculating RNF151 (13001) ...  
INFO  @ Wed, 22 Feb 2023 15:49:27: Thread 0: Calculating SLC25A11 (14001) ...  
INFO  @ Wed, 22 Feb 2023 15:49:32: Thread 0: Calculating SUMO4 (15001) ...  
INFO  @ Wed, 22 Feb 2023 15:49:36: Thread 0: Calculating TNKS2 (16001) ...  
INFO  @ Wed, 22 Feb 2023 15:49:40: Thread 0: Calculating WDHD1 (17001) ...  
INFO  @ Wed, 22 Feb 2023 15:49:45: Thread 0: Calculating ZYG11A (18001) ...  
INFO  @ Wed, 22 Feb 2023 15:49:45: Thread 0 completed. 
INFO  @ Wed, 22 Feb 2023 15:49:45: All threads completed. 
INFO  @ Wed, 22 Feb 2023 15:49:48: Assigning p values... 
INFO  @ Wed, 22 Feb 2023 15:49:48: Permuting groups of gene with 11 sgRNAs per gene. Group progress: 11/22 
INFO  @ Wed, 22 Feb 2023 15:49:48: Start permuting 2 rounds ... 
INFO  @ Wed, 22 Feb 2023 15:49:49: Collecting 90025 sgRNAs from 18006 genes. 
INFO  @ Wed, 22 Feb 2023 15:49:50: Permuting round 0 ... 
INFO  @ Wed, 22 Feb 2023 15:49:50: Thread 0 started. 
INFO  @ Wed, 22 Feb 2023 15:49:50: Thread 0: total 18006 instances. 
INFO  @ Wed, 22 Feb 2023 15:49:50: Thread 0: Calculating A1CF (1) ...  
INFO  @ Wed, 22 Feb 2023 15:49:55: Thread 0: Calculating ARNT2 (1001) ...  
INFO  @ Wed, 22 Feb 2023 15:49:59: Thread 0: Calculating C2orf44 (2001) ...  
INFO  @ Wed, 22 Feb 2023 15:50:04: Thread 0: Calculating CERS6 (3001) ...  
INFO  @ Wed, 22 Feb 2023 15:50:08: Thread 0: Calculating DBH (4001) ...  
INFO  @ Wed, 22 Feb 2023 15:50:13: Thread 0: Calculating ERCC6L2 (5001) ...  
INFO  @ Wed, 22 Feb 2023 15:50:17: Thread 0: Calculating GANC (6001) ...  
INFO  @ Wed, 22 Feb 2023 15:50:21: Thread 0: Calculating HMBS (7001) ...  
INFO  @ Wed, 22 Feb 2023 15:50:26: Thread 0: Calculating KIAA1147 (8001) ...  
INFO  @ Wed, 22 Feb 2023 15:50:31: Thread 0: Calculating MAGOH (9001) ...  
INFO  @ Wed, 22 Feb 2023 15:50:35: Thread 0: Calculating NANOS3 (10001) ...  
INFO  @ Wed, 22 Feb 2023 15:50:39: Thread 0: Calculating PAXIP1 (11001) ...  
INFO  @ Wed, 22 Feb 2023 15:50:44: Thread 0: Calculating PRG4 (12001) ...  
INFO  @ Wed, 22 Feb 2023 15:50:48: Thread 0: Calculating RNF151 (13001) ...  
INFO  @ Wed, 22 Feb 2023 15:50:53: Thread 0: Calculating SLC25A11 (14001) ...  
INFO  @ Wed, 22 Feb 2023 15:50:57: Thread 0: Calculating SUMO4 (15001) ...  
INFO  @ Wed, 22 Feb 2023 15:51:02: Thread 0: Calculating TNKS2 (16001) ...  
INFO  @ Wed, 22 Feb 2023 15:51:06: Thread 0: Calculating WDHD1 (17001) ...  
INFO  @ Wed, 22 Feb 2023 15:51:10: Thread 0: Calculating ZYG11A (18001) ...  
INFO  @ Wed, 22 Feb 2023 15:51:11: Thread 0 completed. 
INFO  @ Wed, 22 Feb 2023 15:51:11: All threads completed. 
INFO  @ Wed, 22 Feb 2023 15:51:14: Permuting round 1 ... 
INFO  @ Wed, 22 Feb 2023 15:51:14: Thread 0 started. 
INFO  @ Wed, 22 Feb 2023 15:51:14: Thread 0: total 18006 instances. 
INFO  @ Wed, 22 Feb 2023 15:51:14: Thread 0: Calculating A1CF (1) ...  
INFO  @ Wed, 22 Feb 2023 15:51:19: Thread 0: Calculating ARNT2 (1001) ...  
INFO  @ Wed, 22 Feb 2023 15:51:23: Thread 0: Calculating C2orf44 (2001) ...  
INFO  @ Wed, 22 Feb 2023 15:51:28: Thread 0: Calculating CERS6 (3001) ...  
INFO  @ Wed, 22 Feb 2023 15:51:32: Thread 0: Calculating DBH (4001) ...  
INFO  @ Wed, 22 Feb 2023 15:51:37: Thread 0: Calculating ERCC6L2 (5001) ...  
INFO  @ Wed, 22 Feb 2023 15:51:41: Thread 0: Calculating GANC (6001) ...  
INFO  @ Wed, 22 Feb 2023 15:51:46: Thread 0: Calculating HMBS (7001) ...  
INFO  @ Wed, 22 Feb 2023 15:51:50: Thread 0: Calculating KIAA1147 (8001) ...  
INFO  @ Wed, 22 Feb 2023 15:51:55: Thread 0: Calculating MAGOH (9001) ...  
INFO  @ Wed, 22 Feb 2023 15:51:59: Thread 0: Calculating NANOS3 (10001) ...  
INFO  @ Wed, 22 Feb 2023 15:52:04: Thread 0: Calculating PAXIP1 (11001) ...  
INFO  @ Wed, 22 Feb 2023 15:52:08: Thread 0: Calculating PRG4 (12001) ...  
INFO  @ Wed, 22 Feb 2023 15:52:13: Thread 0: Calculating RNF151 (13001) ...  
INFO  @ Wed, 22 Feb 2023 15:52:17: Thread 0: Calculating SLC25A11 (14001) ...  
INFO  @ Wed, 22 Feb 2023 15:52:22: Thread 0: Calculating SUMO4 (15001) ...  
INFO  @ Wed, 22 Feb 2023 15:52:26: Thread 0: Calculating TNKS2 (16001) ...  
INFO  @ Wed, 22 Feb 2023 15:52:31: Thread 0: Calculating WDHD1 (17001) ...  
INFO  @ Wed, 22 Feb 2023 15:52:35: Thread 0: Calculating ZYG11A (18001) ...  
INFO  @ Wed, 22 Feb 2023 15:52:35: Thread 0 completed. 
INFO  @ Wed, 22 Feb 2023 15:52:35: All threads completed. 
INFO  @ Wed, 22 Feb 2023 15:52:38: Assigning p values... 
INFO  @ Wed, 22 Feb 2023 15:52:39: Permuting groups of gene with 12 sgRNAs per gene. Group progress: 12/22 
INFO  @ Wed, 22 Feb 2023 15:52:39: Start permuting 2 rounds ... 
INFO  @ Wed, 22 Feb 2023 15:52:39: Collecting 90025 sgRNAs from 18006 genes. 
INFO  @ Wed, 22 Feb 2023 15:52:40: Permuting round 0 ... 
INFO  @ Wed, 22 Feb 2023 15:52:40: Thread 0 started. 
INFO  @ Wed, 22 Feb 2023 15:52:40: Thread 0: total 18006 instances. 
INFO  @ Wed, 22 Feb 2023 15:52:40: Thread 0: Calculating A1CF (1) ...  
INFO  @ Wed, 22 Feb 2023 15:52:45: Thread 0: Calculating ARNT2 (1001) ...  
INFO  @ Wed, 22 Feb 2023 15:52:50: Thread 0: Calculating C2orf44 (2001) ...  
INFO  @ Wed, 22 Feb 2023 15:52:54: Thread 0: Calculating CERS6 (3001) ...  
INFO  @ Wed, 22 Feb 2023 15:52:59: Thread 0: Calculating DBH (4001) ...  
INFO  @ Wed, 22 Feb 2023 15:53:03: Thread 0: Calculating ERCC6L2 (5001) ...  
INFO  @ Wed, 22 Feb 2023 15:53:08: Thread 0: Calculating GANC (6001) ...  
INFO  @ Wed, 22 Feb 2023 15:53:13: Thread 0: Calculating HMBS (7001) ...  
INFO  @ Wed, 22 Feb 2023 15:53:17: Thread 0: Calculating KIAA1147 (8001) ...  
INFO  @ Wed, 22 Feb 2023 15:53:22: Thread 0: Calculating MAGOH (9001) ...  
INFO  @ Wed, 22 Feb 2023 15:53:26: Thread 0: Calculating NANOS3 (10001) ...  
INFO  @ Wed, 22 Feb 2023 15:53:31: Thread 0: Calculating PAXIP1 (11001) ...  
INFO  @ Wed, 22 Feb 2023 15:53:35: Thread 0: Calculating PRG4 (12001) ...  
INFO  @ Wed, 22 Feb 2023 15:53:40: Thread 0: Calculating RNF151 (13001) ...  
INFO  @ Wed, 22 Feb 2023 15:53:45: Thread 0: Calculating SLC25A11 (14001) ...  
INFO  @ Wed, 22 Feb 2023 15:53:49: Thread 0: Calculating SUMO4 (15001) ...  
INFO  @ Wed, 22 Feb 2023 15:53:54: Thread 0: Calculating TNKS2 (16001) ...  
INFO  @ Wed, 22 Feb 2023 15:53:58: Thread 0: Calculating WDHD1 (17001) ...  
INFO  @ Wed, 22 Feb 2023 15:54:03: Thread 0: Calculating ZYG11A (18001) ...  
INFO  @ Wed, 22 Feb 2023 15:54:03: Thread 0 completed. 
INFO  @ Wed, 22 Feb 2023 15:54:03: All threads completed. 
INFO  @ Wed, 22 Feb 2023 15:54:06: Permuting round 1 ... 
INFO  @ Wed, 22 Feb 2023 15:54:07: Thread 0 started. 
INFO  @ Wed, 22 Feb 2023 15:54:07: Thread 0: total 18006 instances. 
INFO  @ Wed, 22 Feb 2023 15:54:07: Thread 0: Calculating A1CF (1) ...  
INFO  @ Wed, 22 Feb 2023 15:54:11: Thread 0: Calculating ARNT2 (1001) ...  
INFO  @ Wed, 22 Feb 2023 15:54:16: Thread 0: Calculating C2orf44 (2001) ...  
INFO  @ Wed, 22 Feb 2023 15:54:21: Thread 0: Calculating CERS6 (3001) ...  
INFO  @ Wed, 22 Feb 2023 15:54:25: Thread 0: Calculating DBH (4001) ...  
INFO  @ Wed, 22 Feb 2023 15:54:30: Thread 0: Calculating ERCC6L2 (5001) ...  
INFO  @ Wed, 22 Feb 2023 15:54:35: Thread 0: Calculating GANC (6001) ...  
INFO  @ Wed, 22 Feb 2023 15:54:39: Thread 0: Calculating HMBS (7001) ...  
INFO  @ Wed, 22 Feb 2023 15:54:44: Thread 0: Calculating KIAA1147 (8001) ...  
INFO  @ Wed, 22 Feb 2023 15:54:48: Thread 0: Calculating MAGOH (9001) ...  
INFO  @ Wed, 22 Feb 2023 15:54:53: Thread 0: Calculating NANOS3 (10001) ...  
INFO  @ Wed, 22 Feb 2023 15:54:58: Thread 0: Calculating PAXIP1 (11001) ...  
INFO  @ Wed, 22 Feb 2023 15:55:02: Thread 0: Calculating PRG4 (12001) ...  
INFO  @ Wed, 22 Feb 2023 15:55:07: Thread 0: Calculating RNF151 (13001) ...  
INFO  @ Wed, 22 Feb 2023 15:55:12: Thread 0: Calculating SLC25A11 (14001) ...  
INFO  @ Wed, 22 Feb 2023 15:55:16: Thread 0: Calculating SUMO4 (15001) ...  
INFO  @ Wed, 22 Feb 2023 15:55:21: Thread 0: Calculating TNKS2 (16001) ...  
INFO  @ Wed, 22 Feb 2023 15:55:25: Thread 0: Calculating WDHD1 (17001) ...  
INFO  @ Wed, 22 Feb 2023 15:55:30: Thread 0: Calculating ZYG11A (18001) ...  
INFO  @ Wed, 22 Feb 2023 15:55:30: Thread 0 completed. 
INFO  @ Wed, 22 Feb 2023 15:55:30: All threads completed. 
INFO  @ Wed, 22 Feb 2023 15:55:33: Assigning p values... 
INFO  @ Wed, 22 Feb 2023 15:55:34: Permuting groups of gene with 13 sgRNAs per gene. Group progress: 13/22 
INFO  @ Wed, 22 Feb 2023 15:55:34: Start permuting 2 rounds ... 
INFO  @ Wed, 22 Feb 2023 15:55:34: Collecting 90025 sgRNAs from 18006 genes. 
INFO  @ Wed, 22 Feb 2023 15:55:35: Permuting round 0 ... 
INFO  @ Wed, 22 Feb 2023 15:55:35: Thread 0 started. 
INFO  @ Wed, 22 Feb 2023 15:55:35: Thread 0: total 18006 instances. 
INFO  @ Wed, 22 Feb 2023 15:55:35: Thread 0: Calculating A1CF (1) ...  
INFO  @ Wed, 22 Feb 2023 15:55:40: Thread 0: Calculating ARNT2 (1001) ...  
INFO  @ Wed, 22 Feb 2023 15:55:45: Thread 0: Calculating C2orf44 (2001) ...  
INFO  @ Wed, 22 Feb 2023 15:55:50: Thread 0: Calculating CERS6 (3001) ...  
INFO  @ Wed, 22 Feb 2023 15:55:54: Thread 0: Calculating DBH (4001) ...  
INFO  @ Wed, 22 Feb 2023 15:55:59: Thread 0: Calculating ERCC6L2 (5001) ...  
INFO  @ Wed, 22 Feb 2023 15:56:04: Thread 0: Calculating GANC (6001) ...  
INFO  @ Wed, 22 Feb 2023 15:56:09: Thread 0: Calculating HMBS (7001) ...  
INFO  @ Wed, 22 Feb 2023 15:56:14: Thread 0: Calculating KIAA1147 (8001) ...  
INFO  @ Wed, 22 Feb 2023 15:56:18: Thread 0: Calculating MAGOH (9001) ...  
INFO  @ Wed, 22 Feb 2023 15:56:23: Thread 0: Calculating NANOS3 (10001) ...  
INFO  @ Wed, 22 Feb 2023 15:56:28: Thread 0: Calculating PAXIP1 (11001) ...  
INFO  @ Wed, 22 Feb 2023 15:56:33: Thread 0: Calculating PRG4 (12001) ...  
INFO  @ Wed, 22 Feb 2023 15:56:37: Thread 0: Calculating RNF151 (13001) ...  
INFO  @ Wed, 22 Feb 2023 15:56:42: Thread 0: Calculating SLC25A11 (14001) ...  
INFO  @ Wed, 22 Feb 2023 15:56:47: Thread 0: Calculating SUMO4 (15001) ...  
INFO  @ Wed, 22 Feb 2023 15:56:51: Thread 0: Calculating TNKS2 (16001) ...  
INFO  @ Wed, 22 Feb 2023 15:56:56: Thread 0: Calculating WDHD1 (17001) ...  
INFO  @ Wed, 22 Feb 2023 15:57:01: Thread 0: Calculating ZYG11A (18001) ...  
INFO  @ Wed, 22 Feb 2023 15:57:01: Thread 0 completed. 
INFO  @ Wed, 22 Feb 2023 15:57:01: All threads completed. 
INFO  @ Wed, 22 Feb 2023 15:57:04: Permuting round 1 ... 
INFO  @ Wed, 22 Feb 2023 15:57:05: Thread 0 started. 
INFO  @ Wed, 22 Feb 2023 15:57:05: Thread 0: total 18006 instances. 
INFO  @ Wed, 22 Feb 2023 15:57:05: Thread 0: Calculating A1CF (1) ...  
INFO  @ Wed, 22 Feb 2023 15:57:10: Thread 0: Calculating ARNT2 (1001) ...  
INFO  @ Wed, 22 Feb 2023 15:57:14: Thread 0: Calculating C2orf44 (2001) ...  
INFO  @ Wed, 22 Feb 2023 15:57:19: Thread 0: Calculating CERS6 (3001) ...  
INFO  @ Wed, 22 Feb 2023 15:57:24: Thread 0: Calculating DBH (4001) ...  
INFO  @ Wed, 22 Feb 2023 15:57:29: Thread 0: Calculating ERCC6L2 (5001) ...  
INFO  @ Wed, 22 Feb 2023 15:57:33: Thread 0: Calculating GANC (6001) ...  
INFO  @ Wed, 22 Feb 2023 15:57:38: Thread 0: Calculating HMBS (7001) ...  
INFO  @ Wed, 22 Feb 2023 15:57:43: Thread 0: Calculating KIAA1147 (8001) ...  
INFO  @ Wed, 22 Feb 2023 15:57:48: Thread 0: Calculating MAGOH (9001) ...  
INFO  @ Wed, 22 Feb 2023 15:57:53: Thread 0: Calculating NANOS3 (10001) ...  
INFO  @ Wed, 22 Feb 2023 15:57:57: Thread 0: Calculating PAXIP1 (11001) ...  
INFO  @ Wed, 22 Feb 2023 15:58:02: Thread 0: Calculating PRG4 (12001) ...  
INFO  @ Wed, 22 Feb 2023 15:58:07: Thread 0: Calculating RNF151 (13001) ...  
INFO  @ Wed, 22 Feb 2023 15:58:12: Thread 0: Calculating SLC25A11 (14001) ...  
INFO  @ Wed, 22 Feb 2023 15:58:17: Thread 0: Calculating SUMO4 (15001) ...  
INFO  @ Wed, 22 Feb 2023 15:58:21: Thread 0: Calculating TNKS2 (16001) ...  
INFO  @ Wed, 22 Feb 2023 15:58:26: Thread 0: Calculating WDHD1 (17001) ...  
INFO  @ Wed, 22 Feb 2023 15:58:31: Thread 0: Calculating ZYG11A (18001) ...  
INFO  @ Wed, 22 Feb 2023 15:58:31: Thread 0 completed. 
INFO  @ Wed, 22 Feb 2023 15:58:31: All threads completed. 
INFO  @ Wed, 22 Feb 2023 15:58:34: Assigning p values... 
INFO  @ Wed, 22 Feb 2023 15:58:34: Permuting groups of gene with 14 sgRNAs per gene. Group progress: 14/22 
INFO  @ Wed, 22 Feb 2023 15:58:35: Start permuting 2 rounds ... 
INFO  @ Wed, 22 Feb 2023 15:58:35: Collecting 90025 sgRNAs from 18006 genes. 
INFO  @ Wed, 22 Feb 2023 15:58:36: Permuting round 0 ... 
INFO  @ Wed, 22 Feb 2023 15:58:36: Thread 0 started. 
INFO  @ Wed, 22 Feb 2023 15:58:36: Thread 0: total 18006 instances. 
INFO  @ Wed, 22 Feb 2023 15:58:36: Thread 0: Calculating A1CF (1) ...  
INFO  @ Wed, 22 Feb 2023 15:58:41: Thread 0: Calculating ARNT2 (1001) ...  
INFO  @ Wed, 22 Feb 2023 15:58:46: Thread 0: Calculating C2orf44 (2001) ...  
INFO  @ Wed, 22 Feb 2023 15:58:51: Thread 0: Calculating CERS6 (3001) ...  
INFO  @ Wed, 22 Feb 2023 15:58:56: Thread 0: Calculating DBH (4001) ...  
INFO  @ Wed, 22 Feb 2023 15:59:01: Thread 0: Calculating ERCC6L2 (5001) ...  
INFO  @ Wed, 22 Feb 2023 15:59:06: Thread 0: Calculating GANC (6001) ...  
INFO  @ Wed, 22 Feb 2023 15:59:11: Thread 0: Calculating HMBS (7001) ...  
INFO  @ Wed, 22 Feb 2023 15:59:15: Thread 0: Calculating KIAA1147 (8001) ...  
INFO  @ Wed, 22 Feb 2023 15:59:20: Thread 0: Calculating MAGOH (9001) ...  
INFO  @ Wed, 22 Feb 2023 15:59:25: Thread 0: Calculating NANOS3 (10001) ...  
INFO  @ Wed, 22 Feb 2023 15:59:30: Thread 0: Calculating PAXIP1 (11001) ...  
INFO  @ Wed, 22 Feb 2023 15:59:35: Thread 0: Calculating PRG4 (12001) ...  
INFO  @ Wed, 22 Feb 2023 15:59:40: Thread 0: Calculating RNF151 (13001) ...  
INFO  @ Wed, 22 Feb 2023 15:59:45: Thread 0: Calculating SLC25A11 (14001) ...  
INFO  @ Wed, 22 Feb 2023 15:59:50: Thread 0: Calculating SUMO4 (15001) ...  
INFO  @ Wed, 22 Feb 2023 15:59:55: Thread 0: Calculating TNKS2 (16001) ...  
INFO  @ Wed, 22 Feb 2023 16:00:00: Thread 0: Calculating WDHD1 (17001) ...  
INFO  @ Wed, 22 Feb 2023 16:00:05: Thread 0: Calculating ZYG11A (18001) ...  
INFO  @ Wed, 22 Feb 2023 16:00:05: Thread 0 completed. 
INFO  @ Wed, 22 Feb 2023 16:00:05: All threads completed. 
INFO  @ Wed, 22 Feb 2023 16:00:08: Permuting round 1 ... 
INFO  @ Wed, 22 Feb 2023 16:00:08: Thread 0 started. 
INFO  @ Wed, 22 Feb 2023 16:00:08: Thread 0: total 18006 instances. 
INFO  @ Wed, 22 Feb 2023 16:00:09: Thread 0: Calculating A1CF (1) ...  
INFO  @ Wed, 22 Feb 2023 16:00:14: Thread 0: Calculating ARNT2 (1001) ...  
INFO  @ Wed, 22 Feb 2023 16:00:18: Thread 0: Calculating C2orf44 (2001) ...  
INFO  @ Wed, 22 Feb 2023 16:00:23: Thread 0: Calculating CERS6 (3001) ...  
INFO  @ Wed, 22 Feb 2023 16:00:28: Thread 0: Calculating DBH (4001) ...  
INFO  @ Wed, 22 Feb 2023 16:00:33: Thread 0: Calculating ERCC6L2 (5001) ...  
INFO  @ Wed, 22 Feb 2023 16:00:38: Thread 0: Calculating GANC (6001) ...  
INFO  @ Wed, 22 Feb 2023 16:00:43: Thread 0: Calculating HMBS (7001) ...  
INFO  @ Wed, 22 Feb 2023 16:00:48: Thread 0: Calculating KIAA1147 (8001) ...  
INFO  @ Wed, 22 Feb 2023 16:00:53: Thread 0: Calculating MAGOH (9001) ...  
INFO  @ Wed, 22 Feb 2023 16:00:58: Thread 0: Calculating NANOS3 (10001) ...  
INFO  @ Wed, 22 Feb 2023 16:01:03: Thread 0: Calculating PAXIP1 (11001) ...  
INFO  @ Wed, 22 Feb 2023 16:01:08: Thread 0: Calculating PRG4 (12001) ...  
INFO  @ Wed, 22 Feb 2023 16:01:13: Thread 0: Calculating RNF151 (13001) ...  
INFO  @ Wed, 22 Feb 2023 16:01:18: Thread 0: Calculating SLC25A11 (14001) ...  
INFO  @ Wed, 22 Feb 2023 16:01:23: Thread 0: Calculating SUMO4 (15001) ...  
INFO  @ Wed, 22 Feb 2023 16:01:28: Thread 0: Calculating TNKS2 (16001) ...  
INFO  @ Wed, 22 Feb 2023 16:01:33: Thread 0: Calculating WDHD1 (17001) ...  
INFO  @ Wed, 22 Feb 2023 16:01:38: Thread 0: Calculating ZYG11A (18001) ...  
INFO  @ Wed, 22 Feb 2023 16:01:38: Thread 0 completed. 
INFO  @ Wed, 22 Feb 2023 16:01:38: All threads completed. 
INFO  @ Wed, 22 Feb 2023 16:01:41: Assigning p values... 
INFO  @ Wed, 22 Feb 2023 16:01:41: Permuting groups of gene with 15 sgRNAs per gene. Group progress: 15/22 
INFO  @ Wed, 22 Feb 2023 16:01:41: Start permuting 2 rounds ... 
INFO  @ Wed, 22 Feb 2023 16:01:42: Collecting 90025 sgRNAs from 18006 genes. 
INFO  @ Wed, 22 Feb 2023 16:01:43: Permuting round 0 ... 
INFO  @ Wed, 22 Feb 2023 16:01:43: Thread 0 started. 
INFO  @ Wed, 22 Feb 2023 16:01:43: Thread 0: total 18006 instances. 
INFO  @ Wed, 22 Feb 2023 16:01:43: Thread 0: Calculating A1CF (1) ...  
INFO  @ Wed, 22 Feb 2023 16:01:49: Thread 0: Calculating ARNT2 (1001) ...  
INFO  @ Wed, 22 Feb 2023 16:01:54: Thread 0: Calculating C2orf44 (2001) ...  
INFO  @ Wed, 22 Feb 2023 16:01:59: Thread 0: Calculating CERS6 (3001) ...  
INFO  @ Wed, 22 Feb 2023 16:02:04: Thread 0: Calculating DBH (4001) ...  
INFO  @ Wed, 22 Feb 2023 16:02:09: Thread 0: Calculating ERCC6L2 (5001) ...  
INFO  @ Wed, 22 Feb 2023 16:02:14: Thread 0: Calculating GANC (6001) ...  
INFO  @ Wed, 22 Feb 2023 16:02:19: Thread 0: Calculating HMBS (7001) ...  
INFO  @ Wed, 22 Feb 2023 16:02:24: Thread 0: Calculating KIAA1147 (8001) ...  
INFO  @ Wed, 22 Feb 2023 16:02:29: Thread 0: Calculating MAGOH (9001) ...  
INFO  @ Wed, 22 Feb 2023 16:02:33: Thread 0: Calculating NANOS3 (10001) ...  
INFO  @ Wed, 22 Feb 2023 16:02:38: Thread 0: Calculating PAXIP1 (11001) ...  
INFO  @ Wed, 22 Feb 2023 16:02:43: Thread 0: Calculating PRG4 (12001) ...  
INFO  @ Wed, 22 Feb 2023 16:02:48: Thread 0: Calculating RNF151 (13001) ...  
INFO  @ Wed, 22 Feb 2023 16:02:53: Thread 0: Calculating SLC25A11 (14001) ...  
INFO  @ Wed, 22 Feb 2023 16:02:58: Thread 0: Calculating SUMO4 (15001) ...  
INFO  @ Wed, 22 Feb 2023 16:03:04: Thread 0: Calculating TNKS2 (16001) ...  
INFO  @ Wed, 22 Feb 2023 16:03:09: Thread 0: Calculating WDHD1 (17001) ...  
INFO  @ Wed, 22 Feb 2023 16:03:14: Thread 0: Calculating ZYG11A (18001) ...  
INFO  @ Wed, 22 Feb 2023 16:03:14: Thread 0 completed. 
INFO  @ Wed, 22 Feb 2023 16:03:14: All threads completed. 
INFO  @ Wed, 22 Feb 2023 16:03:17: Permuting round 1 ... 
INFO  @ Wed, 22 Feb 2023 16:03:17: Thread 0 started. 
INFO  @ Wed, 22 Feb 2023 16:03:17: Thread 0: total 18006 instances. 
INFO  @ Wed, 22 Feb 2023 16:03:17: Thread 0: Calculating A1CF (1) ...  
INFO  @ Wed, 22 Feb 2023 16:03:23: Thread 0: Calculating ARNT2 (1001) ...  
INFO  @ Wed, 22 Feb 2023 16:03:28: Thread 0: Calculating C2orf44 (2001) ...  
INFO  @ Wed, 22 Feb 2023 16:03:33: Thread 0: Calculating CERS6 (3001) ...  
INFO  @ Wed, 22 Feb 2023 16:03:38: Thread 0: Calculating DBH (4001) ...  
INFO  @ Wed, 22 Feb 2023 16:03:43: Thread 0: Calculating ERCC6L2 (5001) ...  
INFO  @ Wed, 22 Feb 2023 16:03:48: Thread 0: Calculating GANC (6001) ...  
INFO  @ Wed, 22 Feb 2023 16:03:53: Thread 0: Calculating HMBS (7001) ...  
INFO  @ Wed, 22 Feb 2023 16:03:58: Thread 0: Calculating KIAA1147 (8001) ...  
INFO  @ Wed, 22 Feb 2023 16:04:03: Thread 0: Calculating MAGOH (9001) ...  
INFO  @ Wed, 22 Feb 2023 16:04:08: Thread 0: Calculating NANOS3 (10001) ...  
INFO  @ Wed, 22 Feb 2023 16:04:13: Thread 0: Calculating PAXIP1 (11001) ...  
INFO  @ Wed, 22 Feb 2023 16:04:18: Thread 0: Calculating PRG4 (12001) ...  
INFO  @ Wed, 22 Feb 2023 16:04:23: Thread 0: Calculating RNF151 (13001) ...  
INFO  @ Wed, 22 Feb 2023 16:04:28: Thread 0: Calculating SLC25A11 (14001) ...  
INFO  @ Wed, 22 Feb 2023 16:04:33: Thread 0: Calculating SUMO4 (15001) ...  
INFO  @ Wed, 22 Feb 2023 16:04:38: Thread 0: Calculating TNKS2 (16001) ...  
INFO  @ Wed, 22 Feb 2023 16:04:43: Thread 0: Calculating WDHD1 (17001) ...  
INFO  @ Wed, 22 Feb 2023 16:04:49: Thread 0: Calculating ZYG11A (18001) ...  
INFO  @ Wed, 22 Feb 2023 16:04:49: Thread 0 completed. 
INFO  @ Wed, 22 Feb 2023 16:04:49: All threads completed. 
INFO  @ Wed, 22 Feb 2023 16:04:52: Assigning p values... 
INFO  @ Wed, 22 Feb 2023 16:04:53: Permuting groups of gene with 16 sgRNAs per gene. Group progress: 16/22 
INFO  @ Wed, 22 Feb 2023 16:04:53: Start permuting 2 rounds ... 
INFO  @ Wed, 22 Feb 2023 16:04:53: Collecting 90025 sgRNAs from 18006 genes. 
INFO  @ Wed, 22 Feb 2023 16:04:54: Permuting round 0 ... 
INFO  @ Wed, 22 Feb 2023 16:04:54: Thread 0 started. 
INFO  @ Wed, 22 Feb 2023 16:04:54: Thread 0: total 18006 instances. 
INFO  @ Wed, 22 Feb 2023 16:04:54: Thread 0: Calculating A1CF (1) ...  
INFO  @ Wed, 22 Feb 2023 16:05:00: Thread 0: Calculating ARNT2 (1001) ...  
INFO  @ Wed, 22 Feb 2023 16:05:05: Thread 0: Calculating C2orf44 (2001) ...  
INFO  @ Wed, 22 Feb 2023 16:05:10: Thread 0: Calculating CERS6 (3001) ...  
INFO  @ Wed, 22 Feb 2023 16:05:15: Thread 0: Calculating DBH (4001) ...  
INFO  @ Wed, 22 Feb 2023 16:05:20: Thread 0: Calculating ERCC6L2 (5001) ...  
INFO  @ Wed, 22 Feb 2023 16:05:25: Thread 0: Calculating GANC (6001) ...  
INFO  @ Wed, 22 Feb 2023 16:05:30: Thread 0: Calculating HMBS (7001) ...  
INFO  @ Wed, 22 Feb 2023 16:05:36: Thread 0: Calculating KIAA1147 (8001) ...  
INFO  @ Wed, 22 Feb 2023 16:05:41: Thread 0: Calculating MAGOH (9001) ...  
INFO  @ Wed, 22 Feb 2023 16:05:46: Thread 0: Calculating NANOS3 (10001) ...  
INFO  @ Wed, 22 Feb 2023 16:05:51: Thread 0: Calculating PAXIP1 (11001) ...  
INFO  @ Wed, 22 Feb 2023 16:05:56: Thread 0: Calculating PRG4 (12001) ...  
INFO  @ Wed, 22 Feb 2023 16:06:01: Thread 0: Calculating RNF151 (13001) ...  
INFO  @ Wed, 22 Feb 2023 16:06:06: Thread 0: Calculating SLC25A11 (14001) ...  
INFO  @ Wed, 22 Feb 2023 16:06:12: Thread 0: Calculating SUMO4 (15001) ...  
INFO  @ Wed, 22 Feb 2023 16:06:17: Thread 0: Calculating TNKS2 (16001) ...  
INFO  @ Wed, 22 Feb 2023 16:06:22: Thread 0: Calculating WDHD1 (17001) ...  
INFO  @ Wed, 22 Feb 2023 16:06:27: Thread 0: Calculating ZYG11A (18001) ...  
INFO  @ Wed, 22 Feb 2023 16:06:27: Thread 0 completed. 
INFO  @ Wed, 22 Feb 2023 16:06:27: All threads completed. 
INFO  @ Wed, 22 Feb 2023 16:06:31: Permuting round 1 ... 
INFO  @ Wed, 22 Feb 2023 16:06:31: Thread 0 started. 
INFO  @ Wed, 22 Feb 2023 16:06:31: Thread 0: total 18006 instances. 
INFO  @ Wed, 22 Feb 2023 16:06:31: Thread 0: Calculating A1CF (1) ...  
INFO  @ Wed, 22 Feb 2023 16:06:37: Thread 0: Calculating ARNT2 (1001) ...  
INFO  @ Wed, 22 Feb 2023 16:06:42: Thread 0: Calculating C2orf44 (2001) ...  
INFO  @ Wed, 22 Feb 2023 16:06:47: Thread 0: Calculating CERS6 (3001) ...  
INFO  @ Wed, 22 Feb 2023 16:06:52: Thread 0: Calculating DBH (4001) ...  
INFO  @ Wed, 22 Feb 2023 16:06:57: Thread 0: Calculating ERCC6L2 (5001) ...  
INFO  @ Wed, 22 Feb 2023 16:07:03: Thread 0: Calculating GANC (6001) ...  
INFO  @ Wed, 22 Feb 2023 16:07:08: Thread 0: Calculating HMBS (7001) ...  
INFO  @ Wed, 22 Feb 2023 16:07:13: Thread 0: Calculating KIAA1147 (8001) ...  
INFO  @ Wed, 22 Feb 2023 16:07:18: Thread 0: Calculating MAGOH (9001) ...  
INFO  @ Wed, 22 Feb 2023 16:07:23: Thread 0: Calculating NANOS3 (10001) ...  
INFO  @ Wed, 22 Feb 2023 16:07:29: Thread 0: Calculating PAXIP1 (11001) ...  
INFO  @ Wed, 22 Feb 2023 16:07:34: Thread 0: Calculating PRG4 (12001) ...  
INFO  @ Wed, 22 Feb 2023 16:07:39: Thread 0: Calculating RNF151 (13001) ...  
INFO  @ Wed, 22 Feb 2023 16:07:44: Thread 0: Calculating SLC25A11 (14001) ...  
INFO  @ Wed, 22 Feb 2023 16:07:50: Thread 0: Calculating SUMO4 (15001) ...  
INFO  @ Wed, 22 Feb 2023 16:07:55: Thread 0: Calculating TNKS2 (16001) ...  
INFO  @ Wed, 22 Feb 2023 16:08:00: Thread 0: Calculating WDHD1 (17001) ...  
INFO  @ Wed, 22 Feb 2023 16:08:05: Thread 0: Calculating ZYG11A (18001) ...  
INFO  @ Wed, 22 Feb 2023 16:08:05: Thread 0 completed. 
INFO  @ Wed, 22 Feb 2023 16:08:05: All threads completed. 
INFO  @ Wed, 22 Feb 2023 16:08:09: Assigning p values... 
INFO  @ Wed, 22 Feb 2023 16:08:09: Permuting groups of gene with 17 sgRNAs per gene. Group progress: 17/22 
INFO  @ Wed, 22 Feb 2023 16:08:09: Start permuting 2 rounds ... 
INFO  @ Wed, 22 Feb 2023 16:08:09: Collecting 90025 sgRNAs from 18006 genes. 
INFO  @ Wed, 22 Feb 2023 16:08:10: Permuting round 0 ... 
INFO  @ Wed, 22 Feb 2023 16:08:11: Thread 0 started. 
INFO  @ Wed, 22 Feb 2023 16:08:11: Thread 0: total 18006 instances. 
INFO  @ Wed, 22 Feb 2023 16:08:11: Thread 0: Calculating A1CF (1) ...  
INFO  @ Wed, 22 Feb 2023 16:08:16: Thread 0: Calculating ARNT2 (1001) ...  
INFO  @ Wed, 22 Feb 2023 16:08:22: Thread 0: Calculating C2orf44 (2001) ...  
INFO  @ Wed, 22 Feb 2023 16:08:27: Thread 0: Calculating CERS6 (3001) ...  
INFO  @ Wed, 22 Feb 2023 16:08:32: Thread 0: Calculating DBH (4001) ...  
INFO  @ Wed, 22 Feb 2023 16:08:38: Thread 0: Calculating ERCC6L2 (5001) ...  
INFO  @ Wed, 22 Feb 2023 16:08:43: Thread 0: Calculating GANC (6001) ...  
INFO  @ Wed, 22 Feb 2023 16:08:48: Thread 0: Calculating HMBS (7001) ...  
INFO  @ Wed, 22 Feb 2023 16:08:54: Thread 0: Calculating KIAA1147 (8001) ...  
INFO  @ Wed, 22 Feb 2023 16:08:59: Thread 0: Calculating MAGOH (9001) ...  
INFO  @ Wed, 22 Feb 2023 16:09:05: Thread 0: Calculating NANOS3 (10001) ...  
INFO  @ Wed, 22 Feb 2023 16:09:10: Thread 0: Calculating PAXIP1 (11001) ...  
INFO  @ Wed, 22 Feb 2023 16:09:15: Thread 0: Calculating PRG4 (12001) ...  
INFO  @ Wed, 22 Feb 2023 16:09:21: Thread 0: Calculating RNF151 (13001) ...  
INFO  @ Wed, 22 Feb 2023 16:09:26: Thread 0: Calculating SLC25A11 (14001) ...  
INFO  @ Wed, 22 Feb 2023 16:09:31: Thread 0: Calculating SUMO4 (15001) ...  
INFO  @ Wed, 22 Feb 2023 16:09:37: Thread 0: Calculating TNKS2 (16001) ...  
INFO  @ Wed, 22 Feb 2023 16:09:42: Thread 0: Calculating WDHD1 (17001) ...  
INFO  @ Wed, 22 Feb 2023 16:09:47: Thread 0: Calculating ZYG11A (18001) ...  
INFO  @ Wed, 22 Feb 2023 16:09:47: Thread 0 completed. 
INFO  @ Wed, 22 Feb 2023 16:09:47: All threads completed. 
INFO  @ Wed, 22 Feb 2023 16:09:51: Permuting round 1 ... 
INFO  @ Wed, 22 Feb 2023 16:09:51: Thread 0 started. 
INFO  @ Wed, 22 Feb 2023 16:09:51: Thread 0: total 18006 instances. 
INFO  @ Wed, 22 Feb 2023 16:09:51: Thread 0: Calculating A1CF (1) ...  
INFO  @ Wed, 22 Feb 2023 16:09:57: Thread 0: Calculating ARNT2 (1001) ...  
INFO  @ Wed, 22 Feb 2023 16:10:02: Thread 0: Calculating C2orf44 (2001) ...  
INFO  @ Wed, 22 Feb 2023 16:10:08: Thread 0: Calculating CERS6 (3001) ...  
INFO  @ Wed, 22 Feb 2023 16:10:13: Thread 0: Calculating DBH (4001) ...  
INFO  @ Wed, 22 Feb 2023 16:10:18: Thread 0: Calculating ERCC6L2 (5001) ...  
INFO  @ Wed, 22 Feb 2023 16:10:24: Thread 0: Calculating GANC (6001) ...  
INFO  @ Wed, 22 Feb 2023 16:10:29: Thread 0: Calculating HMBS (7001) ...  
INFO  @ Wed, 22 Feb 2023 16:10:34: Thread 0: Calculating KIAA1147 (8001) ...  
INFO  @ Wed, 22 Feb 2023 16:10:40: Thread 0: Calculating MAGOH (9001) ...  
INFO  @ Wed, 22 Feb 2023 16:10:46: Thread 0: Calculating NANOS3 (10001) ...  
INFO  @ Wed, 22 Feb 2023 16:10:51: Thread 0: Calculating PAXIP1 (11001) ...  
INFO  @ Wed, 22 Feb 2023 16:10:56: Thread 0: Calculating PRG4 (12001) ...  
INFO  @ Wed, 22 Feb 2023 16:11:02: Thread 0: Calculating RNF151 (13001) ...  
INFO  @ Wed, 22 Feb 2023 16:11:07: Thread 0: Calculating SLC25A11 (14001) ...  
INFO  @ Wed, 22 Feb 2023 16:11:13: Thread 0: Calculating SUMO4 (15001) ...  
INFO  @ Wed, 22 Feb 2023 16:11:18: Thread 0: Calculating TNKS2 (16001) ...  
INFO  @ Wed, 22 Feb 2023 16:11:23: Thread 0: Calculating WDHD1 (17001) ...  
INFO  @ Wed, 22 Feb 2023 16:11:29: Thread 0: Calculating ZYG11A (18001) ...  
INFO  @ Wed, 22 Feb 2023 16:11:29: Thread 0 completed. 
INFO  @ Wed, 22 Feb 2023 16:11:29: All threads completed. 
INFO  @ Wed, 22 Feb 2023 16:11:33: Assigning p values... 
INFO  @ Wed, 22 Feb 2023 16:11:33: Permuting groups of gene with 18 sgRNAs per gene. Group progress: 18/22 
INFO  @ Wed, 22 Feb 2023 16:11:33: Start permuting 2 rounds ... 
INFO  @ Wed, 22 Feb 2023 16:11:33: Collecting 90025 sgRNAs from 18006 genes. 
INFO  @ Wed, 22 Feb 2023 16:11:34: Permuting round 0 ... 
INFO  @ Wed, 22 Feb 2023 16:11:35: Thread 0 started. 
INFO  @ Wed, 22 Feb 2023 16:11:35: Thread 0: total 18006 instances. 
INFO  @ Wed, 22 Feb 2023 16:11:35: Thread 0: Calculating A1CF (1) ...  
INFO  @ Wed, 22 Feb 2023 16:11:41: Thread 0: Calculating ARNT2 (1001) ...  
INFO  @ Wed, 22 Feb 2023 16:11:46: Thread 0: Calculating C2orf44 (2001) ...  
INFO  @ Wed, 22 Feb 2023 16:11:52: Thread 0: Calculating CERS6 (3001) ...  
INFO  @ Wed, 22 Feb 2023 16:11:57: Thread 0: Calculating DBH (4001) ...  
INFO  @ Wed, 22 Feb 2023 16:12:03: Thread 0: Calculating ERCC6L2 (5001) ...  
INFO  @ Wed, 22 Feb 2023 16:12:08: Thread 0: Calculating GANC (6001) ...  
INFO  @ Wed, 22 Feb 2023 16:12:14: Thread 0: Calculating HMBS (7001) ...  
INFO  @ Wed, 22 Feb 2023 16:12:19: Thread 0: Calculating KIAA1147 (8001) ...  
INFO  @ Wed, 22 Feb 2023 16:12:25: Thread 0: Calculating MAGOH (9001) ...  
INFO  @ Wed, 22 Feb 2023 16:12:31: Thread 0: Calculating NANOS3 (10001) ...  
INFO  @ Wed, 22 Feb 2023 16:12:36: Thread 0: Calculating PAXIP1 (11001) ...  
INFO  @ Wed, 22 Feb 2023 16:12:42: Thread 0: Calculating PRG4 (12001) ...  
INFO  @ Wed, 22 Feb 2023 16:12:47: Thread 0: Calculating RNF151 (13001) ...  
INFO  @ Wed, 22 Feb 2023 16:12:53: Thread 0: Calculating SLC25A11 (14001) ...  
INFO  @ Wed, 22 Feb 2023 16:12:58: Thread 0: Calculating SUMO4 (15001) ...  
INFO  @ Wed, 22 Feb 2023 16:13:04: Thread 0: Calculating TNKS2 (16001) ...  
INFO  @ Wed, 22 Feb 2023 16:13:10: Thread 0: Calculating WDHD1 (17001) ...  
INFO  @ Wed, 22 Feb 2023 16:13:15: Thread 0: Calculating ZYG11A (18001) ...  
INFO  @ Wed, 22 Feb 2023 16:13:15: Thread 0 completed. 
INFO  @ Wed, 22 Feb 2023 16:13:15: All threads completed. 
INFO  @ Wed, 22 Feb 2023 16:13:19: Permuting round 1 ... 
INFO  @ Wed, 22 Feb 2023 16:13:19: Thread 0 started. 
INFO  @ Wed, 22 Feb 2023 16:13:19: Thread 0: total 18006 instances. 
INFO  @ Wed, 22 Feb 2023 16:13:19: Thread 0: Calculating A1CF (1) ...  
INFO  @ Wed, 22 Feb 2023 16:13:25: Thread 0: Calculating ARNT2 (1001) ...  
INFO  @ Wed, 22 Feb 2023 16:13:31: Thread 0: Calculating C2orf44 (2001) ...  
INFO  @ Wed, 22 Feb 2023 16:13:37: Thread 0: Calculating CERS6 (3001) ...  
INFO  @ Wed, 22 Feb 2023 16:13:43: Thread 0: Calculating DBH (4001) ...  
INFO  @ Wed, 22 Feb 2023 16:13:49: Thread 0: Calculating ERCC6L2 (5001) ...  
INFO  @ Wed, 22 Feb 2023 16:13:54: Thread 0: Calculating GANC (6001) ...  
INFO  @ Wed, 22 Feb 2023 16:14:00: Thread 0: Calculating HMBS (7001) ...  
INFO  @ Wed, 22 Feb 2023 16:14:06: Thread 0: Calculating KIAA1147 (8001) ...  
INFO  @ Wed, 22 Feb 2023 16:14:12: Thread 0: Calculating MAGOH (9001) ...  
INFO  @ Wed, 22 Feb 2023 16:14:17: Thread 0: Calculating NANOS3 (10001) ...  
INFO  @ Wed, 22 Feb 2023 16:14:23: Thread 0: Calculating PAXIP1 (11001) ...  
INFO  @ Wed, 22 Feb 2023 16:14:29: Thread 0: Calculating PRG4 (12001) ...  
INFO  @ Wed, 22 Feb 2023 16:14:35: Thread 0: Calculating RNF151 (13001) ...  
INFO  @ Wed, 22 Feb 2023 16:14:41: Thread 0: Calculating SLC25A11 (14001) ...  
INFO  @ Wed, 22 Feb 2023 16:14:46: Thread 0: Calculating SUMO4 (15001) ...  
INFO  @ Wed, 22 Feb 2023 16:14:52: Thread 0: Calculating TNKS2 (16001) ...  
INFO  @ Wed, 22 Feb 2023 16:14:58: Thread 0: Calculating WDHD1 (17001) ...  
INFO  @ Wed, 22 Feb 2023 16:15:04: Thread 0: Calculating ZYG11A (18001) ...  
INFO  @ Wed, 22 Feb 2023 16:15:04: Thread 0 completed. 
INFO  @ Wed, 22 Feb 2023 16:15:04: All threads completed. 
INFO  @ Wed, 22 Feb 2023 16:15:08: Assigning p values... 
INFO  @ Wed, 22 Feb 2023 16:15:08: Permuting groups of gene with 19 sgRNAs per gene. Group progress: 19/22 
INFO  @ Wed, 22 Feb 2023 16:15:08: Start permuting 2 rounds ... 
INFO  @ Wed, 22 Feb 2023 16:15:08: Collecting 90025 sgRNAs from 18006 genes. 
INFO  @ Wed, 22 Feb 2023 16:15:09: Permuting round 0 ... 
INFO  @ Wed, 22 Feb 2023 16:15:10: Thread 0 started. 
INFO  @ Wed, 22 Feb 2023 16:15:10: Thread 0: total 18006 instances. 
INFO  @ Wed, 22 Feb 2023 16:15:10: Thread 0: Calculating A1CF (1) ...  
INFO  @ Wed, 22 Feb 2023 16:15:16: Thread 0: Calculating ARNT2 (1001) ...  
INFO  @ Wed, 22 Feb 2023 16:15:22: Thread 0: Calculating C2orf44 (2001) ...  
INFO  @ Wed, 22 Feb 2023 16:15:27: Thread 0: Calculating CERS6 (3001) ...  
INFO  @ Wed, 22 Feb 2023 16:15:33: Thread 0: Calculating DBH (4001) ...  
INFO  @ Wed, 22 Feb 2023 16:15:39: Thread 0: Calculating ERCC6L2 (5001) ...  
INFO  @ Wed, 22 Feb 2023 16:15:45: Thread 0: Calculating GANC (6001) ...  
INFO  @ Wed, 22 Feb 2023 16:15:50: Thread 0: Calculating HMBS (7001) ...  
INFO  @ Wed, 22 Feb 2023 16:15:56: Thread 0: Calculating KIAA1147 (8001) ...  
INFO  @ Wed, 22 Feb 2023 16:16:02: Thread 0: Calculating MAGOH (9001) ...  
INFO  @ Wed, 22 Feb 2023 16:16:08: Thread 0: Calculating NANOS3 (10001) ...  
INFO  @ Wed, 22 Feb 2023 16:16:13: Thread 0: Calculating PAXIP1 (11001) ...  
INFO  @ Wed, 22 Feb 2023 16:16:19: Thread 0: Calculating PRG4 (12001) ...  
INFO  @ Wed, 22 Feb 2023 16:16:25: Thread 0: Calculating RNF151 (13001) ...  
INFO  @ Wed, 22 Feb 2023 16:16:31: Thread 0: Calculating SLC25A11 (14001) ...  
INFO  @ Wed, 22 Feb 2023 16:16:37: Thread 0: Calculating SUMO4 (15001) ...  
INFO  @ Wed, 22 Feb 2023 16:16:43: Thread 0: Calculating TNKS2 (16001) ...  
INFO  @ Wed, 22 Feb 2023 16:16:48: Thread 0: Calculating WDHD1 (17001) ...  
INFO  @ Wed, 22 Feb 2023 16:16:54: Thread 0: Calculating ZYG11A (18001) ...  
INFO  @ Wed, 22 Feb 2023 16:16:54: Thread 0 completed. 
INFO  @ Wed, 22 Feb 2023 16:16:54: All threads completed. 
INFO  @ Wed, 22 Feb 2023 16:16:58: Permuting round 1 ... 
INFO  @ Wed, 22 Feb 2023 16:16:58: Thread 0 started. 
INFO  @ Wed, 22 Feb 2023 16:16:58: Thread 0: total 18006 instances. 
INFO  @ Wed, 22 Feb 2023 16:16:58: Thread 0: Calculating A1CF (1) ...  
INFO  @ Wed, 22 Feb 2023 16:17:04: Thread 0: Calculating ARNT2 (1001) ...  
INFO  @ Wed, 22 Feb 2023 16:17:10: Thread 0: Calculating C2orf44 (2001) ...  
INFO  @ Wed, 22 Feb 2023 16:17:16: Thread 0: Calculating CERS6 (3001) ...  
INFO  @ Wed, 22 Feb 2023 16:17:22: Thread 0: Calculating DBH (4001) ...  
INFO  @ Wed, 22 Feb 2023 16:17:28: Thread 0: Calculating ERCC6L2 (5001) ...  
INFO  @ Wed, 22 Feb 2023 16:17:34: Thread 0: Calculating GANC (6001) ...  
INFO  @ Wed, 22 Feb 2023 16:17:40: Thread 0: Calculating HMBS (7001) ...  
INFO  @ Wed, 22 Feb 2023 16:17:46: Thread 0: Calculating KIAA1147 (8001) ...  
INFO  @ Wed, 22 Feb 2023 16:17:52: Thread 0: Calculating MAGOH (9001) ...  
INFO  @ Wed, 22 Feb 2023 16:17:58: Thread 0: Calculating NANOS3 (10001) ...  
INFO  @ Wed, 22 Feb 2023 16:18:04: Thread 0: Calculating PAXIP1 (11001) ...  
INFO  @ Wed, 22 Feb 2023 16:18:10: Thread 0: Calculating PRG4 (12001) ...  
INFO  @ Wed, 22 Feb 2023 16:18:16: Thread 0: Calculating RNF151 (13001) ...  
INFO  @ Wed, 22 Feb 2023 16:18:21: Thread 0: Calculating SLC25A11 (14001) ...  
INFO  @ Wed, 22 Feb 2023 16:18:28: Thread 0: Calculating SUMO4 (15001) ...  
INFO  @ Wed, 22 Feb 2023 16:18:34: Thread 0: Calculating TNKS2 (16001) ...  
INFO  @ Wed, 22 Feb 2023 16:18:39: Thread 0: Calculating WDHD1 (17001) ...  
INFO  @ Wed, 22 Feb 2023 16:18:45: Thread 0: Calculating ZYG11A (18001) ...  
INFO  @ Wed, 22 Feb 2023 16:18:45: Thread 0 completed. 
INFO  @ Wed, 22 Feb 2023 16:18:45: All threads completed. 
INFO  @ Wed, 22 Feb 2023 16:18:49: Assigning p values... 
INFO  @ Wed, 22 Feb 2023 16:18:49: Permuting groups of gene with 22 sgRNAs per gene. Group progress: 20/22 
INFO  @ Wed, 22 Feb 2023 16:18:49: Start permuting 2 rounds ... 
INFO  @ Wed, 22 Feb 2023 16:18:50: Collecting 90025 sgRNAs from 18006 genes. 
INFO  @ Wed, 22 Feb 2023 16:18:51: Permuting round 0 ... 
INFO  @ Wed, 22 Feb 2023 16:18:51: Thread 0 started. 
INFO  @ Wed, 22 Feb 2023 16:18:51: Thread 0: total 18006 instances. 
INFO  @ Wed, 22 Feb 2023 16:18:51: Thread 0: Calculating A1CF (1) ...  
INFO  @ Wed, 22 Feb 2023 16:18:58: Thread 0: Calculating ARNT2 (1001) ...  
INFO  @ Wed, 22 Feb 2023 16:19:05: Thread 0: Calculating C2orf44 (2001) ...  
INFO  @ Wed, 22 Feb 2023 16:19:11: Thread 0: Calculating CERS6 (3001) ...  
INFO  @ Wed, 22 Feb 2023 16:19:18: Thread 0: Calculating DBH (4001) ...  
INFO  @ Wed, 22 Feb 2023 16:19:24: Thread 0: Calculating ERCC6L2 (5001) ...  
INFO  @ Wed, 22 Feb 2023 16:19:31: Thread 0: Calculating GANC (6001) ...  
INFO  @ Wed, 22 Feb 2023 16:19:38: Thread 0: Calculating HMBS (7001) ...  
INFO  @ Wed, 22 Feb 2023 16:19:44: Thread 0: Calculating KIAA1147 (8001) ...  
INFO  @ Wed, 22 Feb 2023 16:19:51: Thread 0: Calculating MAGOH (9001) ...  
INFO  @ Wed, 22 Feb 2023 16:19:58: Thread 0: Calculating NANOS3 (10001) ...  
INFO  @ Wed, 22 Feb 2023 16:20:04: Thread 0: Calculating PAXIP1 (11001) ...  
INFO  @ Wed, 22 Feb 2023 16:20:11: Thread 0: Calculating PRG4 (12001) ...  
INFO  @ Wed, 22 Feb 2023 16:20:18: Thread 0: Calculating RNF151 (13001) ...  
INFO  @ Wed, 22 Feb 2023 16:20:24: Thread 0: Calculating SLC25A11 (14001) ...  
INFO  @ Wed, 22 Feb 2023 16:20:31: Thread 0: Calculating SUMO4 (15001) ...  
INFO  @ Wed, 22 Feb 2023 16:20:38: Thread 0: Calculating TNKS2 (16001) ...  
INFO  @ Wed, 22 Feb 2023 16:20:44: Thread 0: Calculating WDHD1 (17001) ...  
INFO  @ Wed, 22 Feb 2023 16:20:51: Thread 0: Calculating ZYG11A (18001) ...  
INFO  @ Wed, 22 Feb 2023 16:20:51: Thread 0 completed. 
INFO  @ Wed, 22 Feb 2023 16:20:51: All threads completed. 
INFO  @ Wed, 22 Feb 2023 16:20:55: Permuting round 1 ... 
INFO  @ Wed, 22 Feb 2023 16:20:55: Thread 0 started. 
INFO  @ Wed, 22 Feb 2023 16:20:55: Thread 0: total 18006 instances. 
INFO  @ Wed, 22 Feb 2023 16:20:55: Thread 0: Calculating A1CF (1) ...  
INFO  @ Wed, 22 Feb 2023 16:21:02: Thread 0: Calculating ARNT2 (1001) ...  
INFO  @ Wed, 22 Feb 2023 16:21:09: Thread 0: Calculating C2orf44 (2001) ...  
INFO  @ Wed, 22 Feb 2023 16:21:16: Thread 0: Calculating CERS6 (3001) ...  
INFO  @ Wed, 22 Feb 2023 16:21:22: Thread 0: Calculating DBH (4001) ...  
INFO  @ Wed, 22 Feb 2023 16:21:29: Thread 0: Calculating ERCC6L2 (5001) ...  
INFO  @ Wed, 22 Feb 2023 16:21:36: Thread 0: Calculating GANC (6001) ...  
INFO  @ Wed, 22 Feb 2023 16:21:43: Thread 0: Calculating HMBS (7001) ...  
INFO  @ Wed, 22 Feb 2023 16:21:50: Thread 0: Calculating KIAA1147 (8001) ...  
INFO  @ Wed, 22 Feb 2023 16:21:56: Thread 0: Calculating MAGOH (9001) ...  
INFO  @ Wed, 22 Feb 2023 16:22:03: Thread 0: Calculating NANOS3 (10001) ...  
INFO  @ Wed, 22 Feb 2023 16:22:10: Thread 0: Calculating PAXIP1 (11001) ...  
INFO  @ Wed, 22 Feb 2023 16:22:16: Thread 0: Calculating PRG4 (12001) ...  
INFO  @ Wed, 22 Feb 2023 16:22:23: Thread 0: Calculating RNF151 (13001) ...  
INFO  @ Wed, 22 Feb 2023 16:22:30: Thread 0: Calculating SLC25A11 (14001) ...  
INFO  @ Wed, 22 Feb 2023 16:22:36: Thread 0: Calculating SUMO4 (15001) ...  
INFO  @ Wed, 22 Feb 2023 16:22:43: Thread 0: Calculating TNKS2 (16001) ...  
INFO  @ Wed, 22 Feb 2023 16:22:50: Thread 0: Calculating WDHD1 (17001) ...  
INFO  @ Wed, 22 Feb 2023 16:22:57: Thread 0: Calculating ZYG11A (18001) ...  
INFO  @ Wed, 22 Feb 2023 16:22:57: Thread 0 completed. 
INFO  @ Wed, 22 Feb 2023 16:22:57: All threads completed. 
INFO  @ Wed, 22 Feb 2023 16:23:01: Assigning p values... 
INFO  @ Wed, 22 Feb 2023 16:23:01: Permuting groups of gene with 23 sgRNAs per gene. Group progress: 21/22 
INFO  @ Wed, 22 Feb 2023 16:23:01: Start permuting 2 rounds ... 
INFO  @ Wed, 22 Feb 2023 16:23:01: Collecting 90025 sgRNAs from 18006 genes. 
INFO  @ Wed, 22 Feb 2023 16:23:02: Permuting round 0 ... 
INFO  @ Wed, 22 Feb 2023 16:23:03: Thread 0 started. 
INFO  @ Wed, 22 Feb 2023 16:23:03: Thread 0: total 18006 instances. 
INFO  @ Wed, 22 Feb 2023 16:23:03: Thread 0: Calculating A1CF (1) ...  
INFO  @ Wed, 22 Feb 2023 16:23:10: Thread 0: Calculating ARNT2 (1001) ...  
INFO  @ Wed, 22 Feb 2023 16:23:16: Thread 0: Calculating C2orf44 (2001) ...  
INFO  @ Wed, 22 Feb 2023 16:23:23: Thread 0: Calculating CERS6 (3001) ...  
INFO  @ Wed, 22 Feb 2023 16:23:30: Thread 0: Calculating DBH (4001) ...  
INFO  @ Wed, 22 Feb 2023 16:23:37: Thread 0: Calculating ERCC6L2 (5001) ...  
INFO  @ Wed, 22 Feb 2023 16:23:43: Thread 0: Calculating GANC (6001) ...  
INFO  @ Wed, 22 Feb 2023 16:23:50: Thread 0: Calculating HMBS (7001) ...  
INFO  @ Wed, 22 Feb 2023 16:23:57: Thread 0: Calculating KIAA1147 (8001) ...  
INFO  @ Wed, 22 Feb 2023 16:24:04: Thread 0: Calculating MAGOH (9001) ...  
INFO  @ Wed, 22 Feb 2023 16:24:10: Thread 0: Calculating NANOS3 (10001) ...  
INFO  @ Wed, 22 Feb 2023 16:24:17: Thread 0: Calculating PAXIP1 (11001) ...  
INFO  @ Wed, 22 Feb 2023 16:24:24: Thread 0: Calculating PRG4 (12001) ...  
INFO  @ Wed, 22 Feb 2023 16:24:30: Thread 0: Calculating RNF151 (13001) ...  
INFO  @ Wed, 22 Feb 2023 16:24:37: Thread 0: Calculating SLC25A11 (14001) ...  
INFO  @ Wed, 22 Feb 2023 16:24:44: Thread 0: Calculating SUMO4 (15001) ...  
INFO  @ Wed, 22 Feb 2023 16:24:51: Thread 0: Calculating TNKS2 (16001) ...  
INFO  @ Wed, 22 Feb 2023 16:24:58: Thread 0: Calculating WDHD1 (17001) ...  
INFO  @ Wed, 22 Feb 2023 16:25:04: Thread 0: Calculating ZYG11A (18001) ...  
INFO  @ Wed, 22 Feb 2023 16:25:04: Thread 0 completed. 
INFO  @ Wed, 22 Feb 2023 16:25:04: All threads completed. 
INFO  @ Wed, 22 Feb 2023 16:25:08: Permuting round 1 ... 
INFO  @ Wed, 22 Feb 2023 16:25:09: Thread 0 started. 
INFO  @ Wed, 22 Feb 2023 16:25:09: Thread 0: total 18006 instances. 
INFO  @ Wed, 22 Feb 2023 16:25:09: Thread 0: Calculating A1CF (1) ...  
INFO  @ Wed, 22 Feb 2023 16:25:16: Thread 0: Calculating ARNT2 (1001) ...  
INFO  @ Wed, 22 Feb 2023 16:25:23: Thread 0: Calculating C2orf44 (2001) ...  
INFO  @ Wed, 22 Feb 2023 16:25:30: Thread 0: Calculating CERS6 (3001) ...  
INFO  @ Wed, 22 Feb 2023 16:25:37: Thread 0: Calculating DBH (4001) ...  
INFO  @ Wed, 22 Feb 2023 16:25:43: Thread 0: Calculating ERCC6L2 (5001) ...  
INFO  @ Wed, 22 Feb 2023 16:25:50: Thread 0: Calculating GANC (6001) ...  
INFO  @ Wed, 22 Feb 2023 16:25:57: Thread 0: Calculating HMBS (7001) ...  
INFO  @ Wed, 22 Feb 2023 16:26:04: Thread 0: Calculating KIAA1147 (8001) ...  
INFO  @ Wed, 22 Feb 2023 16:26:11: Thread 0: Calculating MAGOH (9001) ...  
INFO  @ Wed, 22 Feb 2023 16:26:18: Thread 0: Calculating NANOS3 (10001) ...  
INFO  @ Wed, 22 Feb 2023 16:26:24: Thread 0: Calculating PAXIP1 (11001) ...  
INFO  @ Wed, 22 Feb 2023 16:26:31: Thread 0: Calculating PRG4 (12001) ...  
INFO  @ Wed, 22 Feb 2023 16:26:38: Thread 0: Calculating RNF151 (13001) ...  
INFO  @ Wed, 22 Feb 2023 16:26:45: Thread 0: Calculating SLC25A11 (14001) ...  
INFO  @ Wed, 22 Feb 2023 16:26:52: Thread 0: Calculating SUMO4 (15001) ...  
INFO  @ Wed, 22 Feb 2023 16:26:59: Thread 0: Calculating TNKS2 (16001) ...  
INFO  @ Wed, 22 Feb 2023 16:27:06: Thread 0: Calculating WDHD1 (17001) ...  
INFO  @ Wed, 22 Feb 2023 16:27:12: Thread 0: Calculating ZYG11A (18001) ...  
INFO  @ Wed, 22 Feb 2023 16:27:13: Thread 0 completed. 
INFO  @ Wed, 22 Feb 2023 16:27:13: All threads completed. 
INFO  @ Wed, 22 Feb 2023 16:27:17: Assigning p values... 
INFO  @ Wed, 22 Feb 2023 16:27:17: Permuting groups of gene with 26 sgRNAs per gene. Group progress: 22/22 
INFO  @ Wed, 22 Feb 2023 16:27:17: Start permuting 2 rounds ... 
INFO  @ Wed, 22 Feb 2023 16:27:17: Collecting 90025 sgRNAs from 18006 genes. 
INFO  @ Wed, 22 Feb 2023 16:27:18: Permuting round 0 ... 
INFO  @ Wed, 22 Feb 2023 16:27:19: Thread 0 started. 
INFO  @ Wed, 22 Feb 2023 16:27:19: Thread 0: total 18006 instances. 
INFO  @ Wed, 22 Feb 2023 16:27:19: Thread 0: Calculating A1CF (1) ...  
INFO  @ Wed, 22 Feb 2023 16:27:27: Thread 0: Calculating ARNT2 (1001) ...  
INFO  @ Wed, 22 Feb 2023 16:27:35: Thread 0: Calculating C2orf44 (2001) ...  
INFO  @ Wed, 22 Feb 2023 16:27:43: Thread 0: Calculating CERS6 (3001) ...  
INFO  @ Wed, 22 Feb 2023 16:27:50: Thread 0: Calculating DBH (4001) ...  
INFO  @ Wed, 22 Feb 2023 16:27:58: Thread 0: Calculating ERCC6L2 (5001) ...  
INFO  @ Wed, 22 Feb 2023 16:28:06: Thread 0: Calculating GANC (6001) ...  
INFO  @ Wed, 22 Feb 2023 16:28:14: Thread 0: Calculating HMBS (7001) ...  
INFO  @ Wed, 22 Feb 2023 16:28:22: Thread 0: Calculating KIAA1147 (8001) ...  
INFO  @ Wed, 22 Feb 2023 16:28:30: Thread 0: Calculating MAGOH (9001) ...  
INFO  @ Wed, 22 Feb 2023 16:28:37: Thread 0: Calculating NANOS3 (10001) ...  
INFO  @ Wed, 22 Feb 2023 16:28:46: Thread 0: Calculating PAXIP1 (11001) ...  
INFO  @ Wed, 22 Feb 2023 16:28:54: Thread 0: Calculating PRG4 (12001) ...  
INFO  @ Wed, 22 Feb 2023 16:29:01: Thread 0: Calculating RNF151 (13001) ...  
INFO  @ Wed, 22 Feb 2023 16:29:09: Thread 0: Calculating SLC25A11 (14001) ...  
INFO  @ Wed, 22 Feb 2023 16:29:17: Thread 0: Calculating SUMO4 (15001) ...  
INFO  @ Wed, 22 Feb 2023 16:29:25: Thread 0: Calculating TNKS2 (16001) ...  
INFO  @ Wed, 22 Feb 2023 16:29:33: Thread 0: Calculating WDHD1 (17001) ...  
INFO  @ Wed, 22 Feb 2023 16:29:40: Thread 0: Calculating ZYG11A (18001) ...  
INFO  @ Wed, 22 Feb 2023 16:29:41: Thread 0 completed. 
INFO  @ Wed, 22 Feb 2023 16:29:41: All threads completed. 
INFO  @ Wed, 22 Feb 2023 16:29:45: Permuting round 1 ... 
INFO  @ Wed, 22 Feb 2023 16:29:45: Thread 0 started. 
INFO  @ Wed, 22 Feb 2023 16:29:45: Thread 0: total 18006 instances. 
INFO  @ Wed, 22 Feb 2023 16:29:45: Thread 0: Calculating A1CF (1) ...  
INFO  @ Wed, 22 Feb 2023 16:29:53: Thread 0: Calculating ARNT2 (1001) ...  
INFO  @ Wed, 22 Feb 2023 16:30:01: Thread 0: Calculating C2orf44 (2001) ...  
INFO  @ Wed, 22 Feb 2023 16:30:09: Thread 0: Calculating CERS6 (3001) ...  
INFO  @ Wed, 22 Feb 2023 16:30:17: Thread 0: Calculating DBH (4001) ...  
INFO  @ Wed, 22 Feb 2023 16:30:25: Thread 0: Calculating ERCC6L2 (5001) ...  
INFO  @ Wed, 22 Feb 2023 16:30:33: Thread 0: Calculating GANC (6001) ...  
INFO  @ Wed, 22 Feb 2023 16:30:41: Thread 0: Calculating HMBS (7001) ...  
INFO  @ Wed, 22 Feb 2023 16:30:49: Thread 0: Calculating KIAA1147 (8001) ...  
INFO  @ Wed, 22 Feb 2023 16:30:57: Thread 0: Calculating MAGOH (9001) ...  
INFO  @ Wed, 22 Feb 2023 16:31:05: Thread 0: Calculating NANOS3 (10001) ...  
INFO  @ Wed, 22 Feb 2023 16:31:14: Thread 0: Calculating PAXIP1 (11001) ...  
INFO  @ Wed, 22 Feb 2023 16:31:21: Thread 0: Calculating PRG4 (12001) ...  
INFO  @ Wed, 22 Feb 2023 16:31:29: Thread 0: Calculating RNF151 (13001) ...  
INFO  @ Wed, 22 Feb 2023 16:31:37: Thread 0: Calculating SLC25A11 (14001) ...  
INFO  @ Wed, 22 Feb 2023 16:31:45: Thread 0: Calculating SUMO4 (15001) ...  
INFO  @ Wed, 22 Feb 2023 16:31:53: Thread 0: Calculating TNKS2 (16001) ...  
INFO  @ Wed, 22 Feb 2023 16:32:01: Thread 0: Calculating WDHD1 (17001) ...  
INFO  @ Wed, 22 Feb 2023 16:32:09: Thread 0: Calculating ZYG11A (18001) ...  
INFO  @ Wed, 22 Feb 2023 16:32:09: Thread 0 completed. 
INFO  @ Wed, 22 Feb 2023 16:32:09: All threads completed. 
INFO  @ Wed, 22 Feb 2023 16:32:13: Assigning p values... 
INFO  @ Wed, 22 Feb 2023 16:32:14: Writing gene results to MP38.gene_summary.txt 
INFO  @ Wed, 22 Feb 2023 16:32:14: Writing sgRNA results to MP38.sgrna_summary.txt 
