INFO  @ Wed, 22 Feb 2023 16:35:46: Parameters: /home/alessandro.vinceti/miniconda3/envs/mageckenv/bin/mageck mle -k /group/iorio/Alessandro/David_Adams_analysis/results/OMM23/OMM23_count_norm.tsv -d /group/iorio/Alessandro/David_Adams_analysis/results/OMM23/design_matrix.tsv -n OMM23 
INFO  @ Wed, 22 Feb 2023 16:35:51: Cannot parse design matrix as a string; try to parse it as a file name ... 
INFO  @ Wed, 22 Feb 2023 16:35:51: Design matrix: 
INFO  @ Wed, 22 Feb 2023 16:35:51: [[1. 0.] 
INFO  @ Wed, 22 Feb 2023 16:35:51:  [1. 1.] 
INFO  @ Wed, 22 Feb 2023 16:35:51:  [1. 1.] 
INFO  @ Wed, 22 Feb 2023 16:35:51:  [1. 1.]] 
INFO  @ Wed, 22 Feb 2023 16:35:51: Beta labels:baseline,OMM23 
INFO  @ Wed, 22 Feb 2023 16:35:51: Included samples:Plasmid,OMM23_c909R1,OMM23_c909R2,OMM23_c909R3 
INFO  @ Wed, 22 Feb 2023 16:35:51: Loaded samples:Plasmid;OMM23_c909R1;OMM23_c909R2;OMM23_c909R3 
INFO  @ Wed, 22 Feb 2023 16:35:51: Sample index: 0;1;2;3 
INFO  @ Wed, 22 Feb 2023 16:35:51: Loaded 18006 genes. 
DEBUG @ Wed, 22 Feb 2023 16:35:51: Initial (total) size factor: 1.0000000000000193 1.0000000000000313 1.0000000000000506 0.9999999999998983 
DEBUG @ Wed, 22 Feb 2023 16:35:52: Median factor: 1.0104403891076257 1.0103026572708065 1.0133810489591875 1.012180596620378 
INFO  @ Wed, 22 Feb 2023 16:35:52: Final size factor: 1.0104403891076257 1.0103026572708065 1.0133810489591875 1.012180596620378 
INFO  @ Wed, 22 Feb 2023 16:35:52: size factor: 0.989667486355285,0.9898024050548994,0.9867956392386351,0.9879659848637204 
INFO  @ Wed, 22 Feb 2023 16:35:52: Thread 0 started. 
INFO  @ Wed, 22 Feb 2023 16:35:52: Thread 0: total 1 instances. 
INFO  @ Wed, 22 Feb 2023 16:35:52: Thread 0 completed. 
INFO  @ Wed, 22 Feb 2023 16:35:52: All threads completed. 
INFO  @ Wed, 22 Feb 2023 16:35:52: Modeling the mean and variance ... 
INFO  @ Wed, 22 Feb 2023 16:35:52: Run the algorithm for the second time ... 
INFO  @ Wed, 22 Feb 2023 16:35:52: Thread 0 started. 
INFO  @ Wed, 22 Feb 2023 16:35:52: Thread 0: total 18006 instances. 
INFO  @ Wed, 22 Feb 2023 16:35:52: Thread 0: Calculating A1CF (1) ...  
INFO  @ Wed, 22 Feb 2023 16:35:55: Thread 0: Calculating ARNT2 (1001) ...  
INFO  @ Wed, 22 Feb 2023 16:35:59: Thread 0: Calculating C2orf44 (2001) ...  
INFO  @ Wed, 22 Feb 2023 16:36:02: Thread 0: Calculating CERS6 (3001) ...  
INFO  @ Wed, 22 Feb 2023 16:36:06: Thread 0: Calculating DBH (4001) ...  
INFO  @ Wed, 22 Feb 2023 16:36:09: Thread 0: Calculating ERCC6L2 (5001) ...  
INFO  @ Wed, 22 Feb 2023 16:36:13: Thread 0: Calculating GANC (6001) ...  
INFO  @ Wed, 22 Feb 2023 16:36:16: Thread 0: Calculating HMBS (7001) ...  
INFO  @ Wed, 22 Feb 2023 16:36:20: Thread 0: Calculating KIAA1147 (8001) ...  
INFO  @ Wed, 22 Feb 2023 16:36:23: Thread 0: Calculating MAGOH (9001) ...  
INFO  @ Wed, 22 Feb 2023 16:36:26: Thread 0: Calculating NANOS3 (10001) ...  
INFO  @ Wed, 22 Feb 2023 16:36:30: Thread 0: Calculating PAXIP1 (11001) ...  
INFO  @ Wed, 22 Feb 2023 16:36:33: Thread 0: Calculating PRG4 (12001) ...  
INFO  @ Wed, 22 Feb 2023 16:36:37: Thread 0: Calculating RNF151 (13001) ...  
INFO  @ Wed, 22 Feb 2023 16:36:40: Thread 0: Calculating SLC25A11 (14001) ...  
INFO  @ Wed, 22 Feb 2023 16:36:43: Thread 0: Calculating SUMO4 (15001) ...  
INFO  @ Wed, 22 Feb 2023 16:36:47: Thread 0: Calculating TNKS2 (16001) ...  
INFO  @ Wed, 22 Feb 2023 16:36:50: Thread 0: Calculating WDHD1 (17001) ...  
INFO  @ Wed, 22 Feb 2023 16:36:54: Thread 0: Calculating ZYG11A (18001) ...  
INFO  @ Wed, 22 Feb 2023 16:36:54: Thread 0 completed. 
INFO  @ Wed, 22 Feb 2023 16:36:54: All threads completed. 
INFO  @ Wed, 22 Feb 2023 16:36:56: Permuting groups of gene with 1 sgRNAs per gene. Group progress: 1/22 
INFO  @ Wed, 22 Feb 2023 16:36:56: Start permuting 2 rounds ... 
INFO  @ Wed, 22 Feb 2023 16:36:57: Collecting 90025 sgRNAs from 18006 genes. 
INFO  @ Wed, 22 Feb 2023 16:36:57: Permuting round 0 ... 
INFO  @ Wed, 22 Feb 2023 16:36:58: Thread 0 started. 
INFO  @ Wed, 22 Feb 2023 16:36:58: Thread 0: total 18006 instances. 
INFO  @ Wed, 22 Feb 2023 16:36:58: Thread 0: Calculating A1CF (1) ...  
INFO  @ Wed, 22 Feb 2023 16:37:00: Thread 0: Calculating ARNT2 (1001) ...  
INFO  @ Wed, 22 Feb 2023 16:37:02: Thread 0: Calculating C2orf44 (2001) ...  
INFO  @ Wed, 22 Feb 2023 16:37:04: Thread 0: Calculating CERS6 (3001) ...  
INFO  @ Wed, 22 Feb 2023 16:37:06: Thread 0: Calculating DBH (4001) ...  
INFO  @ Wed, 22 Feb 2023 16:37:08: Thread 0: Calculating ERCC6L2 (5001) ...  
INFO  @ Wed, 22 Feb 2023 16:37:10: Thread 0: Calculating GANC (6001) ...  
INFO  @ Wed, 22 Feb 2023 16:37:12: Thread 0: Calculating HMBS (7001) ...  
INFO  @ Wed, 22 Feb 2023 16:37:15: Thread 0: Calculating KIAA1147 (8001) ...  
INFO  @ Wed, 22 Feb 2023 16:37:17: Thread 0: Calculating MAGOH (9001) ...  
INFO  @ Wed, 22 Feb 2023 16:37:19: Thread 0: Calculating NANOS3 (10001) ...  
INFO  @ Wed, 22 Feb 2023 16:37:21: Thread 0: Calculating PAXIP1 (11001) ...  
INFO  @ Wed, 22 Feb 2023 16:37:23: Thread 0: Calculating PRG4 (12001) ...  
INFO  @ Wed, 22 Feb 2023 16:37:25: Thread 0: Calculating RNF151 (13001) ...  
INFO  @ Wed, 22 Feb 2023 16:37:27: Thread 0: Calculating SLC25A11 (14001) ...  
INFO  @ Wed, 22 Feb 2023 16:37:29: Thread 0: Calculating SUMO4 (15001) ...  
INFO  @ Wed, 22 Feb 2023 16:37:32: Thread 0: Calculating TNKS2 (16001) ...  
INFO  @ Wed, 22 Feb 2023 16:37:34: Thread 0: Calculating WDHD1 (17001) ...  
INFO  @ Wed, 22 Feb 2023 16:37:36: Thread 0: Calculating ZYG11A (18001) ...  
INFO  @ Wed, 22 Feb 2023 16:37:36: Thread 0 completed. 
INFO  @ Wed, 22 Feb 2023 16:37:36: All threads completed. 
INFO  @ Wed, 22 Feb 2023 16:37:38: Permuting round 1 ... 
INFO  @ Wed, 22 Feb 2023 16:37:39: Thread 0 started. 
INFO  @ Wed, 22 Feb 2023 16:37:39: Thread 0: total 18006 instances. 
INFO  @ Wed, 22 Feb 2023 16:37:39: Thread 0: Calculating A1CF (1) ...  
INFO  @ Wed, 22 Feb 2023 16:37:41: Thread 0: Calculating ARNT2 (1001) ...  
INFO  @ Wed, 22 Feb 2023 16:37:43: Thread 0: Calculating C2orf44 (2001) ...  
INFO  @ Wed, 22 Feb 2023 16:37:45: Thread 0: Calculating CERS6 (3001) ...  
INFO  @ Wed, 22 Feb 2023 16:37:47: Thread 0: Calculating DBH (4001) ...  
INFO  @ Wed, 22 Feb 2023 16:37:49: Thread 0: Calculating ERCC6L2 (5001) ...  
INFO  @ Wed, 22 Feb 2023 16:37:51: Thread 0: Calculating GANC (6001) ...  
INFO  @ Wed, 22 Feb 2023 16:37:53: Thread 0: Calculating HMBS (7001) ...  
INFO  @ Wed, 22 Feb 2023 16:37:56: Thread 0: Calculating KIAA1147 (8001) ...  
INFO  @ Wed, 22 Feb 2023 16:37:58: Thread 0: Calculating MAGOH (9001) ...  
INFO  @ Wed, 22 Feb 2023 16:38:00: Thread 0: Calculating NANOS3 (10001) ...  
INFO  @ Wed, 22 Feb 2023 16:38:02: Thread 0: Calculating PAXIP1 (11001) ...  
INFO  @ Wed, 22 Feb 2023 16:38:04: Thread 0: Calculating PRG4 (12001) ...  
INFO  @ Wed, 22 Feb 2023 16:38:06: Thread 0: Calculating RNF151 (13001) ...  
INFO  @ Wed, 22 Feb 2023 16:38:08: Thread 0: Calculating SLC25A11 (14001) ...  
INFO  @ Wed, 22 Feb 2023 16:38:10: Thread 0: Calculating SUMO4 (15001) ...  
INFO  @ Wed, 22 Feb 2023 16:38:12: Thread 0: Calculating TNKS2 (16001) ...  
INFO  @ Wed, 22 Feb 2023 16:38:15: Thread 0: Calculating WDHD1 (17001) ...  
INFO  @ Wed, 22 Feb 2023 16:38:17: Thread 0: Calculating ZYG11A (18001) ...  
INFO  @ Wed, 22 Feb 2023 16:38:17: Thread 0 completed. 
INFO  @ Wed, 22 Feb 2023 16:38:17: All threads completed. 
INFO  @ Wed, 22 Feb 2023 16:38:19: Assigning p values... 
INFO  @ Wed, 22 Feb 2023 16:38:20: Permuting groups of gene with 2 sgRNAs per gene. Group progress: 2/22 
INFO  @ Wed, 22 Feb 2023 16:38:20: Start permuting 2 rounds ... 
INFO  @ Wed, 22 Feb 2023 16:38:20: Collecting 90025 sgRNAs from 18006 genes. 
INFO  @ Wed, 22 Feb 2023 16:38:21: Permuting round 0 ... 
INFO  @ Wed, 22 Feb 2023 16:38:21: Thread 0 started. 
INFO  @ Wed, 22 Feb 2023 16:38:21: Thread 0: total 18006 instances. 
INFO  @ Wed, 22 Feb 2023 16:38:21: Thread 0: Calculating A1CF (1) ...  
INFO  @ Wed, 22 Feb 2023 16:38:24: Thread 0: Calculating ARNT2 (1001) ...  
INFO  @ Wed, 22 Feb 2023 16:38:27: Thread 0: Calculating C2orf44 (2001) ...  
INFO  @ Wed, 22 Feb 2023 16:38:29: Thread 0: Calculating CERS6 (3001) ...  
INFO  @ Wed, 22 Feb 2023 16:38:32: Thread 0: Calculating DBH (4001) ...  
INFO  @ Wed, 22 Feb 2023 16:38:35: Thread 0: Calculating ERCC6L2 (5001) ...  
INFO  @ Wed, 22 Feb 2023 16:38:38: Thread 0: Calculating GANC (6001) ...  
INFO  @ Wed, 22 Feb 2023 16:38:40: Thread 0: Calculating HMBS (7001) ...  
INFO  @ Wed, 22 Feb 2023 16:38:43: Thread 0: Calculating KIAA1147 (8001) ...  
INFO  @ Wed, 22 Feb 2023 16:38:46: Thread 0: Calculating MAGOH (9001) ...  
INFO  @ Wed, 22 Feb 2023 16:38:49: Thread 0: Calculating NANOS3 (10001) ...  
INFO  @ Wed, 22 Feb 2023 16:38:51: Thread 0: Calculating PAXIP1 (11001) ...  
INFO  @ Wed, 22 Feb 2023 16:38:54: Thread 0: Calculating PRG4 (12001) ...  
INFO  @ Wed, 22 Feb 2023 16:38:57: Thread 0: Calculating RNF151 (13001) ...  
INFO  @ Wed, 22 Feb 2023 16:39:00: Thread 0: Calculating SLC25A11 (14001) ...  
INFO  @ Wed, 22 Feb 2023 16:39:03: Thread 0: Calculating SUMO4 (15001) ...  
INFO  @ Wed, 22 Feb 2023 16:39:05: Thread 0: Calculating TNKS2 (16001) ...  
INFO  @ Wed, 22 Feb 2023 16:39:08: Thread 0: Calculating WDHD1 (17001) ...  
INFO  @ Wed, 22 Feb 2023 16:39:11: Thread 0: Calculating ZYG11A (18001) ...  
INFO  @ Wed, 22 Feb 2023 16:39:11: Thread 0 completed. 
INFO  @ Wed, 22 Feb 2023 16:39:11: All threads completed. 
INFO  @ Wed, 22 Feb 2023 16:39:14: Permuting round 1 ... 
INFO  @ Wed, 22 Feb 2023 16:39:14: Thread 0 started. 
INFO  @ Wed, 22 Feb 2023 16:39:14: Thread 0: total 18006 instances. 
INFO  @ Wed, 22 Feb 2023 16:39:14: Thread 0: Calculating A1CF (1) ...  
INFO  @ Wed, 22 Feb 2023 16:39:17: Thread 0: Calculating ARNT2 (1001) ...  
INFO  @ Wed, 22 Feb 2023 16:39:20: Thread 0: Calculating C2orf44 (2001) ...  
INFO  @ Wed, 22 Feb 2023 16:39:22: Thread 0: Calculating CERS6 (3001) ...  
INFO  @ Wed, 22 Feb 2023 16:39:25: Thread 0: Calculating DBH (4001) ...  
INFO  @ Wed, 22 Feb 2023 16:39:28: Thread 0: Calculating ERCC6L2 (5001) ...  
INFO  @ Wed, 22 Feb 2023 16:39:31: Thread 0: Calculating GANC (6001) ...  
INFO  @ Wed, 22 Feb 2023 16:39:33: Thread 0: Calculating HMBS (7001) ...  
INFO  @ Wed, 22 Feb 2023 16:39:36: Thread 0: Calculating KIAA1147 (8001) ...  
INFO  @ Wed, 22 Feb 2023 16:39:39: Thread 0: Calculating MAGOH (9001) ...  
INFO  @ Wed, 22 Feb 2023 16:39:42: Thread 0: Calculating NANOS3 (10001) ...  
INFO  @ Wed, 22 Feb 2023 16:39:44: Thread 0: Calculating PAXIP1 (11001) ...  
INFO  @ Wed, 22 Feb 2023 16:39:47: Thread 0: Calculating PRG4 (12001) ...  
INFO  @ Wed, 22 Feb 2023 16:39:50: Thread 0: Calculating RNF151 (13001) ...  
INFO  @ Wed, 22 Feb 2023 16:39:53: Thread 0: Calculating SLC25A11 (14001) ...  
INFO  @ Wed, 22 Feb 2023 16:39:56: Thread 0: Calculating SUMO4 (15001) ...  
INFO  @ Wed, 22 Feb 2023 16:39:58: Thread 0: Calculating TNKS2 (16001) ...  
INFO  @ Wed, 22 Feb 2023 16:40:01: Thread 0: Calculating WDHD1 (17001) ...  
INFO  @ Wed, 22 Feb 2023 16:40:04: Thread 0: Calculating ZYG11A (18001) ...  
INFO  @ Wed, 22 Feb 2023 16:40:04: Thread 0 completed. 
INFO  @ Wed, 22 Feb 2023 16:40:04: All threads completed. 
INFO  @ Wed, 22 Feb 2023 16:40:07: Assigning p values... 
INFO  @ Wed, 22 Feb 2023 16:40:07: Permuting groups of gene with 3 sgRNAs per gene. Group progress: 3/22 
INFO  @ Wed, 22 Feb 2023 16:40:07: Start permuting 2 rounds ... 
INFO  @ Wed, 22 Feb 2023 16:40:07: Collecting 90025 sgRNAs from 18006 genes. 
INFO  @ Wed, 22 Feb 2023 16:40:08: Permuting round 0 ... 
INFO  @ Wed, 22 Feb 2023 16:40:08: Thread 0 started. 
INFO  @ Wed, 22 Feb 2023 16:40:08: Thread 0: total 18006 instances. 
INFO  @ Wed, 22 Feb 2023 16:40:08: Thread 0: Calculating A1CF (1) ...  
INFO  @ Wed, 22 Feb 2023 16:40:12: Thread 0: Calculating ARNT2 (1001) ...  
INFO  @ Wed, 22 Feb 2023 16:40:15: Thread 0: Calculating C2orf44 (2001) ...  
INFO  @ Wed, 22 Feb 2023 16:40:19: Thread 0: Calculating CERS6 (3001) ...  
INFO  @ Wed, 22 Feb 2023 16:40:22: Thread 0: Calculating DBH (4001) ...  
INFO  @ Wed, 22 Feb 2023 16:40:26: Thread 0: Calculating ERCC6L2 (5001) ...  
INFO  @ Wed, 22 Feb 2023 16:40:29: Thread 0: Calculating GANC (6001) ...  
INFO  @ Wed, 22 Feb 2023 16:40:33: Thread 0: Calculating HMBS (7001) ...  
INFO  @ Wed, 22 Feb 2023 16:40:36: Thread 0: Calculating KIAA1147 (8001) ...  
INFO  @ Wed, 22 Feb 2023 16:40:40: Thread 0: Calculating MAGOH (9001) ...  
INFO  @ Wed, 22 Feb 2023 16:40:43: Thread 0: Calculating NANOS3 (10001) ...  
INFO  @ Wed, 22 Feb 2023 16:40:47: Thread 0: Calculating PAXIP1 (11001) ...  
INFO  @ Wed, 22 Feb 2023 16:40:50: Thread 0: Calculating PRG4 (12001) ...  
INFO  @ Wed, 22 Feb 2023 16:40:54: Thread 0: Calculating RNF151 (13001) ...  
INFO  @ Wed, 22 Feb 2023 16:40:57: Thread 0: Calculating SLC25A11 (14001) ...  
INFO  @ Wed, 22 Feb 2023 16:41:01: Thread 0: Calculating SUMO4 (15001) ...  
INFO  @ Wed, 22 Feb 2023 16:41:04: Thread 0: Calculating TNKS2 (16001) ...  
INFO  @ Wed, 22 Feb 2023 16:41:08: Thread 0: Calculating WDHD1 (17001) ...  
INFO  @ Wed, 22 Feb 2023 16:41:11: Thread 0: Calculating ZYG11A (18001) ...  
INFO  @ Wed, 22 Feb 2023 16:41:11: Thread 0 completed. 
INFO  @ Wed, 22 Feb 2023 16:41:11: All threads completed. 
INFO  @ Wed, 22 Feb 2023 16:41:14: Permuting round 1 ... 
INFO  @ Wed, 22 Feb 2023 16:41:14: Thread 0 started. 
INFO  @ Wed, 22 Feb 2023 16:41:14: Thread 0: total 18006 instances. 
INFO  @ Wed, 22 Feb 2023 16:41:14: Thread 0: Calculating A1CF (1) ...  
INFO  @ Wed, 22 Feb 2023 16:41:18: Thread 0: Calculating ARNT2 (1001) ...  
INFO  @ Wed, 22 Feb 2023 16:41:21: Thread 0: Calculating C2orf44 (2001) ...  
INFO  @ Wed, 22 Feb 2023 16:41:25: Thread 0: Calculating CERS6 (3001) ...  
INFO  @ Wed, 22 Feb 2023 16:41:28: Thread 0: Calculating DBH (4001) ...  
INFO  @ Wed, 22 Feb 2023 16:41:32: Thread 0: Calculating ERCC6L2 (5001) ...  
INFO  @ Wed, 22 Feb 2023 16:41:35: Thread 0: Calculating GANC (6001) ...  
INFO  @ Wed, 22 Feb 2023 16:41:39: Thread 0: Calculating HMBS (7001) ...  
INFO  @ Wed, 22 Feb 2023 16:41:42: Thread 0: Calculating KIAA1147 (8001) ...  
INFO  @ Wed, 22 Feb 2023 16:41:46: Thread 0: Calculating MAGOH (9001) ...  
INFO  @ Wed, 22 Feb 2023 16:41:49: Thread 0: Calculating NANOS3 (10001) ...  
INFO  @ Wed, 22 Feb 2023 16:41:53: Thread 0: Calculating PAXIP1 (11001) ...  
INFO  @ Wed, 22 Feb 2023 16:41:56: Thread 0: Calculating PRG4 (12001) ...  
INFO  @ Wed, 22 Feb 2023 16:42:00: Thread 0: Calculating RNF151 (13001) ...  
INFO  @ Wed, 22 Feb 2023 16:42:03: Thread 0: Calculating SLC25A11 (14001) ...  
INFO  @ Wed, 22 Feb 2023 16:42:07: Thread 0: Calculating SUMO4 (15001) ...  
INFO  @ Wed, 22 Feb 2023 16:42:10: Thread 0: Calculating TNKS2 (16001) ...  
INFO  @ Wed, 22 Feb 2023 16:42:14: Thread 0: Calculating WDHD1 (17001) ...  
INFO  @ Wed, 22 Feb 2023 16:42:17: Thread 0: Calculating ZYG11A (18001) ...  
INFO  @ Wed, 22 Feb 2023 16:42:17: Thread 0 completed. 
INFO  @ Wed, 22 Feb 2023 16:42:17: All threads completed. 
INFO  @ Wed, 22 Feb 2023 16:42:20: Assigning p values... 
INFO  @ Wed, 22 Feb 2023 16:42:20: Permuting groups of gene with 4 sgRNAs per gene. Group progress: 4/22 
INFO  @ Wed, 22 Feb 2023 16:42:20: Start permuting 2 rounds ... 
INFO  @ Wed, 22 Feb 2023 16:42:20: Collecting 90025 sgRNAs from 18006 genes. 
INFO  @ Wed, 22 Feb 2023 16:42:21: Permuting round 0 ... 
INFO  @ Wed, 22 Feb 2023 16:42:21: Thread 0 started. 
INFO  @ Wed, 22 Feb 2023 16:42:21: Thread 0: total 18006 instances. 
INFO  @ Wed, 22 Feb 2023 16:42:21: Thread 0: Calculating A1CF (1) ...  
INFO  @ Wed, 22 Feb 2023 16:42:25: Thread 0: Calculating ARNT2 (1001) ...  
INFO  @ Wed, 22 Feb 2023 16:42:29: Thread 0: Calculating C2orf44 (2001) ...  
INFO  @ Wed, 22 Feb 2023 16:42:32: Thread 0: Calculating CERS6 (3001) ...  
INFO  @ Wed, 22 Feb 2023 16:42:36: Thread 0: Calculating DBH (4001) ...  
INFO  @ Wed, 22 Feb 2023 16:42:40: Thread 0: Calculating ERCC6L2 (5001) ...  
INFO  @ Wed, 22 Feb 2023 16:42:43: Thread 0: Calculating GANC (6001) ...  
INFO  @ Wed, 22 Feb 2023 16:42:47: Thread 0: Calculating HMBS (7001) ...  
INFO  @ Wed, 22 Feb 2023 16:42:51: Thread 0: Calculating KIAA1147 (8001) ...  
INFO  @ Wed, 22 Feb 2023 16:42:54: Thread 0: Calculating MAGOH (9001) ...  
INFO  @ Wed, 22 Feb 2023 16:42:58: Thread 0: Calculating NANOS3 (10001) ...  
INFO  @ Wed, 22 Feb 2023 16:43:02: Thread 0: Calculating PAXIP1 (11001) ...  
INFO  @ Wed, 22 Feb 2023 16:43:06: Thread 0: Calculating PRG4 (12001) ...  
INFO  @ Wed, 22 Feb 2023 16:43:09: Thread 0: Calculating RNF151 (13001) ...  
INFO  @ Wed, 22 Feb 2023 16:43:13: Thread 0: Calculating SLC25A11 (14001) ...  
INFO  @ Wed, 22 Feb 2023 16:43:17: Thread 0: Calculating SUMO4 (15001) ...  
INFO  @ Wed, 22 Feb 2023 16:43:20: Thread 0: Calculating TNKS2 (16001) ...  
INFO  @ Wed, 22 Feb 2023 16:43:24: Thread 0: Calculating WDHD1 (17001) ...  
INFO  @ Wed, 22 Feb 2023 16:43:28: Thread 0: Calculating ZYG11A (18001) ...  
INFO  @ Wed, 22 Feb 2023 16:43:28: Thread 0 completed. 
INFO  @ Wed, 22 Feb 2023 16:43:28: All threads completed. 
INFO  @ Wed, 22 Feb 2023 16:43:30: Permuting round 1 ... 
INFO  @ Wed, 22 Feb 2023 16:43:31: Thread 0 started. 
INFO  @ Wed, 22 Feb 2023 16:43:31: Thread 0: total 18006 instances. 
INFO  @ Wed, 22 Feb 2023 16:43:31: Thread 0: Calculating A1CF (1) ...  
INFO  @ Wed, 22 Feb 2023 16:43:34: Thread 0: Calculating ARNT2 (1001) ...  
INFO  @ Wed, 22 Feb 2023 16:43:38: Thread 0: Calculating C2orf44 (2001) ...  
INFO  @ Wed, 22 Feb 2023 16:43:42: Thread 0: Calculating CERS6 (3001) ...  
INFO  @ Wed, 22 Feb 2023 16:43:45: Thread 0: Calculating DBH (4001) ...  
INFO  @ Wed, 22 Feb 2023 16:43:49: Thread 0: Calculating ERCC6L2 (5001) ...  
INFO  @ Wed, 22 Feb 2023 16:43:53: Thread 0: Calculating GANC (6001) ...  
INFO  @ Wed, 22 Feb 2023 16:43:56: Thread 0: Calculating HMBS (7001) ...  
INFO  @ Wed, 22 Feb 2023 16:44:00: Thread 0: Calculating KIAA1147 (8001) ...  
INFO  @ Wed, 22 Feb 2023 16:44:04: Thread 0: Calculating MAGOH (9001) ...  
INFO  @ Wed, 22 Feb 2023 16:44:07: Thread 0: Calculating NANOS3 (10001) ...  
INFO  @ Wed, 22 Feb 2023 16:44:11: Thread 0: Calculating PAXIP1 (11001) ...  
INFO  @ Wed, 22 Feb 2023 16:44:15: Thread 0: Calculating PRG4 (12001) ...  
INFO  @ Wed, 22 Feb 2023 16:44:19: Thread 0: Calculating RNF151 (13001) ...  
INFO  @ Wed, 22 Feb 2023 16:44:22: Thread 0: Calculating SLC25A11 (14001) ...  
INFO  @ Wed, 22 Feb 2023 16:44:26: Thread 0: Calculating SUMO4 (15001) ...  
INFO  @ Wed, 22 Feb 2023 16:44:30: Thread 0: Calculating TNKS2 (16001) ...  
INFO  @ Wed, 22 Feb 2023 16:44:33: Thread 0: Calculating WDHD1 (17001) ...  
INFO  @ Wed, 22 Feb 2023 16:44:37: Thread 0: Calculating ZYG11A (18001) ...  
INFO  @ Wed, 22 Feb 2023 16:44:37: Thread 0 completed. 
INFO  @ Wed, 22 Feb 2023 16:44:37: All threads completed. 
INFO  @ Wed, 22 Feb 2023 16:44:40: Assigning p values... 
INFO  @ Wed, 22 Feb 2023 16:44:40: Permuting groups of gene with 5 sgRNAs per gene. Group progress: 5/22 
INFO  @ Wed, 22 Feb 2023 16:44:40: Start permuting 2 rounds ... 
INFO  @ Wed, 22 Feb 2023 16:44:40: Collecting 90025 sgRNAs from 18006 genes. 
INFO  @ Wed, 22 Feb 2023 16:44:41: Permuting round 0 ... 
INFO  @ Wed, 22 Feb 2023 16:44:42: Thread 0 started. 
INFO  @ Wed, 22 Feb 2023 16:44:42: Thread 0: total 18006 instances. 
INFO  @ Wed, 22 Feb 2023 16:44:42: Thread 0: Calculating A1CF (1) ...  
INFO  @ Wed, 22 Feb 2023 16:44:46: Thread 0: Calculating ARNT2 (1001) ...  
INFO  @ Wed, 22 Feb 2023 16:44:49: Thread 0: Calculating C2orf44 (2001) ...  
INFO  @ Wed, 22 Feb 2023 16:44:53: Thread 0: Calculating CERS6 (3001) ...  
INFO  @ Wed, 22 Feb 2023 16:44:57: Thread 0: Calculating DBH (4001) ...  
INFO  @ Wed, 22 Feb 2023 16:45:01: Thread 0: Calculating ERCC6L2 (5001) ...  
INFO  @ Wed, 22 Feb 2023 16:45:05: Thread 0: Calculating GANC (6001) ...  
INFO  @ Wed, 22 Feb 2023 16:45:09: Thread 0: Calculating HMBS (7001) ...  
INFO  @ Wed, 22 Feb 2023 16:45:12: Thread 0: Calculating KIAA1147 (8001) ...  
INFO  @ Wed, 22 Feb 2023 16:45:16: Thread 0: Calculating MAGOH (9001) ...  
INFO  @ Wed, 22 Feb 2023 16:45:20: Thread 0: Calculating NANOS3 (10001) ...  
INFO  @ Wed, 22 Feb 2023 16:45:24: Thread 0: Calculating PAXIP1 (11001) ...  
INFO  @ Wed, 22 Feb 2023 16:45:28: Thread 0: Calculating PRG4 (12001) ...  
INFO  @ Wed, 22 Feb 2023 16:45:31: Thread 0: Calculating RNF151 (13001) ...  
INFO  @ Wed, 22 Feb 2023 16:45:35: Thread 0: Calculating SLC25A11 (14001) ...  
INFO  @ Wed, 22 Feb 2023 16:45:39: Thread 0: Calculating SUMO4 (15001) ...  
INFO  @ Wed, 22 Feb 2023 16:45:43: Thread 0: Calculating TNKS2 (16001) ...  
INFO  @ Wed, 22 Feb 2023 16:45:47: Thread 0: Calculating WDHD1 (17001) ...  
INFO  @ Wed, 22 Feb 2023 16:45:50: Thread 0: Calculating ZYG11A (18001) ...  
INFO  @ Wed, 22 Feb 2023 16:45:50: Thread 0 completed. 
INFO  @ Wed, 22 Feb 2023 16:45:50: All threads completed. 
INFO  @ Wed, 22 Feb 2023 16:45:53: Permuting round 1 ... 
INFO  @ Wed, 22 Feb 2023 16:45:54: Thread 0 started. 
INFO  @ Wed, 22 Feb 2023 16:45:54: Thread 0: total 18006 instances. 
INFO  @ Wed, 22 Feb 2023 16:45:54: Thread 0: Calculating A1CF (1) ...  
INFO  @ Wed, 22 Feb 2023 16:45:58: Thread 0: Calculating ARNT2 (1001) ...  
INFO  @ Wed, 22 Feb 2023 16:46:01: Thread 0: Calculating C2orf44 (2001) ...  
INFO  @ Wed, 22 Feb 2023 16:46:05: Thread 0: Calculating CERS6 (3001) ...  
INFO  @ Wed, 22 Feb 2023 16:46:09: Thread 0: Calculating DBH (4001) ...  
INFO  @ Wed, 22 Feb 2023 16:46:13: Thread 0: Calculating ERCC6L2 (5001) ...  
INFO  @ Wed, 22 Feb 2023 16:46:17: Thread 0: Calculating GANC (6001) ...  
INFO  @ Wed, 22 Feb 2023 16:46:20: Thread 0: Calculating HMBS (7001) ...  
INFO  @ Wed, 22 Feb 2023 16:46:24: Thread 0: Calculating KIAA1147 (8001) ...  
INFO  @ Wed, 22 Feb 2023 16:46:28: Thread 0: Calculating MAGOH (9001) ...  
INFO  @ Wed, 22 Feb 2023 16:46:32: Thread 0: Calculating NANOS3 (10001) ...  
INFO  @ Wed, 22 Feb 2023 16:46:36: Thread 0: Calculating PAXIP1 (11001) ...  
INFO  @ Wed, 22 Feb 2023 16:46:39: Thread 0: Calculating PRG4 (12001) ...  
INFO  @ Wed, 22 Feb 2023 16:46:43: Thread 0: Calculating RNF151 (13001) ...  
INFO  @ Wed, 22 Feb 2023 16:46:47: Thread 0: Calculating SLC25A11 (14001) ...  
INFO  @ Wed, 22 Feb 2023 16:46:51: Thread 0: Calculating SUMO4 (15001) ...  
INFO  @ Wed, 22 Feb 2023 16:46:55: Thread 0: Calculating TNKS2 (16001) ...  
INFO  @ Wed, 22 Feb 2023 16:46:59: Thread 0: Calculating WDHD1 (17001) ...  
INFO  @ Wed, 22 Feb 2023 16:47:03: Thread 0: Calculating ZYG11A (18001) ...  
INFO  @ Wed, 22 Feb 2023 16:47:03: Thread 0 completed. 
INFO  @ Wed, 22 Feb 2023 16:47:03: All threads completed. 
INFO  @ Wed, 22 Feb 2023 16:47:05: Assigning p values... 
INFO  @ Wed, 22 Feb 2023 16:47:07: Permuting groups of gene with 6 sgRNAs per gene. Group progress: 6/22 
INFO  @ Wed, 22 Feb 2023 16:47:07: Start permuting 2 rounds ... 
INFO  @ Wed, 22 Feb 2023 16:47:07: Collecting 90025 sgRNAs from 18006 genes. 
INFO  @ Wed, 22 Feb 2023 16:47:08: Permuting round 0 ... 
INFO  @ Wed, 22 Feb 2023 16:47:08: Thread 0 started. 
INFO  @ Wed, 22 Feb 2023 16:47:08: Thread 0: total 18006 instances. 
INFO  @ Wed, 22 Feb 2023 16:47:08: Thread 0: Calculating A1CF (1) ...  
INFO  @ Wed, 22 Feb 2023 16:47:12: Thread 0: Calculating ARNT2 (1001) ...  
INFO  @ Wed, 22 Feb 2023 16:47:16: Thread 0: Calculating C2orf44 (2001) ...  
INFO  @ Wed, 22 Feb 2023 16:47:20: Thread 0: Calculating CERS6 (3001) ...  
INFO  @ Wed, 22 Feb 2023 16:47:24: Thread 0: Calculating DBH (4001) ...  
INFO  @ Wed, 22 Feb 2023 16:47:28: Thread 0: Calculating ERCC6L2 (5001) ...  
INFO  @ Wed, 22 Feb 2023 16:47:32: Thread 0: Calculating GANC (6001) ...  
INFO  @ Wed, 22 Feb 2023 16:47:36: Thread 0: Calculating HMBS (7001) ...  
INFO  @ Wed, 22 Feb 2023 16:47:40: Thread 0: Calculating KIAA1147 (8001) ...  
INFO  @ Wed, 22 Feb 2023 16:47:44: Thread 0: Calculating MAGOH (9001) ...  
INFO  @ Wed, 22 Feb 2023 16:47:48: Thread 0: Calculating NANOS3 (10001) ...  
INFO  @ Wed, 22 Feb 2023 16:47:52: Thread 0: Calculating PAXIP1 (11001) ...  
INFO  @ Wed, 22 Feb 2023 16:47:56: Thread 0: Calculating PRG4 (12001) ...  
INFO  @ Wed, 22 Feb 2023 16:48:00: Thread 0: Calculating RNF151 (13001) ...  
INFO  @ Wed, 22 Feb 2023 16:48:04: Thread 0: Calculating SLC25A11 (14001) ...  
INFO  @ Wed, 22 Feb 2023 16:48:08: Thread 0: Calculating SUMO4 (15001) ...  
INFO  @ Wed, 22 Feb 2023 16:48:12: Thread 0: Calculating TNKS2 (16001) ...  
INFO  @ Wed, 22 Feb 2023 16:48:16: Thread 0: Calculating WDHD1 (17001) ...  
INFO  @ Wed, 22 Feb 2023 16:48:20: Thread 0: Calculating ZYG11A (18001) ...  
INFO  @ Wed, 22 Feb 2023 16:48:20: Thread 0 completed. 
INFO  @ Wed, 22 Feb 2023 16:48:20: All threads completed. 
INFO  @ Wed, 22 Feb 2023 16:48:23: Permuting round 1 ... 
INFO  @ Wed, 22 Feb 2023 16:48:24: Thread 0 started. 
INFO  @ Wed, 22 Feb 2023 16:48:24: Thread 0: total 18006 instances. 
INFO  @ Wed, 22 Feb 2023 16:48:24: Thread 0: Calculating A1CF (1) ...  
INFO  @ Wed, 22 Feb 2023 16:48:28: Thread 0: Calculating ARNT2 (1001) ...  
INFO  @ Wed, 22 Feb 2023 16:48:32: Thread 0: Calculating C2orf44 (2001) ...  
INFO  @ Wed, 22 Feb 2023 16:48:36: Thread 0: Calculating CERS6 (3001) ...  
INFO  @ Wed, 22 Feb 2023 16:48:40: Thread 0: Calculating DBH (4001) ...  
INFO  @ Wed, 22 Feb 2023 16:48:44: Thread 0: Calculating ERCC6L2 (5001) ...  
INFO  @ Wed, 22 Feb 2023 16:48:48: Thread 0: Calculating GANC (6001) ...  
INFO  @ Wed, 22 Feb 2023 16:48:52: Thread 0: Calculating HMBS (7001) ...  
INFO  @ Wed, 22 Feb 2023 16:48:56: Thread 0: Calculating KIAA1147 (8001) ...  
INFO  @ Wed, 22 Feb 2023 16:49:00: Thread 0: Calculating MAGOH (9001) ...  
INFO  @ Wed, 22 Feb 2023 16:49:04: Thread 0: Calculating NANOS3 (10001) ...  
INFO  @ Wed, 22 Feb 2023 16:49:08: Thread 0: Calculating PAXIP1 (11001) ...  
INFO  @ Wed, 22 Feb 2023 16:49:12: Thread 0: Calculating PRG4 (12001) ...  
INFO  @ Wed, 22 Feb 2023 16:49:16: Thread 0: Calculating RNF151 (13001) ...  
INFO  @ Wed, 22 Feb 2023 16:49:20: Thread 0: Calculating SLC25A11 (14001) ...  
INFO  @ Wed, 22 Feb 2023 16:49:24: Thread 0: Calculating SUMO4 (15001) ...  
INFO  @ Wed, 22 Feb 2023 16:49:28: Thread 0: Calculating TNKS2 (16001) ...  
INFO  @ Wed, 22 Feb 2023 16:49:32: Thread 0: Calculating WDHD1 (17001) ...  
INFO  @ Wed, 22 Feb 2023 16:49:36: Thread 0: Calculating ZYG11A (18001) ...  
INFO  @ Wed, 22 Feb 2023 16:49:36: Thread 0 completed. 
INFO  @ Wed, 22 Feb 2023 16:49:36: All threads completed. 
INFO  @ Wed, 22 Feb 2023 16:49:39: Assigning p values... 
INFO  @ Wed, 22 Feb 2023 16:49:39: Permuting groups of gene with 7 sgRNAs per gene. Group progress: 7/22 
INFO  @ Wed, 22 Feb 2023 16:49:39: Start permuting 2 rounds ... 
INFO  @ Wed, 22 Feb 2023 16:49:40: Collecting 90025 sgRNAs from 18006 genes. 
INFO  @ Wed, 22 Feb 2023 16:49:41: Permuting round 0 ... 
INFO  @ Wed, 22 Feb 2023 16:49:41: Thread 0 started. 
INFO  @ Wed, 22 Feb 2023 16:49:41: Thread 0: total 18006 instances. 
INFO  @ Wed, 22 Feb 2023 16:49:41: Thread 0: Calculating A1CF (1) ...  
INFO  @ Wed, 22 Feb 2023 16:49:45: Thread 0: Calculating ARNT2 (1001) ...  
INFO  @ Wed, 22 Feb 2023 16:49:49: Thread 0: Calculating C2orf44 (2001) ...  
INFO  @ Wed, 22 Feb 2023 16:49:53: Thread 0: Calculating CERS6 (3001) ...  
INFO  @ Wed, 22 Feb 2023 16:49:57: Thread 0: Calculating DBH (4001) ...  
INFO  @ Wed, 22 Feb 2023 16:50:02: Thread 0: Calculating ERCC6L2 (5001) ...  
INFO  @ Wed, 22 Feb 2023 16:50:06: Thread 0: Calculating GANC (6001) ...  
INFO  @ Wed, 22 Feb 2023 16:50:10: Thread 0: Calculating HMBS (7001) ...  
INFO  @ Wed, 22 Feb 2023 16:50:14: Thread 0: Calculating KIAA1147 (8001) ...  
INFO  @ Wed, 22 Feb 2023 16:50:18: Thread 0: Calculating MAGOH (9001) ...  
INFO  @ Wed, 22 Feb 2023 16:50:22: Thread 0: Calculating NANOS3 (10001) ...  
INFO  @ Wed, 22 Feb 2023 16:50:26: Thread 0: Calculating PAXIP1 (11001) ...  
INFO  @ Wed, 22 Feb 2023 16:50:31: Thread 0: Calculating PRG4 (12001) ...  
INFO  @ Wed, 22 Feb 2023 16:50:35: Thread 0: Calculating RNF151 (13001) ...  
INFO  @ Wed, 22 Feb 2023 16:50:39: Thread 0: Calculating SLC25A11 (14001) ...  
INFO  @ Wed, 22 Feb 2023 16:50:43: Thread 0: Calculating SUMO4 (15001) ...  
INFO  @ Wed, 22 Feb 2023 16:50:47: Thread 0: Calculating TNKS2 (16001) ...  
INFO  @ Wed, 22 Feb 2023 16:50:51: Thread 0: Calculating WDHD1 (17001) ...  
INFO  @ Wed, 22 Feb 2023 16:50:55: Thread 0: Calculating ZYG11A (18001) ...  
INFO  @ Wed, 22 Feb 2023 16:50:55: Thread 0 completed. 
INFO  @ Wed, 22 Feb 2023 16:50:55: All threads completed. 
INFO  @ Wed, 22 Feb 2023 16:50:58: Permuting round 1 ... 
INFO  @ Wed, 22 Feb 2023 16:50:59: Thread 0 started. 
INFO  @ Wed, 22 Feb 2023 16:50:59: Thread 0: total 18006 instances. 
INFO  @ Wed, 22 Feb 2023 16:50:59: Thread 0: Calculating A1CF (1) ...  
INFO  @ Wed, 22 Feb 2023 16:51:03: Thread 0: Calculating ARNT2 (1001) ...  
INFO  @ Wed, 22 Feb 2023 16:51:07: Thread 0: Calculating C2orf44 (2001) ...  
INFO  @ Wed, 22 Feb 2023 16:51:11: Thread 0: Calculating CERS6 (3001) ...  
INFO  @ Wed, 22 Feb 2023 16:51:15: Thread 0: Calculating DBH (4001) ...  
INFO  @ Wed, 22 Feb 2023 16:51:20: Thread 0: Calculating ERCC6L2 (5001) ...  
INFO  @ Wed, 22 Feb 2023 16:51:24: Thread 0: Calculating GANC (6001) ...  
INFO  @ Wed, 22 Feb 2023 16:51:28: Thread 0: Calculating HMBS (7001) ...  
INFO  @ Wed, 22 Feb 2023 16:51:32: Thread 0: Calculating KIAA1147 (8001) ...  
INFO  @ Wed, 22 Feb 2023 16:51:36: Thread 0: Calculating MAGOH (9001) ...  
INFO  @ Wed, 22 Feb 2023 16:51:40: Thread 0: Calculating NANOS3 (10001) ...  
INFO  @ Wed, 22 Feb 2023 16:51:44: Thread 0: Calculating PAXIP1 (11001) ...  
INFO  @ Wed, 22 Feb 2023 16:51:49: Thread 0: Calculating PRG4 (12001) ...  
INFO  @ Wed, 22 Feb 2023 16:51:53: Thread 0: Calculating RNF151 (13001) ...  
INFO  @ Wed, 22 Feb 2023 16:51:57: Thread 0: Calculating SLC25A11 (14001) ...  
INFO  @ Wed, 22 Feb 2023 16:52:01: Thread 0: Calculating SUMO4 (15001) ...  
INFO  @ Wed, 22 Feb 2023 16:52:05: Thread 0: Calculating TNKS2 (16001) ...  
INFO  @ Wed, 22 Feb 2023 16:52:10: Thread 0: Calculating WDHD1 (17001) ...  
INFO  @ Wed, 22 Feb 2023 16:52:14: Thread 0: Calculating ZYG11A (18001) ...  
INFO  @ Wed, 22 Feb 2023 16:52:14: Thread 0 completed. 
INFO  @ Wed, 22 Feb 2023 16:52:14: All threads completed. 
INFO  @ Wed, 22 Feb 2023 16:52:17: Assigning p values... 
INFO  @ Wed, 22 Feb 2023 16:52:17: Permuting groups of gene with 8 sgRNAs per gene. Group progress: 8/22 
INFO  @ Wed, 22 Feb 2023 16:52:17: Start permuting 2 rounds ... 
INFO  @ Wed, 22 Feb 2023 16:52:17: Collecting 90025 sgRNAs from 18006 genes. 
INFO  @ Wed, 22 Feb 2023 16:52:19: Permuting round 0 ... 
INFO  @ Wed, 22 Feb 2023 16:52:19: Thread 0 started. 
INFO  @ Wed, 22 Feb 2023 16:52:19: Thread 0: total 18006 instances. 
INFO  @ Wed, 22 Feb 2023 16:52:19: Thread 0: Calculating A1CF (1) ...  
INFO  @ Wed, 22 Feb 2023 16:52:23: Thread 0: Calculating ARNT2 (1001) ...  
INFO  @ Wed, 22 Feb 2023 16:52:27: Thread 0: Calculating C2orf44 (2001) ...  
INFO  @ Wed, 22 Feb 2023 16:52:32: Thread 0: Calculating CERS6 (3001) ...  
INFO  @ Wed, 22 Feb 2023 16:52:36: Thread 0: Calculating DBH (4001) ...  
INFO  @ Wed, 22 Feb 2023 16:52:40: Thread 0: Calculating ERCC6L2 (5001) ...  
INFO  @ Wed, 22 Feb 2023 16:52:44: Thread 0: Calculating GANC (6001) ...  
INFO  @ Wed, 22 Feb 2023 16:52:49: Thread 0: Calculating HMBS (7001) ...  
INFO  @ Wed, 22 Feb 2023 16:52:53: Thread 0: Calculating KIAA1147 (8001) ...  
INFO  @ Wed, 22 Feb 2023 16:52:57: Thread 0: Calculating MAGOH (9001) ...  
INFO  @ Wed, 22 Feb 2023 16:53:02: Thread 0: Calculating NANOS3 (10001) ...  
INFO  @ Wed, 22 Feb 2023 16:53:06: Thread 0: Calculating PAXIP1 (11001) ...  
INFO  @ Wed, 22 Feb 2023 16:53:10: Thread 0: Calculating PRG4 (12001) ...  
INFO  @ Wed, 22 Feb 2023 16:53:14: Thread 0: Calculating RNF151 (13001) ...  
INFO  @ Wed, 22 Feb 2023 16:53:18: Thread 0: Calculating SLC25A11 (14001) ...  
INFO  @ Wed, 22 Feb 2023 16:53:23: Thread 0: Calculating SUMO4 (15001) ...  
INFO  @ Wed, 22 Feb 2023 16:53:27: Thread 0: Calculating TNKS2 (16001) ...  
INFO  @ Wed, 22 Feb 2023 16:53:31: Thread 0: Calculating WDHD1 (17001) ...  
INFO  @ Wed, 22 Feb 2023 16:53:36: Thread 0: Calculating ZYG11A (18001) ...  
INFO  @ Wed, 22 Feb 2023 16:53:36: Thread 0 completed. 
INFO  @ Wed, 22 Feb 2023 16:53:36: All threads completed. 
INFO  @ Wed, 22 Feb 2023 16:53:39: Permuting round 1 ... 
INFO  @ Wed, 22 Feb 2023 16:53:39: Thread 0 started. 
INFO  @ Wed, 22 Feb 2023 16:53:39: Thread 0: total 18006 instances. 
INFO  @ Wed, 22 Feb 2023 16:53:39: Thread 0: Calculating A1CF (1) ...  
INFO  @ Wed, 22 Feb 2023 16:53:43: Thread 0: Calculating ARNT2 (1001) ...  
INFO  @ Wed, 22 Feb 2023 16:53:48: Thread 0: Calculating C2orf44 (2001) ...  
INFO  @ Wed, 22 Feb 2023 16:53:52: Thread 0: Calculating CERS6 (3001) ...  
INFO  @ Wed, 22 Feb 2023 16:53:56: Thread 0: Calculating DBH (4001) ...  
INFO  @ Wed, 22 Feb 2023 16:54:01: Thread 0: Calculating ERCC6L2 (5001) ...  
INFO  @ Wed, 22 Feb 2023 16:54:05: Thread 0: Calculating GANC (6001) ...  
INFO  @ Wed, 22 Feb 2023 16:54:09: Thread 0: Calculating HMBS (7001) ...  
INFO  @ Wed, 22 Feb 2023 16:54:14: Thread 0: Calculating KIAA1147 (8001) ...  
INFO  @ Wed, 22 Feb 2023 16:54:18: Thread 0: Calculating MAGOH (9001) ...  
INFO  @ Wed, 22 Feb 2023 16:54:22: Thread 0: Calculating NANOS3 (10001) ...  
INFO  @ Wed, 22 Feb 2023 16:54:26: Thread 0: Calculating PAXIP1 (11001) ...  
INFO  @ Wed, 22 Feb 2023 16:54:31: Thread 0: Calculating PRG4 (12001) ...  
INFO  @ Wed, 22 Feb 2023 16:54:35: Thread 0: Calculating RNF151 (13001) ...  
INFO  @ Wed, 22 Feb 2023 16:54:39: Thread 0: Calculating SLC25A11 (14001) ...  
INFO  @ Wed, 22 Feb 2023 16:54:44: Thread 0: Calculating SUMO4 (15001) ...  
INFO  @ Wed, 22 Feb 2023 16:54:48: Thread 0: Calculating TNKS2 (16001) ...  
INFO  @ Wed, 22 Feb 2023 16:54:52: Thread 0: Calculating WDHD1 (17001) ...  
INFO  @ Wed, 22 Feb 2023 16:54:56: Thread 0: Calculating ZYG11A (18001) ...  
INFO  @ Wed, 22 Feb 2023 16:54:56: Thread 0 completed. 
INFO  @ Wed, 22 Feb 2023 16:54:56: All threads completed. 
INFO  @ Wed, 22 Feb 2023 16:55:00: Assigning p values... 
INFO  @ Wed, 22 Feb 2023 16:55:00: Permuting groups of gene with 9 sgRNAs per gene. Group progress: 9/22 
INFO  @ Wed, 22 Feb 2023 16:55:00: Start permuting 2 rounds ... 
INFO  @ Wed, 22 Feb 2023 16:55:00: Collecting 90025 sgRNAs from 18006 genes. 
INFO  @ Wed, 22 Feb 2023 16:55:01: Permuting round 0 ... 
INFO  @ Wed, 22 Feb 2023 16:55:02: Thread 0 started. 
INFO  @ Wed, 22 Feb 2023 16:55:02: Thread 0: total 18006 instances. 
INFO  @ Wed, 22 Feb 2023 16:55:02: Thread 0: Calculating A1CF (1) ...  
INFO  @ Wed, 22 Feb 2023 16:55:06: Thread 0: Calculating ARNT2 (1001) ...  
INFO  @ Wed, 22 Feb 2023 16:55:11: Thread 0: Calculating C2orf44 (2001) ...  
INFO  @ Wed, 22 Feb 2023 16:55:15: Thread 0: Calculating CERS6 (3001) ...  
INFO  @ Wed, 22 Feb 2023 16:55:19: Thread 0: Calculating DBH (4001) ...  
INFO  @ Wed, 22 Feb 2023 16:55:24: Thread 0: Calculating ERCC6L2 (5001) ...  
INFO  @ Wed, 22 Feb 2023 16:55:28: Thread 0: Calculating GANC (6001) ...  
INFO  @ Wed, 22 Feb 2023 16:55:33: Thread 0: Calculating HMBS (7001) ...  
INFO  @ Wed, 22 Feb 2023 16:55:37: Thread 0: Calculating KIAA1147 (8001) ...  
INFO  @ Wed, 22 Feb 2023 16:55:41: Thread 0: Calculating MAGOH (9001) ...  
INFO  @ Wed, 22 Feb 2023 16:55:46: Thread 0: Calculating NANOS3 (10001) ...  
INFO  @ Wed, 22 Feb 2023 16:55:50: Thread 0: Calculating PAXIP1 (11001) ...  
INFO  @ Wed, 22 Feb 2023 16:55:55: Thread 0: Calculating PRG4 (12001) ...  
INFO  @ Wed, 22 Feb 2023 16:55:59: Thread 0: Calculating RNF151 (13001) ...  
INFO  @ Wed, 22 Feb 2023 16:56:04: Thread 0: Calculating SLC25A11 (14001) ...  
INFO  @ Wed, 22 Feb 2023 16:56:08: Thread 0: Calculating SUMO4 (15001) ...  
INFO  @ Wed, 22 Feb 2023 16:56:12: Thread 0: Calculating TNKS2 (16001) ...  
INFO  @ Wed, 22 Feb 2023 16:56:17: Thread 0: Calculating WDHD1 (17001) ...  
INFO  @ Wed, 22 Feb 2023 16:56:21: Thread 0: Calculating ZYG11A (18001) ...  
INFO  @ Wed, 22 Feb 2023 16:56:21: Thread 0 completed. 
INFO  @ Wed, 22 Feb 2023 16:56:21: All threads completed. 
INFO  @ Wed, 22 Feb 2023 16:56:24: Permuting round 1 ... 
INFO  @ Wed, 22 Feb 2023 16:56:25: Thread 0 started. 
INFO  @ Wed, 22 Feb 2023 16:56:25: Thread 0: total 18006 instances. 
INFO  @ Wed, 22 Feb 2023 16:56:25: Thread 0: Calculating A1CF (1) ...  
INFO  @ Wed, 22 Feb 2023 16:56:29: Thread 0: Calculating ARNT2 (1001) ...  
INFO  @ Wed, 22 Feb 2023 16:56:34: Thread 0: Calculating C2orf44 (2001) ...  
INFO  @ Wed, 22 Feb 2023 16:56:38: Thread 0: Calculating CERS6 (3001) ...  
INFO  @ Wed, 22 Feb 2023 16:56:42: Thread 0: Calculating DBH (4001) ...  
INFO  @ Wed, 22 Feb 2023 16:56:47: Thread 0: Calculating ERCC6L2 (5001) ...  
INFO  @ Wed, 22 Feb 2023 16:56:51: Thread 0: Calculating GANC (6001) ...  
INFO  @ Wed, 22 Feb 2023 16:56:56: Thread 0: Calculating HMBS (7001) ...  
INFO  @ Wed, 22 Feb 2023 16:57:00: Thread 0: Calculating KIAA1147 (8001) ...  
INFO  @ Wed, 22 Feb 2023 16:57:05: Thread 0: Calculating MAGOH (9001) ...  
INFO  @ Wed, 22 Feb 2023 16:57:09: Thread 0: Calculating NANOS3 (10001) ...  
INFO  @ Wed, 22 Feb 2023 16:57:13: Thread 0: Calculating PAXIP1 (11001) ...  
INFO  @ Wed, 22 Feb 2023 16:57:18: Thread 0: Calculating PRG4 (12001) ...  
INFO  @ Wed, 22 Feb 2023 16:57:22: Thread 0: Calculating RNF151 (13001) ...  
INFO  @ Wed, 22 Feb 2023 16:57:27: Thread 0: Calculating SLC25A11 (14001) ...  
INFO  @ Wed, 22 Feb 2023 16:57:31: Thread 0: Calculating SUMO4 (15001) ...  
INFO  @ Wed, 22 Feb 2023 16:57:36: Thread 0: Calculating TNKS2 (16001) ...  
INFO  @ Wed, 22 Feb 2023 16:57:40: Thread 0: Calculating WDHD1 (17001) ...  
INFO  @ Wed, 22 Feb 2023 16:57:45: Thread 0: Calculating ZYG11A (18001) ...  
INFO  @ Wed, 22 Feb 2023 16:57:45: Thread 0 completed. 
INFO  @ Wed, 22 Feb 2023 16:57:45: All threads completed. 
INFO  @ Wed, 22 Feb 2023 16:57:48: Assigning p values... 
INFO  @ Wed, 22 Feb 2023 16:57:48: Permuting groups of gene with 10 sgRNAs per gene. Group progress: 10/22 
INFO  @ Wed, 22 Feb 2023 16:57:48: Start permuting 2 rounds ... 
INFO  @ Wed, 22 Feb 2023 16:57:49: Collecting 90025 sgRNAs from 18006 genes. 
INFO  @ Wed, 22 Feb 2023 16:57:50: Permuting round 0 ... 
INFO  @ Wed, 22 Feb 2023 16:57:50: Thread 0 started. 
INFO  @ Wed, 22 Feb 2023 16:57:50: Thread 0: total 18006 instances. 
INFO  @ Wed, 22 Feb 2023 16:57:50: Thread 0: Calculating A1CF (1) ...  
INFO  @ Wed, 22 Feb 2023 16:57:55: Thread 0: Calculating ARNT2 (1001) ...  
INFO  @ Wed, 22 Feb 2023 16:57:59: Thread 0: Calculating C2orf44 (2001) ...  
INFO  @ Wed, 22 Feb 2023 16:58:04: Thread 0: Calculating CERS6 (3001) ...  
INFO  @ Wed, 22 Feb 2023 16:58:08: Thread 0: Calculating DBH (4001) ...  
INFO  @ Wed, 22 Feb 2023 16:58:13: Thread 0: Calculating ERCC6L2 (5001) ...  
INFO  @ Wed, 22 Feb 2023 16:58:17: Thread 0: Calculating GANC (6001) ...  
INFO  @ Wed, 22 Feb 2023 16:58:22: Thread 0: Calculating HMBS (7001) ...  
INFO  @ Wed, 22 Feb 2023 16:58:26: Thread 0: Calculating KIAA1147 (8001) ...  
INFO  @ Wed, 22 Feb 2023 16:58:31: Thread 0: Calculating MAGOH (9001) ...  
INFO  @ Wed, 22 Feb 2023 16:58:35: Thread 0: Calculating NANOS3 (10001) ...  
INFO  @ Wed, 22 Feb 2023 16:58:40: Thread 0: Calculating PAXIP1 (11001) ...  
INFO  @ Wed, 22 Feb 2023 16:58:44: Thread 0: Calculating PRG4 (12001) ...  
INFO  @ Wed, 22 Feb 2023 16:58:49: Thread 0: Calculating RNF151 (13001) ...  
INFO  @ Wed, 22 Feb 2023 16:58:53: Thread 0: Calculating SLC25A11 (14001) ...  
INFO  @ Wed, 22 Feb 2023 16:58:58: Thread 0: Calculating SUMO4 (15001) ...  
INFO  @ Wed, 22 Feb 2023 16:59:02: Thread 0: Calculating TNKS2 (16001) ...  
INFO  @ Wed, 22 Feb 2023 16:59:07: Thread 0: Calculating WDHD1 (17001) ...  
INFO  @ Wed, 22 Feb 2023 16:59:12: Thread 0: Calculating ZYG11A (18001) ...  
INFO  @ Wed, 22 Feb 2023 16:59:12: Thread 0 completed. 
INFO  @ Wed, 22 Feb 2023 16:59:12: All threads completed. 
INFO  @ Wed, 22 Feb 2023 16:59:15: Permuting round 1 ... 
INFO  @ Wed, 22 Feb 2023 16:59:15: Thread 0 started. 
INFO  @ Wed, 22 Feb 2023 16:59:15: Thread 0: total 18006 instances. 
INFO  @ Wed, 22 Feb 2023 16:59:15: Thread 0: Calculating A1CF (1) ...  
INFO  @ Wed, 22 Feb 2023 16:59:20: Thread 0: Calculating ARNT2 (1001) ...  
INFO  @ Wed, 22 Feb 2023 16:59:24: Thread 0: Calculating C2orf44 (2001) ...  
INFO  @ Wed, 22 Feb 2023 16:59:29: Thread 0: Calculating CERS6 (3001) ...  
INFO  @ Wed, 22 Feb 2023 16:59:33: Thread 0: Calculating DBH (4001) ...  
INFO  @ Wed, 22 Feb 2023 16:59:38: Thread 0: Calculating ERCC6L2 (5001) ...  
INFO  @ Wed, 22 Feb 2023 16:59:43: Thread 0: Calculating GANC (6001) ...  
INFO  @ Wed, 22 Feb 2023 16:59:47: Thread 0: Calculating HMBS (7001) ...  
INFO  @ Wed, 22 Feb 2023 16:59:52: Thread 0: Calculating KIAA1147 (8001) ...  
INFO  @ Wed, 22 Feb 2023 16:59:56: Thread 0: Calculating MAGOH (9001) ...  
INFO  @ Wed, 22 Feb 2023 17:00:01: Thread 0: Calculating NANOS3 (10001) ...  
INFO  @ Wed, 22 Feb 2023 17:00:05: Thread 0: Calculating PAXIP1 (11001) ...  
INFO  @ Wed, 22 Feb 2023 17:00:10: Thread 0: Calculating PRG4 (12001) ...  
INFO  @ Wed, 22 Feb 2023 17:00:15: Thread 0: Calculating RNF151 (13001) ...  
INFO  @ Wed, 22 Feb 2023 17:00:19: Thread 0: Calculating SLC25A11 (14001) ...  
INFO  @ Wed, 22 Feb 2023 17:00:24: Thread 0: Calculating SUMO4 (15001) ...  
INFO  @ Wed, 22 Feb 2023 17:00:28: Thread 0: Calculating TNKS2 (16001) ...  
INFO  @ Wed, 22 Feb 2023 17:00:33: Thread 0: Calculating WDHD1 (17001) ...  
INFO  @ Wed, 22 Feb 2023 17:00:37: Thread 0: Calculating ZYG11A (18001) ...  
INFO  @ Wed, 22 Feb 2023 17:00:37: Thread 0 completed. 
INFO  @ Wed, 22 Feb 2023 17:00:37: All threads completed. 
INFO  @ Wed, 22 Feb 2023 17:00:41: Assigning p values... 
INFO  @ Wed, 22 Feb 2023 17:00:41: Permuting groups of gene with 11 sgRNAs per gene. Group progress: 11/22 
INFO  @ Wed, 22 Feb 2023 17:00:41: Start permuting 2 rounds ... 
INFO  @ Wed, 22 Feb 2023 17:00:41: Collecting 90025 sgRNAs from 18006 genes. 
INFO  @ Wed, 22 Feb 2023 17:00:42: Permuting round 0 ... 
INFO  @ Wed, 22 Feb 2023 17:00:43: Thread 0 started. 
INFO  @ Wed, 22 Feb 2023 17:00:43: Thread 0: total 18006 instances. 
INFO  @ Wed, 22 Feb 2023 17:00:43: Thread 0: Calculating A1CF (1) ...  
INFO  @ Wed, 22 Feb 2023 17:00:47: Thread 0: Calculating ARNT2 (1001) ...  
INFO  @ Wed, 22 Feb 2023 17:00:52: Thread 0: Calculating C2orf44 (2001) ...  
INFO  @ Wed, 22 Feb 2023 17:00:57: Thread 0: Calculating CERS6 (3001) ...  
INFO  @ Wed, 22 Feb 2023 17:01:01: Thread 0: Calculating DBH (4001) ...  
INFO  @ Wed, 22 Feb 2023 17:01:06: Thread 0: Calculating ERCC6L2 (5001) ...  
INFO  @ Wed, 22 Feb 2023 17:01:11: Thread 0: Calculating GANC (6001) ...  
INFO  @ Wed, 22 Feb 2023 17:01:15: Thread 0: Calculating HMBS (7001) ...  
INFO  @ Wed, 22 Feb 2023 17:01:20: Thread 0: Calculating KIAA1147 (8001) ...  
INFO  @ Wed, 22 Feb 2023 17:01:25: Thread 0: Calculating MAGOH (9001) ...  
INFO  @ Wed, 22 Feb 2023 17:01:29: Thread 0: Calculating NANOS3 (10001) ...  
INFO  @ Wed, 22 Feb 2023 17:01:34: Thread 0: Calculating PAXIP1 (11001) ...  
INFO  @ Wed, 22 Feb 2023 17:01:38: Thread 0: Calculating PRG4 (12001) ...  
INFO  @ Wed, 22 Feb 2023 17:01:43: Thread 0: Calculating RNF151 (13001) ...  
INFO  @ Wed, 22 Feb 2023 17:01:48: Thread 0: Calculating SLC25A11 (14001) ...  
INFO  @ Wed, 22 Feb 2023 17:01:52: Thread 0: Calculating SUMO4 (15001) ...  
INFO  @ Wed, 22 Feb 2023 17:01:57: Thread 0: Calculating TNKS2 (16001) ...  
INFO  @ Wed, 22 Feb 2023 17:02:02: Thread 0: Calculating WDHD1 (17001) ...  
INFO  @ Wed, 22 Feb 2023 17:02:06: Thread 0: Calculating ZYG11A (18001) ...  
INFO  @ Wed, 22 Feb 2023 17:02:06: Thread 0 completed. 
INFO  @ Wed, 22 Feb 2023 17:02:06: All threads completed. 
INFO  @ Wed, 22 Feb 2023 17:02:09: Permuting round 1 ... 
INFO  @ Wed, 22 Feb 2023 17:02:10: Thread 0 started. 
INFO  @ Wed, 22 Feb 2023 17:02:10: Thread 0: total 18006 instances. 
INFO  @ Wed, 22 Feb 2023 17:02:10: Thread 0: Calculating A1CF (1) ...  
INFO  @ Wed, 22 Feb 2023 17:02:15: Thread 0: Calculating ARNT2 (1001) ...  
INFO  @ Wed, 22 Feb 2023 17:02:19: Thread 0: Calculating C2orf44 (2001) ...  
INFO  @ Wed, 22 Feb 2023 17:02:24: Thread 0: Calculating CERS6 (3001) ...  
INFO  @ Wed, 22 Feb 2023 17:02:29: Thread 0: Calculating DBH (4001) ...  
INFO  @ Wed, 22 Feb 2023 17:02:33: Thread 0: Calculating ERCC6L2 (5001) ...  
INFO  @ Wed, 22 Feb 2023 17:02:38: Thread 0: Calculating GANC (6001) ...  
INFO  @ Wed, 22 Feb 2023 17:02:43: Thread 0: Calculating HMBS (7001) ...  
INFO  @ Wed, 22 Feb 2023 17:02:47: Thread 0: Calculating KIAA1147 (8001) ...  
INFO  @ Wed, 22 Feb 2023 17:02:52: Thread 0: Calculating MAGOH (9001) ...  
INFO  @ Wed, 22 Feb 2023 17:02:57: Thread 0: Calculating NANOS3 (10001) ...  
INFO  @ Wed, 22 Feb 2023 17:03:01: Thread 0: Calculating PAXIP1 (11001) ...  
INFO  @ Wed, 22 Feb 2023 17:03:06: Thread 0: Calculating PRG4 (12001) ...  
INFO  @ Wed, 22 Feb 2023 17:03:11: Thread 0: Calculating RNF151 (13001) ...  
INFO  @ Wed, 22 Feb 2023 17:03:15: Thread 0: Calculating SLC25A11 (14001) ...  
INFO  @ Wed, 22 Feb 2023 17:03:20: Thread 0: Calculating SUMO4 (15001) ...  
INFO  @ Wed, 22 Feb 2023 17:03:25: Thread 0: Calculating TNKS2 (16001) ...  
INFO  @ Wed, 22 Feb 2023 17:03:29: Thread 0: Calculating WDHD1 (17001) ...  
INFO  @ Wed, 22 Feb 2023 17:03:34: Thread 0: Calculating ZYG11A (18001) ...  
INFO  @ Wed, 22 Feb 2023 17:03:34: Thread 0 completed. 
INFO  @ Wed, 22 Feb 2023 17:03:34: All threads completed. 
INFO  @ Wed, 22 Feb 2023 17:03:37: Assigning p values... 
INFO  @ Wed, 22 Feb 2023 17:03:38: Permuting groups of gene with 12 sgRNAs per gene. Group progress: 12/22 
INFO  @ Wed, 22 Feb 2023 17:03:38: Start permuting 2 rounds ... 
INFO  @ Wed, 22 Feb 2023 17:03:38: Collecting 90025 sgRNAs from 18006 genes. 
INFO  @ Wed, 22 Feb 2023 17:03:39: Permuting round 0 ... 
INFO  @ Wed, 22 Feb 2023 17:03:40: Thread 0 started. 
INFO  @ Wed, 22 Feb 2023 17:03:40: Thread 0: total 18006 instances. 
INFO  @ Wed, 22 Feb 2023 17:03:40: Thread 0: Calculating A1CF (1) ...  
INFO  @ Wed, 22 Feb 2023 17:03:44: Thread 0: Calculating ARNT2 (1001) ...  
INFO  @ Wed, 22 Feb 2023 17:03:49: Thread 0: Calculating C2orf44 (2001) ...  
INFO  @ Wed, 22 Feb 2023 17:03:54: Thread 0: Calculating CERS6 (3001) ...  
INFO  @ Wed, 22 Feb 2023 17:03:59: Thread 0: Calculating DBH (4001) ...  
INFO  @ Wed, 22 Feb 2023 17:04:03: Thread 0: Calculating ERCC6L2 (5001) ...  
INFO  @ Wed, 22 Feb 2023 17:04:08: Thread 0: Calculating GANC (6001) ...  
INFO  @ Wed, 22 Feb 2023 17:04:13: Thread 0: Calculating HMBS (7001) ...  
INFO  @ Wed, 22 Feb 2023 17:04:18: Thread 0: Calculating KIAA1147 (8001) ...  
INFO  @ Wed, 22 Feb 2023 17:04:22: Thread 0: Calculating MAGOH (9001) ...  
INFO  @ Wed, 22 Feb 2023 17:04:27: Thread 0: Calculating NANOS3 (10001) ...  
INFO  @ Wed, 22 Feb 2023 17:04:32: Thread 0: Calculating PAXIP1 (11001) ...  
INFO  @ Wed, 22 Feb 2023 17:04:37: Thread 0: Calculating PRG4 (12001) ...  
INFO  @ Wed, 22 Feb 2023 17:04:42: Thread 0: Calculating RNF151 (13001) ...  
INFO  @ Wed, 22 Feb 2023 17:04:47: Thread 0: Calculating SLC25A11 (14001) ...  
INFO  @ Wed, 22 Feb 2023 17:04:51: Thread 0: Calculating SUMO4 (15001) ...  
INFO  @ Wed, 22 Feb 2023 17:04:56: Thread 0: Calculating TNKS2 (16001) ...  
INFO  @ Wed, 22 Feb 2023 17:05:01: Thread 0: Calculating WDHD1 (17001) ...  
INFO  @ Wed, 22 Feb 2023 17:05:06: Thread 0: Calculating ZYG11A (18001) ...  
INFO  @ Wed, 22 Feb 2023 17:05:06: Thread 0 completed. 
INFO  @ Wed, 22 Feb 2023 17:05:06: All threads completed. 
INFO  @ Wed, 22 Feb 2023 17:05:09: Permuting round 1 ... 
INFO  @ Wed, 22 Feb 2023 17:05:09: Thread 0 started. 
INFO  @ Wed, 22 Feb 2023 17:05:09: Thread 0: total 18006 instances. 
INFO  @ Wed, 22 Feb 2023 17:05:09: Thread 0: Calculating A1CF (1) ...  
INFO  @ Wed, 22 Feb 2023 17:05:14: Thread 0: Calculating ARNT2 (1001) ...  
INFO  @ Wed, 22 Feb 2023 17:05:19: Thread 0: Calculating C2orf44 (2001) ...  
INFO  @ Wed, 22 Feb 2023 17:05:24: Thread 0: Calculating CERS6 (3001) ...  
INFO  @ Wed, 22 Feb 2023 17:05:29: Thread 0: Calculating DBH (4001) ...  
INFO  @ Wed, 22 Feb 2023 17:05:33: Thread 0: Calculating ERCC6L2 (5001) ...  
INFO  @ Wed, 22 Feb 2023 17:05:38: Thread 0: Calculating GANC (6001) ...  
INFO  @ Wed, 22 Feb 2023 17:05:43: Thread 0: Calculating HMBS (7001) ...  
INFO  @ Wed, 22 Feb 2023 17:05:48: Thread 0: Calculating KIAA1147 (8001) ...  
INFO  @ Wed, 22 Feb 2023 17:05:53: Thread 0: Calculating MAGOH (9001) ...  
INFO  @ Wed, 22 Feb 2023 17:05:57: Thread 0: Calculating NANOS3 (10001) ...  
INFO  @ Wed, 22 Feb 2023 17:06:02: Thread 0: Calculating PAXIP1 (11001) ...  
INFO  @ Wed, 22 Feb 2023 17:06:07: Thread 0: Calculating PRG4 (12001) ...  
INFO  @ Wed, 22 Feb 2023 17:06:12: Thread 0: Calculating RNF151 (13001) ...  
INFO  @ Wed, 22 Feb 2023 17:06:17: Thread 0: Calculating SLC25A11 (14001) ...  
INFO  @ Wed, 22 Feb 2023 17:06:22: Thread 0: Calculating SUMO4 (15001) ...  
INFO  @ Wed, 22 Feb 2023 17:06:27: Thread 0: Calculating TNKS2 (16001) ...  
INFO  @ Wed, 22 Feb 2023 17:06:31: Thread 0: Calculating WDHD1 (17001) ...  
INFO  @ Wed, 22 Feb 2023 17:06:36: Thread 0: Calculating ZYG11A (18001) ...  
INFO  @ Wed, 22 Feb 2023 17:06:36: Thread 0 completed. 
INFO  @ Wed, 22 Feb 2023 17:06:36: All threads completed. 
INFO  @ Wed, 22 Feb 2023 17:06:40: Assigning p values... 
INFO  @ Wed, 22 Feb 2023 17:06:40: Permuting groups of gene with 13 sgRNAs per gene. Group progress: 13/22 
INFO  @ Wed, 22 Feb 2023 17:06:40: Start permuting 2 rounds ... 
INFO  @ Wed, 22 Feb 2023 17:06:40: Collecting 90025 sgRNAs from 18006 genes. 
INFO  @ Wed, 22 Feb 2023 17:06:41: Permuting round 0 ... 
INFO  @ Wed, 22 Feb 2023 17:06:42: Thread 0 started. 
INFO  @ Wed, 22 Feb 2023 17:06:42: Thread 0: total 18006 instances. 
INFO  @ Wed, 22 Feb 2023 17:06:42: Thread 0: Calculating A1CF (1) ...  
INFO  @ Wed, 22 Feb 2023 17:06:47: Thread 0: Calculating ARNT2 (1001) ...  
INFO  @ Wed, 22 Feb 2023 17:06:52: Thread 0: Calculating C2orf44 (2001) ...  
INFO  @ Wed, 22 Feb 2023 17:06:57: Thread 0: Calculating CERS6 (3001) ...  
INFO  @ Wed, 22 Feb 2023 17:07:01: Thread 0: Calculating DBH (4001) ...  
INFO  @ Wed, 22 Feb 2023 17:07:06: Thread 0: Calculating ERCC6L2 (5001) ...  
INFO  @ Wed, 22 Feb 2023 17:07:11: Thread 0: Calculating GANC (6001) ...  
INFO  @ Wed, 22 Feb 2023 17:07:16: Thread 0: Calculating HMBS (7001) ...  
INFO  @ Wed, 22 Feb 2023 17:07:21: Thread 0: Calculating KIAA1147 (8001) ...  
INFO  @ Wed, 22 Feb 2023 17:07:26: Thread 0: Calculating MAGOH (9001) ...  
INFO  @ Wed, 22 Feb 2023 17:07:31: Thread 0: Calculating NANOS3 (10001) ...  
INFO  @ Wed, 22 Feb 2023 17:07:36: Thread 0: Calculating PAXIP1 (11001) ...  
INFO  @ Wed, 22 Feb 2023 17:07:41: Thread 0: Calculating PRG4 (12001) ...  
INFO  @ Wed, 22 Feb 2023 17:07:46: Thread 0: Calculating RNF151 (13001) ...  
INFO  @ Wed, 22 Feb 2023 17:07:51: Thread 0: Calculating SLC25A11 (14001) ...  
INFO  @ Wed, 22 Feb 2023 17:07:56: Thread 0: Calculating SUMO4 (15001) ...  
INFO  @ Wed, 22 Feb 2023 17:08:01: Thread 0: Calculating TNKS2 (16001) ...  
INFO  @ Wed, 22 Feb 2023 17:08:06: Thread 0: Calculating WDHD1 (17001) ...  
INFO  @ Wed, 22 Feb 2023 17:08:11: Thread 0: Calculating ZYG11A (18001) ...  
INFO  @ Wed, 22 Feb 2023 17:08:11: Thread 0 completed. 
INFO  @ Wed, 22 Feb 2023 17:08:11: All threads completed. 
INFO  @ Wed, 22 Feb 2023 17:08:14: Permuting round 1 ... 
INFO  @ Wed, 22 Feb 2023 17:08:15: Thread 0 started. 
INFO  @ Wed, 22 Feb 2023 17:08:15: Thread 0: total 18006 instances. 
INFO  @ Wed, 22 Feb 2023 17:08:15: Thread 0: Calculating A1CF (1) ...  
INFO  @ Wed, 22 Feb 2023 17:08:20: Thread 0: Calculating ARNT2 (1001) ...  
INFO  @ Wed, 22 Feb 2023 17:08:25: Thread 0: Calculating C2orf44 (2001) ...  
INFO  @ Wed, 22 Feb 2023 17:08:29: Thread 0: Calculating CERS6 (3001) ...  
INFO  @ Wed, 22 Feb 2023 17:08:34: Thread 0: Calculating DBH (4001) ...  
INFO  @ Wed, 22 Feb 2023 17:08:39: Thread 0: Calculating ERCC6L2 (5001) ...  
INFO  @ Wed, 22 Feb 2023 17:08:44: Thread 0: Calculating GANC (6001) ...  
INFO  @ Wed, 22 Feb 2023 17:08:50: Thread 0: Calculating HMBS (7001) ...  
INFO  @ Wed, 22 Feb 2023 17:08:54: Thread 0: Calculating KIAA1147 (8001) ...  
INFO  @ Wed, 22 Feb 2023 17:08:59: Thread 0: Calculating MAGOH (9001) ...  
INFO  @ Wed, 22 Feb 2023 17:09:04: Thread 0: Calculating NANOS3 (10001) ...  
INFO  @ Wed, 22 Feb 2023 17:09:09: Thread 0: Calculating PAXIP1 (11001) ...  
INFO  @ Wed, 22 Feb 2023 17:09:14: Thread 0: Calculating PRG4 (12001) ...  
INFO  @ Wed, 22 Feb 2023 17:09:19: Thread 0: Calculating RNF151 (13001) ...  
INFO  @ Wed, 22 Feb 2023 17:09:24: Thread 0: Calculating SLC25A11 (14001) ...  
INFO  @ Wed, 22 Feb 2023 17:09:29: Thread 0: Calculating SUMO4 (15001) ...  
INFO  @ Wed, 22 Feb 2023 17:09:34: Thread 0: Calculating TNKS2 (16001) ...  
INFO  @ Wed, 22 Feb 2023 17:09:39: Thread 0: Calculating WDHD1 (17001) ...  
INFO  @ Wed, 22 Feb 2023 17:09:44: Thread 0: Calculating ZYG11A (18001) ...  
INFO  @ Wed, 22 Feb 2023 17:09:44: Thread 0 completed. 
INFO  @ Wed, 22 Feb 2023 17:09:44: All threads completed. 
INFO  @ Wed, 22 Feb 2023 17:09:47: Assigning p values... 
INFO  @ Wed, 22 Feb 2023 17:09:48: Permuting groups of gene with 14 sgRNAs per gene. Group progress: 14/22 
INFO  @ Wed, 22 Feb 2023 17:09:48: Start permuting 2 rounds ... 
INFO  @ Wed, 22 Feb 2023 17:09:48: Collecting 90025 sgRNAs from 18006 genes. 
INFO  @ Wed, 22 Feb 2023 17:09:49: Permuting round 0 ... 
INFO  @ Wed, 22 Feb 2023 17:09:50: Thread 0 started. 
INFO  @ Wed, 22 Feb 2023 17:09:50: Thread 0: total 18006 instances. 
INFO  @ Wed, 22 Feb 2023 17:09:50: Thread 0: Calculating A1CF (1) ...  
INFO  @ Wed, 22 Feb 2023 17:09:55: Thread 0: Calculating ARNT2 (1001) ...  
INFO  @ Wed, 22 Feb 2023 17:10:00: Thread 0: Calculating C2orf44 (2001) ...  
INFO  @ Wed, 22 Feb 2023 17:10:05: Thread 0: Calculating CERS6 (3001) ...  
INFO  @ Wed, 22 Feb 2023 17:10:10: Thread 0: Calculating DBH (4001) ...  
INFO  @ Wed, 22 Feb 2023 17:10:15: Thread 0: Calculating ERCC6L2 (5001) ...  
INFO  @ Wed, 22 Feb 2023 17:10:20: Thread 0: Calculating GANC (6001) ...  
INFO  @ Wed, 22 Feb 2023 17:10:25: Thread 0: Calculating HMBS (7001) ...  
INFO  @ Wed, 22 Feb 2023 17:10:30: Thread 0: Calculating KIAA1147 (8001) ...  
INFO  @ Wed, 22 Feb 2023 17:10:36: Thread 0: Calculating MAGOH (9001) ...  
INFO  @ Wed, 22 Feb 2023 17:10:41: Thread 0: Calculating NANOS3 (10001) ...  
INFO  @ Wed, 22 Feb 2023 17:10:46: Thread 0: Calculating PAXIP1 (11001) ...  
INFO  @ Wed, 22 Feb 2023 17:10:51: Thread 0: Calculating PRG4 (12001) ...  
INFO  @ Wed, 22 Feb 2023 17:10:56: Thread 0: Calculating RNF151 (13001) ...  
INFO  @ Wed, 22 Feb 2023 17:11:01: Thread 0: Calculating SLC25A11 (14001) ...  
INFO  @ Wed, 22 Feb 2023 17:11:06: Thread 0: Calculating SUMO4 (15001) ...  
INFO  @ Wed, 22 Feb 2023 17:11:11: Thread 0: Calculating TNKS2 (16001) ...  
INFO  @ Wed, 22 Feb 2023 17:11:16: Thread 0: Calculating WDHD1 (17001) ...  
INFO  @ Wed, 22 Feb 2023 17:11:22: Thread 0: Calculating ZYG11A (18001) ...  
INFO  @ Wed, 22 Feb 2023 17:11:22: Thread 0 completed. 
INFO  @ Wed, 22 Feb 2023 17:11:22: All threads completed. 
INFO  @ Wed, 22 Feb 2023 17:11:25: Permuting round 1 ... 
INFO  @ Wed, 22 Feb 2023 17:11:25: Thread 0 started. 
INFO  @ Wed, 22 Feb 2023 17:11:25: Thread 0: total 18006 instances. 
INFO  @ Wed, 22 Feb 2023 17:11:25: Thread 0: Calculating A1CF (1) ...  
INFO  @ Wed, 22 Feb 2023 17:11:31: Thread 0: Calculating ARNT2 (1001) ...  
INFO  @ Wed, 22 Feb 2023 17:11:36: Thread 0: Calculating C2orf44 (2001) ...  
INFO  @ Wed, 22 Feb 2023 17:11:41: Thread 0: Calculating CERS6 (3001) ...  
INFO  @ Wed, 22 Feb 2023 17:11:46: Thread 0: Calculating DBH (4001) ...  
INFO  @ Wed, 22 Feb 2023 17:11:51: Thread 0: Calculating ERCC6L2 (5001) ...  
INFO  @ Wed, 22 Feb 2023 17:11:56: Thread 0: Calculating GANC (6001) ...  
INFO  @ Wed, 22 Feb 2023 17:12:01: Thread 0: Calculating HMBS (7001) ...  
INFO  @ Wed, 22 Feb 2023 17:12:06: Thread 0: Calculating KIAA1147 (8001) ...  
INFO  @ Wed, 22 Feb 2023 17:12:12: Thread 0: Calculating MAGOH (9001) ...  
INFO  @ Wed, 22 Feb 2023 17:12:17: Thread 0: Calculating NANOS3 (10001) ...  
INFO  @ Wed, 22 Feb 2023 17:12:22: Thread 0: Calculating PAXIP1 (11001) ...  
INFO  @ Wed, 22 Feb 2023 17:12:27: Thread 0: Calculating PRG4 (12001) ...  
INFO  @ Wed, 22 Feb 2023 17:12:32: Thread 0: Calculating RNF151 (13001) ...  
INFO  @ Wed, 22 Feb 2023 17:12:38: Thread 0: Calculating SLC25A11 (14001) ...  
INFO  @ Wed, 22 Feb 2023 17:12:43: Thread 0: Calculating SUMO4 (15001) ...  
INFO  @ Wed, 22 Feb 2023 17:12:48: Thread 0: Calculating TNKS2 (16001) ...  
INFO  @ Wed, 22 Feb 2023 17:12:53: Thread 0: Calculating WDHD1 (17001) ...  
INFO  @ Wed, 22 Feb 2023 17:12:58: Thread 0: Calculating ZYG11A (18001) ...  
INFO  @ Wed, 22 Feb 2023 17:12:58: Thread 0 completed. 
INFO  @ Wed, 22 Feb 2023 17:12:58: All threads completed. 
INFO  @ Wed, 22 Feb 2023 17:13:02: Assigning p values... 
INFO  @ Wed, 22 Feb 2023 17:13:02: Permuting groups of gene with 15 sgRNAs per gene. Group progress: 15/22 
INFO  @ Wed, 22 Feb 2023 17:13:02: Start permuting 2 rounds ... 
INFO  @ Wed, 22 Feb 2023 17:13:02: Collecting 90025 sgRNAs from 18006 genes. 
INFO  @ Wed, 22 Feb 2023 17:13:03: Permuting round 0 ... 
INFO  @ Wed, 22 Feb 2023 17:13:04: Thread 0 started. 
INFO  @ Wed, 22 Feb 2023 17:13:04: Thread 0: total 18006 instances. 
INFO  @ Wed, 22 Feb 2023 17:13:04: Thread 0: Calculating A1CF (1) ...  
INFO  @ Wed, 22 Feb 2023 17:13:09: Thread 0: Calculating ARNT2 (1001) ...  
INFO  @ Wed, 22 Feb 2023 17:13:14: Thread 0: Calculating C2orf44 (2001) ...  
INFO  @ Wed, 22 Feb 2023 17:13:20: Thread 0: Calculating CERS6 (3001) ...  
INFO  @ Wed, 22 Feb 2023 17:13:25: Thread 0: Calculating DBH (4001) ...  
INFO  @ Wed, 22 Feb 2023 17:13:30: Thread 0: Calculating ERCC6L2 (5001) ...  
INFO  @ Wed, 22 Feb 2023 17:13:35: Thread 0: Calculating GANC (6001) ...  
INFO  @ Wed, 22 Feb 2023 17:13:40: Thread 0: Calculating HMBS (7001) ...  
INFO  @ Wed, 22 Feb 2023 17:13:46: Thread 0: Calculating KIAA1147 (8001) ...  
INFO  @ Wed, 22 Feb 2023 17:13:51: Thread 0: Calculating MAGOH (9001) ...  
INFO  @ Wed, 22 Feb 2023 17:13:56: Thread 0: Calculating NANOS3 (10001) ...  
INFO  @ Wed, 22 Feb 2023 17:14:01: Thread 0: Calculating PAXIP1 (11001) ...  
INFO  @ Wed, 22 Feb 2023 17:14:06: Thread 0: Calculating PRG4 (12001) ...  
INFO  @ Wed, 22 Feb 2023 17:14:12: Thread 0: Calculating RNF151 (13001) ...  
INFO  @ Wed, 22 Feb 2023 17:14:17: Thread 0: Calculating SLC25A11 (14001) ...  
INFO  @ Wed, 22 Feb 2023 17:14:22: Thread 0: Calculating SUMO4 (15001) ...  
INFO  @ Wed, 22 Feb 2023 17:14:27: Thread 0: Calculating TNKS2 (16001) ...  
INFO  @ Wed, 22 Feb 2023 17:14:33: Thread 0: Calculating WDHD1 (17001) ...  
INFO  @ Wed, 22 Feb 2023 17:14:38: Thread 0: Calculating ZYG11A (18001) ...  
INFO  @ Wed, 22 Feb 2023 17:14:38: Thread 0 completed. 
INFO  @ Wed, 22 Feb 2023 17:14:38: All threads completed. 
INFO  @ Wed, 22 Feb 2023 17:14:41: Permuting round 1 ... 
INFO  @ Wed, 22 Feb 2023 17:14:42: Thread 0 started. 
INFO  @ Wed, 22 Feb 2023 17:14:42: Thread 0: total 18006 instances. 
INFO  @ Wed, 22 Feb 2023 17:14:42: Thread 0: Calculating A1CF (1) ...  
INFO  @ Wed, 22 Feb 2023 17:14:47: Thread 0: Calculating ARNT2 (1001) ...  
INFO  @ Wed, 22 Feb 2023 17:14:52: Thread 0: Calculating C2orf44 (2001) ...  
INFO  @ Wed, 22 Feb 2023 17:14:58: Thread 0: Calculating CERS6 (3001) ...  
INFO  @ Wed, 22 Feb 2023 17:15:03: Thread 0: Calculating DBH (4001) ...  
INFO  @ Wed, 22 Feb 2023 17:15:08: Thread 0: Calculating ERCC6L2 (5001) ...  
INFO  @ Wed, 22 Feb 2023 17:15:14: Thread 0: Calculating GANC (6001) ...  
INFO  @ Wed, 22 Feb 2023 17:15:19: Thread 0: Calculating HMBS (7001) ...  
INFO  @ Wed, 22 Feb 2023 17:15:24: Thread 0: Calculating KIAA1147 (8001) ...  
INFO  @ Wed, 22 Feb 2023 17:15:29: Thread 0: Calculating MAGOH (9001) ...  
INFO  @ Wed, 22 Feb 2023 17:15:35: Thread 0: Calculating NANOS3 (10001) ...  
INFO  @ Wed, 22 Feb 2023 17:15:40: Thread 0: Calculating PAXIP1 (11001) ...  
INFO  @ Wed, 22 Feb 2023 17:15:45: Thread 0: Calculating PRG4 (12001) ...  
INFO  @ Wed, 22 Feb 2023 17:15:51: Thread 0: Calculating RNF151 (13001) ...  
INFO  @ Wed, 22 Feb 2023 17:15:56: Thread 0: Calculating SLC25A11 (14001) ...  
INFO  @ Wed, 22 Feb 2023 17:16:01: Thread 0: Calculating SUMO4 (15001) ...  
INFO  @ Wed, 22 Feb 2023 17:16:06: Thread 0: Calculating TNKS2 (16001) ...  
INFO  @ Wed, 22 Feb 2023 17:16:12: Thread 0: Calculating WDHD1 (17001) ...  
INFO  @ Wed, 22 Feb 2023 17:16:17: Thread 0: Calculating ZYG11A (18001) ...  
INFO  @ Wed, 22 Feb 2023 17:16:17: Thread 0 completed. 
INFO  @ Wed, 22 Feb 2023 17:16:17: All threads completed. 
INFO  @ Wed, 22 Feb 2023 17:16:21: Assigning p values... 
INFO  @ Wed, 22 Feb 2023 17:16:21: Permuting groups of gene with 16 sgRNAs per gene. Group progress: 16/22 
INFO  @ Wed, 22 Feb 2023 17:16:21: Start permuting 2 rounds ... 
INFO  @ Wed, 22 Feb 2023 17:16:21: Collecting 90025 sgRNAs from 18006 genes. 
INFO  @ Wed, 22 Feb 2023 17:16:22: Permuting round 0 ... 
INFO  @ Wed, 22 Feb 2023 17:16:23: Thread 0 started. 
INFO  @ Wed, 22 Feb 2023 17:16:23: Thread 0: total 18006 instances. 
INFO  @ Wed, 22 Feb 2023 17:16:23: Thread 0: Calculating A1CF (1) ...  
INFO  @ Wed, 22 Feb 2023 17:16:29: Thread 0: Calculating ARNT2 (1001) ...  
INFO  @ Wed, 22 Feb 2023 17:16:34: Thread 0: Calculating C2orf44 (2001) ...  
INFO  @ Wed, 22 Feb 2023 17:16:39: Thread 0: Calculating CERS6 (3001) ...  
INFO  @ Wed, 22 Feb 2023 17:16:45: Thread 0: Calculating DBH (4001) ...  
INFO  @ Wed, 22 Feb 2023 17:16:50: Thread 0: Calculating ERCC6L2 (5001) ...  
INFO  @ Wed, 22 Feb 2023 17:16:55: Thread 0: Calculating GANC (6001) ...  
INFO  @ Wed, 22 Feb 2023 17:17:01: Thread 0: Calculating HMBS (7001) ...  
INFO  @ Wed, 22 Feb 2023 17:17:06: Thread 0: Calculating KIAA1147 (8001) ...  
INFO  @ Wed, 22 Feb 2023 17:17:11: Thread 0: Calculating MAGOH (9001) ...  
INFO  @ Wed, 22 Feb 2023 17:17:17: Thread 0: Calculating NANOS3 (10001) ...  
INFO  @ Wed, 22 Feb 2023 17:17:22: Thread 0: Calculating PAXIP1 (11001) ...  
INFO  @ Wed, 22 Feb 2023 17:17:27: Thread 0: Calculating PRG4 (12001) ...  
INFO  @ Wed, 22 Feb 2023 17:17:33: Thread 0: Calculating RNF151 (13001) ...  
INFO  @ Wed, 22 Feb 2023 17:17:38: Thread 0: Calculating SLC25A11 (14001) ...  
INFO  @ Wed, 22 Feb 2023 17:17:44: Thread 0: Calculating SUMO4 (15001) ...  
INFO  @ Wed, 22 Feb 2023 17:17:49: Thread 0: Calculating TNKS2 (16001) ...  
INFO  @ Wed, 22 Feb 2023 17:17:55: Thread 0: Calculating WDHD1 (17001) ...  
INFO  @ Wed, 22 Feb 2023 17:18:00: Thread 0: Calculating ZYG11A (18001) ...  
INFO  @ Wed, 22 Feb 2023 17:18:00: Thread 0 completed. 
INFO  @ Wed, 22 Feb 2023 17:18:00: All threads completed. 
INFO  @ Wed, 22 Feb 2023 17:18:03: Permuting round 1 ... 
INFO  @ Wed, 22 Feb 2023 17:18:04: Thread 0 started. 
INFO  @ Wed, 22 Feb 2023 17:18:04: Thread 0: total 18006 instances. 
INFO  @ Wed, 22 Feb 2023 17:18:04: Thread 0: Calculating A1CF (1) ...  
INFO  @ Wed, 22 Feb 2023 17:18:10: Thread 0: Calculating ARNT2 (1001) ...  
INFO  @ Wed, 22 Feb 2023 17:18:15: Thread 0: Calculating C2orf44 (2001) ...  
INFO  @ Wed, 22 Feb 2023 17:18:21: Thread 0: Calculating CERS6 (3001) ...  
INFO  @ Wed, 22 Feb 2023 17:18:26: Thread 0: Calculating DBH (4001) ...  
INFO  @ Wed, 22 Feb 2023 17:18:31: Thread 0: Calculating ERCC6L2 (5001) ...  
INFO  @ Wed, 22 Feb 2023 17:18:37: Thread 0: Calculating GANC (6001) ...  
INFO  @ Wed, 22 Feb 2023 17:18:42: Thread 0: Calculating HMBS (7001) ...  
INFO  @ Wed, 22 Feb 2023 17:18:48: Thread 0: Calculating KIAA1147 (8001) ...  
INFO  @ Wed, 22 Feb 2023 17:18:53: Thread 0: Calculating MAGOH (9001) ...  
INFO  @ Wed, 22 Feb 2023 17:18:59: Thread 0: Calculating NANOS3 (10001) ...  
INFO  @ Wed, 22 Feb 2023 17:19:04: Thread 0: Calculating PAXIP1 (11001) ...  
INFO  @ Wed, 22 Feb 2023 17:19:09: Thread 0: Calculating PRG4 (12001) ...  
INFO  @ Wed, 22 Feb 2023 17:19:15: Thread 0: Calculating RNF151 (13001) ...  
INFO  @ Wed, 22 Feb 2023 17:19:20: Thread 0: Calculating SLC25A11 (14001) ...  
INFO  @ Wed, 22 Feb 2023 17:19:26: Thread 0: Calculating SUMO4 (15001) ...  
INFO  @ Wed, 22 Feb 2023 17:19:31: Thread 0: Calculating TNKS2 (16001) ...  
INFO  @ Wed, 22 Feb 2023 17:19:37: Thread 0: Calculating WDHD1 (17001) ...  
INFO  @ Wed, 22 Feb 2023 17:19:42: Thread 0: Calculating ZYG11A (18001) ...  
INFO  @ Wed, 22 Feb 2023 17:19:43: Thread 0 completed. 
INFO  @ Wed, 22 Feb 2023 17:19:43: All threads completed. 
INFO  @ Wed, 22 Feb 2023 17:19:46: Assigning p values... 
INFO  @ Wed, 22 Feb 2023 17:19:46: Permuting groups of gene with 17 sgRNAs per gene. Group progress: 17/22 
INFO  @ Wed, 22 Feb 2023 17:19:46: Start permuting 2 rounds ... 
INFO  @ Wed, 22 Feb 2023 17:19:46: Collecting 90025 sgRNAs from 18006 genes. 
INFO  @ Wed, 22 Feb 2023 17:19:48: Permuting round 0 ... 
INFO  @ Wed, 22 Feb 2023 17:19:48: Thread 0 started. 
INFO  @ Wed, 22 Feb 2023 17:19:48: Thread 0: total 18006 instances. 
INFO  @ Wed, 22 Feb 2023 17:19:48: Thread 0: Calculating A1CF (1) ...  
INFO  @ Wed, 22 Feb 2023 17:19:54: Thread 0: Calculating ARNT2 (1001) ...  
INFO  @ Wed, 22 Feb 2023 17:20:00: Thread 0: Calculating C2orf44 (2001) ...  
INFO  @ Wed, 22 Feb 2023 17:20:05: Thread 0: Calculating CERS6 (3001) ...  
INFO  @ Wed, 22 Feb 2023 17:20:11: Thread 0: Calculating DBH (4001) ...  
INFO  @ Wed, 22 Feb 2023 17:20:16: Thread 0: Calculating ERCC6L2 (5001) ...  
INFO  @ Wed, 22 Feb 2023 17:20:22: Thread 0: Calculating GANC (6001) ...  
INFO  @ Wed, 22 Feb 2023 17:20:28: Thread 0: Calculating HMBS (7001) ...  
INFO  @ Wed, 22 Feb 2023 17:20:33: Thread 0: Calculating KIAA1147 (8001) ...  
INFO  @ Wed, 22 Feb 2023 17:20:39: Thread 0: Calculating MAGOH (9001) ...  
INFO  @ Wed, 22 Feb 2023 17:20:45: Thread 0: Calculating NANOS3 (10001) ...  
INFO  @ Wed, 22 Feb 2023 17:20:50: Thread 0: Calculating PAXIP1 (11001) ...  
INFO  @ Wed, 22 Feb 2023 17:20:56: Thread 0: Calculating PRG4 (12001) ...  
INFO  @ Wed, 22 Feb 2023 17:21:01: Thread 0: Calculating RNF151 (13001) ...  
INFO  @ Wed, 22 Feb 2023 17:21:07: Thread 0: Calculating SLC25A11 (14001) ...  
INFO  @ Wed, 22 Feb 2023 17:21:13: Thread 0: Calculating SUMO4 (15001) ...  
INFO  @ Wed, 22 Feb 2023 17:21:18: Thread 0: Calculating TNKS2 (16001) ...  
INFO  @ Wed, 22 Feb 2023 17:21:24: Thread 0: Calculating WDHD1 (17001) ...  
INFO  @ Wed, 22 Feb 2023 17:21:29: Thread 0: Calculating ZYG11A (18001) ...  
INFO  @ Wed, 22 Feb 2023 17:21:29: Thread 0 completed. 
INFO  @ Wed, 22 Feb 2023 17:21:29: All threads completed. 
INFO  @ Wed, 22 Feb 2023 17:21:33: Permuting round 1 ... 
INFO  @ Wed, 22 Feb 2023 17:21:33: Thread 0 started. 
INFO  @ Wed, 22 Feb 2023 17:21:33: Thread 0: total 18006 instances. 
INFO  @ Wed, 22 Feb 2023 17:21:33: Thread 0: Calculating A1CF (1) ...  
INFO  @ Wed, 22 Feb 2023 17:21:39: Thread 0: Calculating ARNT2 (1001) ...  
INFO  @ Wed, 22 Feb 2023 17:21:45: Thread 0: Calculating C2orf44 (2001) ...  
INFO  @ Wed, 22 Feb 2023 17:21:50: Thread 0: Calculating CERS6 (3001) ...  
INFO  @ Wed, 22 Feb 2023 17:21:56: Thread 0: Calculating DBH (4001) ...  
INFO  @ Wed, 22 Feb 2023 17:22:02: Thread 0: Calculating ERCC6L2 (5001) ...  
INFO  @ Wed, 22 Feb 2023 17:22:07: Thread 0: Calculating GANC (6001) ...  
INFO  @ Wed, 22 Feb 2023 17:22:13: Thread 0: Calculating HMBS (7001) ...  
INFO  @ Wed, 22 Feb 2023 17:22:18: Thread 0: Calculating KIAA1147 (8001) ...  
INFO  @ Wed, 22 Feb 2023 17:22:24: Thread 0: Calculating MAGOH (9001) ...  
INFO  @ Wed, 22 Feb 2023 17:22:30: Thread 0: Calculating NANOS3 (10001) ...  
INFO  @ Wed, 22 Feb 2023 17:22:36: Thread 0: Calculating PAXIP1 (11001) ...  
INFO  @ Wed, 22 Feb 2023 17:22:41: Thread 0: Calculating PRG4 (12001) ...  
INFO  @ Wed, 22 Feb 2023 17:22:47: Thread 0: Calculating RNF151 (13001) ...  
INFO  @ Wed, 22 Feb 2023 17:22:52: Thread 0: Calculating SLC25A11 (14001) ...  
INFO  @ Wed, 22 Feb 2023 17:22:58: Thread 0: Calculating SUMO4 (15001) ...  
INFO  @ Wed, 22 Feb 2023 17:23:04: Thread 0: Calculating TNKS2 (16001) ...  
INFO  @ Wed, 22 Feb 2023 17:23:09: Thread 0: Calculating WDHD1 (17001) ...  
INFO  @ Wed, 22 Feb 2023 17:23:15: Thread 0: Calculating ZYG11A (18001) ...  
INFO  @ Wed, 22 Feb 2023 17:23:15: Thread 0 completed. 
INFO  @ Wed, 22 Feb 2023 17:23:15: All threads completed. 
INFO  @ Wed, 22 Feb 2023 17:23:19: Assigning p values... 
INFO  @ Wed, 22 Feb 2023 17:23:19: Permuting groups of gene with 18 sgRNAs per gene. Group progress: 18/22 
INFO  @ Wed, 22 Feb 2023 17:23:19: Start permuting 2 rounds ... 
INFO  @ Wed, 22 Feb 2023 17:23:19: Collecting 90025 sgRNAs from 18006 genes. 
INFO  @ Wed, 22 Feb 2023 17:23:20: Permuting round 0 ... 
INFO  @ Wed, 22 Feb 2023 17:23:21: Thread 0 started. 
INFO  @ Wed, 22 Feb 2023 17:23:21: Thread 0: total 18006 instances. 
INFO  @ Wed, 22 Feb 2023 17:23:21: Thread 0: Calculating A1CF (1) ...  
INFO  @ Wed, 22 Feb 2023 17:23:27: Thread 0: Calculating ARNT2 (1001) ...  
INFO  @ Wed, 22 Feb 2023 17:23:33: Thread 0: Calculating C2orf44 (2001) ...  
INFO  @ Wed, 22 Feb 2023 17:23:38: Thread 0: Calculating CERS6 (3001) ...  
INFO  @ Wed, 22 Feb 2023 17:23:44: Thread 0: Calculating DBH (4001) ...  
INFO  @ Wed, 22 Feb 2023 17:23:50: Thread 0: Calculating ERCC6L2 (5001) ...  
INFO  @ Wed, 22 Feb 2023 17:23:56: Thread 0: Calculating GANC (6001) ...  
INFO  @ Wed, 22 Feb 2023 17:24:02: Thread 0: Calculating HMBS (7001) ...  
INFO  @ Wed, 22 Feb 2023 17:24:07: Thread 0: Calculating KIAA1147 (8001) ...  
INFO  @ Wed, 22 Feb 2023 17:24:13: Thread 0: Calculating MAGOH (9001) ...  
INFO  @ Wed, 22 Feb 2023 17:24:19: Thread 0: Calculating NANOS3 (10001) ...  
INFO  @ Wed, 22 Feb 2023 17:24:25: Thread 0: Calculating PAXIP1 (11001) ...  
INFO  @ Wed, 22 Feb 2023 17:24:31: Thread 0: Calculating PRG4 (12001) ...  
INFO  @ Wed, 22 Feb 2023 17:24:36: Thread 0: Calculating RNF151 (13001) ...  
INFO  @ Wed, 22 Feb 2023 17:24:42: Thread 0: Calculating SLC25A11 (14001) ...  
INFO  @ Wed, 22 Feb 2023 17:24:48: Thread 0: Calculating SUMO4 (15001) ...  
INFO  @ Wed, 22 Feb 2023 17:24:54: Thread 0: Calculating TNKS2 (16001) ...  
INFO  @ Wed, 22 Feb 2023 17:25:00: Thread 0: Calculating WDHD1 (17001) ...  
INFO  @ Wed, 22 Feb 2023 17:25:06: Thread 0: Calculating ZYG11A (18001) ...  
INFO  @ Wed, 22 Feb 2023 17:25:06: Thread 0 completed. 
INFO  @ Wed, 22 Feb 2023 17:25:06: All threads completed. 
INFO  @ Wed, 22 Feb 2023 17:25:09: Permuting round 1 ... 
INFO  @ Wed, 22 Feb 2023 17:25:10: Thread 0 started. 
INFO  @ Wed, 22 Feb 2023 17:25:10: Thread 0: total 18006 instances. 
INFO  @ Wed, 22 Feb 2023 17:25:10: Thread 0: Calculating A1CF (1) ...  
INFO  @ Wed, 22 Feb 2023 17:25:16: Thread 0: Calculating ARNT2 (1001) ...  
INFO  @ Wed, 22 Feb 2023 17:25:22: Thread 0: Calculating C2orf44 (2001) ...  
INFO  @ Wed, 22 Feb 2023 17:25:28: Thread 0: Calculating CERS6 (3001) ...  
INFO  @ Wed, 22 Feb 2023 17:25:34: Thread 0: Calculating DBH (4001) ...  
INFO  @ Wed, 22 Feb 2023 17:25:40: Thread 0: Calculating ERCC6L2 (5001) ...  
INFO  @ Wed, 22 Feb 2023 17:25:46: Thread 0: Calculating GANC (6001) ...  
INFO  @ Wed, 22 Feb 2023 17:25:52: Thread 0: Calculating HMBS (7001) ...  
INFO  @ Wed, 22 Feb 2023 17:25:58: Thread 0: Calculating KIAA1147 (8001) ...  
INFO  @ Wed, 22 Feb 2023 17:26:04: Thread 0: Calculating MAGOH (9001) ...  
INFO  @ Wed, 22 Feb 2023 17:26:10: Thread 0: Calculating NANOS3 (10001) ...  
INFO  @ Wed, 22 Feb 2023 17:26:16: Thread 0: Calculating PAXIP1 (11001) ...  
INFO  @ Wed, 22 Feb 2023 17:26:22: Thread 0: Calculating PRG4 (12001) ...  
INFO  @ Wed, 22 Feb 2023 17:26:28: Thread 0: Calculating RNF151 (13001) ...  
INFO  @ Wed, 22 Feb 2023 17:26:34: Thread 0: Calculating SLC25A11 (14001) ...  
INFO  @ Wed, 22 Feb 2023 17:26:40: Thread 0: Calculating SUMO4 (15001) ...  
INFO  @ Wed, 22 Feb 2023 17:26:46: Thread 0: Calculating TNKS2 (16001) ...  
INFO  @ Wed, 22 Feb 2023 17:26:53: Thread 0: Calculating WDHD1 (17001) ...  
INFO  @ Wed, 22 Feb 2023 17:26:59: Thread 0: Calculating ZYG11A (18001) ...  
INFO  @ Wed, 22 Feb 2023 17:26:59: Thread 0 completed. 
INFO  @ Wed, 22 Feb 2023 17:26:59: All threads completed. 
INFO  @ Wed, 22 Feb 2023 17:27:03: Assigning p values... 
INFO  @ Wed, 22 Feb 2023 17:27:03: Permuting groups of gene with 19 sgRNAs per gene. Group progress: 19/22 
INFO  @ Wed, 22 Feb 2023 17:27:03: Start permuting 2 rounds ... 
INFO  @ Wed, 22 Feb 2023 17:27:03: Collecting 90025 sgRNAs from 18006 genes. 
INFO  @ Wed, 22 Feb 2023 17:27:04: Permuting round 0 ... 
INFO  @ Wed, 22 Feb 2023 17:27:05: Thread 0 started. 
INFO  @ Wed, 22 Feb 2023 17:27:05: Thread 0: total 18006 instances. 
INFO  @ Wed, 22 Feb 2023 17:27:05: Thread 0: Calculating A1CF (1) ...  
INFO  @ Wed, 22 Feb 2023 17:27:11: Thread 0: Calculating ARNT2 (1001) ...  
INFO  @ Wed, 22 Feb 2023 17:27:17: Thread 0: Calculating C2orf44 (2001) ...  
INFO  @ Wed, 22 Feb 2023 17:27:23: Thread 0: Calculating CERS6 (3001) ...  
INFO  @ Wed, 22 Feb 2023 17:27:29: Thread 0: Calculating DBH (4001) ...  
INFO  @ Wed, 22 Feb 2023 17:27:35: Thread 0: Calculating ERCC6L2 (5001) ...  
INFO  @ Wed, 22 Feb 2023 17:27:41: Thread 0: Calculating GANC (6001) ...  
INFO  @ Wed, 22 Feb 2023 17:27:47: Thread 0: Calculating HMBS (7001) ...  
INFO  @ Wed, 22 Feb 2023 17:27:53: Thread 0: Calculating KIAA1147 (8001) ...  
INFO  @ Wed, 22 Feb 2023 17:27:59: Thread 0: Calculating MAGOH (9001) ...  
INFO  @ Wed, 22 Feb 2023 17:28:05: Thread 0: Calculating NANOS3 (10001) ...  
INFO  @ Wed, 22 Feb 2023 17:28:12: Thread 0: Calculating PAXIP1 (11001) ...  
INFO  @ Wed, 22 Feb 2023 17:28:18: Thread 0: Calculating PRG4 (12001) ...  
INFO  @ Wed, 22 Feb 2023 17:28:24: Thread 0: Calculating RNF151 (13001) ...  
INFO  @ Wed, 22 Feb 2023 17:28:30: Thread 0: Calculating SLC25A11 (14001) ...  
INFO  @ Wed, 22 Feb 2023 17:28:36: Thread 0: Calculating SUMO4 (15001) ...  
INFO  @ Wed, 22 Feb 2023 17:28:42: Thread 0: Calculating TNKS2 (16001) ...  
INFO  @ Wed, 22 Feb 2023 17:28:48: Thread 0: Calculating WDHD1 (17001) ...  
INFO  @ Wed, 22 Feb 2023 17:28:54: Thread 0: Calculating ZYG11A (18001) ...  
INFO  @ Wed, 22 Feb 2023 17:28:54: Thread 0 completed. 
INFO  @ Wed, 22 Feb 2023 17:28:54: All threads completed. 
INFO  @ Wed, 22 Feb 2023 17:28:58: Permuting round 1 ... 
INFO  @ Wed, 22 Feb 2023 17:28:58: Thread 0 started. 
INFO  @ Wed, 22 Feb 2023 17:28:58: Thread 0: total 18006 instances. 
INFO  @ Wed, 22 Feb 2023 17:28:58: Thread 0: Calculating A1CF (1) ...  
INFO  @ Wed, 22 Feb 2023 17:29:04: Thread 0: Calculating ARNT2 (1001) ...  
INFO  @ Wed, 22 Feb 2023 17:29:11: Thread 0: Calculating C2orf44 (2001) ...  
INFO  @ Wed, 22 Feb 2023 17:29:17: Thread 0: Calculating CERS6 (3001) ...  
INFO  @ Wed, 22 Feb 2023 17:29:23: Thread 0: Calculating DBH (4001) ...  
INFO  @ Wed, 22 Feb 2023 17:29:29: Thread 0: Calculating ERCC6L2 (5001) ...  
INFO  @ Wed, 22 Feb 2023 17:29:35: Thread 0: Calculating GANC (6001) ...  
INFO  @ Wed, 22 Feb 2023 17:29:41: Thread 0: Calculating HMBS (7001) ...  
INFO  @ Wed, 22 Feb 2023 17:29:47: Thread 0: Calculating KIAA1147 (8001) ...  
INFO  @ Wed, 22 Feb 2023 17:29:54: Thread 0: Calculating MAGOH (9001) ...  
INFO  @ Wed, 22 Feb 2023 17:30:00: Thread 0: Calculating NANOS3 (10001) ...  
INFO  @ Wed, 22 Feb 2023 17:30:06: Thread 0: Calculating PAXIP1 (11001) ...  
INFO  @ Wed, 22 Feb 2023 17:30:12: Thread 0: Calculating PRG4 (12001) ...  
INFO  @ Wed, 22 Feb 2023 17:30:18: Thread 0: Calculating RNF151 (13001) ...  
INFO  @ Wed, 22 Feb 2023 17:30:24: Thread 0: Calculating SLC25A11 (14001) ...  
INFO  @ Wed, 22 Feb 2023 17:30:31: Thread 0: Calculating SUMO4 (15001) ...  
INFO  @ Wed, 22 Feb 2023 17:30:37: Thread 0: Calculating TNKS2 (16001) ...  
INFO  @ Wed, 22 Feb 2023 17:30:43: Thread 0: Calculating WDHD1 (17001) ...  
INFO  @ Wed, 22 Feb 2023 17:30:49: Thread 0: Calculating ZYG11A (18001) ...  
INFO  @ Wed, 22 Feb 2023 17:30:49: Thread 0 completed. 
INFO  @ Wed, 22 Feb 2023 17:30:49: All threads completed. 
INFO  @ Wed, 22 Feb 2023 17:30:53: Assigning p values... 
INFO  @ Wed, 22 Feb 2023 17:30:53: Permuting groups of gene with 22 sgRNAs per gene. Group progress: 20/22 
INFO  @ Wed, 22 Feb 2023 17:30:53: Start permuting 2 rounds ... 
INFO  @ Wed, 22 Feb 2023 17:30:53: Collecting 90025 sgRNAs from 18006 genes. 
INFO  @ Wed, 22 Feb 2023 17:30:54: Permuting round 0 ... 
INFO  @ Wed, 22 Feb 2023 17:30:55: Thread 0 started. 
INFO  @ Wed, 22 Feb 2023 17:30:55: Thread 0: total 18006 instances. 
INFO  @ Wed, 22 Feb 2023 17:30:55: Thread 0: Calculating A1CF (1) ...  
INFO  @ Wed, 22 Feb 2023 17:31:02: Thread 0: Calculating ARNT2 (1001) ...  
INFO  @ Wed, 22 Feb 2023 17:31:09: Thread 0: Calculating C2orf44 (2001) ...  
INFO  @ Wed, 22 Feb 2023 17:31:16: Thread 0: Calculating CERS6 (3001) ...  
INFO  @ Wed, 22 Feb 2023 17:31:23: Thread 0: Calculating DBH (4001) ...  
INFO  @ Wed, 22 Feb 2023 17:31:30: Thread 0: Calculating ERCC6L2 (5001) ...  
INFO  @ Wed, 22 Feb 2023 17:31:37: Thread 0: Calculating GANC (6001) ...  
INFO  @ Wed, 22 Feb 2023 17:31:44: Thread 0: Calculating HMBS (7001) ...  
INFO  @ Wed, 22 Feb 2023 17:31:51: Thread 0: Calculating KIAA1147 (8001) ...  
INFO  @ Wed, 22 Feb 2023 17:31:58: Thread 0: Calculating MAGOH (9001) ...  
INFO  @ Wed, 22 Feb 2023 17:32:05: Thread 0: Calculating NANOS3 (10001) ...  
INFO  @ Wed, 22 Feb 2023 17:32:12: Thread 0: Calculating PAXIP1 (11001) ...  
INFO  @ Wed, 22 Feb 2023 17:32:19: Thread 0: Calculating PRG4 (12001) ...  
INFO  @ Wed, 22 Feb 2023 17:32:26: Thread 0: Calculating RNF151 (13001) ...  
INFO  @ Wed, 22 Feb 2023 17:32:33: Thread 0: Calculating SLC25A11 (14001) ...  
INFO  @ Wed, 22 Feb 2023 17:32:40: Thread 0: Calculating SUMO4 (15001) ...  
INFO  @ Wed, 22 Feb 2023 17:32:46: Thread 0: Calculating TNKS2 (16001) ...  
INFO  @ Wed, 22 Feb 2023 17:32:53: Thread 0: Calculating WDHD1 (17001) ...  
INFO  @ Wed, 22 Feb 2023 17:33:00: Thread 0: Calculating ZYG11A (18001) ...  
INFO  @ Wed, 22 Feb 2023 17:33:00: Thread 0 completed. 
INFO  @ Wed, 22 Feb 2023 17:33:00: All threads completed. 
INFO  @ Wed, 22 Feb 2023 17:33:04: Permuting round 1 ... 
INFO  @ Wed, 22 Feb 2023 17:33:05: Thread 0 started. 
INFO  @ Wed, 22 Feb 2023 17:33:05: Thread 0: total 18006 instances. 
INFO  @ Wed, 22 Feb 2023 17:33:05: Thread 0: Calculating A1CF (1) ...  
INFO  @ Wed, 22 Feb 2023 17:33:12: Thread 0: Calculating ARNT2 (1001) ...  
INFO  @ Wed, 22 Feb 2023 17:33:19: Thread 0: Calculating C2orf44 (2001) ...  
INFO  @ Wed, 22 Feb 2023 17:33:26: Thread 0: Calculating CERS6 (3001) ...  
INFO  @ Wed, 22 Feb 2023 17:33:33: Thread 0: Calculating DBH (4001) ...  
INFO  @ Wed, 22 Feb 2023 17:33:40: Thread 0: Calculating ERCC6L2 (5001) ...  
INFO  @ Wed, 22 Feb 2023 17:33:47: Thread 0: Calculating GANC (6001) ...  
INFO  @ Wed, 22 Feb 2023 17:33:54: Thread 0: Calculating HMBS (7001) ...  
INFO  @ Wed, 22 Feb 2023 17:34:01: Thread 0: Calculating KIAA1147 (8001) ...  
INFO  @ Wed, 22 Feb 2023 17:34:08: Thread 0: Calculating MAGOH (9001) ...  
INFO  @ Wed, 22 Feb 2023 17:34:15: Thread 0: Calculating NANOS3 (10001) ...  
INFO  @ Wed, 22 Feb 2023 17:34:22: Thread 0: Calculating PAXIP1 (11001) ...  
INFO  @ Wed, 22 Feb 2023 17:34:29: Thread 0: Calculating PRG4 (12001) ...  
INFO  @ Wed, 22 Feb 2023 17:34:36: Thread 0: Calculating RNF151 (13001) ...  
INFO  @ Wed, 22 Feb 2023 17:34:43: Thread 0: Calculating SLC25A11 (14001) ...  
INFO  @ Wed, 22 Feb 2023 17:34:50: Thread 0: Calculating SUMO4 (15001) ...  
INFO  @ Wed, 22 Feb 2023 17:34:57: Thread 0: Calculating TNKS2 (16001) ...  
INFO  @ Wed, 22 Feb 2023 17:35:04: Thread 0: Calculating WDHD1 (17001) ...  
INFO  @ Wed, 22 Feb 2023 17:35:11: Thread 0: Calculating ZYG11A (18001) ...  
INFO  @ Wed, 22 Feb 2023 17:35:11: Thread 0 completed. 
INFO  @ Wed, 22 Feb 2023 17:35:11: All threads completed. 
INFO  @ Wed, 22 Feb 2023 17:35:15: Assigning p values... 
INFO  @ Wed, 22 Feb 2023 17:35:15: Permuting groups of gene with 23 sgRNAs per gene. Group progress: 21/22 
INFO  @ Wed, 22 Feb 2023 17:35:15: Start permuting 2 rounds ... 
INFO  @ Wed, 22 Feb 2023 17:35:15: Collecting 90025 sgRNAs from 18006 genes. 
INFO  @ Wed, 22 Feb 2023 17:35:17: Permuting round 0 ... 
INFO  @ Wed, 22 Feb 2023 17:35:17: Thread 0 started. 
INFO  @ Wed, 22 Feb 2023 17:35:17: Thread 0: total 18006 instances. 
INFO  @ Wed, 22 Feb 2023 17:35:17: Thread 0: Calculating A1CF (1) ...  
INFO  @ Wed, 22 Feb 2023 17:35:24: Thread 0: Calculating ARNT2 (1001) ...  
INFO  @ Wed, 22 Feb 2023 17:35:31: Thread 0: Calculating C2orf44 (2001) ...  
INFO  @ Wed, 22 Feb 2023 17:35:38: Thread 0: Calculating CERS6 (3001) ...  
INFO  @ Wed, 22 Feb 2023 17:35:45: Thread 0: Calculating DBH (4001) ...  
INFO  @ Wed, 22 Feb 2023 17:35:52: Thread 0: Calculating ERCC6L2 (5001) ...  
INFO  @ Wed, 22 Feb 2023 17:35:59: Thread 0: Calculating GANC (6001) ...  
INFO  @ Wed, 22 Feb 2023 17:36:06: Thread 0: Calculating HMBS (7001) ...  
INFO  @ Wed, 22 Feb 2023 17:36:13: Thread 0: Calculating KIAA1147 (8001) ...  
INFO  @ Wed, 22 Feb 2023 17:36:20: Thread 0: Calculating MAGOH (9001) ...  
INFO  @ Wed, 22 Feb 2023 17:36:27: Thread 0: Calculating NANOS3 (10001) ...  
INFO  @ Wed, 22 Feb 2023 17:36:34: Thread 0: Calculating PAXIP1 (11001) ...  
INFO  @ Wed, 22 Feb 2023 17:36:41: Thread 0: Calculating PRG4 (12001) ...  
INFO  @ Wed, 22 Feb 2023 17:36:48: Thread 0: Calculating RNF151 (13001) ...  
INFO  @ Wed, 22 Feb 2023 17:36:55: Thread 0: Calculating SLC25A11 (14001) ...  
INFO  @ Wed, 22 Feb 2023 17:37:03: Thread 0: Calculating SUMO4 (15001) ...  
INFO  @ Wed, 22 Feb 2023 17:37:10: Thread 0: Calculating TNKS2 (16001) ...  
INFO  @ Wed, 22 Feb 2023 17:37:17: Thread 0: Calculating WDHD1 (17001) ...  
INFO  @ Wed, 22 Feb 2023 17:37:23: Thread 0: Calculating ZYG11A (18001) ...  
INFO  @ Wed, 22 Feb 2023 17:37:24: Thread 0 completed. 
INFO  @ Wed, 22 Feb 2023 17:37:24: All threads completed. 
INFO  @ Wed, 22 Feb 2023 17:37:27: Permuting round 1 ... 
INFO  @ Wed, 22 Feb 2023 17:37:28: Thread 0 started. 
INFO  @ Wed, 22 Feb 2023 17:37:28: Thread 0: total 18006 instances. 
INFO  @ Wed, 22 Feb 2023 17:37:28: Thread 0: Calculating A1CF (1) ...  
INFO  @ Wed, 22 Feb 2023 17:37:35: Thread 0: Calculating ARNT2 (1001) ...  
INFO  @ Wed, 22 Feb 2023 17:37:42: Thread 0: Calculating C2orf44 (2001) ...  
INFO  @ Wed, 22 Feb 2023 17:37:50: Thread 0: Calculating CERS6 (3001) ...  
INFO  @ Wed, 22 Feb 2023 17:37:57: Thread 0: Calculating DBH (4001) ...  
INFO  @ Wed, 22 Feb 2023 17:38:04: Thread 0: Calculating ERCC6L2 (5001) ...  
INFO  @ Wed, 22 Feb 2023 17:38:11: Thread 0: Calculating GANC (6001) ...  
INFO  @ Wed, 22 Feb 2023 17:38:18: Thread 0: Calculating HMBS (7001) ...  
INFO  @ Wed, 22 Feb 2023 17:38:25: Thread 0: Calculating KIAA1147 (8001) ...  
INFO  @ Wed, 22 Feb 2023 17:38:32: Thread 0: Calculating MAGOH (9001) ...  
INFO  @ Wed, 22 Feb 2023 17:38:39: Thread 0: Calculating NANOS3 (10001) ...  
INFO  @ Wed, 22 Feb 2023 17:38:46: Thread 0: Calculating PAXIP1 (11001) ...  
INFO  @ Wed, 22 Feb 2023 17:38:53: Thread 0: Calculating PRG4 (12001) ...  
INFO  @ Wed, 22 Feb 2023 17:39:00: Thread 0: Calculating RNF151 (13001) ...  
INFO  @ Wed, 22 Feb 2023 17:39:08: Thread 0: Calculating SLC25A11 (14001) ...  
INFO  @ Wed, 22 Feb 2023 17:39:15: Thread 0: Calculating SUMO4 (15001) ...  
INFO  @ Wed, 22 Feb 2023 17:39:22: Thread 0: Calculating TNKS2 (16001) ...  
INFO  @ Wed, 22 Feb 2023 17:39:29: Thread 0: Calculating WDHD1 (17001) ...  
INFO  @ Wed, 22 Feb 2023 17:39:36: Thread 0: Calculating ZYG11A (18001) ...  
INFO  @ Wed, 22 Feb 2023 17:39:36: Thread 0 completed. 
INFO  @ Wed, 22 Feb 2023 17:39:36: All threads completed. 
INFO  @ Wed, 22 Feb 2023 17:39:40: Assigning p values... 
INFO  @ Wed, 22 Feb 2023 17:39:40: Permuting groups of gene with 26 sgRNAs per gene. Group progress: 22/22 
INFO  @ Wed, 22 Feb 2023 17:39:40: Start permuting 2 rounds ... 
INFO  @ Wed, 22 Feb 2023 17:39:41: Collecting 90025 sgRNAs from 18006 genes. 
INFO  @ Wed, 22 Feb 2023 17:39:42: Permuting round 0 ... 
INFO  @ Wed, 22 Feb 2023 17:39:42: Thread 0 started. 
INFO  @ Wed, 22 Feb 2023 17:39:42: Thread 0: total 18006 instances. 
INFO  @ Wed, 22 Feb 2023 17:39:42: Thread 0: Calculating A1CF (1) ...  
INFO  @ Wed, 22 Feb 2023 17:39:51: Thread 0: Calculating ARNT2 (1001) ...  
INFO  @ Wed, 22 Feb 2023 17:39:59: Thread 0: Calculating C2orf44 (2001) ...  
INFO  @ Wed, 22 Feb 2023 17:40:07: Thread 0: Calculating CERS6 (3001) ...  
INFO  @ Wed, 22 Feb 2023 17:40:15: Thread 0: Calculating DBH (4001) ...  
INFO  @ Wed, 22 Feb 2023 17:40:23: Thread 0: Calculating ERCC6L2 (5001) ...  
INFO  @ Wed, 22 Feb 2023 17:40:31: Thread 0: Calculating GANC (6001) ...  
INFO  @ Wed, 22 Feb 2023 17:40:39: Thread 0: Calculating HMBS (7001) ...  
INFO  @ Wed, 22 Feb 2023 17:40:48: Thread 0: Calculating KIAA1147 (8001) ...  
INFO  @ Wed, 22 Feb 2023 17:40:56: Thread 0: Calculating MAGOH (9001) ...  
INFO  @ Wed, 22 Feb 2023 17:41:04: Thread 0: Calculating NANOS3 (10001) ...  
INFO  @ Wed, 22 Feb 2023 17:41:12: Thread 0: Calculating PAXIP1 (11001) ...  
INFO  @ Wed, 22 Feb 2023 17:41:20: Thread 0: Calculating PRG4 (12001) ...  
INFO  @ Wed, 22 Feb 2023 17:41:29: Thread 0: Calculating RNF151 (13001) ...  
INFO  @ Wed, 22 Feb 2023 17:41:37: Thread 0: Calculating SLC25A11 (14001) ...  
INFO  @ Wed, 22 Feb 2023 17:41:45: Thread 0: Calculating SUMO4 (15001) ...  
INFO  @ Wed, 22 Feb 2023 17:41:53: Thread 0: Calculating TNKS2 (16001) ...  
INFO  @ Wed, 22 Feb 2023 17:42:01: Thread 0: Calculating WDHD1 (17001) ...  
INFO  @ Wed, 22 Feb 2023 17:42:09: Thread 0: Calculating ZYG11A (18001) ...  
INFO  @ Wed, 22 Feb 2023 17:42:09: Thread 0 completed. 
INFO  @ Wed, 22 Feb 2023 17:42:09: All threads completed. 
INFO  @ Wed, 22 Feb 2023 17:42:13: Permuting round 1 ... 
INFO  @ Wed, 22 Feb 2023 17:42:14: Thread 0 started. 
INFO  @ Wed, 22 Feb 2023 17:42:14: Thread 0: total 18006 instances. 
INFO  @ Wed, 22 Feb 2023 17:42:14: Thread 0: Calculating A1CF (1) ...  
INFO  @ Wed, 22 Feb 2023 17:42:22: Thread 0: Calculating ARNT2 (1001) ...  
INFO  @ Wed, 22 Feb 2023 17:42:31: Thread 0: Calculating C2orf44 (2001) ...  
INFO  @ Wed, 22 Feb 2023 17:42:39: Thread 0: Calculating CERS6 (3001) ...  
INFO  @ Wed, 22 Feb 2023 17:42:47: Thread 0: Calculating DBH (4001) ...  
INFO  @ Wed, 22 Feb 2023 17:42:55: Thread 0: Calculating ERCC6L2 (5001) ...  
INFO  @ Wed, 22 Feb 2023 17:43:03: Thread 0: Calculating GANC (6001) ...  
INFO  @ Wed, 22 Feb 2023 17:43:12: Thread 0: Calculating HMBS (7001) ...  
INFO  @ Wed, 22 Feb 2023 17:43:20: Thread 0: Calculating KIAA1147 (8001) ...  
INFO  @ Wed, 22 Feb 2023 17:43:28: Thread 0: Calculating MAGOH (9001) ...  
INFO  @ Wed, 22 Feb 2023 17:43:36: Thread 0: Calculating NANOS3 (10001) ...  
INFO  @ Wed, 22 Feb 2023 17:43:45: Thread 0: Calculating PAXIP1 (11001) ...  
INFO  @ Wed, 22 Feb 2023 17:43:53: Thread 0: Calculating PRG4 (12001) ...  
INFO  @ Wed, 22 Feb 2023 17:44:01: Thread 0: Calculating RNF151 (13001) ...  
INFO  @ Wed, 22 Feb 2023 17:44:10: Thread 0: Calculating SLC25A11 (14001) ...  
INFO  @ Wed, 22 Feb 2023 17:44:18: Thread 0: Calculating SUMO4 (15001) ...  
INFO  @ Wed, 22 Feb 2023 17:44:26: Thread 0: Calculating TNKS2 (16001) ...  
INFO  @ Wed, 22 Feb 2023 17:44:34: Thread 0: Calculating WDHD1 (17001) ...  
INFO  @ Wed, 22 Feb 2023 17:44:42: Thread 0: Calculating ZYG11A (18001) ...  
INFO  @ Wed, 22 Feb 2023 17:44:42: Thread 0 completed. 
INFO  @ Wed, 22 Feb 2023 17:44:42: All threads completed. 
INFO  @ Wed, 22 Feb 2023 17:44:47: Assigning p values... 
INFO  @ Wed, 22 Feb 2023 17:44:47: Writing gene results to OMM23.gene_summary.txt 
INFO  @ Wed, 22 Feb 2023 17:44:47: Writing sgRNA results to OMM23.sgrna_summary.txt 
