INFO  @ Wed, 22 Feb 2023 15:21:42: Parameters: /home/alessandro.vinceti/miniconda3/envs/mageckenv/bin/mageck mle -k /group/iorio/Alessandro/David_Adams_analysis/results/921/921_count_norm.tsv -d /group/iorio/Alessandro/David_Adams_analysis/results/921/design_matrix.tsv -n 921 
INFO  @ Wed, 22 Feb 2023 15:21:49: Cannot parse design matrix as a string; try to parse it as a file name ... 
INFO  @ Wed, 22 Feb 2023 15:21:49: Design matrix: 
INFO  @ Wed, 22 Feb 2023 15:21:49: [[1. 0.] 
INFO  @ Wed, 22 Feb 2023 15:21:49:  [1. 1.] 
INFO  @ Wed, 22 Feb 2023 15:21:49:  [1. 1.] 
INFO  @ Wed, 22 Feb 2023 15:21:49:  [1. 1.]] 
INFO  @ Wed, 22 Feb 2023 15:21:49: Beta labels:baseline,921 
INFO  @ Wed, 22 Feb 2023 15:21:49: Included samples:Plasmid,921_c909R1,921_c909R2,921_c909R3 
INFO  @ Wed, 22 Feb 2023 15:21:49: Loaded samples:Plasmid;921_c909R1;921_c909R2;921_c909R3 
INFO  @ Wed, 22 Feb 2023 15:21:49: Sample index: 0;1;2;3 
INFO  @ Wed, 22 Feb 2023 15:21:50: Loaded 18006 genes. 
DEBUG @ Wed, 22 Feb 2023 15:21:50: Initial (total) size factor: 0.9999999999999725 1.0000000000000058 0.9999999999999953 1.0000000000000262 
DEBUG @ Wed, 22 Feb 2023 15:21:50: Median factor: 0.9032076050095472 1.0059587090597935 0.9719675048028457 1.1447455896181036 
INFO  @ Wed, 22 Feb 2023 15:21:50: Final size factor: 0.9032076050095472 1.0059587090597935 0.9719675048028457 1.1447455896181036 
INFO  @ Wed, 22 Feb 2023 15:21:50: size factor: 1.1071651682886678,0.9940765868358924,1.0288409798255966,0.8735565431037023 
INFO  @ Wed, 22 Feb 2023 15:21:51: Thread 0 started. 
INFO  @ Wed, 22 Feb 2023 15:21:51: Thread 0: total 1 instances. 
INFO  @ Wed, 22 Feb 2023 15:21:51: Thread 0 completed. 
INFO  @ Wed, 22 Feb 2023 15:21:51: All threads completed. 
INFO  @ Wed, 22 Feb 2023 15:21:51: Modeling the mean and variance ... 
INFO  @ Wed, 22 Feb 2023 15:21:51: Run the algorithm for the second time ... 
INFO  @ Wed, 22 Feb 2023 15:21:51: Thread 0 started. 
INFO  @ Wed, 22 Feb 2023 15:21:51: Thread 0: total 18006 instances. 
INFO  @ Wed, 22 Feb 2023 15:21:51: Thread 0: Calculating A1CF (1) ...  
INFO  @ Wed, 22 Feb 2023 15:21:55: Thread 0: Calculating ARNT2 (1001) ...  
INFO  @ Wed, 22 Feb 2023 15:21:59: Thread 0: Calculating C2orf44 (2001) ...  
INFO  @ Wed, 22 Feb 2023 15:22:04: Thread 0: Calculating CERS6 (3001) ...  
INFO  @ Wed, 22 Feb 2023 15:22:08: Thread 0: Calculating DBH (4001) ...  
INFO  @ Wed, 22 Feb 2023 15:22:12: Thread 0: Calculating ERCC6L2 (5001) ...  
INFO  @ Wed, 22 Feb 2023 15:22:17: Thread 0: Calculating GANC (6001) ...  
INFO  @ Wed, 22 Feb 2023 15:22:21: Thread 0: Calculating HMBS (7001) ...  
INFO  @ Wed, 22 Feb 2023 15:22:25: Thread 0: Calculating KIAA1147 (8001) ...  
INFO  @ Wed, 22 Feb 2023 15:22:29: Thread 0: Calculating MAGOH (9001) ...  
INFO  @ Wed, 22 Feb 2023 15:22:34: Thread 0: Calculating NANOS3 (10001) ...  
INFO  @ Wed, 22 Feb 2023 15:22:38: Thread 0: Calculating PAXIP1 (11001) ...  
INFO  @ Wed, 22 Feb 2023 15:22:42: Thread 0: Calculating PRG4 (12001) ...  
INFO  @ Wed, 22 Feb 2023 15:22:46: Thread 0: Calculating RNF151 (13001) ...  
INFO  @ Wed, 22 Feb 2023 15:22:51: Thread 0: Calculating SLC25A11 (14001) ...  
INFO  @ Wed, 22 Feb 2023 15:22:55: Thread 0: Calculating SUMO4 (15001) ...  
INFO  @ Wed, 22 Feb 2023 15:22:59: Thread 0: Calculating TNKS2 (16001) ...  
INFO  @ Wed, 22 Feb 2023 15:23:04: Thread 0: Calculating WDHD1 (17001) ...  
INFO  @ Wed, 22 Feb 2023 15:23:08: Thread 0: Calculating ZYG11A (18001) ...  
INFO  @ Wed, 22 Feb 2023 15:23:08: Thread 0 completed. 
INFO  @ Wed, 22 Feb 2023 15:23:08: All threads completed. 
INFO  @ Wed, 22 Feb 2023 15:23:10: Permuting groups of gene with 1 sgRNAs per gene. Group progress: 1/22 
INFO  @ Wed, 22 Feb 2023 15:23:10: Start permuting 2 rounds ... 
INFO  @ Wed, 22 Feb 2023 15:23:11: Collecting 90025 sgRNAs from 18006 genes. 
INFO  @ Wed, 22 Feb 2023 15:23:12: Permuting round 0 ... 
INFO  @ Wed, 22 Feb 2023 15:23:12: Thread 0 started. 
INFO  @ Wed, 22 Feb 2023 15:23:12: Thread 0: total 18006 instances. 
INFO  @ Wed, 22 Feb 2023 15:23:12: Thread 0: Calculating A1CF (1) ...  
INFO  @ Wed, 22 Feb 2023 15:23:15: Thread 0: Calculating ARNT2 (1001) ...  
INFO  @ Wed, 22 Feb 2023 15:23:17: Thread 0: Calculating C2orf44 (2001) ...  
INFO  @ Wed, 22 Feb 2023 15:23:19: Thread 0: Calculating CERS6 (3001) ...  
INFO  @ Wed, 22 Feb 2023 15:23:21: Thread 0: Calculating DBH (4001) ...  
INFO  @ Wed, 22 Feb 2023 15:23:23: Thread 0: Calculating ERCC6L2 (5001) ...  
INFO  @ Wed, 22 Feb 2023 15:23:26: Thread 0: Calculating GANC (6001) ...  
INFO  @ Wed, 22 Feb 2023 15:23:28: Thread 0: Calculating HMBS (7001) ...  
INFO  @ Wed, 22 Feb 2023 15:23:30: Thread 0: Calculating KIAA1147 (8001) ...  
INFO  @ Wed, 22 Feb 2023 15:23:32: Thread 0: Calculating MAGOH (9001) ...  
INFO  @ Wed, 22 Feb 2023 15:23:35: Thread 0: Calculating NANOS3 (10001) ...  
INFO  @ Wed, 22 Feb 2023 15:23:37: Thread 0: Calculating PAXIP1 (11001) ...  
INFO  @ Wed, 22 Feb 2023 15:23:39: Thread 0: Calculating PRG4 (12001) ...  
INFO  @ Wed, 22 Feb 2023 15:23:41: Thread 0: Calculating RNF151 (13001) ...  
INFO  @ Wed, 22 Feb 2023 15:23:43: Thread 0: Calculating SLC25A11 (14001) ...  
INFO  @ Wed, 22 Feb 2023 15:23:46: Thread 0: Calculating SUMO4 (15001) ...  
INFO  @ Wed, 22 Feb 2023 15:23:48: Thread 0: Calculating TNKS2 (16001) ...  
INFO  @ Wed, 22 Feb 2023 15:23:50: Thread 0: Calculating WDHD1 (17001) ...  
INFO  @ Wed, 22 Feb 2023 15:23:53: Thread 0: Calculating ZYG11A (18001) ...  
INFO  @ Wed, 22 Feb 2023 15:23:53: Thread 0 completed. 
INFO  @ Wed, 22 Feb 2023 15:23:53: All threads completed. 
INFO  @ Wed, 22 Feb 2023 15:23:55: Permuting round 1 ... 
INFO  @ Wed, 22 Feb 2023 15:23:56: Thread 0 started. 
INFO  @ Wed, 22 Feb 2023 15:23:56: Thread 0: total 18006 instances. 
INFO  @ Wed, 22 Feb 2023 15:23:56: Thread 0: Calculating A1CF (1) ...  
INFO  @ Wed, 22 Feb 2023 15:23:58: Thread 0: Calculating ARNT2 (1001) ...  
INFO  @ Wed, 22 Feb 2023 15:24:00: Thread 0: Calculating C2orf44 (2001) ...  
INFO  @ Wed, 22 Feb 2023 15:24:03: Thread 0: Calculating CERS6 (3001) ...  
INFO  @ Wed, 22 Feb 2023 15:24:05: Thread 0: Calculating DBH (4001) ...  
INFO  @ Wed, 22 Feb 2023 15:24:07: Thread 0: Calculating ERCC6L2 (5001) ...  
INFO  @ Wed, 22 Feb 2023 15:24:09: Thread 0: Calculating GANC (6001) ...  
INFO  @ Wed, 22 Feb 2023 15:24:11: Thread 0: Calculating HMBS (7001) ...  
INFO  @ Wed, 22 Feb 2023 15:24:14: Thread 0: Calculating KIAA1147 (8001) ...  
INFO  @ Wed, 22 Feb 2023 15:24:16: Thread 0: Calculating MAGOH (9001) ...  
INFO  @ Wed, 22 Feb 2023 15:24:18: Thread 0: Calculating NANOS3 (10001) ...  
INFO  @ Wed, 22 Feb 2023 15:24:20: Thread 0: Calculating PAXIP1 (11001) ...  
INFO  @ Wed, 22 Feb 2023 15:24:23: Thread 0: Calculating PRG4 (12001) ...  
INFO  @ Wed, 22 Feb 2023 15:24:25: Thread 0: Calculating RNF151 (13001) ...  
INFO  @ Wed, 22 Feb 2023 15:24:27: Thread 0: Calculating SLC25A11 (14001) ...  
INFO  @ Wed, 22 Feb 2023 15:24:29: Thread 0: Calculating SUMO4 (15001) ...  
INFO  @ Wed, 22 Feb 2023 15:24:32: Thread 0: Calculating TNKS2 (16001) ...  
INFO  @ Wed, 22 Feb 2023 15:24:34: Thread 0: Calculating WDHD1 (17001) ...  
INFO  @ Wed, 22 Feb 2023 15:24:36: Thread 0: Calculating ZYG11A (18001) ...  
INFO  @ Wed, 22 Feb 2023 15:24:36: Thread 0 completed. 
INFO  @ Wed, 22 Feb 2023 15:24:36: All threads completed. 
INFO  @ Wed, 22 Feb 2023 15:24:39: Assigning p values... 
INFO  @ Wed, 22 Feb 2023 15:24:39: Permuting groups of gene with 2 sgRNAs per gene. Group progress: 2/22 
INFO  @ Wed, 22 Feb 2023 15:24:39: Start permuting 2 rounds ... 
INFO  @ Wed, 22 Feb 2023 15:24:40: Collecting 90025 sgRNAs from 18006 genes. 
INFO  @ Wed, 22 Feb 2023 15:24:41: Permuting round 0 ... 
INFO  @ Wed, 22 Feb 2023 15:24:41: Thread 0 started. 
INFO  @ Wed, 22 Feb 2023 15:24:41: Thread 0: total 18006 instances. 
INFO  @ Wed, 22 Feb 2023 15:24:41: Thread 0: Calculating A1CF (1) ...  
INFO  @ Wed, 22 Feb 2023 15:24:44: Thread 0: Calculating ARNT2 (1001) ...  
INFO  @ Wed, 22 Feb 2023 15:24:47: Thread 0: Calculating C2orf44 (2001) ...  
INFO  @ Wed, 22 Feb 2023 15:24:51: Thread 0: Calculating CERS6 (3001) ...  
INFO  @ Wed, 22 Feb 2023 15:24:54: Thread 0: Calculating DBH (4001) ...  
INFO  @ Wed, 22 Feb 2023 15:24:57: Thread 0: Calculating ERCC6L2 (5001) ...  
INFO  @ Wed, 22 Feb 2023 15:25:00: Thread 0: Calculating GANC (6001) ...  
INFO  @ Wed, 22 Feb 2023 15:25:03: Thread 0: Calculating HMBS (7001) ...  
INFO  @ Wed, 22 Feb 2023 15:25:06: Thread 0: Calculating KIAA1147 (8001) ...  
INFO  @ Wed, 22 Feb 2023 15:25:10: Thread 0: Calculating MAGOH (9001) ...  
INFO  @ Wed, 22 Feb 2023 15:25:13: Thread 0: Calculating NANOS3 (10001) ...  
INFO  @ Wed, 22 Feb 2023 15:25:16: Thread 0: Calculating PAXIP1 (11001) ...  
INFO  @ Wed, 22 Feb 2023 15:25:19: Thread 0: Calculating PRG4 (12001) ...  
INFO  @ Wed, 22 Feb 2023 15:25:22: Thread 0: Calculating RNF151 (13001) ...  
INFO  @ Wed, 22 Feb 2023 15:25:26: Thread 0: Calculating SLC25A11 (14001) ...  
INFO  @ Wed, 22 Feb 2023 15:25:29: Thread 0: Calculating SUMO4 (15001) ...  
INFO  @ Wed, 22 Feb 2023 15:25:32: Thread 0: Calculating TNKS2 (16001) ...  
INFO  @ Wed, 22 Feb 2023 15:25:35: Thread 0: Calculating WDHD1 (17001) ...  
INFO  @ Wed, 22 Feb 2023 15:25:38: Thread 0: Calculating ZYG11A (18001) ...  
INFO  @ Wed, 22 Feb 2023 15:25:38: Thread 0 completed. 
INFO  @ Wed, 22 Feb 2023 15:25:38: All threads completed. 
INFO  @ Wed, 22 Feb 2023 15:25:41: Permuting round 1 ... 
INFO  @ Wed, 22 Feb 2023 15:25:41: Thread 0 started. 
INFO  @ Wed, 22 Feb 2023 15:25:41: Thread 0: total 18006 instances. 
INFO  @ Wed, 22 Feb 2023 15:25:41: Thread 0: Calculating A1CF (1) ...  
INFO  @ Wed, 22 Feb 2023 15:25:45: Thread 0: Calculating ARNT2 (1001) ...  
INFO  @ Wed, 22 Feb 2023 15:25:48: Thread 0: Calculating C2orf44 (2001) ...  
INFO  @ Wed, 22 Feb 2023 15:25:51: Thread 0: Calculating CERS6 (3001) ...  
INFO  @ Wed, 22 Feb 2023 15:25:54: Thread 0: Calculating DBH (4001) ...  
INFO  @ Wed, 22 Feb 2023 15:25:58: Thread 0: Calculating ERCC6L2 (5001) ...  
INFO  @ Wed, 22 Feb 2023 15:26:01: Thread 0: Calculating GANC (6001) ...  
INFO  @ Wed, 22 Feb 2023 15:26:04: Thread 0: Calculating HMBS (7001) ...  
INFO  @ Wed, 22 Feb 2023 15:26:07: Thread 0: Calculating KIAA1147 (8001) ...  
INFO  @ Wed, 22 Feb 2023 15:26:11: Thread 0: Calculating MAGOH (9001) ...  
INFO  @ Wed, 22 Feb 2023 15:26:14: Thread 0: Calculating NANOS3 (10001) ...  
INFO  @ Wed, 22 Feb 2023 15:26:17: Thread 0: Calculating PAXIP1 (11001) ...  
INFO  @ Wed, 22 Feb 2023 15:26:20: Thread 0: Calculating PRG4 (12001) ...  
INFO  @ Wed, 22 Feb 2023 15:26:23: Thread 0: Calculating RNF151 (13001) ...  
INFO  @ Wed, 22 Feb 2023 15:26:27: Thread 0: Calculating SLC25A11 (14001) ...  
INFO  @ Wed, 22 Feb 2023 15:26:30: Thread 0: Calculating SUMO4 (15001) ...  
INFO  @ Wed, 22 Feb 2023 15:26:33: Thread 0: Calculating TNKS2 (16001) ...  
INFO  @ Wed, 22 Feb 2023 15:26:36: Thread 0: Calculating WDHD1 (17001) ...  
INFO  @ Wed, 22 Feb 2023 15:26:40: Thread 0: Calculating ZYG11A (18001) ...  
INFO  @ Wed, 22 Feb 2023 15:26:40: Thread 0 completed. 
INFO  @ Wed, 22 Feb 2023 15:26:40: All threads completed. 
INFO  @ Wed, 22 Feb 2023 15:26:43: Assigning p values... 
INFO  @ Wed, 22 Feb 2023 15:26:43: Permuting groups of gene with 3 sgRNAs per gene. Group progress: 3/22 
INFO  @ Wed, 22 Feb 2023 15:26:43: Start permuting 2 rounds ... 
INFO  @ Wed, 22 Feb 2023 15:26:43: Collecting 90025 sgRNAs from 18006 genes. 
INFO  @ Wed, 22 Feb 2023 15:26:44: Permuting round 0 ... 
INFO  @ Wed, 22 Feb 2023 15:26:44: Thread 0 started. 
INFO  @ Wed, 22 Feb 2023 15:26:44: Thread 0: total 18006 instances. 
INFO  @ Wed, 22 Feb 2023 15:26:44: Thread 0: Calculating A1CF (1) ...  
INFO  @ Wed, 22 Feb 2023 15:26:49: Thread 0: Calculating ARNT2 (1001) ...  
INFO  @ Wed, 22 Feb 2023 15:26:53: Thread 0: Calculating C2orf44 (2001) ...  
INFO  @ Wed, 22 Feb 2023 15:26:57: Thread 0: Calculating CERS6 (3001) ...  
INFO  @ Wed, 22 Feb 2023 15:27:01: Thread 0: Calculating DBH (4001) ...  
INFO  @ Wed, 22 Feb 2023 15:27:05: Thread 0: Calculating ERCC6L2 (5001) ...  
INFO  @ Wed, 22 Feb 2023 15:27:09: Thread 0: Calculating GANC (6001) ...  
INFO  @ Wed, 22 Feb 2023 15:27:13: Thread 0: Calculating HMBS (7001) ...  
INFO  @ Wed, 22 Feb 2023 15:27:18: Thread 0: Calculating KIAA1147 (8001) ...  
INFO  @ Wed, 22 Feb 2023 15:27:22: Thread 0: Calculating MAGOH (9001) ...  
INFO  @ Wed, 22 Feb 2023 15:27:26: Thread 0: Calculating NANOS3 (10001) ...  
INFO  @ Wed, 22 Feb 2023 15:27:30: Thread 0: Calculating PAXIP1 (11001) ...  
INFO  @ Wed, 22 Feb 2023 15:27:35: Thread 0: Calculating PRG4 (12001) ...  
INFO  @ Wed, 22 Feb 2023 15:27:39: Thread 0: Calculating RNF151 (13001) ...  
INFO  @ Wed, 22 Feb 2023 15:27:43: Thread 0: Calculating SLC25A11 (14001) ...  
INFO  @ Wed, 22 Feb 2023 15:27:47: Thread 0: Calculating SUMO4 (15001) ...  
INFO  @ Wed, 22 Feb 2023 15:27:51: Thread 0: Calculating TNKS2 (16001) ...  
INFO  @ Wed, 22 Feb 2023 15:27:55: Thread 0: Calculating WDHD1 (17001) ...  
INFO  @ Wed, 22 Feb 2023 15:27:59: Thread 0: Calculating ZYG11A (18001) ...  
INFO  @ Wed, 22 Feb 2023 15:27:59: Thread 0 completed. 
INFO  @ Wed, 22 Feb 2023 15:27:59: All threads completed. 
INFO  @ Wed, 22 Feb 2023 15:28:02: Permuting round 1 ... 
INFO  @ Wed, 22 Feb 2023 15:28:03: Thread 0 started. 
INFO  @ Wed, 22 Feb 2023 15:28:03: Thread 0: total 18006 instances. 
INFO  @ Wed, 22 Feb 2023 15:28:03: Thread 0: Calculating A1CF (1) ...  
INFO  @ Wed, 22 Feb 2023 15:28:07: Thread 0: Calculating ARNT2 (1001) ...  
INFO  @ Wed, 22 Feb 2023 15:28:11: Thread 0: Calculating C2orf44 (2001) ...  
INFO  @ Wed, 22 Feb 2023 15:28:15: Thread 0: Calculating CERS6 (3001) ...  
INFO  @ Wed, 22 Feb 2023 15:28:19: Thread 0: Calculating DBH (4001) ...  
INFO  @ Wed, 22 Feb 2023 15:28:24: Thread 0: Calculating ERCC6L2 (5001) ...  
INFO  @ Wed, 22 Feb 2023 15:28:28: Thread 0: Calculating GANC (6001) ...  
INFO  @ Wed, 22 Feb 2023 15:28:32: Thread 0: Calculating HMBS (7001) ...  
INFO  @ Wed, 22 Feb 2023 15:28:37: Thread 0: Calculating KIAA1147 (8001) ...  
INFO  @ Wed, 22 Feb 2023 15:28:41: Thread 0: Calculating MAGOH (9001) ...  
INFO  @ Wed, 22 Feb 2023 15:28:45: Thread 0: Calculating NANOS3 (10001) ...  
INFO  @ Wed, 22 Feb 2023 15:28:49: Thread 0: Calculating PAXIP1 (11001) ...  
INFO  @ Wed, 22 Feb 2023 15:28:53: Thread 0: Calculating PRG4 (12001) ...  
INFO  @ Wed, 22 Feb 2023 15:28:57: Thread 0: Calculating RNF151 (13001) ...  
INFO  @ Wed, 22 Feb 2023 15:29:02: Thread 0: Calculating SLC25A11 (14001) ...  
INFO  @ Wed, 22 Feb 2023 15:29:06: Thread 0: Calculating SUMO4 (15001) ...  
INFO  @ Wed, 22 Feb 2023 15:29:10: Thread 0: Calculating TNKS2 (16001) ...  
INFO  @ Wed, 22 Feb 2023 15:29:14: Thread 0: Calculating WDHD1 (17001) ...  
INFO  @ Wed, 22 Feb 2023 15:29:18: Thread 0: Calculating ZYG11A (18001) ...  
INFO  @ Wed, 22 Feb 2023 15:29:18: Thread 0 completed. 
INFO  @ Wed, 22 Feb 2023 15:29:18: All threads completed. 
INFO  @ Wed, 22 Feb 2023 15:29:21: Assigning p values... 
INFO  @ Wed, 22 Feb 2023 15:29:21: Permuting groups of gene with 4 sgRNAs per gene. Group progress: 4/22 
INFO  @ Wed, 22 Feb 2023 15:29:21: Start permuting 2 rounds ... 
INFO  @ Wed, 22 Feb 2023 15:29:22: Collecting 90025 sgRNAs from 18006 genes. 
INFO  @ Wed, 22 Feb 2023 15:29:23: Permuting round 0 ... 
INFO  @ Wed, 22 Feb 2023 15:29:23: Thread 0 started. 
INFO  @ Wed, 22 Feb 2023 15:29:23: Thread 0: total 18006 instances. 
INFO  @ Wed, 22 Feb 2023 15:29:23: Thread 0: Calculating A1CF (1) ...  
INFO  @ Wed, 22 Feb 2023 15:29:28: Thread 0: Calculating ARNT2 (1001) ...  
INFO  @ Wed, 22 Feb 2023 15:29:32: Thread 0: Calculating C2orf44 (2001) ...  
INFO  @ Wed, 22 Feb 2023 15:29:36: Thread 0: Calculating CERS6 (3001) ...  
INFO  @ Wed, 22 Feb 2023 15:29:41: Thread 0: Calculating DBH (4001) ...  
INFO  @ Wed, 22 Feb 2023 15:29:45: Thread 0: Calculating ERCC6L2 (5001) ...  
INFO  @ Wed, 22 Feb 2023 15:29:50: Thread 0: Calculating GANC (6001) ...  
INFO  @ Wed, 22 Feb 2023 15:29:54: Thread 0: Calculating HMBS (7001) ...  
INFO  @ Wed, 22 Feb 2023 15:29:59: Thread 0: Calculating KIAA1147 (8001) ...  
INFO  @ Wed, 22 Feb 2023 15:30:03: Thread 0: Calculating MAGOH (9001) ...  
INFO  @ Wed, 22 Feb 2023 15:30:07: Thread 0: Calculating NANOS3 (10001) ...  
INFO  @ Wed, 22 Feb 2023 15:30:12: Thread 0: Calculating PAXIP1 (11001) ...  
INFO  @ Wed, 22 Feb 2023 15:30:17: Thread 0: Calculating PRG4 (12001) ...  
INFO  @ Wed, 22 Feb 2023 15:30:21: Thread 0: Calculating RNF151 (13001) ...  
INFO  @ Wed, 22 Feb 2023 15:30:25: Thread 0: Calculating SLC25A11 (14001) ...  
INFO  @ Wed, 22 Feb 2023 15:30:30: Thread 0: Calculating SUMO4 (15001) ...  
INFO  @ Wed, 22 Feb 2023 15:30:34: Thread 0: Calculating TNKS2 (16001) ...  
INFO  @ Wed, 22 Feb 2023 15:30:39: Thread 0: Calculating WDHD1 (17001) ...  
INFO  @ Wed, 22 Feb 2023 15:30:43: Thread 0: Calculating ZYG11A (18001) ...  
INFO  @ Wed, 22 Feb 2023 15:30:43: Thread 0 completed. 
INFO  @ Wed, 22 Feb 2023 15:30:43: All threads completed. 
INFO  @ Wed, 22 Feb 2023 15:30:46: Permuting round 1 ... 
INFO  @ Wed, 22 Feb 2023 15:30:46: Thread 0 started. 
INFO  @ Wed, 22 Feb 2023 15:30:46: Thread 0: total 18006 instances. 
INFO  @ Wed, 22 Feb 2023 15:30:46: Thread 0: Calculating A1CF (1) ...  
INFO  @ Wed, 22 Feb 2023 15:30:51: Thread 0: Calculating ARNT2 (1001) ...  
INFO  @ Wed, 22 Feb 2023 15:30:55: Thread 0: Calculating C2orf44 (2001) ...  
INFO  @ Wed, 22 Feb 2023 15:31:00: Thread 0: Calculating CERS6 (3001) ...  
INFO  @ Wed, 22 Feb 2023 15:31:04: Thread 0: Calculating DBH (4001) ...  
INFO  @ Wed, 22 Feb 2023 15:31:09: Thread 0: Calculating ERCC6L2 (5001) ...  
INFO  @ Wed, 22 Feb 2023 15:31:13: Thread 0: Calculating GANC (6001) ...  
INFO  @ Wed, 22 Feb 2023 15:31:18: Thread 0: Calculating HMBS (7001) ...  
INFO  @ Wed, 22 Feb 2023 15:31:22: Thread 0: Calculating KIAA1147 (8001) ...  
INFO  @ Wed, 22 Feb 2023 15:31:27: Thread 0: Calculating MAGOH (9001) ...  
INFO  @ Wed, 22 Feb 2023 15:31:31: Thread 0: Calculating NANOS3 (10001) ...  
INFO  @ Wed, 22 Feb 2023 15:31:36: Thread 0: Calculating PAXIP1 (11001) ...  
INFO  @ Wed, 22 Feb 2023 15:31:41: Thread 0: Calculating PRG4 (12001) ...  
INFO  @ Wed, 22 Feb 2023 15:31:45: Thread 0: Calculating RNF151 (13001) ...  
INFO  @ Wed, 22 Feb 2023 15:31:49: Thread 0: Calculating SLC25A11 (14001) ...  
INFO  @ Wed, 22 Feb 2023 15:31:54: Thread 0: Calculating SUMO4 (15001) ...  
INFO  @ Wed, 22 Feb 2023 15:31:58: Thread 0: Calculating TNKS2 (16001) ...  
INFO  @ Wed, 22 Feb 2023 15:32:03: Thread 0: Calculating WDHD1 (17001) ...  
INFO  @ Wed, 22 Feb 2023 15:32:07: Thread 0: Calculating ZYG11A (18001) ...  
INFO  @ Wed, 22 Feb 2023 15:32:07: Thread 0 completed. 
INFO  @ Wed, 22 Feb 2023 15:32:07: All threads completed. 
INFO  @ Wed, 22 Feb 2023 15:32:10: Assigning p values... 
INFO  @ Wed, 22 Feb 2023 15:32:11: Permuting groups of gene with 5 sgRNAs per gene. Group progress: 5/22 
INFO  @ Wed, 22 Feb 2023 15:32:11: Start permuting 2 rounds ... 
INFO  @ Wed, 22 Feb 2023 15:32:11: Collecting 90025 sgRNAs from 18006 genes. 
INFO  @ Wed, 22 Feb 2023 15:32:12: Permuting round 0 ... 
INFO  @ Wed, 22 Feb 2023 15:32:12: Thread 0 started. 
INFO  @ Wed, 22 Feb 2023 15:32:12: Thread 0: total 18006 instances. 
INFO  @ Wed, 22 Feb 2023 15:32:12: Thread 0: Calculating A1CF (1) ...  
INFO  @ Wed, 22 Feb 2023 15:32:17: Thread 0: Calculating ARNT2 (1001) ...  
INFO  @ Wed, 22 Feb 2023 15:32:22: Thread 0: Calculating C2orf44 (2001) ...  
INFO  @ Wed, 22 Feb 2023 15:32:26: Thread 0: Calculating CERS6 (3001) ...  
INFO  @ Wed, 22 Feb 2023 15:32:31: Thread 0: Calculating DBH (4001) ...  
INFO  @ Wed, 22 Feb 2023 15:32:36: Thread 0: Calculating ERCC6L2 (5001) ...  
INFO  @ Wed, 22 Feb 2023 15:32:40: Thread 0: Calculating GANC (6001) ...  
INFO  @ Wed, 22 Feb 2023 15:32:45: Thread 0: Calculating HMBS (7001) ...  
INFO  @ Wed, 22 Feb 2023 15:32:50: Thread 0: Calculating KIAA1147 (8001) ...  
INFO  @ Wed, 22 Feb 2023 15:32:55: Thread 0: Calculating MAGOH (9001) ...  
INFO  @ Wed, 22 Feb 2023 15:32:59: Thread 0: Calculating NANOS3 (10001) ...  
INFO  @ Wed, 22 Feb 2023 15:33:04: Thread 0: Calculating PAXIP1 (11001) ...  
INFO  @ Wed, 22 Feb 2023 15:33:09: Thread 0: Calculating PRG4 (12001) ...  
INFO  @ Wed, 22 Feb 2023 15:33:13: Thread 0: Calculating RNF151 (13001) ...  
INFO  @ Wed, 22 Feb 2023 15:33:18: Thread 0: Calculating SLC25A11 (14001) ...  
INFO  @ Wed, 22 Feb 2023 15:33:22: Thread 0: Calculating SUMO4 (15001) ...  
INFO  @ Wed, 22 Feb 2023 15:33:27: Thread 0: Calculating TNKS2 (16001) ...  
INFO  @ Wed, 22 Feb 2023 15:33:32: Thread 0: Calculating WDHD1 (17001) ...  
INFO  @ Wed, 22 Feb 2023 15:33:36: Thread 0: Calculating ZYG11A (18001) ...  
INFO  @ Wed, 22 Feb 2023 15:33:36: Thread 0 completed. 
INFO  @ Wed, 22 Feb 2023 15:33:36: All threads completed. 
INFO  @ Wed, 22 Feb 2023 15:33:39: Permuting round 1 ... 
INFO  @ Wed, 22 Feb 2023 15:33:40: Thread 0 started. 
INFO  @ Wed, 22 Feb 2023 15:33:40: Thread 0: total 18006 instances. 
INFO  @ Wed, 22 Feb 2023 15:33:40: Thread 0: Calculating A1CF (1) ...  
INFO  @ Wed, 22 Feb 2023 15:33:44: Thread 0: Calculating ARNT2 (1001) ...  
INFO  @ Wed, 22 Feb 2023 15:33:49: Thread 0: Calculating C2orf44 (2001) ...  
INFO  @ Wed, 22 Feb 2023 15:33:54: Thread 0: Calculating CERS6 (3001) ...  
INFO  @ Wed, 22 Feb 2023 15:33:59: Thread 0: Calculating DBH (4001) ...  
INFO  @ Wed, 22 Feb 2023 15:34:03: Thread 0: Calculating ERCC6L2 (5001) ...  
INFO  @ Wed, 22 Feb 2023 15:34:08: Thread 0: Calculating GANC (6001) ...  
INFO  @ Wed, 22 Feb 2023 15:34:13: Thread 0: Calculating HMBS (7001) ...  
INFO  @ Wed, 22 Feb 2023 15:34:17: Thread 0: Calculating KIAA1147 (8001) ...  
INFO  @ Wed, 22 Feb 2023 15:34:22: Thread 0: Calculating MAGOH (9001) ...  
INFO  @ Wed, 22 Feb 2023 15:34:27: Thread 0: Calculating NANOS3 (10001) ...  
INFO  @ Wed, 22 Feb 2023 15:34:31: Thread 0: Calculating PAXIP1 (11001) ...  
INFO  @ Wed, 22 Feb 2023 15:34:36: Thread 0: Calculating PRG4 (12001) ...  
INFO  @ Wed, 22 Feb 2023 15:34:41: Thread 0: Calculating RNF151 (13001) ...  
INFO  @ Wed, 22 Feb 2023 15:34:45: Thread 0: Calculating SLC25A11 (14001) ...  
INFO  @ Wed, 22 Feb 2023 15:34:50: Thread 0: Calculating SUMO4 (15001) ...  
INFO  @ Wed, 22 Feb 2023 15:34:55: Thread 0: Calculating TNKS2 (16001) ...  
INFO  @ Wed, 22 Feb 2023 15:35:00: Thread 0: Calculating WDHD1 (17001) ...  
INFO  @ Wed, 22 Feb 2023 15:35:04: Thread 0: Calculating ZYG11A (18001) ...  
INFO  @ Wed, 22 Feb 2023 15:35:04: Thread 0 completed. 
INFO  @ Wed, 22 Feb 2023 15:35:04: All threads completed. 
INFO  @ Wed, 22 Feb 2023 15:35:07: Assigning p values... 
INFO  @ Wed, 22 Feb 2023 15:35:09: Permuting groups of gene with 6 sgRNAs per gene. Group progress: 6/22 
INFO  @ Wed, 22 Feb 2023 15:35:09: Start permuting 2 rounds ... 
INFO  @ Wed, 22 Feb 2023 15:35:09: Collecting 90025 sgRNAs from 18006 genes. 
INFO  @ Wed, 22 Feb 2023 15:35:10: Permuting round 0 ... 
INFO  @ Wed, 22 Feb 2023 15:35:10: Thread 0 started. 
INFO  @ Wed, 22 Feb 2023 15:35:10: Thread 0: total 18006 instances. 
INFO  @ Wed, 22 Feb 2023 15:35:11: Thread 0: Calculating A1CF (1) ...  
INFO  @ Wed, 22 Feb 2023 15:35:16: Thread 0: Calculating ARNT2 (1001) ...  
INFO  @ Wed, 22 Feb 2023 15:35:20: Thread 0: Calculating C2orf44 (2001) ...  
INFO  @ Wed, 22 Feb 2023 15:35:25: Thread 0: Calculating CERS6 (3001) ...  
INFO  @ Wed, 22 Feb 2023 15:35:30: Thread 0: Calculating DBH (4001) ...  
INFO  @ Wed, 22 Feb 2023 15:35:35: Thread 0: Calculating ERCC6L2 (5001) ...  
INFO  @ Wed, 22 Feb 2023 15:35:40: Thread 0: Calculating GANC (6001) ...  
INFO  @ Wed, 22 Feb 2023 15:35:45: Thread 0: Calculating HMBS (7001) ...  
INFO  @ Wed, 22 Feb 2023 15:35:49: Thread 0: Calculating KIAA1147 (8001) ...  
INFO  @ Wed, 22 Feb 2023 15:35:54: Thread 0: Calculating MAGOH (9001) ...  
INFO  @ Wed, 22 Feb 2023 15:35:59: Thread 0: Calculating NANOS3 (10001) ...  
INFO  @ Wed, 22 Feb 2023 15:36:04: Thread 0: Calculating PAXIP1 (11001) ...  
INFO  @ Wed, 22 Feb 2023 15:36:09: Thread 0: Calculating PRG4 (12001) ...  
INFO  @ Wed, 22 Feb 2023 15:36:14: Thread 0: Calculating RNF151 (13001) ...  
INFO  @ Wed, 22 Feb 2023 15:36:19: Thread 0: Calculating SLC25A11 (14001) ...  
INFO  @ Wed, 22 Feb 2023 15:36:24: Thread 0: Calculating SUMO4 (15001) ...  
INFO  @ Wed, 22 Feb 2023 15:36:29: Thread 0: Calculating TNKS2 (16001) ...  
INFO  @ Wed, 22 Feb 2023 15:36:34: Thread 0: Calculating WDHD1 (17001) ...  
INFO  @ Wed, 22 Feb 2023 15:36:38: Thread 0: Calculating ZYG11A (18001) ...  
INFO  @ Wed, 22 Feb 2023 15:36:38: Thread 0 completed. 
INFO  @ Wed, 22 Feb 2023 15:36:38: All threads completed. 
INFO  @ Wed, 22 Feb 2023 15:36:42: Permuting round 1 ... 
INFO  @ Wed, 22 Feb 2023 15:36:42: Thread 0 started. 
INFO  @ Wed, 22 Feb 2023 15:36:42: Thread 0: total 18006 instances. 
INFO  @ Wed, 22 Feb 2023 15:36:42: Thread 0: Calculating A1CF (1) ...  
INFO  @ Wed, 22 Feb 2023 15:36:47: Thread 0: Calculating ARNT2 (1001) ...  
INFO  @ Wed, 22 Feb 2023 15:36:52: Thread 0: Calculating C2orf44 (2001) ...  
INFO  @ Wed, 22 Feb 2023 15:36:57: Thread 0: Calculating CERS6 (3001) ...  
INFO  @ Wed, 22 Feb 2023 15:37:02: Thread 0: Calculating DBH (4001) ...  
INFO  @ Wed, 22 Feb 2023 15:37:07: Thread 0: Calculating ERCC6L2 (5001) ...  
INFO  @ Wed, 22 Feb 2023 15:37:12: Thread 0: Calculating GANC (6001) ...  
INFO  @ Wed, 22 Feb 2023 15:37:16: Thread 0: Calculating HMBS (7001) ...  
INFO  @ Wed, 22 Feb 2023 15:37:21: Thread 0: Calculating KIAA1147 (8001) ...  
INFO  @ Wed, 22 Feb 2023 15:37:26: Thread 0: Calculating MAGOH (9001) ...  
INFO  @ Wed, 22 Feb 2023 15:37:31: Thread 0: Calculating NANOS3 (10001) ...  
INFO  @ Wed, 22 Feb 2023 15:37:36: Thread 0: Calculating PAXIP1 (11001) ...  
INFO  @ Wed, 22 Feb 2023 15:37:41: Thread 0: Calculating PRG4 (12001) ...  
INFO  @ Wed, 22 Feb 2023 15:37:46: Thread 0: Calculating RNF151 (13001) ...  
INFO  @ Wed, 22 Feb 2023 15:37:51: Thread 0: Calculating SLC25A11 (14001) ...  
INFO  @ Wed, 22 Feb 2023 15:37:56: Thread 0: Calculating SUMO4 (15001) ...  
INFO  @ Wed, 22 Feb 2023 15:38:01: Thread 0: Calculating TNKS2 (16001) ...  
INFO  @ Wed, 22 Feb 2023 15:38:06: Thread 0: Calculating WDHD1 (17001) ...  
INFO  @ Wed, 22 Feb 2023 15:38:11: Thread 0: Calculating ZYG11A (18001) ...  
INFO  @ Wed, 22 Feb 2023 15:38:11: Thread 0 completed. 
INFO  @ Wed, 22 Feb 2023 15:38:11: All threads completed. 
INFO  @ Wed, 22 Feb 2023 15:38:14: Assigning p values... 
INFO  @ Wed, 22 Feb 2023 15:38:14: Permuting groups of gene with 7 sgRNAs per gene. Group progress: 7/22 
INFO  @ Wed, 22 Feb 2023 15:38:14: Start permuting 2 rounds ... 
INFO  @ Wed, 22 Feb 2023 15:38:15: Collecting 90025 sgRNAs from 18006 genes. 
INFO  @ Wed, 22 Feb 2023 15:38:16: Permuting round 0 ... 
INFO  @ Wed, 22 Feb 2023 15:38:16: Thread 0 started. 
INFO  @ Wed, 22 Feb 2023 15:38:16: Thread 0: total 18006 instances. 
INFO  @ Wed, 22 Feb 2023 15:38:16: Thread 0: Calculating A1CF (1) ...  
INFO  @ Wed, 22 Feb 2023 15:38:21: Thread 0: Calculating ARNT2 (1001) ...  
INFO  @ Wed, 22 Feb 2023 15:38:26: Thread 0: Calculating C2orf44 (2001) ...  
INFO  @ Wed, 22 Feb 2023 15:38:31: Thread 0: Calculating CERS6 (3001) ...  
INFO  @ Wed, 22 Feb 2023 15:38:36: Thread 0: Calculating DBH (4001) ...  
INFO  @ Wed, 22 Feb 2023 15:38:41: Thread 0: Calculating ERCC6L2 (5001) ...  
INFO  @ Wed, 22 Feb 2023 15:38:46: Thread 0: Calculating GANC (6001) ...  
INFO  @ Wed, 22 Feb 2023 15:38:51: Thread 0: Calculating HMBS (7001) ...  
INFO  @ Wed, 22 Feb 2023 15:38:56: Thread 0: Calculating KIAA1147 (8001) ...  
INFO  @ Wed, 22 Feb 2023 15:39:01: Thread 0: Calculating MAGOH (9001) ...  
INFO  @ Wed, 22 Feb 2023 15:39:06: Thread 0: Calculating NANOS3 (10001) ...  
INFO  @ Wed, 22 Feb 2023 15:39:11: Thread 0: Calculating PAXIP1 (11001) ...  
INFO  @ Wed, 22 Feb 2023 15:39:17: Thread 0: Calculating PRG4 (12001) ...  
INFO  @ Wed, 22 Feb 2023 15:39:22: Thread 0: Calculating RNF151 (13001) ...  
INFO  @ Wed, 22 Feb 2023 15:39:27: Thread 0: Calculating SLC25A11 (14001) ...  
INFO  @ Wed, 22 Feb 2023 15:39:32: Thread 0: Calculating SUMO4 (15001) ...  
INFO  @ Wed, 22 Feb 2023 15:39:37: Thread 0: Calculating TNKS2 (16001) ...  
INFO  @ Wed, 22 Feb 2023 15:39:42: Thread 0: Calculating WDHD1 (17001) ...  
INFO  @ Wed, 22 Feb 2023 15:39:47: Thread 0: Calculating ZYG11A (18001) ...  
INFO  @ Wed, 22 Feb 2023 15:39:47: Thread 0 completed. 
INFO  @ Wed, 22 Feb 2023 15:39:47: All threads completed. 
INFO  @ Wed, 22 Feb 2023 15:39:50: Permuting round 1 ... 
INFO  @ Wed, 22 Feb 2023 15:39:50: Thread 0 started. 
INFO  @ Wed, 22 Feb 2023 15:39:50: Thread 0: total 18006 instances. 
INFO  @ Wed, 22 Feb 2023 15:39:50: Thread 0: Calculating A1CF (1) ...  
INFO  @ Wed, 22 Feb 2023 15:39:55: Thread 0: Calculating ARNT2 (1001) ...  
INFO  @ Wed, 22 Feb 2023 15:40:01: Thread 0: Calculating C2orf44 (2001) ...  
INFO  @ Wed, 22 Feb 2023 15:40:06: Thread 0: Calculating CERS6 (3001) ...  
INFO  @ Wed, 22 Feb 2023 15:40:11: Thread 0: Calculating DBH (4001) ...  
INFO  @ Wed, 22 Feb 2023 15:40:16: Thread 0: Calculating ERCC6L2 (5001) ...  
INFO  @ Wed, 22 Feb 2023 15:40:21: Thread 0: Calculating GANC (6001) ...  
INFO  @ Wed, 22 Feb 2023 15:40:26: Thread 0: Calculating HMBS (7001) ...  
INFO  @ Wed, 22 Feb 2023 15:40:31: Thread 0: Calculating KIAA1147 (8001) ...  
INFO  @ Wed, 22 Feb 2023 15:40:36: Thread 0: Calculating MAGOH (9001) ...  
INFO  @ Wed, 22 Feb 2023 15:40:41: Thread 0: Calculating NANOS3 (10001) ...  
INFO  @ Wed, 22 Feb 2023 15:40:46: Thread 0: Calculating PAXIP1 (11001) ...  
INFO  @ Wed, 22 Feb 2023 15:40:51: Thread 0: Calculating PRG4 (12001) ...  
INFO  @ Wed, 22 Feb 2023 15:40:56: Thread 0: Calculating RNF151 (13001) ...  
INFO  @ Wed, 22 Feb 2023 15:41:01: Thread 0: Calculating SLC25A11 (14001) ...  
INFO  @ Wed, 22 Feb 2023 15:41:06: Thread 0: Calculating SUMO4 (15001) ...  
INFO  @ Wed, 22 Feb 2023 15:41:12: Thread 0: Calculating TNKS2 (16001) ...  
INFO  @ Wed, 22 Feb 2023 15:41:17: Thread 0: Calculating WDHD1 (17001) ...  
INFO  @ Wed, 22 Feb 2023 15:41:22: Thread 0: Calculating ZYG11A (18001) ...  
INFO  @ Wed, 22 Feb 2023 15:41:22: Thread 0 completed. 
INFO  @ Wed, 22 Feb 2023 15:41:22: All threads completed. 
INFO  @ Wed, 22 Feb 2023 15:41:25: Assigning p values... 
INFO  @ Wed, 22 Feb 2023 15:41:25: Permuting groups of gene with 8 sgRNAs per gene. Group progress: 8/22 
INFO  @ Wed, 22 Feb 2023 15:41:25: Start permuting 2 rounds ... 
INFO  @ Wed, 22 Feb 2023 15:41:26: Collecting 90025 sgRNAs from 18006 genes. 
INFO  @ Wed, 22 Feb 2023 15:41:27: Permuting round 0 ... 
INFO  @ Wed, 22 Feb 2023 15:41:27: Thread 0 started. 
INFO  @ Wed, 22 Feb 2023 15:41:27: Thread 0: total 18006 instances. 
INFO  @ Wed, 22 Feb 2023 15:41:27: Thread 0: Calculating A1CF (1) ...  
INFO  @ Wed, 22 Feb 2023 15:41:33: Thread 0: Calculating ARNT2 (1001) ...  
INFO  @ Wed, 22 Feb 2023 15:41:38: Thread 0: Calculating C2orf44 (2001) ...  
INFO  @ Wed, 22 Feb 2023 15:41:43: Thread 0: Calculating CERS6 (3001) ...  
INFO  @ Wed, 22 Feb 2023 15:41:48: Thread 0: Calculating DBH (4001) ...  
INFO  @ Wed, 22 Feb 2023 15:41:53: Thread 0: Calculating ERCC6L2 (5001) ...  
INFO  @ Wed, 22 Feb 2023 15:41:58: Thread 0: Calculating GANC (6001) ...  
INFO  @ Wed, 22 Feb 2023 15:42:04: Thread 0: Calculating HMBS (7001) ...  
INFO  @ Wed, 22 Feb 2023 15:42:09: Thread 0: Calculating KIAA1147 (8001) ...  
INFO  @ Wed, 22 Feb 2023 15:42:14: Thread 0: Calculating MAGOH (9001) ...  
INFO  @ Wed, 22 Feb 2023 15:42:19: Thread 0: Calculating NANOS3 (10001) ...  
INFO  @ Wed, 22 Feb 2023 15:42:25: Thread 0: Calculating PAXIP1 (11001) ...  
INFO  @ Wed, 22 Feb 2023 15:42:30: Thread 0: Calculating PRG4 (12001) ...  
INFO  @ Wed, 22 Feb 2023 15:42:35: Thread 0: Calculating RNF151 (13001) ...  
INFO  @ Wed, 22 Feb 2023 15:42:40: Thread 0: Calculating SLC25A11 (14001) ...  
INFO  @ Wed, 22 Feb 2023 15:42:45: Thread 0: Calculating SUMO4 (15001) ...  
INFO  @ Wed, 22 Feb 2023 15:42:50: Thread 0: Calculating TNKS2 (16001) ...  
INFO  @ Wed, 22 Feb 2023 15:42:56: Thread 0: Calculating WDHD1 (17001) ...  
INFO  @ Wed, 22 Feb 2023 15:43:01: Thread 0: Calculating ZYG11A (18001) ...  
INFO  @ Wed, 22 Feb 2023 15:43:01: Thread 0 completed. 
INFO  @ Wed, 22 Feb 2023 15:43:01: All threads completed. 
INFO  @ Wed, 22 Feb 2023 15:43:04: Permuting round 1 ... 
INFO  @ Wed, 22 Feb 2023 15:43:04: Thread 0 started. 
INFO  @ Wed, 22 Feb 2023 15:43:04: Thread 0: total 18006 instances. 
INFO  @ Wed, 22 Feb 2023 15:43:04: Thread 0: Calculating A1CF (1) ...  
INFO  @ Wed, 22 Feb 2023 15:43:10: Thread 0: Calculating ARNT2 (1001) ...  
INFO  @ Wed, 22 Feb 2023 15:43:15: Thread 0: Calculating C2orf44 (2001) ...  
INFO  @ Wed, 22 Feb 2023 15:43:20: Thread 0: Calculating CERS6 (3001) ...  
INFO  @ Wed, 22 Feb 2023 15:43:25: Thread 0: Calculating DBH (4001) ...  
INFO  @ Wed, 22 Feb 2023 15:43:31: Thread 0: Calculating ERCC6L2 (5001) ...  
INFO  @ Wed, 22 Feb 2023 15:43:36: Thread 0: Calculating GANC (6001) ...  
INFO  @ Wed, 22 Feb 2023 15:43:41: Thread 0: Calculating HMBS (7001) ...  
INFO  @ Wed, 22 Feb 2023 15:43:47: Thread 0: Calculating KIAA1147 (8001) ...  
INFO  @ Wed, 22 Feb 2023 15:43:52: Thread 0: Calculating MAGOH (9001) ...  
INFO  @ Wed, 22 Feb 2023 15:43:57: Thread 0: Calculating NANOS3 (10001) ...  
INFO  @ Wed, 22 Feb 2023 15:44:02: Thread 0: Calculating PAXIP1 (11001) ...  
INFO  @ Wed, 22 Feb 2023 15:44:08: Thread 0: Calculating PRG4 (12001) ...  
INFO  @ Wed, 22 Feb 2023 15:44:13: Thread 0: Calculating RNF151 (13001) ...  
INFO  @ Wed, 22 Feb 2023 15:44:18: Thread 0: Calculating SLC25A11 (14001) ...  
INFO  @ Wed, 22 Feb 2023 15:44:23: Thread 0: Calculating SUMO4 (15001) ...  
INFO  @ Wed, 22 Feb 2023 15:44:29: Thread 0: Calculating TNKS2 (16001) ...  
INFO  @ Wed, 22 Feb 2023 15:44:34: Thread 0: Calculating WDHD1 (17001) ...  
INFO  @ Wed, 22 Feb 2023 15:44:39: Thread 0: Calculating ZYG11A (18001) ...  
INFO  @ Wed, 22 Feb 2023 15:44:39: Thread 0 completed. 
INFO  @ Wed, 22 Feb 2023 15:44:39: All threads completed. 
INFO  @ Wed, 22 Feb 2023 15:44:43: Assigning p values... 
INFO  @ Wed, 22 Feb 2023 15:44:43: Permuting groups of gene with 9 sgRNAs per gene. Group progress: 9/22 
INFO  @ Wed, 22 Feb 2023 15:44:43: Start permuting 2 rounds ... 
INFO  @ Wed, 22 Feb 2023 15:44:43: Collecting 90025 sgRNAs from 18006 genes. 
INFO  @ Wed, 22 Feb 2023 15:44:44: Permuting round 0 ... 
INFO  @ Wed, 22 Feb 2023 15:44:45: Thread 0 started. 
INFO  @ Wed, 22 Feb 2023 15:44:45: Thread 0: total 18006 instances. 
INFO  @ Wed, 22 Feb 2023 15:44:45: Thread 0: Calculating A1CF (1) ...  
INFO  @ Wed, 22 Feb 2023 15:44:50: Thread 0: Calculating ARNT2 (1001) ...  
INFO  @ Wed, 22 Feb 2023 15:44:56: Thread 0: Calculating C2orf44 (2001) ...  
INFO  @ Wed, 22 Feb 2023 15:45:01: Thread 0: Calculating CERS6 (3001) ...  
INFO  @ Wed, 22 Feb 2023 15:45:06: Thread 0: Calculating DBH (4001) ...  
INFO  @ Wed, 22 Feb 2023 15:45:12: Thread 0: Calculating ERCC6L2 (5001) ...  
INFO  @ Wed, 22 Feb 2023 15:45:17: Thread 0: Calculating GANC (6001) ...  
INFO  @ Wed, 22 Feb 2023 15:45:23: Thread 0: Calculating HMBS (7001) ...  
INFO  @ Wed, 22 Feb 2023 15:45:28: Thread 0: Calculating KIAA1147 (8001) ...  
INFO  @ Wed, 22 Feb 2023 15:45:33: Thread 0: Calculating MAGOH (9001) ...  
INFO  @ Wed, 22 Feb 2023 15:45:39: Thread 0: Calculating NANOS3 (10001) ...  
INFO  @ Wed, 22 Feb 2023 15:45:44: Thread 0: Calculating PAXIP1 (11001) ...  
INFO  @ Wed, 22 Feb 2023 15:45:50: Thread 0: Calculating PRG4 (12001) ...  
INFO  @ Wed, 22 Feb 2023 15:45:55: Thread 0: Calculating RNF151 (13001) ...  
INFO  @ Wed, 22 Feb 2023 15:46:01: Thread 0: Calculating SLC25A11 (14001) ...  
INFO  @ Wed, 22 Feb 2023 15:46:06: Thread 0: Calculating SUMO4 (15001) ...  
INFO  @ Wed, 22 Feb 2023 15:46:11: Thread 0: Calculating TNKS2 (16001) ...  
INFO  @ Wed, 22 Feb 2023 15:46:17: Thread 0: Calculating WDHD1 (17001) ...  
INFO  @ Wed, 22 Feb 2023 15:46:22: Thread 0: Calculating ZYG11A (18001) ...  
INFO  @ Wed, 22 Feb 2023 15:46:22: Thread 0 completed. 
INFO  @ Wed, 22 Feb 2023 15:46:22: All threads completed. 
INFO  @ Wed, 22 Feb 2023 15:46:25: Permuting round 1 ... 
INFO  @ Wed, 22 Feb 2023 15:46:26: Thread 0 started. 
INFO  @ Wed, 22 Feb 2023 15:46:26: Thread 0: total 18006 instances. 
INFO  @ Wed, 22 Feb 2023 15:46:26: Thread 0: Calculating A1CF (1) ...  
INFO  @ Wed, 22 Feb 2023 15:46:31: Thread 0: Calculating ARNT2 (1001) ...  
INFO  @ Wed, 22 Feb 2023 15:46:37: Thread 0: Calculating C2orf44 (2001) ...  
INFO  @ Wed, 22 Feb 2023 15:46:42: Thread 0: Calculating CERS6 (3001) ...  
INFO  @ Wed, 22 Feb 2023 15:46:48: Thread 0: Calculating DBH (4001) ...  
INFO  @ Wed, 22 Feb 2023 15:46:53: Thread 0: Calculating ERCC6L2 (5001) ...  
INFO  @ Wed, 22 Feb 2023 15:46:59: Thread 0: Calculating GANC (6001) ...  
INFO  @ Wed, 22 Feb 2023 15:47:04: Thread 0: Calculating HMBS (7001) ...  
INFO  @ Wed, 22 Feb 2023 15:47:09: Thread 0: Calculating KIAA1147 (8001) ...  
INFO  @ Wed, 22 Feb 2023 15:47:15: Thread 0: Calculating MAGOH (9001) ...  
INFO  @ Wed, 22 Feb 2023 15:47:20: Thread 0: Calculating NANOS3 (10001) ...  
INFO  @ Wed, 22 Feb 2023 15:47:26: Thread 0: Calculating PAXIP1 (11001) ...  
INFO  @ Wed, 22 Feb 2023 15:47:31: Thread 0: Calculating PRG4 (12001) ...  
INFO  @ Wed, 22 Feb 2023 15:47:36: Thread 0: Calculating RNF151 (13001) ...  
INFO  @ Wed, 22 Feb 2023 15:47:42: Thread 0: Calculating SLC25A11 (14001) ...  
INFO  @ Wed, 22 Feb 2023 15:47:48: Thread 0: Calculating SUMO4 (15001) ...  
INFO  @ Wed, 22 Feb 2023 15:47:53: Thread 0: Calculating TNKS2 (16001) ...  
INFO  @ Wed, 22 Feb 2023 15:47:58: Thread 0: Calculating WDHD1 (17001) ...  
INFO  @ Wed, 22 Feb 2023 15:48:04: Thread 0: Calculating ZYG11A (18001) ...  
INFO  @ Wed, 22 Feb 2023 15:48:04: Thread 0 completed. 
INFO  @ Wed, 22 Feb 2023 15:48:04: All threads completed. 
INFO  @ Wed, 22 Feb 2023 15:48:07: Assigning p values... 
INFO  @ Wed, 22 Feb 2023 15:48:07: Permuting groups of gene with 10 sgRNAs per gene. Group progress: 10/22 
INFO  @ Wed, 22 Feb 2023 15:48:07: Start permuting 2 rounds ... 
INFO  @ Wed, 22 Feb 2023 15:48:08: Collecting 90025 sgRNAs from 18006 genes. 
INFO  @ Wed, 22 Feb 2023 15:48:09: Permuting round 0 ... 
INFO  @ Wed, 22 Feb 2023 15:48:09: Thread 0 started. 
INFO  @ Wed, 22 Feb 2023 15:48:09: Thread 0: total 18006 instances. 
INFO  @ Wed, 22 Feb 2023 15:48:09: Thread 0: Calculating A1CF (1) ...  
INFO  @ Wed, 22 Feb 2023 15:48:15: Thread 0: Calculating ARNT2 (1001) ...  
INFO  @ Wed, 22 Feb 2023 15:48:21: Thread 0: Calculating C2orf44 (2001) ...  
INFO  @ Wed, 22 Feb 2023 15:48:26: Thread 0: Calculating CERS6 (3001) ...  
INFO  @ Wed, 22 Feb 2023 15:48:32: Thread 0: Calculating DBH (4001) ...  
INFO  @ Wed, 22 Feb 2023 15:48:37: Thread 0: Calculating ERCC6L2 (5001) ...  
INFO  @ Wed, 22 Feb 2023 15:48:43: Thread 0: Calculating GANC (6001) ...  
INFO  @ Wed, 22 Feb 2023 15:48:49: Thread 0: Calculating HMBS (7001) ...  
INFO  @ Wed, 22 Feb 2023 15:48:54: Thread 0: Calculating KIAA1147 (8001) ...  
INFO  @ Wed, 22 Feb 2023 15:49:00: Thread 0: Calculating MAGOH (9001) ...  
INFO  @ Wed, 22 Feb 2023 15:49:05: Thread 0: Calculating NANOS3 (10001) ...  
INFO  @ Wed, 22 Feb 2023 15:49:11: Thread 0: Calculating PAXIP1 (11001) ...  
INFO  @ Wed, 22 Feb 2023 15:49:16: Thread 0: Calculating PRG4 (12001) ...  
INFO  @ Wed, 22 Feb 2023 15:49:22: Thread 0: Calculating RNF151 (13001) ...  
INFO  @ Wed, 22 Feb 2023 15:49:27: Thread 0: Calculating SLC25A11 (14001) ...  
INFO  @ Wed, 22 Feb 2023 15:49:33: Thread 0: Calculating SUMO4 (15001) ...  
INFO  @ Wed, 22 Feb 2023 15:49:38: Thread 0: Calculating TNKS2 (16001) ...  
INFO  @ Wed, 22 Feb 2023 15:49:44: Thread 0: Calculating WDHD1 (17001) ...  
INFO  @ Wed, 22 Feb 2023 15:49:49: Thread 0: Calculating ZYG11A (18001) ...  
INFO  @ Wed, 22 Feb 2023 15:49:49: Thread 0 completed. 
INFO  @ Wed, 22 Feb 2023 15:49:49: All threads completed. 
INFO  @ Wed, 22 Feb 2023 15:49:53: Permuting round 1 ... 
INFO  @ Wed, 22 Feb 2023 15:49:53: Thread 0 started. 
INFO  @ Wed, 22 Feb 2023 15:49:53: Thread 0: total 18006 instances. 
INFO  @ Wed, 22 Feb 2023 15:49:53: Thread 0: Calculating A1CF (1) ...  
INFO  @ Wed, 22 Feb 2023 15:49:59: Thread 0: Calculating ARNT2 (1001) ...  
INFO  @ Wed, 22 Feb 2023 15:50:04: Thread 0: Calculating C2orf44 (2001) ...  
INFO  @ Wed, 22 Feb 2023 15:50:10: Thread 0: Calculating CERS6 (3001) ...  
INFO  @ Wed, 22 Feb 2023 15:50:16: Thread 0: Calculating DBH (4001) ...  
INFO  @ Wed, 22 Feb 2023 15:50:21: Thread 0: Calculating ERCC6L2 (5001) ...  
INFO  @ Wed, 22 Feb 2023 15:50:27: Thread 0: Calculating GANC (6001) ...  
INFO  @ Wed, 22 Feb 2023 15:50:32: Thread 0: Calculating HMBS (7001) ...  
INFO  @ Wed, 22 Feb 2023 15:50:38: Thread 0: Calculating KIAA1147 (8001) ...  
INFO  @ Wed, 22 Feb 2023 15:50:43: Thread 0: Calculating MAGOH (9001) ...  
INFO  @ Wed, 22 Feb 2023 15:50:49: Thread 0: Calculating NANOS3 (10001) ...  
INFO  @ Wed, 22 Feb 2023 15:50:55: Thread 0: Calculating PAXIP1 (11001) ...  
INFO  @ Wed, 22 Feb 2023 15:51:00: Thread 0: Calculating PRG4 (12001) ...  
INFO  @ Wed, 22 Feb 2023 15:51:06: Thread 0: Calculating RNF151 (13001) ...  
INFO  @ Wed, 22 Feb 2023 15:51:11: Thread 0: Calculating SLC25A11 (14001) ...  
INFO  @ Wed, 22 Feb 2023 15:51:17: Thread 0: Calculating SUMO4 (15001) ...  
INFO  @ Wed, 22 Feb 2023 15:51:22: Thread 0: Calculating TNKS2 (16001) ...  
INFO  @ Wed, 22 Feb 2023 15:51:28: Thread 0: Calculating WDHD1 (17001) ...  
INFO  @ Wed, 22 Feb 2023 15:51:34: Thread 0: Calculating ZYG11A (18001) ...  
INFO  @ Wed, 22 Feb 2023 15:51:34: Thread 0 completed. 
INFO  @ Wed, 22 Feb 2023 15:51:34: All threads completed. 
INFO  @ Wed, 22 Feb 2023 15:51:37: Assigning p values... 
INFO  @ Wed, 22 Feb 2023 15:51:37: Permuting groups of gene with 11 sgRNAs per gene. Group progress: 11/22 
INFO  @ Wed, 22 Feb 2023 15:51:37: Start permuting 2 rounds ... 
INFO  @ Wed, 22 Feb 2023 15:51:38: Collecting 90025 sgRNAs from 18006 genes. 
INFO  @ Wed, 22 Feb 2023 15:51:39: Permuting round 0 ... 
INFO  @ Wed, 22 Feb 2023 15:51:39: Thread 0 started. 
INFO  @ Wed, 22 Feb 2023 15:51:39: Thread 0: total 18006 instances. 
INFO  @ Wed, 22 Feb 2023 15:51:39: Thread 0: Calculating A1CF (1) ...  
INFO  @ Wed, 22 Feb 2023 15:51:45: Thread 0: Calculating ARNT2 (1001) ...  
INFO  @ Wed, 22 Feb 2023 15:51:51: Thread 0: Calculating C2orf44 (2001) ...  
INFO  @ Wed, 22 Feb 2023 15:51:57: Thread 0: Calculating CERS6 (3001) ...  
INFO  @ Wed, 22 Feb 2023 15:52:02: Thread 0: Calculating DBH (4001) ...  
INFO  @ Wed, 22 Feb 2023 15:52:08: Thread 0: Calculating ERCC6L2 (5001) ...  
INFO  @ Wed, 22 Feb 2023 15:52:14: Thread 0: Calculating GANC (6001) ...  
INFO  @ Wed, 22 Feb 2023 15:52:19: Thread 0: Calculating HMBS (7001) ...  
INFO  @ Wed, 22 Feb 2023 15:52:25: Thread 0: Calculating KIAA1147 (8001) ...  
INFO  @ Wed, 22 Feb 2023 15:52:31: Thread 0: Calculating MAGOH (9001) ...  
INFO  @ Wed, 22 Feb 2023 15:52:37: Thread 0: Calculating NANOS3 (10001) ...  
INFO  @ Wed, 22 Feb 2023 15:52:42: Thread 0: Calculating PAXIP1 (11001) ...  
INFO  @ Wed, 22 Feb 2023 15:52:48: Thread 0: Calculating PRG4 (12001) ...  
INFO  @ Wed, 22 Feb 2023 15:52:54: Thread 0: Calculating RNF151 (13001) ...  
INFO  @ Wed, 22 Feb 2023 15:52:59: Thread 0: Calculating SLC25A11 (14001) ...  
INFO  @ Wed, 22 Feb 2023 15:53:05: Thread 0: Calculating SUMO4 (15001) ...  
INFO  @ Wed, 22 Feb 2023 15:53:11: Thread 0: Calculating TNKS2 (16001) ...  
INFO  @ Wed, 22 Feb 2023 15:53:16: Thread 0: Calculating WDHD1 (17001) ...  
INFO  @ Wed, 22 Feb 2023 15:53:22: Thread 0: Calculating ZYG11A (18001) ...  
INFO  @ Wed, 22 Feb 2023 15:53:22: Thread 0 completed. 
INFO  @ Wed, 22 Feb 2023 15:53:22: All threads completed. 
INFO  @ Wed, 22 Feb 2023 15:53:25: Permuting round 1 ... 
INFO  @ Wed, 22 Feb 2023 15:53:26: Thread 0 started. 
INFO  @ Wed, 22 Feb 2023 15:53:26: Thread 0: total 18006 instances. 
INFO  @ Wed, 22 Feb 2023 15:53:26: Thread 0: Calculating A1CF (1) ...  
INFO  @ Wed, 22 Feb 2023 15:53:32: Thread 0: Calculating ARNT2 (1001) ...  
INFO  @ Wed, 22 Feb 2023 15:53:37: Thread 0: Calculating C2orf44 (2001) ...  
INFO  @ Wed, 22 Feb 2023 15:53:43: Thread 0: Calculating CERS6 (3001) ...  
INFO  @ Wed, 22 Feb 2023 15:53:49: Thread 0: Calculating DBH (4001) ...  
INFO  @ Wed, 22 Feb 2023 15:53:55: Thread 0: Calculating ERCC6L2 (5001) ...  
INFO  @ Wed, 22 Feb 2023 15:54:00: Thread 0: Calculating GANC (6001) ...  
INFO  @ Wed, 22 Feb 2023 15:54:06: Thread 0: Calculating HMBS (7001) ...  
INFO  @ Wed, 22 Feb 2023 15:54:12: Thread 0: Calculating KIAA1147 (8001) ...  
INFO  @ Wed, 22 Feb 2023 15:54:18: Thread 0: Calculating MAGOH (9001) ...  
INFO  @ Wed, 22 Feb 2023 15:54:23: Thread 0: Calculating NANOS3 (10001) ...  
INFO  @ Wed, 22 Feb 2023 15:54:29: Thread 0: Calculating PAXIP1 (11001) ...  
INFO  @ Wed, 22 Feb 2023 15:54:35: Thread 0: Calculating PRG4 (12001) ...  
INFO  @ Wed, 22 Feb 2023 15:54:40: Thread 0: Calculating RNF151 (13001) ...  
INFO  @ Wed, 22 Feb 2023 15:54:46: Thread 0: Calculating SLC25A11 (14001) ...  
INFO  @ Wed, 22 Feb 2023 15:54:52: Thread 0: Calculating SUMO4 (15001) ...  
INFO  @ Wed, 22 Feb 2023 15:54:58: Thread 0: Calculating TNKS2 (16001) ...  
INFO  @ Wed, 22 Feb 2023 15:55:03: Thread 0: Calculating WDHD1 (17001) ...  
INFO  @ Wed, 22 Feb 2023 15:55:09: Thread 0: Calculating ZYG11A (18001) ...  
INFO  @ Wed, 22 Feb 2023 15:55:09: Thread 0 completed. 
INFO  @ Wed, 22 Feb 2023 15:55:09: All threads completed. 
INFO  @ Wed, 22 Feb 2023 15:55:13: Assigning p values... 
INFO  @ Wed, 22 Feb 2023 15:55:13: Permuting groups of gene with 12 sgRNAs per gene. Group progress: 12/22 
INFO  @ Wed, 22 Feb 2023 15:55:13: Start permuting 2 rounds ... 
INFO  @ Wed, 22 Feb 2023 15:55:13: Collecting 90025 sgRNAs from 18006 genes. 
INFO  @ Wed, 22 Feb 2023 15:55:14: Permuting round 0 ... 
INFO  @ Wed, 22 Feb 2023 15:55:15: Thread 0 started. 
INFO  @ Wed, 22 Feb 2023 15:55:15: Thread 0: total 18006 instances. 
INFO  @ Wed, 22 Feb 2023 15:55:15: Thread 0: Calculating A1CF (1) ...  
INFO  @ Wed, 22 Feb 2023 15:55:21: Thread 0: Calculating ARNT2 (1001) ...  
INFO  @ Wed, 22 Feb 2023 15:55:27: Thread 0: Calculating C2orf44 (2001) ...  
INFO  @ Wed, 22 Feb 2023 15:55:33: Thread 0: Calculating CERS6 (3001) ...  
INFO  @ Wed, 22 Feb 2023 15:55:38: Thread 0: Calculating DBH (4001) ...  
INFO  @ Wed, 22 Feb 2023 15:55:44: Thread 0: Calculating ERCC6L2 (5001) ...  
INFO  @ Wed, 22 Feb 2023 15:55:50: Thread 0: Calculating GANC (6001) ...  
INFO  @ Wed, 22 Feb 2023 15:55:56: Thread 0: Calculating HMBS (7001) ...  
INFO  @ Wed, 22 Feb 2023 15:56:02: Thread 0: Calculating KIAA1147 (8001) ...  
INFO  @ Wed, 22 Feb 2023 15:56:08: Thread 0: Calculating MAGOH (9001) ...  
INFO  @ Wed, 22 Feb 2023 15:56:13: Thread 0: Calculating NANOS3 (10001) ...  
INFO  @ Wed, 22 Feb 2023 15:56:19: Thread 0: Calculating PAXIP1 (11001) ...  
INFO  @ Wed, 22 Feb 2023 15:56:25: Thread 0: Calculating PRG4 (12001) ...  
INFO  @ Wed, 22 Feb 2023 15:56:31: Thread 0: Calculating RNF151 (13001) ...  
INFO  @ Wed, 22 Feb 2023 15:56:37: Thread 0: Calculating SLC25A11 (14001) ...  
INFO  @ Wed, 22 Feb 2023 15:56:43: Thread 0: Calculating SUMO4 (15001) ...  
INFO  @ Wed, 22 Feb 2023 15:56:48: Thread 0: Calculating TNKS2 (16001) ...  
INFO  @ Wed, 22 Feb 2023 15:56:54: Thread 0: Calculating WDHD1 (17001) ...  
INFO  @ Wed, 22 Feb 2023 15:57:00: Thread 0: Calculating ZYG11A (18001) ...  
INFO  @ Wed, 22 Feb 2023 15:57:00: Thread 0 completed. 
INFO  @ Wed, 22 Feb 2023 15:57:00: All threads completed. 
INFO  @ Wed, 22 Feb 2023 15:57:03: Permuting round 1 ... 
INFO  @ Wed, 22 Feb 2023 15:57:04: Thread 0 started. 
INFO  @ Wed, 22 Feb 2023 15:57:04: Thread 0: total 18006 instances. 
INFO  @ Wed, 22 Feb 2023 15:57:04: Thread 0: Calculating A1CF (1) ...  
INFO  @ Wed, 22 Feb 2023 15:57:10: Thread 0: Calculating ARNT2 (1001) ...  
INFO  @ Wed, 22 Feb 2023 15:57:16: Thread 0: Calculating C2orf44 (2001) ...  
INFO  @ Wed, 22 Feb 2023 15:57:22: Thread 0: Calculating CERS6 (3001) ...  
INFO  @ Wed, 22 Feb 2023 15:57:28: Thread 0: Calculating DBH (4001) ...  
INFO  @ Wed, 22 Feb 2023 15:57:33: Thread 0: Calculating ERCC6L2 (5001) ...  
INFO  @ Wed, 22 Feb 2023 15:57:39: Thread 0: Calculating GANC (6001) ...  
INFO  @ Wed, 22 Feb 2023 15:57:45: Thread 0: Calculating HMBS (7001) ...  
INFO  @ Wed, 22 Feb 2023 15:57:51: Thread 0: Calculating KIAA1147 (8001) ...  
INFO  @ Wed, 22 Feb 2023 15:57:57: Thread 0: Calculating MAGOH (9001) ...  
INFO  @ Wed, 22 Feb 2023 15:58:03: Thread 0: Calculating NANOS3 (10001) ...  
INFO  @ Wed, 22 Feb 2023 15:58:09: Thread 0: Calculating PAXIP1 (11001) ...  
INFO  @ Wed, 22 Feb 2023 15:58:14: Thread 0: Calculating PRG4 (12001) ...  
INFO  @ Wed, 22 Feb 2023 15:58:20: Thread 0: Calculating RNF151 (13001) ...  
INFO  @ Wed, 22 Feb 2023 15:58:27: Thread 0: Calculating SLC25A11 (14001) ...  
INFO  @ Wed, 22 Feb 2023 15:58:32: Thread 0: Calculating SUMO4 (15001) ...  
INFO  @ Wed, 22 Feb 2023 15:58:38: Thread 0: Calculating TNKS2 (16001) ...  
INFO  @ Wed, 22 Feb 2023 15:58:44: Thread 0: Calculating WDHD1 (17001) ...  
INFO  @ Wed, 22 Feb 2023 15:58:50: Thread 0: Calculating ZYG11A (18001) ...  
INFO  @ Wed, 22 Feb 2023 15:58:50: Thread 0 completed. 
INFO  @ Wed, 22 Feb 2023 15:58:50: All threads completed. 
INFO  @ Wed, 22 Feb 2023 15:58:54: Assigning p values... 
INFO  @ Wed, 22 Feb 2023 15:58:54: Permuting groups of gene with 13 sgRNAs per gene. Group progress: 13/22 
INFO  @ Wed, 22 Feb 2023 15:58:54: Start permuting 2 rounds ... 
INFO  @ Wed, 22 Feb 2023 15:58:54: Collecting 90025 sgRNAs from 18006 genes. 
INFO  @ Wed, 22 Feb 2023 15:58:55: Permuting round 0 ... 
INFO  @ Wed, 22 Feb 2023 15:58:56: Thread 0 started. 
INFO  @ Wed, 22 Feb 2023 15:58:56: Thread 0: total 18006 instances. 
INFO  @ Wed, 22 Feb 2023 15:58:56: Thread 0: Calculating A1CF (1) ...  
INFO  @ Wed, 22 Feb 2023 15:59:02: Thread 0: Calculating ARNT2 (1001) ...  
INFO  @ Wed, 22 Feb 2023 15:59:08: Thread 0: Calculating C2orf44 (2001) ...  
INFO  @ Wed, 22 Feb 2023 15:59:14: Thread 0: Calculating CERS6 (3001) ...  
INFO  @ Wed, 22 Feb 2023 15:59:20: Thread 0: Calculating DBH (4001) ...  
INFO  @ Wed, 22 Feb 2023 15:59:26: Thread 0: Calculating ERCC6L2 (5001) ...  
INFO  @ Wed, 22 Feb 2023 15:59:32: Thread 0: Calculating GANC (6001) ...  
INFO  @ Wed, 22 Feb 2023 15:59:38: Thread 0: Calculating HMBS (7001) ...  
INFO  @ Wed, 22 Feb 2023 15:59:44: Thread 0: Calculating KIAA1147 (8001) ...  
INFO  @ Wed, 22 Feb 2023 15:59:50: Thread 0: Calculating MAGOH (9001) ...  
INFO  @ Wed, 22 Feb 2023 15:59:56: Thread 0: Calculating NANOS3 (10001) ...  
INFO  @ Wed, 22 Feb 2023 16:00:02: Thread 0: Calculating PAXIP1 (11001) ...  
INFO  @ Wed, 22 Feb 2023 16:00:08: Thread 0: Calculating PRG4 (12001) ...  
INFO  @ Wed, 22 Feb 2023 16:00:14: Thread 0: Calculating RNF151 (13001) ...  
INFO  @ Wed, 22 Feb 2023 16:00:21: Thread 0: Calculating SLC25A11 (14001) ...  
INFO  @ Wed, 22 Feb 2023 16:00:27: Thread 0: Calculating SUMO4 (15001) ...  
INFO  @ Wed, 22 Feb 2023 16:00:33: Thread 0: Calculating TNKS2 (16001) ...  
INFO  @ Wed, 22 Feb 2023 16:00:39: Thread 0: Calculating WDHD1 (17001) ...  
INFO  @ Wed, 22 Feb 2023 16:00:45: Thread 0: Calculating ZYG11A (18001) ...  
INFO  @ Wed, 22 Feb 2023 16:00:45: Thread 0 completed. 
INFO  @ Wed, 22 Feb 2023 16:00:45: All threads completed. 
INFO  @ Wed, 22 Feb 2023 16:00:48: Permuting round 1 ... 
INFO  @ Wed, 22 Feb 2023 16:00:49: Thread 0 started. 
INFO  @ Wed, 22 Feb 2023 16:00:49: Thread 0: total 18006 instances. 
INFO  @ Wed, 22 Feb 2023 16:00:49: Thread 0: Calculating A1CF (1) ...  
INFO  @ Wed, 22 Feb 2023 16:00:55: Thread 0: Calculating ARNT2 (1001) ...  
INFO  @ Wed, 22 Feb 2023 16:01:01: Thread 0: Calculating C2orf44 (2001) ...  
INFO  @ Wed, 22 Feb 2023 16:01:07: Thread 0: Calculating CERS6 (3001) ...  
INFO  @ Wed, 22 Feb 2023 16:01:13: Thread 0: Calculating DBH (4001) ...  
INFO  @ Wed, 22 Feb 2023 16:01:19: Thread 0: Calculating ERCC6L2 (5001) ...  
INFO  @ Wed, 22 Feb 2023 16:01:25: Thread 0: Calculating GANC (6001) ...  
INFO  @ Wed, 22 Feb 2023 16:01:32: Thread 0: Calculating HMBS (7001) ...  
INFO  @ Wed, 22 Feb 2023 16:01:38: Thread 0: Calculating KIAA1147 (8001) ...  
INFO  @ Wed, 22 Feb 2023 16:01:44: Thread 0: Calculating MAGOH (9001) ...  
INFO  @ Wed, 22 Feb 2023 16:01:50: Thread 0: Calculating NANOS3 (10001) ...  
INFO  @ Wed, 22 Feb 2023 16:01:56: Thread 0: Calculating PAXIP1 (11001) ...  
INFO  @ Wed, 22 Feb 2023 16:02:02: Thread 0: Calculating PRG4 (12001) ...  
INFO  @ Wed, 22 Feb 2023 16:02:08: Thread 0: Calculating RNF151 (13001) ...  
INFO  @ Wed, 22 Feb 2023 16:02:15: Thread 0: Calculating SLC25A11 (14001) ...  
INFO  @ Wed, 22 Feb 2023 16:02:21: Thread 0: Calculating SUMO4 (15001) ...  
INFO  @ Wed, 22 Feb 2023 16:02:27: Thread 0: Calculating TNKS2 (16001) ...  
INFO  @ Wed, 22 Feb 2023 16:02:33: Thread 0: Calculating WDHD1 (17001) ...  
INFO  @ Wed, 22 Feb 2023 16:02:39: Thread 0: Calculating ZYG11A (18001) ...  
INFO  @ Wed, 22 Feb 2023 16:02:39: Thread 0 completed. 
INFO  @ Wed, 22 Feb 2023 16:02:39: All threads completed. 
INFO  @ Wed, 22 Feb 2023 16:02:43: Assigning p values... 
INFO  @ Wed, 22 Feb 2023 16:02:43: Permuting groups of gene with 14 sgRNAs per gene. Group progress: 14/22 
INFO  @ Wed, 22 Feb 2023 16:02:43: Start permuting 2 rounds ... 
INFO  @ Wed, 22 Feb 2023 16:02:43: Collecting 90025 sgRNAs from 18006 genes. 
INFO  @ Wed, 22 Feb 2023 16:02:44: Permuting round 0 ... 
INFO  @ Wed, 22 Feb 2023 16:02:45: Thread 0 started. 
INFO  @ Wed, 22 Feb 2023 16:02:45: Thread 0: total 18006 instances. 
INFO  @ Wed, 22 Feb 2023 16:02:45: Thread 0: Calculating A1CF (1) ...  
INFO  @ Wed, 22 Feb 2023 16:02:51: Thread 0: Calculating ARNT2 (1001) ...  
INFO  @ Wed, 22 Feb 2023 16:02:57: Thread 0: Calculating C2orf44 (2001) ...  
INFO  @ Wed, 22 Feb 2023 16:03:04: Thread 0: Calculating CERS6 (3001) ...  
INFO  @ Wed, 22 Feb 2023 16:03:10: Thread 0: Calculating DBH (4001) ...  
INFO  @ Wed, 22 Feb 2023 16:03:16: Thread 0: Calculating ERCC6L2 (5001) ...  
INFO  @ Wed, 22 Feb 2023 16:03:22: Thread 0: Calculating GANC (6001) ...  
INFO  @ Wed, 22 Feb 2023 16:03:28: Thread 0: Calculating HMBS (7001) ...  
INFO  @ Wed, 22 Feb 2023 16:03:35: Thread 0: Calculating KIAA1147 (8001) ...  
INFO  @ Wed, 22 Feb 2023 16:03:41: Thread 0: Calculating MAGOH (9001) ...  
INFO  @ Wed, 22 Feb 2023 16:03:47: Thread 0: Calculating NANOS3 (10001) ...  
INFO  @ Wed, 22 Feb 2023 16:03:53: Thread 0: Calculating PAXIP1 (11001) ...  
INFO  @ Wed, 22 Feb 2023 16:04:00: Thread 0: Calculating PRG4 (12001) ...  
INFO  @ Wed, 22 Feb 2023 16:04:06: Thread 0: Calculating RNF151 (13001) ...  
INFO  @ Wed, 22 Feb 2023 16:04:12: Thread 0: Calculating SLC25A11 (14001) ...  
INFO  @ Wed, 22 Feb 2023 16:04:18: Thread 0: Calculating SUMO4 (15001) ...  
INFO  @ Wed, 22 Feb 2023 16:04:24: Thread 0: Calculating TNKS2 (16001) ...  
INFO  @ Wed, 22 Feb 2023 16:04:31: Thread 0: Calculating WDHD1 (17001) ...  
INFO  @ Wed, 22 Feb 2023 16:04:37: Thread 0: Calculating ZYG11A (18001) ...  
INFO  @ Wed, 22 Feb 2023 16:04:37: Thread 0 completed. 
INFO  @ Wed, 22 Feb 2023 16:04:37: All threads completed. 
INFO  @ Wed, 22 Feb 2023 16:04:40: Permuting round 1 ... 
INFO  @ Wed, 22 Feb 2023 16:04:41: Thread 0 started. 
INFO  @ Wed, 22 Feb 2023 16:04:41: Thread 0: total 18006 instances. 
INFO  @ Wed, 22 Feb 2023 16:04:41: Thread 0: Calculating A1CF (1) ...  
INFO  @ Wed, 22 Feb 2023 16:04:47: Thread 0: Calculating ARNT2 (1001) ...  
INFO  @ Wed, 22 Feb 2023 16:04:54: Thread 0: Calculating C2orf44 (2001) ...  
INFO  @ Wed, 22 Feb 2023 16:05:00: Thread 0: Calculating CERS6 (3001) ...  
INFO  @ Wed, 22 Feb 2023 16:05:06: Thread 0: Calculating DBH (4001) ...  
INFO  @ Wed, 22 Feb 2023 16:05:12: Thread 0: Calculating ERCC6L2 (5001) ...  
INFO  @ Wed, 22 Feb 2023 16:05:19: Thread 0: Calculating GANC (6001) ...  
INFO  @ Wed, 22 Feb 2023 16:05:25: Thread 0: Calculating HMBS (7001) ...  
INFO  @ Wed, 22 Feb 2023 16:05:31: Thread 0: Calculating KIAA1147 (8001) ...  
INFO  @ Wed, 22 Feb 2023 16:05:38: Thread 0: Calculating MAGOH (9001) ...  
INFO  @ Wed, 22 Feb 2023 16:05:44: Thread 0: Calculating NANOS3 (10001) ...  
INFO  @ Wed, 22 Feb 2023 16:05:50: Thread 0: Calculating PAXIP1 (11001) ...  
INFO  @ Wed, 22 Feb 2023 16:05:57: Thread 0: Calculating PRG4 (12001) ...  
INFO  @ Wed, 22 Feb 2023 16:06:03: Thread 0: Calculating RNF151 (13001) ...  
INFO  @ Wed, 22 Feb 2023 16:06:09: Thread 0: Calculating SLC25A11 (14001) ...  
INFO  @ Wed, 22 Feb 2023 16:06:15: Thread 0: Calculating SUMO4 (15001) ...  
INFO  @ Wed, 22 Feb 2023 16:06:22: Thread 0: Calculating TNKS2 (16001) ...  
INFO  @ Wed, 22 Feb 2023 16:06:28: Thread 0: Calculating WDHD1 (17001) ...  
INFO  @ Wed, 22 Feb 2023 16:06:34: Thread 0: Calculating ZYG11A (18001) ...  
INFO  @ Wed, 22 Feb 2023 16:06:34: Thread 0 completed. 
INFO  @ Wed, 22 Feb 2023 16:06:34: All threads completed. 
INFO  @ Wed, 22 Feb 2023 16:06:38: Assigning p values... 
INFO  @ Wed, 22 Feb 2023 16:06:38: Permuting groups of gene with 15 sgRNAs per gene. Group progress: 15/22 
INFO  @ Wed, 22 Feb 2023 16:06:38: Start permuting 2 rounds ... 
INFO  @ Wed, 22 Feb 2023 16:06:38: Collecting 90025 sgRNAs from 18006 genes. 
INFO  @ Wed, 22 Feb 2023 16:06:40: Permuting round 0 ... 
INFO  @ Wed, 22 Feb 2023 16:06:40: Thread 0 started. 
INFO  @ Wed, 22 Feb 2023 16:06:40: Thread 0: total 18006 instances. 
INFO  @ Wed, 22 Feb 2023 16:06:40: Thread 0: Calculating A1CF (1) ...  
INFO  @ Wed, 22 Feb 2023 16:06:47: Thread 0: Calculating ARNT2 (1001) ...  
INFO  @ Wed, 22 Feb 2023 16:06:53: Thread 0: Calculating C2orf44 (2001) ...  
INFO  @ Wed, 22 Feb 2023 16:07:00: Thread 0: Calculating CERS6 (3001) ...  
INFO  @ Wed, 22 Feb 2023 16:07:06: Thread 0: Calculating DBH (4001) ...  
INFO  @ Wed, 22 Feb 2023 16:07:12: Thread 0: Calculating ERCC6L2 (5001) ...  
INFO  @ Wed, 22 Feb 2023 16:07:19: Thread 0: Calculating GANC (6001) ...  
INFO  @ Wed, 22 Feb 2023 16:07:25: Thread 0: Calculating HMBS (7001) ...  
INFO  @ Wed, 22 Feb 2023 16:07:31: Thread 0: Calculating KIAA1147 (8001) ...  
INFO  @ Wed, 22 Feb 2023 16:07:38: Thread 0: Calculating MAGOH (9001) ...  
INFO  @ Wed, 22 Feb 2023 16:07:44: Thread 0: Calculating NANOS3 (10001) ...  
INFO  @ Wed, 22 Feb 2023 16:07:50: Thread 0: Calculating PAXIP1 (11001) ...  
INFO  @ Wed, 22 Feb 2023 16:07:57: Thread 0: Calculating PRG4 (12001) ...  
INFO  @ Wed, 22 Feb 2023 16:08:03: Thread 0: Calculating RNF151 (13001) ...  
INFO  @ Wed, 22 Feb 2023 16:08:09: Thread 0: Calculating SLC25A11 (14001) ...  
INFO  @ Wed, 22 Feb 2023 16:08:16: Thread 0: Calculating SUMO4 (15001) ...  
INFO  @ Wed, 22 Feb 2023 16:08:22: Thread 0: Calculating TNKS2 (16001) ...  
INFO  @ Wed, 22 Feb 2023 16:08:29: Thread 0: Calculating WDHD1 (17001) ...  
INFO  @ Wed, 22 Feb 2023 16:08:35: Thread 0: Calculating ZYG11A (18001) ...  
INFO  @ Wed, 22 Feb 2023 16:08:35: Thread 0 completed. 
INFO  @ Wed, 22 Feb 2023 16:08:35: All threads completed. 
INFO  @ Wed, 22 Feb 2023 16:08:39: Permuting round 1 ... 
INFO  @ Wed, 22 Feb 2023 16:08:39: Thread 0 started. 
INFO  @ Wed, 22 Feb 2023 16:08:39: Thread 0: total 18006 instances. 
INFO  @ Wed, 22 Feb 2023 16:08:39: Thread 0: Calculating A1CF (1) ...  
INFO  @ Wed, 22 Feb 2023 16:08:46: Thread 0: Calculating ARNT2 (1001) ...  
INFO  @ Wed, 22 Feb 2023 16:08:52: Thread 0: Calculating C2orf44 (2001) ...  
INFO  @ Wed, 22 Feb 2023 16:08:59: Thread 0: Calculating CERS6 (3001) ...  
INFO  @ Wed, 22 Feb 2023 16:09:05: Thread 0: Calculating DBH (4001) ...  
INFO  @ Wed, 22 Feb 2023 16:09:12: Thread 0: Calculating ERCC6L2 (5001) ...  
INFO  @ Wed, 22 Feb 2023 16:09:18: Thread 0: Calculating GANC (6001) ...  
INFO  @ Wed, 22 Feb 2023 16:09:24: Thread 0: Calculating HMBS (7001) ...  
INFO  @ Wed, 22 Feb 2023 16:09:31: Thread 0: Calculating KIAA1147 (8001) ...  
INFO  @ Wed, 22 Feb 2023 16:09:37: Thread 0: Calculating MAGOH (9001) ...  
INFO  @ Wed, 22 Feb 2023 16:09:44: Thread 0: Calculating NANOS3 (10001) ...  
INFO  @ Wed, 22 Feb 2023 16:09:50: Thread 0: Calculating PAXIP1 (11001) ...  
INFO  @ Wed, 22 Feb 2023 16:09:57: Thread 0: Calculating PRG4 (12001) ...  
INFO  @ Wed, 22 Feb 2023 16:10:03: Thread 0: Calculating RNF151 (13001) ...  
INFO  @ Wed, 22 Feb 2023 16:10:09: Thread 0: Calculating SLC25A11 (14001) ...  
INFO  @ Wed, 22 Feb 2023 16:10:16: Thread 0: Calculating SUMO4 (15001) ...  
INFO  @ Wed, 22 Feb 2023 16:10:22: Thread 0: Calculating TNKS2 (16001) ...  
INFO  @ Wed, 22 Feb 2023 16:10:29: Thread 0: Calculating WDHD1 (17001) ...  
INFO  @ Wed, 22 Feb 2023 16:10:36: Thread 0: Calculating ZYG11A (18001) ...  
INFO  @ Wed, 22 Feb 2023 16:10:36: Thread 0 completed. 
INFO  @ Wed, 22 Feb 2023 16:10:36: All threads completed. 
INFO  @ Wed, 22 Feb 2023 16:10:39: Assigning p values... 
INFO  @ Wed, 22 Feb 2023 16:10:40: Permuting groups of gene with 16 sgRNAs per gene. Group progress: 16/22 
INFO  @ Wed, 22 Feb 2023 16:10:40: Start permuting 2 rounds ... 
INFO  @ Wed, 22 Feb 2023 16:10:40: Collecting 90025 sgRNAs from 18006 genes. 
INFO  @ Wed, 22 Feb 2023 16:10:41: Permuting round 0 ... 
INFO  @ Wed, 22 Feb 2023 16:10:42: Thread 0 started. 
INFO  @ Wed, 22 Feb 2023 16:10:42: Thread 0: total 18006 instances. 
INFO  @ Wed, 22 Feb 2023 16:10:42: Thread 0: Calculating A1CF (1) ...  
INFO  @ Wed, 22 Feb 2023 16:10:48: Thread 0: Calculating ARNT2 (1001) ...  
INFO  @ Wed, 22 Feb 2023 16:10:55: Thread 0: Calculating C2orf44 (2001) ...  
INFO  @ Wed, 22 Feb 2023 16:11:02: Thread 0: Calculating CERS6 (3001) ...  
INFO  @ Wed, 22 Feb 2023 16:11:08: Thread 0: Calculating DBH (4001) ...  
INFO  @ Wed, 22 Feb 2023 16:11:15: Thread 0: Calculating ERCC6L2 (5001) ...  
INFO  @ Wed, 22 Feb 2023 16:11:21: Thread 0: Calculating GANC (6001) ...  
INFO  @ Wed, 22 Feb 2023 16:11:28: Thread 0: Calculating HMBS (7001) ...  
INFO  @ Wed, 22 Feb 2023 16:11:35: Thread 0: Calculating KIAA1147 (8001) ...  
INFO  @ Wed, 22 Feb 2023 16:11:41: Thread 0: Calculating MAGOH (9001) ...  
INFO  @ Wed, 22 Feb 2023 16:11:48: Thread 0: Calculating NANOS3 (10001) ...  
INFO  @ Wed, 22 Feb 2023 16:11:54: Thread 0: Calculating PAXIP1 (11001) ...  
INFO  @ Wed, 22 Feb 2023 16:12:01: Thread 0: Calculating PRG4 (12001) ...  
INFO  @ Wed, 22 Feb 2023 16:12:08: Thread 0: Calculating RNF151 (13001) ...  
INFO  @ Wed, 22 Feb 2023 16:12:14: Thread 0: Calculating SLC25A11 (14001) ...  
INFO  @ Wed, 22 Feb 2023 16:12:21: Thread 0: Calculating SUMO4 (15001) ...  
INFO  @ Wed, 22 Feb 2023 16:12:27: Thread 0: Calculating TNKS2 (16001) ...  
INFO  @ Wed, 22 Feb 2023 16:12:34: Thread 0: Calculating WDHD1 (17001) ...  
INFO  @ Wed, 22 Feb 2023 16:12:41: Thread 0: Calculating ZYG11A (18001) ...  
INFO  @ Wed, 22 Feb 2023 16:12:41: Thread 0 completed. 
INFO  @ Wed, 22 Feb 2023 16:12:41: All threads completed. 
INFO  @ Wed, 22 Feb 2023 16:12:44: Permuting round 1 ... 
INFO  @ Wed, 22 Feb 2023 16:12:45: Thread 0 started. 
INFO  @ Wed, 22 Feb 2023 16:12:45: Thread 0: total 18006 instances. 
INFO  @ Wed, 22 Feb 2023 16:12:45: Thread 0: Calculating A1CF (1) ...  
INFO  @ Wed, 22 Feb 2023 16:12:52: Thread 0: Calculating ARNT2 (1001) ...  
INFO  @ Wed, 22 Feb 2023 16:12:58: Thread 0: Calculating C2orf44 (2001) ...  
INFO  @ Wed, 22 Feb 2023 16:13:05: Thread 0: Calculating CERS6 (3001) ...  
INFO  @ Wed, 22 Feb 2023 16:13:11: Thread 0: Calculating DBH (4001) ...  
INFO  @ Wed, 22 Feb 2023 16:13:18: Thread 0: Calculating ERCC6L2 (5001) ...  
INFO  @ Wed, 22 Feb 2023 16:13:25: Thread 0: Calculating GANC (6001) ...  
INFO  @ Wed, 22 Feb 2023 16:13:31: Thread 0: Calculating HMBS (7001) ...  
INFO  @ Wed, 22 Feb 2023 16:13:38: Thread 0: Calculating KIAA1147 (8001) ...  
INFO  @ Wed, 22 Feb 2023 16:13:45: Thread 0: Calculating MAGOH (9001) ...  
INFO  @ Wed, 22 Feb 2023 16:13:51: Thread 0: Calculating NANOS3 (10001) ...  
INFO  @ Wed, 22 Feb 2023 16:13:58: Thread 0: Calculating PAXIP1 (11001) ...  
INFO  @ Wed, 22 Feb 2023 16:14:04: Thread 0: Calculating PRG4 (12001) ...  
INFO  @ Wed, 22 Feb 2023 16:14:11: Thread 0: Calculating RNF151 (13001) ...  
INFO  @ Wed, 22 Feb 2023 16:14:18: Thread 0: Calculating SLC25A11 (14001) ...  
INFO  @ Wed, 22 Feb 2023 16:14:25: Thread 0: Calculating SUMO4 (15001) ...  
INFO  @ Wed, 22 Feb 2023 16:14:31: Thread 0: Calculating TNKS2 (16001) ...  
INFO  @ Wed, 22 Feb 2023 16:14:38: Thread 0: Calculating WDHD1 (17001) ...  
INFO  @ Wed, 22 Feb 2023 16:14:45: Thread 0: Calculating ZYG11A (18001) ...  
INFO  @ Wed, 22 Feb 2023 16:14:45: Thread 0 completed. 
INFO  @ Wed, 22 Feb 2023 16:14:45: All threads completed. 
INFO  @ Wed, 22 Feb 2023 16:14:48: Assigning p values... 
INFO  @ Wed, 22 Feb 2023 16:14:49: Permuting groups of gene with 17 sgRNAs per gene. Group progress: 17/22 
INFO  @ Wed, 22 Feb 2023 16:14:49: Start permuting 2 rounds ... 
INFO  @ Wed, 22 Feb 2023 16:14:49: Collecting 90025 sgRNAs from 18006 genes. 
INFO  @ Wed, 22 Feb 2023 16:14:50: Permuting round 0 ... 
INFO  @ Wed, 22 Feb 2023 16:14:51: Thread 0 started. 
INFO  @ Wed, 22 Feb 2023 16:14:51: Thread 0: total 18006 instances. 
INFO  @ Wed, 22 Feb 2023 16:14:51: Thread 0: Calculating A1CF (1) ...  
INFO  @ Wed, 22 Feb 2023 16:14:58: Thread 0: Calculating ARNT2 (1001) ...  
INFO  @ Wed, 22 Feb 2023 16:15:05: Thread 0: Calculating C2orf44 (2001) ...  
INFO  @ Wed, 22 Feb 2023 16:15:11: Thread 0: Calculating CERS6 (3001) ...  
INFO  @ Wed, 22 Feb 2023 16:15:18: Thread 0: Calculating DBH (4001) ...  
INFO  @ Wed, 22 Feb 2023 16:15:25: Thread 0: Calculating ERCC6L2 (5001) ...  
INFO  @ Wed, 22 Feb 2023 16:15:32: Thread 0: Calculating GANC (6001) ...  
INFO  @ Wed, 22 Feb 2023 16:15:39: Thread 0: Calculating HMBS (7001) ...  
INFO  @ Wed, 22 Feb 2023 16:15:46: Thread 0: Calculating KIAA1147 (8001) ...  
INFO  @ Wed, 22 Feb 2023 16:15:52: Thread 0: Calculating MAGOH (9001) ...  
INFO  @ Wed, 22 Feb 2023 16:16:00: Thread 0: Calculating NANOS3 (10001) ...  
INFO  @ Wed, 22 Feb 2023 16:16:06: Thread 0: Calculating PAXIP1 (11001) ...  
INFO  @ Wed, 22 Feb 2023 16:16:13: Thread 0: Calculating PRG4 (12001) ...  
INFO  @ Wed, 22 Feb 2023 16:16:20: Thread 0: Calculating RNF151 (13001) ...  
INFO  @ Wed, 22 Feb 2023 16:16:27: Thread 0: Calculating SLC25A11 (14001) ...  
INFO  @ Wed, 22 Feb 2023 16:16:34: Thread 0: Calculating SUMO4 (15001) ...  
INFO  @ Wed, 22 Feb 2023 16:16:41: Thread 0: Calculating TNKS2 (16001) ...  
INFO  @ Wed, 22 Feb 2023 16:16:47: Thread 0: Calculating WDHD1 (17001) ...  
INFO  @ Wed, 22 Feb 2023 16:16:54: Thread 0: Calculating ZYG11A (18001) ...  
INFO  @ Wed, 22 Feb 2023 16:16:54: Thread 0 completed. 
INFO  @ Wed, 22 Feb 2023 16:16:54: All threads completed. 
INFO  @ Wed, 22 Feb 2023 16:16:58: Permuting round 1 ... 
INFO  @ Wed, 22 Feb 2023 16:16:59: Thread 0 started. 
INFO  @ Wed, 22 Feb 2023 16:16:59: Thread 0: total 18006 instances. 
INFO  @ Wed, 22 Feb 2023 16:16:59: Thread 0: Calculating A1CF (1) ...  
INFO  @ Wed, 22 Feb 2023 16:17:06: Thread 0: Calculating ARNT2 (1001) ...  
INFO  @ Wed, 22 Feb 2023 16:17:13: Thread 0: Calculating C2orf44 (2001) ...  
INFO  @ Wed, 22 Feb 2023 16:17:19: Thread 0: Calculating CERS6 (3001) ...  
INFO  @ Wed, 22 Feb 2023 16:17:26: Thread 0: Calculating DBH (4001) ...  
INFO  @ Wed, 22 Feb 2023 16:17:33: Thread 0: Calculating ERCC6L2 (5001) ...  
INFO  @ Wed, 22 Feb 2023 16:17:40: Thread 0: Calculating GANC (6001) ...  
INFO  @ Wed, 22 Feb 2023 16:17:47: Thread 0: Calculating HMBS (7001) ...  
INFO  @ Wed, 22 Feb 2023 16:17:54: Thread 0: Calculating KIAA1147 (8001) ...  
INFO  @ Wed, 22 Feb 2023 16:18:01: Thread 0: Calculating MAGOH (9001) ...  
INFO  @ Wed, 22 Feb 2023 16:18:08: Thread 0: Calculating NANOS3 (10001) ...  
INFO  @ Wed, 22 Feb 2023 16:18:15: Thread 0: Calculating PAXIP1 (11001) ...  
INFO  @ Wed, 22 Feb 2023 16:18:22: Thread 0: Calculating PRG4 (12001) ...  
INFO  @ Wed, 22 Feb 2023 16:18:29: Thread 0: Calculating RNF151 (13001) ...  
INFO  @ Wed, 22 Feb 2023 16:18:36: Thread 0: Calculating SLC25A11 (14001) ...  
INFO  @ Wed, 22 Feb 2023 16:18:42: Thread 0: Calculating SUMO4 (15001) ...  
INFO  @ Wed, 22 Feb 2023 16:18:49: Thread 0: Calculating TNKS2 (16001) ...  
INFO  @ Wed, 22 Feb 2023 16:18:56: Thread 0: Calculating WDHD1 (17001) ...  
INFO  @ Wed, 22 Feb 2023 16:19:03: Thread 0: Calculating ZYG11A (18001) ...  
INFO  @ Wed, 22 Feb 2023 16:19:03: Thread 0 completed. 
INFO  @ Wed, 22 Feb 2023 16:19:03: All threads completed. 
INFO  @ Wed, 22 Feb 2023 16:19:07: Assigning p values... 
INFO  @ Wed, 22 Feb 2023 16:19:07: Permuting groups of gene with 18 sgRNAs per gene. Group progress: 18/22 
INFO  @ Wed, 22 Feb 2023 16:19:07: Start permuting 2 rounds ... 
INFO  @ Wed, 22 Feb 2023 16:19:08: Collecting 90025 sgRNAs from 18006 genes. 
INFO  @ Wed, 22 Feb 2023 16:19:09: Permuting round 0 ... 
INFO  @ Wed, 22 Feb 2023 16:19:10: Thread 0 started. 
INFO  @ Wed, 22 Feb 2023 16:19:10: Thread 0: total 18006 instances. 
INFO  @ Wed, 22 Feb 2023 16:19:10: Thread 0: Calculating A1CF (1) ...  
INFO  @ Wed, 22 Feb 2023 16:19:17: Thread 0: Calculating ARNT2 (1001) ...  
INFO  @ Wed, 22 Feb 2023 16:19:24: Thread 0: Calculating C2orf44 (2001) ...  
INFO  @ Wed, 22 Feb 2023 16:19:31: Thread 0: Calculating CERS6 (3001) ...  
INFO  @ Wed, 22 Feb 2023 16:19:38: Thread 0: Calculating DBH (4001) ...  
INFO  @ Wed, 22 Feb 2023 16:19:45: Thread 0: Calculating ERCC6L2 (5001) ...  
INFO  @ Wed, 22 Feb 2023 16:19:52: Thread 0: Calculating GANC (6001) ...  
INFO  @ Wed, 22 Feb 2023 16:19:59: Thread 0: Calculating HMBS (7001) ...  
INFO  @ Wed, 22 Feb 2023 16:20:06: Thread 0: Calculating KIAA1147 (8001) ...  
INFO  @ Wed, 22 Feb 2023 16:20:13: Thread 0: Calculating MAGOH (9001) ...  
INFO  @ Wed, 22 Feb 2023 16:20:20: Thread 0: Calculating NANOS3 (10001) ...  
INFO  @ Wed, 22 Feb 2023 16:20:27: Thread 0: Calculating PAXIP1 (11001) ...  
INFO  @ Wed, 22 Feb 2023 16:20:34: Thread 0: Calculating PRG4 (12001) ...  
INFO  @ Wed, 22 Feb 2023 16:20:41: Thread 0: Calculating RNF151 (13001) ...  
INFO  @ Wed, 22 Feb 2023 16:20:49: Thread 0: Calculating SLC25A11 (14001) ...  
INFO  @ Wed, 22 Feb 2023 16:20:56: Thread 0: Calculating SUMO4 (15001) ...  
INFO  @ Wed, 22 Feb 2023 16:21:03: Thread 0: Calculating TNKS2 (16001) ...  
INFO  @ Wed, 22 Feb 2023 16:21:10: Thread 0: Calculating WDHD1 (17001) ...  
INFO  @ Wed, 22 Feb 2023 16:21:17: Thread 0: Calculating ZYG11A (18001) ...  
INFO  @ Wed, 22 Feb 2023 16:21:17: Thread 0 completed. 
INFO  @ Wed, 22 Feb 2023 16:21:17: All threads completed. 
INFO  @ Wed, 22 Feb 2023 16:21:21: Permuting round 1 ... 
INFO  @ Wed, 22 Feb 2023 16:21:22: Thread 0 started. 
INFO  @ Wed, 22 Feb 2023 16:21:22: Thread 0: total 18006 instances. 
INFO  @ Wed, 22 Feb 2023 16:21:22: Thread 0: Calculating A1CF (1) ...  
INFO  @ Wed, 22 Feb 2023 16:21:29: Thread 0: Calculating ARNT2 (1001) ...  
INFO  @ Wed, 22 Feb 2023 16:21:36: Thread 0: Calculating C2orf44 (2001) ...  
INFO  @ Wed, 22 Feb 2023 16:21:44: Thread 0: Calculating CERS6 (3001) ...  
INFO  @ Wed, 22 Feb 2023 16:21:51: Thread 0: Calculating DBH (4001) ...  
INFO  @ Wed, 22 Feb 2023 16:21:59: Thread 0: Calculating ERCC6L2 (5001) ...  
INFO  @ Wed, 22 Feb 2023 16:22:06: Thread 0: Calculating GANC (6001) ...  
INFO  @ Wed, 22 Feb 2023 16:22:13: Thread 0: Calculating HMBS (7001) ...  
INFO  @ Wed, 22 Feb 2023 16:22:21: Thread 0: Calculating KIAA1147 (8001) ...  
INFO  @ Wed, 22 Feb 2023 16:22:28: Thread 0: Calculating MAGOH (9001) ...  
INFO  @ Wed, 22 Feb 2023 16:22:36: Thread 0: Calculating NANOS3 (10001) ...  
INFO  @ Wed, 22 Feb 2023 16:22:43: Thread 0: Calculating PAXIP1 (11001) ...  
INFO  @ Wed, 22 Feb 2023 16:22:50: Thread 0: Calculating PRG4 (12001) ...  
INFO  @ Wed, 22 Feb 2023 16:22:58: Thread 0: Calculating RNF151 (13001) ...  
INFO  @ Wed, 22 Feb 2023 16:23:05: Thread 0: Calculating SLC25A11 (14001) ...  
INFO  @ Wed, 22 Feb 2023 16:23:13: Thread 0: Calculating SUMO4 (15001) ...  
INFO  @ Wed, 22 Feb 2023 16:23:20: Thread 0: Calculating TNKS2 (16001) ...  
INFO  @ Wed, 22 Feb 2023 16:23:28: Thread 0: Calculating WDHD1 (17001) ...  
INFO  @ Wed, 22 Feb 2023 16:23:35: Thread 0: Calculating ZYG11A (18001) ...  
INFO  @ Wed, 22 Feb 2023 16:23:35: Thread 0 completed. 
INFO  @ Wed, 22 Feb 2023 16:23:35: All threads completed. 
INFO  @ Wed, 22 Feb 2023 16:23:39: Assigning p values... 
INFO  @ Wed, 22 Feb 2023 16:23:39: Permuting groups of gene with 19 sgRNAs per gene. Group progress: 19/22 
INFO  @ Wed, 22 Feb 2023 16:23:39: Start permuting 2 rounds ... 
INFO  @ Wed, 22 Feb 2023 16:23:40: Collecting 90025 sgRNAs from 18006 genes. 
INFO  @ Wed, 22 Feb 2023 16:23:41: Permuting round 0 ... 
INFO  @ Wed, 22 Feb 2023 16:23:42: Thread 0 started. 
INFO  @ Wed, 22 Feb 2023 16:23:42: Thread 0: total 18006 instances. 
INFO  @ Wed, 22 Feb 2023 16:23:42: Thread 0: Calculating A1CF (1) ...  
INFO  @ Wed, 22 Feb 2023 16:23:49: Thread 0: Calculating ARNT2 (1001) ...  
INFO  @ Wed, 22 Feb 2023 16:23:56: Thread 0: Calculating C2orf44 (2001) ...  
INFO  @ Wed, 22 Feb 2023 16:24:04: Thread 0: Calculating CERS6 (3001) ...  
INFO  @ Wed, 22 Feb 2023 16:24:11: Thread 0: Calculating DBH (4001) ...  
INFO  @ Wed, 22 Feb 2023 16:24:18: Thread 0: Calculating ERCC6L2 (5001) ...  
INFO  @ Wed, 22 Feb 2023 16:24:26: Thread 0: Calculating GANC (6001) ...  
INFO  @ Wed, 22 Feb 2023 16:24:33: Thread 0: Calculating HMBS (7001) ...  
INFO  @ Wed, 22 Feb 2023 16:24:40: Thread 0: Calculating KIAA1147 (8001) ...  
INFO  @ Wed, 22 Feb 2023 16:24:48: Thread 0: Calculating MAGOH (9001) ...  
INFO  @ Wed, 22 Feb 2023 16:24:55: Thread 0: Calculating NANOS3 (10001) ...  
INFO  @ Wed, 22 Feb 2023 16:25:02: Thread 0: Calculating PAXIP1 (11001) ...  
INFO  @ Wed, 22 Feb 2023 16:25:09: Thread 0: Calculating PRG4 (12001) ...  
INFO  @ Wed, 22 Feb 2023 16:25:17: Thread 0: Calculating RNF151 (13001) ...  
INFO  @ Wed, 22 Feb 2023 16:25:24: Thread 0: Calculating SLC25A11 (14001) ...  
INFO  @ Wed, 22 Feb 2023 16:25:32: Thread 0: Calculating SUMO4 (15001) ...  
INFO  @ Wed, 22 Feb 2023 16:25:39: Thread 0: Calculating TNKS2 (16001) ...  
INFO  @ Wed, 22 Feb 2023 16:25:46: Thread 0: Calculating WDHD1 (17001) ...  
INFO  @ Wed, 22 Feb 2023 16:25:54: Thread 0: Calculating ZYG11A (18001) ...  
INFO  @ Wed, 22 Feb 2023 16:25:54: Thread 0 completed. 
INFO  @ Wed, 22 Feb 2023 16:25:54: All threads completed. 
INFO  @ Wed, 22 Feb 2023 16:25:58: Permuting round 1 ... 
INFO  @ Wed, 22 Feb 2023 16:25:58: Thread 0 started. 
INFO  @ Wed, 22 Feb 2023 16:25:58: Thread 0: total 18006 instances. 
INFO  @ Wed, 22 Feb 2023 16:25:58: Thread 0: Calculating A1CF (1) ...  
INFO  @ Wed, 22 Feb 2023 16:26:06: Thread 0: Calculating ARNT2 (1001) ...  
INFO  @ Wed, 22 Feb 2023 16:26:13: Thread 0: Calculating C2orf44 (2001) ...  
INFO  @ Wed, 22 Feb 2023 16:26:21: Thread 0: Calculating CERS6 (3001) ...  
INFO  @ Wed, 22 Feb 2023 16:26:28: Thread 0: Calculating DBH (4001) ...  
INFO  @ Wed, 22 Feb 2023 16:26:36: Thread 0: Calculating ERCC6L2 (5001) ...  
INFO  @ Wed, 22 Feb 2023 16:26:43: Thread 0: Calculating GANC (6001) ...  
INFO  @ Wed, 22 Feb 2023 16:26:51: Thread 0: Calculating HMBS (7001) ...  
INFO  @ Wed, 22 Feb 2023 16:26:58: Thread 0: Calculating KIAA1147 (8001) ...  
INFO  @ Wed, 22 Feb 2023 16:27:06: Thread 0: Calculating MAGOH (9001) ...  
INFO  @ Wed, 22 Feb 2023 16:27:13: Thread 0: Calculating NANOS3 (10001) ...  
INFO  @ Wed, 22 Feb 2023 16:27:21: Thread 0: Calculating PAXIP1 (11001) ...  
INFO  @ Wed, 22 Feb 2023 16:27:28: Thread 0: Calculating PRG4 (12001) ...  
INFO  @ Wed, 22 Feb 2023 16:27:36: Thread 0: Calculating RNF151 (13001) ...  
INFO  @ Wed, 22 Feb 2023 16:27:43: Thread 0: Calculating SLC25A11 (14001) ...  
INFO  @ Wed, 22 Feb 2023 16:27:51: Thread 0: Calculating SUMO4 (15001) ...  
INFO  @ Wed, 22 Feb 2023 16:27:58: Thread 0: Calculating TNKS2 (16001) ...  
INFO  @ Wed, 22 Feb 2023 16:28:06: Thread 0: Calculating WDHD1 (17001) ...  
INFO  @ Wed, 22 Feb 2023 16:28:13: Thread 0: Calculating ZYG11A (18001) ...  
INFO  @ Wed, 22 Feb 2023 16:28:13: Thread 0 completed. 
INFO  @ Wed, 22 Feb 2023 16:28:13: All threads completed. 
INFO  @ Wed, 22 Feb 2023 16:28:17: Assigning p values... 
INFO  @ Wed, 22 Feb 2023 16:28:18: Permuting groups of gene with 22 sgRNAs per gene. Group progress: 20/22 
INFO  @ Wed, 22 Feb 2023 16:28:18: Start permuting 2 rounds ... 
INFO  @ Wed, 22 Feb 2023 16:28:18: Collecting 90025 sgRNAs from 18006 genes. 
INFO  @ Wed, 22 Feb 2023 16:28:19: Permuting round 0 ... 
INFO  @ Wed, 22 Feb 2023 16:28:20: Thread 0 started. 
INFO  @ Wed, 22 Feb 2023 16:28:20: Thread 0: total 18006 instances. 
INFO  @ Wed, 22 Feb 2023 16:28:20: Thread 0: Calculating A1CF (1) ...  
INFO  @ Wed, 22 Feb 2023 16:28:28: Thread 0: Calculating ARNT2 (1001) ...  
INFO  @ Wed, 22 Feb 2023 16:28:37: Thread 0: Calculating C2orf44 (2001) ...  
INFO  @ Wed, 22 Feb 2023 16:28:45: Thread 0: Calculating CERS6 (3001) ...  
INFO  @ Wed, 22 Feb 2023 16:28:53: Thread 0: Calculating DBH (4001) ...  
INFO  @ Wed, 22 Feb 2023 16:29:02: Thread 0: Calculating ERCC6L2 (5001) ...  
INFO  @ Wed, 22 Feb 2023 16:29:10: Thread 0: Calculating GANC (6001) ...  
INFO  @ Wed, 22 Feb 2023 16:29:18: Thread 0: Calculating HMBS (7001) ...  
INFO  @ Wed, 22 Feb 2023 16:29:27: Thread 0: Calculating KIAA1147 (8001) ...  
INFO  @ Wed, 22 Feb 2023 16:29:35: Thread 0: Calculating MAGOH (9001) ...  
INFO  @ Wed, 22 Feb 2023 16:29:44: Thread 0: Calculating NANOS3 (10001) ...  
INFO  @ Wed, 22 Feb 2023 16:29:52: Thread 0: Calculating PAXIP1 (11001) ...  
INFO  @ Wed, 22 Feb 2023 16:30:00: Thread 0: Calculating PRG4 (12001) ...  
INFO  @ Wed, 22 Feb 2023 16:30:09: Thread 0: Calculating RNF151 (13001) ...  
INFO  @ Wed, 22 Feb 2023 16:30:17: Thread 0: Calculating SLC25A11 (14001) ...  
INFO  @ Wed, 22 Feb 2023 16:30:25: Thread 0: Calculating SUMO4 (15001) ...  
INFO  @ Wed, 22 Feb 2023 16:30:33: Thread 0: Calculating TNKS2 (16001) ...  
INFO  @ Wed, 22 Feb 2023 16:30:42: Thread 0: Calculating WDHD1 (17001) ...  
INFO  @ Wed, 22 Feb 2023 16:30:50: Thread 0: Calculating ZYG11A (18001) ...  
INFO  @ Wed, 22 Feb 2023 16:30:50: Thread 0 completed. 
INFO  @ Wed, 22 Feb 2023 16:30:50: All threads completed. 
INFO  @ Wed, 22 Feb 2023 16:30:54: Permuting round 1 ... 
INFO  @ Wed, 22 Feb 2023 16:30:55: Thread 0 started. 
INFO  @ Wed, 22 Feb 2023 16:30:55: Thread 0: total 18006 instances. 
INFO  @ Wed, 22 Feb 2023 16:30:55: Thread 0: Calculating A1CF (1) ...  
INFO  @ Wed, 22 Feb 2023 16:31:03: Thread 0: Calculating ARNT2 (1001) ...  
INFO  @ Wed, 22 Feb 2023 16:31:12: Thread 0: Calculating C2orf44 (2001) ...  
INFO  @ Wed, 22 Feb 2023 16:31:20: Thread 0: Calculating CERS6 (3001) ...  
INFO  @ Wed, 22 Feb 2023 16:31:29: Thread 0: Calculating DBH (4001) ...  
INFO  @ Wed, 22 Feb 2023 16:31:37: Thread 0: Calculating ERCC6L2 (5001) ...  
INFO  @ Wed, 22 Feb 2023 16:31:45: Thread 0: Calculating GANC (6001) ...  
INFO  @ Wed, 22 Feb 2023 16:31:54: Thread 0: Calculating HMBS (7001) ...  
INFO  @ Wed, 22 Feb 2023 16:32:03: Thread 0: Calculating KIAA1147 (8001) ...  
INFO  @ Wed, 22 Feb 2023 16:32:11: Thread 0: Calculating MAGOH (9001) ...  
INFO  @ Wed, 22 Feb 2023 16:32:19: Thread 0: Calculating NANOS3 (10001) ...  
INFO  @ Wed, 22 Feb 2023 16:32:28: Thread 0: Calculating PAXIP1 (11001) ...  
INFO  @ Wed, 22 Feb 2023 16:32:36: Thread 0: Calculating PRG4 (12001) ...  
INFO  @ Wed, 22 Feb 2023 16:32:44: Thread 0: Calculating RNF151 (13001) ...  
INFO  @ Wed, 22 Feb 2023 16:32:53: Thread 0: Calculating SLC25A11 (14001) ...  
INFO  @ Wed, 22 Feb 2023 16:33:01: Thread 0: Calculating SUMO4 (15001) ...  
INFO  @ Wed, 22 Feb 2023 16:33:09: Thread 0: Calculating TNKS2 (16001) ...  
INFO  @ Wed, 22 Feb 2023 16:33:18: Thread 0: Calculating WDHD1 (17001) ...  
INFO  @ Wed, 22 Feb 2023 16:33:26: Thread 0: Calculating ZYG11A (18001) ...  
INFO  @ Wed, 22 Feb 2023 16:33:26: Thread 0 completed. 
INFO  @ Wed, 22 Feb 2023 16:33:26: All threads completed. 
INFO  @ Wed, 22 Feb 2023 16:33:30: Assigning p values... 
INFO  @ Wed, 22 Feb 2023 16:33:30: Permuting groups of gene with 23 sgRNAs per gene. Group progress: 21/22 
INFO  @ Wed, 22 Feb 2023 16:33:30: Start permuting 2 rounds ... 
INFO  @ Wed, 22 Feb 2023 16:33:31: Collecting 90025 sgRNAs from 18006 genes. 
INFO  @ Wed, 22 Feb 2023 16:33:32: Permuting round 0 ... 
INFO  @ Wed, 22 Feb 2023 16:33:33: Thread 0 started. 
INFO  @ Wed, 22 Feb 2023 16:33:33: Thread 0: total 18006 instances. 
INFO  @ Wed, 22 Feb 2023 16:33:33: Thread 0: Calculating A1CF (1) ...  
INFO  @ Wed, 22 Feb 2023 16:33:41: Thread 0: Calculating ARNT2 (1001) ...  
INFO  @ Wed, 22 Feb 2023 16:33:50: Thread 0: Calculating C2orf44 (2001) ...  
INFO  @ Wed, 22 Feb 2023 16:33:58: Thread 0: Calculating CERS6 (3001) ...  
INFO  @ Wed, 22 Feb 2023 16:34:06: Thread 0: Calculating DBH (4001) ...  
INFO  @ Wed, 22 Feb 2023 16:34:15: Thread 0: Calculating ERCC6L2 (5001) ...  
INFO  @ Wed, 22 Feb 2023 16:34:23: Thread 0: Calculating GANC (6001) ...  
INFO  @ Wed, 22 Feb 2023 16:34:32: Thread 0: Calculating HMBS (7001) ...  
INFO  @ Wed, 22 Feb 2023 16:34:40: Thread 0: Calculating KIAA1147 (8001) ...  
INFO  @ Wed, 22 Feb 2023 16:34:48: Thread 0: Calculating MAGOH (9001) ...  
INFO  @ Wed, 22 Feb 2023 16:34:57: Thread 0: Calculating NANOS3 (10001) ...  
INFO  @ Wed, 22 Feb 2023 16:35:05: Thread 0: Calculating PAXIP1 (11001) ...  
INFO  @ Wed, 22 Feb 2023 16:35:13: Thread 0: Calculating PRG4 (12001) ...  
INFO  @ Wed, 22 Feb 2023 16:35:22: Thread 0: Calculating RNF151 (13001) ...  
INFO  @ Wed, 22 Feb 2023 16:35:30: Thread 0: Calculating SLC25A11 (14001) ...  
INFO  @ Wed, 22 Feb 2023 16:35:39: Thread 0: Calculating SUMO4 (15001) ...  
INFO  @ Wed, 22 Feb 2023 16:35:47: Thread 0: Calculating TNKS2 (16001) ...  
INFO  @ Wed, 22 Feb 2023 16:35:55: Thread 0: Calculating WDHD1 (17001) ...  
INFO  @ Wed, 22 Feb 2023 16:36:04: Thread 0: Calculating ZYG11A (18001) ...  
INFO  @ Wed, 22 Feb 2023 16:36:04: Thread 0 completed. 
INFO  @ Wed, 22 Feb 2023 16:36:04: All threads completed. 
INFO  @ Wed, 22 Feb 2023 16:36:08: Permuting round 1 ... 
INFO  @ Wed, 22 Feb 2023 16:36:08: Thread 0 started. 
INFO  @ Wed, 22 Feb 2023 16:36:08: Thread 0: total 18006 instances. 
INFO  @ Wed, 22 Feb 2023 16:36:08: Thread 0: Calculating A1CF (1) ...  
INFO  @ Wed, 22 Feb 2023 16:36:17: Thread 0: Calculating ARNT2 (1001) ...  
INFO  @ Wed, 22 Feb 2023 16:36:26: Thread 0: Calculating C2orf44 (2001) ...  
INFO  @ Wed, 22 Feb 2023 16:36:34: Thread 0: Calculating CERS6 (3001) ...  
INFO  @ Wed, 22 Feb 2023 16:36:43: Thread 0: Calculating DBH (4001) ...  
INFO  @ Wed, 22 Feb 2023 16:36:51: Thread 0: Calculating ERCC6L2 (5001) ...  
INFO  @ Wed, 22 Feb 2023 16:37:00: Thread 0: Calculating GANC (6001) ...  
INFO  @ Wed, 22 Feb 2023 16:37:08: Thread 0: Calculating HMBS (7001) ...  
INFO  @ Wed, 22 Feb 2023 16:37:17: Thread 0: Calculating KIAA1147 (8001) ...  
INFO  @ Wed, 22 Feb 2023 16:37:25: Thread 0: Calculating MAGOH (9001) ...  
INFO  @ Wed, 22 Feb 2023 16:37:33: Thread 0: Calculating NANOS3 (10001) ...  
INFO  @ Wed, 22 Feb 2023 16:37:42: Thread 0: Calculating PAXIP1 (11001) ...  
INFO  @ Wed, 22 Feb 2023 16:37:50: Thread 0: Calculating PRG4 (12001) ...  
INFO  @ Wed, 22 Feb 2023 16:37:59: Thread 0: Calculating RNF151 (13001) ...  
INFO  @ Wed, 22 Feb 2023 16:38:07: Thread 0: Calculating SLC25A11 (14001) ...  
INFO  @ Wed, 22 Feb 2023 16:38:16: Thread 0: Calculating SUMO4 (15001) ...  
INFO  @ Wed, 22 Feb 2023 16:38:24: Thread 0: Calculating TNKS2 (16001) ...  
INFO  @ Wed, 22 Feb 2023 16:38:33: Thread 0: Calculating WDHD1 (17001) ...  
INFO  @ Wed, 22 Feb 2023 16:38:41: Thread 0: Calculating ZYG11A (18001) ...  
INFO  @ Wed, 22 Feb 2023 16:38:41: Thread 0 completed. 
INFO  @ Wed, 22 Feb 2023 16:38:41: All threads completed. 
INFO  @ Wed, 22 Feb 2023 16:38:45: Assigning p values... 
INFO  @ Wed, 22 Feb 2023 16:38:46: Permuting groups of gene with 26 sgRNAs per gene. Group progress: 22/22 
INFO  @ Wed, 22 Feb 2023 16:38:46: Start permuting 2 rounds ... 
INFO  @ Wed, 22 Feb 2023 16:38:46: Collecting 90025 sgRNAs from 18006 genes. 
INFO  @ Wed, 22 Feb 2023 16:38:47: Permuting round 0 ... 
INFO  @ Wed, 22 Feb 2023 16:38:48: Thread 0 started. 
INFO  @ Wed, 22 Feb 2023 16:38:48: Thread 0: total 18006 instances. 
INFO  @ Wed, 22 Feb 2023 16:38:48: Thread 0: Calculating A1CF (1) ...  
INFO  @ Wed, 22 Feb 2023 16:38:58: Thread 0: Calculating ARNT2 (1001) ...  
INFO  @ Wed, 22 Feb 2023 16:39:07: Thread 0: Calculating C2orf44 (2001) ...  
INFO  @ Wed, 22 Feb 2023 16:39:17: Thread 0: Calculating CERS6 (3001) ...  
INFO  @ Wed, 22 Feb 2023 16:39:27: Thread 0: Calculating DBH (4001) ...  
INFO  @ Wed, 22 Feb 2023 16:39:37: Thread 0: Calculating ERCC6L2 (5001) ...  
INFO  @ Wed, 22 Feb 2023 16:39:46: Thread 0: Calculating GANC (6001) ...  
INFO  @ Wed, 22 Feb 2023 16:39:56: Thread 0: Calculating HMBS (7001) ...  
INFO  @ Wed, 22 Feb 2023 16:40:06: Thread 0: Calculating KIAA1147 (8001) ...  
INFO  @ Wed, 22 Feb 2023 16:40:16: Thread 0: Calculating MAGOH (9001) ...  
INFO  @ Wed, 22 Feb 2023 16:40:25: Thread 0: Calculating NANOS3 (10001) ...  
INFO  @ Wed, 22 Feb 2023 16:40:36: Thread 0: Calculating PAXIP1 (11001) ...  
INFO  @ Wed, 22 Feb 2023 16:40:45: Thread 0: Calculating PRG4 (12001) ...  
INFO  @ Wed, 22 Feb 2023 16:40:55: Thread 0: Calculating RNF151 (13001) ...  
INFO  @ Wed, 22 Feb 2023 16:41:05: Thread 0: Calculating SLC25A11 (14001) ...  
INFO  @ Wed, 22 Feb 2023 16:41:15: Thread 0: Calculating SUMO4 (15001) ...  
INFO  @ Wed, 22 Feb 2023 16:41:25: Thread 0: Calculating TNKS2 (16001) ...  
INFO  @ Wed, 22 Feb 2023 16:41:35: Thread 0: Calculating WDHD1 (17001) ...  
INFO  @ Wed, 22 Feb 2023 16:41:44: Thread 0: Calculating ZYG11A (18001) ...  
INFO  @ Wed, 22 Feb 2023 16:41:44: Thread 0 completed. 
INFO  @ Wed, 22 Feb 2023 16:41:44: All threads completed. 
INFO  @ Wed, 22 Feb 2023 16:41:49: Permuting round 1 ... 
INFO  @ Wed, 22 Feb 2023 16:41:50: Thread 0 started. 
INFO  @ Wed, 22 Feb 2023 16:41:50: Thread 0: total 18006 instances. 
INFO  @ Wed, 22 Feb 2023 16:41:50: Thread 0: Calculating A1CF (1) ...  
INFO  @ Wed, 22 Feb 2023 16:42:00: Thread 0: Calculating ARNT2 (1001) ...  
INFO  @ Wed, 22 Feb 2023 16:42:10: Thread 0: Calculating C2orf44 (2001) ...  
INFO  @ Wed, 22 Feb 2023 16:42:20: Thread 0: Calculating CERS6 (3001) ...  
INFO  @ Wed, 22 Feb 2023 16:42:30: Thread 0: Calculating DBH (4001) ...  
INFO  @ Wed, 22 Feb 2023 16:42:40: Thread 0: Calculating ERCC6L2 (5001) ...  
INFO  @ Wed, 22 Feb 2023 16:42:50: Thread 0: Calculating GANC (6001) ...  
INFO  @ Wed, 22 Feb 2023 16:43:00: Thread 0: Calculating HMBS (7001) ...  
INFO  @ Wed, 22 Feb 2023 16:43:10: Thread 0: Calculating KIAA1147 (8001) ...  
INFO  @ Wed, 22 Feb 2023 16:43:20: Thread 0: Calculating MAGOH (9001) ...  
INFO  @ Wed, 22 Feb 2023 16:43:30: Thread 0: Calculating NANOS3 (10001) ...  
INFO  @ Wed, 22 Feb 2023 16:43:40: Thread 0: Calculating PAXIP1 (11001) ...  
INFO  @ Wed, 22 Feb 2023 16:43:50: Thread 0: Calculating PRG4 (12001) ...  
INFO  @ Wed, 22 Feb 2023 16:44:00: Thread 0: Calculating RNF151 (13001) ...  
INFO  @ Wed, 22 Feb 2023 16:44:10: Thread 0: Calculating SLC25A11 (14001) ...  
INFO  @ Wed, 22 Feb 2023 16:44:20: Thread 0: Calculating SUMO4 (15001) ...  
INFO  @ Wed, 22 Feb 2023 16:44:30: Thread 0: Calculating TNKS2 (16001) ...  
INFO  @ Wed, 22 Feb 2023 16:44:40: Thread 0: Calculating WDHD1 (17001) ...  
INFO  @ Wed, 22 Feb 2023 16:44:50: Thread 0: Calculating ZYG11A (18001) ...  
INFO  @ Wed, 22 Feb 2023 16:44:50: Thread 0 completed. 
INFO  @ Wed, 22 Feb 2023 16:44:50: All threads completed. 
INFO  @ Wed, 22 Feb 2023 16:44:55: Assigning p values... 
INFO  @ Wed, 22 Feb 2023 16:44:56: Writing gene results to 921.gene_summary.txt 
INFO  @ Wed, 22 Feb 2023 16:44:56: Writing sgRNA results to 921.sgrna_summary.txt 
