INFO  @ Mon, 11 Sep 2023 19:12:53: Parameters: /home/alessandro.vinceti/miniconda3/envs/mageckenv/bin/mageck mle -k /group/iorio/Alessandro/David_Adams_analysis/results/Mel202/Mel202_count_norm.tsv -d /group/iorio/Alessandro/David_Adams_analysis/results/Mel202/design_matrix.tsv -n Mel202 
INFO  @ Mon, 11 Sep 2023 19:12:55: Cannot parse design matrix as a string; try to parse it as a file name ... 
INFO  @ Mon, 11 Sep 2023 19:12:55: Design matrix: 
INFO  @ Mon, 11 Sep 2023 19:12:55: [[1. 0.] 
INFO  @ Mon, 11 Sep 2023 19:12:55:  [1. 1.] 
INFO  @ Mon, 11 Sep 2023 19:12:55:  [1. 1.] 
INFO  @ Mon, 11 Sep 2023 19:12:55:  [1. 1.]] 
INFO  @ Mon, 11 Sep 2023 19:12:55: Beta labels:baseline,Mel202 
INFO  @ Mon, 11 Sep 2023 19:12:55: Included samples:Plasmid,Mel202_c909R1,Mel202_c909R2,Mel202_c909R3 
INFO  @ Mon, 11 Sep 2023 19:12:55: Loaded samples:Plasmid;Mel202_c909R1;Mel202_c909R2;Mel202_c909R3 
INFO  @ Mon, 11 Sep 2023 19:12:55: Sample index: 0;1;2;3 
INFO  @ Mon, 11 Sep 2023 19:12:55: Loaded 18006 genes. 
DEBUG @ Mon, 11 Sep 2023 19:12:56: Initial (total) size factor: 0.9999999999999869 1.0000000000000038 0.9999999999999893 1.0000000000000202 
DEBUG @ Mon, 11 Sep 2023 19:12:56: Median factor: 1.0059031132989387 1.0133929797344172 1.0104164513008527 1.0065004006948999 
INFO  @ Mon, 11 Sep 2023 19:12:56: Final size factor: 1.0059031132989387 1.0133929797344172 1.0104164513008527 1.0065004006948999 
INFO  @ Mon, 11 Sep 2023 19:12:56: size factor: 0.9941315289505578,0.9867840215965112,0.9896909325977006,0.9935415816124743 
INFO  @ Mon, 11 Sep 2023 19:12:56: Thread 0 started. 
INFO  @ Mon, 11 Sep 2023 19:12:56: Thread 0: total 1 instances. 
INFO  @ Mon, 11 Sep 2023 19:12:56: Thread 0 completed. 
INFO  @ Mon, 11 Sep 2023 19:12:56: All threads completed. 
INFO  @ Mon, 11 Sep 2023 19:12:56: Modeling the mean and variance ... 
INFO  @ Mon, 11 Sep 2023 19:12:56: Run the algorithm for the second time ... 
INFO  @ Mon, 11 Sep 2023 19:12:56: Thread 0 started. 
INFO  @ Mon, 11 Sep 2023 19:12:56: Thread 0: total 18006 instances. 
INFO  @ Mon, 11 Sep 2023 19:12:56: Thread 0: Calculating A1CF (1) ...  
INFO  @ Mon, 11 Sep 2023 19:12:59: Thread 0: Calculating ARNT2 (1001) ...  
INFO  @ Mon, 11 Sep 2023 19:13:02: Thread 0: Calculating C2orf44 (2001) ...  
INFO  @ Mon, 11 Sep 2023 19:13:05: Thread 0: Calculating CERS6 (3001) ...  
INFO  @ Mon, 11 Sep 2023 19:13:07: Thread 0: Calculating DBH (4001) ...  
INFO  @ Mon, 11 Sep 2023 19:13:10: Thread 0: Calculating ERCC6L2 (5001) ...  
INFO  @ Mon, 11 Sep 2023 19:13:13: Thread 0: Calculating GANC (6001) ...  
INFO  @ Mon, 11 Sep 2023 19:13:16: Thread 0: Calculating HMBS (7001) ...  
INFO  @ Mon, 11 Sep 2023 19:13:19: Thread 0: Calculating KIAA1147 (8001) ...  
INFO  @ Mon, 11 Sep 2023 19:13:21: Thread 0: Calculating MAGOH (9001) ...  
INFO  @ Mon, 11 Sep 2023 19:13:24: Thread 0: Calculating NANOS3 (10001) ...  
INFO  @ Mon, 11 Sep 2023 19:13:27: Thread 0: Calculating PAXIP1 (11001) ...  
INFO  @ Mon, 11 Sep 2023 19:13:30: Thread 0: Calculating PRG4 (12001) ...  
INFO  @ Mon, 11 Sep 2023 19:13:32: Thread 0: Calculating RNF151 (13001) ...  
INFO  @ Mon, 11 Sep 2023 19:13:35: Thread 0: Calculating SLC25A11 (14001) ...  
INFO  @ Mon, 11 Sep 2023 19:13:38: Thread 0: Calculating SUMO4 (15001) ...  
INFO  @ Mon, 11 Sep 2023 19:13:41: Thread 0: Calculating TNKS2 (16001) ...  
INFO  @ Mon, 11 Sep 2023 19:13:43: Thread 0: Calculating WDHD1 (17001) ...  
INFO  @ Mon, 11 Sep 2023 19:13:46: Thread 0: Calculating ZYG11A (18001) ...  
INFO  @ Mon, 11 Sep 2023 19:13:46: Thread 0 completed. 
INFO  @ Mon, 11 Sep 2023 19:13:46: All threads completed. 
INFO  @ Mon, 11 Sep 2023 19:13:49: Permuting groups of gene with 1 sgRNAs per gene. Group progress: 1/22 
INFO  @ Mon, 11 Sep 2023 19:13:49: Start permuting 2 rounds ... 
INFO  @ Mon, 11 Sep 2023 19:13:49: Collecting 90025 sgRNAs from 18006 genes. 
INFO  @ Mon, 11 Sep 2023 19:13:50: Permuting round 0 ... 
INFO  @ Mon, 11 Sep 2023 19:13:50: Thread 0 started. 
INFO  @ Mon, 11 Sep 2023 19:13:50: Thread 0: total 18006 instances. 
INFO  @ Mon, 11 Sep 2023 19:13:50: Thread 0: Calculating A1CF (1) ...  
INFO  @ Mon, 11 Sep 2023 19:13:52: Thread 0: Calculating ARNT2 (1001) ...  
INFO  @ Mon, 11 Sep 2023 19:13:54: Thread 0: Calculating C2orf44 (2001) ...  
INFO  @ Mon, 11 Sep 2023 19:13:56: Thread 0: Calculating CERS6 (3001) ...  
INFO  @ Mon, 11 Sep 2023 19:13:58: Thread 0: Calculating DBH (4001) ...  
INFO  @ Mon, 11 Sep 2023 19:13:59: Thread 0: Calculating ERCC6L2 (5001) ...  
INFO  @ Mon, 11 Sep 2023 19:14:01: Thread 0: Calculating GANC (6001) ...  
INFO  @ Mon, 11 Sep 2023 19:14:03: Thread 0: Calculating HMBS (7001) ...  
INFO  @ Mon, 11 Sep 2023 19:14:05: Thread 0: Calculating KIAA1147 (8001) ...  
INFO  @ Mon, 11 Sep 2023 19:14:06: Thread 0: Calculating MAGOH (9001) ...  
INFO  @ Mon, 11 Sep 2023 19:14:08: Thread 0: Calculating NANOS3 (10001) ...  
INFO  @ Mon, 11 Sep 2023 19:14:10: Thread 0: Calculating PAXIP1 (11001) ...  
INFO  @ Mon, 11 Sep 2023 19:14:12: Thread 0: Calculating PRG4 (12001) ...  
INFO  @ Mon, 11 Sep 2023 19:14:14: Thread 0: Calculating RNF151 (13001) ...  
INFO  @ Mon, 11 Sep 2023 19:14:15: Thread 0: Calculating SLC25A11 (14001) ...  
INFO  @ Mon, 11 Sep 2023 19:14:17: Thread 0: Calculating SUMO4 (15001) ...  
INFO  @ Mon, 11 Sep 2023 19:14:19: Thread 0: Calculating TNKS2 (16001) ...  
INFO  @ Mon, 11 Sep 2023 19:14:21: Thread 0: Calculating WDHD1 (17001) ...  
INFO  @ Mon, 11 Sep 2023 19:14:23: Thread 0: Calculating ZYG11A (18001) ...  
INFO  @ Mon, 11 Sep 2023 19:14:23: Thread 0 completed. 
INFO  @ Mon, 11 Sep 2023 19:14:23: All threads completed. 
INFO  @ Mon, 11 Sep 2023 19:14:26: Permuting round 1 ... 
INFO  @ Mon, 11 Sep 2023 19:14:26: Thread 0 started. 
INFO  @ Mon, 11 Sep 2023 19:14:26: Thread 0: total 18006 instances. 
INFO  @ Mon, 11 Sep 2023 19:14:26: Thread 0: Calculating A1CF (1) ...  
INFO  @ Mon, 11 Sep 2023 19:14:28: Thread 0: Calculating ARNT2 (1001) ...  
INFO  @ Mon, 11 Sep 2023 19:14:30: Thread 0: Calculating C2orf44 (2001) ...  
INFO  @ Mon, 11 Sep 2023 19:14:32: Thread 0: Calculating CERS6 (3001) ...  
INFO  @ Mon, 11 Sep 2023 19:14:33: Thread 0: Calculating DBH (4001) ...  
INFO  @ Mon, 11 Sep 2023 19:14:35: Thread 0: Calculating ERCC6L2 (5001) ...  
INFO  @ Mon, 11 Sep 2023 19:14:37: Thread 0: Calculating GANC (6001) ...  
INFO  @ Mon, 11 Sep 2023 19:14:39: Thread 0: Calculating HMBS (7001) ...  
INFO  @ Mon, 11 Sep 2023 19:14:41: Thread 0: Calculating KIAA1147 (8001) ...  
INFO  @ Mon, 11 Sep 2023 19:14:42: Thread 0: Calculating MAGOH (9001) ...  
INFO  @ Mon, 11 Sep 2023 19:14:44: Thread 0: Calculating NANOS3 (10001) ...  
INFO  @ Mon, 11 Sep 2023 19:14:46: Thread 0: Calculating PAXIP1 (11001) ...  
INFO  @ Mon, 11 Sep 2023 19:14:48: Thread 0: Calculating PRG4 (12001) ...  
INFO  @ Mon, 11 Sep 2023 19:14:49: Thread 0: Calculating RNF151 (13001) ...  
INFO  @ Mon, 11 Sep 2023 19:14:51: Thread 0: Calculating SLC25A11 (14001) ...  
INFO  @ Mon, 11 Sep 2023 19:14:53: Thread 0: Calculating SUMO4 (15001) ...  
INFO  @ Mon, 11 Sep 2023 19:14:55: Thread 0: Calculating TNKS2 (16001) ...  
INFO  @ Mon, 11 Sep 2023 19:14:57: Thread 0: Calculating WDHD1 (17001) ...  
INFO  @ Mon, 11 Sep 2023 19:14:59: Thread 0: Calculating ZYG11A (18001) ...  
INFO  @ Mon, 11 Sep 2023 19:14:59: Thread 0 completed. 
INFO  @ Mon, 11 Sep 2023 19:14:59: All threads completed. 
INFO  @ Mon, 11 Sep 2023 19:15:02: Assigning p values... 
INFO  @ Mon, 11 Sep 2023 19:15:02: Permuting groups of gene with 2 sgRNAs per gene. Group progress: 2/22 
INFO  @ Mon, 11 Sep 2023 19:15:02: Start permuting 2 rounds ... 
INFO  @ Mon, 11 Sep 2023 19:15:02: Collecting 90025 sgRNAs from 18006 genes. 
INFO  @ Mon, 11 Sep 2023 19:15:03: Permuting round 0 ... 
INFO  @ Mon, 11 Sep 2023 19:15:03: Thread 0 started. 
INFO  @ Mon, 11 Sep 2023 19:15:03: Thread 0: total 18006 instances. 
INFO  @ Mon, 11 Sep 2023 19:15:03: Thread 0: Calculating A1CF (1) ...  
INFO  @ Mon, 11 Sep 2023 19:15:06: Thread 0: Calculating ARNT2 (1001) ...  
INFO  @ Mon, 11 Sep 2023 19:15:08: Thread 0: Calculating C2orf44 (2001) ...  
INFO  @ Mon, 11 Sep 2023 19:15:11: Thread 0: Calculating CERS6 (3001) ...  
INFO  @ Mon, 11 Sep 2023 19:15:13: Thread 0: Calculating DBH (4001) ...  
INFO  @ Mon, 11 Sep 2023 19:15:16: Thread 0: Calculating ERCC6L2 (5001) ...  
INFO  @ Mon, 11 Sep 2023 19:15:18: Thread 0: Calculating GANC (6001) ...  
INFO  @ Mon, 11 Sep 2023 19:15:21: Thread 0: Calculating HMBS (7001) ...  
INFO  @ Mon, 11 Sep 2023 19:15:23: Thread 0: Calculating KIAA1147 (8001) ...  
INFO  @ Mon, 11 Sep 2023 19:15:25: Thread 0: Calculating MAGOH (9001) ...  
INFO  @ Mon, 11 Sep 2023 19:15:28: Thread 0: Calculating NANOS3 (10001) ...  
INFO  @ Mon, 11 Sep 2023 19:15:30: Thread 0: Calculating PAXIP1 (11001) ...  
INFO  @ Mon, 11 Sep 2023 19:15:33: Thread 0: Calculating PRG4 (12001) ...  
INFO  @ Mon, 11 Sep 2023 19:15:35: Thread 0: Calculating RNF151 (13001) ...  
INFO  @ Mon, 11 Sep 2023 19:15:38: Thread 0: Calculating SLC25A11 (14001) ...  
INFO  @ Mon, 11 Sep 2023 19:15:40: Thread 0: Calculating SUMO4 (15001) ...  
INFO  @ Mon, 11 Sep 2023 19:15:43: Thread 0: Calculating TNKS2 (16001) ...  
INFO  @ Mon, 11 Sep 2023 19:15:45: Thread 0: Calculating WDHD1 (17001) ...  
INFO  @ Mon, 11 Sep 2023 19:15:48: Thread 0: Calculating ZYG11A (18001) ...  
INFO  @ Mon, 11 Sep 2023 19:15:48: Thread 0 completed. 
INFO  @ Mon, 11 Sep 2023 19:15:48: All threads completed. 
INFO  @ Mon, 11 Sep 2023 19:15:51: Permuting round 1 ... 
INFO  @ Mon, 11 Sep 2023 19:15:51: Thread 0 started. 
INFO  @ Mon, 11 Sep 2023 19:15:51: Thread 0: total 18006 instances. 
INFO  @ Mon, 11 Sep 2023 19:15:51: Thread 0: Calculating A1CF (1) ...  
INFO  @ Mon, 11 Sep 2023 19:15:53: Thread 0: Calculating ARNT2 (1001) ...  
INFO  @ Mon, 11 Sep 2023 19:15:56: Thread 0: Calculating C2orf44 (2001) ...  
INFO  @ Mon, 11 Sep 2023 19:15:58: Thread 0: Calculating CERS6 (3001) ...  
INFO  @ Mon, 11 Sep 2023 19:16:01: Thread 0: Calculating DBH (4001) ...  
INFO  @ Mon, 11 Sep 2023 19:16:03: Thread 0: Calculating ERCC6L2 (5001) ...  
INFO  @ Mon, 11 Sep 2023 19:16:06: Thread 0: Calculating GANC (6001) ...  
INFO  @ Mon, 11 Sep 2023 19:16:08: Thread 0: Calculating HMBS (7001) ...  
INFO  @ Mon, 11 Sep 2023 19:16:11: Thread 0: Calculating KIAA1147 (8001) ...  
INFO  @ Mon, 11 Sep 2023 19:16:13: Thread 0: Calculating MAGOH (9001) ...  
INFO  @ Mon, 11 Sep 2023 19:16:16: Thread 0: Calculating NANOS3 (10001) ...  
INFO  @ Mon, 11 Sep 2023 19:16:18: Thread 0: Calculating PAXIP1 (11001) ...  
INFO  @ Mon, 11 Sep 2023 19:16:20: Thread 0: Calculating PRG4 (12001) ...  
INFO  @ Mon, 11 Sep 2023 19:16:23: Thread 0: Calculating RNF151 (13001) ...  
INFO  @ Mon, 11 Sep 2023 19:16:26: Thread 0: Calculating SLC25A11 (14001) ...  
INFO  @ Mon, 11 Sep 2023 19:16:28: Thread 0: Calculating SUMO4 (15001) ...  
INFO  @ Mon, 11 Sep 2023 19:16:30: Thread 0: Calculating TNKS2 (16001) ...  
INFO  @ Mon, 11 Sep 2023 19:16:33: Thread 0: Calculating WDHD1 (17001) ...  
INFO  @ Mon, 11 Sep 2023 19:16:35: Thread 0: Calculating ZYG11A (18001) ...  
INFO  @ Mon, 11 Sep 2023 19:16:35: Thread 0 completed. 
INFO  @ Mon, 11 Sep 2023 19:16:35: All threads completed. 
INFO  @ Mon, 11 Sep 2023 19:16:38: Assigning p values... 
INFO  @ Mon, 11 Sep 2023 19:16:38: Permuting groups of gene with 3 sgRNAs per gene. Group progress: 3/22 
INFO  @ Mon, 11 Sep 2023 19:16:38: Start permuting 2 rounds ... 
INFO  @ Mon, 11 Sep 2023 19:16:39: Collecting 90025 sgRNAs from 18006 genes. 
INFO  @ Mon, 11 Sep 2023 19:16:40: Permuting round 0 ... 
INFO  @ Mon, 11 Sep 2023 19:16:40: Thread 0 started. 
INFO  @ Mon, 11 Sep 2023 19:16:40: Thread 0: total 18006 instances. 
INFO  @ Mon, 11 Sep 2023 19:16:40: Thread 0: Calculating A1CF (1) ...  
INFO  @ Mon, 11 Sep 2023 19:16:43: Thread 0: Calculating ARNT2 (1001) ...  
INFO  @ Mon, 11 Sep 2023 19:16:45: Thread 0: Calculating C2orf44 (2001) ...  
INFO  @ Mon, 11 Sep 2023 19:16:48: Thread 0: Calculating CERS6 (3001) ...  
INFO  @ Mon, 11 Sep 2023 19:16:51: Thread 0: Calculating DBH (4001) ...  
INFO  @ Mon, 11 Sep 2023 19:16:54: Thread 0: Calculating ERCC6L2 (5001) ...  
INFO  @ Mon, 11 Sep 2023 19:16:56: Thread 0: Calculating GANC (6001) ...  
INFO  @ Mon, 11 Sep 2023 19:16:59: Thread 0: Calculating HMBS (7001) ...  
INFO  @ Mon, 11 Sep 2023 19:17:02: Thread 0: Calculating KIAA1147 (8001) ...  
INFO  @ Mon, 11 Sep 2023 19:17:05: Thread 0: Calculating MAGOH (9001) ...  
INFO  @ Mon, 11 Sep 2023 19:17:08: Thread 0: Calculating NANOS3 (10001) ...  
INFO  @ Mon, 11 Sep 2023 19:17:10: Thread 0: Calculating PAXIP1 (11001) ...  
INFO  @ Mon, 11 Sep 2023 19:17:13: Thread 0: Calculating PRG4 (12001) ...  
INFO  @ Mon, 11 Sep 2023 19:17:16: Thread 0: Calculating RNF151 (13001) ...  
INFO  @ Mon, 11 Sep 2023 19:17:19: Thread 0: Calculating SLC25A11 (14001) ...  
INFO  @ Mon, 11 Sep 2023 19:17:21: Thread 0: Calculating SUMO4 (15001) ...  
INFO  @ Mon, 11 Sep 2023 19:17:24: Thread 0: Calculating TNKS2 (16001) ...  
INFO  @ Mon, 11 Sep 2023 19:17:27: Thread 0: Calculating WDHD1 (17001) ...  
INFO  @ Mon, 11 Sep 2023 19:17:30: Thread 0: Calculating ZYG11A (18001) ...  
INFO  @ Mon, 11 Sep 2023 19:17:30: Thread 0 completed. 
INFO  @ Mon, 11 Sep 2023 19:17:30: All threads completed. 
INFO  @ Mon, 11 Sep 2023 19:17:33: Permuting round 1 ... 
INFO  @ Mon, 11 Sep 2023 19:17:33: Thread 0 started. 
INFO  @ Mon, 11 Sep 2023 19:17:33: Thread 0: total 18006 instances. 
INFO  @ Mon, 11 Sep 2023 19:17:33: Thread 0: Calculating A1CF (1) ...  
INFO  @ Mon, 11 Sep 2023 19:17:36: Thread 0: Calculating ARNT2 (1001) ...  
INFO  @ Mon, 11 Sep 2023 19:17:38: Thread 0: Calculating C2orf44 (2001) ...  
INFO  @ Mon, 11 Sep 2023 19:17:41: Thread 0: Calculating CERS6 (3001) ...  
INFO  @ Mon, 11 Sep 2023 19:17:44: Thread 0: Calculating DBH (4001) ...  
INFO  @ Mon, 11 Sep 2023 19:17:47: Thread 0: Calculating ERCC6L2 (5001) ...  
INFO  @ Mon, 11 Sep 2023 19:17:49: Thread 0: Calculating GANC (6001) ...  
INFO  @ Mon, 11 Sep 2023 19:17:52: Thread 0: Calculating HMBS (7001) ...  
INFO  @ Mon, 11 Sep 2023 19:17:55: Thread 0: Calculating KIAA1147 (8001) ...  
INFO  @ Mon, 11 Sep 2023 19:17:58: Thread 0: Calculating MAGOH (9001) ...  
INFO  @ Mon, 11 Sep 2023 19:18:01: Thread 0: Calculating NANOS3 (10001) ...  
INFO  @ Mon, 11 Sep 2023 19:18:03: Thread 0: Calculating PAXIP1 (11001) ...  
INFO  @ Mon, 11 Sep 2023 19:18:06: Thread 0: Calculating PRG4 (12001) ...  
INFO  @ Mon, 11 Sep 2023 19:18:09: Thread 0: Calculating RNF151 (13001) ...  
INFO  @ Mon, 11 Sep 2023 19:18:11: Thread 0: Calculating SLC25A11 (14001) ...  
INFO  @ Mon, 11 Sep 2023 19:18:14: Thread 0: Calculating SUMO4 (15001) ...  
INFO  @ Mon, 11 Sep 2023 19:18:17: Thread 0: Calculating TNKS2 (16001) ...  
INFO  @ Mon, 11 Sep 2023 19:18:20: Thread 0: Calculating WDHD1 (17001) ...  
INFO  @ Mon, 11 Sep 2023 19:18:22: Thread 0: Calculating ZYG11A (18001) ...  
INFO  @ Mon, 11 Sep 2023 19:18:22: Thread 0 completed. 
INFO  @ Mon, 11 Sep 2023 19:18:22: All threads completed. 
INFO  @ Mon, 11 Sep 2023 19:18:25: Assigning p values... 
INFO  @ Mon, 11 Sep 2023 19:18:26: Permuting groups of gene with 4 sgRNAs per gene. Group progress: 4/22 
INFO  @ Mon, 11 Sep 2023 19:18:26: Start permuting 2 rounds ... 
INFO  @ Mon, 11 Sep 2023 19:18:26: Collecting 90025 sgRNAs from 18006 genes. 
INFO  @ Mon, 11 Sep 2023 19:18:27: Permuting round 0 ... 
INFO  @ Mon, 11 Sep 2023 19:18:27: Thread 0 started. 
INFO  @ Mon, 11 Sep 2023 19:18:27: Thread 0: total 18006 instances. 
INFO  @ Mon, 11 Sep 2023 19:18:27: Thread 0: Calculating A1CF (1) ...  
INFO  @ Mon, 11 Sep 2023 19:18:30: Thread 0: Calculating ARNT2 (1001) ...  
INFO  @ Mon, 11 Sep 2023 19:18:33: Thread 0: Calculating C2orf44 (2001) ...  
INFO  @ Mon, 11 Sep 2023 19:18:36: Thread 0: Calculating CERS6 (3001) ...  
INFO  @ Mon, 11 Sep 2023 19:18:39: Thread 0: Calculating DBH (4001) ...  
INFO  @ Mon, 11 Sep 2023 19:18:42: Thread 0: Calculating ERCC6L2 (5001) ...  
INFO  @ Mon, 11 Sep 2023 19:18:44: Thread 0: Calculating GANC (6001) ...  
INFO  @ Mon, 11 Sep 2023 19:18:47: Thread 0: Calculating HMBS (7001) ...  
INFO  @ Mon, 11 Sep 2023 19:18:50: Thread 0: Calculating KIAA1147 (8001) ...  
INFO  @ Mon, 11 Sep 2023 19:18:53: Thread 0: Calculating MAGOH (9001) ...  
INFO  @ Mon, 11 Sep 2023 19:18:56: Thread 0: Calculating NANOS3 (10001) ...  
INFO  @ Mon, 11 Sep 2023 19:18:59: Thread 0: Calculating PAXIP1 (11001) ...  
INFO  @ Mon, 11 Sep 2023 19:19:02: Thread 0: Calculating PRG4 (12001) ...  
INFO  @ Mon, 11 Sep 2023 19:19:05: Thread 0: Calculating RNF151 (13001) ...  
INFO  @ Mon, 11 Sep 2023 19:19:08: Thread 0: Calculating SLC25A11 (14001) ...  
INFO  @ Mon, 11 Sep 2023 19:19:11: Thread 0: Calculating SUMO4 (15001) ...  
INFO  @ Mon, 11 Sep 2023 19:19:14: Thread 0: Calculating TNKS2 (16001) ...  
INFO  @ Mon, 11 Sep 2023 19:19:17: Thread 0: Calculating WDHD1 (17001) ...  
INFO  @ Mon, 11 Sep 2023 19:19:19: Thread 0: Calculating ZYG11A (18001) ...  
INFO  @ Mon, 11 Sep 2023 19:19:19: Thread 0 completed. 
INFO  @ Mon, 11 Sep 2023 19:19:19: All threads completed. 
INFO  @ Mon, 11 Sep 2023 19:19:22: Permuting round 1 ... 
INFO  @ Mon, 11 Sep 2023 19:19:23: Thread 0 started. 
INFO  @ Mon, 11 Sep 2023 19:19:23: Thread 0: total 18006 instances. 
INFO  @ Mon, 11 Sep 2023 19:19:23: Thread 0: Calculating A1CF (1) ...  
INFO  @ Mon, 11 Sep 2023 19:19:26: Thread 0: Calculating ARNT2 (1001) ...  
INFO  @ Mon, 11 Sep 2023 19:19:29: Thread 0: Calculating C2orf44 (2001) ...  
INFO  @ Mon, 11 Sep 2023 19:19:31: Thread 0: Calculating CERS6 (3001) ...  
INFO  @ Mon, 11 Sep 2023 19:19:34: Thread 0: Calculating DBH (4001) ...  
INFO  @ Mon, 11 Sep 2023 19:19:37: Thread 0: Calculating ERCC6L2 (5001) ...  
INFO  @ Mon, 11 Sep 2023 19:19:40: Thread 0: Calculating GANC (6001) ...  
INFO  @ Mon, 11 Sep 2023 19:19:43: Thread 0: Calculating HMBS (7001) ...  
INFO  @ Mon, 11 Sep 2023 19:19:46: Thread 0: Calculating KIAA1147 (8001) ...  
INFO  @ Mon, 11 Sep 2023 19:19:49: Thread 0: Calculating MAGOH (9001) ...  
INFO  @ Mon, 11 Sep 2023 19:19:52: Thread 0: Calculating NANOS3 (10001) ...  
INFO  @ Mon, 11 Sep 2023 19:19:55: Thread 0: Calculating PAXIP1 (11001) ...  
INFO  @ Mon, 11 Sep 2023 19:19:58: Thread 0: Calculating PRG4 (12001) ...  
INFO  @ Mon, 11 Sep 2023 19:20:01: Thread 0: Calculating RNF151 (13001) ...  
INFO  @ Mon, 11 Sep 2023 19:20:04: Thread 0: Calculating SLC25A11 (14001) ...  
INFO  @ Mon, 11 Sep 2023 19:20:07: Thread 0: Calculating SUMO4 (15001) ...  
INFO  @ Mon, 11 Sep 2023 19:20:10: Thread 0: Calculating TNKS2 (16001) ...  
INFO  @ Mon, 11 Sep 2023 19:20:13: Thread 0: Calculating WDHD1 (17001) ...  
INFO  @ Mon, 11 Sep 2023 19:20:16: Thread 0: Calculating ZYG11A (18001) ...  
INFO  @ Mon, 11 Sep 2023 19:20:16: Thread 0 completed. 
INFO  @ Mon, 11 Sep 2023 19:20:16: All threads completed. 
INFO  @ Mon, 11 Sep 2023 19:20:19: Assigning p values... 
INFO  @ Mon, 11 Sep 2023 19:20:19: Permuting groups of gene with 5 sgRNAs per gene. Group progress: 5/22 
INFO  @ Mon, 11 Sep 2023 19:20:19: Start permuting 2 rounds ... 
INFO  @ Mon, 11 Sep 2023 19:20:19: Collecting 90025 sgRNAs from 18006 genes. 
INFO  @ Mon, 11 Sep 2023 19:20:20: Permuting round 0 ... 
INFO  @ Mon, 11 Sep 2023 19:20:20: Thread 0 started. 
INFO  @ Mon, 11 Sep 2023 19:20:20: Thread 0: total 18006 instances. 
INFO  @ Mon, 11 Sep 2023 19:20:20: Thread 0: Calculating A1CF (1) ...  
INFO  @ Mon, 11 Sep 2023 19:20:24: Thread 0: Calculating ARNT2 (1001) ...  
INFO  @ Mon, 11 Sep 2023 19:20:27: Thread 0: Calculating C2orf44 (2001) ...  
INFO  @ Mon, 11 Sep 2023 19:20:30: Thread 0: Calculating CERS6 (3001) ...  
INFO  @ Mon, 11 Sep 2023 19:20:33: Thread 0: Calculating DBH (4001) ...  
INFO  @ Mon, 11 Sep 2023 19:20:36: Thread 0: Calculating ERCC6L2 (5001) ...  
INFO  @ Mon, 11 Sep 2023 19:20:39: Thread 0: Calculating GANC (6001) ...  
INFO  @ Mon, 11 Sep 2023 19:20:42: Thread 0: Calculating HMBS (7001) ...  
INFO  @ Mon, 11 Sep 2023 19:20:45: Thread 0: Calculating KIAA1147 (8001) ...  
INFO  @ Mon, 11 Sep 2023 19:20:48: Thread 0: Calculating MAGOH (9001) ...  
INFO  @ Mon, 11 Sep 2023 19:20:51: Thread 0: Calculating NANOS3 (10001) ...  
INFO  @ Mon, 11 Sep 2023 19:20:54: Thread 0: Calculating PAXIP1 (11001) ...  
INFO  @ Mon, 11 Sep 2023 19:20:57: Thread 0: Calculating PRG4 (12001) ...  
INFO  @ Mon, 11 Sep 2023 19:21:00: Thread 0: Calculating RNF151 (13001) ...  
INFO  @ Mon, 11 Sep 2023 19:21:03: Thread 0: Calculating SLC25A11 (14001) ...  
INFO  @ Mon, 11 Sep 2023 19:21:06: Thread 0: Calculating SUMO4 (15001) ...  
INFO  @ Mon, 11 Sep 2023 19:21:09: Thread 0: Calculating TNKS2 (16001) ...  
INFO  @ Mon, 11 Sep 2023 19:21:12: Thread 0: Calculating WDHD1 (17001) ...  
INFO  @ Mon, 11 Sep 2023 19:21:15: Thread 0: Calculating ZYG11A (18001) ...  
INFO  @ Mon, 11 Sep 2023 19:21:15: Thread 0 completed. 
INFO  @ Mon, 11 Sep 2023 19:21:15: All threads completed. 
INFO  @ Mon, 11 Sep 2023 19:21:18: Permuting round 1 ... 
INFO  @ Mon, 11 Sep 2023 19:21:19: Thread 0 started. 
INFO  @ Mon, 11 Sep 2023 19:21:19: Thread 0: total 18006 instances. 
INFO  @ Mon, 11 Sep 2023 19:21:19: Thread 0: Calculating A1CF (1) ...  
INFO  @ Mon, 11 Sep 2023 19:21:22: Thread 0: Calculating ARNT2 (1001) ...  
INFO  @ Mon, 11 Sep 2023 19:21:25: Thread 0: Calculating C2orf44 (2001) ...  
INFO  @ Mon, 11 Sep 2023 19:21:28: Thread 0: Calculating CERS6 (3001) ...  
INFO  @ Mon, 11 Sep 2023 19:21:31: Thread 0: Calculating DBH (4001) ...  
INFO  @ Mon, 11 Sep 2023 19:21:34: Thread 0: Calculating ERCC6L2 (5001) ...  
INFO  @ Mon, 11 Sep 2023 19:21:37: Thread 0: Calculating GANC (6001) ...  
INFO  @ Mon, 11 Sep 2023 19:21:40: Thread 0: Calculating HMBS (7001) ...  
INFO  @ Mon, 11 Sep 2023 19:21:44: Thread 0: Calculating KIAA1147 (8001) ...  
INFO  @ Mon, 11 Sep 2023 19:21:47: Thread 0: Calculating MAGOH (9001) ...  
INFO  @ Mon, 11 Sep 2023 19:21:50: Thread 0: Calculating NANOS3 (10001) ...  
INFO  @ Mon, 11 Sep 2023 19:21:53: Thread 0: Calculating PAXIP1 (11001) ...  
INFO  @ Mon, 11 Sep 2023 19:21:56: Thread 0: Calculating PRG4 (12001) ...  
INFO  @ Mon, 11 Sep 2023 19:21:59: Thread 0: Calculating RNF151 (13001) ...  
INFO  @ Mon, 11 Sep 2023 19:22:02: Thread 0: Calculating SLC25A11 (14001) ...  
INFO  @ Mon, 11 Sep 2023 19:22:05: Thread 0: Calculating SUMO4 (15001) ...  
INFO  @ Mon, 11 Sep 2023 19:22:08: Thread 0: Calculating TNKS2 (16001) ...  
INFO  @ Mon, 11 Sep 2023 19:22:11: Thread 0: Calculating WDHD1 (17001) ...  
INFO  @ Mon, 11 Sep 2023 19:22:14: Thread 0: Calculating ZYG11A (18001) ...  
INFO  @ Mon, 11 Sep 2023 19:22:14: Thread 0 completed. 
INFO  @ Mon, 11 Sep 2023 19:22:14: All threads completed. 
INFO  @ Mon, 11 Sep 2023 19:22:18: Assigning p values... 
INFO  @ Mon, 11 Sep 2023 19:22:19: Permuting groups of gene with 6 sgRNAs per gene. Group progress: 6/22 
INFO  @ Mon, 11 Sep 2023 19:22:19: Start permuting 2 rounds ... 
INFO  @ Mon, 11 Sep 2023 19:22:19: Collecting 90025 sgRNAs from 18006 genes. 
INFO  @ Mon, 11 Sep 2023 19:22:20: Permuting round 0 ... 
INFO  @ Mon, 11 Sep 2023 19:22:20: Thread 0 started. 
INFO  @ Mon, 11 Sep 2023 19:22:20: Thread 0: total 18006 instances. 
INFO  @ Mon, 11 Sep 2023 19:22:20: Thread 0: Calculating A1CF (1) ...  
INFO  @ Mon, 11 Sep 2023 19:22:23: Thread 0: Calculating ARNT2 (1001) ...  
INFO  @ Mon, 11 Sep 2023 19:22:27: Thread 0: Calculating C2orf44 (2001) ...  
INFO  @ Mon, 11 Sep 2023 19:22:30: Thread 0: Calculating CERS6 (3001) ...  
INFO  @ Mon, 11 Sep 2023 19:22:33: Thread 0: Calculating DBH (4001) ...  
INFO  @ Mon, 11 Sep 2023 19:22:36: Thread 0: Calculating ERCC6L2 (5001) ...  
INFO  @ Mon, 11 Sep 2023 19:22:39: Thread 0: Calculating GANC (6001) ...  
INFO  @ Mon, 11 Sep 2023 19:22:43: Thread 0: Calculating HMBS (7001) ...  
INFO  @ Mon, 11 Sep 2023 19:22:46: Thread 0: Calculating KIAA1147 (8001) ...  
INFO  @ Mon, 11 Sep 2023 19:22:49: Thread 0: Calculating MAGOH (9001) ...  
INFO  @ Mon, 11 Sep 2023 19:22:52: Thread 0: Calculating NANOS3 (10001) ...  
INFO  @ Mon, 11 Sep 2023 19:22:55: Thread 0: Calculating PAXIP1 (11001) ...  
INFO  @ Mon, 11 Sep 2023 19:22:58: Thread 0: Calculating PRG4 (12001) ...  
INFO  @ Mon, 11 Sep 2023 19:23:02: Thread 0: Calculating RNF151 (13001) ...  
INFO  @ Mon, 11 Sep 2023 19:23:05: Thread 0: Calculating SLC25A11 (14001) ...  
INFO  @ Mon, 11 Sep 2023 19:23:08: Thread 0: Calculating SUMO4 (15001) ...  
INFO  @ Mon, 11 Sep 2023 19:23:11: Thread 0: Calculating TNKS2 (16001) ...  
INFO  @ Mon, 11 Sep 2023 19:23:14: Thread 0: Calculating WDHD1 (17001) ...  
INFO  @ Mon, 11 Sep 2023 19:23:18: Thread 0: Calculating ZYG11A (18001) ...  
INFO  @ Mon, 11 Sep 2023 19:23:18: Thread 0 completed. 
INFO  @ Mon, 11 Sep 2023 19:23:18: All threads completed. 
INFO  @ Mon, 11 Sep 2023 19:23:21: Permuting round 1 ... 
INFO  @ Mon, 11 Sep 2023 19:23:21: Thread 0 started. 
INFO  @ Mon, 11 Sep 2023 19:23:21: Thread 0: total 18006 instances. 
INFO  @ Mon, 11 Sep 2023 19:23:21: Thread 0: Calculating A1CF (1) ...  
INFO  @ Mon, 11 Sep 2023 19:23:25: Thread 0: Calculating ARNT2 (1001) ...  
INFO  @ Mon, 11 Sep 2023 19:23:28: Thread 0: Calculating C2orf44 (2001) ...  
INFO  @ Mon, 11 Sep 2023 19:23:31: Thread 0: Calculating CERS6 (3001) ...  
INFO  @ Mon, 11 Sep 2023 19:23:34: Thread 0: Calculating DBH (4001) ...  
INFO  @ Mon, 11 Sep 2023 19:23:37: Thread 0: Calculating ERCC6L2 (5001) ...  
INFO  @ Mon, 11 Sep 2023 19:23:40: Thread 0: Calculating GANC (6001) ...  
INFO  @ Mon, 11 Sep 2023 19:23:44: Thread 0: Calculating HMBS (7001) ...  
INFO  @ Mon, 11 Sep 2023 19:23:47: Thread 0: Calculating KIAA1147 (8001) ...  
INFO  @ Mon, 11 Sep 2023 19:23:50: Thread 0: Calculating MAGOH (9001) ...  
INFO  @ Mon, 11 Sep 2023 19:23:53: Thread 0: Calculating NANOS3 (10001) ...  
INFO  @ Mon, 11 Sep 2023 19:23:56: Thread 0: Calculating PAXIP1 (11001) ...  
INFO  @ Mon, 11 Sep 2023 19:23:59: Thread 0: Calculating PRG4 (12001) ...  
INFO  @ Mon, 11 Sep 2023 19:24:02: Thread 0: Calculating RNF151 (13001) ...  
INFO  @ Mon, 11 Sep 2023 19:24:06: Thread 0: Calculating SLC25A11 (14001) ...  
INFO  @ Mon, 11 Sep 2023 19:24:09: Thread 0: Calculating SUMO4 (15001) ...  
INFO  @ Mon, 11 Sep 2023 19:24:12: Thread 0: Calculating TNKS2 (16001) ...  
INFO  @ Mon, 11 Sep 2023 19:24:15: Thread 0: Calculating WDHD1 (17001) ...  
INFO  @ Mon, 11 Sep 2023 19:24:18: Thread 0: Calculating ZYG11A (18001) ...  
INFO  @ Mon, 11 Sep 2023 19:24:18: Thread 0 completed. 
INFO  @ Mon, 11 Sep 2023 19:24:18: All threads completed. 
INFO  @ Mon, 11 Sep 2023 19:24:22: Assigning p values... 
INFO  @ Mon, 11 Sep 2023 19:24:22: Permuting groups of gene with 7 sgRNAs per gene. Group progress: 7/22 
INFO  @ Mon, 11 Sep 2023 19:24:22: Start permuting 2 rounds ... 
INFO  @ Mon, 11 Sep 2023 19:24:22: Collecting 90025 sgRNAs from 18006 genes. 
INFO  @ Mon, 11 Sep 2023 19:24:23: Permuting round 0 ... 
INFO  @ Mon, 11 Sep 2023 19:24:24: Thread 0 started. 
INFO  @ Mon, 11 Sep 2023 19:24:24: Thread 0: total 18006 instances. 
INFO  @ Mon, 11 Sep 2023 19:24:24: Thread 0: Calculating A1CF (1) ...  
INFO  @ Mon, 11 Sep 2023 19:24:27: Thread 0: Calculating ARNT2 (1001) ...  
INFO  @ Mon, 11 Sep 2023 19:24:30: Thread 0: Calculating C2orf44 (2001) ...  
INFO  @ Mon, 11 Sep 2023 19:24:33: Thread 0: Calculating CERS6 (3001) ...  
INFO  @ Mon, 11 Sep 2023 19:24:36: Thread 0: Calculating DBH (4001) ...  
INFO  @ Mon, 11 Sep 2023 19:24:40: Thread 0: Calculating ERCC6L2 (5001) ...  
INFO  @ Mon, 11 Sep 2023 19:24:43: Thread 0: Calculating GANC (6001) ...  
INFO  @ Mon, 11 Sep 2023 19:24:47: Thread 0: Calculating HMBS (7001) ...  
INFO  @ Mon, 11 Sep 2023 19:24:50: Thread 0: Calculating KIAA1147 (8001) ...  
INFO  @ Mon, 11 Sep 2023 19:24:53: Thread 0: Calculating MAGOH (9001) ...  
INFO  @ Mon, 11 Sep 2023 19:24:56: Thread 0: Calculating NANOS3 (10001) ...  
INFO  @ Mon, 11 Sep 2023 19:24:59: Thread 0: Calculating PAXIP1 (11001) ...  
INFO  @ Mon, 11 Sep 2023 19:25:03: Thread 0: Calculating PRG4 (12001) ...  
INFO  @ Mon, 11 Sep 2023 19:25:06: Thread 0: Calculating RNF151 (13001) ...  
INFO  @ Mon, 11 Sep 2023 19:25:09: Thread 0: Calculating SLC25A11 (14001) ...  
INFO  @ Mon, 11 Sep 2023 19:25:13: Thread 0: Calculating SUMO4 (15001) ...  
INFO  @ Mon, 11 Sep 2023 19:25:16: Thread 0: Calculating TNKS2 (16001) ...  
INFO  @ Mon, 11 Sep 2023 19:25:19: Thread 0: Calculating WDHD1 (17001) ...  
INFO  @ Mon, 11 Sep 2023 19:25:22: Thread 0: Calculating ZYG11A (18001) ...  
INFO  @ Mon, 11 Sep 2023 19:25:22: Thread 0 completed. 
INFO  @ Mon, 11 Sep 2023 19:25:22: All threads completed. 
INFO  @ Mon, 11 Sep 2023 19:25:26: Permuting round 1 ... 
INFO  @ Mon, 11 Sep 2023 19:25:26: Thread 0 started. 
INFO  @ Mon, 11 Sep 2023 19:25:26: Thread 0: total 18006 instances. 
INFO  @ Mon, 11 Sep 2023 19:25:26: Thread 0: Calculating A1CF (1) ...  
INFO  @ Mon, 11 Sep 2023 19:25:29: Thread 0: Calculating ARNT2 (1001) ...  
INFO  @ Mon, 11 Sep 2023 19:25:33: Thread 0: Calculating C2orf44 (2001) ...  
INFO  @ Mon, 11 Sep 2023 19:25:36: Thread 0: Calculating CERS6 (3001) ...  
INFO  @ Mon, 11 Sep 2023 19:25:39: Thread 0: Calculating DBH (4001) ...  
INFO  @ Mon, 11 Sep 2023 19:25:43: Thread 0: Calculating ERCC6L2 (5001) ...  
INFO  @ Mon, 11 Sep 2023 19:25:46: Thread 0: Calculating GANC (6001) ...  
INFO  @ Mon, 11 Sep 2023 19:25:49: Thread 0: Calculating HMBS (7001) ...  
INFO  @ Mon, 11 Sep 2023 19:25:53: Thread 0: Calculating KIAA1147 (8001) ...  
INFO  @ Mon, 11 Sep 2023 19:25:56: Thread 0: Calculating MAGOH (9001) ...  
INFO  @ Mon, 11 Sep 2023 19:25:59: Thread 0: Calculating NANOS3 (10001) ...  
INFO  @ Mon, 11 Sep 2023 19:26:02: Thread 0: Calculating PAXIP1 (11001) ...  
INFO  @ Mon, 11 Sep 2023 19:26:06: Thread 0: Calculating PRG4 (12001) ...  
INFO  @ Mon, 11 Sep 2023 19:26:09: Thread 0: Calculating RNF151 (13001) ...  
INFO  @ Mon, 11 Sep 2023 19:26:12: Thread 0: Calculating SLC25A11 (14001) ...  
INFO  @ Mon, 11 Sep 2023 19:26:15: Thread 0: Calculating SUMO4 (15001) ...  
INFO  @ Mon, 11 Sep 2023 19:26:19: Thread 0: Calculating TNKS2 (16001) ...  
INFO  @ Mon, 11 Sep 2023 19:26:22: Thread 0: Calculating WDHD1 (17001) ...  
INFO  @ Mon, 11 Sep 2023 19:26:25: Thread 0: Calculating ZYG11A (18001) ...  
INFO  @ Mon, 11 Sep 2023 19:26:25: Thread 0 completed. 
INFO  @ Mon, 11 Sep 2023 19:26:25: All threads completed. 
INFO  @ Mon, 11 Sep 2023 19:26:29: Assigning p values... 
INFO  @ Mon, 11 Sep 2023 19:26:29: Permuting groups of gene with 8 sgRNAs per gene. Group progress: 8/22 
INFO  @ Mon, 11 Sep 2023 19:26:29: Start permuting 2 rounds ... 
INFO  @ Mon, 11 Sep 2023 19:26:29: Collecting 90025 sgRNAs from 18006 genes. 
INFO  @ Mon, 11 Sep 2023 19:26:30: Permuting round 0 ... 
INFO  @ Mon, 11 Sep 2023 19:26:31: Thread 0 started. 
INFO  @ Mon, 11 Sep 2023 19:26:31: Thread 0: total 18006 instances. 
INFO  @ Mon, 11 Sep 2023 19:26:31: Thread 0: Calculating A1CF (1) ...  
INFO  @ Mon, 11 Sep 2023 19:26:34: Thread 0: Calculating ARNT2 (1001) ...  
INFO  @ Mon, 11 Sep 2023 19:26:37: Thread 0: Calculating C2orf44 (2001) ...  
INFO  @ Mon, 11 Sep 2023 19:26:41: Thread 0: Calculating CERS6 (3001) ...  
INFO  @ Mon, 11 Sep 2023 19:26:44: Thread 0: Calculating DBH (4001) ...  
INFO  @ Mon, 11 Sep 2023 19:26:48: Thread 0: Calculating ERCC6L2 (5001) ...  
INFO  @ Mon, 11 Sep 2023 19:26:51: Thread 0: Calculating GANC (6001) ...  
INFO  @ Mon, 11 Sep 2023 19:26:54: Thread 0: Calculating HMBS (7001) ...  
INFO  @ Mon, 11 Sep 2023 19:26:58: Thread 0: Calculating KIAA1147 (8001) ...  
INFO  @ Mon, 11 Sep 2023 19:27:01: Thread 0: Calculating MAGOH (9001) ...  
INFO  @ Mon, 11 Sep 2023 19:27:05: Thread 0: Calculating NANOS3 (10001) ...  
INFO  @ Mon, 11 Sep 2023 19:27:08: Thread 0: Calculating PAXIP1 (11001) ...  
INFO  @ Mon, 11 Sep 2023 19:27:11: Thread 0: Calculating PRG4 (12001) ...  
INFO  @ Mon, 11 Sep 2023 19:27:15: Thread 0: Calculating RNF151 (13001) ...  
INFO  @ Mon, 11 Sep 2023 19:27:18: Thread 0: Calculating SLC25A11 (14001) ...  
INFO  @ Mon, 11 Sep 2023 19:27:21: Thread 0: Calculating SUMO4 (15001) ...  
INFO  @ Mon, 11 Sep 2023 19:27:25: Thread 0: Calculating TNKS2 (16001) ...  
INFO  @ Mon, 11 Sep 2023 19:27:28: Thread 0: Calculating WDHD1 (17001) ...  
INFO  @ Mon, 11 Sep 2023 19:27:32: Thread 0: Calculating ZYG11A (18001) ...  
INFO  @ Mon, 11 Sep 2023 19:27:32: Thread 0 completed. 
INFO  @ Mon, 11 Sep 2023 19:27:32: All threads completed. 
INFO  @ Mon, 11 Sep 2023 19:27:35: Permuting round 1 ... 
INFO  @ Mon, 11 Sep 2023 19:27:35: Thread 0 started. 
INFO  @ Mon, 11 Sep 2023 19:27:35: Thread 0: total 18006 instances. 
INFO  @ Mon, 11 Sep 2023 19:27:35: Thread 0: Calculating A1CF (1) ...  
INFO  @ Mon, 11 Sep 2023 19:27:39: Thread 0: Calculating ARNT2 (1001) ...  
INFO  @ Mon, 11 Sep 2023 19:27:42: Thread 0: Calculating C2orf44 (2001) ...  
INFO  @ Mon, 11 Sep 2023 19:27:46: Thread 0: Calculating CERS6 (3001) ...  
INFO  @ Mon, 11 Sep 2023 19:27:49: Thread 0: Calculating DBH (4001) ...  
INFO  @ Mon, 11 Sep 2023 19:27:52: Thread 0: Calculating ERCC6L2 (5001) ...  
INFO  @ Mon, 11 Sep 2023 19:27:56: Thread 0: Calculating GANC (6001) ...  
INFO  @ Mon, 11 Sep 2023 19:27:59: Thread 0: Calculating HMBS (7001) ...  
INFO  @ Mon, 11 Sep 2023 19:28:03: Thread 0: Calculating KIAA1147 (8001) ...  
INFO  @ Mon, 11 Sep 2023 19:28:06: Thread 0: Calculating MAGOH (9001) ...  
INFO  @ Mon, 11 Sep 2023 19:28:10: Thread 0: Calculating NANOS3 (10001) ...  
INFO  @ Mon, 11 Sep 2023 19:28:13: Thread 0: Calculating PAXIP1 (11001) ...  
INFO  @ Mon, 11 Sep 2023 19:28:17: Thread 0: Calculating PRG4 (12001) ...  
INFO  @ Mon, 11 Sep 2023 19:28:20: Thread 0: Calculating RNF151 (13001) ...  
INFO  @ Mon, 11 Sep 2023 19:28:23: Thread 0: Calculating SLC25A11 (14001) ...  
INFO  @ Mon, 11 Sep 2023 19:28:27: Thread 0: Calculating SUMO4 (15001) ...  
INFO  @ Mon, 11 Sep 2023 19:28:30: Thread 0: Calculating TNKS2 (16001) ...  
INFO  @ Mon, 11 Sep 2023 19:28:34: Thread 0: Calculating WDHD1 (17001) ...  
INFO  @ Mon, 11 Sep 2023 19:28:37: Thread 0: Calculating ZYG11A (18001) ...  
INFO  @ Mon, 11 Sep 2023 19:28:37: Thread 0 completed. 
INFO  @ Mon, 11 Sep 2023 19:28:37: All threads completed. 
INFO  @ Mon, 11 Sep 2023 19:28:41: Assigning p values... 
INFO  @ Mon, 11 Sep 2023 19:28:41: Permuting groups of gene with 9 sgRNAs per gene. Group progress: 9/22 
INFO  @ Mon, 11 Sep 2023 19:28:41: Start permuting 2 rounds ... 
INFO  @ Mon, 11 Sep 2023 19:28:41: Collecting 90025 sgRNAs from 18006 genes. 
INFO  @ Mon, 11 Sep 2023 19:28:42: Permuting round 0 ... 
INFO  @ Mon, 11 Sep 2023 19:28:43: Thread 0 started. 
INFO  @ Mon, 11 Sep 2023 19:28:43: Thread 0: total 18006 instances. 
INFO  @ Mon, 11 Sep 2023 19:28:43: Thread 0: Calculating A1CF (1) ...  
INFO  @ Mon, 11 Sep 2023 19:28:46: Thread 0: Calculating ARNT2 (1001) ...  
INFO  @ Mon, 11 Sep 2023 19:28:50: Thread 0: Calculating C2orf44 (2001) ...  
INFO  @ Mon, 11 Sep 2023 19:28:53: Thread 0: Calculating CERS6 (3001) ...  
INFO  @ Mon, 11 Sep 2023 19:28:57: Thread 0: Calculating DBH (4001) ...  
INFO  @ Mon, 11 Sep 2023 19:29:00: Thread 0: Calculating ERCC6L2 (5001) ...  
INFO  @ Mon, 11 Sep 2023 19:29:04: Thread 0: Calculating GANC (6001) ...  
INFO  @ Mon, 11 Sep 2023 19:29:07: Thread 0: Calculating HMBS (7001) ...  
INFO  @ Mon, 11 Sep 2023 19:29:11: Thread 0: Calculating KIAA1147 (8001) ...  
INFO  @ Mon, 11 Sep 2023 19:29:14: Thread 0: Calculating MAGOH (9001) ...  
INFO  @ Mon, 11 Sep 2023 19:29:18: Thread 0: Calculating NANOS3 (10001) ...  
INFO  @ Mon, 11 Sep 2023 19:29:21: Thread 0: Calculating PAXIP1 (11001) ...  
INFO  @ Mon, 11 Sep 2023 19:29:25: Thread 0: Calculating PRG4 (12001) ...  
INFO  @ Mon, 11 Sep 2023 19:29:28: Thread 0: Calculating RNF151 (13001) ...  
INFO  @ Mon, 11 Sep 2023 19:29:32: Thread 0: Calculating SLC25A11 (14001) ...  
INFO  @ Mon, 11 Sep 2023 19:29:36: Thread 0: Calculating SUMO4 (15001) ...  
INFO  @ Mon, 11 Sep 2023 19:29:39: Thread 0: Calculating TNKS2 (16001) ...  
INFO  @ Mon, 11 Sep 2023 19:29:43: Thread 0: Calculating WDHD1 (17001) ...  
INFO  @ Mon, 11 Sep 2023 19:29:46: Thread 0: Calculating ZYG11A (18001) ...  
INFO  @ Mon, 11 Sep 2023 19:29:46: Thread 0 completed. 
INFO  @ Mon, 11 Sep 2023 19:29:46: All threads completed. 
INFO  @ Mon, 11 Sep 2023 19:29:50: Permuting round 1 ... 
INFO  @ Mon, 11 Sep 2023 19:29:50: Thread 0 started. 
INFO  @ Mon, 11 Sep 2023 19:29:50: Thread 0: total 18006 instances. 
INFO  @ Mon, 11 Sep 2023 19:29:50: Thread 0: Calculating A1CF (1) ...  
INFO  @ Mon, 11 Sep 2023 19:29:54: Thread 0: Calculating ARNT2 (1001) ...  
INFO  @ Mon, 11 Sep 2023 19:29:57: Thread 0: Calculating C2orf44 (2001) ...  
INFO  @ Mon, 11 Sep 2023 19:30:01: Thread 0: Calculating CERS6 (3001) ...  
INFO  @ Mon, 11 Sep 2023 19:30:04: Thread 0: Calculating DBH (4001) ...  
INFO  @ Mon, 11 Sep 2023 19:30:08: Thread 0: Calculating ERCC6L2 (5001) ...  
INFO  @ Mon, 11 Sep 2023 19:30:11: Thread 0: Calculating GANC (6001) ...  
INFO  @ Mon, 11 Sep 2023 19:30:15: Thread 0: Calculating HMBS (7001) ...  
INFO  @ Mon, 11 Sep 2023 19:30:18: Thread 0: Calculating KIAA1147 (8001) ...  
INFO  @ Mon, 11 Sep 2023 19:30:22: Thread 0: Calculating MAGOH (9001) ...  
INFO  @ Mon, 11 Sep 2023 19:30:25: Thread 0: Calculating NANOS3 (10001) ...  
INFO  @ Mon, 11 Sep 2023 19:30:29: Thread 0: Calculating PAXIP1 (11001) ...  
INFO  @ Mon, 11 Sep 2023 19:30:32: Thread 0: Calculating PRG4 (12001) ...  
INFO  @ Mon, 11 Sep 2023 19:30:36: Thread 0: Calculating RNF151 (13001) ...  
INFO  @ Mon, 11 Sep 2023 19:30:40: Thread 0: Calculating SLC25A11 (14001) ...  
INFO  @ Mon, 11 Sep 2023 19:30:43: Thread 0: Calculating SUMO4 (15001) ...  
INFO  @ Mon, 11 Sep 2023 19:30:47: Thread 0: Calculating TNKS2 (16001) ...  
INFO  @ Mon, 11 Sep 2023 19:30:50: Thread 0: Calculating WDHD1 (17001) ...  
INFO  @ Mon, 11 Sep 2023 19:30:54: Thread 0: Calculating ZYG11A (18001) ...  
INFO  @ Mon, 11 Sep 2023 19:30:54: Thread 0 completed. 
INFO  @ Mon, 11 Sep 2023 19:30:54: All threads completed. 
INFO  @ Mon, 11 Sep 2023 19:30:57: Assigning p values... 
INFO  @ Mon, 11 Sep 2023 19:30:58: Permuting groups of gene with 10 sgRNAs per gene. Group progress: 10/22 
INFO  @ Mon, 11 Sep 2023 19:30:58: Start permuting 2 rounds ... 
INFO  @ Mon, 11 Sep 2023 19:30:58: Collecting 90025 sgRNAs from 18006 genes. 
INFO  @ Mon, 11 Sep 2023 19:30:59: Permuting round 0 ... 
INFO  @ Mon, 11 Sep 2023 19:30:59: Thread 0 started. 
INFO  @ Mon, 11 Sep 2023 19:30:59: Thread 0: total 18006 instances. 
INFO  @ Mon, 11 Sep 2023 19:30:59: Thread 0: Calculating A1CF (1) ...  
INFO  @ Mon, 11 Sep 2023 19:31:03: Thread 0: Calculating ARNT2 (1001) ...  
INFO  @ Mon, 11 Sep 2023 19:31:07: Thread 0: Calculating C2orf44 (2001) ...  
INFO  @ Mon, 11 Sep 2023 19:31:10: Thread 0: Calculating CERS6 (3001) ...  
INFO  @ Mon, 11 Sep 2023 19:31:14: Thread 0: Calculating DBH (4001) ...  
INFO  @ Mon, 11 Sep 2023 19:31:17: Thread 0: Calculating ERCC6L2 (5001) ...  
INFO  @ Mon, 11 Sep 2023 19:31:21: Thread 0: Calculating GANC (6001) ...  
INFO  @ Mon, 11 Sep 2023 19:31:25: Thread 0: Calculating HMBS (7001) ...  
INFO  @ Mon, 11 Sep 2023 19:31:29: Thread 0: Calculating KIAA1147 (8001) ...  
INFO  @ Mon, 11 Sep 2023 19:31:32: Thread 0: Calculating MAGOH (9001) ...  
INFO  @ Mon, 11 Sep 2023 19:31:36: Thread 0: Calculating NANOS3 (10001) ...  
INFO  @ Mon, 11 Sep 2023 19:31:40: Thread 0: Calculating PAXIP1 (11001) ...  
INFO  @ Mon, 11 Sep 2023 19:31:43: Thread 0: Calculating PRG4 (12001) ...  
INFO  @ Mon, 11 Sep 2023 19:31:47: Thread 0: Calculating RNF151 (13001) ...  
INFO  @ Mon, 11 Sep 2023 19:31:50: Thread 0: Calculating SLC25A11 (14001) ...  
INFO  @ Mon, 11 Sep 2023 19:31:54: Thread 0: Calculating SUMO4 (15001) ...  
INFO  @ Mon, 11 Sep 2023 19:31:58: Thread 0: Calculating TNKS2 (16001) ...  
INFO  @ Mon, 11 Sep 2023 19:32:01: Thread 0: Calculating WDHD1 (17001) ...  
INFO  @ Mon, 11 Sep 2023 19:32:05: Thread 0: Calculating ZYG11A (18001) ...  
INFO  @ Mon, 11 Sep 2023 19:32:05: Thread 0 completed. 
INFO  @ Mon, 11 Sep 2023 19:32:05: All threads completed. 
INFO  @ Mon, 11 Sep 2023 19:32:08: Permuting round 1 ... 
INFO  @ Mon, 11 Sep 2023 19:32:09: Thread 0 started. 
INFO  @ Mon, 11 Sep 2023 19:32:09: Thread 0: total 18006 instances. 
INFO  @ Mon, 11 Sep 2023 19:32:09: Thread 0: Calculating A1CF (1) ...  
INFO  @ Mon, 11 Sep 2023 19:32:13: Thread 0: Calculating ARNT2 (1001) ...  
INFO  @ Mon, 11 Sep 2023 19:32:16: Thread 0: Calculating C2orf44 (2001) ...  
INFO  @ Mon, 11 Sep 2023 19:32:20: Thread 0: Calculating CERS6 (3001) ...  
INFO  @ Mon, 11 Sep 2023 19:32:24: Thread 0: Calculating DBH (4001) ...  
INFO  @ Mon, 11 Sep 2023 19:32:27: Thread 0: Calculating ERCC6L2 (5001) ...  
INFO  @ Mon, 11 Sep 2023 19:32:31: Thread 0: Calculating GANC (6001) ...  
INFO  @ Mon, 11 Sep 2023 19:32:35: Thread 0: Calculating HMBS (7001) ...  
INFO  @ Mon, 11 Sep 2023 19:32:39: Thread 0: Calculating KIAA1147 (8001) ...  
INFO  @ Mon, 11 Sep 2023 19:32:42: Thread 0: Calculating MAGOH (9001) ...  
INFO  @ Mon, 11 Sep 2023 19:32:46: Thread 0: Calculating NANOS3 (10001) ...  
INFO  @ Mon, 11 Sep 2023 19:32:50: Thread 0: Calculating PAXIP1 (11001) ...  
INFO  @ Mon, 11 Sep 2023 19:32:53: Thread 0: Calculating PRG4 (12001) ...  
INFO  @ Mon, 11 Sep 2023 19:32:57: Thread 0: Calculating RNF151 (13001) ...  
INFO  @ Mon, 11 Sep 2023 19:33:01: Thread 0: Calculating SLC25A11 (14001) ...  
INFO  @ Mon, 11 Sep 2023 19:33:04: Thread 0: Calculating SUMO4 (15001) ...  
INFO  @ Mon, 11 Sep 2023 19:33:08: Thread 0: Calculating TNKS2 (16001) ...  
INFO  @ Mon, 11 Sep 2023 19:33:12: Thread 0: Calculating WDHD1 (17001) ...  
INFO  @ Mon, 11 Sep 2023 19:33:16: Thread 0: Calculating ZYG11A (18001) ...  
INFO  @ Mon, 11 Sep 2023 19:33:16: Thread 0 completed. 
INFO  @ Mon, 11 Sep 2023 19:33:16: All threads completed. 
INFO  @ Mon, 11 Sep 2023 19:33:19: Assigning p values... 
INFO  @ Mon, 11 Sep 2023 19:33:19: Permuting groups of gene with 11 sgRNAs per gene. Group progress: 11/22 
INFO  @ Mon, 11 Sep 2023 19:33:19: Start permuting 2 rounds ... 
INFO  @ Mon, 11 Sep 2023 19:33:20: Collecting 90025 sgRNAs from 18006 genes. 
INFO  @ Mon, 11 Sep 2023 19:33:21: Permuting round 0 ... 
INFO  @ Mon, 11 Sep 2023 19:33:21: Thread 0 started. 
INFO  @ Mon, 11 Sep 2023 19:33:21: Thread 0: total 18006 instances. 
INFO  @ Mon, 11 Sep 2023 19:33:21: Thread 0: Calculating A1CF (1) ...  
INFO  @ Mon, 11 Sep 2023 19:33:25: Thread 0: Calculating ARNT2 (1001) ...  
INFO  @ Mon, 11 Sep 2023 19:33:29: Thread 0: Calculating C2orf44 (2001) ...  
INFO  @ Mon, 11 Sep 2023 19:33:32: Thread 0: Calculating CERS6 (3001) ...  
INFO  @ Mon, 11 Sep 2023 19:33:36: Thread 0: Calculating DBH (4001) ...  
INFO  @ Mon, 11 Sep 2023 19:33:40: Thread 0: Calculating ERCC6L2 (5001) ...  
INFO  @ Mon, 11 Sep 2023 19:33:44: Thread 0: Calculating GANC (6001) ...  
INFO  @ Mon, 11 Sep 2023 19:33:47: Thread 0: Calculating HMBS (7001) ...  
INFO  @ Mon, 11 Sep 2023 19:33:51: Thread 0: Calculating KIAA1147 (8001) ...  
INFO  @ Mon, 11 Sep 2023 19:33:55: Thread 0: Calculating MAGOH (9001) ...  
INFO  @ Mon, 11 Sep 2023 19:33:59: Thread 0: Calculating NANOS3 (10001) ...  
INFO  @ Mon, 11 Sep 2023 19:34:03: Thread 0: Calculating PAXIP1 (11001) ...  
INFO  @ Mon, 11 Sep 2023 19:34:06: Thread 0: Calculating PRG4 (12001) ...  
INFO  @ Mon, 11 Sep 2023 19:34:10: Thread 0: Calculating RNF151 (13001) ...  
INFO  @ Mon, 11 Sep 2023 19:34:14: Thread 0: Calculating SLC25A11 (14001) ...  
INFO  @ Mon, 11 Sep 2023 19:34:18: Thread 0: Calculating SUMO4 (15001) ...  
INFO  @ Mon, 11 Sep 2023 19:34:22: Thread 0: Calculating TNKS2 (16001) ...  
INFO  @ Mon, 11 Sep 2023 19:34:25: Thread 0: Calculating WDHD1 (17001) ...  
INFO  @ Mon, 11 Sep 2023 19:34:29: Thread 0: Calculating ZYG11A (18001) ...  
INFO  @ Mon, 11 Sep 2023 19:34:29: Thread 0 completed. 
INFO  @ Mon, 11 Sep 2023 19:34:29: All threads completed. 
INFO  @ Mon, 11 Sep 2023 19:34:33: Permuting round 1 ... 
INFO  @ Mon, 11 Sep 2023 19:34:33: Thread 0 started. 
INFO  @ Mon, 11 Sep 2023 19:34:33: Thread 0: total 18006 instances. 
INFO  @ Mon, 11 Sep 2023 19:34:33: Thread 0: Calculating A1CF (1) ...  
INFO  @ Mon, 11 Sep 2023 19:34:37: Thread 0: Calculating ARNT2 (1001) ...  
INFO  @ Mon, 11 Sep 2023 19:34:41: Thread 0: Calculating C2orf44 (2001) ...  
INFO  @ Mon, 11 Sep 2023 19:34:44: Thread 0: Calculating CERS6 (3001) ...  
INFO  @ Mon, 11 Sep 2023 19:34:48: Thread 0: Calculating DBH (4001) ...  
INFO  @ Mon, 11 Sep 2023 19:34:52: Thread 0: Calculating ERCC6L2 (5001) ...  
INFO  @ Mon, 11 Sep 2023 19:34:56: Thread 0: Calculating GANC (6001) ...  
INFO  @ Mon, 11 Sep 2023 19:35:00: Thread 0: Calculating HMBS (7001) ...  
INFO  @ Mon, 11 Sep 2023 19:35:04: Thread 0: Calculating KIAA1147 (8001) ...  
INFO  @ Mon, 11 Sep 2023 19:35:08: Thread 0: Calculating MAGOH (9001) ...  
INFO  @ Mon, 11 Sep 2023 19:35:12: Thread 0: Calculating NANOS3 (10001) ...  
INFO  @ Mon, 11 Sep 2023 19:35:16: Thread 0: Calculating PAXIP1 (11001) ...  
INFO  @ Mon, 11 Sep 2023 19:35:19: Thread 0: Calculating PRG4 (12001) ...  
INFO  @ Mon, 11 Sep 2023 19:35:23: Thread 0: Calculating RNF151 (13001) ...  
INFO  @ Mon, 11 Sep 2023 19:35:27: Thread 0: Calculating SLC25A11 (14001) ...  
INFO  @ Mon, 11 Sep 2023 19:35:31: Thread 0: Calculating SUMO4 (15001) ...  
INFO  @ Mon, 11 Sep 2023 19:35:35: Thread 0: Calculating TNKS2 (16001) ...  
INFO  @ Mon, 11 Sep 2023 19:35:39: Thread 0: Calculating WDHD1 (17001) ...  
INFO  @ Mon, 11 Sep 2023 19:35:42: Thread 0: Calculating ZYG11A (18001) ...  
INFO  @ Mon, 11 Sep 2023 19:35:42: Thread 0 completed. 
INFO  @ Mon, 11 Sep 2023 19:35:42: All threads completed. 
INFO  @ Mon, 11 Sep 2023 19:35:46: Assigning p values... 
INFO  @ Mon, 11 Sep 2023 19:35:46: Permuting groups of gene with 12 sgRNAs per gene. Group progress: 12/22 
INFO  @ Mon, 11 Sep 2023 19:35:46: Start permuting 2 rounds ... 
INFO  @ Mon, 11 Sep 2023 19:35:46: Collecting 90025 sgRNAs from 18006 genes. 
INFO  @ Mon, 11 Sep 2023 19:35:47: Permuting round 0 ... 
INFO  @ Mon, 11 Sep 2023 19:35:48: Thread 0 started. 
INFO  @ Mon, 11 Sep 2023 19:35:48: Thread 0: total 18006 instances. 
INFO  @ Mon, 11 Sep 2023 19:35:48: Thread 0: Calculating A1CF (1) ...  
INFO  @ Mon, 11 Sep 2023 19:35:52: Thread 0: Calculating ARNT2 (1001) ...  
INFO  @ Mon, 11 Sep 2023 19:35:56: Thread 0: Calculating C2orf44 (2001) ...  
INFO  @ Mon, 11 Sep 2023 19:36:00: Thread 0: Calculating CERS6 (3001) ...  
INFO  @ Mon, 11 Sep 2023 19:36:04: Thread 0: Calculating DBH (4001) ...  
INFO  @ Mon, 11 Sep 2023 19:36:08: Thread 0: Calculating ERCC6L2 (5001) ...  
INFO  @ Mon, 11 Sep 2023 19:36:12: Thread 0: Calculating GANC (6001) ...  
INFO  @ Mon, 11 Sep 2023 19:36:16: Thread 0: Calculating HMBS (7001) ...  
INFO  @ Mon, 11 Sep 2023 19:36:20: Thread 0: Calculating KIAA1147 (8001) ...  
INFO  @ Mon, 11 Sep 2023 19:36:24: Thread 0: Calculating MAGOH (9001) ...  
INFO  @ Mon, 11 Sep 2023 19:36:28: Thread 0: Calculating NANOS3 (10001) ...  
INFO  @ Mon, 11 Sep 2023 19:36:32: Thread 0: Calculating PAXIP1 (11001) ...  
INFO  @ Mon, 11 Sep 2023 19:36:35: Thread 0: Calculating PRG4 (12001) ...  
INFO  @ Mon, 11 Sep 2023 19:36:40: Thread 0: Calculating RNF151 (13001) ...  
INFO  @ Mon, 11 Sep 2023 19:36:44: Thread 0: Calculating SLC25A11 (14001) ...  
INFO  @ Mon, 11 Sep 2023 19:36:48: Thread 0: Calculating SUMO4 (15001) ...  
INFO  @ Mon, 11 Sep 2023 19:36:51: Thread 0: Calculating TNKS2 (16001) ...  
INFO  @ Mon, 11 Sep 2023 19:36:55: Thread 0: Calculating WDHD1 (17001) ...  
INFO  @ Mon, 11 Sep 2023 19:36:59: Thread 0: Calculating ZYG11A (18001) ...  
INFO  @ Mon, 11 Sep 2023 19:36:59: Thread 0 completed. 
INFO  @ Mon, 11 Sep 2023 19:36:59: All threads completed. 
INFO  @ Mon, 11 Sep 2023 19:37:03: Permuting round 1 ... 
INFO  @ Mon, 11 Sep 2023 19:37:03: Thread 0 started. 
INFO  @ Mon, 11 Sep 2023 19:37:03: Thread 0: total 18006 instances. 
INFO  @ Mon, 11 Sep 2023 19:37:03: Thread 0: Calculating A1CF (1) ...  
INFO  @ Mon, 11 Sep 2023 19:37:07: Thread 0: Calculating ARNT2 (1001) ...  
INFO  @ Mon, 11 Sep 2023 19:37:11: Thread 0: Calculating C2orf44 (2001) ...  
INFO  @ Mon, 11 Sep 2023 19:37:15: Thread 0: Calculating CERS6 (3001) ...  
INFO  @ Mon, 11 Sep 2023 19:37:19: Thread 0: Calculating DBH (4001) ...  
INFO  @ Mon, 11 Sep 2023 19:37:23: Thread 0: Calculating ERCC6L2 (5001) ...  
INFO  @ Mon, 11 Sep 2023 19:37:27: Thread 0: Calculating GANC (6001) ...  
INFO  @ Mon, 11 Sep 2023 19:37:31: Thread 0: Calculating HMBS (7001) ...  
INFO  @ Mon, 11 Sep 2023 19:37:35: Thread 0: Calculating KIAA1147 (8001) ...  
INFO  @ Mon, 11 Sep 2023 19:37:38: Thread 0: Calculating MAGOH (9001) ...  
INFO  @ Mon, 11 Sep 2023 19:37:42: Thread 0: Calculating NANOS3 (10001) ...  
INFO  @ Mon, 11 Sep 2023 19:37:46: Thread 0: Calculating PAXIP1 (11001) ...  
INFO  @ Mon, 11 Sep 2023 19:37:50: Thread 0: Calculating PRG4 (12001) ...  
INFO  @ Mon, 11 Sep 2023 19:37:54: Thread 0: Calculating RNF151 (13001) ...  
INFO  @ Mon, 11 Sep 2023 19:37:58: Thread 0: Calculating SLC25A11 (14001) ...  
INFO  @ Mon, 11 Sep 2023 19:38:02: Thread 0: Calculating SUMO4 (15001) ...  
INFO  @ Mon, 11 Sep 2023 19:38:06: Thread 0: Calculating TNKS2 (16001) ...  
INFO  @ Mon, 11 Sep 2023 19:38:10: Thread 0: Calculating WDHD1 (17001) ...  
INFO  @ Mon, 11 Sep 2023 19:38:14: Thread 0: Calculating ZYG11A (18001) ...  
INFO  @ Mon, 11 Sep 2023 19:38:14: Thread 0 completed. 
INFO  @ Mon, 11 Sep 2023 19:38:14: All threads completed. 
INFO  @ Mon, 11 Sep 2023 19:38:18: Assigning p values... 
INFO  @ Mon, 11 Sep 2023 19:38:18: Permuting groups of gene with 13 sgRNAs per gene. Group progress: 13/22 
INFO  @ Mon, 11 Sep 2023 19:38:18: Start permuting 2 rounds ... 
INFO  @ Mon, 11 Sep 2023 19:38:18: Collecting 90025 sgRNAs from 18006 genes. 
INFO  @ Mon, 11 Sep 2023 19:38:19: Permuting round 0 ... 
INFO  @ Mon, 11 Sep 2023 19:38:19: Thread 0 started. 
INFO  @ Mon, 11 Sep 2023 19:38:19: Thread 0: total 18006 instances. 
INFO  @ Mon, 11 Sep 2023 19:38:19: Thread 0: Calculating A1CF (1) ...  
INFO  @ Mon, 11 Sep 2023 19:38:24: Thread 0: Calculating ARNT2 (1001) ...  
INFO  @ Mon, 11 Sep 2023 19:38:28: Thread 0: Calculating C2orf44 (2001) ...  
INFO  @ Mon, 11 Sep 2023 19:38:32: Thread 0: Calculating CERS6 (3001) ...  
INFO  @ Mon, 11 Sep 2023 19:38:36: Thread 0: Calculating DBH (4001) ...  
INFO  @ Mon, 11 Sep 2023 19:38:40: Thread 0: Calculating ERCC6L2 (5001) ...  
INFO  @ Mon, 11 Sep 2023 19:38:44: Thread 0: Calculating GANC (6001) ...  
INFO  @ Mon, 11 Sep 2023 19:38:48: Thread 0: Calculating HMBS (7001) ...  
INFO  @ Mon, 11 Sep 2023 19:38:53: Thread 0: Calculating KIAA1147 (8001) ...  
INFO  @ Mon, 11 Sep 2023 19:38:57: Thread 0: Calculating MAGOH (9001) ...  
INFO  @ Mon, 11 Sep 2023 19:39:01: Thread 0: Calculating NANOS3 (10001) ...  
INFO  @ Mon, 11 Sep 2023 19:39:05: Thread 0: Calculating PAXIP1 (11001) ...  
INFO  @ Mon, 11 Sep 2023 19:39:09: Thread 0: Calculating PRG4 (12001) ...  
INFO  @ Mon, 11 Sep 2023 19:39:13: Thread 0: Calculating RNF151 (13001) ...  
INFO  @ Mon, 11 Sep 2023 19:39:17: Thread 0: Calculating SLC25A11 (14001) ...  
INFO  @ Mon, 11 Sep 2023 19:39:21: Thread 0: Calculating SUMO4 (15001) ...  
INFO  @ Mon, 11 Sep 2023 19:39:25: Thread 0: Calculating TNKS2 (16001) ...  
INFO  @ Mon, 11 Sep 2023 19:39:29: Thread 0: Calculating WDHD1 (17001) ...  
INFO  @ Mon, 11 Sep 2023 19:39:33: Thread 0: Calculating ZYG11A (18001) ...  
INFO  @ Mon, 11 Sep 2023 19:39:33: Thread 0 completed. 
INFO  @ Mon, 11 Sep 2023 19:39:33: All threads completed. 
INFO  @ Mon, 11 Sep 2023 19:39:37: Permuting round 1 ... 
INFO  @ Mon, 11 Sep 2023 19:39:37: Thread 0 started. 
INFO  @ Mon, 11 Sep 2023 19:39:37: Thread 0: total 18006 instances. 
INFO  @ Mon, 11 Sep 2023 19:39:37: Thread 0: Calculating A1CF (1) ...  
INFO  @ Mon, 11 Sep 2023 19:39:41: Thread 0: Calculating ARNT2 (1001) ...  
INFO  @ Mon, 11 Sep 2023 19:39:46: Thread 0: Calculating C2orf44 (2001) ...  
INFO  @ Mon, 11 Sep 2023 19:39:50: Thread 0: Calculating CERS6 (3001) ...  
INFO  @ Mon, 11 Sep 2023 19:39:54: Thread 0: Calculating DBH (4001) ...  
INFO  @ Mon, 11 Sep 2023 19:39:58: Thread 0: Calculating ERCC6L2 (5001) ...  
INFO  @ Mon, 11 Sep 2023 19:40:02: Thread 0: Calculating GANC (6001) ...  
INFO  @ Mon, 11 Sep 2023 19:40:07: Thread 0: Calculating HMBS (7001) ...  
INFO  @ Mon, 11 Sep 2023 19:40:11: Thread 0: Calculating KIAA1147 (8001) ...  
INFO  @ Mon, 11 Sep 2023 19:40:15: Thread 0: Calculating MAGOH (9001) ...  
INFO  @ Mon, 11 Sep 2023 19:40:19: Thread 0: Calculating NANOS3 (10001) ...  
INFO  @ Mon, 11 Sep 2023 19:40:23: Thread 0: Calculating PAXIP1 (11001) ...  
INFO  @ Mon, 11 Sep 2023 19:40:27: Thread 0: Calculating PRG4 (12001) ...  
INFO  @ Mon, 11 Sep 2023 19:40:31: Thread 0: Calculating RNF151 (13001) ...  
INFO  @ Mon, 11 Sep 2023 19:40:35: Thread 0: Calculating SLC25A11 (14001) ...  
INFO  @ Mon, 11 Sep 2023 19:40:40: Thread 0: Calculating SUMO4 (15001) ...  
INFO  @ Mon, 11 Sep 2023 19:40:44: Thread 0: Calculating TNKS2 (16001) ...  
INFO  @ Mon, 11 Sep 2023 19:40:48: Thread 0: Calculating WDHD1 (17001) ...  
INFO  @ Mon, 11 Sep 2023 19:40:52: Thread 0: Calculating ZYG11A (18001) ...  
INFO  @ Mon, 11 Sep 2023 19:40:52: Thread 0 completed. 
INFO  @ Mon, 11 Sep 2023 19:40:52: All threads completed. 
INFO  @ Mon, 11 Sep 2023 19:40:56: Assigning p values... 
INFO  @ Mon, 11 Sep 2023 19:40:56: Permuting groups of gene with 14 sgRNAs per gene. Group progress: 14/22 
INFO  @ Mon, 11 Sep 2023 19:40:56: Start permuting 2 rounds ... 
INFO  @ Mon, 11 Sep 2023 19:40:56: Collecting 90025 sgRNAs from 18006 genes. 
INFO  @ Mon, 11 Sep 2023 19:40:57: Permuting round 0 ... 
INFO  @ Mon, 11 Sep 2023 19:40:58: Thread 0 started. 
INFO  @ Mon, 11 Sep 2023 19:40:58: Thread 0: total 18006 instances. 
INFO  @ Mon, 11 Sep 2023 19:40:58: Thread 0: Calculating A1CF (1) ...  
INFO  @ Mon, 11 Sep 2023 19:41:02: Thread 0: Calculating ARNT2 (1001) ...  
INFO  @ Mon, 11 Sep 2023 19:41:06: Thread 0: Calculating C2orf44 (2001) ...  
INFO  @ Mon, 11 Sep 2023 19:41:11: Thread 0: Calculating CERS6 (3001) ...  
INFO  @ Mon, 11 Sep 2023 19:41:15: Thread 0: Calculating DBH (4001) ...  
INFO  @ Mon, 11 Sep 2023 19:41:19: Thread 0: Calculating ERCC6L2 (5001) ...  
INFO  @ Mon, 11 Sep 2023 19:41:23: Thread 0: Calculating GANC (6001) ...  
INFO  @ Mon, 11 Sep 2023 19:41:28: Thread 0: Calculating HMBS (7001) ...  
INFO  @ Mon, 11 Sep 2023 19:41:32: Thread 0: Calculating KIAA1147 (8001) ...  
INFO  @ Mon, 11 Sep 2023 19:41:36: Thread 0: Calculating MAGOH (9001) ...  
INFO  @ Mon, 11 Sep 2023 19:41:41: Thread 0: Calculating NANOS3 (10001) ...  
INFO  @ Mon, 11 Sep 2023 19:41:45: Thread 0: Calculating PAXIP1 (11001) ...  
INFO  @ Mon, 11 Sep 2023 19:41:49: Thread 0: Calculating PRG4 (12001) ...  
INFO  @ Mon, 11 Sep 2023 19:41:54: Thread 0: Calculating RNF151 (13001) ...  
INFO  @ Mon, 11 Sep 2023 19:41:58: Thread 0: Calculating SLC25A11 (14001) ...  
INFO  @ Mon, 11 Sep 2023 19:42:02: Thread 0: Calculating SUMO4 (15001) ...  
INFO  @ Mon, 11 Sep 2023 19:42:06: Thread 0: Calculating TNKS2 (16001) ...  
INFO  @ Mon, 11 Sep 2023 19:42:11: Thread 0: Calculating WDHD1 (17001) ...  
INFO  @ Mon, 11 Sep 2023 19:42:15: Thread 0: Calculating ZYG11A (18001) ...  
INFO  @ Mon, 11 Sep 2023 19:42:15: Thread 0 completed. 
INFO  @ Mon, 11 Sep 2023 19:42:15: All threads completed. 
INFO  @ Mon, 11 Sep 2023 19:42:18: Permuting round 1 ... 
INFO  @ Mon, 11 Sep 2023 19:42:19: Thread 0 started. 
INFO  @ Mon, 11 Sep 2023 19:42:19: Thread 0: total 18006 instances. 
INFO  @ Mon, 11 Sep 2023 19:42:19: Thread 0: Calculating A1CF (1) ...  
INFO  @ Mon, 11 Sep 2023 19:42:23: Thread 0: Calculating ARNT2 (1001) ...  
INFO  @ Mon, 11 Sep 2023 19:42:28: Thread 0: Calculating C2orf44 (2001) ...  
INFO  @ Mon, 11 Sep 2023 19:42:32: Thread 0: Calculating CERS6 (3001) ...  
INFO  @ Mon, 11 Sep 2023 19:42:36: Thread 0: Calculating DBH (4001) ...  
INFO  @ Mon, 11 Sep 2023 19:42:41: Thread 0: Calculating ERCC6L2 (5001) ...  
INFO  @ Mon, 11 Sep 2023 19:42:45: Thread 0: Calculating GANC (6001) ...  
INFO  @ Mon, 11 Sep 2023 19:42:49: Thread 0: Calculating HMBS (7001) ...  
INFO  @ Mon, 11 Sep 2023 19:42:54: Thread 0: Calculating KIAA1147 (8001) ...  
INFO  @ Mon, 11 Sep 2023 19:42:58: Thread 0: Calculating MAGOH (9001) ...  
INFO  @ Mon, 11 Sep 2023 19:43:03: Thread 0: Calculating NANOS3 (10001) ...  
INFO  @ Mon, 11 Sep 2023 19:43:07: Thread 0: Calculating PAXIP1 (11001) ...  
INFO  @ Mon, 11 Sep 2023 19:43:11: Thread 0: Calculating PRG4 (12001) ...  
INFO  @ Mon, 11 Sep 2023 19:43:16: Thread 0: Calculating RNF151 (13001) ...  
INFO  @ Mon, 11 Sep 2023 19:43:20: Thread 0: Calculating SLC25A11 (14001) ...  
INFO  @ Mon, 11 Sep 2023 19:43:24: Thread 0: Calculating SUMO4 (15001) ...  
INFO  @ Mon, 11 Sep 2023 19:43:29: Thread 0: Calculating TNKS2 (16001) ...  
INFO  @ Mon, 11 Sep 2023 19:43:33: Thread 0: Calculating WDHD1 (17001) ...  
INFO  @ Mon, 11 Sep 2023 19:43:37: Thread 0: Calculating ZYG11A (18001) ...  
INFO  @ Mon, 11 Sep 2023 19:43:37: Thread 0 completed. 
INFO  @ Mon, 11 Sep 2023 19:43:37: All threads completed. 
INFO  @ Mon, 11 Sep 2023 19:43:41: Assigning p values... 
INFO  @ Mon, 11 Sep 2023 19:43:41: Permuting groups of gene with 15 sgRNAs per gene. Group progress: 15/22 
INFO  @ Mon, 11 Sep 2023 19:43:41: Start permuting 2 rounds ... 
INFO  @ Mon, 11 Sep 2023 19:43:41: Collecting 90025 sgRNAs from 18006 genes. 
INFO  @ Mon, 11 Sep 2023 19:43:42: Permuting round 0 ... 
INFO  @ Mon, 11 Sep 2023 19:43:43: Thread 0 started. 
INFO  @ Mon, 11 Sep 2023 19:43:43: Thread 0: total 18006 instances. 
INFO  @ Mon, 11 Sep 2023 19:43:43: Thread 0: Calculating A1CF (1) ...  
INFO  @ Mon, 11 Sep 2023 19:43:47: Thread 0: Calculating ARNT2 (1001) ...  
INFO  @ Mon, 11 Sep 2023 19:43:52: Thread 0: Calculating C2orf44 (2001) ...  
INFO  @ Mon, 11 Sep 2023 19:43:56: Thread 0: Calculating CERS6 (3001) ...  
INFO  @ Mon, 11 Sep 2023 19:44:00: Thread 0: Calculating DBH (4001) ...  
INFO  @ Mon, 11 Sep 2023 19:44:04: Thread 0: Calculating ERCC6L2 (5001) ...  
INFO  @ Mon, 11 Sep 2023 19:44:09: Thread 0: Calculating GANC (6001) ...  
INFO  @ Mon, 11 Sep 2023 19:44:13: Thread 0: Calculating HMBS (7001) ...  
INFO  @ Mon, 11 Sep 2023 19:44:17: Thread 0: Calculating KIAA1147 (8001) ...  
INFO  @ Mon, 11 Sep 2023 19:44:22: Thread 0: Calculating MAGOH (9001) ...  
INFO  @ Mon, 11 Sep 2023 19:44:26: Thread 0: Calculating NANOS3 (10001) ...  
INFO  @ Mon, 11 Sep 2023 19:44:30: Thread 0: Calculating PAXIP1 (11001) ...  
INFO  @ Mon, 11 Sep 2023 19:44:34: Thread 0: Calculating PRG4 (12001) ...  
INFO  @ Mon, 11 Sep 2023 19:44:39: Thread 0: Calculating RNF151 (13001) ...  
INFO  @ Mon, 11 Sep 2023 19:44:43: Thread 0: Calculating SLC25A11 (14001) ...  
INFO  @ Mon, 11 Sep 2023 19:44:47: Thread 0: Calculating SUMO4 (15001) ...  
INFO  @ Mon, 11 Sep 2023 19:44:52: Thread 0: Calculating TNKS2 (16001) ...  
INFO  @ Mon, 11 Sep 2023 19:44:56: Thread 0: Calculating WDHD1 (17001) ...  
INFO  @ Mon, 11 Sep 2023 19:45:00: Thread 0: Calculating ZYG11A (18001) ...  
INFO  @ Mon, 11 Sep 2023 19:45:00: Thread 0 completed. 
INFO  @ Mon, 11 Sep 2023 19:45:00: All threads completed. 
INFO  @ Mon, 11 Sep 2023 19:45:04: Permuting round 1 ... 
INFO  @ Mon, 11 Sep 2023 19:45:04: Thread 0 started. 
INFO  @ Mon, 11 Sep 2023 19:45:04: Thread 0: total 18006 instances. 
INFO  @ Mon, 11 Sep 2023 19:45:04: Thread 0: Calculating A1CF (1) ...  
INFO  @ Mon, 11 Sep 2023 19:45:09: Thread 0: Calculating ARNT2 (1001) ...  
INFO  @ Mon, 11 Sep 2023 19:45:13: Thread 0: Calculating C2orf44 (2001) ...  
INFO  @ Mon, 11 Sep 2023 19:45:17: Thread 0: Calculating CERS6 (3001) ...  
INFO  @ Mon, 11 Sep 2023 19:45:22: Thread 0: Calculating DBH (4001) ...  
INFO  @ Mon, 11 Sep 2023 19:45:26: Thread 0: Calculating ERCC6L2 (5001) ...  
INFO  @ Mon, 11 Sep 2023 19:45:30: Thread 0: Calculating GANC (6001) ...  
INFO  @ Mon, 11 Sep 2023 19:45:35: Thread 0: Calculating HMBS (7001) ...  
INFO  @ Mon, 11 Sep 2023 19:45:39: Thread 0: Calculating KIAA1147 (8001) ...  
INFO  @ Mon, 11 Sep 2023 19:45:43: Thread 0: Calculating MAGOH (9001) ...  
INFO  @ Mon, 11 Sep 2023 19:45:47: Thread 0: Calculating NANOS3 (10001) ...  
INFO  @ Mon, 11 Sep 2023 19:45:52: Thread 0: Calculating PAXIP1 (11001) ...  
INFO  @ Mon, 11 Sep 2023 19:45:56: Thread 0: Calculating PRG4 (12001) ...  
INFO  @ Mon, 11 Sep 2023 19:46:00: Thread 0: Calculating RNF151 (13001) ...  
INFO  @ Mon, 11 Sep 2023 19:46:05: Thread 0: Calculating SLC25A11 (14001) ...  
INFO  @ Mon, 11 Sep 2023 19:46:09: Thread 0: Calculating SUMO4 (15001) ...  
INFO  @ Mon, 11 Sep 2023 19:46:13: Thread 0: Calculating TNKS2 (16001) ...  
INFO  @ Mon, 11 Sep 2023 19:46:17: Thread 0: Calculating WDHD1 (17001) ...  
INFO  @ Mon, 11 Sep 2023 19:46:22: Thread 0: Calculating ZYG11A (18001) ...  
INFO  @ Mon, 11 Sep 2023 19:46:22: Thread 0 completed. 
INFO  @ Mon, 11 Sep 2023 19:46:22: All threads completed. 
INFO  @ Mon, 11 Sep 2023 19:46:26: Assigning p values... 
INFO  @ Mon, 11 Sep 2023 19:46:26: Permuting groups of gene with 16 sgRNAs per gene. Group progress: 16/22 
INFO  @ Mon, 11 Sep 2023 19:46:26: Start permuting 2 rounds ... 
INFO  @ Mon, 11 Sep 2023 19:46:26: Collecting 90025 sgRNAs from 18006 genes. 
INFO  @ Mon, 11 Sep 2023 19:46:27: Permuting round 0 ... 
INFO  @ Mon, 11 Sep 2023 19:46:28: Thread 0 started. 
INFO  @ Mon, 11 Sep 2023 19:46:28: Thread 0: total 18006 instances. 
INFO  @ Mon, 11 Sep 2023 19:46:28: Thread 0: Calculating A1CF (1) ...  
INFO  @ Mon, 11 Sep 2023 19:46:32: Thread 0: Calculating ARNT2 (1001) ...  
INFO  @ Mon, 11 Sep 2023 19:46:37: Thread 0: Calculating C2orf44 (2001) ...  
INFO  @ Mon, 11 Sep 2023 19:46:41: Thread 0: Calculating CERS6 (3001) ...  
INFO  @ Mon, 11 Sep 2023 19:46:46: Thread 0: Calculating DBH (4001) ...  
INFO  @ Mon, 11 Sep 2023 19:46:50: Thread 0: Calculating ERCC6L2 (5001) ...  
INFO  @ Mon, 11 Sep 2023 19:46:55: Thread 0: Calculating GANC (6001) ...  
INFO  @ Mon, 11 Sep 2023 19:46:59: Thread 0: Calculating HMBS (7001) ...  
INFO  @ Mon, 11 Sep 2023 19:47:04: Thread 0: Calculating KIAA1147 (8001) ...  
INFO  @ Mon, 11 Sep 2023 19:47:08: Thread 0: Calculating MAGOH (9001) ...  
INFO  @ Mon, 11 Sep 2023 19:47:13: Thread 0: Calculating NANOS3 (10001) ...  
INFO  @ Mon, 11 Sep 2023 19:47:17: Thread 0: Calculating PAXIP1 (11001) ...  
INFO  @ Mon, 11 Sep 2023 19:47:22: Thread 0: Calculating PRG4 (12001) ...  
INFO  @ Mon, 11 Sep 2023 19:47:26: Thread 0: Calculating RNF151 (13001) ...  
INFO  @ Mon, 11 Sep 2023 19:47:30: Thread 0: Calculating SLC25A11 (14001) ...  
INFO  @ Mon, 11 Sep 2023 19:47:35: Thread 0: Calculating SUMO4 (15001) ...  
INFO  @ Mon, 11 Sep 2023 19:47:40: Thread 0: Calculating TNKS2 (16001) ...  
INFO  @ Mon, 11 Sep 2023 19:47:44: Thread 0: Calculating WDHD1 (17001) ...  
INFO  @ Mon, 11 Sep 2023 19:47:48: Thread 0: Calculating ZYG11A (18001) ...  
INFO  @ Mon, 11 Sep 2023 19:47:48: Thread 0 completed. 
INFO  @ Mon, 11 Sep 2023 19:47:48: All threads completed. 
INFO  @ Mon, 11 Sep 2023 19:47:52: Permuting round 1 ... 
INFO  @ Mon, 11 Sep 2023 19:47:52: Thread 0 started. 
INFO  @ Mon, 11 Sep 2023 19:47:52: Thread 0: total 18006 instances. 
INFO  @ Mon, 11 Sep 2023 19:47:52: Thread 0: Calculating A1CF (1) ...  
INFO  @ Mon, 11 Sep 2023 19:47:57: Thread 0: Calculating ARNT2 (1001) ...  
INFO  @ Mon, 11 Sep 2023 19:48:01: Thread 0: Calculating C2orf44 (2001) ...  
INFO  @ Mon, 11 Sep 2023 19:48:06: Thread 0: Calculating CERS6 (3001) ...  
INFO  @ Mon, 11 Sep 2023 19:48:10: Thread 0: Calculating DBH (4001) ...  
INFO  @ Mon, 11 Sep 2023 19:48:15: Thread 0: Calculating ERCC6L2 (5001) ...  
INFO  @ Mon, 11 Sep 2023 19:48:19: Thread 0: Calculating GANC (6001) ...  
INFO  @ Mon, 11 Sep 2023 19:48:24: Thread 0: Calculating HMBS (7001) ...  
INFO  @ Mon, 11 Sep 2023 19:48:28: Thread 0: Calculating KIAA1147 (8001) ...  
INFO  @ Mon, 11 Sep 2023 19:48:33: Thread 0: Calculating MAGOH (9001) ...  
INFO  @ Mon, 11 Sep 2023 19:48:37: Thread 0: Calculating NANOS3 (10001) ...  
INFO  @ Mon, 11 Sep 2023 19:48:42: Thread 0: Calculating PAXIP1 (11001) ...  
INFO  @ Mon, 11 Sep 2023 19:48:46: Thread 0: Calculating PRG4 (12001) ...  
INFO  @ Mon, 11 Sep 2023 19:48:51: Thread 0: Calculating RNF151 (13001) ...  
INFO  @ Mon, 11 Sep 2023 19:48:55: Thread 0: Calculating SLC25A11 (14001) ...  
INFO  @ Mon, 11 Sep 2023 19:49:00: Thread 0: Calculating SUMO4 (15001) ...  
INFO  @ Mon, 11 Sep 2023 19:49:05: Thread 0: Calculating TNKS2 (16001) ...  
INFO  @ Mon, 11 Sep 2023 19:49:09: Thread 0: Calculating WDHD1 (17001) ...  
INFO  @ Mon, 11 Sep 2023 19:49:14: Thread 0: Calculating ZYG11A (18001) ...  
INFO  @ Mon, 11 Sep 2023 19:49:14: Thread 0 completed. 
INFO  @ Mon, 11 Sep 2023 19:49:14: All threads completed. 
INFO  @ Mon, 11 Sep 2023 19:49:17: Assigning p values... 
INFO  @ Mon, 11 Sep 2023 19:49:17: Permuting groups of gene with 17 sgRNAs per gene. Group progress: 17/22 
INFO  @ Mon, 11 Sep 2023 19:49:17: Start permuting 2 rounds ... 
INFO  @ Mon, 11 Sep 2023 19:49:18: Collecting 90025 sgRNAs from 18006 genes. 
INFO  @ Mon, 11 Sep 2023 19:49:19: Permuting round 0 ... 
INFO  @ Mon, 11 Sep 2023 19:49:19: Thread 0 started. 
INFO  @ Mon, 11 Sep 2023 19:49:19: Thread 0: total 18006 instances. 
INFO  @ Mon, 11 Sep 2023 19:49:19: Thread 0: Calculating A1CF (1) ...  
INFO  @ Mon, 11 Sep 2023 19:49:24: Thread 0: Calculating ARNT2 (1001) ...  
INFO  @ Mon, 11 Sep 2023 19:49:29: Thread 0: Calculating C2orf44 (2001) ...  
INFO  @ Mon, 11 Sep 2023 19:49:33: Thread 0: Calculating CERS6 (3001) ...  
INFO  @ Mon, 11 Sep 2023 19:49:38: Thread 0: Calculating DBH (4001) ...  
INFO  @ Mon, 11 Sep 2023 19:49:43: Thread 0: Calculating ERCC6L2 (5001) ...  
INFO  @ Mon, 11 Sep 2023 19:49:48: Thread 0: Calculating GANC (6001) ...  
INFO  @ Mon, 11 Sep 2023 19:49:52: Thread 0: Calculating HMBS (7001) ...  
INFO  @ Mon, 11 Sep 2023 19:49:57: Thread 0: Calculating KIAA1147 (8001) ...  
INFO  @ Mon, 11 Sep 2023 19:50:02: Thread 0: Calculating MAGOH (9001) ...  
INFO  @ Mon, 11 Sep 2023 19:50:07: Thread 0: Calculating NANOS3 (10001) ...  
INFO  @ Mon, 11 Sep 2023 19:50:12: Thread 0: Calculating PAXIP1 (11001) ...  
INFO  @ Mon, 11 Sep 2023 19:50:16: Thread 0: Calculating PRG4 (12001) ...  
INFO  @ Mon, 11 Sep 2023 19:50:21: Thread 0: Calculating RNF151 (13001) ...  
INFO  @ Mon, 11 Sep 2023 19:50:26: Thread 0: Calculating SLC25A11 (14001) ...  
INFO  @ Mon, 11 Sep 2023 19:50:31: Thread 0: Calculating SUMO4 (15001) ...  
INFO  @ Mon, 11 Sep 2023 19:50:35: Thread 0: Calculating TNKS2 (16001) ...  
INFO  @ Mon, 11 Sep 2023 19:50:40: Thread 0: Calculating WDHD1 (17001) ...  
INFO  @ Mon, 11 Sep 2023 19:50:45: Thread 0: Calculating ZYG11A (18001) ...  
INFO  @ Mon, 11 Sep 2023 19:50:45: Thread 0 completed. 
INFO  @ Mon, 11 Sep 2023 19:50:45: All threads completed. 
INFO  @ Mon, 11 Sep 2023 19:50:48: Permuting round 1 ... 
INFO  @ Mon, 11 Sep 2023 19:50:49: Thread 0 started. 
INFO  @ Mon, 11 Sep 2023 19:50:49: Thread 0: total 18006 instances. 
INFO  @ Mon, 11 Sep 2023 19:50:49: Thread 0: Calculating A1CF (1) ...  
INFO  @ Mon, 11 Sep 2023 19:50:54: Thread 0: Calculating ARNT2 (1001) ...  
INFO  @ Mon, 11 Sep 2023 19:50:59: Thread 0: Calculating C2orf44 (2001) ...  
INFO  @ Mon, 11 Sep 2023 19:51:04: Thread 0: Calculating CERS6 (3001) ...  
INFO  @ Mon, 11 Sep 2023 19:51:08: Thread 0: Calculating DBH (4001) ...  
INFO  @ Mon, 11 Sep 2023 19:51:13: Thread 0: Calculating ERCC6L2 (5001) ...  
INFO  @ Mon, 11 Sep 2023 19:51:18: Thread 0: Calculating GANC (6001) ...  
INFO  @ Mon, 11 Sep 2023 19:51:23: Thread 0: Calculating HMBS (7001) ...  
INFO  @ Mon, 11 Sep 2023 19:51:28: Thread 0: Calculating KIAA1147 (8001) ...  
INFO  @ Mon, 11 Sep 2023 19:51:33: Thread 0: Calculating MAGOH (9001) ...  
INFO  @ Mon, 11 Sep 2023 19:51:38: Thread 0: Calculating NANOS3 (10001) ...  
INFO  @ Mon, 11 Sep 2023 19:51:43: Thread 0: Calculating PAXIP1 (11001) ...  
INFO  @ Mon, 11 Sep 2023 19:51:47: Thread 0: Calculating PRG4 (12001) ...  
INFO  @ Mon, 11 Sep 2023 19:51:52: Thread 0: Calculating RNF151 (13001) ...  
INFO  @ Mon, 11 Sep 2023 19:51:57: Thread 0: Calculating SLC25A11 (14001) ...  
INFO  @ Mon, 11 Sep 2023 19:52:02: Thread 0: Calculating SUMO4 (15001) ...  
INFO  @ Mon, 11 Sep 2023 19:52:07: Thread 0: Calculating TNKS2 (16001) ...  
INFO  @ Mon, 11 Sep 2023 19:52:11: Thread 0: Calculating WDHD1 (17001) ...  
INFO  @ Mon, 11 Sep 2023 19:52:16: Thread 0: Calculating ZYG11A (18001) ...  
INFO  @ Mon, 11 Sep 2023 19:52:16: Thread 0 completed. 
INFO  @ Mon, 11 Sep 2023 19:52:16: All threads completed. 
INFO  @ Mon, 11 Sep 2023 19:52:20: Assigning p values... 
INFO  @ Mon, 11 Sep 2023 19:52:20: Permuting groups of gene with 18 sgRNAs per gene. Group progress: 18/22 
INFO  @ Mon, 11 Sep 2023 19:52:20: Start permuting 2 rounds ... 
INFO  @ Mon, 11 Sep 2023 19:52:21: Collecting 90025 sgRNAs from 18006 genes. 
INFO  @ Mon, 11 Sep 2023 19:52:21: Permuting round 0 ... 
INFO  @ Mon, 11 Sep 2023 19:52:22: Thread 0 started. 
INFO  @ Mon, 11 Sep 2023 19:52:22: Thread 0: total 18006 instances. 
INFO  @ Mon, 11 Sep 2023 19:52:22: Thread 0: Calculating A1CF (1) ...  
INFO  @ Mon, 11 Sep 2023 19:52:27: Thread 0: Calculating ARNT2 (1001) ...  
INFO  @ Mon, 11 Sep 2023 19:52:32: Thread 0: Calculating C2orf44 (2001) ...  
INFO  @ Mon, 11 Sep 2023 19:52:37: Thread 0: Calculating CERS6 (3001) ...  
INFO  @ Mon, 11 Sep 2023 19:52:41: Thread 0: Calculating DBH (4001) ...  
INFO  @ Mon, 11 Sep 2023 19:52:46: Thread 0: Calculating ERCC6L2 (5001) ...  
INFO  @ Mon, 11 Sep 2023 19:52:51: Thread 0: Calculating GANC (6001) ...  
INFO  @ Mon, 11 Sep 2023 19:52:56: Thread 0: Calculating HMBS (7001) ...  
INFO  @ Mon, 11 Sep 2023 19:53:00: Thread 0: Calculating KIAA1147 (8001) ...  
INFO  @ Mon, 11 Sep 2023 19:53:05: Thread 0: Calculating MAGOH (9001) ...  
INFO  @ Mon, 11 Sep 2023 19:53:10: Thread 0: Calculating NANOS3 (10001) ...  
INFO  @ Mon, 11 Sep 2023 19:53:15: Thread 0: Calculating PAXIP1 (11001) ...  
INFO  @ Mon, 11 Sep 2023 19:53:20: Thread 0: Calculating PRG4 (12001) ...  
INFO  @ Mon, 11 Sep 2023 19:53:24: Thread 0: Calculating RNF151 (13001) ...  
INFO  @ Mon, 11 Sep 2023 19:53:29: Thread 0: Calculating SLC25A11 (14001) ...  
INFO  @ Mon, 11 Sep 2023 19:53:34: Thread 0: Calculating SUMO4 (15001) ...  
INFO  @ Mon, 11 Sep 2023 19:53:39: Thread 0: Calculating TNKS2 (16001) ...  
INFO  @ Mon, 11 Sep 2023 19:53:44: Thread 0: Calculating WDHD1 (17001) ...  
INFO  @ Mon, 11 Sep 2023 19:53:48: Thread 0: Calculating ZYG11A (18001) ...  
INFO  @ Mon, 11 Sep 2023 19:53:48: Thread 0 completed. 
INFO  @ Mon, 11 Sep 2023 19:53:48: All threads completed. 
INFO  @ Mon, 11 Sep 2023 19:53:52: Permuting round 1 ... 
INFO  @ Mon, 11 Sep 2023 19:53:52: Thread 0 started. 
INFO  @ Mon, 11 Sep 2023 19:53:52: Thread 0: total 18006 instances. 
INFO  @ Mon, 11 Sep 2023 19:53:52: Thread 0: Calculating A1CF (1) ...  
INFO  @ Mon, 11 Sep 2023 19:53:58: Thread 0: Calculating ARNT2 (1001) ...  
INFO  @ Mon, 11 Sep 2023 19:54:03: Thread 0: Calculating C2orf44 (2001) ...  
INFO  @ Mon, 11 Sep 2023 19:54:08: Thread 0: Calculating CERS6 (3001) ...  
INFO  @ Mon, 11 Sep 2023 19:54:13: Thread 0: Calculating DBH (4001) ...  
INFO  @ Mon, 11 Sep 2023 19:54:18: Thread 0: Calculating ERCC6L2 (5001) ...  
INFO  @ Mon, 11 Sep 2023 19:54:23: Thread 0: Calculating GANC (6001) ...  
INFO  @ Mon, 11 Sep 2023 19:54:28: Thread 0: Calculating HMBS (7001) ...  
INFO  @ Mon, 11 Sep 2023 19:54:33: Thread 0: Calculating KIAA1147 (8001) ...  
INFO  @ Mon, 11 Sep 2023 19:54:38: Thread 0: Calculating MAGOH (9001) ...  
INFO  @ Mon, 11 Sep 2023 19:54:43: Thread 0: Calculating NANOS3 (10001) ...  
INFO  @ Mon, 11 Sep 2023 19:54:48: Thread 0: Calculating PAXIP1 (11001) ...  
INFO  @ Mon, 11 Sep 2023 19:54:53: Thread 0: Calculating PRG4 (12001) ...  
INFO  @ Mon, 11 Sep 2023 19:54:58: Thread 0: Calculating RNF151 (13001) ...  
INFO  @ Mon, 11 Sep 2023 19:55:03: Thread 0: Calculating SLC25A11 (14001) ...  
INFO  @ Mon, 11 Sep 2023 19:55:08: Thread 0: Calculating SUMO4 (15001) ...  
INFO  @ Mon, 11 Sep 2023 19:55:13: Thread 0: Calculating TNKS2 (16001) ...  
INFO  @ Mon, 11 Sep 2023 19:55:18: Thread 0: Calculating WDHD1 (17001) ...  
INFO  @ Mon, 11 Sep 2023 19:55:23: Thread 0: Calculating ZYG11A (18001) ...  
INFO  @ Mon, 11 Sep 2023 19:55:23: Thread 0 completed. 
INFO  @ Mon, 11 Sep 2023 19:55:23: All threads completed. 
INFO  @ Mon, 11 Sep 2023 19:55:27: Assigning p values... 
INFO  @ Mon, 11 Sep 2023 19:55:27: Permuting groups of gene with 19 sgRNAs per gene. Group progress: 19/22 
INFO  @ Mon, 11 Sep 2023 19:55:27: Start permuting 2 rounds ... 
INFO  @ Mon, 11 Sep 2023 19:55:27: Collecting 90025 sgRNAs from 18006 genes. 
INFO  @ Mon, 11 Sep 2023 19:55:28: Permuting round 0 ... 
INFO  @ Mon, 11 Sep 2023 19:55:29: Thread 0 started. 
INFO  @ Mon, 11 Sep 2023 19:55:29: Thread 0: total 18006 instances. 
INFO  @ Mon, 11 Sep 2023 19:55:29: Thread 0: Calculating A1CF (1) ...  
INFO  @ Mon, 11 Sep 2023 19:55:34: Thread 0: Calculating ARNT2 (1001) ...  
INFO  @ Mon, 11 Sep 2023 19:55:39: Thread 0: Calculating C2orf44 (2001) ...  
INFO  @ Mon, 11 Sep 2023 19:55:44: Thread 0: Calculating CERS6 (3001) ...  
INFO  @ Mon, 11 Sep 2023 19:55:49: Thread 0: Calculating DBH (4001) ...  
INFO  @ Mon, 11 Sep 2023 19:55:54: Thread 0: Calculating ERCC6L2 (5001) ...  
INFO  @ Mon, 11 Sep 2023 19:55:59: Thread 0: Calculating GANC (6001) ...  
INFO  @ Mon, 11 Sep 2023 19:56:04: Thread 0: Calculating HMBS (7001) ...  
INFO  @ Mon, 11 Sep 2023 19:56:09: Thread 0: Calculating KIAA1147 (8001) ...  
INFO  @ Mon, 11 Sep 2023 19:56:14: Thread 0: Calculating MAGOH (9001) ...  
INFO  @ Mon, 11 Sep 2023 19:56:19: Thread 0: Calculating NANOS3 (10001) ...  
INFO  @ Mon, 11 Sep 2023 19:56:24: Thread 0: Calculating PAXIP1 (11001) ...  
INFO  @ Mon, 11 Sep 2023 19:56:29: Thread 0: Calculating PRG4 (12001) ...  
INFO  @ Mon, 11 Sep 2023 19:56:34: Thread 0: Calculating RNF151 (13001) ...  
INFO  @ Mon, 11 Sep 2023 19:56:39: Thread 0: Calculating SLC25A11 (14001) ...  
INFO  @ Mon, 11 Sep 2023 19:56:44: Thread 0: Calculating SUMO4 (15001) ...  
INFO  @ Mon, 11 Sep 2023 19:56:49: Thread 0: Calculating TNKS2 (16001) ...  
INFO  @ Mon, 11 Sep 2023 19:56:54: Thread 0: Calculating WDHD1 (17001) ...  
INFO  @ Mon, 11 Sep 2023 19:56:59: Thread 0: Calculating ZYG11A (18001) ...  
INFO  @ Mon, 11 Sep 2023 19:56:59: Thread 0 completed. 
INFO  @ Mon, 11 Sep 2023 19:56:59: All threads completed. 
INFO  @ Mon, 11 Sep 2023 19:57:02: Permuting round 1 ... 
INFO  @ Mon, 11 Sep 2023 19:57:03: Thread 0 started. 
INFO  @ Mon, 11 Sep 2023 19:57:03: Thread 0: total 18006 instances. 
INFO  @ Mon, 11 Sep 2023 19:57:03: Thread 0: Calculating A1CF (1) ...  
INFO  @ Mon, 11 Sep 2023 19:57:08: Thread 0: Calculating ARNT2 (1001) ...  
INFO  @ Mon, 11 Sep 2023 19:57:13: Thread 0: Calculating C2orf44 (2001) ...  
INFO  @ Mon, 11 Sep 2023 19:57:18: Thread 0: Calculating CERS6 (3001) ...  
INFO  @ Mon, 11 Sep 2023 19:57:23: Thread 0: Calculating DBH (4001) ...  
INFO  @ Mon, 11 Sep 2023 19:57:28: Thread 0: Calculating ERCC6L2 (5001) ...  
INFO  @ Mon, 11 Sep 2023 19:57:34: Thread 0: Calculating GANC (6001) ...  
INFO  @ Mon, 11 Sep 2023 19:57:39: Thread 0: Calculating HMBS (7001) ...  
INFO  @ Mon, 11 Sep 2023 19:57:44: Thread 0: Calculating KIAA1147 (8001) ...  
INFO  @ Mon, 11 Sep 2023 19:57:49: Thread 0: Calculating MAGOH (9001) ...  
INFO  @ Mon, 11 Sep 2023 19:57:54: Thread 0: Calculating NANOS3 (10001) ...  
INFO  @ Mon, 11 Sep 2023 19:57:59: Thread 0: Calculating PAXIP1 (11001) ...  
INFO  @ Mon, 11 Sep 2023 19:58:04: Thread 0: Calculating PRG4 (12001) ...  
INFO  @ Mon, 11 Sep 2023 19:58:09: Thread 0: Calculating RNF151 (13001) ...  
INFO  @ Mon, 11 Sep 2023 19:58:14: Thread 0: Calculating SLC25A11 (14001) ...  
INFO  @ Mon, 11 Sep 2023 19:58:19: Thread 0: Calculating SUMO4 (15001) ...  
INFO  @ Mon, 11 Sep 2023 19:58:24: Thread 0: Calculating TNKS2 (16001) ...  
INFO  @ Mon, 11 Sep 2023 19:58:29: Thread 0: Calculating WDHD1 (17001) ...  
INFO  @ Mon, 11 Sep 2023 19:58:34: Thread 0: Calculating ZYG11A (18001) ...  
INFO  @ Mon, 11 Sep 2023 19:58:34: Thread 0 completed. 
INFO  @ Mon, 11 Sep 2023 19:58:34: All threads completed. 
INFO  @ Mon, 11 Sep 2023 19:58:38: Assigning p values... 
INFO  @ Mon, 11 Sep 2023 19:58:38: Permuting groups of gene with 22 sgRNAs per gene. Group progress: 20/22 
INFO  @ Mon, 11 Sep 2023 19:58:38: Start permuting 2 rounds ... 
INFO  @ Mon, 11 Sep 2023 19:58:39: Collecting 90025 sgRNAs from 18006 genes. 
INFO  @ Mon, 11 Sep 2023 19:58:40: Permuting round 0 ... 
INFO  @ Mon, 11 Sep 2023 19:58:40: Thread 0 started. 
INFO  @ Mon, 11 Sep 2023 19:58:40: Thread 0: total 18006 instances. 
INFO  @ Mon, 11 Sep 2023 19:58:40: Thread 0: Calculating A1CF (1) ...  
INFO  @ Mon, 11 Sep 2023 19:58:46: Thread 0: Calculating ARNT2 (1001) ...  
INFO  @ Mon, 11 Sep 2023 19:58:52: Thread 0: Calculating C2orf44 (2001) ...  
INFO  @ Mon, 11 Sep 2023 19:58:57: Thread 0: Calculating CERS6 (3001) ...  
INFO  @ Mon, 11 Sep 2023 19:59:03: Thread 0: Calculating DBH (4001) ...  
INFO  @ Mon, 11 Sep 2023 19:59:08: Thread 0: Calculating ERCC6L2 (5001) ...  
INFO  @ Mon, 11 Sep 2023 19:59:14: Thread 0: Calculating GANC (6001) ...  
INFO  @ Mon, 11 Sep 2023 19:59:20: Thread 0: Calculating HMBS (7001) ...  
INFO  @ Mon, 11 Sep 2023 19:59:25: Thread 0: Calculating KIAA1147 (8001) ...  
INFO  @ Mon, 11 Sep 2023 19:59:31: Thread 0: Calculating MAGOH (9001) ...  
INFO  @ Mon, 11 Sep 2023 19:59:37: Thread 0: Calculating NANOS3 (10001) ...  
INFO  @ Mon, 11 Sep 2023 19:59:43: Thread 0: Calculating PAXIP1 (11001) ...  
INFO  @ Mon, 11 Sep 2023 19:59:48: Thread 0: Calculating PRG4 (12001) ...  
INFO  @ Mon, 11 Sep 2023 19:59:54: Thread 0: Calculating RNF151 (13001) ...  
INFO  @ Mon, 11 Sep 2023 19:59:59: Thread 0: Calculating SLC25A11 (14001) ...  
INFO  @ Mon, 11 Sep 2023 20:00:05: Thread 0: Calculating SUMO4 (15001) ...  
INFO  @ Mon, 11 Sep 2023 20:00:10: Thread 0: Calculating TNKS2 (16001) ...  
INFO  @ Mon, 11 Sep 2023 20:00:16: Thread 0: Calculating WDHD1 (17001) ...  
INFO  @ Mon, 11 Sep 2023 20:00:21: Thread 0: Calculating ZYG11A (18001) ...  
INFO  @ Mon, 11 Sep 2023 20:00:22: Thread 0 completed. 
INFO  @ Mon, 11 Sep 2023 20:00:22: All threads completed. 
INFO  @ Mon, 11 Sep 2023 20:00:25: Permuting round 1 ... 
INFO  @ Mon, 11 Sep 2023 20:00:26: Thread 0 started. 
INFO  @ Mon, 11 Sep 2023 20:00:26: Thread 0: total 18006 instances. 
INFO  @ Mon, 11 Sep 2023 20:00:26: Thread 0: Calculating A1CF (1) ...  
INFO  @ Mon, 11 Sep 2023 20:00:32: Thread 0: Calculating ARNT2 (1001) ...  
INFO  @ Mon, 11 Sep 2023 20:00:37: Thread 0: Calculating C2orf44 (2001) ...  
INFO  @ Mon, 11 Sep 2023 20:00:43: Thread 0: Calculating CERS6 (3001) ...  
INFO  @ Mon, 11 Sep 2023 20:00:49: Thread 0: Calculating DBH (4001) ...  
INFO  @ Mon, 11 Sep 2023 20:00:55: Thread 0: Calculating ERCC6L2 (5001) ...  
INFO  @ Mon, 11 Sep 2023 20:01:00: Thread 0: Calculating GANC (6001) ...  
INFO  @ Mon, 11 Sep 2023 20:01:06: Thread 0: Calculating HMBS (7001) ...  
INFO  @ Mon, 11 Sep 2023 20:01:12: Thread 0: Calculating KIAA1147 (8001) ...  
INFO  @ Mon, 11 Sep 2023 20:01:18: Thread 0: Calculating MAGOH (9001) ...  
INFO  @ Mon, 11 Sep 2023 20:01:23: Thread 0: Calculating NANOS3 (10001) ...  
INFO  @ Mon, 11 Sep 2023 20:01:29: Thread 0: Calculating PAXIP1 (11001) ...  
INFO  @ Mon, 11 Sep 2023 20:01:35: Thread 0: Calculating PRG4 (12001) ...  
INFO  @ Mon, 11 Sep 2023 20:01:41: Thread 0: Calculating RNF151 (13001) ...  
INFO  @ Mon, 11 Sep 2023 20:01:46: Thread 0: Calculating SLC25A11 (14001) ...  
INFO  @ Mon, 11 Sep 2023 20:01:52: Thread 0: Calculating SUMO4 (15001) ...  
INFO  @ Mon, 11 Sep 2023 20:01:58: Thread 0: Calculating TNKS2 (16001) ...  
INFO  @ Mon, 11 Sep 2023 20:02:03: Thread 0: Calculating WDHD1 (17001) ...  
INFO  @ Mon, 11 Sep 2023 20:02:09: Thread 0: Calculating ZYG11A (18001) ...  
INFO  @ Mon, 11 Sep 2023 20:02:09: Thread 0 completed. 
INFO  @ Mon, 11 Sep 2023 20:02:09: All threads completed. 
INFO  @ Mon, 11 Sep 2023 20:02:13: Assigning p values... 
INFO  @ Mon, 11 Sep 2023 20:02:13: Permuting groups of gene with 23 sgRNAs per gene. Group progress: 21/22 
INFO  @ Mon, 11 Sep 2023 20:02:13: Start permuting 2 rounds ... 
INFO  @ Mon, 11 Sep 2023 20:02:13: Collecting 90025 sgRNAs from 18006 genes. 
INFO  @ Mon, 11 Sep 2023 20:02:14: Permuting round 0 ... 
INFO  @ Mon, 11 Sep 2023 20:02:15: Thread 0 started. 
INFO  @ Mon, 11 Sep 2023 20:02:15: Thread 0: total 18006 instances. 
INFO  @ Mon, 11 Sep 2023 20:02:15: Thread 0: Calculating A1CF (1) ...  
INFO  @ Mon, 11 Sep 2023 20:02:21: Thread 0: Calculating ARNT2 (1001) ...  
INFO  @ Mon, 11 Sep 2023 20:02:27: Thread 0: Calculating C2orf44 (2001) ...  
INFO  @ Mon, 11 Sep 2023 20:02:32: Thread 0: Calculating CERS6 (3001) ...  
INFO  @ Mon, 11 Sep 2023 20:02:38: Thread 0: Calculating DBH (4001) ...  
INFO  @ Mon, 11 Sep 2023 20:02:44: Thread 0: Calculating ERCC6L2 (5001) ...  
INFO  @ Mon, 11 Sep 2023 20:02:50: Thread 0: Calculating GANC (6001) ...  
INFO  @ Mon, 11 Sep 2023 20:02:56: Thread 0: Calculating HMBS (7001) ...  
INFO  @ Mon, 11 Sep 2023 20:03:01: Thread 0: Calculating KIAA1147 (8001) ...  
INFO  @ Mon, 11 Sep 2023 20:03:07: Thread 0: Calculating MAGOH (9001) ...  
INFO  @ Mon, 11 Sep 2023 20:03:13: Thread 0: Calculating NANOS3 (10001) ...  
INFO  @ Mon, 11 Sep 2023 20:03:19: Thread 0: Calculating PAXIP1 (11001) ...  
INFO  @ Mon, 11 Sep 2023 20:03:25: Thread 0: Calculating PRG4 (12001) ...  
INFO  @ Mon, 11 Sep 2023 20:03:30: Thread 0: Calculating RNF151 (13001) ...  
INFO  @ Mon, 11 Sep 2023 20:03:36: Thread 0: Calculating SLC25A11 (14001) ...  
INFO  @ Mon, 11 Sep 2023 20:03:42: Thread 0: Calculating SUMO4 (15001) ...  
INFO  @ Mon, 11 Sep 2023 20:03:48: Thread 0: Calculating TNKS2 (16001) ...  
INFO  @ Mon, 11 Sep 2023 20:03:54: Thread 0: Calculating WDHD1 (17001) ...  
INFO  @ Mon, 11 Sep 2023 20:03:59: Thread 0: Calculating ZYG11A (18001) ...  
INFO  @ Mon, 11 Sep 2023 20:04:00: Thread 0 completed. 
INFO  @ Mon, 11 Sep 2023 20:04:00: All threads completed. 
INFO  @ Mon, 11 Sep 2023 20:04:03: Permuting round 1 ... 
INFO  @ Mon, 11 Sep 2023 20:04:04: Thread 0 started. 
INFO  @ Mon, 11 Sep 2023 20:04:04: Thread 0: total 18006 instances. 
INFO  @ Mon, 11 Sep 2023 20:04:04: Thread 0: Calculating A1CF (1) ...  
INFO  @ Mon, 11 Sep 2023 20:04:10: Thread 0: Calculating ARNT2 (1001) ...  
INFO  @ Mon, 11 Sep 2023 20:04:16: Thread 0: Calculating C2orf44 (2001) ...  
INFO  @ Mon, 11 Sep 2023 20:04:22: Thread 0: Calculating CERS6 (3001) ...  
INFO  @ Mon, 11 Sep 2023 20:04:28: Thread 0: Calculating DBH (4001) ...  
INFO  @ Mon, 11 Sep 2023 20:04:34: Thread 0: Calculating ERCC6L2 (5001) ...  
INFO  @ Mon, 11 Sep 2023 20:04:40: Thread 0: Calculating GANC (6001) ...  
INFO  @ Mon, 11 Sep 2023 20:04:45: Thread 0: Calculating HMBS (7001) ...  
INFO  @ Mon, 11 Sep 2023 20:04:51: Thread 0: Calculating KIAA1147 (8001) ...  
INFO  @ Mon, 11 Sep 2023 20:04:57: Thread 0: Calculating MAGOH (9001) ...  
INFO  @ Mon, 11 Sep 2023 20:05:03: Thread 0: Calculating NANOS3 (10001) ...  
INFO  @ Mon, 11 Sep 2023 20:05:09: Thread 0: Calculating PAXIP1 (11001) ...  
INFO  @ Mon, 11 Sep 2023 20:05:15: Thread 0: Calculating PRG4 (12001) ...  
INFO  @ Mon, 11 Sep 2023 20:05:21: Thread 0: Calculating RNF151 (13001) ...  
INFO  @ Mon, 11 Sep 2023 20:05:26: Thread 0: Calculating SLC25A11 (14001) ...  
INFO  @ Mon, 11 Sep 2023 20:05:32: Thread 0: Calculating SUMO4 (15001) ...  
INFO  @ Mon, 11 Sep 2023 20:05:38: Thread 0: Calculating TNKS2 (16001) ...  
INFO  @ Mon, 11 Sep 2023 20:05:44: Thread 0: Calculating WDHD1 (17001) ...  
INFO  @ Mon, 11 Sep 2023 20:05:50: Thread 0: Calculating ZYG11A (18001) ...  
INFO  @ Mon, 11 Sep 2023 20:05:50: Thread 0 completed. 
INFO  @ Mon, 11 Sep 2023 20:05:50: All threads completed. 
INFO  @ Mon, 11 Sep 2023 20:05:54: Assigning p values... 
INFO  @ Mon, 11 Sep 2023 20:05:54: Permuting groups of gene with 26 sgRNAs per gene. Group progress: 22/22 
INFO  @ Mon, 11 Sep 2023 20:05:54: Start permuting 2 rounds ... 
INFO  @ Mon, 11 Sep 2023 20:05:54: Collecting 90025 sgRNAs from 18006 genes. 
INFO  @ Mon, 11 Sep 2023 20:05:56: Permuting round 0 ... 
INFO  @ Mon, 11 Sep 2023 20:05:56: Thread 0 started. 
INFO  @ Mon, 11 Sep 2023 20:05:56: Thread 0: total 18006 instances. 
INFO  @ Mon, 11 Sep 2023 20:05:56: Thread 0: Calculating A1CF (1) ...  
INFO  @ Mon, 11 Sep 2023 20:06:03: Thread 0: Calculating ARNT2 (1001) ...  
INFO  @ Mon, 11 Sep 2023 20:06:09: Thread 0: Calculating C2orf44 (2001) ...  
INFO  @ Mon, 11 Sep 2023 20:06:16: Thread 0: Calculating CERS6 (3001) ...  
INFO  @ Mon, 11 Sep 2023 20:06:22: Thread 0: Calculating DBH (4001) ...  
INFO  @ Mon, 11 Sep 2023 20:06:29: Thread 0: Calculating ERCC6L2 (5001) ...  
INFO  @ Mon, 11 Sep 2023 20:06:35: Thread 0: Calculating GANC (6001) ...  
INFO  @ Mon, 11 Sep 2023 20:06:42: Thread 0: Calculating HMBS (7001) ...  
INFO  @ Mon, 11 Sep 2023 20:06:48: Thread 0: Calculating KIAA1147 (8001) ...  
INFO  @ Mon, 11 Sep 2023 20:06:55: Thread 0: Calculating MAGOH (9001) ...  
INFO  @ Mon, 11 Sep 2023 20:07:01: Thread 0: Calculating NANOS3 (10001) ...  
INFO  @ Mon, 11 Sep 2023 20:07:08: Thread 0: Calculating PAXIP1 (11001) ...  
INFO  @ Mon, 11 Sep 2023 20:07:14: Thread 0: Calculating PRG4 (12001) ...  
INFO  @ Mon, 11 Sep 2023 20:07:21: Thread 0: Calculating RNF151 (13001) ...  
INFO  @ Mon, 11 Sep 2023 20:07:27: Thread 0: Calculating SLC25A11 (14001) ...  
INFO  @ Mon, 11 Sep 2023 20:07:34: Thread 0: Calculating SUMO4 (15001) ...  
INFO  @ Mon, 11 Sep 2023 20:07:40: Thread 0: Calculating TNKS2 (16001) ...  
INFO  @ Mon, 11 Sep 2023 20:07:46: Thread 0: Calculating WDHD1 (17001) ...  
INFO  @ Mon, 11 Sep 2023 20:07:53: Thread 0: Calculating ZYG11A (18001) ...  
INFO  @ Mon, 11 Sep 2023 20:07:53: Thread 0 completed. 
INFO  @ Mon, 11 Sep 2023 20:07:53: All threads completed. 
INFO  @ Mon, 11 Sep 2023 20:07:57: Permuting round 1 ... 
INFO  @ Mon, 11 Sep 2023 20:07:57: Thread 0 started. 
INFO  @ Mon, 11 Sep 2023 20:07:57: Thread 0: total 18006 instances. 
INFO  @ Mon, 11 Sep 2023 20:07:57: Thread 0: Calculating A1CF (1) ...  
INFO  @ Mon, 11 Sep 2023 20:08:04: Thread 0: Calculating ARNT2 (1001) ...  
INFO  @ Mon, 11 Sep 2023 20:08:11: Thread 0: Calculating C2orf44 (2001) ...  
INFO  @ Mon, 11 Sep 2023 20:08:17: Thread 0: Calculating CERS6 (3001) ...  
INFO  @ Mon, 11 Sep 2023 20:08:24: Thread 0: Calculating DBH (4001) ...  
INFO  @ Mon, 11 Sep 2023 20:08:30: Thread 0: Calculating ERCC6L2 (5001) ...  
INFO  @ Mon, 11 Sep 2023 20:08:37: Thread 0: Calculating GANC (6001) ...  
INFO  @ Mon, 11 Sep 2023 20:08:43: Thread 0: Calculating HMBS (7001) ...  
INFO  @ Mon, 11 Sep 2023 20:08:50: Thread 0: Calculating KIAA1147 (8001) ...  
INFO  @ Mon, 11 Sep 2023 20:08:56: Thread 0: Calculating MAGOH (9001) ...  
INFO  @ Mon, 11 Sep 2023 20:09:03: Thread 0: Calculating NANOS3 (10001) ...  
INFO  @ Mon, 11 Sep 2023 20:09:09: Thread 0: Calculating PAXIP1 (11001) ...  
INFO  @ Mon, 11 Sep 2023 20:09:16: Thread 0: Calculating PRG4 (12001) ...  
INFO  @ Mon, 11 Sep 2023 20:09:22: Thread 0: Calculating RNF151 (13001) ...  
INFO  @ Mon, 11 Sep 2023 20:09:29: Thread 0: Calculating SLC25A11 (14001) ...  
INFO  @ Mon, 11 Sep 2023 20:09:35: Thread 0: Calculating SUMO4 (15001) ...  
INFO  @ Mon, 11 Sep 2023 20:09:42: Thread 0: Calculating TNKS2 (16001) ...  
INFO  @ Mon, 11 Sep 2023 20:09:48: Thread 0: Calculating WDHD1 (17001) ...  
INFO  @ Mon, 11 Sep 2023 20:09:55: Thread 0: Calculating ZYG11A (18001) ...  
INFO  @ Mon, 11 Sep 2023 20:09:55: Thread 0 completed. 
INFO  @ Mon, 11 Sep 2023 20:09:55: All threads completed. 
INFO  @ Mon, 11 Sep 2023 20:09:59: Assigning p values... 
INFO  @ Mon, 11 Sep 2023 20:10:00: Writing gene results to Mel202.gene_summary.txt 
INFO  @ Mon, 11 Sep 2023 20:10:00: Writing sgRNA results to Mel202.sgrna_summary.txt 
