INFO  @ Wed, 22 Feb 2023 16:28:38: Parameters: /home/alessandro.vinceti/miniconda3/envs/mageckenv/bin/mageck mle -k /group/iorio/Alessandro/David_Adams_analysis/results/MP46/MP46_count_norm.tsv -d /group/iorio/Alessandro/David_Adams_analysis/results/MP46/design_matrix.tsv -n MP46 
INFO  @ Wed, 22 Feb 2023 16:28:46: Cannot parse design matrix as a string; try to parse it as a file name ... 
INFO  @ Wed, 22 Feb 2023 16:28:46: Design matrix: 
INFO  @ Wed, 22 Feb 2023 16:28:46: [[1. 0.] 
INFO  @ Wed, 22 Feb 2023 16:28:46:  [1. 1.] 
INFO  @ Wed, 22 Feb 2023 16:28:46:  [1. 1.] 
INFO  @ Wed, 22 Feb 2023 16:28:46:  [1. 1.]] 
INFO  @ Wed, 22 Feb 2023 16:28:46: Beta labels:baseline,MP46 
INFO  @ Wed, 22 Feb 2023 16:28:46: Included samples:Plasmid,MP46_c909R1,MP46_c909R2,MP46_c909R3 
INFO  @ Wed, 22 Feb 2023 16:28:46: Loaded samples:Plasmid;MP46_c909R1;MP46_c909R2;MP46_c909R3 
INFO  @ Wed, 22 Feb 2023 16:28:46: Sample index: 0;1;2;3 
INFO  @ Wed, 22 Feb 2023 16:28:47: Loaded 18006 genes. 
DEBUG @ Wed, 22 Feb 2023 16:28:47: Initial (total) size factor: 0.9999999999999755 1.000000000000009 0.99999999999999 1.0000000000000253 
DEBUG @ Wed, 22 Feb 2023 16:28:47: Median factor: 0.9968051143231459 1.0108109694015897 1.01384602024617 1.0090291901169497 
INFO  @ Wed, 22 Feb 2023 16:28:47: Final size factor: 0.9968051143231459 1.0108109694015897 1.01384602024617 1.0090291901169497 
INFO  @ Wed, 22 Feb 2023 16:28:47: size factor: 1.003205125687004,0.9893046576176455,0.9863430738300791,0.9910516066280469 
INFO  @ Wed, 22 Feb 2023 16:28:47: Thread 0 started. 
INFO  @ Wed, 22 Feb 2023 16:28:47: Thread 0: total 1 instances. 
INFO  @ Wed, 22 Feb 2023 16:28:47: Thread 0 completed. 
INFO  @ Wed, 22 Feb 2023 16:28:47: All threads completed. 
INFO  @ Wed, 22 Feb 2023 16:28:47: Modeling the mean and variance ... 
INFO  @ Wed, 22 Feb 2023 16:28:47: Run the algorithm for the second time ... 
INFO  @ Wed, 22 Feb 2023 16:28:47: Thread 0 started. 
INFO  @ Wed, 22 Feb 2023 16:28:47: Thread 0: total 18006 instances. 
INFO  @ Wed, 22 Feb 2023 16:28:47: Thread 0: Calculating A1CF (1) ...  
INFO  @ Wed, 22 Feb 2023 16:28:51: Thread 0: Calculating ARNT2 (1001) ...  
INFO  @ Wed, 22 Feb 2023 16:28:54: Thread 0: Calculating C2orf44 (2001) ...  
INFO  @ Wed, 22 Feb 2023 16:28:58: Thread 0: Calculating CERS6 (3001) ...  
INFO  @ Wed, 22 Feb 2023 16:29:01: Thread 0: Calculating DBH (4001) ...  
INFO  @ Wed, 22 Feb 2023 16:29:05: Thread 0: Calculating ERCC6L2 (5001) ...  
INFO  @ Wed, 22 Feb 2023 16:29:08: Thread 0: Calculating GANC (6001) ...  
INFO  @ Wed, 22 Feb 2023 16:29:11: Thread 0: Calculating HMBS (7001) ...  
INFO  @ Wed, 22 Feb 2023 16:29:15: Thread 0: Calculating KIAA1147 (8001) ...  
INFO  @ Wed, 22 Feb 2023 16:29:18: Thread 0: Calculating MAGOH (9001) ...  
INFO  @ Wed, 22 Feb 2023 16:29:21: Thread 0: Calculating NANOS3 (10001) ...  
INFO  @ Wed, 22 Feb 2023 16:29:25: Thread 0: Calculating PAXIP1 (11001) ...  
INFO  @ Wed, 22 Feb 2023 16:29:28: Thread 0: Calculating PRG4 (12001) ...  
INFO  @ Wed, 22 Feb 2023 16:29:32: Thread 0: Calculating RNF151 (13001) ...  
INFO  @ Wed, 22 Feb 2023 16:29:35: Thread 0: Calculating SLC25A11 (14001) ...  
INFO  @ Wed, 22 Feb 2023 16:29:38: Thread 0: Calculating SUMO4 (15001) ...  
INFO  @ Wed, 22 Feb 2023 16:29:42: Thread 0: Calculating TNKS2 (16001) ...  
INFO  @ Wed, 22 Feb 2023 16:29:45: Thread 0: Calculating WDHD1 (17001) ...  
INFO  @ Wed, 22 Feb 2023 16:29:48: Thread 0: Calculating ZYG11A (18001) ...  
INFO  @ Wed, 22 Feb 2023 16:29:49: Thread 0 completed. 
INFO  @ Wed, 22 Feb 2023 16:29:49: All threads completed. 
INFO  @ Wed, 22 Feb 2023 16:29:51: Permuting groups of gene with 1 sgRNAs per gene. Group progress: 1/22 
INFO  @ Wed, 22 Feb 2023 16:29:51: Start permuting 2 rounds ... 
INFO  @ Wed, 22 Feb 2023 16:29:51: Collecting 90025 sgRNAs from 18006 genes. 
INFO  @ Wed, 22 Feb 2023 16:29:52: Permuting round 0 ... 
INFO  @ Wed, 22 Feb 2023 16:29:53: Thread 0 started. 
INFO  @ Wed, 22 Feb 2023 16:29:53: Thread 0: total 18006 instances. 
INFO  @ Wed, 22 Feb 2023 16:29:53: Thread 0: Calculating A1CF (1) ...  
INFO  @ Wed, 22 Feb 2023 16:29:55: Thread 0: Calculating ARNT2 (1001) ...  
INFO  @ Wed, 22 Feb 2023 16:29:57: Thread 0: Calculating C2orf44 (2001) ...  
INFO  @ Wed, 22 Feb 2023 16:29:59: Thread 0: Calculating CERS6 (3001) ...  
INFO  @ Wed, 22 Feb 2023 16:30:01: Thread 0: Calculating DBH (4001) ...  
INFO  @ Wed, 22 Feb 2023 16:30:03: Thread 0: Calculating ERCC6L2 (5001) ...  
INFO  @ Wed, 22 Feb 2023 16:30:05: Thread 0: Calculating GANC (6001) ...  
INFO  @ Wed, 22 Feb 2023 16:30:07: Thread 0: Calculating HMBS (7001) ...  
INFO  @ Wed, 22 Feb 2023 16:30:10: Thread 0: Calculating KIAA1147 (8001) ...  
INFO  @ Wed, 22 Feb 2023 16:30:12: Thread 0: Calculating MAGOH (9001) ...  
INFO  @ Wed, 22 Feb 2023 16:30:14: Thread 0: Calculating NANOS3 (10001) ...  
INFO  @ Wed, 22 Feb 2023 16:30:16: Thread 0: Calculating PAXIP1 (11001) ...  
INFO  @ Wed, 22 Feb 2023 16:30:18: Thread 0: Calculating PRG4 (12001) ...  
INFO  @ Wed, 22 Feb 2023 16:30:20: Thread 0: Calculating RNF151 (13001) ...  
INFO  @ Wed, 22 Feb 2023 16:30:22: Thread 0: Calculating SLC25A11 (14001) ...  
INFO  @ Wed, 22 Feb 2023 16:30:24: Thread 0: Calculating SUMO4 (15001) ...  
INFO  @ Wed, 22 Feb 2023 16:30:27: Thread 0: Calculating TNKS2 (16001) ...  
INFO  @ Wed, 22 Feb 2023 16:30:29: Thread 0: Calculating WDHD1 (17001) ...  
INFO  @ Wed, 22 Feb 2023 16:30:31: Thread 0: Calculating ZYG11A (18001) ...  
INFO  @ Wed, 22 Feb 2023 16:30:31: Thread 0 completed. 
INFO  @ Wed, 22 Feb 2023 16:30:31: All threads completed. 
INFO  @ Wed, 22 Feb 2023 16:30:34: Permuting round 1 ... 
INFO  @ Wed, 22 Feb 2023 16:30:34: Thread 0 started. 
INFO  @ Wed, 22 Feb 2023 16:30:34: Thread 0: total 18006 instances. 
INFO  @ Wed, 22 Feb 2023 16:30:34: Thread 0: Calculating A1CF (1) ...  
INFO  @ Wed, 22 Feb 2023 16:30:36: Thread 0: Calculating ARNT2 (1001) ...  
INFO  @ Wed, 22 Feb 2023 16:30:38: Thread 0: Calculating C2orf44 (2001) ...  
INFO  @ Wed, 22 Feb 2023 16:30:40: Thread 0: Calculating CERS6 (3001) ...  
INFO  @ Wed, 22 Feb 2023 16:30:42: Thread 0: Calculating DBH (4001) ...  
INFO  @ Wed, 22 Feb 2023 16:30:45: Thread 0: Calculating ERCC6L2 (5001) ...  
INFO  @ Wed, 22 Feb 2023 16:30:47: Thread 0: Calculating GANC (6001) ...  
INFO  @ Wed, 22 Feb 2023 16:30:49: Thread 0: Calculating HMBS (7001) ...  
INFO  @ Wed, 22 Feb 2023 16:30:51: Thread 0: Calculating KIAA1147 (8001) ...  
INFO  @ Wed, 22 Feb 2023 16:30:53: Thread 0: Calculating MAGOH (9001) ...  
INFO  @ Wed, 22 Feb 2023 16:30:55: Thread 0: Calculating NANOS3 (10001) ...  
INFO  @ Wed, 22 Feb 2023 16:30:57: Thread 0: Calculating PAXIP1 (11001) ...  
INFO  @ Wed, 22 Feb 2023 16:30:59: Thread 0: Calculating PRG4 (12001) ...  
INFO  @ Wed, 22 Feb 2023 16:31:01: Thread 0: Calculating RNF151 (13001) ...  
INFO  @ Wed, 22 Feb 2023 16:31:04: Thread 0: Calculating SLC25A11 (14001) ...  
INFO  @ Wed, 22 Feb 2023 16:31:06: Thread 0: Calculating SUMO4 (15001) ...  
INFO  @ Wed, 22 Feb 2023 16:31:08: Thread 0: Calculating TNKS2 (16001) ...  
INFO  @ Wed, 22 Feb 2023 16:31:10: Thread 0: Calculating WDHD1 (17001) ...  
INFO  @ Wed, 22 Feb 2023 16:31:12: Thread 0: Calculating ZYG11A (18001) ...  
INFO  @ Wed, 22 Feb 2023 16:31:12: Thread 0 completed. 
INFO  @ Wed, 22 Feb 2023 16:31:12: All threads completed. 
INFO  @ Wed, 22 Feb 2023 16:31:15: Assigning p values... 
INFO  @ Wed, 22 Feb 2023 16:31:15: Permuting groups of gene with 2 sgRNAs per gene. Group progress: 2/22 
INFO  @ Wed, 22 Feb 2023 16:31:15: Start permuting 2 rounds ... 
INFO  @ Wed, 22 Feb 2023 16:31:15: Collecting 90025 sgRNAs from 18006 genes. 
INFO  @ Wed, 22 Feb 2023 16:31:17: Permuting round 0 ... 
INFO  @ Wed, 22 Feb 2023 16:31:17: Thread 0 started. 
INFO  @ Wed, 22 Feb 2023 16:31:17: Thread 0: total 18006 instances. 
INFO  @ Wed, 22 Feb 2023 16:31:17: Thread 0: Calculating A1CF (1) ...  
INFO  @ Wed, 22 Feb 2023 16:31:19: Thread 0: Calculating ARNT2 (1001) ...  
INFO  @ Wed, 22 Feb 2023 16:31:22: Thread 0: Calculating C2orf44 (2001) ...  
INFO  @ Wed, 22 Feb 2023 16:31:25: Thread 0: Calculating CERS6 (3001) ...  
INFO  @ Wed, 22 Feb 2023 16:31:27: Thread 0: Calculating DBH (4001) ...  
INFO  @ Wed, 22 Feb 2023 16:31:30: Thread 0: Calculating ERCC6L2 (5001) ...  
INFO  @ Wed, 22 Feb 2023 16:31:33: Thread 0: Calculating GANC (6001) ...  
INFO  @ Wed, 22 Feb 2023 16:31:35: Thread 0: Calculating HMBS (7001) ...  
INFO  @ Wed, 22 Feb 2023 16:31:38: Thread 0: Calculating KIAA1147 (8001) ...  
INFO  @ Wed, 22 Feb 2023 16:31:40: Thread 0: Calculating MAGOH (9001) ...  
INFO  @ Wed, 22 Feb 2023 16:31:43: Thread 0: Calculating NANOS3 (10001) ...  
INFO  @ Wed, 22 Feb 2023 16:31:46: Thread 0: Calculating PAXIP1 (11001) ...  
INFO  @ Wed, 22 Feb 2023 16:31:48: Thread 0: Calculating PRG4 (12001) ...  
INFO  @ Wed, 22 Feb 2023 16:31:51: Thread 0: Calculating RNF151 (13001) ...  
INFO  @ Wed, 22 Feb 2023 16:31:54: Thread 0: Calculating SLC25A11 (14001) ...  
INFO  @ Wed, 22 Feb 2023 16:31:56: Thread 0: Calculating SUMO4 (15001) ...  
INFO  @ Wed, 22 Feb 2023 16:31:59: Thread 0: Calculating TNKS2 (16001) ...  
INFO  @ Wed, 22 Feb 2023 16:32:02: Thread 0: Calculating WDHD1 (17001) ...  
INFO  @ Wed, 22 Feb 2023 16:32:04: Thread 0: Calculating ZYG11A (18001) ...  
INFO  @ Wed, 22 Feb 2023 16:32:04: Thread 0 completed. 
INFO  @ Wed, 22 Feb 2023 16:32:04: All threads completed. 
INFO  @ Wed, 22 Feb 2023 16:32:07: Permuting round 1 ... 
INFO  @ Wed, 22 Feb 2023 16:32:07: Thread 0 started. 
INFO  @ Wed, 22 Feb 2023 16:32:07: Thread 0: total 18006 instances. 
INFO  @ Wed, 22 Feb 2023 16:32:07: Thread 0: Calculating A1CF (1) ...  
INFO  @ Wed, 22 Feb 2023 16:32:10: Thread 0: Calculating ARNT2 (1001) ...  
INFO  @ Wed, 22 Feb 2023 16:32:13: Thread 0: Calculating C2orf44 (2001) ...  
INFO  @ Wed, 22 Feb 2023 16:32:15: Thread 0: Calculating CERS6 (3001) ...  
INFO  @ Wed, 22 Feb 2023 16:32:18: Thread 0: Calculating DBH (4001) ...  
INFO  @ Wed, 22 Feb 2023 16:32:21: Thread 0: Calculating ERCC6L2 (5001) ...  
INFO  @ Wed, 22 Feb 2023 16:32:23: Thread 0: Calculating GANC (6001) ...  
INFO  @ Wed, 22 Feb 2023 16:32:26: Thread 0: Calculating HMBS (7001) ...  
INFO  @ Wed, 22 Feb 2023 16:32:29: Thread 0: Calculating KIAA1147 (8001) ...  
INFO  @ Wed, 22 Feb 2023 16:32:31: Thread 0: Calculating MAGOH (9001) ...  
INFO  @ Wed, 22 Feb 2023 16:32:34: Thread 0: Calculating NANOS3 (10001) ...  
INFO  @ Wed, 22 Feb 2023 16:32:37: Thread 0: Calculating PAXIP1 (11001) ...  
INFO  @ Wed, 22 Feb 2023 16:32:39: Thread 0: Calculating PRG4 (12001) ...  
INFO  @ Wed, 22 Feb 2023 16:32:42: Thread 0: Calculating RNF151 (13001) ...  
INFO  @ Wed, 22 Feb 2023 16:32:45: Thread 0: Calculating SLC25A11 (14001) ...  
INFO  @ Wed, 22 Feb 2023 16:32:47: Thread 0: Calculating SUMO4 (15001) ...  
INFO  @ Wed, 22 Feb 2023 16:32:50: Thread 0: Calculating TNKS2 (16001) ...  
INFO  @ Wed, 22 Feb 2023 16:32:53: Thread 0: Calculating WDHD1 (17001) ...  
INFO  @ Wed, 22 Feb 2023 16:32:55: Thread 0: Calculating ZYG11A (18001) ...  
INFO  @ Wed, 22 Feb 2023 16:32:55: Thread 0 completed. 
INFO  @ Wed, 22 Feb 2023 16:32:55: All threads completed. 
INFO  @ Wed, 22 Feb 2023 16:32:58: Assigning p values... 
INFO  @ Wed, 22 Feb 2023 16:32:58: Permuting groups of gene with 3 sgRNAs per gene. Group progress: 3/22 
INFO  @ Wed, 22 Feb 2023 16:32:58: Start permuting 2 rounds ... 
INFO  @ Wed, 22 Feb 2023 16:32:58: Collecting 90025 sgRNAs from 18006 genes. 
INFO  @ Wed, 22 Feb 2023 16:33:00: Permuting round 0 ... 
INFO  @ Wed, 22 Feb 2023 16:33:00: Thread 0 started. 
INFO  @ Wed, 22 Feb 2023 16:33:00: Thread 0: total 18006 instances. 
INFO  @ Wed, 22 Feb 2023 16:33:00: Thread 0: Calculating A1CF (1) ...  
INFO  @ Wed, 22 Feb 2023 16:33:03: Thread 0: Calculating ARNT2 (1001) ...  
INFO  @ Wed, 22 Feb 2023 16:33:06: Thread 0: Calculating C2orf44 (2001) ...  
INFO  @ Wed, 22 Feb 2023 16:33:10: Thread 0: Calculating CERS6 (3001) ...  
INFO  @ Wed, 22 Feb 2023 16:33:13: Thread 0: Calculating DBH (4001) ...  
INFO  @ Wed, 22 Feb 2023 16:33:16: Thread 0: Calculating ERCC6L2 (5001) ...  
INFO  @ Wed, 22 Feb 2023 16:33:19: Thread 0: Calculating GANC (6001) ...  
INFO  @ Wed, 22 Feb 2023 16:33:23: Thread 0: Calculating HMBS (7001) ...  
INFO  @ Wed, 22 Feb 2023 16:33:26: Thread 0: Calculating KIAA1147 (8001) ...  
INFO  @ Wed, 22 Feb 2023 16:33:29: Thread 0: Calculating MAGOH (9001) ...  
INFO  @ Wed, 22 Feb 2023 16:33:33: Thread 0: Calculating NANOS3 (10001) ...  
INFO  @ Wed, 22 Feb 2023 16:33:36: Thread 0: Calculating PAXIP1 (11001) ...  
INFO  @ Wed, 22 Feb 2023 16:33:39: Thread 0: Calculating PRG4 (12001) ...  
INFO  @ Wed, 22 Feb 2023 16:33:42: Thread 0: Calculating RNF151 (13001) ...  
INFO  @ Wed, 22 Feb 2023 16:33:45: Thread 0: Calculating SLC25A11 (14001) ...  
INFO  @ Wed, 22 Feb 2023 16:33:49: Thread 0: Calculating SUMO4 (15001) ...  
INFO  @ Wed, 22 Feb 2023 16:33:52: Thread 0: Calculating TNKS2 (16001) ...  
INFO  @ Wed, 22 Feb 2023 16:33:55: Thread 0: Calculating WDHD1 (17001) ...  
INFO  @ Wed, 22 Feb 2023 16:33:58: Thread 0: Calculating ZYG11A (18001) ...  
INFO  @ Wed, 22 Feb 2023 16:33:58: Thread 0 completed. 
INFO  @ Wed, 22 Feb 2023 16:33:58: All threads completed. 
INFO  @ Wed, 22 Feb 2023 16:34:01: Permuting round 1 ... 
INFO  @ Wed, 22 Feb 2023 16:34:01: Thread 0 started. 
INFO  @ Wed, 22 Feb 2023 16:34:01: Thread 0: total 18006 instances. 
INFO  @ Wed, 22 Feb 2023 16:34:01: Thread 0: Calculating A1CF (1) ...  
INFO  @ Wed, 22 Feb 2023 16:34:05: Thread 0: Calculating ARNT2 (1001) ...  
INFO  @ Wed, 22 Feb 2023 16:34:08: Thread 0: Calculating C2orf44 (2001) ...  
INFO  @ Wed, 22 Feb 2023 16:34:11: Thread 0: Calculating CERS6 (3001) ...  
INFO  @ Wed, 22 Feb 2023 16:34:14: Thread 0: Calculating DBH (4001) ...  
INFO  @ Wed, 22 Feb 2023 16:34:18: Thread 0: Calculating ERCC6L2 (5001) ...  
INFO  @ Wed, 22 Feb 2023 16:34:21: Thread 0: Calculating GANC (6001) ...  
INFO  @ Wed, 22 Feb 2023 16:34:24: Thread 0: Calculating HMBS (7001) ...  
INFO  @ Wed, 22 Feb 2023 16:34:28: Thread 0: Calculating KIAA1147 (8001) ...  
INFO  @ Wed, 22 Feb 2023 16:34:31: Thread 0: Calculating MAGOH (9001) ...  
INFO  @ Wed, 22 Feb 2023 16:34:34: Thread 0: Calculating NANOS3 (10001) ...  
INFO  @ Wed, 22 Feb 2023 16:34:37: Thread 0: Calculating PAXIP1 (11001) ...  
INFO  @ Wed, 22 Feb 2023 16:34:41: Thread 0: Calculating PRG4 (12001) ...  
INFO  @ Wed, 22 Feb 2023 16:34:44: Thread 0: Calculating RNF151 (13001) ...  
INFO  @ Wed, 22 Feb 2023 16:34:47: Thread 0: Calculating SLC25A11 (14001) ...  
INFO  @ Wed, 22 Feb 2023 16:34:50: Thread 0: Calculating SUMO4 (15001) ...  
INFO  @ Wed, 22 Feb 2023 16:34:54: Thread 0: Calculating TNKS2 (16001) ...  
INFO  @ Wed, 22 Feb 2023 16:34:57: Thread 0: Calculating WDHD1 (17001) ...  
INFO  @ Wed, 22 Feb 2023 16:35:00: Thread 0: Calculating ZYG11A (18001) ...  
INFO  @ Wed, 22 Feb 2023 16:35:00: Thread 0 completed. 
INFO  @ Wed, 22 Feb 2023 16:35:00: All threads completed. 
INFO  @ Wed, 22 Feb 2023 16:35:03: Assigning p values... 
INFO  @ Wed, 22 Feb 2023 16:35:03: Permuting groups of gene with 4 sgRNAs per gene. Group progress: 4/22 
INFO  @ Wed, 22 Feb 2023 16:35:03: Start permuting 2 rounds ... 
INFO  @ Wed, 22 Feb 2023 16:35:03: Collecting 90025 sgRNAs from 18006 genes. 
INFO  @ Wed, 22 Feb 2023 16:35:04: Permuting round 0 ... 
INFO  @ Wed, 22 Feb 2023 16:35:05: Thread 0 started. 
INFO  @ Wed, 22 Feb 2023 16:35:05: Thread 0: total 18006 instances. 
INFO  @ Wed, 22 Feb 2023 16:35:05: Thread 0: Calculating A1CF (1) ...  
INFO  @ Wed, 22 Feb 2023 16:35:08: Thread 0: Calculating ARNT2 (1001) ...  
INFO  @ Wed, 22 Feb 2023 16:35:12: Thread 0: Calculating C2orf44 (2001) ...  
INFO  @ Wed, 22 Feb 2023 16:35:15: Thread 0: Calculating CERS6 (3001) ...  
INFO  @ Wed, 22 Feb 2023 16:35:18: Thread 0: Calculating DBH (4001) ...  
INFO  @ Wed, 22 Feb 2023 16:35:22: Thread 0: Calculating ERCC6L2 (5001) ...  
INFO  @ Wed, 22 Feb 2023 16:35:25: Thread 0: Calculating GANC (6001) ...  
INFO  @ Wed, 22 Feb 2023 16:35:29: Thread 0: Calculating HMBS (7001) ...  
INFO  @ Wed, 22 Feb 2023 16:35:32: Thread 0: Calculating KIAA1147 (8001) ...  
INFO  @ Wed, 22 Feb 2023 16:35:35: Thread 0: Calculating MAGOH (9001) ...  
INFO  @ Wed, 22 Feb 2023 16:35:39: Thread 0: Calculating NANOS3 (10001) ...  
INFO  @ Wed, 22 Feb 2023 16:35:42: Thread 0: Calculating PAXIP1 (11001) ...  
INFO  @ Wed, 22 Feb 2023 16:35:46: Thread 0: Calculating PRG4 (12001) ...  
INFO  @ Wed, 22 Feb 2023 16:35:49: Thread 0: Calculating RNF151 (13001) ...  
INFO  @ Wed, 22 Feb 2023 16:35:53: Thread 0: Calculating SLC25A11 (14001) ...  
INFO  @ Wed, 22 Feb 2023 16:35:56: Thread 0: Calculating SUMO4 (15001) ...  
INFO  @ Wed, 22 Feb 2023 16:35:59: Thread 0: Calculating TNKS2 (16001) ...  
INFO  @ Wed, 22 Feb 2023 16:36:03: Thread 0: Calculating WDHD1 (17001) ...  
INFO  @ Wed, 22 Feb 2023 16:36:06: Thread 0: Calculating ZYG11A (18001) ...  
INFO  @ Wed, 22 Feb 2023 16:36:06: Thread 0 completed. 
INFO  @ Wed, 22 Feb 2023 16:36:06: All threads completed. 
INFO  @ Wed, 22 Feb 2023 16:36:09: Permuting round 1 ... 
INFO  @ Wed, 22 Feb 2023 16:36:09: Thread 0 started. 
INFO  @ Wed, 22 Feb 2023 16:36:09: Thread 0: total 18006 instances. 
INFO  @ Wed, 22 Feb 2023 16:36:09: Thread 0: Calculating A1CF (1) ...  
INFO  @ Wed, 22 Feb 2023 16:36:13: Thread 0: Calculating ARNT2 (1001) ...  
INFO  @ Wed, 22 Feb 2023 16:36:16: Thread 0: Calculating C2orf44 (2001) ...  
INFO  @ Wed, 22 Feb 2023 16:36:20: Thread 0: Calculating CERS6 (3001) ...  
INFO  @ Wed, 22 Feb 2023 16:36:23: Thread 0: Calculating DBH (4001) ...  
INFO  @ Wed, 22 Feb 2023 16:36:27: Thread 0: Calculating ERCC6L2 (5001) ...  
INFO  @ Wed, 22 Feb 2023 16:36:30: Thread 0: Calculating GANC (6001) ...  
INFO  @ Wed, 22 Feb 2023 16:36:33: Thread 0: Calculating HMBS (7001) ...  
INFO  @ Wed, 22 Feb 2023 16:36:37: Thread 0: Calculating KIAA1147 (8001) ...  
INFO  @ Wed, 22 Feb 2023 16:36:40: Thread 0: Calculating MAGOH (9001) ...  
INFO  @ Wed, 22 Feb 2023 16:36:44: Thread 0: Calculating NANOS3 (10001) ...  
INFO  @ Wed, 22 Feb 2023 16:36:47: Thread 0: Calculating PAXIP1 (11001) ...  
INFO  @ Wed, 22 Feb 2023 16:36:51: Thread 0: Calculating PRG4 (12001) ...  
INFO  @ Wed, 22 Feb 2023 16:36:54: Thread 0: Calculating RNF151 (13001) ...  
INFO  @ Wed, 22 Feb 2023 16:36:58: Thread 0: Calculating SLC25A11 (14001) ...  
INFO  @ Wed, 22 Feb 2023 16:37:01: Thread 0: Calculating SUMO4 (15001) ...  
INFO  @ Wed, 22 Feb 2023 16:37:05: Thread 0: Calculating TNKS2 (16001) ...  
INFO  @ Wed, 22 Feb 2023 16:37:08: Thread 0: Calculating WDHD1 (17001) ...  
INFO  @ Wed, 22 Feb 2023 16:37:11: Thread 0: Calculating ZYG11A (18001) ...  
INFO  @ Wed, 22 Feb 2023 16:37:11: Thread 0 completed. 
INFO  @ Wed, 22 Feb 2023 16:37:11: All threads completed. 
INFO  @ Wed, 22 Feb 2023 16:37:14: Assigning p values... 
INFO  @ Wed, 22 Feb 2023 16:37:14: Permuting groups of gene with 5 sgRNAs per gene. Group progress: 5/22 
INFO  @ Wed, 22 Feb 2023 16:37:14: Start permuting 2 rounds ... 
INFO  @ Wed, 22 Feb 2023 16:37:15: Collecting 90025 sgRNAs from 18006 genes. 
INFO  @ Wed, 22 Feb 2023 16:37:16: Permuting round 0 ... 
INFO  @ Wed, 22 Feb 2023 16:37:16: Thread 0 started. 
INFO  @ Wed, 22 Feb 2023 16:37:16: Thread 0: total 18006 instances. 
INFO  @ Wed, 22 Feb 2023 16:37:16: Thread 0: Calculating A1CF (1) ...  
INFO  @ Wed, 22 Feb 2023 16:37:20: Thread 0: Calculating ARNT2 (1001) ...  
INFO  @ Wed, 22 Feb 2023 16:37:23: Thread 0: Calculating C2orf44 (2001) ...  
INFO  @ Wed, 22 Feb 2023 16:37:27: Thread 0: Calculating CERS6 (3001) ...  
INFO  @ Wed, 22 Feb 2023 16:37:30: Thread 0: Calculating DBH (4001) ...  
INFO  @ Wed, 22 Feb 2023 16:37:34: Thread 0: Calculating ERCC6L2 (5001) ...  
INFO  @ Wed, 22 Feb 2023 16:37:38: Thread 0: Calculating GANC (6001) ...  
INFO  @ Wed, 22 Feb 2023 16:37:41: Thread 0: Calculating HMBS (7001) ...  
INFO  @ Wed, 22 Feb 2023 16:37:45: Thread 0: Calculating KIAA1147 (8001) ...  
INFO  @ Wed, 22 Feb 2023 16:37:48: Thread 0: Calculating MAGOH (9001) ...  
INFO  @ Wed, 22 Feb 2023 16:37:52: Thread 0: Calculating NANOS3 (10001) ...  
INFO  @ Wed, 22 Feb 2023 16:37:55: Thread 0: Calculating PAXIP1 (11001) ...  
INFO  @ Wed, 22 Feb 2023 16:37:59: Thread 0: Calculating PRG4 (12001) ...  
INFO  @ Wed, 22 Feb 2023 16:38:02: Thread 0: Calculating RNF151 (13001) ...  
INFO  @ Wed, 22 Feb 2023 16:38:06: Thread 0: Calculating SLC25A11 (14001) ...  
INFO  @ Wed, 22 Feb 2023 16:38:09: Thread 0: Calculating SUMO4 (15001) ...  
INFO  @ Wed, 22 Feb 2023 16:38:13: Thread 0: Calculating TNKS2 (16001) ...  
INFO  @ Wed, 22 Feb 2023 16:38:16: Thread 0: Calculating WDHD1 (17001) ...  
INFO  @ Wed, 22 Feb 2023 16:38:20: Thread 0: Calculating ZYG11A (18001) ...  
INFO  @ Wed, 22 Feb 2023 16:38:20: Thread 0 completed. 
INFO  @ Wed, 22 Feb 2023 16:38:20: All threads completed. 
INFO  @ Wed, 22 Feb 2023 16:38:23: Permuting round 1 ... 
INFO  @ Wed, 22 Feb 2023 16:38:23: Thread 0 started. 
INFO  @ Wed, 22 Feb 2023 16:38:23: Thread 0: total 18006 instances. 
INFO  @ Wed, 22 Feb 2023 16:38:23: Thread 0: Calculating A1CF (1) ...  
INFO  @ Wed, 22 Feb 2023 16:38:27: Thread 0: Calculating ARNT2 (1001) ...  
INFO  @ Wed, 22 Feb 2023 16:38:30: Thread 0: Calculating C2orf44 (2001) ...  
INFO  @ Wed, 22 Feb 2023 16:38:34: Thread 0: Calculating CERS6 (3001) ...  
INFO  @ Wed, 22 Feb 2023 16:38:38: Thread 0: Calculating DBH (4001) ...  
INFO  @ Wed, 22 Feb 2023 16:38:41: Thread 0: Calculating ERCC6L2 (5001) ...  
INFO  @ Wed, 22 Feb 2023 16:38:45: Thread 0: Calculating GANC (6001) ...  
INFO  @ Wed, 22 Feb 2023 16:38:48: Thread 0: Calculating HMBS (7001) ...  
INFO  @ Wed, 22 Feb 2023 16:38:52: Thread 0: Calculating KIAA1147 (8001) ...  
INFO  @ Wed, 22 Feb 2023 16:38:55: Thread 0: Calculating MAGOH (9001) ...  
INFO  @ Wed, 22 Feb 2023 16:38:59: Thread 0: Calculating NANOS3 (10001) ...  
INFO  @ Wed, 22 Feb 2023 16:39:02: Thread 0: Calculating PAXIP1 (11001) ...  
INFO  @ Wed, 22 Feb 2023 16:39:06: Thread 0: Calculating PRG4 (12001) ...  
INFO  @ Wed, 22 Feb 2023 16:39:09: Thread 0: Calculating RNF151 (13001) ...  
INFO  @ Wed, 22 Feb 2023 16:39:13: Thread 0: Calculating SLC25A11 (14001) ...  
INFO  @ Wed, 22 Feb 2023 16:39:16: Thread 0: Calculating SUMO4 (15001) ...  
INFO  @ Wed, 22 Feb 2023 16:39:20: Thread 0: Calculating TNKS2 (16001) ...  
INFO  @ Wed, 22 Feb 2023 16:39:24: Thread 0: Calculating WDHD1 (17001) ...  
INFO  @ Wed, 22 Feb 2023 16:39:27: Thread 0: Calculating ZYG11A (18001) ...  
INFO  @ Wed, 22 Feb 2023 16:39:27: Thread 0 completed. 
INFO  @ Wed, 22 Feb 2023 16:39:27: All threads completed. 
INFO  @ Wed, 22 Feb 2023 16:39:30: Assigning p values... 
INFO  @ Wed, 22 Feb 2023 16:39:31: Permuting groups of gene with 6 sgRNAs per gene. Group progress: 6/22 
INFO  @ Wed, 22 Feb 2023 16:39:31: Start permuting 2 rounds ... 
INFO  @ Wed, 22 Feb 2023 16:39:32: Collecting 90025 sgRNAs from 18006 genes. 
INFO  @ Wed, 22 Feb 2023 16:39:33: Permuting round 0 ... 
INFO  @ Wed, 22 Feb 2023 16:39:33: Thread 0 started. 
INFO  @ Wed, 22 Feb 2023 16:39:33: Thread 0: total 18006 instances. 
INFO  @ Wed, 22 Feb 2023 16:39:33: Thread 0: Calculating A1CF (1) ...  
INFO  @ Wed, 22 Feb 2023 16:39:37: Thread 0: Calculating ARNT2 (1001) ...  
INFO  @ Wed, 22 Feb 2023 16:39:41: Thread 0: Calculating C2orf44 (2001) ...  
INFO  @ Wed, 22 Feb 2023 16:39:44: Thread 0: Calculating CERS6 (3001) ...  
INFO  @ Wed, 22 Feb 2023 16:39:48: Thread 0: Calculating DBH (4001) ...  
INFO  @ Wed, 22 Feb 2023 16:39:52: Thread 0: Calculating ERCC6L2 (5001) ...  
INFO  @ Wed, 22 Feb 2023 16:39:55: Thread 0: Calculating GANC (6001) ...  
INFO  @ Wed, 22 Feb 2023 16:39:59: Thread 0: Calculating HMBS (7001) ...  
INFO  @ Wed, 22 Feb 2023 16:40:03: Thread 0: Calculating KIAA1147 (8001) ...  
INFO  @ Wed, 22 Feb 2023 16:40:06: Thread 0: Calculating MAGOH (9001) ...  
INFO  @ Wed, 22 Feb 2023 16:40:10: Thread 0: Calculating NANOS3 (10001) ...  
INFO  @ Wed, 22 Feb 2023 16:40:14: Thread 0: Calculating PAXIP1 (11001) ...  
INFO  @ Wed, 22 Feb 2023 16:40:17: Thread 0: Calculating PRG4 (12001) ...  
INFO  @ Wed, 22 Feb 2023 16:40:21: Thread 0: Calculating RNF151 (13001) ...  
INFO  @ Wed, 22 Feb 2023 16:40:25: Thread 0: Calculating SLC25A11 (14001) ...  
INFO  @ Wed, 22 Feb 2023 16:40:29: Thread 0: Calculating SUMO4 (15001) ...  
INFO  @ Wed, 22 Feb 2023 16:40:32: Thread 0: Calculating TNKS2 (16001) ...  
INFO  @ Wed, 22 Feb 2023 16:40:36: Thread 0: Calculating WDHD1 (17001) ...  
INFO  @ Wed, 22 Feb 2023 16:40:40: Thread 0: Calculating ZYG11A (18001) ...  
INFO  @ Wed, 22 Feb 2023 16:40:40: Thread 0 completed. 
INFO  @ Wed, 22 Feb 2023 16:40:40: All threads completed. 
INFO  @ Wed, 22 Feb 2023 16:40:43: Permuting round 1 ... 
INFO  @ Wed, 22 Feb 2023 16:40:43: Thread 0 started. 
INFO  @ Wed, 22 Feb 2023 16:40:43: Thread 0: total 18006 instances. 
INFO  @ Wed, 22 Feb 2023 16:40:43: Thread 0: Calculating A1CF (1) ...  
INFO  @ Wed, 22 Feb 2023 16:40:47: Thread 0: Calculating ARNT2 (1001) ...  
INFO  @ Wed, 22 Feb 2023 16:40:51: Thread 0: Calculating C2orf44 (2001) ...  
INFO  @ Wed, 22 Feb 2023 16:40:54: Thread 0: Calculating CERS6 (3001) ...  
INFO  @ Wed, 22 Feb 2023 16:40:58: Thread 0: Calculating DBH (4001) ...  
INFO  @ Wed, 22 Feb 2023 16:41:02: Thread 0: Calculating ERCC6L2 (5001) ...  
INFO  @ Wed, 22 Feb 2023 16:41:05: Thread 0: Calculating GANC (6001) ...  
INFO  @ Wed, 22 Feb 2023 16:41:09: Thread 0: Calculating HMBS (7001) ...  
INFO  @ Wed, 22 Feb 2023 16:41:13: Thread 0: Calculating KIAA1147 (8001) ...  
INFO  @ Wed, 22 Feb 2023 16:41:16: Thread 0: Calculating MAGOH (9001) ...  
INFO  @ Wed, 22 Feb 2023 16:41:20: Thread 0: Calculating NANOS3 (10001) ...  
INFO  @ Wed, 22 Feb 2023 16:41:24: Thread 0: Calculating PAXIP1 (11001) ...  
INFO  @ Wed, 22 Feb 2023 16:41:27: Thread 0: Calculating PRG4 (12001) ...  
INFO  @ Wed, 22 Feb 2023 16:41:31: Thread 0: Calculating RNF151 (13001) ...  
INFO  @ Wed, 22 Feb 2023 16:41:35: Thread 0: Calculating SLC25A11 (14001) ...  
INFO  @ Wed, 22 Feb 2023 16:41:39: Thread 0: Calculating SUMO4 (15001) ...  
INFO  @ Wed, 22 Feb 2023 16:41:42: Thread 0: Calculating TNKS2 (16001) ...  
INFO  @ Wed, 22 Feb 2023 16:41:46: Thread 0: Calculating WDHD1 (17001) ...  
INFO  @ Wed, 22 Feb 2023 16:41:50: Thread 0: Calculating ZYG11A (18001) ...  
INFO  @ Wed, 22 Feb 2023 16:41:50: Thread 0 completed. 
INFO  @ Wed, 22 Feb 2023 16:41:50: All threads completed. 
INFO  @ Wed, 22 Feb 2023 16:41:53: Assigning p values... 
INFO  @ Wed, 22 Feb 2023 16:41:53: Permuting groups of gene with 7 sgRNAs per gene. Group progress: 7/22 
INFO  @ Wed, 22 Feb 2023 16:41:53: Start permuting 2 rounds ... 
INFO  @ Wed, 22 Feb 2023 16:41:54: Collecting 90025 sgRNAs from 18006 genes. 
INFO  @ Wed, 22 Feb 2023 16:41:55: Permuting round 0 ... 
INFO  @ Wed, 22 Feb 2023 16:41:55: Thread 0 started. 
INFO  @ Wed, 22 Feb 2023 16:41:55: Thread 0: total 18006 instances. 
INFO  @ Wed, 22 Feb 2023 16:41:55: Thread 0: Calculating A1CF (1) ...  
INFO  @ Wed, 22 Feb 2023 16:41:59: Thread 0: Calculating ARNT2 (1001) ...  
INFO  @ Wed, 22 Feb 2023 16:42:03: Thread 0: Calculating C2orf44 (2001) ...  
INFO  @ Wed, 22 Feb 2023 16:42:06: Thread 0: Calculating CERS6 (3001) ...  
INFO  @ Wed, 22 Feb 2023 16:42:10: Thread 0: Calculating DBH (4001) ...  
INFO  @ Wed, 22 Feb 2023 16:42:14: Thread 0: Calculating ERCC6L2 (5001) ...  
INFO  @ Wed, 22 Feb 2023 16:42:18: Thread 0: Calculating GANC (6001) ...  
INFO  @ Wed, 22 Feb 2023 16:42:22: Thread 0: Calculating HMBS (7001) ...  
INFO  @ Wed, 22 Feb 2023 16:42:25: Thread 0: Calculating KIAA1147 (8001) ...  
INFO  @ Wed, 22 Feb 2023 16:42:29: Thread 0: Calculating MAGOH (9001) ...  
INFO  @ Wed, 22 Feb 2023 16:42:33: Thread 0: Calculating NANOS3 (10001) ...  
INFO  @ Wed, 22 Feb 2023 16:42:37: Thread 0: Calculating PAXIP1 (11001) ...  
INFO  @ Wed, 22 Feb 2023 16:42:41: Thread 0: Calculating PRG4 (12001) ...  
INFO  @ Wed, 22 Feb 2023 16:42:44: Thread 0: Calculating RNF151 (13001) ...  
INFO  @ Wed, 22 Feb 2023 16:42:48: Thread 0: Calculating SLC25A11 (14001) ...  
INFO  @ Wed, 22 Feb 2023 16:42:52: Thread 0: Calculating SUMO4 (15001) ...  
INFO  @ Wed, 22 Feb 2023 16:42:56: Thread 0: Calculating TNKS2 (16001) ...  
INFO  @ Wed, 22 Feb 2023 16:42:59: Thread 0: Calculating WDHD1 (17001) ...  
INFO  @ Wed, 22 Feb 2023 16:43:03: Thread 0: Calculating ZYG11A (18001) ...  
INFO  @ Wed, 22 Feb 2023 16:43:03: Thread 0 completed. 
INFO  @ Wed, 22 Feb 2023 16:43:03: All threads completed. 
INFO  @ Wed, 22 Feb 2023 16:43:06: Permuting round 1 ... 
INFO  @ Wed, 22 Feb 2023 16:43:07: Thread 0 started. 
INFO  @ Wed, 22 Feb 2023 16:43:07: Thread 0: total 18006 instances. 
INFO  @ Wed, 22 Feb 2023 16:43:07: Thread 0: Calculating A1CF (1) ...  
INFO  @ Wed, 22 Feb 2023 16:43:11: Thread 0: Calculating ARNT2 (1001) ...  
INFO  @ Wed, 22 Feb 2023 16:43:14: Thread 0: Calculating C2orf44 (2001) ...  
INFO  @ Wed, 22 Feb 2023 16:43:18: Thread 0: Calculating CERS6 (3001) ...  
INFO  @ Wed, 22 Feb 2023 16:43:22: Thread 0: Calculating DBH (4001) ...  
INFO  @ Wed, 22 Feb 2023 16:43:26: Thread 0: Calculating ERCC6L2 (5001) ...  
INFO  @ Wed, 22 Feb 2023 16:43:30: Thread 0: Calculating GANC (6001) ...  
INFO  @ Wed, 22 Feb 2023 16:43:34: Thread 0: Calculating HMBS (7001) ...  
INFO  @ Wed, 22 Feb 2023 16:43:37: Thread 0: Calculating KIAA1147 (8001) ...  
INFO  @ Wed, 22 Feb 2023 16:43:41: Thread 0: Calculating MAGOH (9001) ...  
INFO  @ Wed, 22 Feb 2023 16:43:45: Thread 0: Calculating NANOS3 (10001) ...  
INFO  @ Wed, 22 Feb 2023 16:43:49: Thread 0: Calculating PAXIP1 (11001) ...  
INFO  @ Wed, 22 Feb 2023 16:43:53: Thread 0: Calculating PRG4 (12001) ...  
INFO  @ Wed, 22 Feb 2023 16:43:56: Thread 0: Calculating RNF151 (13001) ...  
INFO  @ Wed, 22 Feb 2023 16:44:00: Thread 0: Calculating SLC25A11 (14001) ...  
INFO  @ Wed, 22 Feb 2023 16:44:04: Thread 0: Calculating SUMO4 (15001) ...  
INFO  @ Wed, 22 Feb 2023 16:44:08: Thread 0: Calculating TNKS2 (16001) ...  
INFO  @ Wed, 22 Feb 2023 16:44:12: Thread 0: Calculating WDHD1 (17001) ...  
INFO  @ Wed, 22 Feb 2023 16:44:16: Thread 0: Calculating ZYG11A (18001) ...  
INFO  @ Wed, 22 Feb 2023 16:44:16: Thread 0 completed. 
INFO  @ Wed, 22 Feb 2023 16:44:16: All threads completed. 
INFO  @ Wed, 22 Feb 2023 16:44:19: Assigning p values... 
INFO  @ Wed, 22 Feb 2023 16:44:19: Permuting groups of gene with 8 sgRNAs per gene. Group progress: 8/22 
INFO  @ Wed, 22 Feb 2023 16:44:19: Start permuting 2 rounds ... 
INFO  @ Wed, 22 Feb 2023 16:44:19: Collecting 90025 sgRNAs from 18006 genes. 
INFO  @ Wed, 22 Feb 2023 16:44:20: Permuting round 0 ... 
INFO  @ Wed, 22 Feb 2023 16:44:21: Thread 0 started. 
INFO  @ Wed, 22 Feb 2023 16:44:21: Thread 0: total 18006 instances. 
INFO  @ Wed, 22 Feb 2023 16:44:21: Thread 0: Calculating A1CF (1) ...  
INFO  @ Wed, 22 Feb 2023 16:44:25: Thread 0: Calculating ARNT2 (1001) ...  
INFO  @ Wed, 22 Feb 2023 16:44:29: Thread 0: Calculating C2orf44 (2001) ...  
INFO  @ Wed, 22 Feb 2023 16:44:32: Thread 0: Calculating CERS6 (3001) ...  
INFO  @ Wed, 22 Feb 2023 16:44:36: Thread 0: Calculating DBH (4001) ...  
INFO  @ Wed, 22 Feb 2023 16:44:40: Thread 0: Calculating ERCC6L2 (5001) ...  
INFO  @ Wed, 22 Feb 2023 16:44:44: Thread 0: Calculating GANC (6001) ...  
INFO  @ Wed, 22 Feb 2023 16:44:48: Thread 0: Calculating HMBS (7001) ...  
INFO  @ Wed, 22 Feb 2023 16:44:52: Thread 0: Calculating KIAA1147 (8001) ...  
INFO  @ Wed, 22 Feb 2023 16:44:56: Thread 0: Calculating MAGOH (9001) ...  
INFO  @ Wed, 22 Feb 2023 16:45:00: Thread 0: Calculating NANOS3 (10001) ...  
INFO  @ Wed, 22 Feb 2023 16:45:04: Thread 0: Calculating PAXIP1 (11001) ...  
INFO  @ Wed, 22 Feb 2023 16:45:08: Thread 0: Calculating PRG4 (12001) ...  
INFO  @ Wed, 22 Feb 2023 16:45:11: Thread 0: Calculating RNF151 (13001) ...  
INFO  @ Wed, 22 Feb 2023 16:45:15: Thread 0: Calculating SLC25A11 (14001) ...  
INFO  @ Wed, 22 Feb 2023 16:45:19: Thread 0: Calculating SUMO4 (15001) ...  
INFO  @ Wed, 22 Feb 2023 16:45:23: Thread 0: Calculating TNKS2 (16001) ...  
INFO  @ Wed, 22 Feb 2023 16:45:27: Thread 0: Calculating WDHD1 (17001) ...  
INFO  @ Wed, 22 Feb 2023 16:45:31: Thread 0: Calculating ZYG11A (18001) ...  
INFO  @ Wed, 22 Feb 2023 16:45:31: Thread 0 completed. 
INFO  @ Wed, 22 Feb 2023 16:45:31: All threads completed. 
INFO  @ Wed, 22 Feb 2023 16:45:34: Permuting round 1 ... 
INFO  @ Wed, 22 Feb 2023 16:45:34: Thread 0 started. 
INFO  @ Wed, 22 Feb 2023 16:45:34: Thread 0: total 18006 instances. 
INFO  @ Wed, 22 Feb 2023 16:45:34: Thread 0: Calculating A1CF (1) ...  
INFO  @ Wed, 22 Feb 2023 16:45:38: Thread 0: Calculating ARNT2 (1001) ...  
INFO  @ Wed, 22 Feb 2023 16:45:42: Thread 0: Calculating C2orf44 (2001) ...  
INFO  @ Wed, 22 Feb 2023 16:45:46: Thread 0: Calculating CERS6 (3001) ...  
INFO  @ Wed, 22 Feb 2023 16:45:50: Thread 0: Calculating DBH (4001) ...  
INFO  @ Wed, 22 Feb 2023 16:45:54: Thread 0: Calculating ERCC6L2 (5001) ...  
INFO  @ Wed, 22 Feb 2023 16:45:58: Thread 0: Calculating GANC (6001) ...  
INFO  @ Wed, 22 Feb 2023 16:46:02: Thread 0: Calculating HMBS (7001) ...  
INFO  @ Wed, 22 Feb 2023 16:46:06: Thread 0: Calculating KIAA1147 (8001) ...  
INFO  @ Wed, 22 Feb 2023 16:46:10: Thread 0: Calculating MAGOH (9001) ...  
INFO  @ Wed, 22 Feb 2023 16:46:14: Thread 0: Calculating NANOS3 (10001) ...  
INFO  @ Wed, 22 Feb 2023 16:46:18: Thread 0: Calculating PAXIP1 (11001) ...  
INFO  @ Wed, 22 Feb 2023 16:46:22: Thread 0: Calculating PRG4 (12001) ...  
INFO  @ Wed, 22 Feb 2023 16:46:26: Thread 0: Calculating RNF151 (13001) ...  
INFO  @ Wed, 22 Feb 2023 16:46:30: Thread 0: Calculating SLC25A11 (14001) ...  
INFO  @ Wed, 22 Feb 2023 16:46:33: Thread 0: Calculating SUMO4 (15001) ...  
INFO  @ Wed, 22 Feb 2023 16:46:37: Thread 0: Calculating TNKS2 (16001) ...  
INFO  @ Wed, 22 Feb 2023 16:46:41: Thread 0: Calculating WDHD1 (17001) ...  
INFO  @ Wed, 22 Feb 2023 16:46:45: Thread 0: Calculating ZYG11A (18001) ...  
INFO  @ Wed, 22 Feb 2023 16:46:45: Thread 0 completed. 
INFO  @ Wed, 22 Feb 2023 16:46:45: All threads completed. 
INFO  @ Wed, 22 Feb 2023 16:46:48: Assigning p values... 
INFO  @ Wed, 22 Feb 2023 16:46:49: Permuting groups of gene with 9 sgRNAs per gene. Group progress: 9/22 
INFO  @ Wed, 22 Feb 2023 16:46:49: Start permuting 2 rounds ... 
INFO  @ Wed, 22 Feb 2023 16:46:49: Collecting 90025 sgRNAs from 18006 genes. 
INFO  @ Wed, 22 Feb 2023 16:46:50: Permuting round 0 ... 
INFO  @ Wed, 22 Feb 2023 16:46:51: Thread 0 started. 
INFO  @ Wed, 22 Feb 2023 16:46:51: Thread 0: total 18006 instances. 
INFO  @ Wed, 22 Feb 2023 16:46:51: Thread 0: Calculating A1CF (1) ...  
INFO  @ Wed, 22 Feb 2023 16:46:55: Thread 0: Calculating ARNT2 (1001) ...  
INFO  @ Wed, 22 Feb 2023 16:46:59: Thread 0: Calculating C2orf44 (2001) ...  
INFO  @ Wed, 22 Feb 2023 16:47:03: Thread 0: Calculating CERS6 (3001) ...  
INFO  @ Wed, 22 Feb 2023 16:47:07: Thread 0: Calculating DBH (4001) ...  
INFO  @ Wed, 22 Feb 2023 16:47:11: Thread 0: Calculating ERCC6L2 (5001) ...  
INFO  @ Wed, 22 Feb 2023 16:47:15: Thread 0: Calculating GANC (6001) ...  
INFO  @ Wed, 22 Feb 2023 16:47:19: Thread 0: Calculating HMBS (7001) ...  
INFO  @ Wed, 22 Feb 2023 16:47:23: Thread 0: Calculating KIAA1147 (8001) ...  
INFO  @ Wed, 22 Feb 2023 16:47:27: Thread 0: Calculating MAGOH (9001) ...  
INFO  @ Wed, 22 Feb 2023 16:47:31: Thread 0: Calculating NANOS3 (10001) ...  
INFO  @ Wed, 22 Feb 2023 16:47:35: Thread 0: Calculating PAXIP1 (11001) ...  
INFO  @ Wed, 22 Feb 2023 16:47:39: Thread 0: Calculating PRG4 (12001) ...  
INFO  @ Wed, 22 Feb 2023 16:47:43: Thread 0: Calculating RNF151 (13001) ...  
INFO  @ Wed, 22 Feb 2023 16:47:47: Thread 0: Calculating SLC25A11 (14001) ...  
INFO  @ Wed, 22 Feb 2023 16:47:51: Thread 0: Calculating SUMO4 (15001) ...  
INFO  @ Wed, 22 Feb 2023 16:47:55: Thread 0: Calculating TNKS2 (16001) ...  
INFO  @ Wed, 22 Feb 2023 16:47:59: Thread 0: Calculating WDHD1 (17001) ...  
INFO  @ Wed, 22 Feb 2023 16:48:03: Thread 0: Calculating ZYG11A (18001) ...  
INFO  @ Wed, 22 Feb 2023 16:48:03: Thread 0 completed. 
INFO  @ Wed, 22 Feb 2023 16:48:03: All threads completed. 
INFO  @ Wed, 22 Feb 2023 16:48:06: Permuting round 1 ... 
INFO  @ Wed, 22 Feb 2023 16:48:06: Thread 0 started. 
INFO  @ Wed, 22 Feb 2023 16:48:06: Thread 0: total 18006 instances. 
INFO  @ Wed, 22 Feb 2023 16:48:06: Thread 0: Calculating A1CF (1) ...  
INFO  @ Wed, 22 Feb 2023 16:48:11: Thread 0: Calculating ARNT2 (1001) ...  
INFO  @ Wed, 22 Feb 2023 16:48:15: Thread 0: Calculating C2orf44 (2001) ...  
INFO  @ Wed, 22 Feb 2023 16:48:19: Thread 0: Calculating CERS6 (3001) ...  
INFO  @ Wed, 22 Feb 2023 16:48:23: Thread 0: Calculating DBH (4001) ...  
INFO  @ Wed, 22 Feb 2023 16:48:27: Thread 0: Calculating ERCC6L2 (5001) ...  
INFO  @ Wed, 22 Feb 2023 16:48:31: Thread 0: Calculating GANC (6001) ...  
INFO  @ Wed, 22 Feb 2023 16:48:35: Thread 0: Calculating HMBS (7001) ...  
INFO  @ Wed, 22 Feb 2023 16:48:39: Thread 0: Calculating KIAA1147 (8001) ...  
INFO  @ Wed, 22 Feb 2023 16:48:43: Thread 0: Calculating MAGOH (9001) ...  
INFO  @ Wed, 22 Feb 2023 16:48:47: Thread 0: Calculating NANOS3 (10001) ...  
INFO  @ Wed, 22 Feb 2023 16:48:51: Thread 0: Calculating PAXIP1 (11001) ...  
INFO  @ Wed, 22 Feb 2023 16:48:55: Thread 0: Calculating PRG4 (12001) ...  
INFO  @ Wed, 22 Feb 2023 16:48:59: Thread 0: Calculating RNF151 (13001) ...  
INFO  @ Wed, 22 Feb 2023 16:49:03: Thread 0: Calculating SLC25A11 (14001) ...  
INFO  @ Wed, 22 Feb 2023 16:49:07: Thread 0: Calculating SUMO4 (15001) ...  
INFO  @ Wed, 22 Feb 2023 16:49:12: Thread 0: Calculating TNKS2 (16001) ...  
INFO  @ Wed, 22 Feb 2023 16:49:16: Thread 0: Calculating WDHD1 (17001) ...  
INFO  @ Wed, 22 Feb 2023 16:49:20: Thread 0: Calculating ZYG11A (18001) ...  
INFO  @ Wed, 22 Feb 2023 16:49:20: Thread 0 completed. 
INFO  @ Wed, 22 Feb 2023 16:49:20: All threads completed. 
INFO  @ Wed, 22 Feb 2023 16:49:23: Assigning p values... 
INFO  @ Wed, 22 Feb 2023 16:49:23: Permuting groups of gene with 10 sgRNAs per gene. Group progress: 10/22 
INFO  @ Wed, 22 Feb 2023 16:49:23: Start permuting 2 rounds ... 
INFO  @ Wed, 22 Feb 2023 16:49:23: Collecting 90025 sgRNAs from 18006 genes. 
INFO  @ Wed, 22 Feb 2023 16:49:24: Permuting round 0 ... 
INFO  @ Wed, 22 Feb 2023 16:49:25: Thread 0 started. 
INFO  @ Wed, 22 Feb 2023 16:49:25: Thread 0: total 18006 instances. 
INFO  @ Wed, 22 Feb 2023 16:49:25: Thread 0: Calculating A1CF (1) ...  
INFO  @ Wed, 22 Feb 2023 16:49:29: Thread 0: Calculating ARNT2 (1001) ...  
INFO  @ Wed, 22 Feb 2023 16:49:33: Thread 0: Calculating C2orf44 (2001) ...  
INFO  @ Wed, 22 Feb 2023 16:49:37: Thread 0: Calculating CERS6 (3001) ...  
INFO  @ Wed, 22 Feb 2023 16:49:41: Thread 0: Calculating DBH (4001) ...  
INFO  @ Wed, 22 Feb 2023 16:49:46: Thread 0: Calculating ERCC6L2 (5001) ...  
INFO  @ Wed, 22 Feb 2023 16:49:50: Thread 0: Calculating GANC (6001) ...  
INFO  @ Wed, 22 Feb 2023 16:49:54: Thread 0: Calculating HMBS (7001) ...  
INFO  @ Wed, 22 Feb 2023 16:49:58: Thread 0: Calculating KIAA1147 (8001) ...  
INFO  @ Wed, 22 Feb 2023 16:50:02: Thread 0: Calculating MAGOH (9001) ...  
INFO  @ Wed, 22 Feb 2023 16:50:06: Thread 0: Calculating NANOS3 (10001) ...  
INFO  @ Wed, 22 Feb 2023 16:50:11: Thread 0: Calculating PAXIP1 (11001) ...  
INFO  @ Wed, 22 Feb 2023 16:50:15: Thread 0: Calculating PRG4 (12001) ...  
INFO  @ Wed, 22 Feb 2023 16:50:19: Thread 0: Calculating RNF151 (13001) ...  
INFO  @ Wed, 22 Feb 2023 16:50:23: Thread 0: Calculating SLC25A11 (14001) ...  
INFO  @ Wed, 22 Feb 2023 16:50:27: Thread 0: Calculating SUMO4 (15001) ...  
INFO  @ Wed, 22 Feb 2023 16:50:31: Thread 0: Calculating TNKS2 (16001) ...  
INFO  @ Wed, 22 Feb 2023 16:50:35: Thread 0: Calculating WDHD1 (17001) ...  
INFO  @ Wed, 22 Feb 2023 16:50:39: Thread 0: Calculating ZYG11A (18001) ...  
INFO  @ Wed, 22 Feb 2023 16:50:39: Thread 0 completed. 
INFO  @ Wed, 22 Feb 2023 16:50:39: All threads completed. 
INFO  @ Wed, 22 Feb 2023 16:50:43: Permuting round 1 ... 
INFO  @ Wed, 22 Feb 2023 16:50:43: Thread 0 started. 
INFO  @ Wed, 22 Feb 2023 16:50:43: Thread 0: total 18006 instances. 
INFO  @ Wed, 22 Feb 2023 16:50:43: Thread 0: Calculating A1CF (1) ...  
INFO  @ Wed, 22 Feb 2023 16:50:47: Thread 0: Calculating ARNT2 (1001) ...  
INFO  @ Wed, 22 Feb 2023 16:50:51: Thread 0: Calculating C2orf44 (2001) ...  
INFO  @ Wed, 22 Feb 2023 16:50:55: Thread 0: Calculating CERS6 (3001) ...  
INFO  @ Wed, 22 Feb 2023 16:51:00: Thread 0: Calculating DBH (4001) ...  
INFO  @ Wed, 22 Feb 2023 16:51:04: Thread 0: Calculating ERCC6L2 (5001) ...  
INFO  @ Wed, 22 Feb 2023 16:51:08: Thread 0: Calculating GANC (6001) ...  
INFO  @ Wed, 22 Feb 2023 16:51:13: Thread 0: Calculating HMBS (7001) ...  
INFO  @ Wed, 22 Feb 2023 16:51:17: Thread 0: Calculating KIAA1147 (8001) ...  
INFO  @ Wed, 22 Feb 2023 16:51:21: Thread 0: Calculating MAGOH (9001) ...  
INFO  @ Wed, 22 Feb 2023 16:51:25: Thread 0: Calculating NANOS3 (10001) ...  
INFO  @ Wed, 22 Feb 2023 16:51:29: Thread 0: Calculating PAXIP1 (11001) ...  
INFO  @ Wed, 22 Feb 2023 16:51:33: Thread 0: Calculating PRG4 (12001) ...  
INFO  @ Wed, 22 Feb 2023 16:51:38: Thread 0: Calculating RNF151 (13001) ...  
INFO  @ Wed, 22 Feb 2023 16:51:42: Thread 0: Calculating SLC25A11 (14001) ...  
INFO  @ Wed, 22 Feb 2023 16:51:46: Thread 0: Calculating SUMO4 (15001) ...  
INFO  @ Wed, 22 Feb 2023 16:51:50: Thread 0: Calculating TNKS2 (16001) ...  
INFO  @ Wed, 22 Feb 2023 16:51:54: Thread 0: Calculating WDHD1 (17001) ...  
INFO  @ Wed, 22 Feb 2023 16:51:58: Thread 0: Calculating ZYG11A (18001) ...  
INFO  @ Wed, 22 Feb 2023 16:51:58: Thread 0 completed. 
INFO  @ Wed, 22 Feb 2023 16:51:58: All threads completed. 
INFO  @ Wed, 22 Feb 2023 16:52:02: Assigning p values... 
INFO  @ Wed, 22 Feb 2023 16:52:02: Permuting groups of gene with 11 sgRNAs per gene. Group progress: 11/22 
INFO  @ Wed, 22 Feb 2023 16:52:02: Start permuting 2 rounds ... 
INFO  @ Wed, 22 Feb 2023 16:52:02: Collecting 90025 sgRNAs from 18006 genes. 
INFO  @ Wed, 22 Feb 2023 16:52:03: Permuting round 0 ... 
INFO  @ Wed, 22 Feb 2023 16:52:04: Thread 0 started. 
INFO  @ Wed, 22 Feb 2023 16:52:04: Thread 0: total 18006 instances. 
INFO  @ Wed, 22 Feb 2023 16:52:04: Thread 0: Calculating A1CF (1) ...  
INFO  @ Wed, 22 Feb 2023 16:52:08: Thread 0: Calculating ARNT2 (1001) ...  
INFO  @ Wed, 22 Feb 2023 16:52:12: Thread 0: Calculating C2orf44 (2001) ...  
INFO  @ Wed, 22 Feb 2023 16:52:17: Thread 0: Calculating CERS6 (3001) ...  
INFO  @ Wed, 22 Feb 2023 16:52:21: Thread 0: Calculating DBH (4001) ...  
INFO  @ Wed, 22 Feb 2023 16:52:25: Thread 0: Calculating ERCC6L2 (5001) ...  
INFO  @ Wed, 22 Feb 2023 16:52:29: Thread 0: Calculating GANC (6001) ...  
INFO  @ Wed, 22 Feb 2023 16:52:33: Thread 0: Calculating HMBS (7001) ...  
INFO  @ Wed, 22 Feb 2023 16:52:38: Thread 0: Calculating KIAA1147 (8001) ...  
INFO  @ Wed, 22 Feb 2023 16:52:42: Thread 0: Calculating MAGOH (9001) ...  
INFO  @ Wed, 22 Feb 2023 16:52:46: Thread 0: Calculating NANOS3 (10001) ...  
INFO  @ Wed, 22 Feb 2023 16:52:50: Thread 0: Calculating PAXIP1 (11001) ...  
INFO  @ Wed, 22 Feb 2023 16:52:55: Thread 0: Calculating PRG4 (12001) ...  
INFO  @ Wed, 22 Feb 2023 16:52:59: Thread 0: Calculating RNF151 (13001) ...  
INFO  @ Wed, 22 Feb 2023 16:53:03: Thread 0: Calculating SLC25A11 (14001) ...  
INFO  @ Wed, 22 Feb 2023 16:53:07: Thread 0: Calculating SUMO4 (15001) ...  
INFO  @ Wed, 22 Feb 2023 16:53:11: Thread 0: Calculating TNKS2 (16001) ...  
INFO  @ Wed, 22 Feb 2023 16:53:16: Thread 0: Calculating WDHD1 (17001) ...  
INFO  @ Wed, 22 Feb 2023 16:53:20: Thread 0: Calculating ZYG11A (18001) ...  
INFO  @ Wed, 22 Feb 2023 16:53:20: Thread 0 completed. 
INFO  @ Wed, 22 Feb 2023 16:53:20: All threads completed. 
INFO  @ Wed, 22 Feb 2023 16:53:23: Permuting round 1 ... 
INFO  @ Wed, 22 Feb 2023 16:53:24: Thread 0 started. 
INFO  @ Wed, 22 Feb 2023 16:53:24: Thread 0: total 18006 instances. 
INFO  @ Wed, 22 Feb 2023 16:53:24: Thread 0: Calculating A1CF (1) ...  
INFO  @ Wed, 22 Feb 2023 16:53:28: Thread 0: Calculating ARNT2 (1001) ...  
INFO  @ Wed, 22 Feb 2023 16:53:32: Thread 0: Calculating C2orf44 (2001) ...  
INFO  @ Wed, 22 Feb 2023 16:53:36: Thread 0: Calculating CERS6 (3001) ...  
INFO  @ Wed, 22 Feb 2023 16:53:41: Thread 0: Calculating DBH (4001) ...  
INFO  @ Wed, 22 Feb 2023 16:53:45: Thread 0: Calculating ERCC6L2 (5001) ...  
INFO  @ Wed, 22 Feb 2023 16:53:49: Thread 0: Calculating GANC (6001) ...  
INFO  @ Wed, 22 Feb 2023 16:53:53: Thread 0: Calculating HMBS (7001) ...  
INFO  @ Wed, 22 Feb 2023 16:53:58: Thread 0: Calculating KIAA1147 (8001) ...  
INFO  @ Wed, 22 Feb 2023 16:54:02: Thread 0: Calculating MAGOH (9001) ...  
INFO  @ Wed, 22 Feb 2023 16:54:06: Thread 0: Calculating NANOS3 (10001) ...  
INFO  @ Wed, 22 Feb 2023 16:54:11: Thread 0: Calculating PAXIP1 (11001) ...  
INFO  @ Wed, 22 Feb 2023 16:54:15: Thread 0: Calculating PRG4 (12001) ...  
INFO  @ Wed, 22 Feb 2023 16:54:19: Thread 0: Calculating RNF151 (13001) ...  
INFO  @ Wed, 22 Feb 2023 16:54:23: Thread 0: Calculating SLC25A11 (14001) ...  
INFO  @ Wed, 22 Feb 2023 16:54:27: Thread 0: Calculating SUMO4 (15001) ...  
INFO  @ Wed, 22 Feb 2023 16:54:32: Thread 0: Calculating TNKS2 (16001) ...  
INFO  @ Wed, 22 Feb 2023 16:54:36: Thread 0: Calculating WDHD1 (17001) ...  
INFO  @ Wed, 22 Feb 2023 16:54:40: Thread 0: Calculating ZYG11A (18001) ...  
INFO  @ Wed, 22 Feb 2023 16:54:40: Thread 0 completed. 
INFO  @ Wed, 22 Feb 2023 16:54:40: All threads completed. 
INFO  @ Wed, 22 Feb 2023 16:54:44: Assigning p values... 
INFO  @ Wed, 22 Feb 2023 16:54:44: Permuting groups of gene with 12 sgRNAs per gene. Group progress: 12/22 
INFO  @ Wed, 22 Feb 2023 16:54:44: Start permuting 2 rounds ... 
INFO  @ Wed, 22 Feb 2023 16:54:44: Collecting 90025 sgRNAs from 18006 genes. 
INFO  @ Wed, 22 Feb 2023 16:54:45: Permuting round 0 ... 
INFO  @ Wed, 22 Feb 2023 16:54:46: Thread 0 started. 
INFO  @ Wed, 22 Feb 2023 16:54:46: Thread 0: total 18006 instances. 
INFO  @ Wed, 22 Feb 2023 16:54:46: Thread 0: Calculating A1CF (1) ...  
INFO  @ Wed, 22 Feb 2023 16:54:50: Thread 0: Calculating ARNT2 (1001) ...  
INFO  @ Wed, 22 Feb 2023 16:54:54: Thread 0: Calculating C2orf44 (2001) ...  
INFO  @ Wed, 22 Feb 2023 16:54:59: Thread 0: Calculating CERS6 (3001) ...  
INFO  @ Wed, 22 Feb 2023 16:55:03: Thread 0: Calculating DBH (4001) ...  
INFO  @ Wed, 22 Feb 2023 16:55:07: Thread 0: Calculating ERCC6L2 (5001) ...  
INFO  @ Wed, 22 Feb 2023 16:55:12: Thread 0: Calculating GANC (6001) ...  
INFO  @ Wed, 22 Feb 2023 16:55:16: Thread 0: Calculating HMBS (7001) ...  
INFO  @ Wed, 22 Feb 2023 16:55:20: Thread 0: Calculating KIAA1147 (8001) ...  
INFO  @ Wed, 22 Feb 2023 16:55:25: Thread 0: Calculating MAGOH (9001) ...  
INFO  @ Wed, 22 Feb 2023 16:55:29: Thread 0: Calculating NANOS3 (10001) ...  
INFO  @ Wed, 22 Feb 2023 16:55:33: Thread 0: Calculating PAXIP1 (11001) ...  
INFO  @ Wed, 22 Feb 2023 16:55:38: Thread 0: Calculating PRG4 (12001) ...  
INFO  @ Wed, 22 Feb 2023 16:55:42: Thread 0: Calculating RNF151 (13001) ...  
INFO  @ Wed, 22 Feb 2023 16:55:47: Thread 0: Calculating SLC25A11 (14001) ...  
INFO  @ Wed, 22 Feb 2023 16:55:51: Thread 0: Calculating SUMO4 (15001) ...  
INFO  @ Wed, 22 Feb 2023 16:55:56: Thread 0: Calculating TNKS2 (16001) ...  
INFO  @ Wed, 22 Feb 2023 16:56:00: Thread 0: Calculating WDHD1 (17001) ...  
INFO  @ Wed, 22 Feb 2023 16:56:04: Thread 0: Calculating ZYG11A (18001) ...  
INFO  @ Wed, 22 Feb 2023 16:56:04: Thread 0 completed. 
INFO  @ Wed, 22 Feb 2023 16:56:04: All threads completed. 
INFO  @ Wed, 22 Feb 2023 16:56:08: Permuting round 1 ... 
INFO  @ Wed, 22 Feb 2023 16:56:08: Thread 0 started. 
INFO  @ Wed, 22 Feb 2023 16:56:08: Thread 0: total 18006 instances. 
INFO  @ Wed, 22 Feb 2023 16:56:08: Thread 0: Calculating A1CF (1) ...  
INFO  @ Wed, 22 Feb 2023 16:56:12: Thread 0: Calculating ARNT2 (1001) ...  
INFO  @ Wed, 22 Feb 2023 16:56:17: Thread 0: Calculating C2orf44 (2001) ...  
INFO  @ Wed, 22 Feb 2023 16:56:21: Thread 0: Calculating CERS6 (3001) ...  
INFO  @ Wed, 22 Feb 2023 16:56:25: Thread 0: Calculating DBH (4001) ...  
INFO  @ Wed, 22 Feb 2023 16:56:30: Thread 0: Calculating ERCC6L2 (5001) ...  
INFO  @ Wed, 22 Feb 2023 16:56:34: Thread 0: Calculating GANC (6001) ...  
INFO  @ Wed, 22 Feb 2023 16:56:38: Thread 0: Calculating HMBS (7001) ...  
INFO  @ Wed, 22 Feb 2023 16:56:43: Thread 0: Calculating KIAA1147 (8001) ...  
INFO  @ Wed, 22 Feb 2023 16:56:47: Thread 0: Calculating MAGOH (9001) ...  
INFO  @ Wed, 22 Feb 2023 16:56:51: Thread 0: Calculating NANOS3 (10001) ...  
INFO  @ Wed, 22 Feb 2023 16:56:56: Thread 0: Calculating PAXIP1 (11001) ...  
INFO  @ Wed, 22 Feb 2023 16:57:00: Thread 0: Calculating PRG4 (12001) ...  
INFO  @ Wed, 22 Feb 2023 16:57:05: Thread 0: Calculating RNF151 (13001) ...  
INFO  @ Wed, 22 Feb 2023 16:57:09: Thread 0: Calculating SLC25A11 (14001) ...  
INFO  @ Wed, 22 Feb 2023 16:57:13: Thread 0: Calculating SUMO4 (15001) ...  
INFO  @ Wed, 22 Feb 2023 16:57:18: Thread 0: Calculating TNKS2 (16001) ...  
INFO  @ Wed, 22 Feb 2023 16:57:22: Thread 0: Calculating WDHD1 (17001) ...  
INFO  @ Wed, 22 Feb 2023 16:57:27: Thread 0: Calculating ZYG11A (18001) ...  
INFO  @ Wed, 22 Feb 2023 16:57:27: Thread 0 completed. 
INFO  @ Wed, 22 Feb 2023 16:57:27: All threads completed. 
INFO  @ Wed, 22 Feb 2023 16:57:30: Assigning p values... 
INFO  @ Wed, 22 Feb 2023 16:57:30: Permuting groups of gene with 13 sgRNAs per gene. Group progress: 13/22 
INFO  @ Wed, 22 Feb 2023 16:57:30: Start permuting 2 rounds ... 
INFO  @ Wed, 22 Feb 2023 16:57:30: Collecting 90025 sgRNAs from 18006 genes. 
INFO  @ Wed, 22 Feb 2023 16:57:32: Permuting round 0 ... 
INFO  @ Wed, 22 Feb 2023 16:57:32: Thread 0 started. 
INFO  @ Wed, 22 Feb 2023 16:57:32: Thread 0: total 18006 instances. 
INFO  @ Wed, 22 Feb 2023 16:57:32: Thread 0: Calculating A1CF (1) ...  
INFO  @ Wed, 22 Feb 2023 16:57:37: Thread 0: Calculating ARNT2 (1001) ...  
INFO  @ Wed, 22 Feb 2023 16:57:41: Thread 0: Calculating C2orf44 (2001) ...  
INFO  @ Wed, 22 Feb 2023 16:57:46: Thread 0: Calculating CERS6 (3001) ...  
INFO  @ Wed, 22 Feb 2023 16:57:50: Thread 0: Calculating DBH (4001) ...  
INFO  @ Wed, 22 Feb 2023 16:57:54: Thread 0: Calculating ERCC6L2 (5001) ...  
INFO  @ Wed, 22 Feb 2023 16:57:59: Thread 0: Calculating GANC (6001) ...  
INFO  @ Wed, 22 Feb 2023 16:58:03: Thread 0: Calculating HMBS (7001) ...  
INFO  @ Wed, 22 Feb 2023 16:58:08: Thread 0: Calculating KIAA1147 (8001) ...  
INFO  @ Wed, 22 Feb 2023 16:58:13: Thread 0: Calculating MAGOH (9001) ...  
INFO  @ Wed, 22 Feb 2023 16:58:17: Thread 0: Calculating NANOS3 (10001) ...  
INFO  @ Wed, 22 Feb 2023 16:58:21: Thread 0: Calculating PAXIP1 (11001) ...  
INFO  @ Wed, 22 Feb 2023 16:58:26: Thread 0: Calculating PRG4 (12001) ...  
INFO  @ Wed, 22 Feb 2023 16:58:30: Thread 0: Calculating RNF151 (13001) ...  
INFO  @ Wed, 22 Feb 2023 16:58:35: Thread 0: Calculating SLC25A11 (14001) ...  
INFO  @ Wed, 22 Feb 2023 16:58:39: Thread 0: Calculating SUMO4 (15001) ...  
INFO  @ Wed, 22 Feb 2023 16:58:44: Thread 0: Calculating TNKS2 (16001) ...  
INFO  @ Wed, 22 Feb 2023 16:58:48: Thread 0: Calculating WDHD1 (17001) ...  
INFO  @ Wed, 22 Feb 2023 16:58:53: Thread 0: Calculating ZYG11A (18001) ...  
INFO  @ Wed, 22 Feb 2023 16:58:53: Thread 0 completed. 
INFO  @ Wed, 22 Feb 2023 16:58:53: All threads completed. 
INFO  @ Wed, 22 Feb 2023 16:58:56: Permuting round 1 ... 
INFO  @ Wed, 22 Feb 2023 16:58:56: Thread 0 started. 
INFO  @ Wed, 22 Feb 2023 16:58:56: Thread 0: total 18006 instances. 
INFO  @ Wed, 22 Feb 2023 16:58:56: Thread 0: Calculating A1CF (1) ...  
INFO  @ Wed, 22 Feb 2023 16:59:01: Thread 0: Calculating ARNT2 (1001) ...  
INFO  @ Wed, 22 Feb 2023 16:59:05: Thread 0: Calculating C2orf44 (2001) ...  
INFO  @ Wed, 22 Feb 2023 16:59:10: Thread 0: Calculating CERS6 (3001) ...  
INFO  @ Wed, 22 Feb 2023 16:59:14: Thread 0: Calculating DBH (4001) ...  
INFO  @ Wed, 22 Feb 2023 16:59:19: Thread 0: Calculating ERCC6L2 (5001) ...  
INFO  @ Wed, 22 Feb 2023 16:59:23: Thread 0: Calculating GANC (6001) ...  
INFO  @ Wed, 22 Feb 2023 16:59:28: Thread 0: Calculating HMBS (7001) ...  
INFO  @ Wed, 22 Feb 2023 16:59:33: Thread 0: Calculating KIAA1147 (8001) ...  
INFO  @ Wed, 22 Feb 2023 16:59:37: Thread 0: Calculating MAGOH (9001) ...  
INFO  @ Wed, 22 Feb 2023 16:59:42: Thread 0: Calculating NANOS3 (10001) ...  
INFO  @ Wed, 22 Feb 2023 16:59:46: Thread 0: Calculating PAXIP1 (11001) ...  
INFO  @ Wed, 22 Feb 2023 16:59:51: Thread 0: Calculating PRG4 (12001) ...  
INFO  @ Wed, 22 Feb 2023 16:59:55: Thread 0: Calculating RNF151 (13001) ...  
INFO  @ Wed, 22 Feb 2023 17:00:00: Thread 0: Calculating SLC25A11 (14001) ...  
INFO  @ Wed, 22 Feb 2023 17:00:04: Thread 0: Calculating SUMO4 (15001) ...  
INFO  @ Wed, 22 Feb 2023 17:00:09: Thread 0: Calculating TNKS2 (16001) ...  
INFO  @ Wed, 22 Feb 2023 17:00:13: Thread 0: Calculating WDHD1 (17001) ...  
INFO  @ Wed, 22 Feb 2023 17:00:18: Thread 0: Calculating ZYG11A (18001) ...  
INFO  @ Wed, 22 Feb 2023 17:00:18: Thread 0 completed. 
INFO  @ Wed, 22 Feb 2023 17:00:18: All threads completed. 
INFO  @ Wed, 22 Feb 2023 17:00:21: Assigning p values... 
INFO  @ Wed, 22 Feb 2023 17:00:21: Permuting groups of gene with 14 sgRNAs per gene. Group progress: 14/22 
INFO  @ Wed, 22 Feb 2023 17:00:21: Start permuting 2 rounds ... 
INFO  @ Wed, 22 Feb 2023 17:00:22: Collecting 90025 sgRNAs from 18006 genes. 
INFO  @ Wed, 22 Feb 2023 17:00:23: Permuting round 0 ... 
INFO  @ Wed, 22 Feb 2023 17:00:23: Thread 0 started. 
INFO  @ Wed, 22 Feb 2023 17:00:23: Thread 0: total 18006 instances. 
INFO  @ Wed, 22 Feb 2023 17:00:23: Thread 0: Calculating A1CF (1) ...  
INFO  @ Wed, 22 Feb 2023 17:00:28: Thread 0: Calculating ARNT2 (1001) ...  
INFO  @ Wed, 22 Feb 2023 17:00:32: Thread 0: Calculating C2orf44 (2001) ...  
INFO  @ Wed, 22 Feb 2023 17:00:37: Thread 0: Calculating CERS6 (3001) ...  
INFO  @ Wed, 22 Feb 2023 17:00:42: Thread 0: Calculating DBH (4001) ...  
INFO  @ Wed, 22 Feb 2023 17:00:46: Thread 0: Calculating ERCC6L2 (5001) ...  
INFO  @ Wed, 22 Feb 2023 17:00:51: Thread 0: Calculating GANC (6001) ...  
INFO  @ Wed, 22 Feb 2023 17:00:55: Thread 0: Calculating HMBS (7001) ...  
INFO  @ Wed, 22 Feb 2023 17:01:00: Thread 0: Calculating KIAA1147 (8001) ...  
INFO  @ Wed, 22 Feb 2023 17:01:04: Thread 0: Calculating MAGOH (9001) ...  
INFO  @ Wed, 22 Feb 2023 17:01:09: Thread 0: Calculating NANOS3 (10001) ...  
INFO  @ Wed, 22 Feb 2023 17:01:14: Thread 0: Calculating PAXIP1 (11001) ...  
INFO  @ Wed, 22 Feb 2023 17:01:19: Thread 0: Calculating PRG4 (12001) ...  
INFO  @ Wed, 22 Feb 2023 17:01:23: Thread 0: Calculating RNF151 (13001) ...  
INFO  @ Wed, 22 Feb 2023 17:01:28: Thread 0: Calculating SLC25A11 (14001) ...  
INFO  @ Wed, 22 Feb 2023 17:01:32: Thread 0: Calculating SUMO4 (15001) ...  
INFO  @ Wed, 22 Feb 2023 17:01:37: Thread 0: Calculating TNKS2 (16001) ...  
INFO  @ Wed, 22 Feb 2023 17:01:41: Thread 0: Calculating WDHD1 (17001) ...  
INFO  @ Wed, 22 Feb 2023 17:01:46: Thread 0: Calculating ZYG11A (18001) ...  
INFO  @ Wed, 22 Feb 2023 17:01:46: Thread 0 completed. 
INFO  @ Wed, 22 Feb 2023 17:01:46: All threads completed. 
INFO  @ Wed, 22 Feb 2023 17:01:49: Permuting round 1 ... 
INFO  @ Wed, 22 Feb 2023 17:01:50: Thread 0 started. 
INFO  @ Wed, 22 Feb 2023 17:01:50: Thread 0: total 18006 instances. 
INFO  @ Wed, 22 Feb 2023 17:01:50: Thread 0: Calculating A1CF (1) ...  
INFO  @ Wed, 22 Feb 2023 17:01:54: Thread 0: Calculating ARNT2 (1001) ...  
INFO  @ Wed, 22 Feb 2023 17:01:59: Thread 0: Calculating C2orf44 (2001) ...  
INFO  @ Wed, 22 Feb 2023 17:02:04: Thread 0: Calculating CERS6 (3001) ...  
INFO  @ Wed, 22 Feb 2023 17:02:08: Thread 0: Calculating DBH (4001) ...  
INFO  @ Wed, 22 Feb 2023 17:02:13: Thread 0: Calculating ERCC6L2 (5001) ...  
INFO  @ Wed, 22 Feb 2023 17:02:18: Thread 0: Calculating GANC (6001) ...  
INFO  @ Wed, 22 Feb 2023 17:02:22: Thread 0: Calculating HMBS (7001) ...  
INFO  @ Wed, 22 Feb 2023 17:02:27: Thread 0: Calculating KIAA1147 (8001) ...  
INFO  @ Wed, 22 Feb 2023 17:02:32: Thread 0: Calculating MAGOH (9001) ...  
INFO  @ Wed, 22 Feb 2023 17:02:36: Thread 0: Calculating NANOS3 (10001) ...  
INFO  @ Wed, 22 Feb 2023 17:02:41: Thread 0: Calculating PAXIP1 (11001) ...  
INFO  @ Wed, 22 Feb 2023 17:02:46: Thread 0: Calculating PRG4 (12001) ...  
INFO  @ Wed, 22 Feb 2023 17:02:50: Thread 0: Calculating RNF151 (13001) ...  
INFO  @ Wed, 22 Feb 2023 17:02:55: Thread 0: Calculating SLC25A11 (14001) ...  
INFO  @ Wed, 22 Feb 2023 17:02:59: Thread 0: Calculating SUMO4 (15001) ...  
INFO  @ Wed, 22 Feb 2023 17:03:04: Thread 0: Calculating TNKS2 (16001) ...  
INFO  @ Wed, 22 Feb 2023 17:03:09: Thread 0: Calculating WDHD1 (17001) ...  
INFO  @ Wed, 22 Feb 2023 17:03:13: Thread 0: Calculating ZYG11A (18001) ...  
INFO  @ Wed, 22 Feb 2023 17:03:13: Thread 0 completed. 
INFO  @ Wed, 22 Feb 2023 17:03:13: All threads completed. 
INFO  @ Wed, 22 Feb 2023 17:03:17: Assigning p values... 
INFO  @ Wed, 22 Feb 2023 17:03:17: Permuting groups of gene with 15 sgRNAs per gene. Group progress: 15/22 
INFO  @ Wed, 22 Feb 2023 17:03:17: Start permuting 2 rounds ... 
INFO  @ Wed, 22 Feb 2023 17:03:17: Collecting 90025 sgRNAs from 18006 genes. 
INFO  @ Wed, 22 Feb 2023 17:03:18: Permuting round 0 ... 
INFO  @ Wed, 22 Feb 2023 17:03:19: Thread 0 started. 
INFO  @ Wed, 22 Feb 2023 17:03:19: Thread 0: total 18006 instances. 
INFO  @ Wed, 22 Feb 2023 17:03:19: Thread 0: Calculating A1CF (1) ...  
INFO  @ Wed, 22 Feb 2023 17:03:24: Thread 0: Calculating ARNT2 (1001) ...  
INFO  @ Wed, 22 Feb 2023 17:03:29: Thread 0: Calculating C2orf44 (2001) ...  
INFO  @ Wed, 22 Feb 2023 17:03:33: Thread 0: Calculating CERS6 (3001) ...  
INFO  @ Wed, 22 Feb 2023 17:03:38: Thread 0: Calculating DBH (4001) ...  
INFO  @ Wed, 22 Feb 2023 17:03:43: Thread 0: Calculating ERCC6L2 (5001) ...  
INFO  @ Wed, 22 Feb 2023 17:03:47: Thread 0: Calculating GANC (6001) ...  
INFO  @ Wed, 22 Feb 2023 17:03:52: Thread 0: Calculating HMBS (7001) ...  
INFO  @ Wed, 22 Feb 2023 17:03:57: Thread 0: Calculating KIAA1147 (8001) ...  
INFO  @ Wed, 22 Feb 2023 17:04:01: Thread 0: Calculating MAGOH (9001) ...  
INFO  @ Wed, 22 Feb 2023 17:04:06: Thread 0: Calculating NANOS3 (10001) ...  
INFO  @ Wed, 22 Feb 2023 17:04:11: Thread 0: Calculating PAXIP1 (11001) ...  
INFO  @ Wed, 22 Feb 2023 17:04:16: Thread 0: Calculating PRG4 (12001) ...  
INFO  @ Wed, 22 Feb 2023 17:04:20: Thread 0: Calculating RNF151 (13001) ...  
INFO  @ Wed, 22 Feb 2023 17:04:25: Thread 0: Calculating SLC25A11 (14001) ...  
INFO  @ Wed, 22 Feb 2023 17:04:30: Thread 0: Calculating SUMO4 (15001) ...  
INFO  @ Wed, 22 Feb 2023 17:04:35: Thread 0: Calculating TNKS2 (16001) ...  
INFO  @ Wed, 22 Feb 2023 17:04:39: Thread 0: Calculating WDHD1 (17001) ...  
INFO  @ Wed, 22 Feb 2023 17:04:44: Thread 0: Calculating ZYG11A (18001) ...  
INFO  @ Wed, 22 Feb 2023 17:04:44: Thread 0 completed. 
INFO  @ Wed, 22 Feb 2023 17:04:44: All threads completed. 
INFO  @ Wed, 22 Feb 2023 17:04:47: Permuting round 1 ... 
INFO  @ Wed, 22 Feb 2023 17:04:48: Thread 0 started. 
INFO  @ Wed, 22 Feb 2023 17:04:48: Thread 0: total 18006 instances. 
INFO  @ Wed, 22 Feb 2023 17:04:48: Thread 0: Calculating A1CF (1) ...  
INFO  @ Wed, 22 Feb 2023 17:04:53: Thread 0: Calculating ARNT2 (1001) ...  
INFO  @ Wed, 22 Feb 2023 17:04:57: Thread 0: Calculating C2orf44 (2001) ...  
INFO  @ Wed, 22 Feb 2023 17:05:02: Thread 0: Calculating CERS6 (3001) ...  
INFO  @ Wed, 22 Feb 2023 17:05:07: Thread 0: Calculating DBH (4001) ...  
INFO  @ Wed, 22 Feb 2023 17:05:12: Thread 0: Calculating ERCC6L2 (5001) ...  
INFO  @ Wed, 22 Feb 2023 17:05:16: Thread 0: Calculating GANC (6001) ...  
INFO  @ Wed, 22 Feb 2023 17:05:21: Thread 0: Calculating HMBS (7001) ...  
INFO  @ Wed, 22 Feb 2023 17:05:26: Thread 0: Calculating KIAA1147 (8001) ...  
INFO  @ Wed, 22 Feb 2023 17:05:31: Thread 0: Calculating MAGOH (9001) ...  
INFO  @ Wed, 22 Feb 2023 17:05:35: Thread 0: Calculating NANOS3 (10001) ...  
INFO  @ Wed, 22 Feb 2023 17:05:40: Thread 0: Calculating PAXIP1 (11001) ...  
INFO  @ Wed, 22 Feb 2023 17:05:45: Thread 0: Calculating PRG4 (12001) ...  
INFO  @ Wed, 22 Feb 2023 17:05:50: Thread 0: Calculating RNF151 (13001) ...  
INFO  @ Wed, 22 Feb 2023 17:05:54: Thread 0: Calculating SLC25A11 (14001) ...  
INFO  @ Wed, 22 Feb 2023 17:05:59: Thread 0: Calculating SUMO4 (15001) ...  
INFO  @ Wed, 22 Feb 2023 17:06:04: Thread 0: Calculating TNKS2 (16001) ...  
INFO  @ Wed, 22 Feb 2023 17:06:09: Thread 0: Calculating WDHD1 (17001) ...  
INFO  @ Wed, 22 Feb 2023 17:06:14: Thread 0: Calculating ZYG11A (18001) ...  
INFO  @ Wed, 22 Feb 2023 17:06:14: Thread 0 completed. 
INFO  @ Wed, 22 Feb 2023 17:06:14: All threads completed. 
INFO  @ Wed, 22 Feb 2023 17:06:17: Assigning p values... 
INFO  @ Wed, 22 Feb 2023 17:06:18: Permuting groups of gene with 16 sgRNAs per gene. Group progress: 16/22 
INFO  @ Wed, 22 Feb 2023 17:06:18: Start permuting 2 rounds ... 
INFO  @ Wed, 22 Feb 2023 17:06:18: Collecting 90025 sgRNAs from 18006 genes. 
INFO  @ Wed, 22 Feb 2023 17:06:19: Permuting round 0 ... 
INFO  @ Wed, 22 Feb 2023 17:06:19: Thread 0 started. 
INFO  @ Wed, 22 Feb 2023 17:06:19: Thread 0: total 18006 instances. 
INFO  @ Wed, 22 Feb 2023 17:06:19: Thread 0: Calculating A1CF (1) ...  
INFO  @ Wed, 22 Feb 2023 17:06:24: Thread 0: Calculating ARNT2 (1001) ...  
INFO  @ Wed, 22 Feb 2023 17:06:29: Thread 0: Calculating C2orf44 (2001) ...  
INFO  @ Wed, 22 Feb 2023 17:06:34: Thread 0: Calculating CERS6 (3001) ...  
INFO  @ Wed, 22 Feb 2023 17:06:39: Thread 0: Calculating DBH (4001) ...  
INFO  @ Wed, 22 Feb 2023 17:06:44: Thread 0: Calculating ERCC6L2 (5001) ...  
INFO  @ Wed, 22 Feb 2023 17:06:49: Thread 0: Calculating GANC (6001) ...  
INFO  @ Wed, 22 Feb 2023 17:06:54: Thread 0: Calculating HMBS (7001) ...  
INFO  @ Wed, 22 Feb 2023 17:06:58: Thread 0: Calculating KIAA1147 (8001) ...  
INFO  @ Wed, 22 Feb 2023 17:07:03: Thread 0: Calculating MAGOH (9001) ...  
INFO  @ Wed, 22 Feb 2023 17:07:08: Thread 0: Calculating NANOS3 (10001) ...  
INFO  @ Wed, 22 Feb 2023 17:07:13: Thread 0: Calculating PAXIP1 (11001) ...  
INFO  @ Wed, 22 Feb 2023 17:07:18: Thread 0: Calculating PRG4 (12001) ...  
INFO  @ Wed, 22 Feb 2023 17:07:23: Thread 0: Calculating RNF151 (13001) ...  
INFO  @ Wed, 22 Feb 2023 17:07:28: Thread 0: Calculating SLC25A11 (14001) ...  
INFO  @ Wed, 22 Feb 2023 17:07:33: Thread 0: Calculating SUMO4 (15001) ...  
INFO  @ Wed, 22 Feb 2023 17:07:38: Thread 0: Calculating TNKS2 (16001) ...  
INFO  @ Wed, 22 Feb 2023 17:07:42: Thread 0: Calculating WDHD1 (17001) ...  
INFO  @ Wed, 22 Feb 2023 17:07:47: Thread 0: Calculating ZYG11A (18001) ...  
INFO  @ Wed, 22 Feb 2023 17:07:47: Thread 0 completed. 
INFO  @ Wed, 22 Feb 2023 17:07:47: All threads completed. 
INFO  @ Wed, 22 Feb 2023 17:07:51: Permuting round 1 ... 
INFO  @ Wed, 22 Feb 2023 17:07:51: Thread 0 started. 
INFO  @ Wed, 22 Feb 2023 17:07:51: Thread 0: total 18006 instances. 
INFO  @ Wed, 22 Feb 2023 17:07:51: Thread 0: Calculating A1CF (1) ...  
INFO  @ Wed, 22 Feb 2023 17:07:56: Thread 0: Calculating ARNT2 (1001) ...  
INFO  @ Wed, 22 Feb 2023 17:08:01: Thread 0: Calculating C2orf44 (2001) ...  
INFO  @ Wed, 22 Feb 2023 17:08:06: Thread 0: Calculating CERS6 (3001) ...  
INFO  @ Wed, 22 Feb 2023 17:08:11: Thread 0: Calculating DBH (4001) ...  
INFO  @ Wed, 22 Feb 2023 17:08:16: Thread 0: Calculating ERCC6L2 (5001) ...  
INFO  @ Wed, 22 Feb 2023 17:08:21: Thread 0: Calculating GANC (6001) ...  
INFO  @ Wed, 22 Feb 2023 17:08:26: Thread 0: Calculating HMBS (7001) ...  
INFO  @ Wed, 22 Feb 2023 17:08:31: Thread 0: Calculating KIAA1147 (8001) ...  
INFO  @ Wed, 22 Feb 2023 17:08:36: Thread 0: Calculating MAGOH (9001) ...  
INFO  @ Wed, 22 Feb 2023 17:08:41: Thread 0: Calculating NANOS3 (10001) ...  
INFO  @ Wed, 22 Feb 2023 17:08:46: Thread 0: Calculating PAXIP1 (11001) ...  
INFO  @ Wed, 22 Feb 2023 17:08:51: Thread 0: Calculating PRG4 (12001) ...  
INFO  @ Wed, 22 Feb 2023 17:08:56: Thread 0: Calculating RNF151 (13001) ...  
INFO  @ Wed, 22 Feb 2023 17:09:01: Thread 0: Calculating SLC25A11 (14001) ...  
INFO  @ Wed, 22 Feb 2023 17:09:06: Thread 0: Calculating SUMO4 (15001) ...  
INFO  @ Wed, 22 Feb 2023 17:09:11: Thread 0: Calculating TNKS2 (16001) ...  
INFO  @ Wed, 22 Feb 2023 17:09:16: Thread 0: Calculating WDHD1 (17001) ...  
INFO  @ Wed, 22 Feb 2023 17:09:21: Thread 0: Calculating ZYG11A (18001) ...  
INFO  @ Wed, 22 Feb 2023 17:09:21: Thread 0 completed. 
INFO  @ Wed, 22 Feb 2023 17:09:21: All threads completed. 
INFO  @ Wed, 22 Feb 2023 17:09:24: Assigning p values... 
INFO  @ Wed, 22 Feb 2023 17:09:24: Permuting groups of gene with 17 sgRNAs per gene. Group progress: 17/22 
INFO  @ Wed, 22 Feb 2023 17:09:24: Start permuting 2 rounds ... 
INFO  @ Wed, 22 Feb 2023 17:09:25: Collecting 90025 sgRNAs from 18006 genes. 
INFO  @ Wed, 22 Feb 2023 17:09:26: Permuting round 0 ... 
INFO  @ Wed, 22 Feb 2023 17:09:26: Thread 0 started. 
INFO  @ Wed, 22 Feb 2023 17:09:26: Thread 0: total 18006 instances. 
INFO  @ Wed, 22 Feb 2023 17:09:26: Thread 0: Calculating A1CF (1) ...  
INFO  @ Wed, 22 Feb 2023 17:09:31: Thread 0: Calculating ARNT2 (1001) ...  
INFO  @ Wed, 22 Feb 2023 17:09:37: Thread 0: Calculating C2orf44 (2001) ...  
INFO  @ Wed, 22 Feb 2023 17:09:42: Thread 0: Calculating CERS6 (3001) ...  
INFO  @ Wed, 22 Feb 2023 17:09:47: Thread 0: Calculating DBH (4001) ...  
INFO  @ Wed, 22 Feb 2023 17:09:52: Thread 0: Calculating ERCC6L2 (5001) ...  
INFO  @ Wed, 22 Feb 2023 17:09:57: Thread 0: Calculating GANC (6001) ...  
INFO  @ Wed, 22 Feb 2023 17:10:02: Thread 0: Calculating HMBS (7001) ...  
INFO  @ Wed, 22 Feb 2023 17:10:07: Thread 0: Calculating KIAA1147 (8001) ...  
INFO  @ Wed, 22 Feb 2023 17:10:12: Thread 0: Calculating MAGOH (9001) ...  
INFO  @ Wed, 22 Feb 2023 17:10:17: Thread 0: Calculating NANOS3 (10001) ...  
INFO  @ Wed, 22 Feb 2023 17:10:22: Thread 0: Calculating PAXIP1 (11001) ...  
INFO  @ Wed, 22 Feb 2023 17:10:27: Thread 0: Calculating PRG4 (12001) ...  
INFO  @ Wed, 22 Feb 2023 17:10:32: Thread 0: Calculating RNF151 (13001) ...  
INFO  @ Wed, 22 Feb 2023 17:10:38: Thread 0: Calculating SLC25A11 (14001) ...  
INFO  @ Wed, 22 Feb 2023 17:10:43: Thread 0: Calculating SUMO4 (15001) ...  
INFO  @ Wed, 22 Feb 2023 17:10:48: Thread 0: Calculating TNKS2 (16001) ...  
INFO  @ Wed, 22 Feb 2023 17:10:53: Thread 0: Calculating WDHD1 (17001) ...  
INFO  @ Wed, 22 Feb 2023 17:10:58: Thread 0: Calculating ZYG11A (18001) ...  
INFO  @ Wed, 22 Feb 2023 17:10:58: Thread 0 completed. 
INFO  @ Wed, 22 Feb 2023 17:10:58: All threads completed. 
INFO  @ Wed, 22 Feb 2023 17:11:01: Permuting round 1 ... 
INFO  @ Wed, 22 Feb 2023 17:11:02: Thread 0 started. 
INFO  @ Wed, 22 Feb 2023 17:11:02: Thread 0: total 18006 instances. 
INFO  @ Wed, 22 Feb 2023 17:11:02: Thread 0: Calculating A1CF (1) ...  
INFO  @ Wed, 22 Feb 2023 17:11:07: Thread 0: Calculating ARNT2 (1001) ...  
INFO  @ Wed, 22 Feb 2023 17:11:12: Thread 0: Calculating C2orf44 (2001) ...  
INFO  @ Wed, 22 Feb 2023 17:11:17: Thread 0: Calculating CERS6 (3001) ...  
INFO  @ Wed, 22 Feb 2023 17:11:22: Thread 0: Calculating DBH (4001) ...  
INFO  @ Wed, 22 Feb 2023 17:11:27: Thread 0: Calculating ERCC6L2 (5001) ...  
INFO  @ Wed, 22 Feb 2023 17:11:32: Thread 0: Calculating GANC (6001) ...  
INFO  @ Wed, 22 Feb 2023 17:11:37: Thread 0: Calculating HMBS (7001) ...  
INFO  @ Wed, 22 Feb 2023 17:11:42: Thread 0: Calculating KIAA1147 (8001) ...  
INFO  @ Wed, 22 Feb 2023 17:11:48: Thread 0: Calculating MAGOH (9001) ...  
INFO  @ Wed, 22 Feb 2023 17:11:53: Thread 0: Calculating NANOS3 (10001) ...  
INFO  @ Wed, 22 Feb 2023 17:11:58: Thread 0: Calculating PAXIP1 (11001) ...  
INFO  @ Wed, 22 Feb 2023 17:12:03: Thread 0: Calculating PRG4 (12001) ...  
INFO  @ Wed, 22 Feb 2023 17:12:08: Thread 0: Calculating RNF151 (13001) ...  
INFO  @ Wed, 22 Feb 2023 17:12:13: Thread 0: Calculating SLC25A11 (14001) ...  
INFO  @ Wed, 22 Feb 2023 17:12:18: Thread 0: Calculating SUMO4 (15001) ...  
INFO  @ Wed, 22 Feb 2023 17:12:24: Thread 0: Calculating TNKS2 (16001) ...  
INFO  @ Wed, 22 Feb 2023 17:12:29: Thread 0: Calculating WDHD1 (17001) ...  
INFO  @ Wed, 22 Feb 2023 17:12:34: Thread 0: Calculating ZYG11A (18001) ...  
INFO  @ Wed, 22 Feb 2023 17:12:34: Thread 0 completed. 
INFO  @ Wed, 22 Feb 2023 17:12:34: All threads completed. 
INFO  @ Wed, 22 Feb 2023 17:12:37: Assigning p values... 
INFO  @ Wed, 22 Feb 2023 17:12:38: Permuting groups of gene with 18 sgRNAs per gene. Group progress: 18/22 
INFO  @ Wed, 22 Feb 2023 17:12:38: Start permuting 2 rounds ... 
INFO  @ Wed, 22 Feb 2023 17:12:38: Collecting 90025 sgRNAs from 18006 genes. 
INFO  @ Wed, 22 Feb 2023 17:12:39: Permuting round 0 ... 
INFO  @ Wed, 22 Feb 2023 17:12:40: Thread 0 started. 
INFO  @ Wed, 22 Feb 2023 17:12:40: Thread 0: total 18006 instances. 
INFO  @ Wed, 22 Feb 2023 17:12:40: Thread 0: Calculating A1CF (1) ...  
INFO  @ Wed, 22 Feb 2023 17:12:45: Thread 0: Calculating ARNT2 (1001) ...  
INFO  @ Wed, 22 Feb 2023 17:12:50: Thread 0: Calculating C2orf44 (2001) ...  
INFO  @ Wed, 22 Feb 2023 17:12:56: Thread 0: Calculating CERS6 (3001) ...  
INFO  @ Wed, 22 Feb 2023 17:13:01: Thread 0: Calculating DBH (4001) ...  
INFO  @ Wed, 22 Feb 2023 17:13:06: Thread 0: Calculating ERCC6L2 (5001) ...  
INFO  @ Wed, 22 Feb 2023 17:13:11: Thread 0: Calculating GANC (6001) ...  
INFO  @ Wed, 22 Feb 2023 17:13:16: Thread 0: Calculating HMBS (7001) ...  
INFO  @ Wed, 22 Feb 2023 17:13:22: Thread 0: Calculating KIAA1147 (8001) ...  
INFO  @ Wed, 22 Feb 2023 17:13:27: Thread 0: Calculating MAGOH (9001) ...  
INFO  @ Wed, 22 Feb 2023 17:13:32: Thread 0: Calculating NANOS3 (10001) ...  
INFO  @ Wed, 22 Feb 2023 17:13:37: Thread 0: Calculating PAXIP1 (11001) ...  
INFO  @ Wed, 22 Feb 2023 17:13:42: Thread 0: Calculating PRG4 (12001) ...  
INFO  @ Wed, 22 Feb 2023 17:13:48: Thread 0: Calculating RNF151 (13001) ...  
INFO  @ Wed, 22 Feb 2023 17:13:53: Thread 0: Calculating SLC25A11 (14001) ...  
INFO  @ Wed, 22 Feb 2023 17:13:58: Thread 0: Calculating SUMO4 (15001) ...  
INFO  @ Wed, 22 Feb 2023 17:14:04: Thread 0: Calculating TNKS2 (16001) ...  
INFO  @ Wed, 22 Feb 2023 17:14:09: Thread 0: Calculating WDHD1 (17001) ...  
INFO  @ Wed, 22 Feb 2023 17:14:14: Thread 0: Calculating ZYG11A (18001) ...  
INFO  @ Wed, 22 Feb 2023 17:14:14: Thread 0 completed. 
INFO  @ Wed, 22 Feb 2023 17:14:14: All threads completed. 
INFO  @ Wed, 22 Feb 2023 17:14:18: Permuting round 1 ... 
INFO  @ Wed, 22 Feb 2023 17:14:18: Thread 0 started. 
INFO  @ Wed, 22 Feb 2023 17:14:18: Thread 0: total 18006 instances. 
INFO  @ Wed, 22 Feb 2023 17:14:18: Thread 0: Calculating A1CF (1) ...  
INFO  @ Wed, 22 Feb 2023 17:14:24: Thread 0: Calculating ARNT2 (1001) ...  
INFO  @ Wed, 22 Feb 2023 17:14:29: Thread 0: Calculating C2orf44 (2001) ...  
INFO  @ Wed, 22 Feb 2023 17:14:34: Thread 0: Calculating CERS6 (3001) ...  
INFO  @ Wed, 22 Feb 2023 17:14:40: Thread 0: Calculating DBH (4001) ...  
INFO  @ Wed, 22 Feb 2023 17:14:45: Thread 0: Calculating ERCC6L2 (5001) ...  
INFO  @ Wed, 22 Feb 2023 17:14:51: Thread 0: Calculating GANC (6001) ...  
INFO  @ Wed, 22 Feb 2023 17:14:56: Thread 0: Calculating HMBS (7001) ...  
INFO  @ Wed, 22 Feb 2023 17:15:01: Thread 0: Calculating KIAA1147 (8001) ...  
INFO  @ Wed, 22 Feb 2023 17:15:07: Thread 0: Calculating MAGOH (9001) ...  
INFO  @ Wed, 22 Feb 2023 17:15:12: Thread 0: Calculating NANOS3 (10001) ...  
INFO  @ Wed, 22 Feb 2023 17:15:18: Thread 0: Calculating PAXIP1 (11001) ...  
INFO  @ Wed, 22 Feb 2023 17:15:23: Thread 0: Calculating PRG4 (12001) ...  
INFO  @ Wed, 22 Feb 2023 17:15:29: Thread 0: Calculating RNF151 (13001) ...  
INFO  @ Wed, 22 Feb 2023 17:15:34: Thread 0: Calculating SLC25A11 (14001) ...  
INFO  @ Wed, 22 Feb 2023 17:15:40: Thread 0: Calculating SUMO4 (15001) ...  
INFO  @ Wed, 22 Feb 2023 17:15:45: Thread 0: Calculating TNKS2 (16001) ...  
INFO  @ Wed, 22 Feb 2023 17:15:51: Thread 0: Calculating WDHD1 (17001) ...  
INFO  @ Wed, 22 Feb 2023 17:15:56: Thread 0: Calculating ZYG11A (18001) ...  
INFO  @ Wed, 22 Feb 2023 17:15:56: Thread 0 completed. 
INFO  @ Wed, 22 Feb 2023 17:15:56: All threads completed. 
INFO  @ Wed, 22 Feb 2023 17:16:00: Assigning p values... 
INFO  @ Wed, 22 Feb 2023 17:16:00: Permuting groups of gene with 19 sgRNAs per gene. Group progress: 19/22 
INFO  @ Wed, 22 Feb 2023 17:16:00: Start permuting 2 rounds ... 
INFO  @ Wed, 22 Feb 2023 17:16:00: Collecting 90025 sgRNAs from 18006 genes. 
INFO  @ Wed, 22 Feb 2023 17:16:01: Permuting round 0 ... 
INFO  @ Wed, 22 Feb 2023 17:16:02: Thread 0 started. 
INFO  @ Wed, 22 Feb 2023 17:16:02: Thread 0: total 18006 instances. 
INFO  @ Wed, 22 Feb 2023 17:16:02: Thread 0: Calculating A1CF (1) ...  
INFO  @ Wed, 22 Feb 2023 17:16:08: Thread 0: Calculating ARNT2 (1001) ...  
INFO  @ Wed, 22 Feb 2023 17:16:13: Thread 0: Calculating C2orf44 (2001) ...  
INFO  @ Wed, 22 Feb 2023 17:16:18: Thread 0: Calculating CERS6 (3001) ...  
INFO  @ Wed, 22 Feb 2023 17:16:24: Thread 0: Calculating DBH (4001) ...  
INFO  @ Wed, 22 Feb 2023 17:16:29: Thread 0: Calculating ERCC6L2 (5001) ...  
INFO  @ Wed, 22 Feb 2023 17:16:35: Thread 0: Calculating GANC (6001) ...  
INFO  @ Wed, 22 Feb 2023 17:16:40: Thread 0: Calculating HMBS (7001) ...  
INFO  @ Wed, 22 Feb 2023 17:16:46: Thread 0: Calculating KIAA1147 (8001) ...  
INFO  @ Wed, 22 Feb 2023 17:16:51: Thread 0: Calculating MAGOH (9001) ...  
INFO  @ Wed, 22 Feb 2023 17:16:57: Thread 0: Calculating NANOS3 (10001) ...  
INFO  @ Wed, 22 Feb 2023 17:17:02: Thread 0: Calculating PAXIP1 (11001) ...  
INFO  @ Wed, 22 Feb 2023 17:17:07: Thread 0: Calculating PRG4 (12001) ...  
INFO  @ Wed, 22 Feb 2023 17:17:13: Thread 0: Calculating RNF151 (13001) ...  
INFO  @ Wed, 22 Feb 2023 17:17:19: Thread 0: Calculating SLC25A11 (14001) ...  
INFO  @ Wed, 22 Feb 2023 17:17:24: Thread 0: Calculating SUMO4 (15001) ...  
INFO  @ Wed, 22 Feb 2023 17:17:29: Thread 0: Calculating TNKS2 (16001) ...  
INFO  @ Wed, 22 Feb 2023 17:17:35: Thread 0: Calculating WDHD1 (17001) ...  
INFO  @ Wed, 22 Feb 2023 17:17:40: Thread 0: Calculating ZYG11A (18001) ...  
INFO  @ Wed, 22 Feb 2023 17:17:40: Thread 0 completed. 
INFO  @ Wed, 22 Feb 2023 17:17:40: All threads completed. 
INFO  @ Wed, 22 Feb 2023 17:17:44: Permuting round 1 ... 
INFO  @ Wed, 22 Feb 2023 17:17:44: Thread 0 started. 
INFO  @ Wed, 22 Feb 2023 17:17:44: Thread 0: total 18006 instances. 
INFO  @ Wed, 22 Feb 2023 17:17:44: Thread 0: Calculating A1CF (1) ...  
INFO  @ Wed, 22 Feb 2023 17:17:50: Thread 0: Calculating ARNT2 (1001) ...  
INFO  @ Wed, 22 Feb 2023 17:17:56: Thread 0: Calculating C2orf44 (2001) ...  
INFO  @ Wed, 22 Feb 2023 17:18:01: Thread 0: Calculating CERS6 (3001) ...  
INFO  @ Wed, 22 Feb 2023 17:18:07: Thread 0: Calculating DBH (4001) ...  
INFO  @ Wed, 22 Feb 2023 17:18:12: Thread 0: Calculating ERCC6L2 (5001) ...  
INFO  @ Wed, 22 Feb 2023 17:18:18: Thread 0: Calculating GANC (6001) ...  
INFO  @ Wed, 22 Feb 2023 17:18:23: Thread 0: Calculating HMBS (7001) ...  
INFO  @ Wed, 22 Feb 2023 17:18:29: Thread 0: Calculating KIAA1147 (8001) ...  
INFO  @ Wed, 22 Feb 2023 17:18:34: Thread 0: Calculating MAGOH (9001) ...  
INFO  @ Wed, 22 Feb 2023 17:18:40: Thread 0: Calculating NANOS3 (10001) ...  
INFO  @ Wed, 22 Feb 2023 17:18:45: Thread 0: Calculating PAXIP1 (11001) ...  
INFO  @ Wed, 22 Feb 2023 17:18:51: Thread 0: Calculating PRG4 (12001) ...  
INFO  @ Wed, 22 Feb 2023 17:18:56: Thread 0: Calculating RNF151 (13001) ...  
INFO  @ Wed, 22 Feb 2023 17:19:02: Thread 0: Calculating SLC25A11 (14001) ...  
INFO  @ Wed, 22 Feb 2023 17:19:08: Thread 0: Calculating SUMO4 (15001) ...  
INFO  @ Wed, 22 Feb 2023 17:19:13: Thread 0: Calculating TNKS2 (16001) ...  
INFO  @ Wed, 22 Feb 2023 17:19:19: Thread 0: Calculating WDHD1 (17001) ...  
INFO  @ Wed, 22 Feb 2023 17:19:24: Thread 0: Calculating ZYG11A (18001) ...  
INFO  @ Wed, 22 Feb 2023 17:19:24: Thread 0 completed. 
INFO  @ Wed, 22 Feb 2023 17:19:24: All threads completed. 
INFO  @ Wed, 22 Feb 2023 17:19:28: Assigning p values... 
INFO  @ Wed, 22 Feb 2023 17:19:28: Permuting groups of gene with 22 sgRNAs per gene. Group progress: 20/22 
INFO  @ Wed, 22 Feb 2023 17:19:28: Start permuting 2 rounds ... 
INFO  @ Wed, 22 Feb 2023 17:19:28: Collecting 90025 sgRNAs from 18006 genes. 
INFO  @ Wed, 22 Feb 2023 17:19:30: Permuting round 0 ... 
INFO  @ Wed, 22 Feb 2023 17:19:30: Thread 0 started. 
INFO  @ Wed, 22 Feb 2023 17:19:30: Thread 0: total 18006 instances. 
INFO  @ Wed, 22 Feb 2023 17:19:30: Thread 0: Calculating A1CF (1) ...  
INFO  @ Wed, 22 Feb 2023 17:19:37: Thread 0: Calculating ARNT2 (1001) ...  
INFO  @ Wed, 22 Feb 2023 17:19:43: Thread 0: Calculating C2orf44 (2001) ...  
INFO  @ Wed, 22 Feb 2023 17:19:49: Thread 0: Calculating CERS6 (3001) ...  
INFO  @ Wed, 22 Feb 2023 17:19:55: Thread 0: Calculating DBH (4001) ...  
INFO  @ Wed, 22 Feb 2023 17:20:01: Thread 0: Calculating ERCC6L2 (5001) ...  
INFO  @ Wed, 22 Feb 2023 17:20:07: Thread 0: Calculating GANC (6001) ...  
INFO  @ Wed, 22 Feb 2023 17:20:14: Thread 0: Calculating HMBS (7001) ...  
INFO  @ Wed, 22 Feb 2023 17:20:20: Thread 0: Calculating KIAA1147 (8001) ...  
INFO  @ Wed, 22 Feb 2023 17:20:26: Thread 0: Calculating MAGOH (9001) ...  
INFO  @ Wed, 22 Feb 2023 17:20:33: Thread 0: Calculating NANOS3 (10001) ...  
INFO  @ Wed, 22 Feb 2023 17:20:39: Thread 0: Calculating PAXIP1 (11001) ...  
INFO  @ Wed, 22 Feb 2023 17:20:45: Thread 0: Calculating PRG4 (12001) ...  
INFO  @ Wed, 22 Feb 2023 17:20:51: Thread 0: Calculating RNF151 (13001) ...  
INFO  @ Wed, 22 Feb 2023 17:20:57: Thread 0: Calculating SLC25A11 (14001) ...  
INFO  @ Wed, 22 Feb 2023 17:21:03: Thread 0: Calculating SUMO4 (15001) ...  
INFO  @ Wed, 22 Feb 2023 17:21:09: Thread 0: Calculating TNKS2 (16001) ...  
INFO  @ Wed, 22 Feb 2023 17:21:16: Thread 0: Calculating WDHD1 (17001) ...  
INFO  @ Wed, 22 Feb 2023 17:21:22: Thread 0: Calculating ZYG11A (18001) ...  
INFO  @ Wed, 22 Feb 2023 17:21:22: Thread 0 completed. 
INFO  @ Wed, 22 Feb 2023 17:21:22: All threads completed. 
INFO  @ Wed, 22 Feb 2023 17:21:26: Permuting round 1 ... 
INFO  @ Wed, 22 Feb 2023 17:21:26: Thread 0 started. 
INFO  @ Wed, 22 Feb 2023 17:21:26: Thread 0: total 18006 instances. 
INFO  @ Wed, 22 Feb 2023 17:21:26: Thread 0: Calculating A1CF (1) ...  
INFO  @ Wed, 22 Feb 2023 17:21:33: Thread 0: Calculating ARNT2 (1001) ...  
INFO  @ Wed, 22 Feb 2023 17:21:39: Thread 0: Calculating C2orf44 (2001) ...  
INFO  @ Wed, 22 Feb 2023 17:21:45: Thread 0: Calculating CERS6 (3001) ...  
INFO  @ Wed, 22 Feb 2023 17:21:52: Thread 0: Calculating DBH (4001) ...  
INFO  @ Wed, 22 Feb 2023 17:21:58: Thread 0: Calculating ERCC6L2 (5001) ...  
INFO  @ Wed, 22 Feb 2023 17:22:04: Thread 0: Calculating GANC (6001) ...  
INFO  @ Wed, 22 Feb 2023 17:22:10: Thread 0: Calculating HMBS (7001) ...  
INFO  @ Wed, 22 Feb 2023 17:22:17: Thread 0: Calculating KIAA1147 (8001) ...  
INFO  @ Wed, 22 Feb 2023 17:22:23: Thread 0: Calculating MAGOH (9001) ...  
INFO  @ Wed, 22 Feb 2023 17:22:29: Thread 0: Calculating NANOS3 (10001) ...  
INFO  @ Wed, 22 Feb 2023 17:22:35: Thread 0: Calculating PAXIP1 (11001) ...  
INFO  @ Wed, 22 Feb 2023 17:22:41: Thread 0: Calculating PRG4 (12001) ...  
INFO  @ Wed, 22 Feb 2023 17:22:48: Thread 0: Calculating RNF151 (13001) ...  
INFO  @ Wed, 22 Feb 2023 17:22:54: Thread 0: Calculating SLC25A11 (14001) ...  
INFO  @ Wed, 22 Feb 2023 17:23:00: Thread 0: Calculating SUMO4 (15001) ...  
INFO  @ Wed, 22 Feb 2023 17:23:07: Thread 0: Calculating TNKS2 (16001) ...  
INFO  @ Wed, 22 Feb 2023 17:23:13: Thread 0: Calculating WDHD1 (17001) ...  
INFO  @ Wed, 22 Feb 2023 17:23:19: Thread 0: Calculating ZYG11A (18001) ...  
INFO  @ Wed, 22 Feb 2023 17:23:19: Thread 0 completed. 
INFO  @ Wed, 22 Feb 2023 17:23:19: All threads completed. 
INFO  @ Wed, 22 Feb 2023 17:23:23: Assigning p values... 
INFO  @ Wed, 22 Feb 2023 17:23:23: Permuting groups of gene with 23 sgRNAs per gene. Group progress: 21/22 
INFO  @ Wed, 22 Feb 2023 17:23:23: Start permuting 2 rounds ... 
INFO  @ Wed, 22 Feb 2023 17:23:24: Collecting 90025 sgRNAs from 18006 genes. 
INFO  @ Wed, 22 Feb 2023 17:23:25: Permuting round 0 ... 
INFO  @ Wed, 22 Feb 2023 17:23:26: Thread 0 started. 
INFO  @ Wed, 22 Feb 2023 17:23:26: Thread 0: total 18006 instances. 
INFO  @ Wed, 22 Feb 2023 17:23:26: Thread 0: Calculating A1CF (1) ...  
INFO  @ Wed, 22 Feb 2023 17:23:32: Thread 0: Calculating ARNT2 (1001) ...  
INFO  @ Wed, 22 Feb 2023 17:23:38: Thread 0: Calculating C2orf44 (2001) ...  
INFO  @ Wed, 22 Feb 2023 17:23:44: Thread 0: Calculating CERS6 (3001) ...  
INFO  @ Wed, 22 Feb 2023 17:23:51: Thread 0: Calculating DBH (4001) ...  
INFO  @ Wed, 22 Feb 2023 17:23:57: Thread 0: Calculating ERCC6L2 (5001) ...  
INFO  @ Wed, 22 Feb 2023 17:24:03: Thread 0: Calculating GANC (6001) ...  
INFO  @ Wed, 22 Feb 2023 17:24:09: Thread 0: Calculating HMBS (7001) ...  
INFO  @ Wed, 22 Feb 2023 17:24:16: Thread 0: Calculating KIAA1147 (8001) ...  
INFO  @ Wed, 22 Feb 2023 17:24:22: Thread 0: Calculating MAGOH (9001) ...  
INFO  @ Wed, 22 Feb 2023 17:24:28: Thread 0: Calculating NANOS3 (10001) ...  
INFO  @ Wed, 22 Feb 2023 17:24:34: Thread 0: Calculating PAXIP1 (11001) ...  
INFO  @ Wed, 22 Feb 2023 17:24:40: Thread 0: Calculating PRG4 (12001) ...  
INFO  @ Wed, 22 Feb 2023 17:24:47: Thread 0: Calculating RNF151 (13001) ...  
INFO  @ Wed, 22 Feb 2023 17:24:53: Thread 0: Calculating SLC25A11 (14001) ...  
INFO  @ Wed, 22 Feb 2023 17:24:59: Thread 0: Calculating SUMO4 (15001) ...  
INFO  @ Wed, 22 Feb 2023 17:25:06: Thread 0: Calculating TNKS2 (16001) ...  
INFO  @ Wed, 22 Feb 2023 17:25:12: Thread 0: Calculating WDHD1 (17001) ...  
INFO  @ Wed, 22 Feb 2023 17:25:18: Thread 0: Calculating ZYG11A (18001) ...  
INFO  @ Wed, 22 Feb 2023 17:25:18: Thread 0 completed. 
INFO  @ Wed, 22 Feb 2023 17:25:18: All threads completed. 
INFO  @ Wed, 22 Feb 2023 17:25:22: Permuting round 1 ... 
INFO  @ Wed, 22 Feb 2023 17:25:23: Thread 0 started. 
INFO  @ Wed, 22 Feb 2023 17:25:23: Thread 0: total 18006 instances. 
INFO  @ Wed, 22 Feb 2023 17:25:23: Thread 0: Calculating A1CF (1) ...  
INFO  @ Wed, 22 Feb 2023 17:25:29: Thread 0: Calculating ARNT2 (1001) ...  
INFO  @ Wed, 22 Feb 2023 17:25:35: Thread 0: Calculating C2orf44 (2001) ...  
INFO  @ Wed, 22 Feb 2023 17:25:42: Thread 0: Calculating CERS6 (3001) ...  
INFO  @ Wed, 22 Feb 2023 17:25:48: Thread 0: Calculating DBH (4001) ...  
INFO  @ Wed, 22 Feb 2023 17:25:55: Thread 0: Calculating ERCC6L2 (5001) ...  
INFO  @ Wed, 22 Feb 2023 17:26:01: Thread 0: Calculating GANC (6001) ...  
INFO  @ Wed, 22 Feb 2023 17:26:07: Thread 0: Calculating HMBS (7001) ...  
INFO  @ Wed, 22 Feb 2023 17:26:14: Thread 0: Calculating KIAA1147 (8001) ...  
INFO  @ Wed, 22 Feb 2023 17:26:20: Thread 0: Calculating MAGOH (9001) ...  
INFO  @ Wed, 22 Feb 2023 17:26:26: Thread 0: Calculating NANOS3 (10001) ...  
INFO  @ Wed, 22 Feb 2023 17:26:32: Thread 0: Calculating PAXIP1 (11001) ...  
INFO  @ Wed, 22 Feb 2023 17:26:39: Thread 0: Calculating PRG4 (12001) ...  
INFO  @ Wed, 22 Feb 2023 17:26:45: Thread 0: Calculating RNF151 (13001) ...  
INFO  @ Wed, 22 Feb 2023 17:26:51: Thread 0: Calculating SLC25A11 (14001) ...  
INFO  @ Wed, 22 Feb 2023 17:26:58: Thread 0: Calculating SUMO4 (15001) ...  
INFO  @ Wed, 22 Feb 2023 17:27:04: Thread 0: Calculating TNKS2 (16001) ...  
INFO  @ Wed, 22 Feb 2023 17:27:10: Thread 0: Calculating WDHD1 (17001) ...  
INFO  @ Wed, 22 Feb 2023 17:27:17: Thread 0: Calculating ZYG11A (18001) ...  
INFO  @ Wed, 22 Feb 2023 17:27:17: Thread 0 completed. 
INFO  @ Wed, 22 Feb 2023 17:27:17: All threads completed. 
INFO  @ Wed, 22 Feb 2023 17:27:21: Assigning p values... 
INFO  @ Wed, 22 Feb 2023 17:27:21: Permuting groups of gene with 26 sgRNAs per gene. Group progress: 22/22 
INFO  @ Wed, 22 Feb 2023 17:27:21: Start permuting 2 rounds ... 
INFO  @ Wed, 22 Feb 2023 17:27:21: Collecting 90025 sgRNAs from 18006 genes. 
INFO  @ Wed, 22 Feb 2023 17:27:22: Permuting round 0 ... 
INFO  @ Wed, 22 Feb 2023 17:27:23: Thread 0 started. 
INFO  @ Wed, 22 Feb 2023 17:27:23: Thread 0: total 18006 instances. 
INFO  @ Wed, 22 Feb 2023 17:27:23: Thread 0: Calculating A1CF (1) ...  
INFO  @ Wed, 22 Feb 2023 17:27:31: Thread 0: Calculating ARNT2 (1001) ...  
INFO  @ Wed, 22 Feb 2023 17:27:38: Thread 0: Calculating C2orf44 (2001) ...  
INFO  @ Wed, 22 Feb 2023 17:27:45: Thread 0: Calculating CERS6 (3001) ...  
INFO  @ Wed, 22 Feb 2023 17:27:52: Thread 0: Calculating DBH (4001) ...  
INFO  @ Wed, 22 Feb 2023 17:28:00: Thread 0: Calculating ERCC6L2 (5001) ...  
INFO  @ Wed, 22 Feb 2023 17:28:07: Thread 0: Calculating GANC (6001) ...  
INFO  @ Wed, 22 Feb 2023 17:28:14: Thread 0: Calculating HMBS (7001) ...  
INFO  @ Wed, 22 Feb 2023 17:28:21: Thread 0: Calculating KIAA1147 (8001) ...  
INFO  @ Wed, 22 Feb 2023 17:28:29: Thread 0: Calculating MAGOH (9001) ...  
INFO  @ Wed, 22 Feb 2023 17:28:36: Thread 0: Calculating NANOS3 (10001) ...  
INFO  @ Wed, 22 Feb 2023 17:28:43: Thread 0: Calculating PAXIP1 (11001) ...  
INFO  @ Wed, 22 Feb 2023 17:28:51: Thread 0: Calculating PRG4 (12001) ...  
INFO  @ Wed, 22 Feb 2023 17:28:58: Thread 0: Calculating RNF151 (13001) ...  
INFO  @ Wed, 22 Feb 2023 17:29:05: Thread 0: Calculating SLC25A11 (14001) ...  
INFO  @ Wed, 22 Feb 2023 17:29:12: Thread 0: Calculating SUMO4 (15001) ...  
INFO  @ Wed, 22 Feb 2023 17:29:19: Thread 0: Calculating TNKS2 (16001) ...  
INFO  @ Wed, 22 Feb 2023 17:29:27: Thread 0: Calculating WDHD1 (17001) ...  
INFO  @ Wed, 22 Feb 2023 17:29:34: Thread 0: Calculating ZYG11A (18001) ...  
INFO  @ Wed, 22 Feb 2023 17:29:34: Thread 0 completed. 
INFO  @ Wed, 22 Feb 2023 17:29:34: All threads completed. 
INFO  @ Wed, 22 Feb 2023 17:29:38: Permuting round 1 ... 
INFO  @ Wed, 22 Feb 2023 17:29:39: Thread 0 started. 
INFO  @ Wed, 22 Feb 2023 17:29:39: Thread 0: total 18006 instances. 
INFO  @ Wed, 22 Feb 2023 17:29:39: Thread 0: Calculating A1CF (1) ...  
INFO  @ Wed, 22 Feb 2023 17:29:46: Thread 0: Calculating ARNT2 (1001) ...  
INFO  @ Wed, 22 Feb 2023 17:29:54: Thread 0: Calculating C2orf44 (2001) ...  
INFO  @ Wed, 22 Feb 2023 17:30:01: Thread 0: Calculating CERS6 (3001) ...  
INFO  @ Wed, 22 Feb 2023 17:30:08: Thread 0: Calculating DBH (4001) ...  
INFO  @ Wed, 22 Feb 2023 17:30:16: Thread 0: Calculating ERCC6L2 (5001) ...  
INFO  @ Wed, 22 Feb 2023 17:30:23: Thread 0: Calculating GANC (6001) ...  
INFO  @ Wed, 22 Feb 2023 17:30:30: Thread 0: Calculating HMBS (7001) ...  
INFO  @ Wed, 22 Feb 2023 17:30:38: Thread 0: Calculating KIAA1147 (8001) ...  
INFO  @ Wed, 22 Feb 2023 17:30:45: Thread 0: Calculating MAGOH (9001) ...  
INFO  @ Wed, 22 Feb 2023 17:30:53: Thread 0: Calculating NANOS3 (10001) ...  
INFO  @ Wed, 22 Feb 2023 17:31:00: Thread 0: Calculating PAXIP1 (11001) ...  
INFO  @ Wed, 22 Feb 2023 17:31:07: Thread 0: Calculating PRG4 (12001) ...  
INFO  @ Wed, 22 Feb 2023 17:31:15: Thread 0: Calculating RNF151 (13001) ...  
INFO  @ Wed, 22 Feb 2023 17:31:22: Thread 0: Calculating SLC25A11 (14001) ...  
INFO  @ Wed, 22 Feb 2023 17:31:29: Thread 0: Calculating SUMO4 (15001) ...  
INFO  @ Wed, 22 Feb 2023 17:31:37: Thread 0: Calculating TNKS2 (16001) ...  
INFO  @ Wed, 22 Feb 2023 17:31:44: Thread 0: Calculating WDHD1 (17001) ...  
INFO  @ Wed, 22 Feb 2023 17:31:51: Thread 0: Calculating ZYG11A (18001) ...  
INFO  @ Wed, 22 Feb 2023 17:31:52: Thread 0 completed. 
INFO  @ Wed, 22 Feb 2023 17:31:52: All threads completed. 
INFO  @ Wed, 22 Feb 2023 17:31:56: Assigning p values... 
INFO  @ Wed, 22 Feb 2023 17:31:56: Writing gene results to MP46.gene_summary.txt 
INFO  @ Wed, 22 Feb 2023 17:31:56: Writing sgRNA results to MP46.sgrna_summary.txt 
